[2024-07-25T23:17:19.969+0000] {processor.py:161} INFO - Started process (PID=69) to work on /home/airflow/.local/lib/python3.12/site-packages/airflow/example_dags/example_branch_operator.py
[2024-07-25T23:17:19.972+0000] {processor.py:830} INFO - Processing file /home/airflow/.local/lib/python3.12/site-packages/airflow/example_dags/example_branch_operator.py for tasks to queue
[2024-07-25T23:17:19.974+0000] {logging_mixin.py:188} INFO - [2024-07-25T23:17:19.974+0000] {dagbag.py:545} INFO - Filling up the DagBag from /home/airflow/.local/lib/python3.12/site-packages/airflow/example_dags/example_branch_operator.py
[2024-07-25T23:17:20.053+0000] {processor.py:840} INFO - DAG(s) 'example_branch_operator' retrieved from /home/airflow/.local/lib/python3.12/site-packages/airflow/example_dags/example_branch_operator.py
[2024-07-25T23:17:20.341+0000] {logging_mixin.py:188} INFO - [2024-07-25T23:17:20.341+0000] {dag.py:3089} INFO - Sync 1 DAGs
[2024-07-25T23:17:20.485+0000] {logging_mixin.py:188} INFO - [2024-07-25T23:17:20.478+0000] {dag.py:3947} INFO - Setting next_dagrun for example_branch_operator to 2024-07-24 00:00:00+00:00, run_after=2024-07-25 00:00:00+00:00
[2024-07-25T23:17:20.571+0000] {processor.py:183} INFO - Processing /home/airflow/.local/lib/python3.12/site-packages/airflow/example_dags/example_branch_operator.py took 0.616 seconds
[2024-07-25T23:17:50.897+0000] {processor.py:161} INFO - Started process (PID=129) to work on /home/airflow/.local/lib/python3.12/site-packages/airflow/example_dags/example_branch_operator.py
[2024-07-25T23:17:50.900+0000] {processor.py:830} INFO - Processing file /home/airflow/.local/lib/python3.12/site-packages/airflow/example_dags/example_branch_operator.py for tasks to queue
[2024-07-25T23:17:50.904+0000] {logging_mixin.py:188} INFO - [2024-07-25T23:17:50.903+0000] {dagbag.py:545} INFO - Filling up the DagBag from /home/airflow/.local/lib/python3.12/site-packages/airflow/example_dags/example_branch_operator.py
[2024-07-25T23:17:50.923+0000] {processor.py:840} INFO - DAG(s) 'example_branch_operator' retrieved from /home/airflow/.local/lib/python3.12/site-packages/airflow/example_dags/example_branch_operator.py
[2024-07-25T23:17:51.026+0000] {logging_mixin.py:188} INFO - [2024-07-25T23:17:51.025+0000] {dag.py:3089} INFO - Sync 1 DAGs
[2024-07-25T23:17:51.041+0000] {logging_mixin.py:188} INFO - [2024-07-25T23:17:51.041+0000] {dag.py:3947} INFO - Setting next_dagrun for example_branch_operator to 2024-07-24 00:00:00+00:00, run_after=2024-07-25 00:00:00+00:00
[2024-07-25T23:17:51.060+0000] {processor.py:183} INFO - Processing /home/airflow/.local/lib/python3.12/site-packages/airflow/example_dags/example_branch_operator.py took 0.175 seconds
[2024-07-25T23:18:21.444+0000] {processor.py:161} INFO - Started process (PID=189) to work on /home/airflow/.local/lib/python3.12/site-packages/airflow/example_dags/example_branch_operator.py
[2024-07-25T23:18:21.445+0000] {processor.py:830} INFO - Processing file /home/airflow/.local/lib/python3.12/site-packages/airflow/example_dags/example_branch_operator.py for tasks to queue
[2024-07-25T23:18:21.447+0000] {logging_mixin.py:188} INFO - [2024-07-25T23:18:21.447+0000] {dagbag.py:545} INFO - Filling up the DagBag from /home/airflow/.local/lib/python3.12/site-packages/airflow/example_dags/example_branch_operator.py
[2024-07-25T23:18:21.469+0000] {processor.py:840} INFO - DAG(s) 'example_branch_operator' retrieved from /home/airflow/.local/lib/python3.12/site-packages/airflow/example_dags/example_branch_operator.py
[2024-07-25T23:18:21.499+0000] {logging_mixin.py:188} INFO - [2024-07-25T23:18:21.498+0000] {dag.py:3089} INFO - Sync 1 DAGs
[2024-07-25T23:18:21.516+0000] {logging_mixin.py:188} INFO - [2024-07-25T23:18:21.515+0000] {dag.py:3947} INFO - Setting next_dagrun for example_branch_operator to 2024-07-24 00:00:00+00:00, run_after=2024-07-25 00:00:00+00:00
[2024-07-25T23:18:21.528+0000] {processor.py:183} INFO - Processing /home/airflow/.local/lib/python3.12/site-packages/airflow/example_dags/example_branch_operator.py took 0.089 seconds
[2024-07-25T23:18:51.889+0000] {processor.py:161} INFO - Started process (PID=249) to work on /home/airflow/.local/lib/python3.12/site-packages/airflow/example_dags/example_branch_operator.py
[2024-07-25T23:18:51.890+0000] {processor.py:830} INFO - Processing file /home/airflow/.local/lib/python3.12/site-packages/airflow/example_dags/example_branch_operator.py for tasks to queue
[2024-07-25T23:18:51.891+0000] {logging_mixin.py:188} INFO - [2024-07-25T23:18:51.891+0000] {dagbag.py:545} INFO - Filling up the DagBag from /home/airflow/.local/lib/python3.12/site-packages/airflow/example_dags/example_branch_operator.py
[2024-07-25T23:18:51.902+0000] {processor.py:840} INFO - DAG(s) 'example_branch_operator' retrieved from /home/airflow/.local/lib/python3.12/site-packages/airflow/example_dags/example_branch_operator.py
[2024-07-25T23:18:51.926+0000] {logging_mixin.py:188} INFO - [2024-07-25T23:18:51.926+0000] {dag.py:3089} INFO - Sync 1 DAGs
[2024-07-25T23:18:51.946+0000] {logging_mixin.py:188} INFO - [2024-07-25T23:18:51.946+0000] {dag.py:3947} INFO - Setting next_dagrun for example_branch_operator to 2024-07-24 00:00:00+00:00, run_after=2024-07-25 00:00:00+00:00
[2024-07-25T23:18:51.967+0000] {processor.py:183} INFO - Processing /home/airflow/.local/lib/python3.12/site-packages/airflow/example_dags/example_branch_operator.py took 0.083 seconds
[2024-07-25T23:19:22.251+0000] {processor.py:161} INFO - Started process (PID=309) to work on /home/airflow/.local/lib/python3.12/site-packages/airflow/example_dags/example_branch_operator.py
[2024-07-25T23:19:22.252+0000] {processor.py:830} INFO - Processing file /home/airflow/.local/lib/python3.12/site-packages/airflow/example_dags/example_branch_operator.py for tasks to queue
[2024-07-25T23:19:22.254+0000] {logging_mixin.py:188} INFO - [2024-07-25T23:19:22.254+0000] {dagbag.py:545} INFO - Filling up the DagBag from /home/airflow/.local/lib/python3.12/site-packages/airflow/example_dags/example_branch_operator.py
[2024-07-25T23:19:22.265+0000] {processor.py:840} INFO - DAG(s) 'example_branch_operator' retrieved from /home/airflow/.local/lib/python3.12/site-packages/airflow/example_dags/example_branch_operator.py
[2024-07-25T23:19:22.284+0000] {logging_mixin.py:188} INFO - [2024-07-25T23:19:22.284+0000] {dag.py:3089} INFO - Sync 1 DAGs
[2024-07-25T23:19:22.298+0000] {logging_mixin.py:188} INFO - [2024-07-25T23:19:22.298+0000] {dag.py:3947} INFO - Setting next_dagrun for example_branch_operator to 2024-07-24 00:00:00+00:00, run_after=2024-07-25 00:00:00+00:00
[2024-07-25T23:19:22.311+0000] {processor.py:183} INFO - Processing /home/airflow/.local/lib/python3.12/site-packages/airflow/example_dags/example_branch_operator.py took 0.065 seconds
[2024-07-25T23:19:52.997+0000] {processor.py:161} INFO - Started process (PID=369) to work on /home/airflow/.local/lib/python3.12/site-packages/airflow/example_dags/example_branch_operator.py
[2024-07-25T23:19:53.000+0000] {processor.py:830} INFO - Processing file /home/airflow/.local/lib/python3.12/site-packages/airflow/example_dags/example_branch_operator.py for tasks to queue
[2024-07-25T23:19:53.004+0000] {logging_mixin.py:188} INFO - [2024-07-25T23:19:53.004+0000] {dagbag.py:545} INFO - Filling up the DagBag from /home/airflow/.local/lib/python3.12/site-packages/airflow/example_dags/example_branch_operator.py
[2024-07-25T23:19:53.056+0000] {processor.py:840} INFO - DAG(s) 'example_branch_operator' retrieved from /home/airflow/.local/lib/python3.12/site-packages/airflow/example_dags/example_branch_operator.py
[2024-07-25T23:19:53.117+0000] {logging_mixin.py:188} INFO - [2024-07-25T23:19:53.117+0000] {dag.py:3089} INFO - Sync 1 DAGs
[2024-07-25T23:19:53.186+0000] {logging_mixin.py:188} INFO - [2024-07-25T23:19:53.186+0000] {dag.py:3947} INFO - Setting next_dagrun for example_branch_operator to 2024-07-24 00:00:00+00:00, run_after=2024-07-25 00:00:00+00:00
[2024-07-25T23:19:53.246+0000] {processor.py:183} INFO - Processing /home/airflow/.local/lib/python3.12/site-packages/airflow/example_dags/example_branch_operator.py took 0.255 seconds
[2024-07-25T23:20:24.896+0000] {processor.py:161} INFO - Started process (PID=429) to work on /home/airflow/.local/lib/python3.12/site-packages/airflow/example_dags/example_branch_operator.py
[2024-07-25T23:20:24.898+0000] {processor.py:830} INFO - Processing file /home/airflow/.local/lib/python3.12/site-packages/airflow/example_dags/example_branch_operator.py for tasks to queue
[2024-07-25T23:20:24.905+0000] {logging_mixin.py:188} INFO - [2024-07-25T23:20:24.903+0000] {dagbag.py:545} INFO - Filling up the DagBag from /home/airflow/.local/lib/python3.12/site-packages/airflow/example_dags/example_branch_operator.py
[2024-07-25T23:20:24.961+0000] {processor.py:840} INFO - DAG(s) 'example_branch_operator' retrieved from /home/airflow/.local/lib/python3.12/site-packages/airflow/example_dags/example_branch_operator.py
[2024-07-25T23:20:25.010+0000] {logging_mixin.py:188} INFO - [2024-07-25T23:20:25.009+0000] {dag.py:3089} INFO - Sync 1 DAGs
[2024-07-25T23:20:25.048+0000] {logging_mixin.py:188} INFO - [2024-07-25T23:20:25.047+0000] {dag.py:3947} INFO - Setting next_dagrun for example_branch_operator to 2024-07-24 00:00:00+00:00, run_after=2024-07-25 00:00:00+00:00
[2024-07-25T23:20:25.079+0000] {processor.py:183} INFO - Processing /home/airflow/.local/lib/python3.12/site-packages/airflow/example_dags/example_branch_operator.py took 0.196 seconds
[2024-07-25T23:20:55.636+0000] {processor.py:161} INFO - Started process (PID=489) to work on /home/airflow/.local/lib/python3.12/site-packages/airflow/example_dags/example_branch_operator.py
[2024-07-25T23:20:55.639+0000] {processor.py:830} INFO - Processing file /home/airflow/.local/lib/python3.12/site-packages/airflow/example_dags/example_branch_operator.py for tasks to queue
[2024-07-25T23:20:55.640+0000] {logging_mixin.py:188} INFO - [2024-07-25T23:20:55.640+0000] {dagbag.py:545} INFO - Filling up the DagBag from /home/airflow/.local/lib/python3.12/site-packages/airflow/example_dags/example_branch_operator.py
[2024-07-25T23:20:55.653+0000] {processor.py:840} INFO - DAG(s) 'example_branch_operator' retrieved from /home/airflow/.local/lib/python3.12/site-packages/airflow/example_dags/example_branch_operator.py
[2024-07-25T23:20:55.673+0000] {logging_mixin.py:188} INFO - [2024-07-25T23:20:55.673+0000] {dag.py:3089} INFO - Sync 1 DAGs
[2024-07-25T23:20:55.692+0000] {logging_mixin.py:188} INFO - [2024-07-25T23:20:55.692+0000] {dag.py:3947} INFO - Setting next_dagrun for example_branch_operator to 2024-07-24 00:00:00+00:00, run_after=2024-07-25 00:00:00+00:00
[2024-07-25T23:20:55.709+0000] {processor.py:183} INFO - Processing /home/airflow/.local/lib/python3.12/site-packages/airflow/example_dags/example_branch_operator.py took 0.077 seconds
[2024-07-25T23:21:26.221+0000] {processor.py:161} INFO - Started process (PID=549) to work on /home/airflow/.local/lib/python3.12/site-packages/airflow/example_dags/example_branch_operator.py
[2024-07-25T23:21:26.222+0000] {processor.py:830} INFO - Processing file /home/airflow/.local/lib/python3.12/site-packages/airflow/example_dags/example_branch_operator.py for tasks to queue
[2024-07-25T23:21:26.223+0000] {logging_mixin.py:188} INFO - [2024-07-25T23:21:26.223+0000] {dagbag.py:545} INFO - Filling up the DagBag from /home/airflow/.local/lib/python3.12/site-packages/airflow/example_dags/example_branch_operator.py
[2024-07-25T23:21:26.235+0000] {processor.py:840} INFO - DAG(s) 'example_branch_operator' retrieved from /home/airflow/.local/lib/python3.12/site-packages/airflow/example_dags/example_branch_operator.py
[2024-07-25T23:21:26.255+0000] {logging_mixin.py:188} INFO - [2024-07-25T23:21:26.255+0000] {dag.py:3089} INFO - Sync 1 DAGs
[2024-07-25T23:21:26.271+0000] {logging_mixin.py:188} INFO - [2024-07-25T23:21:26.271+0000] {dag.py:3947} INFO - Setting next_dagrun for example_branch_operator to 2024-07-24 00:00:00+00:00, run_after=2024-07-25 00:00:00+00:00
[2024-07-25T23:21:26.285+0000] {processor.py:183} INFO - Processing /home/airflow/.local/lib/python3.12/site-packages/airflow/example_dags/example_branch_operator.py took 0.068 seconds
[2024-07-25T23:21:56.971+0000] {processor.py:161} INFO - Started process (PID=608) to work on /home/airflow/.local/lib/python3.12/site-packages/airflow/example_dags/example_branch_operator.py
[2024-07-25T23:21:56.972+0000] {processor.py:830} INFO - Processing file /home/airflow/.local/lib/python3.12/site-packages/airflow/example_dags/example_branch_operator.py for tasks to queue
[2024-07-25T23:21:56.973+0000] {logging_mixin.py:188} INFO - [2024-07-25T23:21:56.973+0000] {dagbag.py:545} INFO - Filling up the DagBag from /home/airflow/.local/lib/python3.12/site-packages/airflow/example_dags/example_branch_operator.py
[2024-07-25T23:21:56.984+0000] {processor.py:840} INFO - DAG(s) 'example_branch_operator' retrieved from /home/airflow/.local/lib/python3.12/site-packages/airflow/example_dags/example_branch_operator.py
[2024-07-25T23:21:57.002+0000] {logging_mixin.py:188} INFO - [2024-07-25T23:21:57.002+0000] {dag.py:3089} INFO - Sync 1 DAGs
[2024-07-25T23:21:57.016+0000] {logging_mixin.py:188} INFO - [2024-07-25T23:21:57.016+0000] {dag.py:3947} INFO - Setting next_dagrun for example_branch_operator to 2024-07-24 00:00:00+00:00, run_after=2024-07-25 00:00:00+00:00
[2024-07-25T23:21:57.027+0000] {processor.py:183} INFO - Processing /home/airflow/.local/lib/python3.12/site-packages/airflow/example_dags/example_branch_operator.py took 0.060 seconds
[2024-07-25T23:22:27.493+0000] {processor.py:161} INFO - Started process (PID=667) to work on /home/airflow/.local/lib/python3.12/site-packages/airflow/example_dags/example_branch_operator.py
[2024-07-25T23:22:27.494+0000] {processor.py:830} INFO - Processing file /home/airflow/.local/lib/python3.12/site-packages/airflow/example_dags/example_branch_operator.py for tasks to queue
[2024-07-25T23:22:27.495+0000] {logging_mixin.py:188} INFO - [2024-07-25T23:22:27.495+0000] {dagbag.py:545} INFO - Filling up the DagBag from /home/airflow/.local/lib/python3.12/site-packages/airflow/example_dags/example_branch_operator.py
[2024-07-25T23:22:27.506+0000] {processor.py:840} INFO - DAG(s) 'example_branch_operator' retrieved from /home/airflow/.local/lib/python3.12/site-packages/airflow/example_dags/example_branch_operator.py
[2024-07-25T23:22:27.526+0000] {logging_mixin.py:188} INFO - [2024-07-25T23:22:27.526+0000] {dag.py:3089} INFO - Sync 1 DAGs
[2024-07-25T23:22:27.541+0000] {logging_mixin.py:188} INFO - [2024-07-25T23:22:27.541+0000] {dag.py:3947} INFO - Setting next_dagrun for example_branch_operator to 2024-07-24 00:00:00+00:00, run_after=2024-07-25 00:00:00+00:00
[2024-07-25T23:22:27.552+0000] {processor.py:183} INFO - Processing /home/airflow/.local/lib/python3.12/site-packages/airflow/example_dags/example_branch_operator.py took 0.064 seconds
[2024-07-25T23:22:58.540+0000] {processor.py:161} INFO - Started process (PID=727) to work on /home/airflow/.local/lib/python3.12/site-packages/airflow/example_dags/example_branch_operator.py
[2024-07-25T23:22:58.543+0000] {processor.py:830} INFO - Processing file /home/airflow/.local/lib/python3.12/site-packages/airflow/example_dags/example_branch_operator.py for tasks to queue
[2024-07-25T23:22:58.546+0000] {logging_mixin.py:188} INFO - [2024-07-25T23:22:58.546+0000] {dagbag.py:545} INFO - Filling up the DagBag from /home/airflow/.local/lib/python3.12/site-packages/airflow/example_dags/example_branch_operator.py
[2024-07-25T23:22:58.561+0000] {processor.py:840} INFO - DAG(s) 'example_branch_operator' retrieved from /home/airflow/.local/lib/python3.12/site-packages/airflow/example_dags/example_branch_operator.py
[2024-07-25T23:22:58.631+0000] {logging_mixin.py:188} INFO - [2024-07-25T23:22:58.630+0000] {dag.py:3089} INFO - Sync 1 DAGs
[2024-07-25T23:22:58.675+0000] {logging_mixin.py:188} INFO - [2024-07-25T23:22:58.674+0000] {dag.py:3947} INFO - Setting next_dagrun for example_branch_operator to 2024-07-24 00:00:00+00:00, run_after=2024-07-25 00:00:00+00:00
[2024-07-25T23:22:58.697+0000] {processor.py:183} INFO - Processing /home/airflow/.local/lib/python3.12/site-packages/airflow/example_dags/example_branch_operator.py took 0.164 seconds
[2024-07-25T23:23:29.148+0000] {processor.py:161} INFO - Started process (PID=787) to work on /home/airflow/.local/lib/python3.12/site-packages/airflow/example_dags/example_branch_operator.py
[2024-07-25T23:23:29.149+0000] {processor.py:830} INFO - Processing file /home/airflow/.local/lib/python3.12/site-packages/airflow/example_dags/example_branch_operator.py for tasks to queue
[2024-07-25T23:23:29.151+0000] {logging_mixin.py:188} INFO - [2024-07-25T23:23:29.150+0000] {dagbag.py:545} INFO - Filling up the DagBag from /home/airflow/.local/lib/python3.12/site-packages/airflow/example_dags/example_branch_operator.py
[2024-07-25T23:23:29.163+0000] {processor.py:840} INFO - DAG(s) 'example_branch_operator' retrieved from /home/airflow/.local/lib/python3.12/site-packages/airflow/example_dags/example_branch_operator.py
[2024-07-25T23:23:29.182+0000] {logging_mixin.py:188} INFO - [2024-07-25T23:23:29.182+0000] {dag.py:3089} INFO - Sync 1 DAGs
[2024-07-25T23:23:29.197+0000] {logging_mixin.py:188} INFO - [2024-07-25T23:23:29.197+0000] {dag.py:3947} INFO - Setting next_dagrun for example_branch_operator to 2024-07-24 00:00:00+00:00, run_after=2024-07-25 00:00:00+00:00
[2024-07-25T23:23:29.209+0000] {processor.py:183} INFO - Processing /home/airflow/.local/lib/python3.12/site-packages/airflow/example_dags/example_branch_operator.py took 0.065 seconds
[2024-07-25T23:24:04.599+0000] {processor.py:161} INFO - Started process (PID=847) to work on /home/airflow/.local/lib/python3.12/site-packages/airflow/example_dags/example_branch_operator.py
[2024-07-25T23:24:04.602+0000] {processor.py:830} INFO - Processing file /home/airflow/.local/lib/python3.12/site-packages/airflow/example_dags/example_branch_operator.py for tasks to queue
[2024-07-25T23:24:04.608+0000] {logging_mixin.py:188} INFO - [2024-07-25T23:24:04.606+0000] {dagbag.py:545} INFO - Filling up the DagBag from /home/airflow/.local/lib/python3.12/site-packages/airflow/example_dags/example_branch_operator.py
[2024-07-25T23:24:04.658+0000] {processor.py:840} INFO - DAG(s) 'example_branch_operator' retrieved from /home/airflow/.local/lib/python3.12/site-packages/airflow/example_dags/example_branch_operator.py
[2024-07-25T23:24:04.766+0000] {logging_mixin.py:188} INFO - [2024-07-25T23:24:04.766+0000] {dag.py:3089} INFO - Sync 1 DAGs
[2024-07-25T23:24:04.806+0000] {logging_mixin.py:188} INFO - [2024-07-25T23:24:04.805+0000] {dag.py:3947} INFO - Setting next_dagrun for example_branch_operator to 2024-07-24 00:00:00+00:00, run_after=2024-07-25 00:00:00+00:00
[2024-07-25T23:24:04.854+0000] {processor.py:183} INFO - Processing /home/airflow/.local/lib/python3.12/site-packages/airflow/example_dags/example_branch_operator.py took 0.262 seconds
[2024-07-25T23:24:34.999+0000] {processor.py:161} INFO - Started process (PID=907) to work on /home/airflow/.local/lib/python3.12/site-packages/airflow/example_dags/example_branch_operator.py
[2024-07-25T23:24:35.001+0000] {processor.py:830} INFO - Processing file /home/airflow/.local/lib/python3.12/site-packages/airflow/example_dags/example_branch_operator.py for tasks to queue
[2024-07-25T23:24:35.003+0000] {logging_mixin.py:188} INFO - [2024-07-25T23:24:35.003+0000] {dagbag.py:545} INFO - Filling up the DagBag from /home/airflow/.local/lib/python3.12/site-packages/airflow/example_dags/example_branch_operator.py
[2024-07-25T23:24:35.017+0000] {processor.py:840} INFO - DAG(s) 'example_branch_operator' retrieved from /home/airflow/.local/lib/python3.12/site-packages/airflow/example_dags/example_branch_operator.py
[2024-07-25T23:24:35.040+0000] {logging_mixin.py:188} INFO - [2024-07-25T23:24:35.040+0000] {dag.py:3089} INFO - Sync 1 DAGs
[2024-07-25T23:24:35.059+0000] {logging_mixin.py:188} INFO - [2024-07-25T23:24:35.058+0000] {dag.py:3947} INFO - Setting next_dagrun for example_branch_operator to 2024-07-24 00:00:00+00:00, run_after=2024-07-25 00:00:00+00:00
[2024-07-25T23:24:35.096+0000] {processor.py:183} INFO - Processing /home/airflow/.local/lib/python3.12/site-packages/airflow/example_dags/example_branch_operator.py took 0.102 seconds
[2024-07-25T23:25:06.216+0000] {processor.py:161} INFO - Started process (PID=967) to work on /home/airflow/.local/lib/python3.12/site-packages/airflow/example_dags/example_branch_operator.py
[2024-07-25T23:25:06.217+0000] {processor.py:830} INFO - Processing file /home/airflow/.local/lib/python3.12/site-packages/airflow/example_dags/example_branch_operator.py for tasks to queue
[2024-07-25T23:25:06.219+0000] {logging_mixin.py:188} INFO - [2024-07-25T23:25:06.219+0000] {dagbag.py:545} INFO - Filling up the DagBag from /home/airflow/.local/lib/python3.12/site-packages/airflow/example_dags/example_branch_operator.py
[2024-07-25T23:25:06.236+0000] {processor.py:840} INFO - DAG(s) 'example_branch_operator' retrieved from /home/airflow/.local/lib/python3.12/site-packages/airflow/example_dags/example_branch_operator.py
[2024-07-25T23:25:06.264+0000] {logging_mixin.py:188} INFO - [2024-07-25T23:25:06.263+0000] {dag.py:3089} INFO - Sync 1 DAGs
[2024-07-25T23:25:06.287+0000] {logging_mixin.py:188} INFO - [2024-07-25T23:25:06.287+0000] {dag.py:3947} INFO - Setting next_dagrun for example_branch_operator to 2024-07-24 00:00:00+00:00, run_after=2024-07-25 00:00:00+00:00
[2024-07-25T23:25:06.304+0000] {processor.py:183} INFO - Processing /home/airflow/.local/lib/python3.12/site-packages/airflow/example_dags/example_branch_operator.py took 0.093 seconds
[2024-07-25T23:27:32.353+0000] {processor.py:161} INFO - Started process (PID=73) to work on /home/airflow/.local/lib/python3.12/site-packages/airflow/example_dags/example_branch_operator.py
[2024-07-25T23:27:32.360+0000] {processor.py:830} INFO - Processing file /home/airflow/.local/lib/python3.12/site-packages/airflow/example_dags/example_branch_operator.py for tasks to queue
[2024-07-25T23:27:32.395+0000] {logging_mixin.py:188} INFO - [2024-07-25T23:27:32.394+0000] {dagbag.py:545} INFO - Filling up the DagBag from /home/airflow/.local/lib/python3.12/site-packages/airflow/example_dags/example_branch_operator.py
[2024-07-25T23:27:32.631+0000] {processor.py:840} INFO - DAG(s) 'example_branch_operator' retrieved from /home/airflow/.local/lib/python3.12/site-packages/airflow/example_dags/example_branch_operator.py
[2024-07-25T23:27:33.695+0000] {logging_mixin.py:188} INFO - [2024-07-25T23:27:33.694+0000] {dag.py:3089} INFO - Sync 1 DAGs
[2024-07-25T23:27:33.894+0000] {logging_mixin.py:188} INFO - [2024-07-25T23:27:33.890+0000] {dag.py:3947} INFO - Setting next_dagrun for example_branch_operator to 2024-07-24 00:00:00+00:00, run_after=2024-07-25 00:00:00+00:00
[2024-07-25T23:27:34.168+0000] {processor.py:183} INFO - Processing /home/airflow/.local/lib/python3.12/site-packages/airflow/example_dags/example_branch_operator.py took 2.025 seconds
[2024-07-25T23:28:14.196+0000] {processor.py:161} INFO - Started process (PID=133) to work on /home/airflow/.local/lib/python3.12/site-packages/airflow/example_dags/example_branch_operator.py
[2024-07-25T23:28:14.198+0000] {processor.py:830} INFO - Processing file /home/airflow/.local/lib/python3.12/site-packages/airflow/example_dags/example_branch_operator.py for tasks to queue
[2024-07-25T23:28:14.201+0000] {logging_mixin.py:188} INFO - [2024-07-25T23:28:14.200+0000] {dagbag.py:545} INFO - Filling up the DagBag from /home/airflow/.local/lib/python3.12/site-packages/airflow/example_dags/example_branch_operator.py
[2024-07-25T23:28:14.257+0000] {processor.py:840} INFO - DAG(s) 'example_branch_operator' retrieved from /home/airflow/.local/lib/python3.12/site-packages/airflow/example_dags/example_branch_operator.py
[2024-07-25T23:28:14.508+0000] {logging_mixin.py:188} INFO - [2024-07-25T23:28:14.502+0000] {dag.py:3089} INFO - Sync 1 DAGs
[2024-07-25T23:28:14.743+0000] {logging_mixin.py:188} INFO - [2024-07-25T23:28:14.742+0000] {dag.py:3947} INFO - Setting next_dagrun for example_branch_operator to 2024-07-24 00:00:00+00:00, run_after=2024-07-25 00:00:00+00:00
[2024-07-25T23:28:14.966+0000] {processor.py:183} INFO - Processing /home/airflow/.local/lib/python3.12/site-packages/airflow/example_dags/example_branch_operator.py took 0.772 seconds
[2024-07-25T23:28:45.703+0000] {processor.py:161} INFO - Started process (PID=193) to work on /home/airflow/.local/lib/python3.12/site-packages/airflow/example_dags/example_branch_operator.py
[2024-07-25T23:28:45.709+0000] {processor.py:830} INFO - Processing file /home/airflow/.local/lib/python3.12/site-packages/airflow/example_dags/example_branch_operator.py for tasks to queue
[2024-07-25T23:28:45.713+0000] {logging_mixin.py:188} INFO - [2024-07-25T23:28:45.713+0000] {dagbag.py:545} INFO - Filling up the DagBag from /home/airflow/.local/lib/python3.12/site-packages/airflow/example_dags/example_branch_operator.py
[2024-07-25T23:28:45.778+0000] {processor.py:840} INFO - DAG(s) 'example_branch_operator' retrieved from /home/airflow/.local/lib/python3.12/site-packages/airflow/example_dags/example_branch_operator.py
[2024-07-25T23:28:45.837+0000] {logging_mixin.py:188} INFO - [2024-07-25T23:28:45.836+0000] {dag.py:3089} INFO - Sync 1 DAGs
[2024-07-25T23:28:45.880+0000] {logging_mixin.py:188} INFO - [2024-07-25T23:28:45.880+0000] {dag.py:3947} INFO - Setting next_dagrun for example_branch_operator to 2024-07-24 00:00:00+00:00, run_after=2024-07-25 00:00:00+00:00
[2024-07-25T23:28:45.932+0000] {processor.py:183} INFO - Processing /home/airflow/.local/lib/python3.12/site-packages/airflow/example_dags/example_branch_operator.py took 0.247 seconds
[2024-07-25T23:29:16.312+0000] {processor.py:161} INFO - Started process (PID=252) to work on /home/airflow/.local/lib/python3.12/site-packages/airflow/example_dags/example_branch_operator.py
[2024-07-25T23:29:16.315+0000] {processor.py:830} INFO - Processing file /home/airflow/.local/lib/python3.12/site-packages/airflow/example_dags/example_branch_operator.py for tasks to queue
[2024-07-25T23:29:16.318+0000] {logging_mixin.py:188} INFO - [2024-07-25T23:29:16.318+0000] {dagbag.py:545} INFO - Filling up the DagBag from /home/airflow/.local/lib/python3.12/site-packages/airflow/example_dags/example_branch_operator.py
[2024-07-25T23:29:16.332+0000] {processor.py:840} INFO - DAG(s) 'example_branch_operator' retrieved from /home/airflow/.local/lib/python3.12/site-packages/airflow/example_dags/example_branch_operator.py
[2024-07-25T23:29:16.369+0000] {logging_mixin.py:188} INFO - [2024-07-25T23:29:16.369+0000] {dag.py:3089} INFO - Sync 1 DAGs
[2024-07-25T23:29:16.394+0000] {logging_mixin.py:188} INFO - [2024-07-25T23:29:16.394+0000] {dag.py:3947} INFO - Setting next_dagrun for example_branch_operator to 2024-07-24 00:00:00+00:00, run_after=2024-07-25 00:00:00+00:00
[2024-07-25T23:29:16.425+0000] {processor.py:183} INFO - Processing /home/airflow/.local/lib/python3.12/site-packages/airflow/example_dags/example_branch_operator.py took 0.119 seconds
[2024-07-25T23:29:49.604+0000] {processor.py:161} INFO - Started process (PID=315) to work on /home/airflow/.local/lib/python3.12/site-packages/airflow/example_dags/example_branch_operator.py
[2024-07-25T23:29:49.610+0000] {processor.py:830} INFO - Processing file /home/airflow/.local/lib/python3.12/site-packages/airflow/example_dags/example_branch_operator.py for tasks to queue
[2024-07-25T23:29:49.613+0000] {logging_mixin.py:188} INFO - [2024-07-25T23:29:49.613+0000] {dagbag.py:545} INFO - Filling up the DagBag from /home/airflow/.local/lib/python3.12/site-packages/airflow/example_dags/example_branch_operator.py
[2024-07-25T23:29:49.632+0000] {processor.py:840} INFO - DAG(s) 'example_branch_operator' retrieved from /home/airflow/.local/lib/python3.12/site-packages/airflow/example_dags/example_branch_operator.py
[2024-07-25T23:29:49.687+0000] {logging_mixin.py:188} INFO - [2024-07-25T23:29:49.687+0000] {dag.py:3089} INFO - Sync 1 DAGs
[2024-07-25T23:29:49.721+0000] {logging_mixin.py:188} INFO - [2024-07-25T23:29:49.721+0000] {dag.py:3947} INFO - Setting next_dagrun for example_branch_operator to 2024-07-24 00:00:00+00:00, run_after=2024-07-25 00:00:00+00:00
[2024-07-25T23:29:49.749+0000] {processor.py:183} INFO - Processing /home/airflow/.local/lib/python3.12/site-packages/airflow/example_dags/example_branch_operator.py took 0.166 seconds
[2024-07-25T23:30:23.007+0000] {processor.py:161} INFO - Started process (PID=375) to work on /home/airflow/.local/lib/python3.12/site-packages/airflow/example_dags/example_branch_operator.py
[2024-07-25T23:30:23.008+0000] {processor.py:830} INFO - Processing file /home/airflow/.local/lib/python3.12/site-packages/airflow/example_dags/example_branch_operator.py for tasks to queue
[2024-07-25T23:30:23.010+0000] {logging_mixin.py:188} INFO - [2024-07-25T23:30:23.009+0000] {dagbag.py:545} INFO - Filling up the DagBag from /home/airflow/.local/lib/python3.12/site-packages/airflow/example_dags/example_branch_operator.py
[2024-07-25T23:30:23.031+0000] {processor.py:840} INFO - DAG(s) 'example_branch_operator' retrieved from /home/airflow/.local/lib/python3.12/site-packages/airflow/example_dags/example_branch_operator.py
[2024-07-25T23:30:23.063+0000] {logging_mixin.py:188} INFO - [2024-07-25T23:30:23.063+0000] {dag.py:3089} INFO - Sync 1 DAGs
[2024-07-25T23:30:23.084+0000] {logging_mixin.py:188} INFO - [2024-07-25T23:30:23.083+0000] {dag.py:3947} INFO - Setting next_dagrun for example_branch_operator to 2024-07-24 00:00:00+00:00, run_after=2024-07-25 00:00:00+00:00
[2024-07-25T23:30:23.098+0000] {processor.py:183} INFO - Processing /home/airflow/.local/lib/python3.12/site-packages/airflow/example_dags/example_branch_operator.py took 0.096 seconds
[2024-07-25T23:30:53.884+0000] {processor.py:161} INFO - Started process (PID=435) to work on /home/airflow/.local/lib/python3.12/site-packages/airflow/example_dags/example_branch_operator.py
[2024-07-25T23:30:53.885+0000] {processor.py:830} INFO - Processing file /home/airflow/.local/lib/python3.12/site-packages/airflow/example_dags/example_branch_operator.py for tasks to queue
[2024-07-25T23:30:53.886+0000] {logging_mixin.py:188} INFO - [2024-07-25T23:30:53.886+0000] {dagbag.py:545} INFO - Filling up the DagBag from /home/airflow/.local/lib/python3.12/site-packages/airflow/example_dags/example_branch_operator.py
[2024-07-25T23:30:53.898+0000] {processor.py:840} INFO - DAG(s) 'example_branch_operator' retrieved from /home/airflow/.local/lib/python3.12/site-packages/airflow/example_dags/example_branch_operator.py
[2024-07-25T23:30:53.920+0000] {logging_mixin.py:188} INFO - [2024-07-25T23:30:53.920+0000] {dag.py:3089} INFO - Sync 1 DAGs
[2024-07-25T23:30:53.937+0000] {logging_mixin.py:188} INFO - [2024-07-25T23:30:53.937+0000] {dag.py:3947} INFO - Setting next_dagrun for example_branch_operator to 2024-07-24 00:00:00+00:00, run_after=2024-07-25 00:00:00+00:00
[2024-07-25T23:30:53.954+0000] {processor.py:183} INFO - Processing /home/airflow/.local/lib/python3.12/site-packages/airflow/example_dags/example_branch_operator.py took 0.074 seconds
[2024-07-25T23:31:24.051+0000] {processor.py:161} INFO - Started process (PID=495) to work on /home/airflow/.local/lib/python3.12/site-packages/airflow/example_dags/example_branch_operator.py
[2024-07-25T23:31:24.053+0000] {processor.py:830} INFO - Processing file /home/airflow/.local/lib/python3.12/site-packages/airflow/example_dags/example_branch_operator.py for tasks to queue
[2024-07-25T23:31:24.055+0000] {logging_mixin.py:188} INFO - [2024-07-25T23:31:24.055+0000] {dagbag.py:545} INFO - Filling up the DagBag from /home/airflow/.local/lib/python3.12/site-packages/airflow/example_dags/example_branch_operator.py
[2024-07-25T23:31:24.067+0000] {processor.py:840} INFO - DAG(s) 'example_branch_operator' retrieved from /home/airflow/.local/lib/python3.12/site-packages/airflow/example_dags/example_branch_operator.py
[2024-07-25T23:31:24.086+0000] {logging_mixin.py:188} INFO - [2024-07-25T23:31:24.086+0000] {dag.py:3089} INFO - Sync 1 DAGs
[2024-07-25T23:31:24.109+0000] {logging_mixin.py:188} INFO - [2024-07-25T23:31:24.109+0000] {dag.py:3947} INFO - Setting next_dagrun for example_branch_operator to 2024-07-24 00:00:00+00:00, run_after=2024-07-25 00:00:00+00:00
[2024-07-25T23:31:24.131+0000] {processor.py:183} INFO - Processing /home/airflow/.local/lib/python3.12/site-packages/airflow/example_dags/example_branch_operator.py took 0.084 seconds
[2024-07-25T23:31:54.542+0000] {processor.py:161} INFO - Started process (PID=555) to work on /home/airflow/.local/lib/python3.12/site-packages/airflow/example_dags/example_branch_operator.py
[2024-07-25T23:31:54.543+0000] {processor.py:830} INFO - Processing file /home/airflow/.local/lib/python3.12/site-packages/airflow/example_dags/example_branch_operator.py for tasks to queue
[2024-07-25T23:31:54.544+0000] {logging_mixin.py:188} INFO - [2024-07-25T23:31:54.544+0000] {dagbag.py:545} INFO - Filling up the DagBag from /home/airflow/.local/lib/python3.12/site-packages/airflow/example_dags/example_branch_operator.py
[2024-07-25T23:31:54.559+0000] {processor.py:840} INFO - DAG(s) 'example_branch_operator' retrieved from /home/airflow/.local/lib/python3.12/site-packages/airflow/example_dags/example_branch_operator.py
[2024-07-25T23:31:54.587+0000] {logging_mixin.py:188} INFO - [2024-07-25T23:31:54.587+0000] {dag.py:3089} INFO - Sync 1 DAGs
[2024-07-25T23:31:54.607+0000] {logging_mixin.py:188} INFO - [2024-07-25T23:31:54.607+0000] {dag.py:3947} INFO - Setting next_dagrun for example_branch_operator to 2024-07-24 00:00:00+00:00, run_after=2024-07-25 00:00:00+00:00
[2024-07-25T23:31:54.623+0000] {processor.py:183} INFO - Processing /home/airflow/.local/lib/python3.12/site-packages/airflow/example_dags/example_branch_operator.py took 0.087 seconds
[2024-07-25T23:32:25.014+0000] {processor.py:161} INFO - Started process (PID=615) to work on /home/airflow/.local/lib/python3.12/site-packages/airflow/example_dags/example_branch_operator.py
[2024-07-25T23:32:25.017+0000] {processor.py:830} INFO - Processing file /home/airflow/.local/lib/python3.12/site-packages/airflow/example_dags/example_branch_operator.py for tasks to queue
[2024-07-25T23:32:25.020+0000] {logging_mixin.py:188} INFO - [2024-07-25T23:32:25.020+0000] {dagbag.py:545} INFO - Filling up the DagBag from /home/airflow/.local/lib/python3.12/site-packages/airflow/example_dags/example_branch_operator.py
[2024-07-25T23:32:25.048+0000] {processor.py:840} INFO - DAG(s) 'example_branch_operator' retrieved from /home/airflow/.local/lib/python3.12/site-packages/airflow/example_dags/example_branch_operator.py
[2024-07-25T23:32:25.130+0000] {logging_mixin.py:188} INFO - [2024-07-25T23:32:25.129+0000] {dag.py:3089} INFO - Sync 1 DAGs
[2024-07-25T23:32:25.170+0000] {logging_mixin.py:188} INFO - [2024-07-25T23:32:25.170+0000] {dag.py:3947} INFO - Setting next_dagrun for example_branch_operator to 2024-07-24 00:00:00+00:00, run_after=2024-07-25 00:00:00+00:00
[2024-07-25T23:32:25.199+0000] {processor.py:183} INFO - Processing /home/airflow/.local/lib/python3.12/site-packages/airflow/example_dags/example_branch_operator.py took 0.194 seconds
[2024-07-25T23:32:55.831+0000] {processor.py:161} INFO - Started process (PID=671) to work on /home/airflow/.local/lib/python3.12/site-packages/airflow/example_dags/example_branch_operator.py
[2024-07-25T23:32:55.835+0000] {processor.py:830} INFO - Processing file /home/airflow/.local/lib/python3.12/site-packages/airflow/example_dags/example_branch_operator.py for tasks to queue
[2024-07-25T23:32:55.837+0000] {logging_mixin.py:188} INFO - [2024-07-25T23:32:55.837+0000] {dagbag.py:545} INFO - Filling up the DagBag from /home/airflow/.local/lib/python3.12/site-packages/airflow/example_dags/example_branch_operator.py
[2024-07-25T23:32:55.858+0000] {processor.py:840} INFO - DAG(s) 'example_branch_operator' retrieved from /home/airflow/.local/lib/python3.12/site-packages/airflow/example_dags/example_branch_operator.py
[2024-07-25T23:32:55.886+0000] {logging_mixin.py:188} INFO - [2024-07-25T23:32:55.885+0000] {dag.py:3089} INFO - Sync 1 DAGs
[2024-07-25T23:32:55.918+0000] {logging_mixin.py:188} INFO - [2024-07-25T23:32:55.918+0000] {dag.py:3947} INFO - Setting next_dagrun for example_branch_operator to 2024-07-24 00:00:00+00:00, run_after=2024-07-25 00:00:00+00:00
[2024-07-25T23:32:55.954+0000] {processor.py:183} INFO - Processing /home/airflow/.local/lib/python3.12/site-packages/airflow/example_dags/example_branch_operator.py took 0.131 seconds
[2024-07-25T23:33:26.375+0000] {processor.py:161} INFO - Started process (PID=731) to work on /home/airflow/.local/lib/python3.12/site-packages/airflow/example_dags/example_branch_operator.py
[2024-07-25T23:33:26.380+0000] {processor.py:830} INFO - Processing file /home/airflow/.local/lib/python3.12/site-packages/airflow/example_dags/example_branch_operator.py for tasks to queue
[2024-07-25T23:33:26.381+0000] {logging_mixin.py:188} INFO - [2024-07-25T23:33:26.381+0000] {dagbag.py:545} INFO - Filling up the DagBag from /home/airflow/.local/lib/python3.12/site-packages/airflow/example_dags/example_branch_operator.py
[2024-07-25T23:33:26.393+0000] {processor.py:840} INFO - DAG(s) 'example_branch_operator' retrieved from /home/airflow/.local/lib/python3.12/site-packages/airflow/example_dags/example_branch_operator.py
[2024-07-25T23:33:26.429+0000] {logging_mixin.py:188} INFO - [2024-07-25T23:33:26.428+0000] {dag.py:3089} INFO - Sync 1 DAGs
[2024-07-25T23:33:26.452+0000] {logging_mixin.py:188} INFO - [2024-07-25T23:33:26.452+0000] {dag.py:3947} INFO - Setting next_dagrun for example_branch_operator to 2024-07-24 00:00:00+00:00, run_after=2024-07-25 00:00:00+00:00
[2024-07-25T23:33:26.480+0000] {processor.py:183} INFO - Processing /home/airflow/.local/lib/python3.12/site-packages/airflow/example_dags/example_branch_operator.py took 0.109 seconds
[2024-07-25T23:33:56.769+0000] {processor.py:161} INFO - Started process (PID=791) to work on /home/airflow/.local/lib/python3.12/site-packages/airflow/example_dags/example_branch_operator.py
[2024-07-25T23:33:56.770+0000] {processor.py:830} INFO - Processing file /home/airflow/.local/lib/python3.12/site-packages/airflow/example_dags/example_branch_operator.py for tasks to queue
[2024-07-25T23:33:56.772+0000] {logging_mixin.py:188} INFO - [2024-07-25T23:33:56.772+0000] {dagbag.py:545} INFO - Filling up the DagBag from /home/airflow/.local/lib/python3.12/site-packages/airflow/example_dags/example_branch_operator.py
[2024-07-25T23:33:56.785+0000] {processor.py:840} INFO - DAG(s) 'example_branch_operator' retrieved from /home/airflow/.local/lib/python3.12/site-packages/airflow/example_dags/example_branch_operator.py
[2024-07-25T23:33:56.806+0000] {logging_mixin.py:188} INFO - [2024-07-25T23:33:56.806+0000] {dag.py:3089} INFO - Sync 1 DAGs
[2024-07-25T23:33:56.829+0000] {logging_mixin.py:188} INFO - [2024-07-25T23:33:56.829+0000] {dag.py:3947} INFO - Setting next_dagrun for example_branch_operator to 2024-07-24 00:00:00+00:00, run_after=2024-07-25 00:00:00+00:00
[2024-07-25T23:33:56.846+0000] {processor.py:183} INFO - Processing /home/airflow/.local/lib/python3.12/site-packages/airflow/example_dags/example_branch_operator.py took 0.081 seconds
[2024-07-25T23:34:27.267+0000] {processor.py:161} INFO - Started process (PID=851) to work on /home/airflow/.local/lib/python3.12/site-packages/airflow/example_dags/example_branch_operator.py
[2024-07-25T23:34:27.268+0000] {processor.py:830} INFO - Processing file /home/airflow/.local/lib/python3.12/site-packages/airflow/example_dags/example_branch_operator.py for tasks to queue
[2024-07-25T23:34:27.270+0000] {logging_mixin.py:188} INFO - [2024-07-25T23:34:27.269+0000] {dagbag.py:545} INFO - Filling up the DagBag from /home/airflow/.local/lib/python3.12/site-packages/airflow/example_dags/example_branch_operator.py
[2024-07-25T23:34:27.286+0000] {processor.py:840} INFO - DAG(s) 'example_branch_operator' retrieved from /home/airflow/.local/lib/python3.12/site-packages/airflow/example_dags/example_branch_operator.py
[2024-07-25T23:34:27.309+0000] {logging_mixin.py:188} INFO - [2024-07-25T23:34:27.309+0000] {dag.py:3089} INFO - Sync 1 DAGs
[2024-07-25T23:34:27.326+0000] {logging_mixin.py:188} INFO - [2024-07-25T23:34:27.326+0000] {dag.py:3947} INFO - Setting next_dagrun for example_branch_operator to 2024-07-24 00:00:00+00:00, run_after=2024-07-25 00:00:00+00:00
[2024-07-25T23:34:27.346+0000] {processor.py:183} INFO - Processing /home/airflow/.local/lib/python3.12/site-packages/airflow/example_dags/example_branch_operator.py took 0.083 seconds
[2024-07-25T23:34:57.582+0000] {processor.py:161} INFO - Started process (PID=910) to work on /home/airflow/.local/lib/python3.12/site-packages/airflow/example_dags/example_branch_operator.py
[2024-07-25T23:34:57.584+0000] {processor.py:830} INFO - Processing file /home/airflow/.local/lib/python3.12/site-packages/airflow/example_dags/example_branch_operator.py for tasks to queue
[2024-07-25T23:34:57.587+0000] {logging_mixin.py:188} INFO - [2024-07-25T23:34:57.587+0000] {dagbag.py:545} INFO - Filling up the DagBag from /home/airflow/.local/lib/python3.12/site-packages/airflow/example_dags/example_branch_operator.py
[2024-07-25T23:34:57.604+0000] {processor.py:840} INFO - DAG(s) 'example_branch_operator' retrieved from /home/airflow/.local/lib/python3.12/site-packages/airflow/example_dags/example_branch_operator.py
[2024-07-25T23:34:57.627+0000] {logging_mixin.py:188} INFO - [2024-07-25T23:34:57.627+0000] {dag.py:3089} INFO - Sync 1 DAGs
[2024-07-25T23:34:57.654+0000] {logging_mixin.py:188} INFO - [2024-07-25T23:34:57.654+0000] {dag.py:3947} INFO - Setting next_dagrun for example_branch_operator to 2024-07-24 00:00:00+00:00, run_after=2024-07-25 00:00:00+00:00
[2024-07-25T23:34:57.674+0000] {processor.py:183} INFO - Processing /home/airflow/.local/lib/python3.12/site-packages/airflow/example_dags/example_branch_operator.py took 0.097 seconds
[2024-07-25T23:35:28.455+0000] {processor.py:161} INFO - Started process (PID=970) to work on /home/airflow/.local/lib/python3.12/site-packages/airflow/example_dags/example_branch_operator.py
[2024-07-25T23:35:28.457+0000] {processor.py:830} INFO - Processing file /home/airflow/.local/lib/python3.12/site-packages/airflow/example_dags/example_branch_operator.py for tasks to queue
[2024-07-25T23:35:28.458+0000] {logging_mixin.py:188} INFO - [2024-07-25T23:35:28.458+0000] {dagbag.py:545} INFO - Filling up the DagBag from /home/airflow/.local/lib/python3.12/site-packages/airflow/example_dags/example_branch_operator.py
[2024-07-25T23:35:28.470+0000] {processor.py:840} INFO - DAG(s) 'example_branch_operator' retrieved from /home/airflow/.local/lib/python3.12/site-packages/airflow/example_dags/example_branch_operator.py
[2024-07-25T23:35:28.490+0000] {logging_mixin.py:188} INFO - [2024-07-25T23:35:28.490+0000] {dag.py:3089} INFO - Sync 1 DAGs
[2024-07-25T23:35:28.509+0000] {logging_mixin.py:188} INFO - [2024-07-25T23:35:28.509+0000] {dag.py:3947} INFO - Setting next_dagrun for example_branch_operator to 2024-07-24 00:00:00+00:00, run_after=2024-07-25 00:00:00+00:00
[2024-07-25T23:35:28.529+0000] {processor.py:183} INFO - Processing /home/airflow/.local/lib/python3.12/site-packages/airflow/example_dags/example_branch_operator.py took 0.079 seconds
[2024-07-25T23:35:58.918+0000] {processor.py:161} INFO - Started process (PID=1030) to work on /home/airflow/.local/lib/python3.12/site-packages/airflow/example_dags/example_branch_operator.py
[2024-07-25T23:35:58.921+0000] {processor.py:830} INFO - Processing file /home/airflow/.local/lib/python3.12/site-packages/airflow/example_dags/example_branch_operator.py for tasks to queue
[2024-07-25T23:35:58.922+0000] {logging_mixin.py:188} INFO - [2024-07-25T23:35:58.922+0000] {dagbag.py:545} INFO - Filling up the DagBag from /home/airflow/.local/lib/python3.12/site-packages/airflow/example_dags/example_branch_operator.py
[2024-07-25T23:35:58.934+0000] {processor.py:840} INFO - DAG(s) 'example_branch_operator' retrieved from /home/airflow/.local/lib/python3.12/site-packages/airflow/example_dags/example_branch_operator.py
[2024-07-25T23:35:58.957+0000] {logging_mixin.py:188} INFO - [2024-07-25T23:35:58.956+0000] {dag.py:3089} INFO - Sync 1 DAGs
[2024-07-25T23:35:58.975+0000] {logging_mixin.py:188} INFO - [2024-07-25T23:35:58.974+0000] {dag.py:3947} INFO - Setting next_dagrun for example_branch_operator to 2024-07-24 00:00:00+00:00, run_after=2024-07-25 00:00:00+00:00
[2024-07-25T23:35:58.994+0000] {processor.py:183} INFO - Processing /home/airflow/.local/lib/python3.12/site-packages/airflow/example_dags/example_branch_operator.py took 0.080 seconds
[2024-07-25T23:36:30.530+0000] {processor.py:161} INFO - Started process (PID=1090) to work on /home/airflow/.local/lib/python3.12/site-packages/airflow/example_dags/example_branch_operator.py
[2024-07-25T23:36:30.537+0000] {processor.py:830} INFO - Processing file /home/airflow/.local/lib/python3.12/site-packages/airflow/example_dags/example_branch_operator.py for tasks to queue
[2024-07-25T23:36:30.539+0000] {logging_mixin.py:188} INFO - [2024-07-25T23:36:30.539+0000] {dagbag.py:545} INFO - Filling up the DagBag from /home/airflow/.local/lib/python3.12/site-packages/airflow/example_dags/example_branch_operator.py
[2024-07-25T23:36:30.558+0000] {processor.py:840} INFO - DAG(s) 'example_branch_operator' retrieved from /home/airflow/.local/lib/python3.12/site-packages/airflow/example_dags/example_branch_operator.py
[2024-07-25T23:36:30.599+0000] {logging_mixin.py:188} INFO - [2024-07-25T23:36:30.598+0000] {dag.py:3089} INFO - Sync 1 DAGs
[2024-07-25T23:36:30.616+0000] {logging_mixin.py:188} INFO - [2024-07-25T23:36:30.616+0000] {dag.py:3947} INFO - Setting next_dagrun for example_branch_operator to 2024-07-24 00:00:00+00:00, run_after=2024-07-25 00:00:00+00:00
[2024-07-25T23:36:30.631+0000] {processor.py:183} INFO - Processing /home/airflow/.local/lib/python3.12/site-packages/airflow/example_dags/example_branch_operator.py took 0.108 seconds
[2024-07-25T23:37:01.796+0000] {processor.py:161} INFO - Started process (PID=1149) to work on /home/airflow/.local/lib/python3.12/site-packages/airflow/example_dags/example_branch_operator.py
[2024-07-25T23:37:01.797+0000] {processor.py:830} INFO - Processing file /home/airflow/.local/lib/python3.12/site-packages/airflow/example_dags/example_branch_operator.py for tasks to queue
[2024-07-25T23:37:01.799+0000] {logging_mixin.py:188} INFO - [2024-07-25T23:37:01.798+0000] {dagbag.py:545} INFO - Filling up the DagBag from /home/airflow/.local/lib/python3.12/site-packages/airflow/example_dags/example_branch_operator.py
[2024-07-25T23:37:01.813+0000] {processor.py:840} INFO - DAG(s) 'example_branch_operator' retrieved from /home/airflow/.local/lib/python3.12/site-packages/airflow/example_dags/example_branch_operator.py
[2024-07-25T23:37:01.840+0000] {logging_mixin.py:188} INFO - [2024-07-25T23:37:01.839+0000] {dag.py:3089} INFO - Sync 1 DAGs
[2024-07-25T23:37:01.866+0000] {logging_mixin.py:188} INFO - [2024-07-25T23:37:01.865+0000] {dag.py:3947} INFO - Setting next_dagrun for example_branch_operator to 2024-07-24 00:00:00+00:00, run_after=2024-07-25 00:00:00+00:00
[2024-07-25T23:37:01.890+0000] {processor.py:183} INFO - Processing /home/airflow/.local/lib/python3.12/site-packages/airflow/example_dags/example_branch_operator.py took 0.100 seconds
[2024-07-25T23:37:32.703+0000] {processor.py:161} INFO - Started process (PID=1209) to work on /home/airflow/.local/lib/python3.12/site-packages/airflow/example_dags/example_branch_operator.py
[2024-07-25T23:37:32.704+0000] {processor.py:830} INFO - Processing file /home/airflow/.local/lib/python3.12/site-packages/airflow/example_dags/example_branch_operator.py for tasks to queue
[2024-07-25T23:37:32.706+0000] {logging_mixin.py:188} INFO - [2024-07-25T23:37:32.705+0000] {dagbag.py:545} INFO - Filling up the DagBag from /home/airflow/.local/lib/python3.12/site-packages/airflow/example_dags/example_branch_operator.py
[2024-07-25T23:37:32.721+0000] {processor.py:840} INFO - DAG(s) 'example_branch_operator' retrieved from /home/airflow/.local/lib/python3.12/site-packages/airflow/example_dags/example_branch_operator.py
[2024-07-25T23:37:32.764+0000] {logging_mixin.py:188} INFO - [2024-07-25T23:37:32.763+0000] {dag.py:3089} INFO - Sync 1 DAGs
[2024-07-25T23:37:32.828+0000] {logging_mixin.py:188} INFO - [2024-07-25T23:37:32.820+0000] {dag.py:3947} INFO - Setting next_dagrun for example_branch_operator to 2024-07-24 00:00:00+00:00, run_after=2024-07-25 00:00:00+00:00
[2024-07-25T23:37:32.867+0000] {processor.py:183} INFO - Processing /home/airflow/.local/lib/python3.12/site-packages/airflow/example_dags/example_branch_operator.py took 0.172 seconds
[2024-07-25T23:38:03.775+0000] {processor.py:161} INFO - Started process (PID=1269) to work on /home/airflow/.local/lib/python3.12/site-packages/airflow/example_dags/example_branch_operator.py
[2024-07-25T23:38:03.776+0000] {processor.py:830} INFO - Processing file /home/airflow/.local/lib/python3.12/site-packages/airflow/example_dags/example_branch_operator.py for tasks to queue
[2024-07-25T23:38:03.777+0000] {logging_mixin.py:188} INFO - [2024-07-25T23:38:03.777+0000] {dagbag.py:545} INFO - Filling up the DagBag from /home/airflow/.local/lib/python3.12/site-packages/airflow/example_dags/example_branch_operator.py
[2024-07-25T23:38:03.789+0000] {processor.py:840} INFO - DAG(s) 'example_branch_operator' retrieved from /home/airflow/.local/lib/python3.12/site-packages/airflow/example_dags/example_branch_operator.py
[2024-07-25T23:38:03.809+0000] {logging_mixin.py:188} INFO - [2024-07-25T23:38:03.809+0000] {dag.py:3089} INFO - Sync 1 DAGs
[2024-07-25T23:38:03.829+0000] {logging_mixin.py:188} INFO - [2024-07-25T23:38:03.829+0000] {dag.py:3947} INFO - Setting next_dagrun for example_branch_operator to 2024-07-24 00:00:00+00:00, run_after=2024-07-25 00:00:00+00:00
[2024-07-25T23:38:03.843+0000] {processor.py:183} INFO - Processing /home/airflow/.local/lib/python3.12/site-packages/airflow/example_dags/example_branch_operator.py took 0.073 seconds
[2024-07-25T23:38:34.309+0000] {processor.py:161} INFO - Started process (PID=1327) to work on /home/airflow/.local/lib/python3.12/site-packages/airflow/example_dags/example_branch_operator.py
[2024-07-25T23:38:34.311+0000] {processor.py:830} INFO - Processing file /home/airflow/.local/lib/python3.12/site-packages/airflow/example_dags/example_branch_operator.py for tasks to queue
[2024-07-25T23:38:34.314+0000] {logging_mixin.py:188} INFO - [2024-07-25T23:38:34.313+0000] {dagbag.py:545} INFO - Filling up the DagBag from /home/airflow/.local/lib/python3.12/site-packages/airflow/example_dags/example_branch_operator.py
[2024-07-25T23:38:34.330+0000] {processor.py:840} INFO - DAG(s) 'example_branch_operator' retrieved from /home/airflow/.local/lib/python3.12/site-packages/airflow/example_dags/example_branch_operator.py
[2024-07-25T23:38:34.351+0000] {logging_mixin.py:188} INFO - [2024-07-25T23:38:34.351+0000] {dag.py:3089} INFO - Sync 1 DAGs
[2024-07-25T23:38:34.373+0000] {logging_mixin.py:188} INFO - [2024-07-25T23:38:34.372+0000] {dag.py:3947} INFO - Setting next_dagrun for example_branch_operator to 2024-07-24 00:00:00+00:00, run_after=2024-07-25 00:00:00+00:00
[2024-07-25T23:38:34.390+0000] {processor.py:183} INFO - Processing /home/airflow/.local/lib/python3.12/site-packages/airflow/example_dags/example_branch_operator.py took 0.089 seconds
[2024-07-25T23:39:05.205+0000] {processor.py:161} INFO - Started process (PID=1393) to work on /home/airflow/.local/lib/python3.12/site-packages/airflow/example_dags/example_branch_operator.py
[2024-07-25T23:39:05.208+0000] {processor.py:830} INFO - Processing file /home/airflow/.local/lib/python3.12/site-packages/airflow/example_dags/example_branch_operator.py for tasks to queue
[2024-07-25T23:39:05.209+0000] {logging_mixin.py:188} INFO - [2024-07-25T23:39:05.209+0000] {dagbag.py:545} INFO - Filling up the DagBag from /home/airflow/.local/lib/python3.12/site-packages/airflow/example_dags/example_branch_operator.py
[2024-07-25T23:39:05.221+0000] {processor.py:840} INFO - DAG(s) 'example_branch_operator' retrieved from /home/airflow/.local/lib/python3.12/site-packages/airflow/example_dags/example_branch_operator.py
[2024-07-25T23:39:05.240+0000] {logging_mixin.py:188} INFO - [2024-07-25T23:39:05.239+0000] {dag.py:3089} INFO - Sync 1 DAGs
[2024-07-25T23:39:05.264+0000] {logging_mixin.py:188} INFO - [2024-07-25T23:39:05.264+0000] {dag.py:3947} INFO - Setting next_dagrun for example_branch_operator to 2024-07-24 00:00:00+00:00, run_after=2024-07-25 00:00:00+00:00
[2024-07-25T23:39:05.283+0000] {processor.py:183} INFO - Processing /home/airflow/.local/lib/python3.12/site-packages/airflow/example_dags/example_branch_operator.py took 0.082 seconds
[2024-07-25T23:39:36.018+0000] {processor.py:161} INFO - Started process (PID=1453) to work on /home/airflow/.local/lib/python3.12/site-packages/airflow/example_dags/example_branch_operator.py
[2024-07-25T23:39:36.023+0000] {processor.py:830} INFO - Processing file /home/airflow/.local/lib/python3.12/site-packages/airflow/example_dags/example_branch_operator.py for tasks to queue
[2024-07-25T23:39:36.025+0000] {logging_mixin.py:188} INFO - [2024-07-25T23:39:36.024+0000] {dagbag.py:545} INFO - Filling up the DagBag from /home/airflow/.local/lib/python3.12/site-packages/airflow/example_dags/example_branch_operator.py
[2024-07-25T23:39:36.043+0000] {processor.py:840} INFO - DAG(s) 'example_branch_operator' retrieved from /home/airflow/.local/lib/python3.12/site-packages/airflow/example_dags/example_branch_operator.py
[2024-07-25T23:39:36.081+0000] {logging_mixin.py:188} INFO - [2024-07-25T23:39:36.081+0000] {dag.py:3089} INFO - Sync 1 DAGs
[2024-07-25T23:39:36.102+0000] {logging_mixin.py:188} INFO - [2024-07-25T23:39:36.101+0000] {dag.py:3947} INFO - Setting next_dagrun for example_branch_operator to 2024-07-24 00:00:00+00:00, run_after=2024-07-25 00:00:00+00:00
[2024-07-25T23:39:36.121+0000] {processor.py:183} INFO - Processing /home/airflow/.local/lib/python3.12/site-packages/airflow/example_dags/example_branch_operator.py took 0.107 seconds
[2024-07-25T23:40:06.830+0000] {processor.py:161} INFO - Started process (PID=1513) to work on /home/airflow/.local/lib/python3.12/site-packages/airflow/example_dags/example_branch_operator.py
[2024-07-25T23:40:06.831+0000] {processor.py:830} INFO - Processing file /home/airflow/.local/lib/python3.12/site-packages/airflow/example_dags/example_branch_operator.py for tasks to queue
[2024-07-25T23:40:06.833+0000] {logging_mixin.py:188} INFO - [2024-07-25T23:40:06.833+0000] {dagbag.py:545} INFO - Filling up the DagBag from /home/airflow/.local/lib/python3.12/site-packages/airflow/example_dags/example_branch_operator.py
[2024-07-25T23:40:06.850+0000] {processor.py:840} INFO - DAG(s) 'example_branch_operator' retrieved from /home/airflow/.local/lib/python3.12/site-packages/airflow/example_dags/example_branch_operator.py
[2024-07-25T23:40:06.872+0000] {logging_mixin.py:188} INFO - [2024-07-25T23:40:06.872+0000] {dag.py:3089} INFO - Sync 1 DAGs
[2024-07-25T23:40:06.891+0000] {logging_mixin.py:188} INFO - [2024-07-25T23:40:06.890+0000] {dag.py:3947} INFO - Setting next_dagrun for example_branch_operator to 2024-07-24 00:00:00+00:00, run_after=2024-07-25 00:00:00+00:00
[2024-07-25T23:40:06.908+0000] {processor.py:183} INFO - Processing /home/airflow/.local/lib/python3.12/site-packages/airflow/example_dags/example_branch_operator.py took 0.082 seconds
[2024-07-25T23:40:37.001+0000] {processor.py:161} INFO - Started process (PID=1573) to work on /home/airflow/.local/lib/python3.12/site-packages/airflow/example_dags/example_branch_operator.py
[2024-07-25T23:40:37.002+0000] {processor.py:830} INFO - Processing file /home/airflow/.local/lib/python3.12/site-packages/airflow/example_dags/example_branch_operator.py for tasks to queue
[2024-07-25T23:40:37.003+0000] {logging_mixin.py:188} INFO - [2024-07-25T23:40:37.003+0000] {dagbag.py:545} INFO - Filling up the DagBag from /home/airflow/.local/lib/python3.12/site-packages/airflow/example_dags/example_branch_operator.py
[2024-07-25T23:40:37.015+0000] {processor.py:840} INFO - DAG(s) 'example_branch_operator' retrieved from /home/airflow/.local/lib/python3.12/site-packages/airflow/example_dags/example_branch_operator.py
[2024-07-25T23:40:37.039+0000] {logging_mixin.py:188} INFO - [2024-07-25T23:40:37.039+0000] {dag.py:3089} INFO - Sync 1 DAGs
[2024-07-25T23:40:37.057+0000] {logging_mixin.py:188} INFO - [2024-07-25T23:40:37.057+0000] {dag.py:3947} INFO - Setting next_dagrun for example_branch_operator to 2024-07-24 00:00:00+00:00, run_after=2024-07-25 00:00:00+00:00
[2024-07-25T23:40:37.075+0000] {processor.py:183} INFO - Processing /home/airflow/.local/lib/python3.12/site-packages/airflow/example_dags/example_branch_operator.py took 0.079 seconds
[2024-07-25T23:41:07.901+0000] {processor.py:161} INFO - Started process (PID=1633) to work on /home/airflow/.local/lib/python3.12/site-packages/airflow/example_dags/example_branch_operator.py
[2024-07-25T23:41:07.902+0000] {processor.py:830} INFO - Processing file /home/airflow/.local/lib/python3.12/site-packages/airflow/example_dags/example_branch_operator.py for tasks to queue
[2024-07-25T23:41:07.904+0000] {logging_mixin.py:188} INFO - [2024-07-25T23:41:07.904+0000] {dagbag.py:545} INFO - Filling up the DagBag from /home/airflow/.local/lib/python3.12/site-packages/airflow/example_dags/example_branch_operator.py
[2024-07-25T23:41:07.917+0000] {processor.py:840} INFO - DAG(s) 'example_branch_operator' retrieved from /home/airflow/.local/lib/python3.12/site-packages/airflow/example_dags/example_branch_operator.py
[2024-07-25T23:41:07.942+0000] {logging_mixin.py:188} INFO - [2024-07-25T23:41:07.941+0000] {dag.py:3089} INFO - Sync 1 DAGs
[2024-07-25T23:41:07.970+0000] {logging_mixin.py:188} INFO - [2024-07-25T23:41:07.969+0000] {dag.py:3947} INFO - Setting next_dagrun for example_branch_operator to 2024-07-24 00:00:00+00:00, run_after=2024-07-25 00:00:00+00:00
[2024-07-25T23:41:07.996+0000] {processor.py:183} INFO - Processing /home/airflow/.local/lib/python3.12/site-packages/airflow/example_dags/example_branch_operator.py took 0.100 seconds
[2024-07-25T23:41:38.839+0000] {processor.py:161} INFO - Started process (PID=1693) to work on /home/airflow/.local/lib/python3.12/site-packages/airflow/example_dags/example_branch_operator.py
[2024-07-25T23:41:38.846+0000] {processor.py:830} INFO - Processing file /home/airflow/.local/lib/python3.12/site-packages/airflow/example_dags/example_branch_operator.py for tasks to queue
[2024-07-25T23:41:38.849+0000] {logging_mixin.py:188} INFO - [2024-07-25T23:41:38.849+0000] {dagbag.py:545} INFO - Filling up the DagBag from /home/airflow/.local/lib/python3.12/site-packages/airflow/example_dags/example_branch_operator.py
[2024-07-25T23:41:38.863+0000] {processor.py:840} INFO - DAG(s) 'example_branch_operator' retrieved from /home/airflow/.local/lib/python3.12/site-packages/airflow/example_dags/example_branch_operator.py
[2024-07-25T23:41:38.886+0000] {logging_mixin.py:188} INFO - [2024-07-25T23:41:38.886+0000] {dag.py:3089} INFO - Sync 1 DAGs
[2024-07-25T23:41:38.905+0000] {logging_mixin.py:188} INFO - [2024-07-25T23:41:38.905+0000] {dag.py:3947} INFO - Setting next_dagrun for example_branch_operator to 2024-07-24 00:00:00+00:00, run_after=2024-07-25 00:00:00+00:00
[2024-07-25T23:41:39.142+0000] {processor.py:183} INFO - Processing /home/airflow/.local/lib/python3.12/site-packages/airflow/example_dags/example_branch_operator.py took 0.307 seconds
[2024-07-25T23:42:09.845+0000] {processor.py:161} INFO - Started process (PID=1753) to work on /home/airflow/.local/lib/python3.12/site-packages/airflow/example_dags/example_branch_operator.py
[2024-07-25T23:42:09.850+0000] {processor.py:830} INFO - Processing file /home/airflow/.local/lib/python3.12/site-packages/airflow/example_dags/example_branch_operator.py for tasks to queue
[2024-07-25T23:42:09.851+0000] {logging_mixin.py:188} INFO - [2024-07-25T23:42:09.851+0000] {dagbag.py:545} INFO - Filling up the DagBag from /home/airflow/.local/lib/python3.12/site-packages/airflow/example_dags/example_branch_operator.py
[2024-07-25T23:42:09.863+0000] {processor.py:840} INFO - DAG(s) 'example_branch_operator' retrieved from /home/airflow/.local/lib/python3.12/site-packages/airflow/example_dags/example_branch_operator.py
[2024-07-25T23:42:09.882+0000] {logging_mixin.py:188} INFO - [2024-07-25T23:42:09.882+0000] {dag.py:3089} INFO - Sync 1 DAGs
[2024-07-25T23:42:09.897+0000] {logging_mixin.py:188} INFO - [2024-07-25T23:42:09.897+0000] {dag.py:3947} INFO - Setting next_dagrun for example_branch_operator to 2024-07-24 00:00:00+00:00, run_after=2024-07-25 00:00:00+00:00
[2024-07-25T23:42:09.910+0000] {processor.py:183} INFO - Processing /home/airflow/.local/lib/python3.12/site-packages/airflow/example_dags/example_branch_operator.py took 0.068 seconds
[2024-07-25T23:42:40.827+0000] {processor.py:161} INFO - Started process (PID=1813) to work on /home/airflow/.local/lib/python3.12/site-packages/airflow/example_dags/example_branch_operator.py
[2024-07-25T23:42:40.828+0000] {processor.py:830} INFO - Processing file /home/airflow/.local/lib/python3.12/site-packages/airflow/example_dags/example_branch_operator.py for tasks to queue
[2024-07-25T23:42:40.829+0000] {logging_mixin.py:188} INFO - [2024-07-25T23:42:40.829+0000] {dagbag.py:545} INFO - Filling up the DagBag from /home/airflow/.local/lib/python3.12/site-packages/airflow/example_dags/example_branch_operator.py
[2024-07-25T23:42:40.840+0000] {processor.py:840} INFO - DAG(s) 'example_branch_operator' retrieved from /home/airflow/.local/lib/python3.12/site-packages/airflow/example_dags/example_branch_operator.py
[2024-07-25T23:42:40.859+0000] {logging_mixin.py:188} INFO - [2024-07-25T23:42:40.859+0000] {dag.py:3089} INFO - Sync 1 DAGs
[2024-07-25T23:42:40.875+0000] {logging_mixin.py:188} INFO - [2024-07-25T23:42:40.875+0000] {dag.py:3947} INFO - Setting next_dagrun for example_branch_operator to 2024-07-24 00:00:00+00:00, run_after=2024-07-25 00:00:00+00:00
[2024-07-25T23:42:40.887+0000] {processor.py:183} INFO - Processing /home/airflow/.local/lib/python3.12/site-packages/airflow/example_dags/example_branch_operator.py took 0.065 seconds
[2024-07-25T23:43:11.335+0000] {processor.py:161} INFO - Started process (PID=1873) to work on /home/airflow/.local/lib/python3.12/site-packages/airflow/example_dags/example_branch_operator.py
[2024-07-25T23:43:11.338+0000] {processor.py:830} INFO - Processing file /home/airflow/.local/lib/python3.12/site-packages/airflow/example_dags/example_branch_operator.py for tasks to queue
[2024-07-25T23:43:11.342+0000] {logging_mixin.py:188} INFO - [2024-07-25T23:43:11.341+0000] {dagbag.py:545} INFO - Filling up the DagBag from /home/airflow/.local/lib/python3.12/site-packages/airflow/example_dags/example_branch_operator.py
[2024-07-25T23:43:11.358+0000] {processor.py:840} INFO - DAG(s) 'example_branch_operator' retrieved from /home/airflow/.local/lib/python3.12/site-packages/airflow/example_dags/example_branch_operator.py
[2024-07-25T23:43:11.386+0000] {logging_mixin.py:188} INFO - [2024-07-25T23:43:11.385+0000] {dag.py:3089} INFO - Sync 1 DAGs
[2024-07-25T23:43:11.406+0000] {logging_mixin.py:188} INFO - [2024-07-25T23:43:11.406+0000] {dag.py:3947} INFO - Setting next_dagrun for example_branch_operator to 2024-07-24 00:00:00+00:00, run_after=2024-07-25 00:00:00+00:00
[2024-07-25T23:43:11.422+0000] {processor.py:183} INFO - Processing /home/airflow/.local/lib/python3.12/site-packages/airflow/example_dags/example_branch_operator.py took 0.095 seconds
[2024-07-25T23:43:41.633+0000] {processor.py:161} INFO - Started process (PID=1933) to work on /home/airflow/.local/lib/python3.12/site-packages/airflow/example_dags/example_branch_operator.py
[2024-07-25T23:43:41.633+0000] {processor.py:830} INFO - Processing file /home/airflow/.local/lib/python3.12/site-packages/airflow/example_dags/example_branch_operator.py for tasks to queue
[2024-07-25T23:43:41.635+0000] {logging_mixin.py:188} INFO - [2024-07-25T23:43:41.635+0000] {dagbag.py:545} INFO - Filling up the DagBag from /home/airflow/.local/lib/python3.12/site-packages/airflow/example_dags/example_branch_operator.py
[2024-07-25T23:43:41.647+0000] {processor.py:840} INFO - DAG(s) 'example_branch_operator' retrieved from /home/airflow/.local/lib/python3.12/site-packages/airflow/example_dags/example_branch_operator.py
[2024-07-25T23:43:41.684+0000] {logging_mixin.py:188} INFO - [2024-07-25T23:43:41.684+0000] {dag.py:3089} INFO - Sync 1 DAGs
[2024-07-25T23:43:41.810+0000] {logging_mixin.py:188} INFO - [2024-07-25T23:43:41.810+0000] {dag.py:3947} INFO - Setting next_dagrun for example_branch_operator to 2024-07-24 00:00:00+00:00, run_after=2024-07-25 00:00:00+00:00
[2024-07-25T23:43:41.823+0000] {processor.py:183} INFO - Processing /home/airflow/.local/lib/python3.12/site-packages/airflow/example_dags/example_branch_operator.py took 0.194 seconds
[2024-07-25T23:44:12.440+0000] {processor.py:161} INFO - Started process (PID=1992) to work on /home/airflow/.local/lib/python3.12/site-packages/airflow/example_dags/example_branch_operator.py
[2024-07-25T23:44:12.445+0000] {processor.py:830} INFO - Processing file /home/airflow/.local/lib/python3.12/site-packages/airflow/example_dags/example_branch_operator.py for tasks to queue
[2024-07-25T23:44:12.446+0000] {logging_mixin.py:188} INFO - [2024-07-25T23:44:12.446+0000] {dagbag.py:545} INFO - Filling up the DagBag from /home/airflow/.local/lib/python3.12/site-packages/airflow/example_dags/example_branch_operator.py
[2024-07-25T23:44:12.460+0000] {processor.py:840} INFO - DAG(s) 'example_branch_operator' retrieved from /home/airflow/.local/lib/python3.12/site-packages/airflow/example_dags/example_branch_operator.py
[2024-07-25T23:44:12.482+0000] {logging_mixin.py:188} INFO - [2024-07-25T23:44:12.482+0000] {dag.py:3089} INFO - Sync 1 DAGs
[2024-07-25T23:44:12.502+0000] {logging_mixin.py:188} INFO - [2024-07-25T23:44:12.501+0000] {dag.py:3947} INFO - Setting next_dagrun for example_branch_operator to 2024-07-24 00:00:00+00:00, run_after=2024-07-25 00:00:00+00:00
[2024-07-25T23:44:12.523+0000] {processor.py:183} INFO - Processing /home/airflow/.local/lib/python3.12/site-packages/airflow/example_dags/example_branch_operator.py took 0.088 seconds
[2024-07-25T23:44:42.841+0000] {processor.py:161} INFO - Started process (PID=2052) to work on /home/airflow/.local/lib/python3.12/site-packages/airflow/example_dags/example_branch_operator.py
[2024-07-25T23:44:42.845+0000] {processor.py:830} INFO - Processing file /home/airflow/.local/lib/python3.12/site-packages/airflow/example_dags/example_branch_operator.py for tasks to queue
[2024-07-25T23:44:42.846+0000] {logging_mixin.py:188} INFO - [2024-07-25T23:44:42.846+0000] {dagbag.py:545} INFO - Filling up the DagBag from /home/airflow/.local/lib/python3.12/site-packages/airflow/example_dags/example_branch_operator.py
[2024-07-25T23:44:42.858+0000] {processor.py:840} INFO - DAG(s) 'example_branch_operator' retrieved from /home/airflow/.local/lib/python3.12/site-packages/airflow/example_dags/example_branch_operator.py
[2024-07-25T23:44:42.877+0000] {logging_mixin.py:188} INFO - [2024-07-25T23:44:42.877+0000] {dag.py:3089} INFO - Sync 1 DAGs
[2024-07-25T23:44:42.896+0000] {logging_mixin.py:188} INFO - [2024-07-25T23:44:42.896+0000] {dag.py:3947} INFO - Setting next_dagrun for example_branch_operator to 2024-07-24 00:00:00+00:00, run_after=2024-07-25 00:00:00+00:00
[2024-07-25T23:44:42.916+0000] {processor.py:183} INFO - Processing /home/airflow/.local/lib/python3.12/site-packages/airflow/example_dags/example_branch_operator.py took 0.079 seconds
[2024-07-25T23:45:13.357+0000] {processor.py:161} INFO - Started process (PID=2112) to work on /home/airflow/.local/lib/python3.12/site-packages/airflow/example_dags/example_branch_operator.py
[2024-07-25T23:45:13.358+0000] {processor.py:830} INFO - Processing file /home/airflow/.local/lib/python3.12/site-packages/airflow/example_dags/example_branch_operator.py for tasks to queue
[2024-07-25T23:45:13.361+0000] {logging_mixin.py:188} INFO - [2024-07-25T23:45:13.361+0000] {dagbag.py:545} INFO - Filling up the DagBag from /home/airflow/.local/lib/python3.12/site-packages/airflow/example_dags/example_branch_operator.py
[2024-07-25T23:45:13.374+0000] {processor.py:840} INFO - DAG(s) 'example_branch_operator' retrieved from /home/airflow/.local/lib/python3.12/site-packages/airflow/example_dags/example_branch_operator.py
[2024-07-25T23:45:13.393+0000] {logging_mixin.py:188} INFO - [2024-07-25T23:45:13.393+0000] {dag.py:3089} INFO - Sync 1 DAGs
[2024-07-25T23:45:13.414+0000] {logging_mixin.py:188} INFO - [2024-07-25T23:45:13.414+0000] {dag.py:3947} INFO - Setting next_dagrun for example_branch_operator to 2024-07-24 00:00:00+00:00, run_after=2024-07-25 00:00:00+00:00
[2024-07-25T23:45:13.431+0000] {processor.py:183} INFO - Processing /home/airflow/.local/lib/python3.12/site-packages/airflow/example_dags/example_branch_operator.py took 0.078 seconds
[2024-07-25T23:45:43.624+0000] {processor.py:161} INFO - Started process (PID=2172) to work on /home/airflow/.local/lib/python3.12/site-packages/airflow/example_dags/example_branch_operator.py
[2024-07-25T23:45:43.625+0000] {processor.py:830} INFO - Processing file /home/airflow/.local/lib/python3.12/site-packages/airflow/example_dags/example_branch_operator.py for tasks to queue
[2024-07-25T23:45:43.629+0000] {logging_mixin.py:188} INFO - [2024-07-25T23:45:43.628+0000] {dagbag.py:545} INFO - Filling up the DagBag from /home/airflow/.local/lib/python3.12/site-packages/airflow/example_dags/example_branch_operator.py
[2024-07-25T23:45:43.642+0000] {processor.py:840} INFO - DAG(s) 'example_branch_operator' retrieved from /home/airflow/.local/lib/python3.12/site-packages/airflow/example_dags/example_branch_operator.py
[2024-07-25T23:45:43.665+0000] {logging_mixin.py:188} INFO - [2024-07-25T23:45:43.665+0000] {dag.py:3089} INFO - Sync 1 DAGs
[2024-07-25T23:45:43.681+0000] {logging_mixin.py:188} INFO - [2024-07-25T23:45:43.681+0000] {dag.py:3947} INFO - Setting next_dagrun for example_branch_operator to 2024-07-24 00:00:00+00:00, run_after=2024-07-25 00:00:00+00:00
[2024-07-25T23:45:43.696+0000] {processor.py:183} INFO - Processing /home/airflow/.local/lib/python3.12/site-packages/airflow/example_dags/example_branch_operator.py took 0.076 seconds
[2024-07-25T23:46:14.352+0000] {processor.py:161} INFO - Started process (PID=2232) to work on /home/airflow/.local/lib/python3.12/site-packages/airflow/example_dags/example_branch_operator.py
[2024-07-25T23:46:14.355+0000] {processor.py:830} INFO - Processing file /home/airflow/.local/lib/python3.12/site-packages/airflow/example_dags/example_branch_operator.py for tasks to queue
[2024-07-25T23:46:14.356+0000] {logging_mixin.py:188} INFO - [2024-07-25T23:46:14.356+0000] {dagbag.py:545} INFO - Filling up the DagBag from /home/airflow/.local/lib/python3.12/site-packages/airflow/example_dags/example_branch_operator.py
[2024-07-25T23:46:14.373+0000] {processor.py:840} INFO - DAG(s) 'example_branch_operator' retrieved from /home/airflow/.local/lib/python3.12/site-packages/airflow/example_dags/example_branch_operator.py
[2024-07-25T23:46:14.397+0000] {logging_mixin.py:188} INFO - [2024-07-25T23:46:14.396+0000] {dag.py:3089} INFO - Sync 1 DAGs
[2024-07-25T23:46:14.433+0000] {logging_mixin.py:188} INFO - [2024-07-25T23:46:14.433+0000] {dag.py:3947} INFO - Setting next_dagrun for example_branch_operator to 2024-07-24 00:00:00+00:00, run_after=2024-07-25 00:00:00+00:00
[2024-07-25T23:46:14.451+0000] {processor.py:183} INFO - Processing /home/airflow/.local/lib/python3.12/site-packages/airflow/example_dags/example_branch_operator.py took 0.103 seconds
[2024-07-25T23:46:45.122+0000] {processor.py:161} INFO - Started process (PID=2292) to work on /home/airflow/.local/lib/python3.12/site-packages/airflow/example_dags/example_branch_operator.py
[2024-07-25T23:46:45.124+0000] {processor.py:830} INFO - Processing file /home/airflow/.local/lib/python3.12/site-packages/airflow/example_dags/example_branch_operator.py for tasks to queue
[2024-07-25T23:46:45.125+0000] {logging_mixin.py:188} INFO - [2024-07-25T23:46:45.125+0000] {dagbag.py:545} INFO - Filling up the DagBag from /home/airflow/.local/lib/python3.12/site-packages/airflow/example_dags/example_branch_operator.py
[2024-07-25T23:46:45.136+0000] {processor.py:840} INFO - DAG(s) 'example_branch_operator' retrieved from /home/airflow/.local/lib/python3.12/site-packages/airflow/example_dags/example_branch_operator.py
[2024-07-25T23:46:45.156+0000] {logging_mixin.py:188} INFO - [2024-07-25T23:46:45.156+0000] {dag.py:3089} INFO - Sync 1 DAGs
[2024-07-25T23:46:45.171+0000] {logging_mixin.py:188} INFO - [2024-07-25T23:46:45.170+0000] {dag.py:3947} INFO - Setting next_dagrun for example_branch_operator to 2024-07-24 00:00:00+00:00, run_after=2024-07-25 00:00:00+00:00
[2024-07-25T23:46:45.183+0000] {processor.py:183} INFO - Processing /home/airflow/.local/lib/python3.12/site-packages/airflow/example_dags/example_branch_operator.py took 0.065 seconds
[2024-07-25T23:47:15.429+0000] {processor.py:161} INFO - Started process (PID=2352) to work on /home/airflow/.local/lib/python3.12/site-packages/airflow/example_dags/example_branch_operator.py
[2024-07-25T23:47:15.433+0000] {processor.py:830} INFO - Processing file /home/airflow/.local/lib/python3.12/site-packages/airflow/example_dags/example_branch_operator.py for tasks to queue
[2024-07-25T23:47:15.435+0000] {logging_mixin.py:188} INFO - [2024-07-25T23:47:15.434+0000] {dagbag.py:545} INFO - Filling up the DagBag from /home/airflow/.local/lib/python3.12/site-packages/airflow/example_dags/example_branch_operator.py
[2024-07-25T23:47:15.446+0000] {processor.py:840} INFO - DAG(s) 'example_branch_operator' retrieved from /home/airflow/.local/lib/python3.12/site-packages/airflow/example_dags/example_branch_operator.py
[2024-07-25T23:47:15.465+0000] {logging_mixin.py:188} INFO - [2024-07-25T23:47:15.465+0000] {dag.py:3089} INFO - Sync 1 DAGs
[2024-07-25T23:47:15.483+0000] {logging_mixin.py:188} INFO - [2024-07-25T23:47:15.483+0000] {dag.py:3947} INFO - Setting next_dagrun for example_branch_operator to 2024-07-24 00:00:00+00:00, run_after=2024-07-25 00:00:00+00:00
[2024-07-25T23:47:15.500+0000] {processor.py:183} INFO - Processing /home/airflow/.local/lib/python3.12/site-packages/airflow/example_dags/example_branch_operator.py took 0.075 seconds
[2024-07-25T23:47:45.625+0000] {processor.py:161} INFO - Started process (PID=2411) to work on /home/airflow/.local/lib/python3.12/site-packages/airflow/example_dags/example_branch_operator.py
[2024-07-25T23:47:45.627+0000] {processor.py:830} INFO - Processing file /home/airflow/.local/lib/python3.12/site-packages/airflow/example_dags/example_branch_operator.py for tasks to queue
[2024-07-25T23:47:45.630+0000] {logging_mixin.py:188} INFO - [2024-07-25T23:47:45.630+0000] {dagbag.py:545} INFO - Filling up the DagBag from /home/airflow/.local/lib/python3.12/site-packages/airflow/example_dags/example_branch_operator.py
[2024-07-25T23:47:45.645+0000] {processor.py:840} INFO - DAG(s) 'example_branch_operator' retrieved from /home/airflow/.local/lib/python3.12/site-packages/airflow/example_dags/example_branch_operator.py
[2024-07-25T23:47:45.664+0000] {logging_mixin.py:188} INFO - [2024-07-25T23:47:45.664+0000] {dag.py:3089} INFO - Sync 1 DAGs
[2024-07-25T23:47:45.683+0000] {logging_mixin.py:188} INFO - [2024-07-25T23:47:45.683+0000] {dag.py:3947} INFO - Setting next_dagrun for example_branch_operator to 2024-07-24 00:00:00+00:00, run_after=2024-07-25 00:00:00+00:00
[2024-07-25T23:47:45.701+0000] {processor.py:183} INFO - Processing /home/airflow/.local/lib/python3.12/site-packages/airflow/example_dags/example_branch_operator.py took 0.081 seconds
[2024-07-25T23:48:15.979+0000] {processor.py:161} INFO - Started process (PID=2471) to work on /home/airflow/.local/lib/python3.12/site-packages/airflow/example_dags/example_branch_operator.py
[2024-07-25T23:48:15.981+0000] {processor.py:830} INFO - Processing file /home/airflow/.local/lib/python3.12/site-packages/airflow/example_dags/example_branch_operator.py for tasks to queue
[2024-07-25T23:48:15.982+0000] {logging_mixin.py:188} INFO - [2024-07-25T23:48:15.982+0000] {dagbag.py:545} INFO - Filling up the DagBag from /home/airflow/.local/lib/python3.12/site-packages/airflow/example_dags/example_branch_operator.py
[2024-07-25T23:48:15.996+0000] {processor.py:840} INFO - DAG(s) 'example_branch_operator' retrieved from /home/airflow/.local/lib/python3.12/site-packages/airflow/example_dags/example_branch_operator.py
[2024-07-25T23:48:16.015+0000] {logging_mixin.py:188} INFO - [2024-07-25T23:48:16.015+0000] {dag.py:3089} INFO - Sync 1 DAGs
[2024-07-25T23:48:16.033+0000] {logging_mixin.py:188} INFO - [2024-07-25T23:48:16.033+0000] {dag.py:3947} INFO - Setting next_dagrun for example_branch_operator to 2024-07-24 00:00:00+00:00, run_after=2024-07-25 00:00:00+00:00
[2024-07-25T23:48:16.049+0000] {processor.py:183} INFO - Processing /home/airflow/.local/lib/python3.12/site-packages/airflow/example_dags/example_branch_operator.py took 0.075 seconds
[2024-07-25T23:48:46.269+0000] {processor.py:161} INFO - Started process (PID=2531) to work on /home/airflow/.local/lib/python3.12/site-packages/airflow/example_dags/example_branch_operator.py
[2024-07-25T23:48:46.271+0000] {processor.py:830} INFO - Processing file /home/airflow/.local/lib/python3.12/site-packages/airflow/example_dags/example_branch_operator.py for tasks to queue
[2024-07-25T23:48:46.273+0000] {logging_mixin.py:188} INFO - [2024-07-25T23:48:46.272+0000] {dagbag.py:545} INFO - Filling up the DagBag from /home/airflow/.local/lib/python3.12/site-packages/airflow/example_dags/example_branch_operator.py
[2024-07-25T23:48:46.284+0000] {processor.py:840} INFO - DAG(s) 'example_branch_operator' retrieved from /home/airflow/.local/lib/python3.12/site-packages/airflow/example_dags/example_branch_operator.py
[2024-07-25T23:48:46.310+0000] {logging_mixin.py:188} INFO - [2024-07-25T23:48:46.310+0000] {dag.py:3089} INFO - Sync 1 DAGs
[2024-07-25T23:48:46.325+0000] {logging_mixin.py:188} INFO - [2024-07-25T23:48:46.325+0000] {dag.py:3947} INFO - Setting next_dagrun for example_branch_operator to 2024-07-24 00:00:00+00:00, run_after=2024-07-25 00:00:00+00:00
[2024-07-25T23:48:46.341+0000] {processor.py:183} INFO - Processing /home/airflow/.local/lib/python3.12/site-packages/airflow/example_dags/example_branch_operator.py took 0.077 seconds
[2024-07-25T23:49:16.864+0000] {processor.py:161} INFO - Started process (PID=2591) to work on /home/airflow/.local/lib/python3.12/site-packages/airflow/example_dags/example_branch_operator.py
[2024-07-25T23:49:16.866+0000] {processor.py:830} INFO - Processing file /home/airflow/.local/lib/python3.12/site-packages/airflow/example_dags/example_branch_operator.py for tasks to queue
[2024-07-25T23:49:16.870+0000] {logging_mixin.py:188} INFO - [2024-07-25T23:49:16.869+0000] {dagbag.py:545} INFO - Filling up the DagBag from /home/airflow/.local/lib/python3.12/site-packages/airflow/example_dags/example_branch_operator.py
[2024-07-25T23:49:16.895+0000] {processor.py:840} INFO - DAG(s) 'example_branch_operator' retrieved from /home/airflow/.local/lib/python3.12/site-packages/airflow/example_dags/example_branch_operator.py
[2024-07-25T23:49:16.927+0000] {logging_mixin.py:188} INFO - [2024-07-25T23:49:16.927+0000] {dag.py:3089} INFO - Sync 1 DAGs
[2024-07-25T23:49:16.950+0000] {logging_mixin.py:188} INFO - [2024-07-25T23:49:16.949+0000] {dag.py:3947} INFO - Setting next_dagrun for example_branch_operator to 2024-07-24 00:00:00+00:00, run_after=2024-07-25 00:00:00+00:00
[2024-07-25T23:49:16.967+0000] {processor.py:183} INFO - Processing /home/airflow/.local/lib/python3.12/site-packages/airflow/example_dags/example_branch_operator.py took 0.113 seconds
[2024-07-25T23:49:47.008+0000] {processor.py:161} INFO - Started process (PID=2650) to work on /home/airflow/.local/lib/python3.12/site-packages/airflow/example_dags/example_branch_operator.py
[2024-07-25T23:49:47.009+0000] {processor.py:830} INFO - Processing file /home/airflow/.local/lib/python3.12/site-packages/airflow/example_dags/example_branch_operator.py for tasks to queue
[2024-07-25T23:49:47.012+0000] {logging_mixin.py:188} INFO - [2024-07-25T23:49:47.012+0000] {dagbag.py:545} INFO - Filling up the DagBag from /home/airflow/.local/lib/python3.12/site-packages/airflow/example_dags/example_branch_operator.py
[2024-07-25T23:49:47.023+0000] {processor.py:840} INFO - DAG(s) 'example_branch_operator' retrieved from /home/airflow/.local/lib/python3.12/site-packages/airflow/example_dags/example_branch_operator.py
[2024-07-25T23:49:47.043+0000] {logging_mixin.py:188} INFO - [2024-07-25T23:49:47.042+0000] {dag.py:3089} INFO - Sync 1 DAGs
[2024-07-25T23:49:47.064+0000] {logging_mixin.py:188} INFO - [2024-07-25T23:49:47.064+0000] {dag.py:3947} INFO - Setting next_dagrun for example_branch_operator to 2024-07-24 00:00:00+00:00, run_after=2024-07-25 00:00:00+00:00
[2024-07-25T23:49:47.083+0000] {processor.py:183} INFO - Processing /home/airflow/.local/lib/python3.12/site-packages/airflow/example_dags/example_branch_operator.py took 0.079 seconds
[2024-07-25T23:50:17.267+0000] {processor.py:161} INFO - Started process (PID=2710) to work on /home/airflow/.local/lib/python3.12/site-packages/airflow/example_dags/example_branch_operator.py
[2024-07-25T23:50:17.270+0000] {processor.py:830} INFO - Processing file /home/airflow/.local/lib/python3.12/site-packages/airflow/example_dags/example_branch_operator.py for tasks to queue
[2024-07-25T23:50:17.271+0000] {logging_mixin.py:188} INFO - [2024-07-25T23:50:17.271+0000] {dagbag.py:545} INFO - Filling up the DagBag from /home/airflow/.local/lib/python3.12/site-packages/airflow/example_dags/example_branch_operator.py
[2024-07-25T23:50:17.284+0000] {processor.py:840} INFO - DAG(s) 'example_branch_operator' retrieved from /home/airflow/.local/lib/python3.12/site-packages/airflow/example_dags/example_branch_operator.py
[2024-07-25T23:50:17.304+0000] {logging_mixin.py:188} INFO - [2024-07-25T23:50:17.304+0000] {dag.py:3089} INFO - Sync 1 DAGs
[2024-07-25T23:50:17.325+0000] {logging_mixin.py:188} INFO - [2024-07-25T23:50:17.325+0000] {dag.py:3947} INFO - Setting next_dagrun for example_branch_operator to 2024-07-24 00:00:00+00:00, run_after=2024-07-25 00:00:00+00:00
[2024-07-25T23:50:17.345+0000] {processor.py:183} INFO - Processing /home/airflow/.local/lib/python3.12/site-packages/airflow/example_dags/example_branch_operator.py took 0.081 seconds
[2024-07-25T23:50:47.407+0000] {processor.py:161} INFO - Started process (PID=2770) to work on /home/airflow/.local/lib/python3.12/site-packages/airflow/example_dags/example_branch_operator.py
[2024-07-25T23:50:47.408+0000] {processor.py:830} INFO - Processing file /home/airflow/.local/lib/python3.12/site-packages/airflow/example_dags/example_branch_operator.py for tasks to queue
[2024-07-25T23:50:47.411+0000] {logging_mixin.py:188} INFO - [2024-07-25T23:50:47.411+0000] {dagbag.py:545} INFO - Filling up the DagBag from /home/airflow/.local/lib/python3.12/site-packages/airflow/example_dags/example_branch_operator.py
[2024-07-25T23:50:47.422+0000] {processor.py:840} INFO - DAG(s) 'example_branch_operator' retrieved from /home/airflow/.local/lib/python3.12/site-packages/airflow/example_dags/example_branch_operator.py
[2024-07-25T23:50:47.444+0000] {logging_mixin.py:188} INFO - [2024-07-25T23:50:47.443+0000] {dag.py:3089} INFO - Sync 1 DAGs
[2024-07-25T23:50:47.463+0000] {logging_mixin.py:188} INFO - [2024-07-25T23:50:47.463+0000] {dag.py:3947} INFO - Setting next_dagrun for example_branch_operator to 2024-07-24 00:00:00+00:00, run_after=2024-07-25 00:00:00+00:00
[2024-07-25T23:50:47.479+0000] {processor.py:183} INFO - Processing /home/airflow/.local/lib/python3.12/site-packages/airflow/example_dags/example_branch_operator.py took 0.076 seconds
[2024-07-25T23:51:17.702+0000] {processor.py:161} INFO - Started process (PID=2830) to work on /home/airflow/.local/lib/python3.12/site-packages/airflow/example_dags/example_branch_operator.py
[2024-07-25T23:51:17.705+0000] {processor.py:830} INFO - Processing file /home/airflow/.local/lib/python3.12/site-packages/airflow/example_dags/example_branch_operator.py for tasks to queue
[2024-07-25T23:51:17.707+0000] {logging_mixin.py:188} INFO - [2024-07-25T23:51:17.707+0000] {dagbag.py:545} INFO - Filling up the DagBag from /home/airflow/.local/lib/python3.12/site-packages/airflow/example_dags/example_branch_operator.py
[2024-07-25T23:51:17.719+0000] {processor.py:840} INFO - DAG(s) 'example_branch_operator' retrieved from /home/airflow/.local/lib/python3.12/site-packages/airflow/example_dags/example_branch_operator.py
[2024-07-25T23:51:17.737+0000] {logging_mixin.py:188} INFO - [2024-07-25T23:51:17.737+0000] {dag.py:3089} INFO - Sync 1 DAGs
[2024-07-25T23:51:17.757+0000] {logging_mixin.py:188} INFO - [2024-07-25T23:51:17.757+0000] {dag.py:3947} INFO - Setting next_dagrun for example_branch_operator to 2024-07-24 00:00:00+00:00, run_after=2024-07-25 00:00:00+00:00
[2024-07-25T23:51:17.773+0000] {processor.py:183} INFO - Processing /home/airflow/.local/lib/python3.12/site-packages/airflow/example_dags/example_branch_operator.py took 0.075 seconds
[2024-07-25T23:51:50.019+0000] {processor.py:161} INFO - Started process (PID=2890) to work on /home/airflow/.local/lib/python3.12/site-packages/airflow/example_dags/example_branch_operator.py
[2024-07-25T23:51:50.023+0000] {processor.py:830} INFO - Processing file /home/airflow/.local/lib/python3.12/site-packages/airflow/example_dags/example_branch_operator.py for tasks to queue
[2024-07-25T23:51:50.028+0000] {logging_mixin.py:188} INFO - [2024-07-25T23:51:50.028+0000] {dagbag.py:545} INFO - Filling up the DagBag from /home/airflow/.local/lib/python3.12/site-packages/airflow/example_dags/example_branch_operator.py
[2024-07-25T23:51:50.047+0000] {processor.py:840} INFO - DAG(s) 'example_branch_operator' retrieved from /home/airflow/.local/lib/python3.12/site-packages/airflow/example_dags/example_branch_operator.py
[2024-07-25T23:51:50.086+0000] {logging_mixin.py:188} INFO - [2024-07-25T23:51:50.085+0000] {dag.py:3089} INFO - Sync 1 DAGs
[2024-07-25T23:51:50.110+0000] {logging_mixin.py:188} INFO - [2024-07-25T23:51:50.110+0000] {dag.py:3947} INFO - Setting next_dagrun for example_branch_operator to 2024-07-24 00:00:00+00:00, run_after=2024-07-25 00:00:00+00:00
[2024-07-25T23:51:50.133+0000] {processor.py:183} INFO - Processing /home/airflow/.local/lib/python3.12/site-packages/airflow/example_dags/example_branch_operator.py took 0.124 seconds
[2024-07-25T23:52:20.327+0000] {processor.py:161} INFO - Started process (PID=2950) to work on /home/airflow/.local/lib/python3.12/site-packages/airflow/example_dags/example_branch_operator.py
[2024-07-25T23:52:20.328+0000] {processor.py:830} INFO - Processing file /home/airflow/.local/lib/python3.12/site-packages/airflow/example_dags/example_branch_operator.py for tasks to queue
[2024-07-25T23:52:20.330+0000] {logging_mixin.py:188} INFO - [2024-07-25T23:52:20.329+0000] {dagbag.py:545} INFO - Filling up the DagBag from /home/airflow/.local/lib/python3.12/site-packages/airflow/example_dags/example_branch_operator.py
[2024-07-25T23:52:20.341+0000] {processor.py:840} INFO - DAG(s) 'example_branch_operator' retrieved from /home/airflow/.local/lib/python3.12/site-packages/airflow/example_dags/example_branch_operator.py
[2024-07-25T23:52:20.359+0000] {logging_mixin.py:188} INFO - [2024-07-25T23:52:20.359+0000] {dag.py:3089} INFO - Sync 1 DAGs
[2024-07-25T23:52:20.374+0000] {logging_mixin.py:188} INFO - [2024-07-25T23:52:20.373+0000] {dag.py:3947} INFO - Setting next_dagrun for example_branch_operator to 2024-07-24 00:00:00+00:00, run_after=2024-07-25 00:00:00+00:00
[2024-07-25T23:52:20.385+0000] {processor.py:183} INFO - Processing /home/airflow/.local/lib/python3.12/site-packages/airflow/example_dags/example_branch_operator.py took 0.062 seconds
[2024-07-25T23:52:51.310+0000] {processor.py:161} INFO - Started process (PID=3008) to work on /home/airflow/.local/lib/python3.12/site-packages/airflow/example_dags/example_branch_operator.py
[2024-07-25T23:52:51.311+0000] {processor.py:830} INFO - Processing file /home/airflow/.local/lib/python3.12/site-packages/airflow/example_dags/example_branch_operator.py for tasks to queue
[2024-07-25T23:52:51.313+0000] {logging_mixin.py:188} INFO - [2024-07-25T23:52:51.313+0000] {dagbag.py:545} INFO - Filling up the DagBag from /home/airflow/.local/lib/python3.12/site-packages/airflow/example_dags/example_branch_operator.py
[2024-07-25T23:52:51.328+0000] {processor.py:840} INFO - DAG(s) 'example_branch_operator' retrieved from /home/airflow/.local/lib/python3.12/site-packages/airflow/example_dags/example_branch_operator.py
[2024-07-25T23:52:51.355+0000] {logging_mixin.py:188} INFO - [2024-07-25T23:52:51.355+0000] {dag.py:3089} INFO - Sync 1 DAGs
[2024-07-25T23:52:51.374+0000] {logging_mixin.py:188} INFO - [2024-07-25T23:52:51.374+0000] {dag.py:3947} INFO - Setting next_dagrun for example_branch_operator to 2024-07-24 00:00:00+00:00, run_after=2024-07-25 00:00:00+00:00
[2024-07-25T23:52:51.389+0000] {processor.py:183} INFO - Processing /home/airflow/.local/lib/python3.12/site-packages/airflow/example_dags/example_branch_operator.py took 0.087 seconds
[2024-07-25T23:53:21.827+0000] {processor.py:161} INFO - Started process (PID=3068) to work on /home/airflow/.local/lib/python3.12/site-packages/airflow/example_dags/example_branch_operator.py
[2024-07-25T23:53:21.828+0000] {processor.py:830} INFO - Processing file /home/airflow/.local/lib/python3.12/site-packages/airflow/example_dags/example_branch_operator.py for tasks to queue
[2024-07-25T23:53:21.829+0000] {logging_mixin.py:188} INFO - [2024-07-25T23:53:21.829+0000] {dagbag.py:545} INFO - Filling up the DagBag from /home/airflow/.local/lib/python3.12/site-packages/airflow/example_dags/example_branch_operator.py
[2024-07-25T23:53:21.842+0000] {processor.py:840} INFO - DAG(s) 'example_branch_operator' retrieved from /home/airflow/.local/lib/python3.12/site-packages/airflow/example_dags/example_branch_operator.py
[2024-07-25T23:53:21.869+0000] {logging_mixin.py:188} INFO - [2024-07-25T23:53:21.869+0000] {dag.py:3089} INFO - Sync 1 DAGs
[2024-07-25T23:53:21.890+0000] {logging_mixin.py:188} INFO - [2024-07-25T23:53:21.890+0000] {dag.py:3947} INFO - Setting next_dagrun for example_branch_operator to 2024-07-24 00:00:00+00:00, run_after=2024-07-25 00:00:00+00:00
[2024-07-25T23:53:21.905+0000] {processor.py:183} INFO - Processing /home/airflow/.local/lib/python3.12/site-packages/airflow/example_dags/example_branch_operator.py took 0.083 seconds
[2024-07-25T23:53:52.114+0000] {processor.py:161} INFO - Started process (PID=3128) to work on /home/airflow/.local/lib/python3.12/site-packages/airflow/example_dags/example_branch_operator.py
[2024-07-25T23:53:52.118+0000] {processor.py:830} INFO - Processing file /home/airflow/.local/lib/python3.12/site-packages/airflow/example_dags/example_branch_operator.py for tasks to queue
[2024-07-25T23:53:52.120+0000] {logging_mixin.py:188} INFO - [2024-07-25T23:53:52.120+0000] {dagbag.py:545} INFO - Filling up the DagBag from /home/airflow/.local/lib/python3.12/site-packages/airflow/example_dags/example_branch_operator.py
[2024-07-25T23:53:52.133+0000] {processor.py:840} INFO - DAG(s) 'example_branch_operator' retrieved from /home/airflow/.local/lib/python3.12/site-packages/airflow/example_dags/example_branch_operator.py
[2024-07-25T23:53:52.154+0000] {logging_mixin.py:188} INFO - [2024-07-25T23:53:52.154+0000] {dag.py:3089} INFO - Sync 1 DAGs
[2024-07-25T23:53:52.173+0000] {logging_mixin.py:188} INFO - [2024-07-25T23:53:52.173+0000] {dag.py:3947} INFO - Setting next_dagrun for example_branch_operator to 2024-07-24 00:00:00+00:00, run_after=2024-07-25 00:00:00+00:00
[2024-07-25T23:53:52.190+0000] {processor.py:183} INFO - Processing /home/airflow/.local/lib/python3.12/site-packages/airflow/example_dags/example_branch_operator.py took 0.081 seconds
[2024-07-25T23:54:22.387+0000] {processor.py:161} INFO - Started process (PID=3188) to work on /home/airflow/.local/lib/python3.12/site-packages/airflow/example_dags/example_branch_operator.py
[2024-07-25T23:54:22.391+0000] {processor.py:830} INFO - Processing file /home/airflow/.local/lib/python3.12/site-packages/airflow/example_dags/example_branch_operator.py for tasks to queue
[2024-07-25T23:54:22.393+0000] {logging_mixin.py:188} INFO - [2024-07-25T23:54:22.393+0000] {dagbag.py:545} INFO - Filling up the DagBag from /home/airflow/.local/lib/python3.12/site-packages/airflow/example_dags/example_branch_operator.py
[2024-07-25T23:54:22.406+0000] {processor.py:840} INFO - DAG(s) 'example_branch_operator' retrieved from /home/airflow/.local/lib/python3.12/site-packages/airflow/example_dags/example_branch_operator.py
[2024-07-25T23:54:22.427+0000] {logging_mixin.py:188} INFO - [2024-07-25T23:54:22.427+0000] {dag.py:3089} INFO - Sync 1 DAGs
[2024-07-25T23:54:22.452+0000] {logging_mixin.py:188} INFO - [2024-07-25T23:54:22.452+0000] {dag.py:3947} INFO - Setting next_dagrun for example_branch_operator to 2024-07-24 00:00:00+00:00, run_after=2024-07-25 00:00:00+00:00
[2024-07-25T23:54:22.471+0000] {processor.py:183} INFO - Processing /home/airflow/.local/lib/python3.12/site-packages/airflow/example_dags/example_branch_operator.py took 0.089 seconds
