[2024-07-25T23:17:24.986+0000] {processor.py:161} INFO - Started process (PID=104) to work on /home/airflow/.local/lib/python3.12/site-packages/airflow/example_dags/example_params_ui_tutorial.py
[2024-07-25T23:17:24.989+0000] {processor.py:830} INFO - Processing file /home/airflow/.local/lib/python3.12/site-packages/airflow/example_dags/example_params_ui_tutorial.py for tasks to queue
[2024-07-25T23:17:24.990+0000] {logging_mixin.py:188} INFO - [2024-07-25T23:17:24.990+0000] {dagbag.py:545} INFO - Filling up the DagBag from /home/airflow/.local/lib/python3.12/site-packages/airflow/example_dags/example_params_ui_tutorial.py
[2024-07-25T23:17:24.998+0000] {processor.py:840} INFO - DAG(s) 'example_params_ui_tutorial' retrieved from /home/airflow/.local/lib/python3.12/site-packages/airflow/example_dags/example_params_ui_tutorial.py
[2024-07-25T23:17:25.010+0000] {logging_mixin.py:188} INFO - [2024-07-25T23:17:25.010+0000] {dag.py:3089} INFO - Sync 1 DAGs
[2024-07-25T23:17:25.030+0000] {logging_mixin.py:188} INFO - [2024-07-25T23:17:25.029+0000] {dag.py:3947} INFO - Setting next_dagrun for example_params_ui_tutorial to None, run_after=None
[2024-07-25T23:17:25.053+0000] {processor.py:183} INFO - Processing /home/airflow/.local/lib/python3.12/site-packages/airflow/example_dags/example_params_ui_tutorial.py took 0.071 seconds
[2024-07-25T23:17:55.602+0000] {processor.py:161} INFO - Started process (PID=164) to work on /home/airflow/.local/lib/python3.12/site-packages/airflow/example_dags/example_params_ui_tutorial.py
[2024-07-25T23:17:55.606+0000] {processor.py:830} INFO - Processing file /home/airflow/.local/lib/python3.12/site-packages/airflow/example_dags/example_params_ui_tutorial.py for tasks to queue
[2024-07-25T23:17:55.607+0000] {logging_mixin.py:188} INFO - [2024-07-25T23:17:55.607+0000] {dagbag.py:545} INFO - Filling up the DagBag from /home/airflow/.local/lib/python3.12/site-packages/airflow/example_dags/example_params_ui_tutorial.py
[2024-07-25T23:17:55.613+0000] {processor.py:840} INFO - DAG(s) 'example_params_ui_tutorial' retrieved from /home/airflow/.local/lib/python3.12/site-packages/airflow/example_dags/example_params_ui_tutorial.py
[2024-07-25T23:17:55.713+0000] {logging_mixin.py:188} INFO - [2024-07-25T23:17:55.713+0000] {dag.py:3089} INFO - Sync 1 DAGs
[2024-07-25T23:17:55.727+0000] {logging_mixin.py:188} INFO - [2024-07-25T23:17:55.727+0000] {dag.py:3947} INFO - Setting next_dagrun for example_params_ui_tutorial to None, run_after=None
[2024-07-25T23:17:55.742+0000] {processor.py:183} INFO - Processing /home/airflow/.local/lib/python3.12/site-packages/airflow/example_dags/example_params_ui_tutorial.py took 0.144 seconds
[2024-07-25T23:18:26.135+0000] {processor.py:161} INFO - Started process (PID=224) to work on /home/airflow/.local/lib/python3.12/site-packages/airflow/example_dags/example_params_ui_tutorial.py
[2024-07-25T23:18:26.136+0000] {processor.py:830} INFO - Processing file /home/airflow/.local/lib/python3.12/site-packages/airflow/example_dags/example_params_ui_tutorial.py for tasks to queue
[2024-07-25T23:18:26.138+0000] {logging_mixin.py:188} INFO - [2024-07-25T23:18:26.137+0000] {dagbag.py:545} INFO - Filling up the DagBag from /home/airflow/.local/lib/python3.12/site-packages/airflow/example_dags/example_params_ui_tutorial.py
[2024-07-25T23:18:26.145+0000] {processor.py:840} INFO - DAG(s) 'example_params_ui_tutorial' retrieved from /home/airflow/.local/lib/python3.12/site-packages/airflow/example_dags/example_params_ui_tutorial.py
[2024-07-25T23:18:26.179+0000] {logging_mixin.py:188} INFO - [2024-07-25T23:18:26.179+0000] {dag.py:3089} INFO - Sync 1 DAGs
[2024-07-25T23:18:26.189+0000] {logging_mixin.py:188} INFO - [2024-07-25T23:18:26.189+0000] {dag.py:3947} INFO - Setting next_dagrun for example_params_ui_tutorial to None, run_after=None
[2024-07-25T23:18:26.202+0000] {processor.py:183} INFO - Processing /home/airflow/.local/lib/python3.12/site-packages/airflow/example_dags/example_params_ui_tutorial.py took 0.071 seconds
[2024-07-25T23:18:56.900+0000] {processor.py:161} INFO - Started process (PID=284) to work on /home/airflow/.local/lib/python3.12/site-packages/airflow/example_dags/example_params_ui_tutorial.py
[2024-07-25T23:18:56.900+0000] {processor.py:830} INFO - Processing file /home/airflow/.local/lib/python3.12/site-packages/airflow/example_dags/example_params_ui_tutorial.py for tasks to queue
[2024-07-25T23:18:56.902+0000] {logging_mixin.py:188} INFO - [2024-07-25T23:18:56.901+0000] {dagbag.py:545} INFO - Filling up the DagBag from /home/airflow/.local/lib/python3.12/site-packages/airflow/example_dags/example_params_ui_tutorial.py
[2024-07-25T23:18:56.906+0000] {processor.py:840} INFO - DAG(s) 'example_params_ui_tutorial' retrieved from /home/airflow/.local/lib/python3.12/site-packages/airflow/example_dags/example_params_ui_tutorial.py
[2024-07-25T23:18:56.937+0000] {logging_mixin.py:188} INFO - [2024-07-25T23:18:56.937+0000] {dag.py:3089} INFO - Sync 1 DAGs
[2024-07-25T23:18:56.945+0000] {logging_mixin.py:188} INFO - [2024-07-25T23:18:56.945+0000] {dag.py:3947} INFO - Setting next_dagrun for example_params_ui_tutorial to None, run_after=None
[2024-07-25T23:18:56.956+0000] {processor.py:183} INFO - Processing /home/airflow/.local/lib/python3.12/site-packages/airflow/example_dags/example_params_ui_tutorial.py took 0.060 seconds
[2024-07-25T23:19:27.872+0000] {processor.py:161} INFO - Started process (PID=344) to work on /home/airflow/.local/lib/python3.12/site-packages/airflow/example_dags/example_params_ui_tutorial.py
[2024-07-25T23:19:27.873+0000] {processor.py:830} INFO - Processing file /home/airflow/.local/lib/python3.12/site-packages/airflow/example_dags/example_params_ui_tutorial.py for tasks to queue
[2024-07-25T23:19:27.875+0000] {logging_mixin.py:188} INFO - [2024-07-25T23:19:27.874+0000] {dagbag.py:545} INFO - Filling up the DagBag from /home/airflow/.local/lib/python3.12/site-packages/airflow/example_dags/example_params_ui_tutorial.py
[2024-07-25T23:19:27.880+0000] {processor.py:840} INFO - DAG(s) 'example_params_ui_tutorial' retrieved from /home/airflow/.local/lib/python3.12/site-packages/airflow/example_dags/example_params_ui_tutorial.py
[2024-07-25T23:19:27.916+0000] {logging_mixin.py:188} INFO - [2024-07-25T23:19:27.915+0000] {dag.py:3089} INFO - Sync 1 DAGs
[2024-07-25T23:19:27.924+0000] {logging_mixin.py:188} INFO - [2024-07-25T23:19:27.924+0000] {dag.py:3947} INFO - Setting next_dagrun for example_params_ui_tutorial to None, run_after=None
[2024-07-25T23:19:27.943+0000] {processor.py:183} INFO - Processing /home/airflow/.local/lib/python3.12/site-packages/airflow/example_dags/example_params_ui_tutorial.py took 0.076 seconds
[2024-07-25T23:19:59.465+0000] {processor.py:161} INFO - Started process (PID=404) to work on /home/airflow/.local/lib/python3.12/site-packages/airflow/example_dags/example_params_ui_tutorial.py
[2024-07-25T23:19:59.470+0000] {processor.py:830} INFO - Processing file /home/airflow/.local/lib/python3.12/site-packages/airflow/example_dags/example_params_ui_tutorial.py for tasks to queue
[2024-07-25T23:19:59.472+0000] {logging_mixin.py:188} INFO - [2024-07-25T23:19:59.471+0000] {dagbag.py:545} INFO - Filling up the DagBag from /home/airflow/.local/lib/python3.12/site-packages/airflow/example_dags/example_params_ui_tutorial.py
[2024-07-25T23:19:59.480+0000] {processor.py:840} INFO - DAG(s) 'example_params_ui_tutorial' retrieved from /home/airflow/.local/lib/python3.12/site-packages/airflow/example_dags/example_params_ui_tutorial.py
[2024-07-25T23:19:59.534+0000] {logging_mixin.py:188} INFO - [2024-07-25T23:19:59.534+0000] {dag.py:3089} INFO - Sync 1 DAGs
[2024-07-25T23:19:59.555+0000] {logging_mixin.py:188} INFO - [2024-07-25T23:19:59.555+0000] {dag.py:3947} INFO - Setting next_dagrun for example_params_ui_tutorial to None, run_after=None
[2024-07-25T23:19:59.584+0000] {processor.py:183} INFO - Processing /home/airflow/.local/lib/python3.12/site-packages/airflow/example_dags/example_params_ui_tutorial.py took 0.125 seconds
[2024-07-25T23:20:29.804+0000] {processor.py:161} INFO - Started process (PID=464) to work on /home/airflow/.local/lib/python3.12/site-packages/airflow/example_dags/example_params_ui_tutorial.py
[2024-07-25T23:20:29.810+0000] {processor.py:830} INFO - Processing file /home/airflow/.local/lib/python3.12/site-packages/airflow/example_dags/example_params_ui_tutorial.py for tasks to queue
[2024-07-25T23:20:29.812+0000] {logging_mixin.py:188} INFO - [2024-07-25T23:20:29.812+0000] {dagbag.py:545} INFO - Filling up the DagBag from /home/airflow/.local/lib/python3.12/site-packages/airflow/example_dags/example_params_ui_tutorial.py
[2024-07-25T23:20:29.817+0000] {processor.py:840} INFO - DAG(s) 'example_params_ui_tutorial' retrieved from /home/airflow/.local/lib/python3.12/site-packages/airflow/example_dags/example_params_ui_tutorial.py
[2024-07-25T23:20:29.868+0000] {logging_mixin.py:188} INFO - [2024-07-25T23:20:29.867+0000] {dag.py:3089} INFO - Sync 1 DAGs
[2024-07-25T23:20:29.890+0000] {logging_mixin.py:188} INFO - [2024-07-25T23:20:29.890+0000] {dag.py:3947} INFO - Setting next_dagrun for example_params_ui_tutorial to None, run_after=None
[2024-07-25T23:20:29.958+0000] {processor.py:183} INFO - Processing /home/airflow/.local/lib/python3.12/site-packages/airflow/example_dags/example_params_ui_tutorial.py took 0.158 seconds
[2024-07-25T23:21:01.492+0000] {processor.py:161} INFO - Started process (PID=524) to work on /home/airflow/.local/lib/python3.12/site-packages/airflow/example_dags/example_params_ui_tutorial.py
[2024-07-25T23:21:01.495+0000] {processor.py:830} INFO - Processing file /home/airflow/.local/lib/python3.12/site-packages/airflow/example_dags/example_params_ui_tutorial.py for tasks to queue
[2024-07-25T23:21:01.497+0000] {logging_mixin.py:188} INFO - [2024-07-25T23:21:01.497+0000] {dagbag.py:545} INFO - Filling up the DagBag from /home/airflow/.local/lib/python3.12/site-packages/airflow/example_dags/example_params_ui_tutorial.py
[2024-07-25T23:21:01.509+0000] {processor.py:840} INFO - DAG(s) 'example_params_ui_tutorial' retrieved from /home/airflow/.local/lib/python3.12/site-packages/airflow/example_dags/example_params_ui_tutorial.py
[2024-07-25T23:21:01.573+0000] {logging_mixin.py:188} INFO - [2024-07-25T23:21:01.573+0000] {dag.py:3089} INFO - Sync 1 DAGs
[2024-07-25T23:21:01.592+0000] {logging_mixin.py:188} INFO - [2024-07-25T23:21:01.592+0000] {dag.py:3947} INFO - Setting next_dagrun for example_params_ui_tutorial to None, run_after=None
[2024-07-25T23:21:01.627+0000] {processor.py:183} INFO - Processing /home/airflow/.local/lib/python3.12/site-packages/airflow/example_dags/example_params_ui_tutorial.py took 0.142 seconds
[2024-07-25T23:21:32.233+0000] {processor.py:161} INFO - Started process (PID=584) to work on /home/airflow/.local/lib/python3.12/site-packages/airflow/example_dags/example_params_ui_tutorial.py
[2024-07-25T23:21:32.237+0000] {processor.py:830} INFO - Processing file /home/airflow/.local/lib/python3.12/site-packages/airflow/example_dags/example_params_ui_tutorial.py for tasks to queue
[2024-07-25T23:21:32.238+0000] {logging_mixin.py:188} INFO - [2024-07-25T23:21:32.238+0000] {dagbag.py:545} INFO - Filling up the DagBag from /home/airflow/.local/lib/python3.12/site-packages/airflow/example_dags/example_params_ui_tutorial.py
[2024-07-25T23:21:32.244+0000] {processor.py:840} INFO - DAG(s) 'example_params_ui_tutorial' retrieved from /home/airflow/.local/lib/python3.12/site-packages/airflow/example_dags/example_params_ui_tutorial.py
[2024-07-25T23:21:32.284+0000] {logging_mixin.py:188} INFO - [2024-07-25T23:21:32.284+0000] {dag.py:3089} INFO - Sync 1 DAGs
[2024-07-25T23:21:32.298+0000] {logging_mixin.py:188} INFO - [2024-07-25T23:21:32.297+0000] {dag.py:3947} INFO - Setting next_dagrun for example_params_ui_tutorial to None, run_after=None
[2024-07-25T23:21:32.328+0000] {processor.py:183} INFO - Processing /home/airflow/.local/lib/python3.12/site-packages/airflow/example_dags/example_params_ui_tutorial.py took 0.099 seconds
[2024-07-25T23:22:02.747+0000] {processor.py:161} INFO - Started process (PID=643) to work on /home/airflow/.local/lib/python3.12/site-packages/airflow/example_dags/example_params_ui_tutorial.py
[2024-07-25T23:22:02.748+0000] {processor.py:830} INFO - Processing file /home/airflow/.local/lib/python3.12/site-packages/airflow/example_dags/example_params_ui_tutorial.py for tasks to queue
[2024-07-25T23:22:02.749+0000] {logging_mixin.py:188} INFO - [2024-07-25T23:22:02.749+0000] {dagbag.py:545} INFO - Filling up the DagBag from /home/airflow/.local/lib/python3.12/site-packages/airflow/example_dags/example_params_ui_tutorial.py
[2024-07-25T23:22:02.754+0000] {processor.py:840} INFO - DAG(s) 'example_params_ui_tutorial' retrieved from /home/airflow/.local/lib/python3.12/site-packages/airflow/example_dags/example_params_ui_tutorial.py
[2024-07-25T23:22:02.789+0000] {logging_mixin.py:188} INFO - [2024-07-25T23:22:02.789+0000] {dag.py:3089} INFO - Sync 1 DAGs
[2024-07-25T23:22:02.797+0000] {logging_mixin.py:188} INFO - [2024-07-25T23:22:02.797+0000] {dag.py:3947} INFO - Setting next_dagrun for example_params_ui_tutorial to None, run_after=None
[2024-07-25T23:22:02.808+0000] {processor.py:183} INFO - Processing /home/airflow/.local/lib/python3.12/site-packages/airflow/example_dags/example_params_ui_tutorial.py took 0.065 seconds
[2024-07-25T23:22:33.587+0000] {processor.py:161} INFO - Started process (PID=702) to work on /home/airflow/.local/lib/python3.12/site-packages/airflow/example_dags/example_params_ui_tutorial.py
[2024-07-25T23:22:33.590+0000] {processor.py:830} INFO - Processing file /home/airflow/.local/lib/python3.12/site-packages/airflow/example_dags/example_params_ui_tutorial.py for tasks to queue
[2024-07-25T23:22:33.591+0000] {logging_mixin.py:188} INFO - [2024-07-25T23:22:33.591+0000] {dagbag.py:545} INFO - Filling up the DagBag from /home/airflow/.local/lib/python3.12/site-packages/airflow/example_dags/example_params_ui_tutorial.py
[2024-07-25T23:22:33.596+0000] {processor.py:840} INFO - DAG(s) 'example_params_ui_tutorial' retrieved from /home/airflow/.local/lib/python3.12/site-packages/airflow/example_dags/example_params_ui_tutorial.py
[2024-07-25T23:22:33.636+0000] {logging_mixin.py:188} INFO - [2024-07-25T23:22:33.636+0000] {dag.py:3089} INFO - Sync 1 DAGs
[2024-07-25T23:22:33.645+0000] {logging_mixin.py:188} INFO - [2024-07-25T23:22:33.645+0000] {dag.py:3947} INFO - Setting next_dagrun for example_params_ui_tutorial to None, run_after=None
[2024-07-25T23:22:33.663+0000] {processor.py:183} INFO - Processing /home/airflow/.local/lib/python3.12/site-packages/airflow/example_dags/example_params_ui_tutorial.py took 0.080 seconds
[2024-07-25T23:23:04.060+0000] {processor.py:161} INFO - Started process (PID=762) to work on /home/airflow/.local/lib/python3.12/site-packages/airflow/example_dags/example_params_ui_tutorial.py
[2024-07-25T23:23:04.065+0000] {processor.py:830} INFO - Processing file /home/airflow/.local/lib/python3.12/site-packages/airflow/example_dags/example_params_ui_tutorial.py for tasks to queue
[2024-07-25T23:23:04.070+0000] {logging_mixin.py:188} INFO - [2024-07-25T23:23:04.069+0000] {dagbag.py:545} INFO - Filling up the DagBag from /home/airflow/.local/lib/python3.12/site-packages/airflow/example_dags/example_params_ui_tutorial.py
[2024-07-25T23:23:04.080+0000] {processor.py:840} INFO - DAG(s) 'example_params_ui_tutorial' retrieved from /home/airflow/.local/lib/python3.12/site-packages/airflow/example_dags/example_params_ui_tutorial.py
[2024-07-25T23:23:04.116+0000] {logging_mixin.py:188} INFO - [2024-07-25T23:23:04.115+0000] {dag.py:3089} INFO - Sync 1 DAGs
[2024-07-25T23:23:04.127+0000] {logging_mixin.py:188} INFO - [2024-07-25T23:23:04.127+0000] {dag.py:3947} INFO - Setting next_dagrun for example_params_ui_tutorial to None, run_after=None
[2024-07-25T23:23:04.141+0000] {processor.py:183} INFO - Processing /home/airflow/.local/lib/python3.12/site-packages/airflow/example_dags/example_params_ui_tutorial.py took 0.093 seconds
[2024-07-25T23:23:34.814+0000] {processor.py:161} INFO - Started process (PID=822) to work on /home/airflow/.local/lib/python3.12/site-packages/airflow/example_dags/example_params_ui_tutorial.py
[2024-07-25T23:23:34.815+0000] {processor.py:830} INFO - Processing file /home/airflow/.local/lib/python3.12/site-packages/airflow/example_dags/example_params_ui_tutorial.py for tasks to queue
[2024-07-25T23:23:34.817+0000] {logging_mixin.py:188} INFO - [2024-07-25T23:23:34.817+0000] {dagbag.py:545} INFO - Filling up the DagBag from /home/airflow/.local/lib/python3.12/site-packages/airflow/example_dags/example_params_ui_tutorial.py
[2024-07-25T23:23:34.825+0000] {processor.py:840} INFO - DAG(s) 'example_params_ui_tutorial' retrieved from /home/airflow/.local/lib/python3.12/site-packages/airflow/example_dags/example_params_ui_tutorial.py
[2024-07-25T23:23:34.869+0000] {logging_mixin.py:188} INFO - [2024-07-25T23:23:34.868+0000] {dag.py:3089} INFO - Sync 1 DAGs
[2024-07-25T23:23:34.879+0000] {logging_mixin.py:188} INFO - [2024-07-25T23:23:34.879+0000] {dag.py:3947} INFO - Setting next_dagrun for example_params_ui_tutorial to None, run_after=None
[2024-07-25T23:23:34.894+0000] {processor.py:183} INFO - Processing /home/airflow/.local/lib/python3.12/site-packages/airflow/example_dags/example_params_ui_tutorial.py took 0.086 seconds
[2024-07-25T23:24:11.695+0000] {processor.py:161} INFO - Started process (PID=888) to work on /home/airflow/.local/lib/python3.12/site-packages/airflow/example_dags/example_params_ui_tutorial.py
[2024-07-25T23:24:11.699+0000] {processor.py:830} INFO - Processing file /home/airflow/.local/lib/python3.12/site-packages/airflow/example_dags/example_params_ui_tutorial.py for tasks to queue
[2024-07-25T23:24:11.707+0000] {logging_mixin.py:188} INFO - [2024-07-25T23:24:11.706+0000] {dagbag.py:545} INFO - Filling up the DagBag from /home/airflow/.local/lib/python3.12/site-packages/airflow/example_dags/example_params_ui_tutorial.py
[2024-07-25T23:24:11.729+0000] {processor.py:840} INFO - DAG(s) 'example_params_ui_tutorial' retrieved from /home/airflow/.local/lib/python3.12/site-packages/airflow/example_dags/example_params_ui_tutorial.py
[2024-07-25T23:24:11.897+0000] {logging_mixin.py:188} INFO - [2024-07-25T23:24:11.896+0000] {dag.py:3089} INFO - Sync 1 DAGs
[2024-07-25T23:24:11.960+0000] {logging_mixin.py:188} INFO - [2024-07-25T23:24:11.958+0000] {dag.py:3947} INFO - Setting next_dagrun for example_params_ui_tutorial to None, run_after=None
[2024-07-25T23:24:12.033+0000] {processor.py:183} INFO - Processing /home/airflow/.local/lib/python3.12/site-packages/airflow/example_dags/example_params_ui_tutorial.py took 0.369 seconds
[2024-07-25T23:24:43.137+0000] {processor.py:161} INFO - Started process (PID=948) to work on /home/airflow/.local/lib/python3.12/site-packages/airflow/example_dags/example_params_ui_tutorial.py
[2024-07-25T23:24:43.138+0000] {processor.py:830} INFO - Processing file /home/airflow/.local/lib/python3.12/site-packages/airflow/example_dags/example_params_ui_tutorial.py for tasks to queue
[2024-07-25T23:24:43.140+0000] {logging_mixin.py:188} INFO - [2024-07-25T23:24:43.139+0000] {dagbag.py:545} INFO - Filling up the DagBag from /home/airflow/.local/lib/python3.12/site-packages/airflow/example_dags/example_params_ui_tutorial.py
[2024-07-25T23:24:43.145+0000] {processor.py:840} INFO - DAG(s) 'example_params_ui_tutorial' retrieved from /home/airflow/.local/lib/python3.12/site-packages/airflow/example_dags/example_params_ui_tutorial.py
[2024-07-25T23:24:43.209+0000] {logging_mixin.py:188} INFO - [2024-07-25T23:24:43.209+0000] {dag.py:3089} INFO - Sync 1 DAGs
[2024-07-25T23:24:43.221+0000] {logging_mixin.py:188} INFO - [2024-07-25T23:24:43.221+0000] {dag.py:3947} INFO - Setting next_dagrun for example_params_ui_tutorial to None, run_after=None
[2024-07-25T23:24:43.240+0000] {processor.py:183} INFO - Processing /home/airflow/.local/lib/python3.12/site-packages/airflow/example_dags/example_params_ui_tutorial.py took 0.107 seconds
[2024-07-25T23:25:13.719+0000] {processor.py:161} INFO - Started process (PID=1008) to work on /home/airflow/.local/lib/python3.12/site-packages/airflow/example_dags/example_params_ui_tutorial.py
[2024-07-25T23:25:13.721+0000] {processor.py:830} INFO - Processing file /home/airflow/.local/lib/python3.12/site-packages/airflow/example_dags/example_params_ui_tutorial.py for tasks to queue
[2024-07-25T23:25:13.725+0000] {logging_mixin.py:188} INFO - [2024-07-25T23:25:13.724+0000] {dagbag.py:545} INFO - Filling up the DagBag from /home/airflow/.local/lib/python3.12/site-packages/airflow/example_dags/example_params_ui_tutorial.py
[2024-07-25T23:25:13.735+0000] {processor.py:840} INFO - DAG(s) 'example_params_ui_tutorial' retrieved from /home/airflow/.local/lib/python3.12/site-packages/airflow/example_dags/example_params_ui_tutorial.py
[2024-07-25T23:25:13.788+0000] {logging_mixin.py:188} INFO - [2024-07-25T23:25:13.788+0000] {dag.py:3089} INFO - Sync 1 DAGs
[2024-07-25T23:25:13.799+0000] {logging_mixin.py:188} INFO - [2024-07-25T23:25:13.799+0000] {dag.py:3947} INFO - Setting next_dagrun for example_params_ui_tutorial to None, run_after=None
[2024-07-25T23:25:13.815+0000] {processor.py:183} INFO - Processing /home/airflow/.local/lib/python3.12/site-packages/airflow/example_dags/example_params_ui_tutorial.py took 0.103 seconds
[2024-07-25T23:28:04.843+0000] {processor.py:161} INFO - Started process (PID=114) to work on /home/airflow/.local/lib/python3.12/site-packages/airflow/example_dags/example_params_ui_tutorial.py
[2024-07-25T23:28:04.844+0000] {processor.py:830} INFO - Processing file /home/airflow/.local/lib/python3.12/site-packages/airflow/example_dags/example_params_ui_tutorial.py for tasks to queue
[2024-07-25T23:28:04.846+0000] {logging_mixin.py:188} INFO - [2024-07-25T23:28:04.846+0000] {dagbag.py:545} INFO - Filling up the DagBag from /home/airflow/.local/lib/python3.12/site-packages/airflow/example_dags/example_params_ui_tutorial.py
[2024-07-25T23:28:04.854+0000] {processor.py:840} INFO - DAG(s) 'example_params_ui_tutorial' retrieved from /home/airflow/.local/lib/python3.12/site-packages/airflow/example_dags/example_params_ui_tutorial.py
[2024-07-25T23:28:05.107+0000] {logging_mixin.py:188} INFO - [2024-07-25T23:28:05.100+0000] {dag.py:3089} INFO - Sync 1 DAGs
[2024-07-25T23:28:05.146+0000] {logging_mixin.py:188} INFO - [2024-07-25T23:28:05.145+0000] {dag.py:3947} INFO - Setting next_dagrun for example_params_ui_tutorial to None, run_after=None
[2024-07-25T23:28:05.172+0000] {processor.py:183} INFO - Processing /home/airflow/.local/lib/python3.12/site-packages/airflow/example_dags/example_params_ui_tutorial.py took 0.334 seconds
[2024-07-25T23:28:35.586+0000] {processor.py:161} INFO - Started process (PID=174) to work on /home/airflow/.local/lib/python3.12/site-packages/airflow/example_dags/example_params_ui_tutorial.py
[2024-07-25T23:28:35.587+0000] {processor.py:830} INFO - Processing file /home/airflow/.local/lib/python3.12/site-packages/airflow/example_dags/example_params_ui_tutorial.py for tasks to queue
[2024-07-25T23:28:35.589+0000] {logging_mixin.py:188} INFO - [2024-07-25T23:28:35.589+0000] {dagbag.py:545} INFO - Filling up the DagBag from /home/airflow/.local/lib/python3.12/site-packages/airflow/example_dags/example_params_ui_tutorial.py
[2024-07-25T23:28:35.596+0000] {processor.py:840} INFO - DAG(s) 'example_params_ui_tutorial' retrieved from /home/airflow/.local/lib/python3.12/site-packages/airflow/example_dags/example_params_ui_tutorial.py
[2024-07-25T23:28:35.639+0000] {logging_mixin.py:188} INFO - [2024-07-25T23:28:35.638+0000] {dag.py:3089} INFO - Sync 1 DAGs
[2024-07-25T23:28:35.652+0000] {logging_mixin.py:188} INFO - [2024-07-25T23:28:35.652+0000] {dag.py:3947} INFO - Setting next_dagrun for example_params_ui_tutorial to None, run_after=None
[2024-07-25T23:28:35.675+0000] {processor.py:183} INFO - Processing /home/airflow/.local/lib/python3.12/site-packages/airflow/example_dags/example_params_ui_tutorial.py took 0.096 seconds
[2024-07-25T23:29:07.863+0000] {processor.py:161} INFO - Started process (PID=235) to work on /home/airflow/.local/lib/python3.12/site-packages/airflow/example_dags/example_params_ui_tutorial.py
[2024-07-25T23:29:07.870+0000] {processor.py:830} INFO - Processing file /home/airflow/.local/lib/python3.12/site-packages/airflow/example_dags/example_params_ui_tutorial.py for tasks to queue
[2024-07-25T23:29:07.875+0000] {logging_mixin.py:188} INFO - [2024-07-25T23:29:07.875+0000] {dagbag.py:545} INFO - Filling up the DagBag from /home/airflow/.local/lib/python3.12/site-packages/airflow/example_dags/example_params_ui_tutorial.py
[2024-07-25T23:29:07.898+0000] {processor.py:840} INFO - DAG(s) 'example_params_ui_tutorial' retrieved from /home/airflow/.local/lib/python3.12/site-packages/airflow/example_dags/example_params_ui_tutorial.py
[2024-07-25T23:29:08.033+0000] {logging_mixin.py:188} INFO - [2024-07-25T23:29:08.032+0000] {dag.py:3089} INFO - Sync 1 DAGs
[2024-07-25T23:29:08.069+0000] {logging_mixin.py:188} INFO - [2024-07-25T23:29:08.067+0000] {dag.py:3947} INFO - Setting next_dagrun for example_params_ui_tutorial to None, run_after=None
[2024-07-25T23:29:08.138+0000] {processor.py:183} INFO - Processing /home/airflow/.local/lib/python3.12/site-packages/airflow/example_dags/example_params_ui_tutorial.py took 0.284 seconds
[2024-07-25T23:29:44.373+0000] {processor.py:161} INFO - Started process (PID=300) to work on /home/airflow/.local/lib/python3.12/site-packages/airflow/example_dags/example_params_ui_tutorial.py
[2024-07-25T23:29:44.379+0000] {processor.py:830} INFO - Processing file /home/airflow/.local/lib/python3.12/site-packages/airflow/example_dags/example_params_ui_tutorial.py for tasks to queue
[2024-07-25T23:29:44.387+0000] {logging_mixin.py:188} INFO - [2024-07-25T23:29:44.385+0000] {dagbag.py:545} INFO - Filling up the DagBag from /home/airflow/.local/lib/python3.12/site-packages/airflow/example_dags/example_params_ui_tutorial.py
[2024-07-25T23:29:44.413+0000] {processor.py:840} INFO - DAG(s) 'example_params_ui_tutorial' retrieved from /home/airflow/.local/lib/python3.12/site-packages/airflow/example_dags/example_params_ui_tutorial.py
[2024-07-25T23:29:44.699+0000] {logging_mixin.py:188} INFO - [2024-07-25T23:29:44.693+0000] {dag.py:3089} INFO - Sync 1 DAGs
[2024-07-25T23:29:44.907+0000] {logging_mixin.py:188} INFO - [2024-07-25T23:29:44.905+0000] {dag.py:3947} INFO - Setting next_dagrun for example_params_ui_tutorial to None, run_after=None
[2024-07-25T23:29:45.358+0000] {processor.py:183} INFO - Processing /home/airflow/.local/lib/python3.12/site-packages/airflow/example_dags/example_params_ui_tutorial.py took 1.001 seconds
[2024-07-25T23:30:16.622+0000] {processor.py:161} INFO - Started process (PID=361) to work on /home/airflow/.local/lib/python3.12/site-packages/airflow/example_dags/example_params_ui_tutorial.py
[2024-07-25T23:30:16.667+0000] {processor.py:830} INFO - Processing file /home/airflow/.local/lib/python3.12/site-packages/airflow/example_dags/example_params_ui_tutorial.py for tasks to queue
[2024-07-25T23:30:16.746+0000] {logging_mixin.py:188} INFO - [2024-07-25T23:30:16.724+0000] {dagbag.py:545} INFO - Filling up the DagBag from /home/airflow/.local/lib/python3.12/site-packages/airflow/example_dags/example_params_ui_tutorial.py
[2024-07-25T23:30:16.879+0000] {processor.py:840} INFO - DAG(s) 'example_params_ui_tutorial' retrieved from /home/airflow/.local/lib/python3.12/site-packages/airflow/example_dags/example_params_ui_tutorial.py
[2024-07-25T23:30:17.894+0000] {logging_mixin.py:188} INFO - [2024-07-25T23:30:17.869+0000] {dag.py:3089} INFO - Sync 1 DAGs
[2024-07-25T23:30:17.977+0000] {logging_mixin.py:188} INFO - [2024-07-25T23:30:17.972+0000] {dag.py:3947} INFO - Setting next_dagrun for example_params_ui_tutorial to None, run_after=None
[2024-07-25T23:30:18.213+0000] {processor.py:183} INFO - Processing /home/airflow/.local/lib/python3.12/site-packages/airflow/example_dags/example_params_ui_tutorial.py took 1.946 seconds
[2024-07-25T23:30:48.960+0000] {processor.py:161} INFO - Started process (PID=421) to work on /home/airflow/.local/lib/python3.12/site-packages/airflow/example_dags/example_params_ui_tutorial.py
[2024-07-25T23:30:48.962+0000] {processor.py:830} INFO - Processing file /home/airflow/.local/lib/python3.12/site-packages/airflow/example_dags/example_params_ui_tutorial.py for tasks to queue
[2024-07-25T23:30:48.967+0000] {logging_mixin.py:188} INFO - [2024-07-25T23:30:48.967+0000] {dagbag.py:545} INFO - Filling up the DagBag from /home/airflow/.local/lib/python3.12/site-packages/airflow/example_dags/example_params_ui_tutorial.py
[2024-07-25T23:30:48.987+0000] {processor.py:840} INFO - DAG(s) 'example_params_ui_tutorial' retrieved from /home/airflow/.local/lib/python3.12/site-packages/airflow/example_dags/example_params_ui_tutorial.py
[2024-07-25T23:30:49.084+0000] {logging_mixin.py:188} INFO - [2024-07-25T23:30:49.083+0000] {dag.py:3089} INFO - Sync 1 DAGs
[2024-07-25T23:30:49.097+0000] {logging_mixin.py:188} INFO - [2024-07-25T23:30:49.097+0000] {dag.py:3947} INFO - Setting next_dagrun for example_params_ui_tutorial to None, run_after=None
[2024-07-25T23:30:49.121+0000] {processor.py:183} INFO - Processing /home/airflow/.local/lib/python3.12/site-packages/airflow/example_dags/example_params_ui_tutorial.py took 0.179 seconds
[2024-07-25T23:31:19.255+0000] {processor.py:161} INFO - Started process (PID=481) to work on /home/airflow/.local/lib/python3.12/site-packages/airflow/example_dags/example_params_ui_tutorial.py
[2024-07-25T23:31:19.259+0000] {processor.py:830} INFO - Processing file /home/airflow/.local/lib/python3.12/site-packages/airflow/example_dags/example_params_ui_tutorial.py for tasks to queue
[2024-07-25T23:31:19.264+0000] {logging_mixin.py:188} INFO - [2024-07-25T23:31:19.263+0000] {dagbag.py:545} INFO - Filling up the DagBag from /home/airflow/.local/lib/python3.12/site-packages/airflow/example_dags/example_params_ui_tutorial.py
[2024-07-25T23:31:19.301+0000] {processor.py:840} INFO - DAG(s) 'example_params_ui_tutorial' retrieved from /home/airflow/.local/lib/python3.12/site-packages/airflow/example_dags/example_params_ui_tutorial.py
[2024-07-25T23:31:19.387+0000] {logging_mixin.py:188} INFO - [2024-07-25T23:31:19.387+0000] {dag.py:3089} INFO - Sync 1 DAGs
[2024-07-25T23:31:19.408+0000] {logging_mixin.py:188} INFO - [2024-07-25T23:31:19.407+0000] {dag.py:3947} INFO - Setting next_dagrun for example_params_ui_tutorial to None, run_after=None
[2024-07-25T23:31:19.431+0000] {processor.py:183} INFO - Processing /home/airflow/.local/lib/python3.12/site-packages/airflow/example_dags/example_params_ui_tutorial.py took 0.191 seconds
[2024-07-25T23:31:49.740+0000] {processor.py:161} INFO - Started process (PID=541) to work on /home/airflow/.local/lib/python3.12/site-packages/airflow/example_dags/example_params_ui_tutorial.py
[2024-07-25T23:31:49.742+0000] {processor.py:830} INFO - Processing file /home/airflow/.local/lib/python3.12/site-packages/airflow/example_dags/example_params_ui_tutorial.py for tasks to queue
[2024-07-25T23:31:49.748+0000] {logging_mixin.py:188} INFO - [2024-07-25T23:31:49.748+0000] {dagbag.py:545} INFO - Filling up the DagBag from /home/airflow/.local/lib/python3.12/site-packages/airflow/example_dags/example_params_ui_tutorial.py
[2024-07-25T23:31:49.765+0000] {processor.py:840} INFO - DAG(s) 'example_params_ui_tutorial' retrieved from /home/airflow/.local/lib/python3.12/site-packages/airflow/example_dags/example_params_ui_tutorial.py
[2024-07-25T23:31:49.871+0000] {logging_mixin.py:188} INFO - [2024-07-25T23:31:49.871+0000] {dag.py:3089} INFO - Sync 1 DAGs
[2024-07-25T23:31:49.901+0000] {logging_mixin.py:188} INFO - [2024-07-25T23:31:49.900+0000] {dag.py:3947} INFO - Setting next_dagrun for example_params_ui_tutorial to None, run_after=None
[2024-07-25T23:31:49.934+0000] {processor.py:183} INFO - Processing /home/airflow/.local/lib/python3.12/site-packages/airflow/example_dags/example_params_ui_tutorial.py took 0.207 seconds
[2024-07-25T23:32:20.481+0000] {processor.py:161} INFO - Started process (PID=601) to work on /home/airflow/.local/lib/python3.12/site-packages/airflow/example_dags/example_params_ui_tutorial.py
[2024-07-25T23:32:20.484+0000] {processor.py:830} INFO - Processing file /home/airflow/.local/lib/python3.12/site-packages/airflow/example_dags/example_params_ui_tutorial.py for tasks to queue
[2024-07-25T23:32:20.488+0000] {logging_mixin.py:188} INFO - [2024-07-25T23:32:20.488+0000] {dagbag.py:545} INFO - Filling up the DagBag from /home/airflow/.local/lib/python3.12/site-packages/airflow/example_dags/example_params_ui_tutorial.py
[2024-07-25T23:32:20.507+0000] {processor.py:840} INFO - DAG(s) 'example_params_ui_tutorial' retrieved from /home/airflow/.local/lib/python3.12/site-packages/airflow/example_dags/example_params_ui_tutorial.py
[2024-07-25T23:32:20.599+0000] {logging_mixin.py:188} INFO - [2024-07-25T23:32:20.598+0000] {dag.py:3089} INFO - Sync 1 DAGs
[2024-07-25T23:32:20.617+0000] {logging_mixin.py:188} INFO - [2024-07-25T23:32:20.616+0000] {dag.py:3947} INFO - Setting next_dagrun for example_params_ui_tutorial to None, run_after=None
[2024-07-25T23:32:20.666+0000] {processor.py:183} INFO - Processing /home/airflow/.local/lib/python3.12/site-packages/airflow/example_dags/example_params_ui_tutorial.py took 0.191 seconds
[2024-07-25T23:32:51.057+0000] {processor.py:161} INFO - Started process (PID=661) to work on /home/airflow/.local/lib/python3.12/site-packages/airflow/example_dags/example_params_ui_tutorial.py
[2024-07-25T23:32:51.061+0000] {processor.py:830} INFO - Processing file /home/airflow/.local/lib/python3.12/site-packages/airflow/example_dags/example_params_ui_tutorial.py for tasks to queue
[2024-07-25T23:32:51.078+0000] {logging_mixin.py:188} INFO - [2024-07-25T23:32:51.076+0000] {dagbag.py:545} INFO - Filling up the DagBag from /home/airflow/.local/lib/python3.12/site-packages/airflow/example_dags/example_params_ui_tutorial.py
[2024-07-25T23:32:51.110+0000] {processor.py:840} INFO - DAG(s) 'example_params_ui_tutorial' retrieved from /home/airflow/.local/lib/python3.12/site-packages/airflow/example_dags/example_params_ui_tutorial.py
[2024-07-25T23:32:51.207+0000] {logging_mixin.py:188} INFO - [2024-07-25T23:32:51.206+0000] {dag.py:3089} INFO - Sync 1 DAGs
[2024-07-25T23:32:51.229+0000] {logging_mixin.py:188} INFO - [2024-07-25T23:32:51.229+0000] {dag.py:3947} INFO - Setting next_dagrun for example_params_ui_tutorial to None, run_after=None
[2024-07-25T23:32:51.252+0000] {processor.py:183} INFO - Processing /home/airflow/.local/lib/python3.12/site-packages/airflow/example_dags/example_params_ui_tutorial.py took 0.211 seconds
[2024-07-25T23:33:21.732+0000] {processor.py:161} INFO - Started process (PID=721) to work on /home/airflow/.local/lib/python3.12/site-packages/airflow/example_dags/example_params_ui_tutorial.py
[2024-07-25T23:33:21.734+0000] {processor.py:830} INFO - Processing file /home/airflow/.local/lib/python3.12/site-packages/airflow/example_dags/example_params_ui_tutorial.py for tasks to queue
[2024-07-25T23:33:21.738+0000] {logging_mixin.py:188} INFO - [2024-07-25T23:33:21.738+0000] {dagbag.py:545} INFO - Filling up the DagBag from /home/airflow/.local/lib/python3.12/site-packages/airflow/example_dags/example_params_ui_tutorial.py
[2024-07-25T23:33:21.754+0000] {processor.py:840} INFO - DAG(s) 'example_params_ui_tutorial' retrieved from /home/airflow/.local/lib/python3.12/site-packages/airflow/example_dags/example_params_ui_tutorial.py
[2024-07-25T23:33:21.820+0000] {logging_mixin.py:188} INFO - [2024-07-25T23:33:21.820+0000] {dag.py:3089} INFO - Sync 1 DAGs
[2024-07-25T23:33:21.840+0000] {logging_mixin.py:188} INFO - [2024-07-25T23:33:21.840+0000] {dag.py:3947} INFO - Setting next_dagrun for example_params_ui_tutorial to None, run_after=None
[2024-07-25T23:33:21.862+0000] {processor.py:183} INFO - Processing /home/airflow/.local/lib/python3.12/site-packages/airflow/example_dags/example_params_ui_tutorial.py took 0.139 seconds
[2024-07-25T23:33:52.074+0000] {processor.py:161} INFO - Started process (PID=781) to work on /home/airflow/.local/lib/python3.12/site-packages/airflow/example_dags/example_params_ui_tutorial.py
[2024-07-25T23:33:52.077+0000] {processor.py:830} INFO - Processing file /home/airflow/.local/lib/python3.12/site-packages/airflow/example_dags/example_params_ui_tutorial.py for tasks to queue
[2024-07-25T23:33:52.081+0000] {logging_mixin.py:188} INFO - [2024-07-25T23:33:52.081+0000] {dagbag.py:545} INFO - Filling up the DagBag from /home/airflow/.local/lib/python3.12/site-packages/airflow/example_dags/example_params_ui_tutorial.py
[2024-07-25T23:33:52.099+0000] {processor.py:840} INFO - DAG(s) 'example_params_ui_tutorial' retrieved from /home/airflow/.local/lib/python3.12/site-packages/airflow/example_dags/example_params_ui_tutorial.py
[2024-07-25T23:33:52.223+0000] {logging_mixin.py:188} INFO - [2024-07-25T23:33:52.222+0000] {dag.py:3089} INFO - Sync 1 DAGs
[2024-07-25T23:33:52.238+0000] {logging_mixin.py:188} INFO - [2024-07-25T23:33:52.238+0000] {dag.py:3947} INFO - Setting next_dagrun for example_params_ui_tutorial to None, run_after=None
[2024-07-25T23:33:52.265+0000] {processor.py:183} INFO - Processing /home/airflow/.local/lib/python3.12/site-packages/airflow/example_dags/example_params_ui_tutorial.py took 0.208 seconds
[2024-07-25T23:34:22.370+0000] {processor.py:161} INFO - Started process (PID=841) to work on /home/airflow/.local/lib/python3.12/site-packages/airflow/example_dags/example_params_ui_tutorial.py
[2024-07-25T23:34:22.374+0000] {processor.py:830} INFO - Processing file /home/airflow/.local/lib/python3.12/site-packages/airflow/example_dags/example_params_ui_tutorial.py for tasks to queue
[2024-07-25T23:34:22.383+0000] {logging_mixin.py:188} INFO - [2024-07-25T23:34:22.382+0000] {dagbag.py:545} INFO - Filling up the DagBag from /home/airflow/.local/lib/python3.12/site-packages/airflow/example_dags/example_params_ui_tutorial.py
[2024-07-25T23:34:22.410+0000] {processor.py:840} INFO - DAG(s) 'example_params_ui_tutorial' retrieved from /home/airflow/.local/lib/python3.12/site-packages/airflow/example_dags/example_params_ui_tutorial.py
[2024-07-25T23:34:22.492+0000] {logging_mixin.py:188} INFO - [2024-07-25T23:34:22.491+0000] {dag.py:3089} INFO - Sync 1 DAGs
[2024-07-25T23:34:22.511+0000] {logging_mixin.py:188} INFO - [2024-07-25T23:34:22.511+0000] {dag.py:3947} INFO - Setting next_dagrun for example_params_ui_tutorial to None, run_after=None
[2024-07-25T23:34:22.563+0000] {processor.py:183} INFO - Processing /home/airflow/.local/lib/python3.12/site-packages/airflow/example_dags/example_params_ui_tutorial.py took 0.208 seconds
[2024-07-25T23:34:52.779+0000] {processor.py:161} INFO - Started process (PID=901) to work on /home/airflow/.local/lib/python3.12/site-packages/airflow/example_dags/example_params_ui_tutorial.py
[2024-07-25T23:34:52.781+0000] {processor.py:830} INFO - Processing file /home/airflow/.local/lib/python3.12/site-packages/airflow/example_dags/example_params_ui_tutorial.py for tasks to queue
[2024-07-25T23:34:52.782+0000] {logging_mixin.py:188} INFO - [2024-07-25T23:34:52.782+0000] {dagbag.py:545} INFO - Filling up the DagBag from /home/airflow/.local/lib/python3.12/site-packages/airflow/example_dags/example_params_ui_tutorial.py
[2024-07-25T23:34:52.789+0000] {processor.py:840} INFO - DAG(s) 'example_params_ui_tutorial' retrieved from /home/airflow/.local/lib/python3.12/site-packages/airflow/example_dags/example_params_ui_tutorial.py
[2024-07-25T23:34:52.839+0000] {logging_mixin.py:188} INFO - [2024-07-25T23:34:52.838+0000] {dag.py:3089} INFO - Sync 1 DAGs
[2024-07-25T23:34:52.857+0000] {logging_mixin.py:188} INFO - [2024-07-25T23:34:52.857+0000] {dag.py:3947} INFO - Setting next_dagrun for example_params_ui_tutorial to None, run_after=None
[2024-07-25T23:34:52.885+0000] {processor.py:183} INFO - Processing /home/airflow/.local/lib/python3.12/site-packages/airflow/example_dags/example_params_ui_tutorial.py took 0.111 seconds
[2024-07-25T23:35:23.185+0000] {processor.py:161} INFO - Started process (PID=958) to work on /home/airflow/.local/lib/python3.12/site-packages/airflow/example_dags/example_params_ui_tutorial.py
[2024-07-25T23:35:23.188+0000] {processor.py:830} INFO - Processing file /home/airflow/.local/lib/python3.12/site-packages/airflow/example_dags/example_params_ui_tutorial.py for tasks to queue
[2024-07-25T23:35:23.192+0000] {logging_mixin.py:188} INFO - [2024-07-25T23:35:23.191+0000] {dagbag.py:545} INFO - Filling up the DagBag from /home/airflow/.local/lib/python3.12/site-packages/airflow/example_dags/example_params_ui_tutorial.py
[2024-07-25T23:35:23.206+0000] {processor.py:840} INFO - DAG(s) 'example_params_ui_tutorial' retrieved from /home/airflow/.local/lib/python3.12/site-packages/airflow/example_dags/example_params_ui_tutorial.py
[2024-07-25T23:35:23.291+0000] {logging_mixin.py:188} INFO - [2024-07-25T23:35:23.291+0000] {dag.py:3089} INFO - Sync 1 DAGs
[2024-07-25T23:35:23.308+0000] {logging_mixin.py:188} INFO - [2024-07-25T23:35:23.308+0000] {dag.py:3947} INFO - Setting next_dagrun for example_params_ui_tutorial to None, run_after=None
[2024-07-25T23:35:23.331+0000] {processor.py:183} INFO - Processing /home/airflow/.local/lib/python3.12/site-packages/airflow/example_dags/example_params_ui_tutorial.py took 0.170 seconds
[2024-07-25T23:35:53.649+0000] {processor.py:161} INFO - Started process (PID=1018) to work on /home/airflow/.local/lib/python3.12/site-packages/airflow/example_dags/example_params_ui_tutorial.py
[2024-07-25T23:35:53.656+0000] {processor.py:830} INFO - Processing file /home/airflow/.local/lib/python3.12/site-packages/airflow/example_dags/example_params_ui_tutorial.py for tasks to queue
[2024-07-25T23:35:53.665+0000] {logging_mixin.py:188} INFO - [2024-07-25T23:35:53.664+0000] {dagbag.py:545} INFO - Filling up the DagBag from /home/airflow/.local/lib/python3.12/site-packages/airflow/example_dags/example_params_ui_tutorial.py
[2024-07-25T23:35:53.685+0000] {processor.py:840} INFO - DAG(s) 'example_params_ui_tutorial' retrieved from /home/airflow/.local/lib/python3.12/site-packages/airflow/example_dags/example_params_ui_tutorial.py
[2024-07-25T23:35:53.753+0000] {logging_mixin.py:188} INFO - [2024-07-25T23:35:53.752+0000] {dag.py:3089} INFO - Sync 1 DAGs
[2024-07-25T23:35:53.767+0000] {logging_mixin.py:188} INFO - [2024-07-25T23:35:53.767+0000] {dag.py:3947} INFO - Setting next_dagrun for example_params_ui_tutorial to None, run_after=None
[2024-07-25T23:35:53.786+0000] {processor.py:183} INFO - Processing /home/airflow/.local/lib/python3.12/site-packages/airflow/example_dags/example_params_ui_tutorial.py took 0.157 seconds
[2024-07-25T23:36:24.450+0000] {processor.py:161} INFO - Started process (PID=1078) to work on /home/airflow/.local/lib/python3.12/site-packages/airflow/example_dags/example_params_ui_tutorial.py
[2024-07-25T23:36:24.457+0000] {processor.py:830} INFO - Processing file /home/airflow/.local/lib/python3.12/site-packages/airflow/example_dags/example_params_ui_tutorial.py for tasks to queue
[2024-07-25T23:36:24.465+0000] {logging_mixin.py:188} INFO - [2024-07-25T23:36:24.464+0000] {dagbag.py:545} INFO - Filling up the DagBag from /home/airflow/.local/lib/python3.12/site-packages/airflow/example_dags/example_params_ui_tutorial.py
[2024-07-25T23:36:24.488+0000] {processor.py:840} INFO - DAG(s) 'example_params_ui_tutorial' retrieved from /home/airflow/.local/lib/python3.12/site-packages/airflow/example_dags/example_params_ui_tutorial.py
[2024-07-25T23:36:24.596+0000] {logging_mixin.py:188} INFO - [2024-07-25T23:36:24.596+0000] {dag.py:3089} INFO - Sync 1 DAGs
[2024-07-25T23:36:24.614+0000] {logging_mixin.py:188} INFO - [2024-07-25T23:36:24.614+0000] {dag.py:3947} INFO - Setting next_dagrun for example_params_ui_tutorial to None, run_after=None
[2024-07-25T23:36:24.644+0000] {processor.py:183} INFO - Processing /home/airflow/.local/lib/python3.12/site-packages/airflow/example_dags/example_params_ui_tutorial.py took 0.211 seconds
[2024-07-25T23:36:54.813+0000] {processor.py:161} INFO - Started process (PID=1137) to work on /home/airflow/.local/lib/python3.12/site-packages/airflow/example_dags/example_params_ui_tutorial.py
[2024-07-25T23:36:54.818+0000] {processor.py:830} INFO - Processing file /home/airflow/.local/lib/python3.12/site-packages/airflow/example_dags/example_params_ui_tutorial.py for tasks to queue
[2024-07-25T23:36:54.839+0000] {logging_mixin.py:188} INFO - [2024-07-25T23:36:54.836+0000] {dagbag.py:545} INFO - Filling up the DagBag from /home/airflow/.local/lib/python3.12/site-packages/airflow/example_dags/example_params_ui_tutorial.py
[2024-07-25T23:36:54.858+0000] {processor.py:840} INFO - DAG(s) 'example_params_ui_tutorial' retrieved from /home/airflow/.local/lib/python3.12/site-packages/airflow/example_dags/example_params_ui_tutorial.py
[2024-07-25T23:36:54.943+0000] {logging_mixin.py:188} INFO - [2024-07-25T23:36:54.943+0000] {dag.py:3089} INFO - Sync 1 DAGs
[2024-07-25T23:36:54.971+0000] {logging_mixin.py:188} INFO - [2024-07-25T23:36:54.971+0000] {dag.py:3947} INFO - Setting next_dagrun for example_params_ui_tutorial to None, run_after=None
[2024-07-25T23:36:55.003+0000] {processor.py:183} INFO - Processing /home/airflow/.local/lib/python3.12/site-packages/airflow/example_dags/example_params_ui_tutorial.py took 0.207 seconds
[2024-07-25T23:37:25.598+0000] {processor.py:161} INFO - Started process (PID=1197) to work on /home/airflow/.local/lib/python3.12/site-packages/airflow/example_dags/example_params_ui_tutorial.py
[2024-07-25T23:37:25.601+0000] {processor.py:830} INFO - Processing file /home/airflow/.local/lib/python3.12/site-packages/airflow/example_dags/example_params_ui_tutorial.py for tasks to queue
[2024-07-25T23:37:25.607+0000] {logging_mixin.py:188} INFO - [2024-07-25T23:37:25.606+0000] {dagbag.py:545} INFO - Filling up the DagBag from /home/airflow/.local/lib/python3.12/site-packages/airflow/example_dags/example_params_ui_tutorial.py
[2024-07-25T23:37:25.657+0000] {processor.py:840} INFO - DAG(s) 'example_params_ui_tutorial' retrieved from /home/airflow/.local/lib/python3.12/site-packages/airflow/example_dags/example_params_ui_tutorial.py
[2024-07-25T23:37:25.744+0000] {logging_mixin.py:188} INFO - [2024-07-25T23:37:25.744+0000] {dag.py:3089} INFO - Sync 1 DAGs
[2024-07-25T23:37:25.781+0000] {logging_mixin.py:188} INFO - [2024-07-25T23:37:25.780+0000] {dag.py:3947} INFO - Setting next_dagrun for example_params_ui_tutorial to None, run_after=None
[2024-07-25T23:37:25.828+0000] {processor.py:183} INFO - Processing /home/airflow/.local/lib/python3.12/site-packages/airflow/example_dags/example_params_ui_tutorial.py took 0.243 seconds
[2024-07-25T23:37:55.904+0000] {processor.py:161} INFO - Started process (PID=1258) to work on /home/airflow/.local/lib/python3.12/site-packages/airflow/example_dags/example_params_ui_tutorial.py
[2024-07-25T23:37:55.906+0000] {processor.py:830} INFO - Processing file /home/airflow/.local/lib/python3.12/site-packages/airflow/example_dags/example_params_ui_tutorial.py for tasks to queue
[2024-07-25T23:37:55.913+0000] {logging_mixin.py:188} INFO - [2024-07-25T23:37:55.912+0000] {dagbag.py:545} INFO - Filling up the DagBag from /home/airflow/.local/lib/python3.12/site-packages/airflow/example_dags/example_params_ui_tutorial.py
[2024-07-25T23:37:55.921+0000] {processor.py:840} INFO - DAG(s) 'example_params_ui_tutorial' retrieved from /home/airflow/.local/lib/python3.12/site-packages/airflow/example_dags/example_params_ui_tutorial.py
[2024-07-25T23:37:55.971+0000] {logging_mixin.py:188} INFO - [2024-07-25T23:37:55.971+0000] {dag.py:3089} INFO - Sync 1 DAGs
[2024-07-25T23:37:55.983+0000] {logging_mixin.py:188} INFO - [2024-07-25T23:37:55.982+0000] {dag.py:3947} INFO - Setting next_dagrun for example_params_ui_tutorial to None, run_after=None
[2024-07-25T23:37:56.000+0000] {processor.py:183} INFO - Processing /home/airflow/.local/lib/python3.12/site-packages/airflow/example_dags/example_params_ui_tutorial.py took 0.103 seconds
[2024-07-25T23:38:26.536+0000] {processor.py:161} INFO - Started process (PID=1317) to work on /home/airflow/.local/lib/python3.12/site-packages/airflow/example_dags/example_params_ui_tutorial.py
[2024-07-25T23:38:26.538+0000] {processor.py:830} INFO - Processing file /home/airflow/.local/lib/python3.12/site-packages/airflow/example_dags/example_params_ui_tutorial.py for tasks to queue
[2024-07-25T23:38:26.543+0000] {logging_mixin.py:188} INFO - [2024-07-25T23:38:26.542+0000] {dagbag.py:545} INFO - Filling up the DagBag from /home/airflow/.local/lib/python3.12/site-packages/airflow/example_dags/example_params_ui_tutorial.py
[2024-07-25T23:38:26.568+0000] {processor.py:840} INFO - DAG(s) 'example_params_ui_tutorial' retrieved from /home/airflow/.local/lib/python3.12/site-packages/airflow/example_dags/example_params_ui_tutorial.py
[2024-07-25T23:38:26.656+0000] {logging_mixin.py:188} INFO - [2024-07-25T23:38:26.656+0000] {dag.py:3089} INFO - Sync 1 DAGs
[2024-07-25T23:38:26.673+0000] {logging_mixin.py:188} INFO - [2024-07-25T23:38:26.671+0000] {dag.py:3947} INFO - Setting next_dagrun for example_params_ui_tutorial to None, run_after=None
[2024-07-25T23:38:26.717+0000] {processor.py:183} INFO - Processing /home/airflow/.local/lib/python3.12/site-packages/airflow/example_dags/example_params_ui_tutorial.py took 0.191 seconds
[2024-07-25T23:38:57.667+0000] {processor.py:161} INFO - Started process (PID=1377) to work on /home/airflow/.local/lib/python3.12/site-packages/airflow/example_dags/example_params_ui_tutorial.py
[2024-07-25T23:38:57.670+0000] {processor.py:830} INFO - Processing file /home/airflow/.local/lib/python3.12/site-packages/airflow/example_dags/example_params_ui_tutorial.py for tasks to queue
[2024-07-25T23:38:57.674+0000] {logging_mixin.py:188} INFO - [2024-07-25T23:38:57.674+0000] {dagbag.py:545} INFO - Filling up the DagBag from /home/airflow/.local/lib/python3.12/site-packages/airflow/example_dags/example_params_ui_tutorial.py
[2024-07-25T23:38:57.687+0000] {processor.py:840} INFO - DAG(s) 'example_params_ui_tutorial' retrieved from /home/airflow/.local/lib/python3.12/site-packages/airflow/example_dags/example_params_ui_tutorial.py
[2024-07-25T23:38:57.755+0000] {logging_mixin.py:188} INFO - [2024-07-25T23:38:57.755+0000] {dag.py:3089} INFO - Sync 1 DAGs
[2024-07-25T23:38:57.769+0000] {logging_mixin.py:188} INFO - [2024-07-25T23:38:57.769+0000] {dag.py:3947} INFO - Setting next_dagrun for example_params_ui_tutorial to None, run_after=None
[2024-07-25T23:38:57.788+0000] {processor.py:183} INFO - Processing /home/airflow/.local/lib/python3.12/site-packages/airflow/example_dags/example_params_ui_tutorial.py took 0.134 seconds
[2024-07-25T23:39:28.271+0000] {processor.py:161} INFO - Started process (PID=1437) to work on /home/airflow/.local/lib/python3.12/site-packages/airflow/example_dags/example_params_ui_tutorial.py
[2024-07-25T23:39:28.273+0000] {processor.py:830} INFO - Processing file /home/airflow/.local/lib/python3.12/site-packages/airflow/example_dags/example_params_ui_tutorial.py for tasks to queue
[2024-07-25T23:39:28.275+0000] {logging_mixin.py:188} INFO - [2024-07-25T23:39:28.275+0000] {dagbag.py:545} INFO - Filling up the DagBag from /home/airflow/.local/lib/python3.12/site-packages/airflow/example_dags/example_params_ui_tutorial.py
[2024-07-25T23:39:28.285+0000] {processor.py:840} INFO - DAG(s) 'example_params_ui_tutorial' retrieved from /home/airflow/.local/lib/python3.12/site-packages/airflow/example_dags/example_params_ui_tutorial.py
[2024-07-25T23:39:28.358+0000] {logging_mixin.py:188} INFO - [2024-07-25T23:39:28.357+0000] {dag.py:3089} INFO - Sync 1 DAGs
[2024-07-25T23:39:28.379+0000] {logging_mixin.py:188} INFO - [2024-07-25T23:39:28.378+0000] {dag.py:3947} INFO - Setting next_dagrun for example_params_ui_tutorial to None, run_after=None
[2024-07-25T23:39:28.400+0000] {processor.py:183} INFO - Processing /home/airflow/.local/lib/python3.12/site-packages/airflow/example_dags/example_params_ui_tutorial.py took 0.139 seconds
[2024-07-25T23:39:59.239+0000] {processor.py:161} INFO - Started process (PID=1497) to work on /home/airflow/.local/lib/python3.12/site-packages/airflow/example_dags/example_params_ui_tutorial.py
[2024-07-25T23:39:59.241+0000] {processor.py:830} INFO - Processing file /home/airflow/.local/lib/python3.12/site-packages/airflow/example_dags/example_params_ui_tutorial.py for tasks to queue
[2024-07-25T23:39:59.244+0000] {logging_mixin.py:188} INFO - [2024-07-25T23:39:59.243+0000] {dagbag.py:545} INFO - Filling up the DagBag from /home/airflow/.local/lib/python3.12/site-packages/airflow/example_dags/example_params_ui_tutorial.py
[2024-07-25T23:39:59.253+0000] {processor.py:840} INFO - DAG(s) 'example_params_ui_tutorial' retrieved from /home/airflow/.local/lib/python3.12/site-packages/airflow/example_dags/example_params_ui_tutorial.py
[2024-07-25T23:39:59.302+0000] {logging_mixin.py:188} INFO - [2024-07-25T23:39:59.302+0000] {dag.py:3089} INFO - Sync 1 DAGs
[2024-07-25T23:39:59.316+0000] {logging_mixin.py:188} INFO - [2024-07-25T23:39:59.316+0000] {dag.py:3947} INFO - Setting next_dagrun for example_params_ui_tutorial to None, run_after=None
[2024-07-25T23:39:59.336+0000] {processor.py:183} INFO - Processing /home/airflow/.local/lib/python3.12/site-packages/airflow/example_dags/example_params_ui_tutorial.py took 0.106 seconds
[2024-07-25T23:40:29.386+0000] {processor.py:161} INFO - Started process (PID=1557) to work on /home/airflow/.local/lib/python3.12/site-packages/airflow/example_dags/example_params_ui_tutorial.py
[2024-07-25T23:40:29.388+0000] {processor.py:830} INFO - Processing file /home/airflow/.local/lib/python3.12/site-packages/airflow/example_dags/example_params_ui_tutorial.py for tasks to queue
[2024-07-25T23:40:29.391+0000] {logging_mixin.py:188} INFO - [2024-07-25T23:40:29.391+0000] {dagbag.py:545} INFO - Filling up the DagBag from /home/airflow/.local/lib/python3.12/site-packages/airflow/example_dags/example_params_ui_tutorial.py
[2024-07-25T23:40:29.400+0000] {processor.py:840} INFO - DAG(s) 'example_params_ui_tutorial' retrieved from /home/airflow/.local/lib/python3.12/site-packages/airflow/example_dags/example_params_ui_tutorial.py
[2024-07-25T23:40:29.478+0000] {logging_mixin.py:188} INFO - [2024-07-25T23:40:29.478+0000] {dag.py:3089} INFO - Sync 1 DAGs
[2024-07-25T23:40:29.493+0000] {logging_mixin.py:188} INFO - [2024-07-25T23:40:29.493+0000] {dag.py:3947} INFO - Setting next_dagrun for example_params_ui_tutorial to None, run_after=None
[2024-07-25T23:40:29.516+0000] {processor.py:183} INFO - Processing /home/airflow/.local/lib/python3.12/site-packages/airflow/example_dags/example_params_ui_tutorial.py took 0.142 seconds
[2024-07-25T23:40:59.780+0000] {processor.py:161} INFO - Started process (PID=1617) to work on /home/airflow/.local/lib/python3.12/site-packages/airflow/example_dags/example_params_ui_tutorial.py
[2024-07-25T23:40:59.782+0000] {processor.py:830} INFO - Processing file /home/airflow/.local/lib/python3.12/site-packages/airflow/example_dags/example_params_ui_tutorial.py for tasks to queue
[2024-07-25T23:40:59.787+0000] {logging_mixin.py:188} INFO - [2024-07-25T23:40:59.786+0000] {dagbag.py:545} INFO - Filling up the DagBag from /home/airflow/.local/lib/python3.12/site-packages/airflow/example_dags/example_params_ui_tutorial.py
[2024-07-25T23:40:59.813+0000] {processor.py:840} INFO - DAG(s) 'example_params_ui_tutorial' retrieved from /home/airflow/.local/lib/python3.12/site-packages/airflow/example_dags/example_params_ui_tutorial.py
[2024-07-25T23:40:59.947+0000] {logging_mixin.py:188} INFO - [2024-07-25T23:40:59.946+0000] {dag.py:3089} INFO - Sync 1 DAGs
[2024-07-25T23:40:59.985+0000] {logging_mixin.py:188} INFO - [2024-07-25T23:40:59.984+0000] {dag.py:3947} INFO - Setting next_dagrun for example_params_ui_tutorial to None, run_after=None
[2024-07-25T23:41:00.037+0000] {processor.py:183} INFO - Processing /home/airflow/.local/lib/python3.12/site-packages/airflow/example_dags/example_params_ui_tutorial.py took 0.282 seconds
[2024-07-25T23:41:30.280+0000] {processor.py:161} INFO - Started process (PID=1677) to work on /home/airflow/.local/lib/python3.12/site-packages/airflow/example_dags/example_params_ui_tutorial.py
[2024-07-25T23:41:30.282+0000] {processor.py:830} INFO - Processing file /home/airflow/.local/lib/python3.12/site-packages/airflow/example_dags/example_params_ui_tutorial.py for tasks to queue
[2024-07-25T23:41:30.286+0000] {logging_mixin.py:188} INFO - [2024-07-25T23:41:30.285+0000] {dagbag.py:545} INFO - Filling up the DagBag from /home/airflow/.local/lib/python3.12/site-packages/airflow/example_dags/example_params_ui_tutorial.py
[2024-07-25T23:41:30.299+0000] {processor.py:840} INFO - DAG(s) 'example_params_ui_tutorial' retrieved from /home/airflow/.local/lib/python3.12/site-packages/airflow/example_dags/example_params_ui_tutorial.py
[2024-07-25T23:41:30.360+0000] {logging_mixin.py:188} INFO - [2024-07-25T23:41:30.360+0000] {dag.py:3089} INFO - Sync 1 DAGs
[2024-07-25T23:41:30.373+0000] {logging_mixin.py:188} INFO - [2024-07-25T23:41:30.373+0000] {dag.py:3947} INFO - Setting next_dagrun for example_params_ui_tutorial to None, run_after=None
[2024-07-25T23:41:30.391+0000] {processor.py:183} INFO - Processing /home/airflow/.local/lib/python3.12/site-packages/airflow/example_dags/example_params_ui_tutorial.py took 0.122 seconds
[2024-07-25T23:42:01.277+0000] {processor.py:161} INFO - Started process (PID=1737) to work on /home/airflow/.local/lib/python3.12/site-packages/airflow/example_dags/example_params_ui_tutorial.py
[2024-07-25T23:42:01.278+0000] {processor.py:830} INFO - Processing file /home/airflow/.local/lib/python3.12/site-packages/airflow/example_dags/example_params_ui_tutorial.py for tasks to queue
[2024-07-25T23:42:01.281+0000] {logging_mixin.py:188} INFO - [2024-07-25T23:42:01.280+0000] {dagbag.py:545} INFO - Filling up the DagBag from /home/airflow/.local/lib/python3.12/site-packages/airflow/example_dags/example_params_ui_tutorial.py
[2024-07-25T23:42:01.289+0000] {processor.py:840} INFO - DAG(s) 'example_params_ui_tutorial' retrieved from /home/airflow/.local/lib/python3.12/site-packages/airflow/example_dags/example_params_ui_tutorial.py
[2024-07-25T23:42:01.327+0000] {logging_mixin.py:188} INFO - [2024-07-25T23:42:01.327+0000] {dag.py:3089} INFO - Sync 1 DAGs
[2024-07-25T23:42:01.335+0000] {logging_mixin.py:188} INFO - [2024-07-25T23:42:01.335+0000] {dag.py:3947} INFO - Setting next_dagrun for example_params_ui_tutorial to None, run_after=None
[2024-07-25T23:42:01.351+0000] {processor.py:183} INFO - Processing /home/airflow/.local/lib/python3.12/site-packages/airflow/example_dags/example_params_ui_tutorial.py took 0.082 seconds
[2024-07-25T23:42:32.244+0000] {processor.py:161} INFO - Started process (PID=1797) to work on /home/airflow/.local/lib/python3.12/site-packages/airflow/example_dags/example_params_ui_tutorial.py
[2024-07-25T23:42:32.246+0000] {processor.py:830} INFO - Processing file /home/airflow/.local/lib/python3.12/site-packages/airflow/example_dags/example_params_ui_tutorial.py for tasks to queue
[2024-07-25T23:42:32.249+0000] {logging_mixin.py:188} INFO - [2024-07-25T23:42:32.248+0000] {dagbag.py:545} INFO - Filling up the DagBag from /home/airflow/.local/lib/python3.12/site-packages/airflow/example_dags/example_params_ui_tutorial.py
[2024-07-25T23:42:32.261+0000] {processor.py:840} INFO - DAG(s) 'example_params_ui_tutorial' retrieved from /home/airflow/.local/lib/python3.12/site-packages/airflow/example_dags/example_params_ui_tutorial.py
[2024-07-25T23:42:32.341+0000] {logging_mixin.py:188} INFO - [2024-07-25T23:42:32.341+0000] {dag.py:3089} INFO - Sync 1 DAGs
[2024-07-25T23:42:32.358+0000] {logging_mixin.py:188} INFO - [2024-07-25T23:42:32.358+0000] {dag.py:3947} INFO - Setting next_dagrun for example_params_ui_tutorial to None, run_after=None
[2024-07-25T23:42:32.372+0000] {processor.py:183} INFO - Processing /home/airflow/.local/lib/python3.12/site-packages/airflow/example_dags/example_params_ui_tutorial.py took 0.139 seconds
[2024-07-25T23:43:02.963+0000] {processor.py:161} INFO - Started process (PID=1857) to work on /home/airflow/.local/lib/python3.12/site-packages/airflow/example_dags/example_params_ui_tutorial.py
[2024-07-25T23:43:02.966+0000] {processor.py:830} INFO - Processing file /home/airflow/.local/lib/python3.12/site-packages/airflow/example_dags/example_params_ui_tutorial.py for tasks to queue
[2024-07-25T23:43:02.973+0000] {logging_mixin.py:188} INFO - [2024-07-25T23:43:02.971+0000] {dagbag.py:545} INFO - Filling up the DagBag from /home/airflow/.local/lib/python3.12/site-packages/airflow/example_dags/example_params_ui_tutorial.py
[2024-07-25T23:43:02.992+0000] {processor.py:840} INFO - DAG(s) 'example_params_ui_tutorial' retrieved from /home/airflow/.local/lib/python3.12/site-packages/airflow/example_dags/example_params_ui_tutorial.py
[2024-07-25T23:43:03.079+0000] {logging_mixin.py:188} INFO - [2024-07-25T23:43:03.079+0000] {dag.py:3089} INFO - Sync 1 DAGs
[2024-07-25T23:43:03.384+0000] {logging_mixin.py:188} INFO - [2024-07-25T23:43:03.384+0000] {dag.py:3947} INFO - Setting next_dagrun for example_params_ui_tutorial to None, run_after=None
[2024-07-25T23:43:03.400+0000] {processor.py:183} INFO - Processing /home/airflow/.local/lib/python3.12/site-packages/airflow/example_dags/example_params_ui_tutorial.py took 0.461 seconds
[2024-07-25T23:43:34.189+0000] {processor.py:161} INFO - Started process (PID=1917) to work on /home/airflow/.local/lib/python3.12/site-packages/airflow/example_dags/example_params_ui_tutorial.py
[2024-07-25T23:43:34.191+0000] {processor.py:830} INFO - Processing file /home/airflow/.local/lib/python3.12/site-packages/airflow/example_dags/example_params_ui_tutorial.py for tasks to queue
[2024-07-25T23:43:34.195+0000] {logging_mixin.py:188} INFO - [2024-07-25T23:43:34.194+0000] {dagbag.py:545} INFO - Filling up the DagBag from /home/airflow/.local/lib/python3.12/site-packages/airflow/example_dags/example_params_ui_tutorial.py
[2024-07-25T23:43:34.206+0000] {processor.py:840} INFO - DAG(s) 'example_params_ui_tutorial' retrieved from /home/airflow/.local/lib/python3.12/site-packages/airflow/example_dags/example_params_ui_tutorial.py
[2024-07-25T23:43:34.251+0000] {logging_mixin.py:188} INFO - [2024-07-25T23:43:34.251+0000] {dag.py:3089} INFO - Sync 1 DAGs
[2024-07-25T23:43:34.264+0000] {logging_mixin.py:188} INFO - [2024-07-25T23:43:34.264+0000] {dag.py:3947} INFO - Setting next_dagrun for example_params_ui_tutorial to None, run_after=None
[2024-07-25T23:43:34.281+0000] {processor.py:183} INFO - Processing /home/airflow/.local/lib/python3.12/site-packages/airflow/example_dags/example_params_ui_tutorial.py took 0.103 seconds
[2024-07-25T23:44:04.706+0000] {processor.py:161} INFO - Started process (PID=1977) to work on /home/airflow/.local/lib/python3.12/site-packages/airflow/example_dags/example_params_ui_tutorial.py
[2024-07-25T23:44:04.709+0000] {processor.py:830} INFO - Processing file /home/airflow/.local/lib/python3.12/site-packages/airflow/example_dags/example_params_ui_tutorial.py for tasks to queue
[2024-07-25T23:44:04.712+0000] {logging_mixin.py:188} INFO - [2024-07-25T23:44:04.712+0000] {dagbag.py:545} INFO - Filling up the DagBag from /home/airflow/.local/lib/python3.12/site-packages/airflow/example_dags/example_params_ui_tutorial.py
[2024-07-25T23:44:04.725+0000] {processor.py:840} INFO - DAG(s) 'example_params_ui_tutorial' retrieved from /home/airflow/.local/lib/python3.12/site-packages/airflow/example_dags/example_params_ui_tutorial.py
[2024-07-25T23:44:04.797+0000] {logging_mixin.py:188} INFO - [2024-07-25T23:44:04.797+0000] {dag.py:3089} INFO - Sync 1 DAGs
[2024-07-25T23:44:04.817+0000] {logging_mixin.py:188} INFO - [2024-07-25T23:44:04.817+0000] {dag.py:3947} INFO - Setting next_dagrun for example_params_ui_tutorial to None, run_after=None
[2024-07-25T23:44:04.841+0000] {processor.py:183} INFO - Processing /home/airflow/.local/lib/python3.12/site-packages/airflow/example_dags/example_params_ui_tutorial.py took 0.158 seconds
[2024-07-25T23:44:35.107+0000] {processor.py:161} INFO - Started process (PID=2036) to work on /home/airflow/.local/lib/python3.12/site-packages/airflow/example_dags/example_params_ui_tutorial.py
[2024-07-25T23:44:35.109+0000] {processor.py:830} INFO - Processing file /home/airflow/.local/lib/python3.12/site-packages/airflow/example_dags/example_params_ui_tutorial.py for tasks to queue
[2024-07-25T23:44:35.111+0000] {logging_mixin.py:188} INFO - [2024-07-25T23:44:35.111+0000] {dagbag.py:545} INFO - Filling up the DagBag from /home/airflow/.local/lib/python3.12/site-packages/airflow/example_dags/example_params_ui_tutorial.py
[2024-07-25T23:44:35.120+0000] {processor.py:840} INFO - DAG(s) 'example_params_ui_tutorial' retrieved from /home/airflow/.local/lib/python3.12/site-packages/airflow/example_dags/example_params_ui_tutorial.py
[2024-07-25T23:44:35.163+0000] {logging_mixin.py:188} INFO - [2024-07-25T23:44:35.163+0000] {dag.py:3089} INFO - Sync 1 DAGs
[2024-07-25T23:44:35.178+0000] {logging_mixin.py:188} INFO - [2024-07-25T23:44:35.178+0000] {dag.py:3947} INFO - Setting next_dagrun for example_params_ui_tutorial to None, run_after=None
[2024-07-25T23:44:35.198+0000] {processor.py:183} INFO - Processing /home/airflow/.local/lib/python3.12/site-packages/airflow/example_dags/example_params_ui_tutorial.py took 0.097 seconds
[2024-07-25T23:45:05.859+0000] {processor.py:161} INFO - Started process (PID=2096) to work on /home/airflow/.local/lib/python3.12/site-packages/airflow/example_dags/example_params_ui_tutorial.py
[2024-07-25T23:45:05.862+0000] {processor.py:830} INFO - Processing file /home/airflow/.local/lib/python3.12/site-packages/airflow/example_dags/example_params_ui_tutorial.py for tasks to queue
[2024-07-25T23:45:05.865+0000] {logging_mixin.py:188} INFO - [2024-07-25T23:45:05.865+0000] {dagbag.py:545} INFO - Filling up the DagBag from /home/airflow/.local/lib/python3.12/site-packages/airflow/example_dags/example_params_ui_tutorial.py
[2024-07-25T23:45:05.874+0000] {processor.py:840} INFO - DAG(s) 'example_params_ui_tutorial' retrieved from /home/airflow/.local/lib/python3.12/site-packages/airflow/example_dags/example_params_ui_tutorial.py
[2024-07-25T23:45:05.937+0000] {logging_mixin.py:188} INFO - [2024-07-25T23:45:05.937+0000] {dag.py:3089} INFO - Sync 1 DAGs
[2024-07-25T23:45:05.952+0000] {logging_mixin.py:188} INFO - [2024-07-25T23:45:05.952+0000] {dag.py:3947} INFO - Setting next_dagrun for example_params_ui_tutorial to None, run_after=None
[2024-07-25T23:45:05.970+0000] {processor.py:183} INFO - Processing /home/airflow/.local/lib/python3.12/site-packages/airflow/example_dags/example_params_ui_tutorial.py took 0.118 seconds
[2024-07-25T23:45:36.129+0000] {processor.py:161} INFO - Started process (PID=2162) to work on /home/airflow/.local/lib/python3.12/site-packages/airflow/example_dags/example_params_ui_tutorial.py
[2024-07-25T23:45:36.138+0000] {processor.py:830} INFO - Processing file /home/airflow/.local/lib/python3.12/site-packages/airflow/example_dags/example_params_ui_tutorial.py for tasks to queue
[2024-07-25T23:45:36.141+0000] {logging_mixin.py:188} INFO - [2024-07-25T23:45:36.141+0000] {dagbag.py:545} INFO - Filling up the DagBag from /home/airflow/.local/lib/python3.12/site-packages/airflow/example_dags/example_params_ui_tutorial.py
[2024-07-25T23:45:36.152+0000] {processor.py:840} INFO - DAG(s) 'example_params_ui_tutorial' retrieved from /home/airflow/.local/lib/python3.12/site-packages/airflow/example_dags/example_params_ui_tutorial.py
[2024-07-25T23:45:36.196+0000] {logging_mixin.py:188} INFO - [2024-07-25T23:45:36.196+0000] {dag.py:3089} INFO - Sync 1 DAGs
[2024-07-25T23:45:36.208+0000] {logging_mixin.py:188} INFO - [2024-07-25T23:45:36.207+0000] {dag.py:3947} INFO - Setting next_dagrun for example_params_ui_tutorial to None, run_after=None
[2024-07-25T23:45:36.226+0000] {processor.py:183} INFO - Processing /home/airflow/.local/lib/python3.12/site-packages/airflow/example_dags/example_params_ui_tutorial.py took 0.108 seconds
[2024-07-25T23:46:06.712+0000] {processor.py:161} INFO - Started process (PID=2222) to work on /home/airflow/.local/lib/python3.12/site-packages/airflow/example_dags/example_params_ui_tutorial.py
[2024-07-25T23:46:06.715+0000] {processor.py:830} INFO - Processing file /home/airflow/.local/lib/python3.12/site-packages/airflow/example_dags/example_params_ui_tutorial.py for tasks to queue
[2024-07-25T23:46:06.719+0000] {logging_mixin.py:188} INFO - [2024-07-25T23:46:06.719+0000] {dagbag.py:545} INFO - Filling up the DagBag from /home/airflow/.local/lib/python3.12/site-packages/airflow/example_dags/example_params_ui_tutorial.py
[2024-07-25T23:46:06.731+0000] {processor.py:840} INFO - DAG(s) 'example_params_ui_tutorial' retrieved from /home/airflow/.local/lib/python3.12/site-packages/airflow/example_dags/example_params_ui_tutorial.py
[2024-07-25T23:46:06.806+0000] {logging_mixin.py:188} INFO - [2024-07-25T23:46:06.806+0000] {dag.py:3089} INFO - Sync 1 DAGs
[2024-07-25T23:46:06.826+0000] {logging_mixin.py:188} INFO - [2024-07-25T23:46:06.826+0000] {dag.py:3947} INFO - Setting next_dagrun for example_params_ui_tutorial to None, run_after=None
[2024-07-25T23:46:06.847+0000] {processor.py:183} INFO - Processing /home/airflow/.local/lib/python3.12/site-packages/airflow/example_dags/example_params_ui_tutorial.py took 0.150 seconds
[2024-07-25T23:46:37.289+0000] {processor.py:161} INFO - Started process (PID=2282) to work on /home/airflow/.local/lib/python3.12/site-packages/airflow/example_dags/example_params_ui_tutorial.py
[2024-07-25T23:46:37.293+0000] {processor.py:830} INFO - Processing file /home/airflow/.local/lib/python3.12/site-packages/airflow/example_dags/example_params_ui_tutorial.py for tasks to queue
[2024-07-25T23:46:37.318+0000] {logging_mixin.py:188} INFO - [2024-07-25T23:46:37.315+0000] {dagbag.py:545} INFO - Filling up the DagBag from /home/airflow/.local/lib/python3.12/site-packages/airflow/example_dags/example_params_ui_tutorial.py
[2024-07-25T23:46:37.335+0000] {processor.py:840} INFO - DAG(s) 'example_params_ui_tutorial' retrieved from /home/airflow/.local/lib/python3.12/site-packages/airflow/example_dags/example_params_ui_tutorial.py
[2024-07-25T23:46:37.407+0000] {logging_mixin.py:188} INFO - [2024-07-25T23:46:37.407+0000] {dag.py:3089} INFO - Sync 1 DAGs
[2024-07-25T23:46:37.455+0000] {logging_mixin.py:188} INFO - [2024-07-25T23:46:37.454+0000] {dag.py:3947} INFO - Setting next_dagrun for example_params_ui_tutorial to None, run_after=None
[2024-07-25T23:46:37.481+0000] {processor.py:183} INFO - Processing /home/airflow/.local/lib/python3.12/site-packages/airflow/example_dags/example_params_ui_tutorial.py took 0.211 seconds
[2024-07-25T23:47:07.759+0000] {processor.py:161} INFO - Started process (PID=2342) to work on /home/airflow/.local/lib/python3.12/site-packages/airflow/example_dags/example_params_ui_tutorial.py
[2024-07-25T23:47:07.764+0000] {processor.py:830} INFO - Processing file /home/airflow/.local/lib/python3.12/site-packages/airflow/example_dags/example_params_ui_tutorial.py for tasks to queue
[2024-07-25T23:47:07.767+0000] {logging_mixin.py:188} INFO - [2024-07-25T23:47:07.766+0000] {dagbag.py:545} INFO - Filling up the DagBag from /home/airflow/.local/lib/python3.12/site-packages/airflow/example_dags/example_params_ui_tutorial.py
[2024-07-25T23:47:07.778+0000] {processor.py:840} INFO - DAG(s) 'example_params_ui_tutorial' retrieved from /home/airflow/.local/lib/python3.12/site-packages/airflow/example_dags/example_params_ui_tutorial.py
[2024-07-25T23:47:07.830+0000] {logging_mixin.py:188} INFO - [2024-07-25T23:47:07.830+0000] {dag.py:3089} INFO - Sync 1 DAGs
[2024-07-25T23:47:07.842+0000] {logging_mixin.py:188} INFO - [2024-07-25T23:47:07.842+0000] {dag.py:3947} INFO - Setting next_dagrun for example_params_ui_tutorial to None, run_after=None
[2024-07-25T23:47:07.857+0000] {processor.py:183} INFO - Processing /home/airflow/.local/lib/python3.12/site-packages/airflow/example_dags/example_params_ui_tutorial.py took 0.110 seconds
[2024-07-25T23:47:38.028+0000] {processor.py:161} INFO - Started process (PID=2401) to work on /home/airflow/.local/lib/python3.12/site-packages/airflow/example_dags/example_params_ui_tutorial.py
[2024-07-25T23:47:38.030+0000] {processor.py:830} INFO - Processing file /home/airflow/.local/lib/python3.12/site-packages/airflow/example_dags/example_params_ui_tutorial.py for tasks to queue
[2024-07-25T23:47:38.034+0000] {logging_mixin.py:188} INFO - [2024-07-25T23:47:38.033+0000] {dagbag.py:545} INFO - Filling up the DagBag from /home/airflow/.local/lib/python3.12/site-packages/airflow/example_dags/example_params_ui_tutorial.py
[2024-07-25T23:47:38.046+0000] {processor.py:840} INFO - DAG(s) 'example_params_ui_tutorial' retrieved from /home/airflow/.local/lib/python3.12/site-packages/airflow/example_dags/example_params_ui_tutorial.py
[2024-07-25T23:47:38.103+0000] {logging_mixin.py:188} INFO - [2024-07-25T23:47:38.102+0000] {dag.py:3089} INFO - Sync 1 DAGs
[2024-07-25T23:47:38.116+0000] {logging_mixin.py:188} INFO - [2024-07-25T23:47:38.116+0000] {dag.py:3947} INFO - Setting next_dagrun for example_params_ui_tutorial to None, run_after=None
[2024-07-25T23:47:38.138+0000] {processor.py:183} INFO - Processing /home/airflow/.local/lib/python3.12/site-packages/airflow/example_dags/example_params_ui_tutorial.py took 0.119 seconds
[2024-07-25T23:48:08.370+0000] {processor.py:161} INFO - Started process (PID=2462) to work on /home/airflow/.local/lib/python3.12/site-packages/airflow/example_dags/example_params_ui_tutorial.py
[2024-07-25T23:48:08.373+0000] {processor.py:830} INFO - Processing file /home/airflow/.local/lib/python3.12/site-packages/airflow/example_dags/example_params_ui_tutorial.py for tasks to queue
[2024-07-25T23:48:08.377+0000] {logging_mixin.py:188} INFO - [2024-07-25T23:48:08.377+0000] {dagbag.py:545} INFO - Filling up the DagBag from /home/airflow/.local/lib/python3.12/site-packages/airflow/example_dags/example_params_ui_tutorial.py
[2024-07-25T23:48:08.384+0000] {processor.py:840} INFO - DAG(s) 'example_params_ui_tutorial' retrieved from /home/airflow/.local/lib/python3.12/site-packages/airflow/example_dags/example_params_ui_tutorial.py
[2024-07-25T23:48:08.422+0000] {logging_mixin.py:188} INFO - [2024-07-25T23:48:08.422+0000] {dag.py:3089} INFO - Sync 1 DAGs
[2024-07-25T23:48:08.444+0000] {logging_mixin.py:188} INFO - [2024-07-25T23:48:08.444+0000] {dag.py:3947} INFO - Setting next_dagrun for example_params_ui_tutorial to None, run_after=None
[2024-07-25T23:48:08.459+0000] {processor.py:183} INFO - Processing /home/airflow/.local/lib/python3.12/site-packages/airflow/example_dags/example_params_ui_tutorial.py took 0.096 seconds
[2024-07-25T23:48:39.333+0000] {processor.py:161} INFO - Started process (PID=2519) to work on /home/airflow/.local/lib/python3.12/site-packages/airflow/example_dags/example_params_ui_tutorial.py
[2024-07-25T23:48:39.342+0000] {processor.py:830} INFO - Processing file /home/airflow/.local/lib/python3.12/site-packages/airflow/example_dags/example_params_ui_tutorial.py for tasks to queue
[2024-07-25T23:48:39.354+0000] {logging_mixin.py:188} INFO - [2024-07-25T23:48:39.353+0000] {dagbag.py:545} INFO - Filling up the DagBag from /home/airflow/.local/lib/python3.12/site-packages/airflow/example_dags/example_params_ui_tutorial.py
[2024-07-25T23:48:39.362+0000] {processor.py:840} INFO - DAG(s) 'example_params_ui_tutorial' retrieved from /home/airflow/.local/lib/python3.12/site-packages/airflow/example_dags/example_params_ui_tutorial.py
[2024-07-25T23:48:39.410+0000] {logging_mixin.py:188} INFO - [2024-07-25T23:48:39.410+0000] {dag.py:3089} INFO - Sync 1 DAGs
[2024-07-25T23:48:39.423+0000] {logging_mixin.py:188} INFO - [2024-07-25T23:48:39.423+0000] {dag.py:3947} INFO - Setting next_dagrun for example_params_ui_tutorial to None, run_after=None
[2024-07-25T23:48:39.461+0000] {processor.py:183} INFO - Processing /home/airflow/.local/lib/python3.12/site-packages/airflow/example_dags/example_params_ui_tutorial.py took 0.136 seconds
[2024-07-25T23:49:09.782+0000] {processor.py:161} INFO - Started process (PID=2579) to work on /home/airflow/.local/lib/python3.12/site-packages/airflow/example_dags/example_params_ui_tutorial.py
[2024-07-25T23:49:09.785+0000] {processor.py:830} INFO - Processing file /home/airflow/.local/lib/python3.12/site-packages/airflow/example_dags/example_params_ui_tutorial.py for tasks to queue
[2024-07-25T23:49:09.788+0000] {logging_mixin.py:188} INFO - [2024-07-25T23:49:09.788+0000] {dagbag.py:545} INFO - Filling up the DagBag from /home/airflow/.local/lib/python3.12/site-packages/airflow/example_dags/example_params_ui_tutorial.py
[2024-07-25T23:49:09.799+0000] {processor.py:840} INFO - DAG(s) 'example_params_ui_tutorial' retrieved from /home/airflow/.local/lib/python3.12/site-packages/airflow/example_dags/example_params_ui_tutorial.py
[2024-07-25T23:49:09.864+0000] {logging_mixin.py:188} INFO - [2024-07-25T23:49:09.864+0000] {dag.py:3089} INFO - Sync 1 DAGs
[2024-07-25T23:49:09.881+0000] {logging_mixin.py:188} INFO - [2024-07-25T23:49:09.881+0000] {dag.py:3947} INFO - Setting next_dagrun for example_params_ui_tutorial to None, run_after=None
[2024-07-25T23:49:09.911+0000] {processor.py:183} INFO - Processing /home/airflow/.local/lib/python3.12/site-packages/airflow/example_dags/example_params_ui_tutorial.py took 0.139 seconds
[2024-07-25T23:49:40.064+0000] {processor.py:161} INFO - Started process (PID=2638) to work on /home/airflow/.local/lib/python3.12/site-packages/airflow/example_dags/example_params_ui_tutorial.py
[2024-07-25T23:49:40.069+0000] {processor.py:830} INFO - Processing file /home/airflow/.local/lib/python3.12/site-packages/airflow/example_dags/example_params_ui_tutorial.py for tasks to queue
[2024-07-25T23:49:40.074+0000] {logging_mixin.py:188} INFO - [2024-07-25T23:49:40.073+0000] {dagbag.py:545} INFO - Filling up the DagBag from /home/airflow/.local/lib/python3.12/site-packages/airflow/example_dags/example_params_ui_tutorial.py
[2024-07-25T23:49:40.095+0000] {processor.py:840} INFO - DAG(s) 'example_params_ui_tutorial' retrieved from /home/airflow/.local/lib/python3.12/site-packages/airflow/example_dags/example_params_ui_tutorial.py
[2024-07-25T23:49:40.176+0000] {logging_mixin.py:188} INFO - [2024-07-25T23:49:40.175+0000] {dag.py:3089} INFO - Sync 1 DAGs
[2024-07-25T23:49:40.205+0000] {logging_mixin.py:188} INFO - [2024-07-25T23:49:40.205+0000] {dag.py:3947} INFO - Setting next_dagrun for example_params_ui_tutorial to None, run_after=None
[2024-07-25T23:49:40.225+0000] {processor.py:183} INFO - Processing /home/airflow/.local/lib/python3.12/site-packages/airflow/example_dags/example_params_ui_tutorial.py took 0.176 seconds
[2024-07-25T23:50:10.321+0000] {processor.py:161} INFO - Started process (PID=2699) to work on /home/airflow/.local/lib/python3.12/site-packages/airflow/example_dags/example_params_ui_tutorial.py
[2024-07-25T23:50:10.323+0000] {processor.py:830} INFO - Processing file /home/airflow/.local/lib/python3.12/site-packages/airflow/example_dags/example_params_ui_tutorial.py for tasks to queue
[2024-07-25T23:50:10.326+0000] {logging_mixin.py:188} INFO - [2024-07-25T23:50:10.326+0000] {dagbag.py:545} INFO - Filling up the DagBag from /home/airflow/.local/lib/python3.12/site-packages/airflow/example_dags/example_params_ui_tutorial.py
[2024-07-25T23:50:10.338+0000] {processor.py:840} INFO - DAG(s) 'example_params_ui_tutorial' retrieved from /home/airflow/.local/lib/python3.12/site-packages/airflow/example_dags/example_params_ui_tutorial.py
[2024-07-25T23:50:10.396+0000] {logging_mixin.py:188} INFO - [2024-07-25T23:50:10.395+0000] {dag.py:3089} INFO - Sync 1 DAGs
[2024-07-25T23:50:10.410+0000] {logging_mixin.py:188} INFO - [2024-07-25T23:50:10.409+0000] {dag.py:3947} INFO - Setting next_dagrun for example_params_ui_tutorial to None, run_after=None
[2024-07-25T23:50:10.428+0000] {processor.py:183} INFO - Processing /home/airflow/.local/lib/python3.12/site-packages/airflow/example_dags/example_params_ui_tutorial.py took 0.121 seconds
[2024-07-25T23:50:40.496+0000] {processor.py:161} INFO - Started process (PID=2758) to work on /home/airflow/.local/lib/python3.12/site-packages/airflow/example_dags/example_params_ui_tutorial.py
[2024-07-25T23:50:40.499+0000] {processor.py:830} INFO - Processing file /home/airflow/.local/lib/python3.12/site-packages/airflow/example_dags/example_params_ui_tutorial.py for tasks to queue
[2024-07-25T23:50:40.504+0000] {logging_mixin.py:188} INFO - [2024-07-25T23:50:40.503+0000] {dagbag.py:545} INFO - Filling up the DagBag from /home/airflow/.local/lib/python3.12/site-packages/airflow/example_dags/example_params_ui_tutorial.py
[2024-07-25T23:50:40.517+0000] {processor.py:840} INFO - DAG(s) 'example_params_ui_tutorial' retrieved from /home/airflow/.local/lib/python3.12/site-packages/airflow/example_dags/example_params_ui_tutorial.py
[2024-07-25T23:50:40.577+0000] {logging_mixin.py:188} INFO - [2024-07-25T23:50:40.577+0000] {dag.py:3089} INFO - Sync 1 DAGs
[2024-07-25T23:50:40.590+0000] {logging_mixin.py:188} INFO - [2024-07-25T23:50:40.590+0000] {dag.py:3947} INFO - Setting next_dagrun for example_params_ui_tutorial to None, run_after=None
[2024-07-25T23:50:40.609+0000] {processor.py:183} INFO - Processing /home/airflow/.local/lib/python3.12/site-packages/airflow/example_dags/example_params_ui_tutorial.py took 0.126 seconds
[2024-07-25T23:51:11.264+0000] {processor.py:161} INFO - Started process (PID=2820) to work on /home/airflow/.local/lib/python3.12/site-packages/airflow/example_dags/example_params_ui_tutorial.py
[2024-07-25T23:51:11.266+0000] {processor.py:830} INFO - Processing file /home/airflow/.local/lib/python3.12/site-packages/airflow/example_dags/example_params_ui_tutorial.py for tasks to queue
[2024-07-25T23:51:11.268+0000] {logging_mixin.py:188} INFO - [2024-07-25T23:51:11.268+0000] {dagbag.py:545} INFO - Filling up the DagBag from /home/airflow/.local/lib/python3.12/site-packages/airflow/example_dags/example_params_ui_tutorial.py
[2024-07-25T23:51:11.277+0000] {processor.py:840} INFO - DAG(s) 'example_params_ui_tutorial' retrieved from /home/airflow/.local/lib/python3.12/site-packages/airflow/example_dags/example_params_ui_tutorial.py
[2024-07-25T23:51:11.347+0000] {logging_mixin.py:188} INFO - [2024-07-25T23:51:11.346+0000] {dag.py:3089} INFO - Sync 1 DAGs
[2024-07-25T23:51:11.364+0000] {logging_mixin.py:188} INFO - [2024-07-25T23:51:11.364+0000] {dag.py:3947} INFO - Setting next_dagrun for example_params_ui_tutorial to None, run_after=None
[2024-07-25T23:51:11.379+0000] {processor.py:183} INFO - Processing /home/airflow/.local/lib/python3.12/site-packages/airflow/example_dags/example_params_ui_tutorial.py took 0.122 seconds
[2024-07-25T23:51:42.253+0000] {processor.py:161} INFO - Started process (PID=2880) to work on /home/airflow/.local/lib/python3.12/site-packages/airflow/example_dags/example_params_ui_tutorial.py
[2024-07-25T23:51:42.254+0000] {processor.py:830} INFO - Processing file /home/airflow/.local/lib/python3.12/site-packages/airflow/example_dags/example_params_ui_tutorial.py for tasks to queue
[2024-07-25T23:51:42.256+0000] {logging_mixin.py:188} INFO - [2024-07-25T23:51:42.255+0000] {dagbag.py:545} INFO - Filling up the DagBag from /home/airflow/.local/lib/python3.12/site-packages/airflow/example_dags/example_params_ui_tutorial.py
[2024-07-25T23:51:42.261+0000] {processor.py:840} INFO - DAG(s) 'example_params_ui_tutorial' retrieved from /home/airflow/.local/lib/python3.12/site-packages/airflow/example_dags/example_params_ui_tutorial.py
[2024-07-25T23:51:42.296+0000] {logging_mixin.py:188} INFO - [2024-07-25T23:51:42.296+0000] {dag.py:3089} INFO - Sync 1 DAGs
[2024-07-25T23:51:42.305+0000] {logging_mixin.py:188} INFO - [2024-07-25T23:51:42.305+0000] {dag.py:3947} INFO - Setting next_dagrun for example_params_ui_tutorial to None, run_after=None
[2024-07-25T23:51:42.318+0000] {processor.py:183} INFO - Processing /home/airflow/.local/lib/python3.12/site-packages/airflow/example_dags/example_params_ui_tutorial.py took 0.071 seconds
[2024-07-25T23:52:12.680+0000] {processor.py:161} INFO - Started process (PID=2940) to work on /home/airflow/.local/lib/python3.12/site-packages/airflow/example_dags/example_params_ui_tutorial.py
[2024-07-25T23:52:12.681+0000] {processor.py:830} INFO - Processing file /home/airflow/.local/lib/python3.12/site-packages/airflow/example_dags/example_params_ui_tutorial.py for tasks to queue
[2024-07-25T23:52:12.683+0000] {logging_mixin.py:188} INFO - [2024-07-25T23:52:12.683+0000] {dagbag.py:545} INFO - Filling up the DagBag from /home/airflow/.local/lib/python3.12/site-packages/airflow/example_dags/example_params_ui_tutorial.py
[2024-07-25T23:52:12.690+0000] {processor.py:840} INFO - DAG(s) 'example_params_ui_tutorial' retrieved from /home/airflow/.local/lib/python3.12/site-packages/airflow/example_dags/example_params_ui_tutorial.py
[2024-07-25T23:52:12.726+0000] {logging_mixin.py:188} INFO - [2024-07-25T23:52:12.726+0000] {dag.py:3089} INFO - Sync 1 DAGs
[2024-07-25T23:52:12.736+0000] {logging_mixin.py:188} INFO - [2024-07-25T23:52:12.736+0000] {dag.py:3947} INFO - Setting next_dagrun for example_params_ui_tutorial to None, run_after=None
[2024-07-25T23:52:12.750+0000] {processor.py:183} INFO - Processing /home/airflow/.local/lib/python3.12/site-packages/airflow/example_dags/example_params_ui_tutorial.py took 0.076 seconds
[2024-07-25T23:52:43.751+0000] {processor.py:161} INFO - Started process (PID=3000) to work on /home/airflow/.local/lib/python3.12/site-packages/airflow/example_dags/example_params_ui_tutorial.py
[2024-07-25T23:52:43.753+0000] {processor.py:830} INFO - Processing file /home/airflow/.local/lib/python3.12/site-packages/airflow/example_dags/example_params_ui_tutorial.py for tasks to queue
[2024-07-25T23:52:43.754+0000] {logging_mixin.py:188} INFO - [2024-07-25T23:52:43.754+0000] {dagbag.py:545} INFO - Filling up the DagBag from /home/airflow/.local/lib/python3.12/site-packages/airflow/example_dags/example_params_ui_tutorial.py
[2024-07-25T23:52:43.760+0000] {processor.py:840} INFO - DAG(s) 'example_params_ui_tutorial' retrieved from /home/airflow/.local/lib/python3.12/site-packages/airflow/example_dags/example_params_ui_tutorial.py
[2024-07-25T23:52:43.794+0000] {logging_mixin.py:188} INFO - [2024-07-25T23:52:43.793+0000] {dag.py:3089} INFO - Sync 1 DAGs
[2024-07-25T23:52:43.802+0000] {logging_mixin.py:188} INFO - [2024-07-25T23:52:43.802+0000] {dag.py:3947} INFO - Setting next_dagrun for example_params_ui_tutorial to None, run_after=None
[2024-07-25T23:52:43.814+0000] {processor.py:183} INFO - Processing /home/airflow/.local/lib/python3.12/site-packages/airflow/example_dags/example_params_ui_tutorial.py took 0.067 seconds
[2024-07-25T23:53:14.302+0000] {processor.py:161} INFO - Started process (PID=3060) to work on /home/airflow/.local/lib/python3.12/site-packages/airflow/example_dags/example_params_ui_tutorial.py
[2024-07-25T23:53:14.303+0000] {processor.py:830} INFO - Processing file /home/airflow/.local/lib/python3.12/site-packages/airflow/example_dags/example_params_ui_tutorial.py for tasks to queue
[2024-07-25T23:53:14.304+0000] {logging_mixin.py:188} INFO - [2024-07-25T23:53:14.304+0000] {dagbag.py:545} INFO - Filling up the DagBag from /home/airflow/.local/lib/python3.12/site-packages/airflow/example_dags/example_params_ui_tutorial.py
[2024-07-25T23:53:14.310+0000] {processor.py:840} INFO - DAG(s) 'example_params_ui_tutorial' retrieved from /home/airflow/.local/lib/python3.12/site-packages/airflow/example_dags/example_params_ui_tutorial.py
[2024-07-25T23:53:14.342+0000] {logging_mixin.py:188} INFO - [2024-07-25T23:53:14.342+0000] {dag.py:3089} INFO - Sync 1 DAGs
[2024-07-25T23:53:14.350+0000] {logging_mixin.py:188} INFO - [2024-07-25T23:53:14.350+0000] {dag.py:3947} INFO - Setting next_dagrun for example_params_ui_tutorial to None, run_after=None
[2024-07-25T23:53:14.362+0000] {processor.py:183} INFO - Processing /home/airflow/.local/lib/python3.12/site-packages/airflow/example_dags/example_params_ui_tutorial.py took 0.065 seconds
[2024-07-25T23:53:44.652+0000] {processor.py:161} INFO - Started process (PID=3120) to work on /home/airflow/.local/lib/python3.12/site-packages/airflow/example_dags/example_params_ui_tutorial.py
[2024-07-25T23:53:44.653+0000] {processor.py:830} INFO - Processing file /home/airflow/.local/lib/python3.12/site-packages/airflow/example_dags/example_params_ui_tutorial.py for tasks to queue
[2024-07-25T23:53:44.656+0000] {logging_mixin.py:188} INFO - [2024-07-25T23:53:44.656+0000] {dagbag.py:545} INFO - Filling up the DagBag from /home/airflow/.local/lib/python3.12/site-packages/airflow/example_dags/example_params_ui_tutorial.py
[2024-07-25T23:53:44.661+0000] {processor.py:840} INFO - DAG(s) 'example_params_ui_tutorial' retrieved from /home/airflow/.local/lib/python3.12/site-packages/airflow/example_dags/example_params_ui_tutorial.py
[2024-07-25T23:53:44.700+0000] {logging_mixin.py:188} INFO - [2024-07-25T23:53:44.700+0000] {dag.py:3089} INFO - Sync 1 DAGs
[2024-07-25T23:53:44.708+0000] {logging_mixin.py:188} INFO - [2024-07-25T23:53:44.708+0000] {dag.py:3947} INFO - Setting next_dagrun for example_params_ui_tutorial to None, run_after=None
[2024-07-25T23:53:44.723+0000] {processor.py:183} INFO - Processing /home/airflow/.local/lib/python3.12/site-packages/airflow/example_dags/example_params_ui_tutorial.py took 0.076 seconds
[2024-07-25T23:54:14.870+0000] {processor.py:161} INFO - Started process (PID=3180) to work on /home/airflow/.local/lib/python3.12/site-packages/airflow/example_dags/example_params_ui_tutorial.py
[2024-07-25T23:54:14.873+0000] {processor.py:830} INFO - Processing file /home/airflow/.local/lib/python3.12/site-packages/airflow/example_dags/example_params_ui_tutorial.py for tasks to queue
[2024-07-25T23:54:14.874+0000] {logging_mixin.py:188} INFO - [2024-07-25T23:54:14.874+0000] {dagbag.py:545} INFO - Filling up the DagBag from /home/airflow/.local/lib/python3.12/site-packages/airflow/example_dags/example_params_ui_tutorial.py
[2024-07-25T23:54:14.879+0000] {processor.py:840} INFO - DAG(s) 'example_params_ui_tutorial' retrieved from /home/airflow/.local/lib/python3.12/site-packages/airflow/example_dags/example_params_ui_tutorial.py
[2024-07-25T23:54:14.919+0000] {logging_mixin.py:188} INFO - [2024-07-25T23:54:14.919+0000] {dag.py:3089} INFO - Sync 1 DAGs
[2024-07-25T23:54:14.929+0000] {logging_mixin.py:188} INFO - [2024-07-25T23:54:14.929+0000] {dag.py:3947} INFO - Setting next_dagrun for example_params_ui_tutorial to None, run_after=None
[2024-07-25T23:54:14.944+0000] {processor.py:183} INFO - Processing /home/airflow/.local/lib/python3.12/site-packages/airflow/example_dags/example_params_ui_tutorial.py took 0.079 seconds
[2024-07-25T23:54:45.440+0000] {processor.py:161} INFO - Started process (PID=3239) to work on /home/airflow/.local/lib/python3.12/site-packages/airflow/example_dags/example_params_ui_tutorial.py
[2024-07-25T23:54:45.445+0000] {processor.py:830} INFO - Processing file /home/airflow/.local/lib/python3.12/site-packages/airflow/example_dags/example_params_ui_tutorial.py for tasks to queue
[2024-07-25T23:54:45.452+0000] {logging_mixin.py:188} INFO - [2024-07-25T23:54:45.451+0000] {dagbag.py:545} INFO - Filling up the DagBag from /home/airflow/.local/lib/python3.12/site-packages/airflow/example_dags/example_params_ui_tutorial.py
[2024-07-25T23:54:45.508+0000] {processor.py:840} INFO - DAG(s) 'example_params_ui_tutorial' retrieved from /home/airflow/.local/lib/python3.12/site-packages/airflow/example_dags/example_params_ui_tutorial.py
[2024-07-25T23:54:45.677+0000] {logging_mixin.py:188} INFO - [2024-07-25T23:54:45.676+0000] {dag.py:3089} INFO - Sync 1 DAGs
[2024-07-25T23:54:45.736+0000] {logging_mixin.py:188} INFO - [2024-07-25T23:54:45.735+0000] {dag.py:3947} INFO - Setting next_dagrun for example_params_ui_tutorial to None, run_after=None
[2024-07-25T23:54:45.938+0000] {processor.py:183} INFO - Processing /home/airflow/.local/lib/python3.12/site-packages/airflow/example_dags/example_params_ui_tutorial.py took 0.526 seconds
