[2024-07-25T23:17:24.654+0000] {processor.py:161} INFO - Started process (PID=98) to work on /home/airflow/.local/lib/python3.12/site-packages/airflow/example_dags/example_skip_dag.py
[2024-07-25T23:17:24.659+0000] {processor.py:830} INFO - Processing file /home/airflow/.local/lib/python3.12/site-packages/airflow/example_dags/example_skip_dag.py for tasks to queue
[2024-07-25T23:17:24.660+0000] {logging_mixin.py:188} INFO - [2024-07-25T23:17:24.660+0000] {dagbag.py:545} INFO - Filling up the DagBag from /home/airflow/.local/lib/python3.12/site-packages/airflow/example_dags/example_skip_dag.py
[2024-07-25T23:17:24.667+0000] {processor.py:840} INFO - DAG(s) 'example_skip_dag' retrieved from /home/airflow/.local/lib/python3.12/site-packages/airflow/example_dags/example_skip_dag.py
[2024-07-25T23:17:24.679+0000] {logging_mixin.py:188} INFO - [2024-07-25T23:17:24.679+0000] {dag.py:3089} INFO - Sync 1 DAGs
[2024-07-25T23:17:24.701+0000] {logging_mixin.py:188} INFO - [2024-07-25T23:17:24.701+0000] {dag.py:3947} INFO - Setting next_dagrun for example_skip_dag to 2024-07-24 00:00:00+00:00, run_after=2024-07-25 00:00:00+00:00
[2024-07-25T23:17:24.728+0000] {processor.py:183} INFO - Processing /home/airflow/.local/lib/python3.12/site-packages/airflow/example_dags/example_skip_dag.py took 0.078 seconds
[2024-07-25T23:17:55.192+0000] {processor.py:161} INFO - Started process (PID=158) to work on /home/airflow/.local/lib/python3.12/site-packages/airflow/example_dags/example_skip_dag.py
[2024-07-25T23:17:55.193+0000] {processor.py:830} INFO - Processing file /home/airflow/.local/lib/python3.12/site-packages/airflow/example_dags/example_skip_dag.py for tasks to queue
[2024-07-25T23:17:55.195+0000] {logging_mixin.py:188} INFO - [2024-07-25T23:17:55.194+0000] {dagbag.py:545} INFO - Filling up the DagBag from /home/airflow/.local/lib/python3.12/site-packages/airflow/example_dags/example_skip_dag.py
[2024-07-25T23:17:55.199+0000] {processor.py:840} INFO - DAG(s) 'example_skip_dag' retrieved from /home/airflow/.local/lib/python3.12/site-packages/airflow/example_dags/example_skip_dag.py
[2024-07-25T23:17:55.290+0000] {logging_mixin.py:188} INFO - [2024-07-25T23:17:55.290+0000] {dag.py:3089} INFO - Sync 1 DAGs
[2024-07-25T23:17:55.306+0000] {logging_mixin.py:188} INFO - [2024-07-25T23:17:55.306+0000] {dag.py:3947} INFO - Setting next_dagrun for example_skip_dag to 2024-07-24 00:00:00+00:00, run_after=2024-07-25 00:00:00+00:00
[2024-07-25T23:17:55.318+0000] {processor.py:183} INFO - Processing /home/airflow/.local/lib/python3.12/site-packages/airflow/example_dags/example_skip_dag.py took 0.129 seconds
[2024-07-25T23:18:25.853+0000] {processor.py:161} INFO - Started process (PID=218) to work on /home/airflow/.local/lib/python3.12/site-packages/airflow/example_dags/example_skip_dag.py
[2024-07-25T23:18:25.855+0000] {processor.py:830} INFO - Processing file /home/airflow/.local/lib/python3.12/site-packages/airflow/example_dags/example_skip_dag.py for tasks to queue
[2024-07-25T23:18:25.858+0000] {logging_mixin.py:188} INFO - [2024-07-25T23:18:25.858+0000] {dagbag.py:545} INFO - Filling up the DagBag from /home/airflow/.local/lib/python3.12/site-packages/airflow/example_dags/example_skip_dag.py
[2024-07-25T23:18:25.864+0000] {processor.py:840} INFO - DAG(s) 'example_skip_dag' retrieved from /home/airflow/.local/lib/python3.12/site-packages/airflow/example_dags/example_skip_dag.py
[2024-07-25T23:18:25.882+0000] {logging_mixin.py:188} INFO - [2024-07-25T23:18:25.882+0000] {dag.py:3089} INFO - Sync 1 DAGs
[2024-07-25T23:18:25.901+0000] {logging_mixin.py:188} INFO - [2024-07-25T23:18:25.900+0000] {dag.py:3947} INFO - Setting next_dagrun for example_skip_dag to 2024-07-24 00:00:00+00:00, run_after=2024-07-25 00:00:00+00:00
[2024-07-25T23:18:25.918+0000] {processor.py:183} INFO - Processing /home/airflow/.local/lib/python3.12/site-packages/airflow/example_dags/example_skip_dag.py took 0.068 seconds
[2024-07-25T23:18:56.604+0000] {processor.py:161} INFO - Started process (PID=278) to work on /home/airflow/.local/lib/python3.12/site-packages/airflow/example_dags/example_skip_dag.py
[2024-07-25T23:18:56.605+0000] {processor.py:830} INFO - Processing file /home/airflow/.local/lib/python3.12/site-packages/airflow/example_dags/example_skip_dag.py for tasks to queue
[2024-07-25T23:18:56.606+0000] {logging_mixin.py:188} INFO - [2024-07-25T23:18:56.606+0000] {dagbag.py:545} INFO - Filling up the DagBag from /home/airflow/.local/lib/python3.12/site-packages/airflow/example_dags/example_skip_dag.py
[2024-07-25T23:18:56.611+0000] {processor.py:840} INFO - DAG(s) 'example_skip_dag' retrieved from /home/airflow/.local/lib/python3.12/site-packages/airflow/example_dags/example_skip_dag.py
[2024-07-25T23:18:56.625+0000] {logging_mixin.py:188} INFO - [2024-07-25T23:18:56.624+0000] {dag.py:3089} INFO - Sync 1 DAGs
[2024-07-25T23:18:56.639+0000] {logging_mixin.py:188} INFO - [2024-07-25T23:18:56.639+0000] {dag.py:3947} INFO - Setting next_dagrun for example_skip_dag to 2024-07-24 00:00:00+00:00, run_after=2024-07-25 00:00:00+00:00
[2024-07-25T23:18:56.651+0000] {processor.py:183} INFO - Processing /home/airflow/.local/lib/python3.12/site-packages/airflow/example_dags/example_skip_dag.py took 0.051 seconds
[2024-07-25T23:19:27.655+0000] {processor.py:161} INFO - Started process (PID=338) to work on /home/airflow/.local/lib/python3.12/site-packages/airflow/example_dags/example_skip_dag.py
[2024-07-25T23:19:27.656+0000] {processor.py:830} INFO - Processing file /home/airflow/.local/lib/python3.12/site-packages/airflow/example_dags/example_skip_dag.py for tasks to queue
[2024-07-25T23:19:27.657+0000] {logging_mixin.py:188} INFO - [2024-07-25T23:19:27.657+0000] {dagbag.py:545} INFO - Filling up the DagBag from /home/airflow/.local/lib/python3.12/site-packages/airflow/example_dags/example_skip_dag.py
[2024-07-25T23:19:27.662+0000] {processor.py:840} INFO - DAG(s) 'example_skip_dag' retrieved from /home/airflow/.local/lib/python3.12/site-packages/airflow/example_dags/example_skip_dag.py
[2024-07-25T23:19:27.680+0000] {logging_mixin.py:188} INFO - [2024-07-25T23:19:27.680+0000] {dag.py:3089} INFO - Sync 1 DAGs
[2024-07-25T23:19:27.697+0000] {logging_mixin.py:188} INFO - [2024-07-25T23:19:27.697+0000] {dag.py:3947} INFO - Setting next_dagrun for example_skip_dag to 2024-07-24 00:00:00+00:00, run_after=2024-07-25 00:00:00+00:00
[2024-07-25T23:19:27.710+0000] {processor.py:183} INFO - Processing /home/airflow/.local/lib/python3.12/site-packages/airflow/example_dags/example_skip_dag.py took 0.058 seconds
[2024-07-25T23:19:59.031+0000] {processor.py:161} INFO - Started process (PID=398) to work on /home/airflow/.local/lib/python3.12/site-packages/airflow/example_dags/example_skip_dag.py
[2024-07-25T23:19:59.034+0000] {processor.py:830} INFO - Processing file /home/airflow/.local/lib/python3.12/site-packages/airflow/example_dags/example_skip_dag.py for tasks to queue
[2024-07-25T23:19:59.039+0000] {logging_mixin.py:188} INFO - [2024-07-25T23:19:59.039+0000] {dagbag.py:545} INFO - Filling up the DagBag from /home/airflow/.local/lib/python3.12/site-packages/airflow/example_dags/example_skip_dag.py
[2024-07-25T23:19:59.053+0000] {processor.py:840} INFO - DAG(s) 'example_skip_dag' retrieved from /home/airflow/.local/lib/python3.12/site-packages/airflow/example_dags/example_skip_dag.py
[2024-07-25T23:19:59.097+0000] {logging_mixin.py:188} INFO - [2024-07-25T23:19:59.097+0000] {dag.py:3089} INFO - Sync 1 DAGs
[2024-07-25T23:19:59.150+0000] {logging_mixin.py:188} INFO - [2024-07-25T23:19:59.150+0000] {dag.py:3947} INFO - Setting next_dagrun for example_skip_dag to 2024-07-24 00:00:00+00:00, run_after=2024-07-25 00:00:00+00:00
[2024-07-25T23:19:59.198+0000] {processor.py:183} INFO - Processing /home/airflow/.local/lib/python3.12/site-packages/airflow/example_dags/example_skip_dag.py took 0.181 seconds
[2024-07-25T23:20:29.574+0000] {processor.py:161} INFO - Started process (PID=458) to work on /home/airflow/.local/lib/python3.12/site-packages/airflow/example_dags/example_skip_dag.py
[2024-07-25T23:20:29.575+0000] {processor.py:830} INFO - Processing file /home/airflow/.local/lib/python3.12/site-packages/airflow/example_dags/example_skip_dag.py for tasks to queue
[2024-07-25T23:20:29.577+0000] {logging_mixin.py:188} INFO - [2024-07-25T23:20:29.577+0000] {dagbag.py:545} INFO - Filling up the DagBag from /home/airflow/.local/lib/python3.12/site-packages/airflow/example_dags/example_skip_dag.py
[2024-07-25T23:20:29.582+0000] {processor.py:840} INFO - DAG(s) 'example_skip_dag' retrieved from /home/airflow/.local/lib/python3.12/site-packages/airflow/example_dags/example_skip_dag.py
[2024-07-25T23:20:29.596+0000] {logging_mixin.py:188} INFO - [2024-07-25T23:20:29.596+0000] {dag.py:3089} INFO - Sync 1 DAGs
[2024-07-25T23:20:29.612+0000] {logging_mixin.py:188} INFO - [2024-07-25T23:20:29.612+0000] {dag.py:3947} INFO - Setting next_dagrun for example_skip_dag to 2024-07-24 00:00:00+00:00, run_after=2024-07-25 00:00:00+00:00
[2024-07-25T23:20:29.629+0000] {processor.py:183} INFO - Processing /home/airflow/.local/lib/python3.12/site-packages/airflow/example_dags/example_skip_dag.py took 0.059 seconds
[2024-07-25T23:21:01.070+0000] {processor.py:161} INFO - Started process (PID=518) to work on /home/airflow/.local/lib/python3.12/site-packages/airflow/example_dags/example_skip_dag.py
[2024-07-25T23:21:01.072+0000] {processor.py:830} INFO - Processing file /home/airflow/.local/lib/python3.12/site-packages/airflow/example_dags/example_skip_dag.py for tasks to queue
[2024-07-25T23:21:01.077+0000] {logging_mixin.py:188} INFO - [2024-07-25T23:21:01.077+0000] {dagbag.py:545} INFO - Filling up the DagBag from /home/airflow/.local/lib/python3.12/site-packages/airflow/example_dags/example_skip_dag.py
[2024-07-25T23:21:01.084+0000] {processor.py:840} INFO - DAG(s) 'example_skip_dag' retrieved from /home/airflow/.local/lib/python3.12/site-packages/airflow/example_dags/example_skip_dag.py
[2024-07-25T23:21:01.109+0000] {logging_mixin.py:188} INFO - [2024-07-25T23:21:01.108+0000] {dag.py:3089} INFO - Sync 1 DAGs
[2024-07-25T23:21:01.137+0000] {logging_mixin.py:188} INFO - [2024-07-25T23:21:01.137+0000] {dag.py:3947} INFO - Setting next_dagrun for example_skip_dag to 2024-07-24 00:00:00+00:00, run_after=2024-07-25 00:00:00+00:00
[2024-07-25T23:21:01.158+0000] {processor.py:183} INFO - Processing /home/airflow/.local/lib/python3.12/site-packages/airflow/example_dags/example_skip_dag.py took 0.094 seconds
[2024-07-25T23:21:31.948+0000] {processor.py:161} INFO - Started process (PID=578) to work on /home/airflow/.local/lib/python3.12/site-packages/airflow/example_dags/example_skip_dag.py
[2024-07-25T23:21:31.950+0000] {processor.py:830} INFO - Processing file /home/airflow/.local/lib/python3.12/site-packages/airflow/example_dags/example_skip_dag.py for tasks to queue
[2024-07-25T23:21:31.952+0000] {logging_mixin.py:188} INFO - [2024-07-25T23:21:31.952+0000] {dagbag.py:545} INFO - Filling up the DagBag from /home/airflow/.local/lib/python3.12/site-packages/airflow/example_dags/example_skip_dag.py
[2024-07-25T23:21:31.959+0000] {processor.py:840} INFO - DAG(s) 'example_skip_dag' retrieved from /home/airflow/.local/lib/python3.12/site-packages/airflow/example_dags/example_skip_dag.py
[2024-07-25T23:21:31.985+0000] {logging_mixin.py:188} INFO - [2024-07-25T23:21:31.984+0000] {dag.py:3089} INFO - Sync 1 DAGs
[2024-07-25T23:21:32.005+0000] {logging_mixin.py:188} INFO - [2024-07-25T23:21:32.005+0000] {dag.py:3947} INFO - Setting next_dagrun for example_skip_dag to 2024-07-24 00:00:00+00:00, run_after=2024-07-25 00:00:00+00:00
[2024-07-25T23:21:32.031+0000] {processor.py:183} INFO - Processing /home/airflow/.local/lib/python3.12/site-packages/airflow/example_dags/example_skip_dag.py took 0.087 seconds
[2024-07-25T23:22:02.455+0000] {processor.py:161} INFO - Started process (PID=637) to work on /home/airflow/.local/lib/python3.12/site-packages/airflow/example_dags/example_skip_dag.py
[2024-07-25T23:22:02.456+0000] {processor.py:830} INFO - Processing file /home/airflow/.local/lib/python3.12/site-packages/airflow/example_dags/example_skip_dag.py for tasks to queue
[2024-07-25T23:22:02.457+0000] {logging_mixin.py:188} INFO - [2024-07-25T23:22:02.457+0000] {dagbag.py:545} INFO - Filling up the DagBag from /home/airflow/.local/lib/python3.12/site-packages/airflow/example_dags/example_skip_dag.py
[2024-07-25T23:22:02.461+0000] {processor.py:840} INFO - DAG(s) 'example_skip_dag' retrieved from /home/airflow/.local/lib/python3.12/site-packages/airflow/example_dags/example_skip_dag.py
[2024-07-25T23:22:02.477+0000] {logging_mixin.py:188} INFO - [2024-07-25T23:22:02.477+0000] {dag.py:3089} INFO - Sync 1 DAGs
[2024-07-25T23:22:02.493+0000] {logging_mixin.py:188} INFO - [2024-07-25T23:22:02.493+0000] {dag.py:3947} INFO - Setting next_dagrun for example_skip_dag to 2024-07-24 00:00:00+00:00, run_after=2024-07-25 00:00:00+00:00
[2024-07-25T23:22:02.511+0000] {processor.py:183} INFO - Processing /home/airflow/.local/lib/python3.12/site-packages/airflow/example_dags/example_skip_dag.py took 0.060 seconds
[2024-07-25T23:22:33.283+0000] {processor.py:161} INFO - Started process (PID=696) to work on /home/airflow/.local/lib/python3.12/site-packages/airflow/example_dags/example_skip_dag.py
[2024-07-25T23:22:33.284+0000] {processor.py:830} INFO - Processing file /home/airflow/.local/lib/python3.12/site-packages/airflow/example_dags/example_skip_dag.py for tasks to queue
[2024-07-25T23:22:33.285+0000] {logging_mixin.py:188} INFO - [2024-07-25T23:22:33.285+0000] {dagbag.py:545} INFO - Filling up the DagBag from /home/airflow/.local/lib/python3.12/site-packages/airflow/example_dags/example_skip_dag.py
[2024-07-25T23:22:33.291+0000] {processor.py:840} INFO - DAG(s) 'example_skip_dag' retrieved from /home/airflow/.local/lib/python3.12/site-packages/airflow/example_dags/example_skip_dag.py
[2024-07-25T23:22:33.306+0000] {logging_mixin.py:188} INFO - [2024-07-25T23:22:33.306+0000] {dag.py:3089} INFO - Sync 1 DAGs
[2024-07-25T23:22:33.320+0000] {logging_mixin.py:188} INFO - [2024-07-25T23:22:33.320+0000] {dag.py:3947} INFO - Setting next_dagrun for example_skip_dag to 2024-07-24 00:00:00+00:00, run_after=2024-07-25 00:00:00+00:00
[2024-07-25T23:22:33.339+0000] {processor.py:183} INFO - Processing /home/airflow/.local/lib/python3.12/site-packages/airflow/example_dags/example_skip_dag.py took 0.060 seconds
[2024-07-25T23:23:03.804+0000] {processor.py:161} INFO - Started process (PID=756) to work on /home/airflow/.local/lib/python3.12/site-packages/airflow/example_dags/example_skip_dag.py
[2024-07-25T23:23:03.805+0000] {processor.py:830} INFO - Processing file /home/airflow/.local/lib/python3.12/site-packages/airflow/example_dags/example_skip_dag.py for tasks to queue
[2024-07-25T23:23:03.806+0000] {logging_mixin.py:188} INFO - [2024-07-25T23:23:03.806+0000] {dagbag.py:545} INFO - Filling up the DagBag from /home/airflow/.local/lib/python3.12/site-packages/airflow/example_dags/example_skip_dag.py
[2024-07-25T23:23:03.811+0000] {processor.py:840} INFO - DAG(s) 'example_skip_dag' retrieved from /home/airflow/.local/lib/python3.12/site-packages/airflow/example_dags/example_skip_dag.py
[2024-07-25T23:23:03.826+0000] {logging_mixin.py:188} INFO - [2024-07-25T23:23:03.826+0000] {dag.py:3089} INFO - Sync 1 DAGs
[2024-07-25T23:23:03.846+0000] {logging_mixin.py:188} INFO - [2024-07-25T23:23:03.846+0000] {dag.py:3947} INFO - Setting next_dagrun for example_skip_dag to 2024-07-24 00:00:00+00:00, run_after=2024-07-25 00:00:00+00:00
[2024-07-25T23:23:03.861+0000] {processor.py:183} INFO - Processing /home/airflow/.local/lib/python3.12/site-packages/airflow/example_dags/example_skip_dag.py took 0.061 seconds
[2024-07-25T23:23:34.515+0000] {processor.py:161} INFO - Started process (PID=816) to work on /home/airflow/.local/lib/python3.12/site-packages/airflow/example_dags/example_skip_dag.py
[2024-07-25T23:23:34.517+0000] {processor.py:830} INFO - Processing file /home/airflow/.local/lib/python3.12/site-packages/airflow/example_dags/example_skip_dag.py for tasks to queue
[2024-07-25T23:23:34.522+0000] {logging_mixin.py:188} INFO - [2024-07-25T23:23:34.521+0000] {dagbag.py:545} INFO - Filling up the DagBag from /home/airflow/.local/lib/python3.12/site-packages/airflow/example_dags/example_skip_dag.py
[2024-07-25T23:23:34.526+0000] {processor.py:840} INFO - DAG(s) 'example_skip_dag' retrieved from /home/airflow/.local/lib/python3.12/site-packages/airflow/example_dags/example_skip_dag.py
[2024-07-25T23:23:34.548+0000] {logging_mixin.py:188} INFO - [2024-07-25T23:23:34.548+0000] {dag.py:3089} INFO - Sync 1 DAGs
[2024-07-25T23:23:34.565+0000] {logging_mixin.py:188} INFO - [2024-07-25T23:23:34.565+0000] {dag.py:3947} INFO - Setting next_dagrun for example_skip_dag to 2024-07-24 00:00:00+00:00, run_after=2024-07-25 00:00:00+00:00
[2024-07-25T23:23:34.579+0000] {processor.py:183} INFO - Processing /home/airflow/.local/lib/python3.12/site-packages/airflow/example_dags/example_skip_dag.py took 0.069 seconds
[2024-07-25T23:24:10.554+0000] {processor.py:161} INFO - Started process (PID=882) to work on /home/airflow/.local/lib/python3.12/site-packages/airflow/example_dags/example_skip_dag.py
[2024-07-25T23:24:10.556+0000] {processor.py:830} INFO - Processing file /home/airflow/.local/lib/python3.12/site-packages/airflow/example_dags/example_skip_dag.py for tasks to queue
[2024-07-25T23:24:10.560+0000] {logging_mixin.py:188} INFO - [2024-07-25T23:24:10.559+0000] {dagbag.py:545} INFO - Filling up the DagBag from /home/airflow/.local/lib/python3.12/site-packages/airflow/example_dags/example_skip_dag.py
[2024-07-25T23:24:10.571+0000] {processor.py:840} INFO - DAG(s) 'example_skip_dag' retrieved from /home/airflow/.local/lib/python3.12/site-packages/airflow/example_dags/example_skip_dag.py
[2024-07-25T23:24:10.595+0000] {logging_mixin.py:188} INFO - [2024-07-25T23:24:10.595+0000] {dag.py:3089} INFO - Sync 1 DAGs
[2024-07-25T23:24:10.623+0000] {logging_mixin.py:188} INFO - [2024-07-25T23:24:10.623+0000] {dag.py:3947} INFO - Setting next_dagrun for example_skip_dag to 2024-07-24 00:00:00+00:00, run_after=2024-07-25 00:00:00+00:00
[2024-07-25T23:24:10.642+0000] {processor.py:183} INFO - Processing /home/airflow/.local/lib/python3.12/site-packages/airflow/example_dags/example_skip_dag.py took 0.100 seconds
[2024-07-25T23:24:42.815+0000] {processor.py:161} INFO - Started process (PID=942) to work on /home/airflow/.local/lib/python3.12/site-packages/airflow/example_dags/example_skip_dag.py
[2024-07-25T23:24:42.815+0000] {processor.py:830} INFO - Processing file /home/airflow/.local/lib/python3.12/site-packages/airflow/example_dags/example_skip_dag.py for tasks to queue
[2024-07-25T23:24:42.817+0000] {logging_mixin.py:188} INFO - [2024-07-25T23:24:42.816+0000] {dagbag.py:545} INFO - Filling up the DagBag from /home/airflow/.local/lib/python3.12/site-packages/airflow/example_dags/example_skip_dag.py
[2024-07-25T23:24:42.821+0000] {processor.py:840} INFO - DAG(s) 'example_skip_dag' retrieved from /home/airflow/.local/lib/python3.12/site-packages/airflow/example_dags/example_skip_dag.py
[2024-07-25T23:24:42.835+0000] {logging_mixin.py:188} INFO - [2024-07-25T23:24:42.835+0000] {dag.py:3089} INFO - Sync 1 DAGs
[2024-07-25T23:24:42.849+0000] {logging_mixin.py:188} INFO - [2024-07-25T23:24:42.849+0000] {dag.py:3947} INFO - Setting next_dagrun for example_skip_dag to 2024-07-24 00:00:00+00:00, run_after=2024-07-25 00:00:00+00:00
[2024-07-25T23:24:42.861+0000] {processor.py:183} INFO - Processing /home/airflow/.local/lib/python3.12/site-packages/airflow/example_dags/example_skip_dag.py took 0.050 seconds
[2024-07-25T23:25:13.338+0000] {processor.py:161} INFO - Started process (PID=1002) to work on /home/airflow/.local/lib/python3.12/site-packages/airflow/example_dags/example_skip_dag.py
[2024-07-25T23:25:13.339+0000] {processor.py:830} INFO - Processing file /home/airflow/.local/lib/python3.12/site-packages/airflow/example_dags/example_skip_dag.py for tasks to queue
[2024-07-25T23:25:13.341+0000] {logging_mixin.py:188} INFO - [2024-07-25T23:25:13.341+0000] {dagbag.py:545} INFO - Filling up the DagBag from /home/airflow/.local/lib/python3.12/site-packages/airflow/example_dags/example_skip_dag.py
[2024-07-25T23:25:13.351+0000] {processor.py:840} INFO - DAG(s) 'example_skip_dag' retrieved from /home/airflow/.local/lib/python3.12/site-packages/airflow/example_dags/example_skip_dag.py
[2024-07-25T23:25:13.378+0000] {logging_mixin.py:188} INFO - [2024-07-25T23:25:13.378+0000] {dag.py:3089} INFO - Sync 1 DAGs
[2024-07-25T23:25:13.401+0000] {logging_mixin.py:188} INFO - [2024-07-25T23:25:13.401+0000] {dag.py:3947} INFO - Setting next_dagrun for example_skip_dag to 2024-07-24 00:00:00+00:00, run_after=2024-07-25 00:00:00+00:00
[2024-07-25T23:25:13.420+0000] {processor.py:183} INFO - Processing /home/airflow/.local/lib/python3.12/site-packages/airflow/example_dags/example_skip_dag.py took 0.088 seconds
[2024-07-25T23:28:03.824+0000] {processor.py:161} INFO - Started process (PID=108) to work on /home/airflow/.local/lib/python3.12/site-packages/airflow/example_dags/example_skip_dag.py
[2024-07-25T23:28:03.826+0000] {processor.py:830} INFO - Processing file /home/airflow/.local/lib/python3.12/site-packages/airflow/example_dags/example_skip_dag.py for tasks to queue
[2024-07-25T23:28:03.832+0000] {logging_mixin.py:188} INFO - [2024-07-25T23:28:03.832+0000] {dagbag.py:545} INFO - Filling up the DagBag from /home/airflow/.local/lib/python3.12/site-packages/airflow/example_dags/example_skip_dag.py
[2024-07-25T23:28:03.858+0000] {processor.py:840} INFO - DAG(s) 'example_skip_dag' retrieved from /home/airflow/.local/lib/python3.12/site-packages/airflow/example_dags/example_skip_dag.py
[2024-07-25T23:28:04.180+0000] {logging_mixin.py:188} INFO - [2024-07-25T23:28:04.179+0000] {dag.py:3089} INFO - Sync 1 DAGs
[2024-07-25T23:28:04.295+0000] {logging_mixin.py:188} INFO - [2024-07-25T23:28:04.295+0000] {dag.py:3947} INFO - Setting next_dagrun for example_skip_dag to 2024-07-24 00:00:00+00:00, run_after=2024-07-25 00:00:00+00:00
[2024-07-25T23:28:04.384+0000] {processor.py:183} INFO - Processing /home/airflow/.local/lib/python3.12/site-packages/airflow/example_dags/example_skip_dag.py took 0.568 seconds
[2024-07-25T23:28:35.171+0000] {processor.py:161} INFO - Started process (PID=168) to work on /home/airflow/.local/lib/python3.12/site-packages/airflow/example_dags/example_skip_dag.py
[2024-07-25T23:28:35.172+0000] {processor.py:830} INFO - Processing file /home/airflow/.local/lib/python3.12/site-packages/airflow/example_dags/example_skip_dag.py for tasks to queue
[2024-07-25T23:28:35.178+0000] {logging_mixin.py:188} INFO - [2024-07-25T23:28:35.177+0000] {dagbag.py:545} INFO - Filling up the DagBag from /home/airflow/.local/lib/python3.12/site-packages/airflow/example_dags/example_skip_dag.py
[2024-07-25T23:28:35.208+0000] {processor.py:840} INFO - DAG(s) 'example_skip_dag' retrieved from /home/airflow/.local/lib/python3.12/site-packages/airflow/example_dags/example_skip_dag.py
[2024-07-25T23:28:35.254+0000] {logging_mixin.py:188} INFO - [2024-07-25T23:28:35.253+0000] {dag.py:3089} INFO - Sync 1 DAGs
[2024-07-25T23:28:35.277+0000] {logging_mixin.py:188} INFO - [2024-07-25T23:28:35.277+0000] {dag.py:3947} INFO - Setting next_dagrun for example_skip_dag to 2024-07-24 00:00:00+00:00, run_after=2024-07-25 00:00:00+00:00
[2024-07-25T23:28:35.294+0000] {processor.py:183} INFO - Processing /home/airflow/.local/lib/python3.12/site-packages/airflow/example_dags/example_skip_dag.py took 0.131 seconds
[2024-07-25T23:29:06.147+0000] {processor.py:161} INFO - Started process (PID=229) to work on /home/airflow/.local/lib/python3.12/site-packages/airflow/example_dags/example_skip_dag.py
[2024-07-25T23:29:06.151+0000] {processor.py:830} INFO - Processing file /home/airflow/.local/lib/python3.12/site-packages/airflow/example_dags/example_skip_dag.py for tasks to queue
[2024-07-25T23:29:06.161+0000] {logging_mixin.py:188} INFO - [2024-07-25T23:29:06.159+0000] {dagbag.py:545} INFO - Filling up the DagBag from /home/airflow/.local/lib/python3.12/site-packages/airflow/example_dags/example_skip_dag.py
[2024-07-25T23:29:06.216+0000] {processor.py:840} INFO - DAG(s) 'example_skip_dag' retrieved from /home/airflow/.local/lib/python3.12/site-packages/airflow/example_dags/example_skip_dag.py
[2024-07-25T23:29:06.416+0000] {logging_mixin.py:188} INFO - [2024-07-25T23:29:06.414+0000] {dag.py:3089} INFO - Sync 1 DAGs
[2024-07-25T23:29:06.576+0000] {logging_mixin.py:188} INFO - [2024-07-25T23:29:06.575+0000] {dag.py:3947} INFO - Setting next_dagrun for example_skip_dag to 2024-07-24 00:00:00+00:00, run_after=2024-07-25 00:00:00+00:00
[2024-07-25T23:29:06.691+0000] {processor.py:183} INFO - Processing /home/airflow/.local/lib/python3.12/site-packages/airflow/example_dags/example_skip_dag.py took 0.579 seconds
[2024-07-25T23:29:42.562+0000] {processor.py:161} INFO - Started process (PID=294) to work on /home/airflow/.local/lib/python3.12/site-packages/airflow/example_dags/example_skip_dag.py
[2024-07-25T23:29:42.569+0000] {processor.py:830} INFO - Processing file /home/airflow/.local/lib/python3.12/site-packages/airflow/example_dags/example_skip_dag.py for tasks to queue
[2024-07-25T23:29:42.575+0000] {logging_mixin.py:188} INFO - [2024-07-25T23:29:42.574+0000] {dagbag.py:545} INFO - Filling up the DagBag from /home/airflow/.local/lib/python3.12/site-packages/airflow/example_dags/example_skip_dag.py
[2024-07-25T23:29:42.600+0000] {processor.py:840} INFO - DAG(s) 'example_skip_dag' retrieved from /home/airflow/.local/lib/python3.12/site-packages/airflow/example_dags/example_skip_dag.py
[2024-07-25T23:29:42.813+0000] {logging_mixin.py:188} INFO - [2024-07-25T23:29:42.813+0000] {dag.py:3089} INFO - Sync 1 DAGs
[2024-07-25T23:29:42.964+0000] {logging_mixin.py:188} INFO - [2024-07-25T23:29:42.962+0000] {dag.py:3947} INFO - Setting next_dagrun for example_skip_dag to 2024-07-24 00:00:00+00:00, run_after=2024-07-25 00:00:00+00:00
[2024-07-25T23:29:43.078+0000] {processor.py:183} INFO - Processing /home/airflow/.local/lib/python3.12/site-packages/airflow/example_dags/example_skip_dag.py took 0.542 seconds
[2024-07-25T23:30:13.580+0000] {processor.py:161} INFO - Started process (PID=354) to work on /home/airflow/.local/lib/python3.12/site-packages/airflow/example_dags/example_skip_dag.py
[2024-07-25T23:30:13.581+0000] {processor.py:830} INFO - Processing file /home/airflow/.local/lib/python3.12/site-packages/airflow/example_dags/example_skip_dag.py for tasks to queue
[2024-07-25T23:30:13.583+0000] {logging_mixin.py:188} INFO - [2024-07-25T23:30:13.583+0000] {dagbag.py:545} INFO - Filling up the DagBag from /home/airflow/.local/lib/python3.12/site-packages/airflow/example_dags/example_skip_dag.py
[2024-07-25T23:30:13.590+0000] {processor.py:840} INFO - DAG(s) 'example_skip_dag' retrieved from /home/airflow/.local/lib/python3.12/site-packages/airflow/example_dags/example_skip_dag.py
[2024-07-25T23:30:13.606+0000] {logging_mixin.py:188} INFO - [2024-07-25T23:30:13.606+0000] {dag.py:3089} INFO - Sync 1 DAGs
[2024-07-25T23:30:13.621+0000] {logging_mixin.py:188} INFO - [2024-07-25T23:30:13.621+0000] {dag.py:3947} INFO - Setting next_dagrun for example_skip_dag to 2024-07-24 00:00:00+00:00, run_after=2024-07-25 00:00:00+00:00
[2024-07-25T23:30:13.638+0000] {processor.py:183} INFO - Processing /home/airflow/.local/lib/python3.12/site-packages/airflow/example_dags/example_skip_dag.py took 0.064 seconds
[2024-07-25T23:30:44.370+0000] {processor.py:161} INFO - Started process (PID=414) to work on /home/airflow/.local/lib/python3.12/site-packages/airflow/example_dags/example_skip_dag.py
[2024-07-25T23:30:44.372+0000] {processor.py:830} INFO - Processing file /home/airflow/.local/lib/python3.12/site-packages/airflow/example_dags/example_skip_dag.py for tasks to queue
[2024-07-25T23:30:44.375+0000] {logging_mixin.py:188} INFO - [2024-07-25T23:30:44.375+0000] {dagbag.py:545} INFO - Filling up the DagBag from /home/airflow/.local/lib/python3.12/site-packages/airflow/example_dags/example_skip_dag.py
[2024-07-25T23:30:44.385+0000] {processor.py:840} INFO - DAG(s) 'example_skip_dag' retrieved from /home/airflow/.local/lib/python3.12/site-packages/airflow/example_dags/example_skip_dag.py
[2024-07-25T23:30:44.414+0000] {logging_mixin.py:188} INFO - [2024-07-25T23:30:44.414+0000] {dag.py:3089} INFO - Sync 1 DAGs
[2024-07-25T23:30:44.436+0000] {logging_mixin.py:188} INFO - [2024-07-25T23:30:44.436+0000] {dag.py:3947} INFO - Setting next_dagrun for example_skip_dag to 2024-07-24 00:00:00+00:00, run_after=2024-07-25 00:00:00+00:00
[2024-07-25T23:30:44.463+0000] {processor.py:183} INFO - Processing /home/airflow/.local/lib/python3.12/site-packages/airflow/example_dags/example_skip_dag.py took 0.102 seconds
[2024-07-25T23:31:15.631+0000] {processor.py:161} INFO - Started process (PID=474) to work on /home/airflow/.local/lib/python3.12/site-packages/airflow/example_dags/example_skip_dag.py
[2024-07-25T23:31:15.632+0000] {processor.py:830} INFO - Processing file /home/airflow/.local/lib/python3.12/site-packages/airflow/example_dags/example_skip_dag.py for tasks to queue
[2024-07-25T23:31:15.640+0000] {logging_mixin.py:188} INFO - [2024-07-25T23:31:15.639+0000] {dagbag.py:545} INFO - Filling up the DagBag from /home/airflow/.local/lib/python3.12/site-packages/airflow/example_dags/example_skip_dag.py
[2024-07-25T23:31:15.658+0000] {processor.py:840} INFO - DAG(s) 'example_skip_dag' retrieved from /home/airflow/.local/lib/python3.12/site-packages/airflow/example_dags/example_skip_dag.py
[2024-07-25T23:31:15.692+0000] {logging_mixin.py:188} INFO - [2024-07-25T23:31:15.691+0000] {dag.py:3089} INFO - Sync 1 DAGs
[2024-07-25T23:31:15.720+0000] {logging_mixin.py:188} INFO - [2024-07-25T23:31:15.720+0000] {dag.py:3947} INFO - Setting next_dagrun for example_skip_dag to 2024-07-24 00:00:00+00:00, run_after=2024-07-25 00:00:00+00:00
[2024-07-25T23:31:15.740+0000] {processor.py:183} INFO - Processing /home/airflow/.local/lib/python3.12/site-packages/airflow/example_dags/example_skip_dag.py took 0.118 seconds
[2024-07-25T23:31:46.086+0000] {processor.py:161} INFO - Started process (PID=534) to work on /home/airflow/.local/lib/python3.12/site-packages/airflow/example_dags/example_skip_dag.py
[2024-07-25T23:31:46.087+0000] {processor.py:830} INFO - Processing file /home/airflow/.local/lib/python3.12/site-packages/airflow/example_dags/example_skip_dag.py for tasks to queue
[2024-07-25T23:31:46.089+0000] {logging_mixin.py:188} INFO - [2024-07-25T23:31:46.089+0000] {dagbag.py:545} INFO - Filling up the DagBag from /home/airflow/.local/lib/python3.12/site-packages/airflow/example_dags/example_skip_dag.py
[2024-07-25T23:31:46.097+0000] {processor.py:840} INFO - DAG(s) 'example_skip_dag' retrieved from /home/airflow/.local/lib/python3.12/site-packages/airflow/example_dags/example_skip_dag.py
[2024-07-25T23:31:46.120+0000] {logging_mixin.py:188} INFO - [2024-07-25T23:31:46.119+0000] {dag.py:3089} INFO - Sync 1 DAGs
[2024-07-25T23:31:46.143+0000] {logging_mixin.py:188} INFO - [2024-07-25T23:31:46.142+0000] {dag.py:3947} INFO - Setting next_dagrun for example_skip_dag to 2024-07-24 00:00:00+00:00, run_after=2024-07-25 00:00:00+00:00
[2024-07-25T23:31:46.167+0000] {processor.py:183} INFO - Processing /home/airflow/.local/lib/python3.12/site-packages/airflow/example_dags/example_skip_dag.py took 0.087 seconds
[2024-07-25T23:32:16.898+0000] {processor.py:161} INFO - Started process (PID=594) to work on /home/airflow/.local/lib/python3.12/site-packages/airflow/example_dags/example_skip_dag.py
[2024-07-25T23:32:16.899+0000] {processor.py:830} INFO - Processing file /home/airflow/.local/lib/python3.12/site-packages/airflow/example_dags/example_skip_dag.py for tasks to queue
[2024-07-25T23:32:16.900+0000] {logging_mixin.py:188} INFO - [2024-07-25T23:32:16.900+0000] {dagbag.py:545} INFO - Filling up the DagBag from /home/airflow/.local/lib/python3.12/site-packages/airflow/example_dags/example_skip_dag.py
[2024-07-25T23:32:16.909+0000] {processor.py:840} INFO - DAG(s) 'example_skip_dag' retrieved from /home/airflow/.local/lib/python3.12/site-packages/airflow/example_dags/example_skip_dag.py
[2024-07-25T23:32:16.935+0000] {logging_mixin.py:188} INFO - [2024-07-25T23:32:16.934+0000] {dag.py:3089} INFO - Sync 1 DAGs
[2024-07-25T23:32:16.966+0000] {logging_mixin.py:188} INFO - [2024-07-25T23:32:16.966+0000] {dag.py:3947} INFO - Setting next_dagrun for example_skip_dag to 2024-07-24 00:00:00+00:00, run_after=2024-07-25 00:00:00+00:00
[2024-07-25T23:32:16.986+0000] {processor.py:183} INFO - Processing /home/airflow/.local/lib/python3.12/site-packages/airflow/example_dags/example_skip_dag.py took 0.093 seconds
[2024-07-25T23:32:47.776+0000] {processor.py:161} INFO - Started process (PID=654) to work on /home/airflow/.local/lib/python3.12/site-packages/airflow/example_dags/example_skip_dag.py
[2024-07-25T23:32:47.777+0000] {processor.py:830} INFO - Processing file /home/airflow/.local/lib/python3.12/site-packages/airflow/example_dags/example_skip_dag.py for tasks to queue
[2024-07-25T23:32:47.779+0000] {logging_mixin.py:188} INFO - [2024-07-25T23:32:47.779+0000] {dagbag.py:545} INFO - Filling up the DagBag from /home/airflow/.local/lib/python3.12/site-packages/airflow/example_dags/example_skip_dag.py
[2024-07-25T23:32:47.787+0000] {processor.py:840} INFO - DAG(s) 'example_skip_dag' retrieved from /home/airflow/.local/lib/python3.12/site-packages/airflow/example_dags/example_skip_dag.py
[2024-07-25T23:32:47.814+0000] {logging_mixin.py:188} INFO - [2024-07-25T23:32:47.814+0000] {dag.py:3089} INFO - Sync 1 DAGs
[2024-07-25T23:32:47.837+0000] {logging_mixin.py:188} INFO - [2024-07-25T23:32:47.837+0000] {dag.py:3947} INFO - Setting next_dagrun for example_skip_dag to 2024-07-24 00:00:00+00:00, run_after=2024-07-25 00:00:00+00:00
[2024-07-25T23:32:47.865+0000] {processor.py:183} INFO - Processing /home/airflow/.local/lib/python3.12/site-packages/airflow/example_dags/example_skip_dag.py took 0.093 seconds
[2024-07-25T23:33:18.074+0000] {processor.py:161} INFO - Started process (PID=712) to work on /home/airflow/.local/lib/python3.12/site-packages/airflow/example_dags/example_skip_dag.py
[2024-07-25T23:33:18.077+0000] {processor.py:830} INFO - Processing file /home/airflow/.local/lib/python3.12/site-packages/airflow/example_dags/example_skip_dag.py for tasks to queue
[2024-07-25T23:33:18.079+0000] {logging_mixin.py:188} INFO - [2024-07-25T23:33:18.079+0000] {dagbag.py:545} INFO - Filling up the DagBag from /home/airflow/.local/lib/python3.12/site-packages/airflow/example_dags/example_skip_dag.py
[2024-07-25T23:33:18.087+0000] {processor.py:840} INFO - DAG(s) 'example_skip_dag' retrieved from /home/airflow/.local/lib/python3.12/site-packages/airflow/example_dags/example_skip_dag.py
[2024-07-25T23:33:18.110+0000] {logging_mixin.py:188} INFO - [2024-07-25T23:33:18.110+0000] {dag.py:3089} INFO - Sync 1 DAGs
[2024-07-25T23:33:18.134+0000] {logging_mixin.py:188} INFO - [2024-07-25T23:33:18.134+0000] {dag.py:3947} INFO - Setting next_dagrun for example_skip_dag to 2024-07-24 00:00:00+00:00, run_after=2024-07-25 00:00:00+00:00
[2024-07-25T23:33:18.152+0000] {processor.py:183} INFO - Processing /home/airflow/.local/lib/python3.12/site-packages/airflow/example_dags/example_skip_dag.py took 0.083 seconds
[2024-07-25T23:33:48.663+0000] {processor.py:161} INFO - Started process (PID=772) to work on /home/airflow/.local/lib/python3.12/site-packages/airflow/example_dags/example_skip_dag.py
[2024-07-25T23:33:48.664+0000] {processor.py:830} INFO - Processing file /home/airflow/.local/lib/python3.12/site-packages/airflow/example_dags/example_skip_dag.py for tasks to queue
[2024-07-25T23:33:48.666+0000] {logging_mixin.py:188} INFO - [2024-07-25T23:33:48.666+0000] {dagbag.py:545} INFO - Filling up the DagBag from /home/airflow/.local/lib/python3.12/site-packages/airflow/example_dags/example_skip_dag.py
[2024-07-25T23:33:48.671+0000] {processor.py:840} INFO - DAG(s) 'example_skip_dag' retrieved from /home/airflow/.local/lib/python3.12/site-packages/airflow/example_dags/example_skip_dag.py
[2024-07-25T23:33:48.689+0000] {logging_mixin.py:188} INFO - [2024-07-25T23:33:48.688+0000] {dag.py:3089} INFO - Sync 1 DAGs
[2024-07-25T23:33:48.707+0000] {logging_mixin.py:188} INFO - [2024-07-25T23:33:48.706+0000] {dag.py:3947} INFO - Setting next_dagrun for example_skip_dag to 2024-07-24 00:00:00+00:00, run_after=2024-07-25 00:00:00+00:00
[2024-07-25T23:33:48.726+0000] {processor.py:183} INFO - Processing /home/airflow/.local/lib/python3.12/site-packages/airflow/example_dags/example_skip_dag.py took 0.067 seconds
[2024-07-25T23:34:18.967+0000] {processor.py:161} INFO - Started process (PID=832) to work on /home/airflow/.local/lib/python3.12/site-packages/airflow/example_dags/example_skip_dag.py
[2024-07-25T23:34:18.969+0000] {processor.py:830} INFO - Processing file /home/airflow/.local/lib/python3.12/site-packages/airflow/example_dags/example_skip_dag.py for tasks to queue
[2024-07-25T23:34:18.972+0000] {logging_mixin.py:188} INFO - [2024-07-25T23:34:18.972+0000] {dagbag.py:545} INFO - Filling up the DagBag from /home/airflow/.local/lib/python3.12/site-packages/airflow/example_dags/example_skip_dag.py
[2024-07-25T23:34:18.978+0000] {processor.py:840} INFO - DAG(s) 'example_skip_dag' retrieved from /home/airflow/.local/lib/python3.12/site-packages/airflow/example_dags/example_skip_dag.py
[2024-07-25T23:34:18.997+0000] {logging_mixin.py:188} INFO - [2024-07-25T23:34:18.997+0000] {dag.py:3089} INFO - Sync 1 DAGs
[2024-07-25T23:34:19.014+0000] {logging_mixin.py:188} INFO - [2024-07-25T23:34:19.013+0000] {dag.py:3947} INFO - Setting next_dagrun for example_skip_dag to 2024-07-24 00:00:00+00:00, run_after=2024-07-25 00:00:00+00:00
[2024-07-25T23:34:19.031+0000] {processor.py:183} INFO - Processing /home/airflow/.local/lib/python3.12/site-packages/airflow/example_dags/example_skip_dag.py took 0.069 seconds
[2024-07-25T23:34:49.248+0000] {processor.py:161} INFO - Started process (PID=891) to work on /home/airflow/.local/lib/python3.12/site-packages/airflow/example_dags/example_skip_dag.py
[2024-07-25T23:34:49.249+0000] {processor.py:830} INFO - Processing file /home/airflow/.local/lib/python3.12/site-packages/airflow/example_dags/example_skip_dag.py for tasks to queue
[2024-07-25T23:34:49.250+0000] {logging_mixin.py:188} INFO - [2024-07-25T23:34:49.250+0000] {dagbag.py:545} INFO - Filling up the DagBag from /home/airflow/.local/lib/python3.12/site-packages/airflow/example_dags/example_skip_dag.py
[2024-07-25T23:34:49.254+0000] {processor.py:840} INFO - DAG(s) 'example_skip_dag' retrieved from /home/airflow/.local/lib/python3.12/site-packages/airflow/example_dags/example_skip_dag.py
[2024-07-25T23:34:49.269+0000] {logging_mixin.py:188} INFO - [2024-07-25T23:34:49.269+0000] {dag.py:3089} INFO - Sync 1 DAGs
[2024-07-25T23:34:49.283+0000] {logging_mixin.py:188} INFO - [2024-07-25T23:34:49.283+0000] {dag.py:3947} INFO - Setting next_dagrun for example_skip_dag to 2024-07-24 00:00:00+00:00, run_after=2024-07-25 00:00:00+00:00
[2024-07-25T23:34:49.295+0000] {processor.py:183} INFO - Processing /home/airflow/.local/lib/python3.12/site-packages/airflow/example_dags/example_skip_dag.py took 0.051 seconds
[2024-07-25T23:35:19.732+0000] {processor.py:161} INFO - Started process (PID=951) to work on /home/airflow/.local/lib/python3.12/site-packages/airflow/example_dags/example_skip_dag.py
[2024-07-25T23:35:19.734+0000] {processor.py:830} INFO - Processing file /home/airflow/.local/lib/python3.12/site-packages/airflow/example_dags/example_skip_dag.py for tasks to queue
[2024-07-25T23:35:19.738+0000] {logging_mixin.py:188} INFO - [2024-07-25T23:35:19.738+0000] {dagbag.py:545} INFO - Filling up the DagBag from /home/airflow/.local/lib/python3.12/site-packages/airflow/example_dags/example_skip_dag.py
[2024-07-25T23:35:19.756+0000] {processor.py:840} INFO - DAG(s) 'example_skip_dag' retrieved from /home/airflow/.local/lib/python3.12/site-packages/airflow/example_dags/example_skip_dag.py
[2024-07-25T23:35:19.804+0000] {logging_mixin.py:188} INFO - [2024-07-25T23:35:19.803+0000] {dag.py:3089} INFO - Sync 1 DAGs
[2024-07-25T23:35:19.845+0000] {logging_mixin.py:188} INFO - [2024-07-25T23:35:19.844+0000] {dag.py:3947} INFO - Setting next_dagrun for example_skip_dag to 2024-07-24 00:00:00+00:00, run_after=2024-07-25 00:00:00+00:00
[2024-07-25T23:35:19.878+0000] {processor.py:183} INFO - Processing /home/airflow/.local/lib/python3.12/site-packages/airflow/example_dags/example_skip_dag.py took 0.158 seconds
[2024-07-25T23:35:50.209+0000] {processor.py:161} INFO - Started process (PID=1011) to work on /home/airflow/.local/lib/python3.12/site-packages/airflow/example_dags/example_skip_dag.py
[2024-07-25T23:35:50.210+0000] {processor.py:830} INFO - Processing file /home/airflow/.local/lib/python3.12/site-packages/airflow/example_dags/example_skip_dag.py for tasks to queue
[2024-07-25T23:35:50.212+0000] {logging_mixin.py:188} INFO - [2024-07-25T23:35:50.211+0000] {dagbag.py:545} INFO - Filling up the DagBag from /home/airflow/.local/lib/python3.12/site-packages/airflow/example_dags/example_skip_dag.py
[2024-07-25T23:35:50.217+0000] {processor.py:840} INFO - DAG(s) 'example_skip_dag' retrieved from /home/airflow/.local/lib/python3.12/site-packages/airflow/example_dags/example_skip_dag.py
[2024-07-25T23:35:50.243+0000] {logging_mixin.py:188} INFO - [2024-07-25T23:35:50.241+0000] {dag.py:3089} INFO - Sync 1 DAGs
[2024-07-25T23:35:50.268+0000] {logging_mixin.py:188} INFO - [2024-07-25T23:35:50.268+0000] {dag.py:3947} INFO - Setting next_dagrun for example_skip_dag to 2024-07-24 00:00:00+00:00, run_after=2024-07-25 00:00:00+00:00
[2024-07-25T23:35:50.296+0000] {processor.py:183} INFO - Processing /home/airflow/.local/lib/python3.12/site-packages/airflow/example_dags/example_skip_dag.py took 0.092 seconds
[2024-07-25T23:36:20.671+0000] {processor.py:161} INFO - Started process (PID=1071) to work on /home/airflow/.local/lib/python3.12/site-packages/airflow/example_dags/example_skip_dag.py
[2024-07-25T23:36:20.672+0000] {processor.py:830} INFO - Processing file /home/airflow/.local/lib/python3.12/site-packages/airflow/example_dags/example_skip_dag.py for tasks to queue
[2024-07-25T23:36:20.674+0000] {logging_mixin.py:188} INFO - [2024-07-25T23:36:20.673+0000] {dagbag.py:545} INFO - Filling up the DagBag from /home/airflow/.local/lib/python3.12/site-packages/airflow/example_dags/example_skip_dag.py
[2024-07-25T23:36:20.679+0000] {processor.py:840} INFO - DAG(s) 'example_skip_dag' retrieved from /home/airflow/.local/lib/python3.12/site-packages/airflow/example_dags/example_skip_dag.py
[2024-07-25T23:36:20.708+0000] {logging_mixin.py:188} INFO - [2024-07-25T23:36:20.708+0000] {dag.py:3089} INFO - Sync 1 DAGs
[2024-07-25T23:36:20.740+0000] {logging_mixin.py:188} INFO - [2024-07-25T23:36:20.740+0000] {dag.py:3947} INFO - Setting next_dagrun for example_skip_dag to 2024-07-24 00:00:00+00:00, run_after=2024-07-25 00:00:00+00:00
[2024-07-25T23:36:20.773+0000] {processor.py:183} INFO - Processing /home/airflow/.local/lib/python3.12/site-packages/airflow/example_dags/example_skip_dag.py took 0.107 seconds
[2024-07-25T23:36:51.346+0000] {processor.py:161} INFO - Started process (PID=1130) to work on /home/airflow/.local/lib/python3.12/site-packages/airflow/example_dags/example_skip_dag.py
[2024-07-25T23:36:51.354+0000] {processor.py:830} INFO - Processing file /home/airflow/.local/lib/python3.12/site-packages/airflow/example_dags/example_skip_dag.py for tasks to queue
[2024-07-25T23:36:51.364+0000] {logging_mixin.py:188} INFO - [2024-07-25T23:36:51.363+0000] {dagbag.py:545} INFO - Filling up the DagBag from /home/airflow/.local/lib/python3.12/site-packages/airflow/example_dags/example_skip_dag.py
[2024-07-25T23:36:51.389+0000] {processor.py:840} INFO - DAG(s) 'example_skip_dag' retrieved from /home/airflow/.local/lib/python3.12/site-packages/airflow/example_dags/example_skip_dag.py
[2024-07-25T23:36:51.534+0000] {logging_mixin.py:188} INFO - [2024-07-25T23:36:51.533+0000] {dag.py:3089} INFO - Sync 1 DAGs
[2024-07-25T23:36:51.733+0000] {logging_mixin.py:188} INFO - [2024-07-25T23:36:51.731+0000] {dag.py:3947} INFO - Setting next_dagrun for example_skip_dag to 2024-07-24 00:00:00+00:00, run_after=2024-07-25 00:00:00+00:00
[2024-07-25T23:36:51.825+0000] {processor.py:183} INFO - Processing /home/airflow/.local/lib/python3.12/site-packages/airflow/example_dags/example_skip_dag.py took 0.518 seconds
[2024-07-25T23:37:22.104+0000] {processor.py:161} INFO - Started process (PID=1190) to work on /home/airflow/.local/lib/python3.12/site-packages/airflow/example_dags/example_skip_dag.py
[2024-07-25T23:37:22.106+0000] {processor.py:830} INFO - Processing file /home/airflow/.local/lib/python3.12/site-packages/airflow/example_dags/example_skip_dag.py for tasks to queue
[2024-07-25T23:37:22.107+0000] {logging_mixin.py:188} INFO - [2024-07-25T23:37:22.107+0000] {dagbag.py:545} INFO - Filling up the DagBag from /home/airflow/.local/lib/python3.12/site-packages/airflow/example_dags/example_skip_dag.py
[2024-07-25T23:37:22.115+0000] {processor.py:840} INFO - DAG(s) 'example_skip_dag' retrieved from /home/airflow/.local/lib/python3.12/site-packages/airflow/example_dags/example_skip_dag.py
[2024-07-25T23:37:22.133+0000] {logging_mixin.py:188} INFO - [2024-07-25T23:37:22.133+0000] {dag.py:3089} INFO - Sync 1 DAGs
[2024-07-25T23:37:22.153+0000] {logging_mixin.py:188} INFO - [2024-07-25T23:37:22.153+0000] {dag.py:3947} INFO - Setting next_dagrun for example_skip_dag to 2024-07-24 00:00:00+00:00, run_after=2024-07-25 00:00:00+00:00
[2024-07-25T23:37:22.171+0000] {processor.py:183} INFO - Processing /home/airflow/.local/lib/python3.12/site-packages/airflow/example_dags/example_skip_dag.py took 0.071 seconds
[2024-07-25T23:37:52.448+0000] {processor.py:161} INFO - Started process (PID=1250) to work on /home/airflow/.local/lib/python3.12/site-packages/airflow/example_dags/example_skip_dag.py
[2024-07-25T23:37:52.452+0000] {processor.py:830} INFO - Processing file /home/airflow/.local/lib/python3.12/site-packages/airflow/example_dags/example_skip_dag.py for tasks to queue
[2024-07-25T23:37:52.455+0000] {logging_mixin.py:188} INFO - [2024-07-25T23:37:52.455+0000] {dagbag.py:545} INFO - Filling up the DagBag from /home/airflow/.local/lib/python3.12/site-packages/airflow/example_dags/example_skip_dag.py
[2024-07-25T23:37:52.491+0000] {processor.py:840} INFO - DAG(s) 'example_skip_dag' retrieved from /home/airflow/.local/lib/python3.12/site-packages/airflow/example_dags/example_skip_dag.py
[2024-07-25T23:37:52.542+0000] {logging_mixin.py:188} INFO - [2024-07-25T23:37:52.542+0000] {dag.py:3089} INFO - Sync 1 DAGs
[2024-07-25T23:37:52.572+0000] {logging_mixin.py:188} INFO - [2024-07-25T23:37:52.572+0000] {dag.py:3947} INFO - Setting next_dagrun for example_skip_dag to 2024-07-24 00:00:00+00:00, run_after=2024-07-25 00:00:00+00:00
[2024-07-25T23:37:52.610+0000] {processor.py:183} INFO - Processing /home/airflow/.local/lib/python3.12/site-packages/airflow/example_dags/example_skip_dag.py took 0.170 seconds
[2024-07-25T23:38:23.130+0000] {processor.py:161} INFO - Started process (PID=1310) to work on /home/airflow/.local/lib/python3.12/site-packages/airflow/example_dags/example_skip_dag.py
[2024-07-25T23:38:23.134+0000] {processor.py:830} INFO - Processing file /home/airflow/.local/lib/python3.12/site-packages/airflow/example_dags/example_skip_dag.py for tasks to queue
[2024-07-25T23:38:23.136+0000] {logging_mixin.py:188} INFO - [2024-07-25T23:38:23.136+0000] {dagbag.py:545} INFO - Filling up the DagBag from /home/airflow/.local/lib/python3.12/site-packages/airflow/example_dags/example_skip_dag.py
[2024-07-25T23:38:23.142+0000] {processor.py:840} INFO - DAG(s) 'example_skip_dag' retrieved from /home/airflow/.local/lib/python3.12/site-packages/airflow/example_dags/example_skip_dag.py
[2024-07-25T23:38:23.165+0000] {logging_mixin.py:188} INFO - [2024-07-25T23:38:23.165+0000] {dag.py:3089} INFO - Sync 1 DAGs
[2024-07-25T23:38:23.183+0000] {logging_mixin.py:188} INFO - [2024-07-25T23:38:23.182+0000] {dag.py:3947} INFO - Setting next_dagrun for example_skip_dag to 2024-07-24 00:00:00+00:00, run_after=2024-07-25 00:00:00+00:00
[2024-07-25T23:38:23.204+0000] {processor.py:183} INFO - Processing /home/airflow/.local/lib/python3.12/site-packages/airflow/example_dags/example_skip_dag.py took 0.079 seconds
[2024-07-25T23:38:53.255+0000] {processor.py:161} INFO - Started process (PID=1370) to work on /home/airflow/.local/lib/python3.12/site-packages/airflow/example_dags/example_skip_dag.py
[2024-07-25T23:38:53.257+0000] {processor.py:830} INFO - Processing file /home/airflow/.local/lib/python3.12/site-packages/airflow/example_dags/example_skip_dag.py for tasks to queue
[2024-07-25T23:38:53.260+0000] {logging_mixin.py:188} INFO - [2024-07-25T23:38:53.260+0000] {dagbag.py:545} INFO - Filling up the DagBag from /home/airflow/.local/lib/python3.12/site-packages/airflow/example_dags/example_skip_dag.py
[2024-07-25T23:38:53.271+0000] {processor.py:840} INFO - DAG(s) 'example_skip_dag' retrieved from /home/airflow/.local/lib/python3.12/site-packages/airflow/example_dags/example_skip_dag.py
[2024-07-25T23:38:53.289+0000] {logging_mixin.py:188} INFO - [2024-07-25T23:38:53.289+0000] {dag.py:3089} INFO - Sync 1 DAGs
[2024-07-25T23:38:53.307+0000] {logging_mixin.py:188} INFO - [2024-07-25T23:38:53.307+0000] {dag.py:3947} INFO - Setting next_dagrun for example_skip_dag to 2024-07-24 00:00:00+00:00, run_after=2024-07-25 00:00:00+00:00
[2024-07-25T23:38:53.324+0000] {processor.py:183} INFO - Processing /home/airflow/.local/lib/python3.12/site-packages/airflow/example_dags/example_skip_dag.py took 0.075 seconds
[2024-07-25T23:39:23.912+0000] {processor.py:161} INFO - Started process (PID=1430) to work on /home/airflow/.local/lib/python3.12/site-packages/airflow/example_dags/example_skip_dag.py
[2024-07-25T23:39:23.914+0000] {processor.py:830} INFO - Processing file /home/airflow/.local/lib/python3.12/site-packages/airflow/example_dags/example_skip_dag.py for tasks to queue
[2024-07-25T23:39:23.916+0000] {logging_mixin.py:188} INFO - [2024-07-25T23:39:23.916+0000] {dagbag.py:545} INFO - Filling up the DagBag from /home/airflow/.local/lib/python3.12/site-packages/airflow/example_dags/example_skip_dag.py
[2024-07-25T23:39:23.924+0000] {processor.py:840} INFO - DAG(s) 'example_skip_dag' retrieved from /home/airflow/.local/lib/python3.12/site-packages/airflow/example_dags/example_skip_dag.py
[2024-07-25T23:39:23.947+0000] {logging_mixin.py:188} INFO - [2024-07-25T23:39:23.946+0000] {dag.py:3089} INFO - Sync 1 DAGs
[2024-07-25T23:39:23.962+0000] {logging_mixin.py:188} INFO - [2024-07-25T23:39:23.962+0000] {dag.py:3947} INFO - Setting next_dagrun for example_skip_dag to 2024-07-24 00:00:00+00:00, run_after=2024-07-25 00:00:00+00:00
[2024-07-25T23:39:23.981+0000] {processor.py:183} INFO - Processing /home/airflow/.local/lib/python3.12/site-packages/airflow/example_dags/example_skip_dag.py took 0.079 seconds
[2024-07-25T23:39:54.791+0000] {processor.py:161} INFO - Started process (PID=1490) to work on /home/airflow/.local/lib/python3.12/site-packages/airflow/example_dags/example_skip_dag.py
[2024-07-25T23:39:54.793+0000] {processor.py:830} INFO - Processing file /home/airflow/.local/lib/python3.12/site-packages/airflow/example_dags/example_skip_dag.py for tasks to queue
[2024-07-25T23:39:54.795+0000] {logging_mixin.py:188} INFO - [2024-07-25T23:39:54.795+0000] {dagbag.py:545} INFO - Filling up the DagBag from /home/airflow/.local/lib/python3.12/site-packages/airflow/example_dags/example_skip_dag.py
[2024-07-25T23:39:54.803+0000] {processor.py:840} INFO - DAG(s) 'example_skip_dag' retrieved from /home/airflow/.local/lib/python3.12/site-packages/airflow/example_dags/example_skip_dag.py
[2024-07-25T23:39:54.824+0000] {logging_mixin.py:188} INFO - [2024-07-25T23:39:54.824+0000] {dag.py:3089} INFO - Sync 1 DAGs
[2024-07-25T23:39:54.842+0000] {logging_mixin.py:188} INFO - [2024-07-25T23:39:54.842+0000] {dag.py:3947} INFO - Setting next_dagrun for example_skip_dag to 2024-07-24 00:00:00+00:00, run_after=2024-07-25 00:00:00+00:00
[2024-07-25T23:39:54.859+0000] {processor.py:183} INFO - Processing /home/airflow/.local/lib/python3.12/site-packages/airflow/example_dags/example_skip_dag.py took 0.075 seconds
[2024-07-25T23:40:24.943+0000] {processor.py:161} INFO - Started process (PID=1550) to work on /home/airflow/.local/lib/python3.12/site-packages/airflow/example_dags/example_skip_dag.py
[2024-07-25T23:40:24.944+0000] {processor.py:830} INFO - Processing file /home/airflow/.local/lib/python3.12/site-packages/airflow/example_dags/example_skip_dag.py for tasks to queue
[2024-07-25T23:40:24.946+0000] {logging_mixin.py:188} INFO - [2024-07-25T23:40:24.945+0000] {dagbag.py:545} INFO - Filling up the DagBag from /home/airflow/.local/lib/python3.12/site-packages/airflow/example_dags/example_skip_dag.py
[2024-07-25T23:40:24.950+0000] {processor.py:840} INFO - DAG(s) 'example_skip_dag' retrieved from /home/airflow/.local/lib/python3.12/site-packages/airflow/example_dags/example_skip_dag.py
[2024-07-25T23:40:24.963+0000] {logging_mixin.py:188} INFO - [2024-07-25T23:40:24.963+0000] {dag.py:3089} INFO - Sync 1 DAGs
[2024-07-25T23:40:24.977+0000] {logging_mixin.py:188} INFO - [2024-07-25T23:40:24.977+0000] {dag.py:3947} INFO - Setting next_dagrun for example_skip_dag to 2024-07-24 00:00:00+00:00, run_after=2024-07-25 00:00:00+00:00
[2024-07-25T23:40:24.988+0000] {processor.py:183} INFO - Processing /home/airflow/.local/lib/python3.12/site-packages/airflow/example_dags/example_skip_dag.py took 0.048 seconds
[2024-07-25T23:40:55.315+0000] {processor.py:161} INFO - Started process (PID=1610) to work on /home/airflow/.local/lib/python3.12/site-packages/airflow/example_dags/example_skip_dag.py
[2024-07-25T23:40:55.318+0000] {processor.py:830} INFO - Processing file /home/airflow/.local/lib/python3.12/site-packages/airflow/example_dags/example_skip_dag.py for tasks to queue
[2024-07-25T23:40:55.321+0000] {logging_mixin.py:188} INFO - [2024-07-25T23:40:55.320+0000] {dagbag.py:545} INFO - Filling up the DagBag from /home/airflow/.local/lib/python3.12/site-packages/airflow/example_dags/example_skip_dag.py
[2024-07-25T23:40:55.328+0000] {processor.py:840} INFO - DAG(s) 'example_skip_dag' retrieved from /home/airflow/.local/lib/python3.12/site-packages/airflow/example_dags/example_skip_dag.py
[2024-07-25T23:40:55.364+0000] {logging_mixin.py:188} INFO - [2024-07-25T23:40:55.364+0000] {dag.py:3089} INFO - Sync 1 DAGs
[2024-07-25T23:40:55.401+0000] {logging_mixin.py:188} INFO - [2024-07-25T23:40:55.401+0000] {dag.py:3947} INFO - Setting next_dagrun for example_skip_dag to 2024-07-24 00:00:00+00:00, run_after=2024-07-25 00:00:00+00:00
[2024-07-25T23:40:55.429+0000] {processor.py:183} INFO - Processing /home/airflow/.local/lib/python3.12/site-packages/airflow/example_dags/example_skip_dag.py took 0.121 seconds
[2024-07-25T23:41:25.943+0000] {processor.py:161} INFO - Started process (PID=1670) to work on /home/airflow/.local/lib/python3.12/site-packages/airflow/example_dags/example_skip_dag.py
[2024-07-25T23:41:25.946+0000] {processor.py:830} INFO - Processing file /home/airflow/.local/lib/python3.12/site-packages/airflow/example_dags/example_skip_dag.py for tasks to queue
[2024-07-25T23:41:25.948+0000] {logging_mixin.py:188} INFO - [2024-07-25T23:41:25.947+0000] {dagbag.py:545} INFO - Filling up the DagBag from /home/airflow/.local/lib/python3.12/site-packages/airflow/example_dags/example_skip_dag.py
[2024-07-25T23:41:25.953+0000] {processor.py:840} INFO - DAG(s) 'example_skip_dag' retrieved from /home/airflow/.local/lib/python3.12/site-packages/airflow/example_dags/example_skip_dag.py
[2024-07-25T23:41:25.970+0000] {logging_mixin.py:188} INFO - [2024-07-25T23:41:25.970+0000] {dag.py:3089} INFO - Sync 1 DAGs
[2024-07-25T23:41:25.985+0000] {logging_mixin.py:188} INFO - [2024-07-25T23:41:25.985+0000] {dag.py:3947} INFO - Setting next_dagrun for example_skip_dag to 2024-07-24 00:00:00+00:00, run_after=2024-07-25 00:00:00+00:00
[2024-07-25T23:41:26.002+0000] {processor.py:183} INFO - Processing /home/airflow/.local/lib/python3.12/site-packages/airflow/example_dags/example_skip_dag.py took 0.063 seconds
[2024-07-25T23:41:56.823+0000] {processor.py:161} INFO - Started process (PID=1730) to work on /home/airflow/.local/lib/python3.12/site-packages/airflow/example_dags/example_skip_dag.py
[2024-07-25T23:41:56.825+0000] {processor.py:830} INFO - Processing file /home/airflow/.local/lib/python3.12/site-packages/airflow/example_dags/example_skip_dag.py for tasks to queue
[2024-07-25T23:41:56.827+0000] {logging_mixin.py:188} INFO - [2024-07-25T23:41:56.827+0000] {dagbag.py:545} INFO - Filling up the DagBag from /home/airflow/.local/lib/python3.12/site-packages/airflow/example_dags/example_skip_dag.py
[2024-07-25T23:41:56.835+0000] {processor.py:840} INFO - DAG(s) 'example_skip_dag' retrieved from /home/airflow/.local/lib/python3.12/site-packages/airflow/example_dags/example_skip_dag.py
[2024-07-25T23:41:56.869+0000] {logging_mixin.py:188} INFO - [2024-07-25T23:41:56.868+0000] {dag.py:3089} INFO - Sync 1 DAGs
[2024-07-25T23:41:56.895+0000] {logging_mixin.py:188} INFO - [2024-07-25T23:41:56.894+0000] {dag.py:3947} INFO - Setting next_dagrun for example_skip_dag to 2024-07-24 00:00:00+00:00, run_after=2024-07-25 00:00:00+00:00
[2024-07-25T23:41:56.916+0000] {processor.py:183} INFO - Processing /home/airflow/.local/lib/python3.12/site-packages/airflow/example_dags/example_skip_dag.py took 0.099 seconds
[2024-07-25T23:42:27.868+0000] {processor.py:161} INFO - Started process (PID=1790) to work on /home/airflow/.local/lib/python3.12/site-packages/airflow/example_dags/example_skip_dag.py
[2024-07-25T23:42:27.869+0000] {processor.py:830} INFO - Processing file /home/airflow/.local/lib/python3.12/site-packages/airflow/example_dags/example_skip_dag.py for tasks to queue
[2024-07-25T23:42:27.872+0000] {logging_mixin.py:188} INFO - [2024-07-25T23:42:27.871+0000] {dagbag.py:545} INFO - Filling up the DagBag from /home/airflow/.local/lib/python3.12/site-packages/airflow/example_dags/example_skip_dag.py
[2024-07-25T23:42:27.882+0000] {processor.py:840} INFO - DAG(s) 'example_skip_dag' retrieved from /home/airflow/.local/lib/python3.12/site-packages/airflow/example_dags/example_skip_dag.py
[2024-07-25T23:42:27.906+0000] {logging_mixin.py:188} INFO - [2024-07-25T23:42:27.906+0000] {dag.py:3089} INFO - Sync 1 DAGs
[2024-07-25T23:42:27.928+0000] {logging_mixin.py:188} INFO - [2024-07-25T23:42:27.928+0000] {dag.py:3947} INFO - Setting next_dagrun for example_skip_dag to 2024-07-24 00:00:00+00:00, run_after=2024-07-25 00:00:00+00:00
[2024-07-25T23:42:27.944+0000] {processor.py:183} INFO - Processing /home/airflow/.local/lib/python3.12/site-packages/airflow/example_dags/example_skip_dag.py took 0.085 seconds
[2024-07-25T23:42:58.867+0000] {processor.py:161} INFO - Started process (PID=1850) to work on /home/airflow/.local/lib/python3.12/site-packages/airflow/example_dags/example_skip_dag.py
[2024-07-25T23:42:58.869+0000] {processor.py:830} INFO - Processing file /home/airflow/.local/lib/python3.12/site-packages/airflow/example_dags/example_skip_dag.py for tasks to queue
[2024-07-25T23:42:58.873+0000] {logging_mixin.py:188} INFO - [2024-07-25T23:42:58.872+0000] {dagbag.py:545} INFO - Filling up the DagBag from /home/airflow/.local/lib/python3.12/site-packages/airflow/example_dags/example_skip_dag.py
[2024-07-25T23:42:58.885+0000] {processor.py:840} INFO - DAG(s) 'example_skip_dag' retrieved from /home/airflow/.local/lib/python3.12/site-packages/airflow/example_dags/example_skip_dag.py
[2024-07-25T23:42:58.913+0000] {logging_mixin.py:188} INFO - [2024-07-25T23:42:58.913+0000] {dag.py:3089} INFO - Sync 1 DAGs
[2024-07-25T23:42:58.934+0000] {logging_mixin.py:188} INFO - [2024-07-25T23:42:58.933+0000] {dag.py:3947} INFO - Setting next_dagrun for example_skip_dag to 2024-07-24 00:00:00+00:00, run_after=2024-07-25 00:00:00+00:00
[2024-07-25T23:42:59.090+0000] {processor.py:183} INFO - Processing /home/airflow/.local/lib/python3.12/site-packages/airflow/example_dags/example_skip_dag.py took 0.232 seconds
[2024-07-25T23:43:29.447+0000] {processor.py:161} INFO - Started process (PID=1908) to work on /home/airflow/.local/lib/python3.12/site-packages/airflow/example_dags/example_skip_dag.py
[2024-07-25T23:43:29.449+0000] {processor.py:830} INFO - Processing file /home/airflow/.local/lib/python3.12/site-packages/airflow/example_dags/example_skip_dag.py for tasks to queue
[2024-07-25T23:43:29.451+0000] {logging_mixin.py:188} INFO - [2024-07-25T23:43:29.451+0000] {dagbag.py:545} INFO - Filling up the DagBag from /home/airflow/.local/lib/python3.12/site-packages/airflow/example_dags/example_skip_dag.py
[2024-07-25T23:43:29.456+0000] {processor.py:840} INFO - DAG(s) 'example_skip_dag' retrieved from /home/airflow/.local/lib/python3.12/site-packages/airflow/example_dags/example_skip_dag.py
[2024-07-25T23:43:29.477+0000] {logging_mixin.py:188} INFO - [2024-07-25T23:43:29.477+0000] {dag.py:3089} INFO - Sync 1 DAGs
[2024-07-25T23:43:29.498+0000] {logging_mixin.py:188} INFO - [2024-07-25T23:43:29.498+0000] {dag.py:3947} INFO - Setting next_dagrun for example_skip_dag to 2024-07-24 00:00:00+00:00, run_after=2024-07-25 00:00:00+00:00
[2024-07-25T23:43:29.515+0000] {processor.py:183} INFO - Processing /home/airflow/.local/lib/python3.12/site-packages/airflow/example_dags/example_skip_dag.py took 0.073 seconds
[2024-07-25T23:43:59.698+0000] {processor.py:161} INFO - Started process (PID=1968) to work on /home/airflow/.local/lib/python3.12/site-packages/airflow/example_dags/example_skip_dag.py
[2024-07-25T23:43:59.699+0000] {processor.py:830} INFO - Processing file /home/airflow/.local/lib/python3.12/site-packages/airflow/example_dags/example_skip_dag.py for tasks to queue
[2024-07-25T23:43:59.700+0000] {logging_mixin.py:188} INFO - [2024-07-25T23:43:59.700+0000] {dagbag.py:545} INFO - Filling up the DagBag from /home/airflow/.local/lib/python3.12/site-packages/airflow/example_dags/example_skip_dag.py
[2024-07-25T23:43:59.705+0000] {processor.py:840} INFO - DAG(s) 'example_skip_dag' retrieved from /home/airflow/.local/lib/python3.12/site-packages/airflow/example_dags/example_skip_dag.py
[2024-07-25T23:43:59.721+0000] {logging_mixin.py:188} INFO - [2024-07-25T23:43:59.721+0000] {dag.py:3089} INFO - Sync 1 DAGs
[2024-07-25T23:43:59.740+0000] {logging_mixin.py:188} INFO - [2024-07-25T23:43:59.740+0000] {dag.py:3947} INFO - Setting next_dagrun for example_skip_dag to 2024-07-24 00:00:00+00:00, run_after=2024-07-25 00:00:00+00:00
[2024-07-25T23:43:59.758+0000] {processor.py:183} INFO - Processing /home/airflow/.local/lib/python3.12/site-packages/airflow/example_dags/example_skip_dag.py took 0.064 seconds
[2024-07-25T23:44:30.652+0000] {processor.py:161} INFO - Started process (PID=2027) to work on /home/airflow/.local/lib/python3.12/site-packages/airflow/example_dags/example_skip_dag.py
[2024-07-25T23:44:30.656+0000] {processor.py:830} INFO - Processing file /home/airflow/.local/lib/python3.12/site-packages/airflow/example_dags/example_skip_dag.py for tasks to queue
[2024-07-25T23:44:30.657+0000] {logging_mixin.py:188} INFO - [2024-07-25T23:44:30.657+0000] {dagbag.py:545} INFO - Filling up the DagBag from /home/airflow/.local/lib/python3.12/site-packages/airflow/example_dags/example_skip_dag.py
[2024-07-25T23:44:30.662+0000] {processor.py:840} INFO - DAG(s) 'example_skip_dag' retrieved from /home/airflow/.local/lib/python3.12/site-packages/airflow/example_dags/example_skip_dag.py
[2024-07-25T23:44:30.685+0000] {logging_mixin.py:188} INFO - [2024-07-25T23:44:30.685+0000] {dag.py:3089} INFO - Sync 1 DAGs
[2024-07-25T23:44:30.707+0000] {logging_mixin.py:188} INFO - [2024-07-25T23:44:30.706+0000] {dag.py:3947} INFO - Setting next_dagrun for example_skip_dag to 2024-07-24 00:00:00+00:00, run_after=2024-07-25 00:00:00+00:00
[2024-07-25T23:44:30.724+0000] {processor.py:183} INFO - Processing /home/airflow/.local/lib/python3.12/site-packages/airflow/example_dags/example_skip_dag.py took 0.076 seconds
[2024-07-25T23:45:01.539+0000] {processor.py:161} INFO - Started process (PID=2087) to work on /home/airflow/.local/lib/python3.12/site-packages/airflow/example_dags/example_skip_dag.py
[2024-07-25T23:45:01.540+0000] {processor.py:830} INFO - Processing file /home/airflow/.local/lib/python3.12/site-packages/airflow/example_dags/example_skip_dag.py for tasks to queue
[2024-07-25T23:45:01.542+0000] {logging_mixin.py:188} INFO - [2024-07-25T23:45:01.542+0000] {dagbag.py:545} INFO - Filling up the DagBag from /home/airflow/.local/lib/python3.12/site-packages/airflow/example_dags/example_skip_dag.py
[2024-07-25T23:45:01.547+0000] {processor.py:840} INFO - DAG(s) 'example_skip_dag' retrieved from /home/airflow/.local/lib/python3.12/site-packages/airflow/example_dags/example_skip_dag.py
[2024-07-25T23:45:01.564+0000] {logging_mixin.py:188} INFO - [2024-07-25T23:45:01.564+0000] {dag.py:3089} INFO - Sync 1 DAGs
[2024-07-25T23:45:01.584+0000] {logging_mixin.py:188} INFO - [2024-07-25T23:45:01.584+0000] {dag.py:3947} INFO - Setting next_dagrun for example_skip_dag to 2024-07-24 00:00:00+00:00, run_after=2024-07-25 00:00:00+00:00
[2024-07-25T23:45:01.604+0000] {processor.py:183} INFO - Processing /home/airflow/.local/lib/python3.12/site-packages/airflow/example_dags/example_skip_dag.py took 0.070 seconds
[2024-07-25T23:45:32.541+0000] {processor.py:161} INFO - Started process (PID=2147) to work on /home/airflow/.local/lib/python3.12/site-packages/airflow/example_dags/example_skip_dag.py
[2024-07-25T23:45:32.542+0000] {processor.py:830} INFO - Processing file /home/airflow/.local/lib/python3.12/site-packages/airflow/example_dags/example_skip_dag.py for tasks to queue
[2024-07-25T23:45:32.543+0000] {logging_mixin.py:188} INFO - [2024-07-25T23:45:32.543+0000] {dagbag.py:545} INFO - Filling up the DagBag from /home/airflow/.local/lib/python3.12/site-packages/airflow/example_dags/example_skip_dag.py
[2024-07-25T23:45:32.548+0000] {processor.py:840} INFO - DAG(s) 'example_skip_dag' retrieved from /home/airflow/.local/lib/python3.12/site-packages/airflow/example_dags/example_skip_dag.py
[2024-07-25T23:45:32.572+0000] {logging_mixin.py:188} INFO - [2024-07-25T23:45:32.572+0000] {dag.py:3089} INFO - Sync 1 DAGs
[2024-07-25T23:45:32.590+0000] {logging_mixin.py:188} INFO - [2024-07-25T23:45:32.590+0000] {dag.py:3947} INFO - Setting next_dagrun for example_skip_dag to 2024-07-24 00:00:00+00:00, run_after=2024-07-25 00:00:00+00:00
[2024-07-25T23:45:32.607+0000] {processor.py:183} INFO - Processing /home/airflow/.local/lib/python3.12/site-packages/airflow/example_dags/example_skip_dag.py took 0.071 seconds
[2024-07-25T23:46:03.366+0000] {processor.py:161} INFO - Started process (PID=2207) to work on /home/airflow/.local/lib/python3.12/site-packages/airflow/example_dags/example_skip_dag.py
[2024-07-25T23:46:03.368+0000] {processor.py:830} INFO - Processing file /home/airflow/.local/lib/python3.12/site-packages/airflow/example_dags/example_skip_dag.py for tasks to queue
[2024-07-25T23:46:03.371+0000] {logging_mixin.py:188} INFO - [2024-07-25T23:46:03.370+0000] {dagbag.py:545} INFO - Filling up the DagBag from /home/airflow/.local/lib/python3.12/site-packages/airflow/example_dags/example_skip_dag.py
[2024-07-25T23:46:03.375+0000] {processor.py:840} INFO - DAG(s) 'example_skip_dag' retrieved from /home/airflow/.local/lib/python3.12/site-packages/airflow/example_dags/example_skip_dag.py
[2024-07-25T23:46:03.398+0000] {logging_mixin.py:188} INFO - [2024-07-25T23:46:03.397+0000] {dag.py:3089} INFO - Sync 1 DAGs
[2024-07-25T23:46:03.416+0000] {logging_mixin.py:188} INFO - [2024-07-25T23:46:03.415+0000] {dag.py:3947} INFO - Setting next_dagrun for example_skip_dag to 2024-07-24 00:00:00+00:00, run_after=2024-07-25 00:00:00+00:00
[2024-07-25T23:46:03.434+0000] {processor.py:183} INFO - Processing /home/airflow/.local/lib/python3.12/site-packages/airflow/example_dags/example_skip_dag.py took 0.072 seconds
[2024-07-25T23:46:33.729+0000] {processor.py:161} INFO - Started process (PID=2267) to work on /home/airflow/.local/lib/python3.12/site-packages/airflow/example_dags/example_skip_dag.py
[2024-07-25T23:46:33.732+0000] {processor.py:830} INFO - Processing file /home/airflow/.local/lib/python3.12/site-packages/airflow/example_dags/example_skip_dag.py for tasks to queue
[2024-07-25T23:46:33.733+0000] {logging_mixin.py:188} INFO - [2024-07-25T23:46:33.733+0000] {dagbag.py:545} INFO - Filling up the DagBag from /home/airflow/.local/lib/python3.12/site-packages/airflow/example_dags/example_skip_dag.py
[2024-07-25T23:46:33.738+0000] {processor.py:840} INFO - DAG(s) 'example_skip_dag' retrieved from /home/airflow/.local/lib/python3.12/site-packages/airflow/example_dags/example_skip_dag.py
[2024-07-25T23:46:33.757+0000] {logging_mixin.py:188} INFO - [2024-07-25T23:46:33.757+0000] {dag.py:3089} INFO - Sync 1 DAGs
[2024-07-25T23:46:33.774+0000] {logging_mixin.py:188} INFO - [2024-07-25T23:46:33.774+0000] {dag.py:3947} INFO - Setting next_dagrun for example_skip_dag to 2024-07-24 00:00:00+00:00, run_after=2024-07-25 00:00:00+00:00
[2024-07-25T23:46:33.791+0000] {processor.py:183} INFO - Processing /home/airflow/.local/lib/python3.12/site-packages/airflow/example_dags/example_skip_dag.py took 0.065 seconds
[2024-07-25T23:47:03.968+0000] {processor.py:161} INFO - Started process (PID=2327) to work on /home/airflow/.local/lib/python3.12/site-packages/airflow/example_dags/example_skip_dag.py
[2024-07-25T23:47:03.969+0000] {processor.py:830} INFO - Processing file /home/airflow/.local/lib/python3.12/site-packages/airflow/example_dags/example_skip_dag.py for tasks to queue
[2024-07-25T23:47:03.971+0000] {logging_mixin.py:188} INFO - [2024-07-25T23:47:03.970+0000] {dagbag.py:545} INFO - Filling up the DagBag from /home/airflow/.local/lib/python3.12/site-packages/airflow/example_dags/example_skip_dag.py
[2024-07-25T23:47:03.975+0000] {processor.py:840} INFO - DAG(s) 'example_skip_dag' retrieved from /home/airflow/.local/lib/python3.12/site-packages/airflow/example_dags/example_skip_dag.py
[2024-07-25T23:47:03.989+0000] {logging_mixin.py:188} INFO - [2024-07-25T23:47:03.989+0000] {dag.py:3089} INFO - Sync 1 DAGs
[2024-07-25T23:47:04.003+0000] {logging_mixin.py:188} INFO - [2024-07-25T23:47:04.003+0000] {dag.py:3947} INFO - Setting next_dagrun for example_skip_dag to 2024-07-24 00:00:00+00:00, run_after=2024-07-25 00:00:00+00:00
[2024-07-25T23:47:04.014+0000] {processor.py:183} INFO - Processing /home/airflow/.local/lib/python3.12/site-packages/airflow/example_dags/example_skip_dag.py took 0.050 seconds
[2024-07-25T23:47:34.548+0000] {processor.py:161} INFO - Started process (PID=2387) to work on /home/airflow/.local/lib/python3.12/site-packages/airflow/example_dags/example_skip_dag.py
[2024-07-25T23:47:34.552+0000] {processor.py:830} INFO - Processing file /home/airflow/.local/lib/python3.12/site-packages/airflow/example_dags/example_skip_dag.py for tasks to queue
[2024-07-25T23:47:34.554+0000] {logging_mixin.py:188} INFO - [2024-07-25T23:47:34.553+0000] {dagbag.py:545} INFO - Filling up the DagBag from /home/airflow/.local/lib/python3.12/site-packages/airflow/example_dags/example_skip_dag.py
[2024-07-25T23:47:34.560+0000] {processor.py:840} INFO - DAG(s) 'example_skip_dag' retrieved from /home/airflow/.local/lib/python3.12/site-packages/airflow/example_dags/example_skip_dag.py
[2024-07-25T23:47:34.587+0000] {logging_mixin.py:188} INFO - [2024-07-25T23:47:34.587+0000] {dag.py:3089} INFO - Sync 1 DAGs
[2024-07-25T23:47:34.606+0000] {logging_mixin.py:188} INFO - [2024-07-25T23:47:34.606+0000] {dag.py:3947} INFO - Setting next_dagrun for example_skip_dag to 2024-07-24 00:00:00+00:00, run_after=2024-07-25 00:00:00+00:00
[2024-07-25T23:47:34.631+0000] {processor.py:183} INFO - Processing /home/airflow/.local/lib/python3.12/site-packages/airflow/example_dags/example_skip_dag.py took 0.088 seconds
[2024-07-25T23:48:04.770+0000] {processor.py:161} INFO - Started process (PID=2446) to work on /home/airflow/.local/lib/python3.12/site-packages/airflow/example_dags/example_skip_dag.py
[2024-07-25T23:48:04.771+0000] {processor.py:830} INFO - Processing file /home/airflow/.local/lib/python3.12/site-packages/airflow/example_dags/example_skip_dag.py for tasks to queue
[2024-07-25T23:48:04.773+0000] {logging_mixin.py:188} INFO - [2024-07-25T23:48:04.772+0000] {dagbag.py:545} INFO - Filling up the DagBag from /home/airflow/.local/lib/python3.12/site-packages/airflow/example_dags/example_skip_dag.py
[2024-07-25T23:48:04.777+0000] {processor.py:840} INFO - DAG(s) 'example_skip_dag' retrieved from /home/airflow/.local/lib/python3.12/site-packages/airflow/example_dags/example_skip_dag.py
[2024-07-25T23:48:04.792+0000] {logging_mixin.py:188} INFO - [2024-07-25T23:48:04.792+0000] {dag.py:3089} INFO - Sync 1 DAGs
[2024-07-25T23:48:04.806+0000] {logging_mixin.py:188} INFO - [2024-07-25T23:48:04.806+0000] {dag.py:3947} INFO - Setting next_dagrun for example_skip_dag to 2024-07-24 00:00:00+00:00, run_after=2024-07-25 00:00:00+00:00
[2024-07-25T23:48:04.817+0000] {processor.py:183} INFO - Processing /home/airflow/.local/lib/python3.12/site-packages/airflow/example_dags/example_skip_dag.py took 0.051 seconds
[2024-07-25T23:48:34.900+0000] {processor.py:161} INFO - Started process (PID=2506) to work on /home/airflow/.local/lib/python3.12/site-packages/airflow/example_dags/example_skip_dag.py
[2024-07-25T23:48:34.902+0000] {processor.py:830} INFO - Processing file /home/airflow/.local/lib/python3.12/site-packages/airflow/example_dags/example_skip_dag.py for tasks to queue
[2024-07-25T23:48:34.903+0000] {logging_mixin.py:188} INFO - [2024-07-25T23:48:34.903+0000] {dagbag.py:545} INFO - Filling up the DagBag from /home/airflow/.local/lib/python3.12/site-packages/airflow/example_dags/example_skip_dag.py
[2024-07-25T23:48:34.909+0000] {processor.py:840} INFO - DAG(s) 'example_skip_dag' retrieved from /home/airflow/.local/lib/python3.12/site-packages/airflow/example_dags/example_skip_dag.py
[2024-07-25T23:48:34.931+0000] {logging_mixin.py:188} INFO - [2024-07-25T23:48:34.931+0000] {dag.py:3089} INFO - Sync 1 DAGs
[2024-07-25T23:48:34.947+0000] {logging_mixin.py:188} INFO - [2024-07-25T23:48:34.947+0000] {dag.py:3947} INFO - Setting next_dagrun for example_skip_dag to 2024-07-24 00:00:00+00:00, run_after=2024-07-25 00:00:00+00:00
[2024-07-25T23:48:34.963+0000] {processor.py:183} INFO - Processing /home/airflow/.local/lib/python3.12/site-packages/airflow/example_dags/example_skip_dag.py took 0.067 seconds
[2024-07-25T23:49:05.322+0000] {processor.py:161} INFO - Started process (PID=2566) to work on /home/airflow/.local/lib/python3.12/site-packages/airflow/example_dags/example_skip_dag.py
[2024-07-25T23:49:05.327+0000] {processor.py:830} INFO - Processing file /home/airflow/.local/lib/python3.12/site-packages/airflow/example_dags/example_skip_dag.py for tasks to queue
[2024-07-25T23:49:05.330+0000] {logging_mixin.py:188} INFO - [2024-07-25T23:49:05.330+0000] {dagbag.py:545} INFO - Filling up the DagBag from /home/airflow/.local/lib/python3.12/site-packages/airflow/example_dags/example_skip_dag.py
[2024-07-25T23:49:05.338+0000] {processor.py:840} INFO - DAG(s) 'example_skip_dag' retrieved from /home/airflow/.local/lib/python3.12/site-packages/airflow/example_dags/example_skip_dag.py
[2024-07-25T23:49:05.361+0000] {logging_mixin.py:188} INFO - [2024-07-25T23:49:05.361+0000] {dag.py:3089} INFO - Sync 1 DAGs
[2024-07-25T23:49:05.388+0000] {logging_mixin.py:188} INFO - [2024-07-25T23:49:05.388+0000] {dag.py:3947} INFO - Setting next_dagrun for example_skip_dag to 2024-07-24 00:00:00+00:00, run_after=2024-07-25 00:00:00+00:00
[2024-07-25T23:49:05.415+0000] {processor.py:183} INFO - Processing /home/airflow/.local/lib/python3.12/site-packages/airflow/example_dags/example_skip_dag.py took 0.098 seconds
[2024-07-25T23:49:35.515+0000] {processor.py:161} INFO - Started process (PID=2626) to work on /home/airflow/.local/lib/python3.12/site-packages/airflow/example_dags/example_skip_dag.py
[2024-07-25T23:49:35.517+0000] {processor.py:830} INFO - Processing file /home/airflow/.local/lib/python3.12/site-packages/airflow/example_dags/example_skip_dag.py for tasks to queue
[2024-07-25T23:49:35.521+0000] {logging_mixin.py:188} INFO - [2024-07-25T23:49:35.520+0000] {dagbag.py:545} INFO - Filling up the DagBag from /home/airflow/.local/lib/python3.12/site-packages/airflow/example_dags/example_skip_dag.py
[2024-07-25T23:49:35.528+0000] {processor.py:840} INFO - DAG(s) 'example_skip_dag' retrieved from /home/airflow/.local/lib/python3.12/site-packages/airflow/example_dags/example_skip_dag.py
[2024-07-25T23:49:35.546+0000] {logging_mixin.py:188} INFO - [2024-07-25T23:49:35.546+0000] {dag.py:3089} INFO - Sync 1 DAGs
[2024-07-25T23:49:35.563+0000] {logging_mixin.py:188} INFO - [2024-07-25T23:49:35.563+0000] {dag.py:3947} INFO - Setting next_dagrun for example_skip_dag to 2024-07-24 00:00:00+00:00, run_after=2024-07-25 00:00:00+00:00
[2024-07-25T23:49:35.575+0000] {processor.py:183} INFO - Processing /home/airflow/.local/lib/python3.12/site-packages/airflow/example_dags/example_skip_dag.py took 0.065 seconds
[2024-07-25T23:50:05.831+0000] {processor.py:161} INFO - Started process (PID=2685) to work on /home/airflow/.local/lib/python3.12/site-packages/airflow/example_dags/example_skip_dag.py
[2024-07-25T23:50:05.835+0000] {processor.py:830} INFO - Processing file /home/airflow/.local/lib/python3.12/site-packages/airflow/example_dags/example_skip_dag.py for tasks to queue
[2024-07-25T23:50:05.839+0000] {logging_mixin.py:188} INFO - [2024-07-25T23:50:05.838+0000] {dagbag.py:545} INFO - Filling up the DagBag from /home/airflow/.local/lib/python3.12/site-packages/airflow/example_dags/example_skip_dag.py
[2024-07-25T23:50:05.844+0000] {processor.py:840} INFO - DAG(s) 'example_skip_dag' retrieved from /home/airflow/.local/lib/python3.12/site-packages/airflow/example_dags/example_skip_dag.py
[2024-07-25T23:50:05.864+0000] {logging_mixin.py:188} INFO - [2024-07-25T23:50:05.864+0000] {dag.py:3089} INFO - Sync 1 DAGs
[2024-07-25T23:50:05.879+0000] {logging_mixin.py:188} INFO - [2024-07-25T23:50:05.879+0000] {dag.py:3947} INFO - Setting next_dagrun for example_skip_dag to 2024-07-24 00:00:00+00:00, run_after=2024-07-25 00:00:00+00:00
[2024-07-25T23:50:05.898+0000] {processor.py:183} INFO - Processing /home/airflow/.local/lib/python3.12/site-packages/airflow/example_dags/example_skip_dag.py took 0.077 seconds
[2024-07-25T23:50:36.042+0000] {processor.py:161} INFO - Started process (PID=2745) to work on /home/airflow/.local/lib/python3.12/site-packages/airflow/example_dags/example_skip_dag.py
[2024-07-25T23:50:36.043+0000] {processor.py:830} INFO - Processing file /home/airflow/.local/lib/python3.12/site-packages/airflow/example_dags/example_skip_dag.py for tasks to queue
[2024-07-25T23:50:36.045+0000] {logging_mixin.py:188} INFO - [2024-07-25T23:50:36.044+0000] {dagbag.py:545} INFO - Filling up the DagBag from /home/airflow/.local/lib/python3.12/site-packages/airflow/example_dags/example_skip_dag.py
[2024-07-25T23:50:36.049+0000] {processor.py:840} INFO - DAG(s) 'example_skip_dag' retrieved from /home/airflow/.local/lib/python3.12/site-packages/airflow/example_dags/example_skip_dag.py
[2024-07-25T23:50:36.064+0000] {logging_mixin.py:188} INFO - [2024-07-25T23:50:36.064+0000] {dag.py:3089} INFO - Sync 1 DAGs
[2024-07-25T23:50:36.079+0000] {logging_mixin.py:188} INFO - [2024-07-25T23:50:36.078+0000] {dag.py:3947} INFO - Setting next_dagrun for example_skip_dag to 2024-07-24 00:00:00+00:00, run_after=2024-07-25 00:00:00+00:00
[2024-07-25T23:50:36.091+0000] {processor.py:183} INFO - Processing /home/airflow/.local/lib/python3.12/site-packages/airflow/example_dags/example_skip_dag.py took 0.053 seconds
[2024-07-25T23:51:06.594+0000] {processor.py:161} INFO - Started process (PID=2805) to work on /home/airflow/.local/lib/python3.12/site-packages/airflow/example_dags/example_skip_dag.py
[2024-07-25T23:51:06.595+0000] {processor.py:830} INFO - Processing file /home/airflow/.local/lib/python3.12/site-packages/airflow/example_dags/example_skip_dag.py for tasks to queue
[2024-07-25T23:51:06.596+0000] {logging_mixin.py:188} INFO - [2024-07-25T23:51:06.596+0000] {dagbag.py:545} INFO - Filling up the DagBag from /home/airflow/.local/lib/python3.12/site-packages/airflow/example_dags/example_skip_dag.py
[2024-07-25T23:51:06.601+0000] {processor.py:840} INFO - DAG(s) 'example_skip_dag' retrieved from /home/airflow/.local/lib/python3.12/site-packages/airflow/example_dags/example_skip_dag.py
[2024-07-25T23:51:06.618+0000] {logging_mixin.py:188} INFO - [2024-07-25T23:51:06.618+0000] {dag.py:3089} INFO - Sync 1 DAGs
[2024-07-25T23:51:06.634+0000] {logging_mixin.py:188} INFO - [2024-07-25T23:51:06.634+0000] {dag.py:3947} INFO - Setting next_dagrun for example_skip_dag to 2024-07-24 00:00:00+00:00, run_after=2024-07-25 00:00:00+00:00
[2024-07-25T23:51:06.652+0000] {processor.py:183} INFO - Processing /home/airflow/.local/lib/python3.12/site-packages/airflow/example_dags/example_skip_dag.py took 0.063 seconds
[2024-07-25T23:51:38.663+0000] {processor.py:161} INFO - Started process (PID=2871) to work on /home/airflow/.local/lib/python3.12/site-packages/airflow/example_dags/example_skip_dag.py
[2024-07-25T23:51:38.665+0000] {processor.py:830} INFO - Processing file /home/airflow/.local/lib/python3.12/site-packages/airflow/example_dags/example_skip_dag.py for tasks to queue
[2024-07-25T23:51:38.670+0000] {logging_mixin.py:188} INFO - [2024-07-25T23:51:38.669+0000] {dagbag.py:545} INFO - Filling up the DagBag from /home/airflow/.local/lib/python3.12/site-packages/airflow/example_dags/example_skip_dag.py
[2024-07-25T23:51:38.686+0000] {processor.py:840} INFO - DAG(s) 'example_skip_dag' retrieved from /home/airflow/.local/lib/python3.12/site-packages/airflow/example_dags/example_skip_dag.py
[2024-07-25T23:51:38.714+0000] {logging_mixin.py:188} INFO - [2024-07-25T23:51:38.714+0000] {dag.py:3089} INFO - Sync 1 DAGs
[2024-07-25T23:51:38.733+0000] {logging_mixin.py:188} INFO - [2024-07-25T23:51:38.733+0000] {dag.py:3947} INFO - Setting next_dagrun for example_skip_dag to 2024-07-24 00:00:00+00:00, run_after=2024-07-25 00:00:00+00:00
[2024-07-25T23:51:38.750+0000] {processor.py:183} INFO - Processing /home/airflow/.local/lib/python3.12/site-packages/airflow/example_dags/example_skip_dag.py took 0.094 seconds
[2024-07-25T23:52:09.098+0000] {processor.py:161} INFO - Started process (PID=2931) to work on /home/airflow/.local/lib/python3.12/site-packages/airflow/example_dags/example_skip_dag.py
[2024-07-25T23:52:09.099+0000] {processor.py:830} INFO - Processing file /home/airflow/.local/lib/python3.12/site-packages/airflow/example_dags/example_skip_dag.py for tasks to queue
[2024-07-25T23:52:09.101+0000] {logging_mixin.py:188} INFO - [2024-07-25T23:52:09.100+0000] {dagbag.py:545} INFO - Filling up the DagBag from /home/airflow/.local/lib/python3.12/site-packages/airflow/example_dags/example_skip_dag.py
[2024-07-25T23:52:09.106+0000] {processor.py:840} INFO - DAG(s) 'example_skip_dag' retrieved from /home/airflow/.local/lib/python3.12/site-packages/airflow/example_dags/example_skip_dag.py
[2024-07-25T23:52:09.122+0000] {logging_mixin.py:188} INFO - [2024-07-25T23:52:09.121+0000] {dag.py:3089} INFO - Sync 1 DAGs
[2024-07-25T23:52:09.138+0000] {logging_mixin.py:188} INFO - [2024-07-25T23:52:09.138+0000] {dag.py:3947} INFO - Setting next_dagrun for example_skip_dag to 2024-07-24 00:00:00+00:00, run_after=2024-07-25 00:00:00+00:00
[2024-07-25T23:52:09.156+0000] {processor.py:183} INFO - Processing /home/airflow/.local/lib/python3.12/site-packages/airflow/example_dags/example_skip_dag.py took 0.063 seconds
[2024-07-25T23:52:42.143+0000] {processor.py:161} INFO - Started process (PID=2991) to work on /home/airflow/.local/lib/python3.12/site-packages/airflow/example_dags/example_skip_dag.py
[2024-07-25T23:52:42.146+0000] {processor.py:830} INFO - Processing file /home/airflow/.local/lib/python3.12/site-packages/airflow/example_dags/example_skip_dag.py for tasks to queue
[2024-07-25T23:52:42.151+0000] {logging_mixin.py:188} INFO - [2024-07-25T23:52:42.151+0000] {dagbag.py:545} INFO - Filling up the DagBag from /home/airflow/.local/lib/python3.12/site-packages/airflow/example_dags/example_skip_dag.py
[2024-07-25T23:52:42.163+0000] {processor.py:840} INFO - DAG(s) 'example_skip_dag' retrieved from /home/airflow/.local/lib/python3.12/site-packages/airflow/example_dags/example_skip_dag.py
[2024-07-25T23:52:42.183+0000] {logging_mixin.py:188} INFO - [2024-07-25T23:52:42.183+0000] {dag.py:3089} INFO - Sync 1 DAGs
[2024-07-25T23:52:42.200+0000] {logging_mixin.py:188} INFO - [2024-07-25T23:52:42.200+0000] {dag.py:3947} INFO - Setting next_dagrun for example_skip_dag to 2024-07-24 00:00:00+00:00, run_after=2024-07-25 00:00:00+00:00
[2024-07-25T23:52:42.214+0000] {processor.py:183} INFO - Processing /home/airflow/.local/lib/python3.12/site-packages/airflow/example_dags/example_skip_dag.py took 0.081 seconds
[2024-07-25T23:53:12.505+0000] {processor.py:161} INFO - Started process (PID=3049) to work on /home/airflow/.local/lib/python3.12/site-packages/airflow/example_dags/example_skip_dag.py
[2024-07-25T23:53:12.506+0000] {processor.py:830} INFO - Processing file /home/airflow/.local/lib/python3.12/site-packages/airflow/example_dags/example_skip_dag.py for tasks to queue
[2024-07-25T23:53:12.510+0000] {logging_mixin.py:188} INFO - [2024-07-25T23:53:12.510+0000] {dagbag.py:545} INFO - Filling up the DagBag from /home/airflow/.local/lib/python3.12/site-packages/airflow/example_dags/example_skip_dag.py
[2024-07-25T23:53:12.518+0000] {processor.py:840} INFO - DAG(s) 'example_skip_dag' retrieved from /home/airflow/.local/lib/python3.12/site-packages/airflow/example_dags/example_skip_dag.py
[2024-07-25T23:53:12.541+0000] {logging_mixin.py:188} INFO - [2024-07-25T23:53:12.541+0000] {dag.py:3089} INFO - Sync 1 DAGs
[2024-07-25T23:53:12.620+0000] {logging_mixin.py:188} INFO - [2024-07-25T23:53:12.619+0000] {dag.py:3947} INFO - Setting next_dagrun for example_skip_dag to 2024-07-24 00:00:00+00:00, run_after=2024-07-25 00:00:00+00:00
[2024-07-25T23:53:12.669+0000] {processor.py:183} INFO - Processing /home/airflow/.local/lib/python3.12/site-packages/airflow/example_dags/example_skip_dag.py took 0.171 seconds
[2024-07-25T23:53:43.090+0000] {processor.py:161} INFO - Started process (PID=3109) to work on /home/airflow/.local/lib/python3.12/site-packages/airflow/example_dags/example_skip_dag.py
[2024-07-25T23:53:43.092+0000] {processor.py:830} INFO - Processing file /home/airflow/.local/lib/python3.12/site-packages/airflow/example_dags/example_skip_dag.py for tasks to queue
[2024-07-25T23:53:43.094+0000] {logging_mixin.py:188} INFO - [2024-07-25T23:53:43.094+0000] {dagbag.py:545} INFO - Filling up the DagBag from /home/airflow/.local/lib/python3.12/site-packages/airflow/example_dags/example_skip_dag.py
[2024-07-25T23:53:43.100+0000] {processor.py:840} INFO - DAG(s) 'example_skip_dag' retrieved from /home/airflow/.local/lib/python3.12/site-packages/airflow/example_dags/example_skip_dag.py
[2024-07-25T23:53:43.117+0000] {logging_mixin.py:188} INFO - [2024-07-25T23:53:43.117+0000] {dag.py:3089} INFO - Sync 1 DAGs
[2024-07-25T23:53:43.132+0000] {logging_mixin.py:188} INFO - [2024-07-25T23:53:43.132+0000] {dag.py:3947} INFO - Setting next_dagrun for example_skip_dag to 2024-07-24 00:00:00+00:00, run_after=2024-07-25 00:00:00+00:00
[2024-07-25T23:53:43.151+0000] {processor.py:183} INFO - Processing /home/airflow/.local/lib/python3.12/site-packages/airflow/example_dags/example_skip_dag.py took 0.066 seconds
[2024-07-25T23:54:13.253+0000] {processor.py:161} INFO - Started process (PID=3169) to work on /home/airflow/.local/lib/python3.12/site-packages/airflow/example_dags/example_skip_dag.py
[2024-07-25T23:54:13.254+0000] {processor.py:830} INFO - Processing file /home/airflow/.local/lib/python3.12/site-packages/airflow/example_dags/example_skip_dag.py for tasks to queue
[2024-07-25T23:54:13.256+0000] {logging_mixin.py:188} INFO - [2024-07-25T23:54:13.255+0000] {dagbag.py:545} INFO - Filling up the DagBag from /home/airflow/.local/lib/python3.12/site-packages/airflow/example_dags/example_skip_dag.py
[2024-07-25T23:54:13.262+0000] {processor.py:840} INFO - DAG(s) 'example_skip_dag' retrieved from /home/airflow/.local/lib/python3.12/site-packages/airflow/example_dags/example_skip_dag.py
[2024-07-25T23:54:13.280+0000] {logging_mixin.py:188} INFO - [2024-07-25T23:54:13.280+0000] {dag.py:3089} INFO - Sync 1 DAGs
[2024-07-25T23:54:13.299+0000] {logging_mixin.py:188} INFO - [2024-07-25T23:54:13.298+0000] {dag.py:3947} INFO - Setting next_dagrun for example_skip_dag to 2024-07-24 00:00:00+00:00, run_after=2024-07-25 00:00:00+00:00
[2024-07-25T23:54:13.315+0000] {processor.py:183} INFO - Processing /home/airflow/.local/lib/python3.12/site-packages/airflow/example_dags/example_skip_dag.py took 0.067 seconds
[2024-07-25T23:54:43.429+0000] {processor.py:161} INFO - Started process (PID=3227) to work on /home/airflow/.local/lib/python3.12/site-packages/airflow/example_dags/example_skip_dag.py
[2024-07-25T23:54:43.430+0000] {processor.py:830} INFO - Processing file /home/airflow/.local/lib/python3.12/site-packages/airflow/example_dags/example_skip_dag.py for tasks to queue
[2024-07-25T23:54:43.431+0000] {logging_mixin.py:188} INFO - [2024-07-25T23:54:43.431+0000] {dagbag.py:545} INFO - Filling up the DagBag from /home/airflow/.local/lib/python3.12/site-packages/airflow/example_dags/example_skip_dag.py
[2024-07-25T23:54:43.436+0000] {processor.py:840} INFO - DAG(s) 'example_skip_dag' retrieved from /home/airflow/.local/lib/python3.12/site-packages/airflow/example_dags/example_skip_dag.py
[2024-07-25T23:54:43.451+0000] {logging_mixin.py:188} INFO - [2024-07-25T23:54:43.451+0000] {dag.py:3089} INFO - Sync 1 DAGs
[2024-07-25T23:54:43.466+0000] {logging_mixin.py:188} INFO - [2024-07-25T23:54:43.466+0000] {dag.py:3947} INFO - Setting next_dagrun for example_skip_dag to 2024-07-24 00:00:00+00:00, run_after=2024-07-25 00:00:00+00:00
[2024-07-25T23:54:43.478+0000] {processor.py:183} INFO - Processing /home/airflow/.local/lib/python3.12/site-packages/airflow/example_dags/example_skip_dag.py took 0.054 seconds
