[2024-07-25T23:17:19.968+0000] {processor.py:161} INFO - Started process (PID=68) to work on /home/airflow/.local/lib/python3.12/site-packages/airflow/example_dags/example_branch_python_dop_operator_3.py
[2024-07-25T23:17:19.975+0000] {processor.py:830} INFO - Processing file /home/airflow/.local/lib/python3.12/site-packages/airflow/example_dags/example_branch_python_dop_operator_3.py for tasks to queue
[2024-07-25T23:17:19.981+0000] {logging_mixin.py:188} INFO - [2024-07-25T23:17:19.980+0000] {dagbag.py:545} INFO - Filling up the DagBag from /home/airflow/.local/lib/python3.12/site-packages/airflow/example_dags/example_branch_python_dop_operator_3.py
[2024-07-25T23:17:20.009+0000] {processor.py:840} INFO - DAG(s) 'example_branch_dop_operator_v3' retrieved from /home/airflow/.local/lib/python3.12/site-packages/airflow/example_dags/example_branch_python_dop_operator_3.py
[2024-07-25T23:17:20.076+0000] {logging_mixin.py:188} INFO - [2024-07-25T23:17:20.076+0000] {dag.py:3089} INFO - Sync 1 DAGs
[2024-07-25T23:17:20.182+0000] {logging_mixin.py:188} INFO - [2024-07-25T23:17:20.172+0000] {dag.py:3947} INFO - Setting next_dagrun for example_branch_dop_operator_v3 to 2024-07-25 23:16:00+00:00, run_after=2024-07-25 23:17:00+00:00
[2024-07-25T23:17:20.286+0000] {processor.py:183} INFO - Processing /home/airflow/.local/lib/python3.12/site-packages/airflow/example_dags/example_branch_python_dop_operator_3.py took 0.343 seconds
[2024-07-25T23:17:50.719+0000] {processor.py:161} INFO - Started process (PID=128) to work on /home/airflow/.local/lib/python3.12/site-packages/airflow/example_dags/example_branch_python_dop_operator_3.py
[2024-07-25T23:17:50.722+0000] {processor.py:830} INFO - Processing file /home/airflow/.local/lib/python3.12/site-packages/airflow/example_dags/example_branch_python_dop_operator_3.py for tasks to queue
[2024-07-25T23:17:50.723+0000] {logging_mixin.py:188} INFO - [2024-07-25T23:17:50.723+0000] {dagbag.py:545} INFO - Filling up the DagBag from /home/airflow/.local/lib/python3.12/site-packages/airflow/example_dags/example_branch_python_dop_operator_3.py
[2024-07-25T23:17:50.730+0000] {processor.py:840} INFO - DAG(s) 'example_branch_dop_operator_v3' retrieved from /home/airflow/.local/lib/python3.12/site-packages/airflow/example_dags/example_branch_python_dop_operator_3.py
[2024-07-25T23:17:50.826+0000] {logging_mixin.py:188} INFO - [2024-07-25T23:17:50.825+0000] {dag.py:3089} INFO - Sync 1 DAGs
[2024-07-25T23:17:50.848+0000] {logging_mixin.py:188} INFO - [2024-07-25T23:17:50.848+0000] {dag.py:3947} INFO - Setting next_dagrun for example_branch_dop_operator_v3 to 2024-07-25 23:16:00+00:00, run_after=2024-07-25 23:17:00+00:00
[2024-07-25T23:17:50.884+0000] {processor.py:183} INFO - Processing /home/airflow/.local/lib/python3.12/site-packages/airflow/example_dags/example_branch_python_dop_operator_3.py took 0.172 seconds
[2024-07-25T23:18:21.343+0000] {processor.py:161} INFO - Started process (PID=188) to work on /home/airflow/.local/lib/python3.12/site-packages/airflow/example_dags/example_branch_python_dop_operator_3.py
[2024-07-25T23:18:21.346+0000] {processor.py:830} INFO - Processing file /home/airflow/.local/lib/python3.12/site-packages/airflow/example_dags/example_branch_python_dop_operator_3.py for tasks to queue
[2024-07-25T23:18:21.347+0000] {logging_mixin.py:188} INFO - [2024-07-25T23:18:21.347+0000] {dagbag.py:545} INFO - Filling up the DagBag from /home/airflow/.local/lib/python3.12/site-packages/airflow/example_dags/example_branch_python_dop_operator_3.py
[2024-07-25T23:18:21.353+0000] {processor.py:840} INFO - DAG(s) 'example_branch_dop_operator_v3' retrieved from /home/airflow/.local/lib/python3.12/site-packages/airflow/example_dags/example_branch_python_dop_operator_3.py
[2024-07-25T23:18:21.377+0000] {logging_mixin.py:188} INFO - [2024-07-25T23:18:21.377+0000] {dag.py:3089} INFO - Sync 1 DAGs
[2024-07-25T23:18:21.403+0000] {logging_mixin.py:188} INFO - [2024-07-25T23:18:21.403+0000] {dag.py:3947} INFO - Setting next_dagrun for example_branch_dop_operator_v3 to 2024-07-25 23:17:00+00:00, run_after=2024-07-25 23:18:00+00:00
[2024-07-25T23:18:21.424+0000] {processor.py:183} INFO - Processing /home/airflow/.local/lib/python3.12/site-packages/airflow/example_dags/example_branch_python_dop_operator_3.py took 0.085 seconds
[2024-07-25T23:18:51.791+0000] {processor.py:161} INFO - Started process (PID=248) to work on /home/airflow/.local/lib/python3.12/site-packages/airflow/example_dags/example_branch_python_dop_operator_3.py
[2024-07-25T23:18:51.795+0000] {processor.py:830} INFO - Processing file /home/airflow/.local/lib/python3.12/site-packages/airflow/example_dags/example_branch_python_dop_operator_3.py for tasks to queue
[2024-07-25T23:18:51.799+0000] {logging_mixin.py:188} INFO - [2024-07-25T23:18:51.798+0000] {dagbag.py:545} INFO - Filling up the DagBag from /home/airflow/.local/lib/python3.12/site-packages/airflow/example_dags/example_branch_python_dop_operator_3.py
[2024-07-25T23:18:51.813+0000] {processor.py:840} INFO - DAG(s) 'example_branch_dop_operator_v3' retrieved from /home/airflow/.local/lib/python3.12/site-packages/airflow/example_dags/example_branch_python_dop_operator_3.py
[2024-07-25T23:18:51.834+0000] {logging_mixin.py:188} INFO - [2024-07-25T23:18:51.834+0000] {dag.py:3089} INFO - Sync 1 DAGs
[2024-07-25T23:18:51.861+0000] {logging_mixin.py:188} INFO - [2024-07-25T23:18:51.861+0000] {dag.py:3947} INFO - Setting next_dagrun for example_branch_dop_operator_v3 to 2024-07-25 23:17:00+00:00, run_after=2024-07-25 23:18:00+00:00
[2024-07-25T23:18:51.879+0000] {processor.py:183} INFO - Processing /home/airflow/.local/lib/python3.12/site-packages/airflow/example_dags/example_branch_python_dop_operator_3.py took 0.094 seconds
[2024-07-25T23:19:22.150+0000] {processor.py:161} INFO - Started process (PID=308) to work on /home/airflow/.local/lib/python3.12/site-packages/airflow/example_dags/example_branch_python_dop_operator_3.py
[2024-07-25T23:19:22.153+0000] {processor.py:830} INFO - Processing file /home/airflow/.local/lib/python3.12/site-packages/airflow/example_dags/example_branch_python_dop_operator_3.py for tasks to queue
[2024-07-25T23:19:22.156+0000] {logging_mixin.py:188} INFO - [2024-07-25T23:19:22.156+0000] {dagbag.py:545} INFO - Filling up the DagBag from /home/airflow/.local/lib/python3.12/site-packages/airflow/example_dags/example_branch_python_dop_operator_3.py
[2024-07-25T23:19:22.170+0000] {processor.py:840} INFO - DAG(s) 'example_branch_dop_operator_v3' retrieved from /home/airflow/.local/lib/python3.12/site-packages/airflow/example_dags/example_branch_python_dop_operator_3.py
[2024-07-25T23:19:22.197+0000] {logging_mixin.py:188} INFO - [2024-07-25T23:19:22.197+0000] {dag.py:3089} INFO - Sync 1 DAGs
[2024-07-25T23:19:22.220+0000] {logging_mixin.py:188} INFO - [2024-07-25T23:19:22.219+0000] {dag.py:3947} INFO - Setting next_dagrun for example_branch_dop_operator_v3 to 2024-07-25 23:18:00+00:00, run_after=2024-07-25 23:19:00+00:00
[2024-07-25T23:19:22.238+0000] {processor.py:183} INFO - Processing /home/airflow/.local/lib/python3.12/site-packages/airflow/example_dags/example_branch_python_dop_operator_3.py took 0.095 seconds
[2024-07-25T23:19:52.982+0000] {processor.py:161} INFO - Started process (PID=368) to work on /home/airflow/.local/lib/python3.12/site-packages/airflow/example_dags/example_branch_python_dop_operator_3.py
[2024-07-25T23:19:52.984+0000] {processor.py:830} INFO - Processing file /home/airflow/.local/lib/python3.12/site-packages/airflow/example_dags/example_branch_python_dop_operator_3.py for tasks to queue
[2024-07-25T23:19:52.986+0000] {logging_mixin.py:188} INFO - [2024-07-25T23:19:52.986+0000] {dagbag.py:545} INFO - Filling up the DagBag from /home/airflow/.local/lib/python3.12/site-packages/airflow/example_dags/example_branch_python_dop_operator_3.py
[2024-07-25T23:19:52.996+0000] {processor.py:840} INFO - DAG(s) 'example_branch_dop_operator_v3' retrieved from /home/airflow/.local/lib/python3.12/site-packages/airflow/example_dags/example_branch_python_dop_operator_3.py
[2024-07-25T23:19:53.054+0000] {logging_mixin.py:188} INFO - [2024-07-25T23:19:53.053+0000] {dag.py:3089} INFO - Sync 1 DAGs
[2024-07-25T23:19:53.110+0000] {logging_mixin.py:188} INFO - [2024-07-25T23:19:53.110+0000] {dag.py:3947} INFO - Setting next_dagrun for example_branch_dop_operator_v3 to 2024-07-25 23:18:00+00:00, run_after=2024-07-25 23:19:00+00:00
[2024-07-25T23:19:53.159+0000] {processor.py:183} INFO - Processing /home/airflow/.local/lib/python3.12/site-packages/airflow/example_dags/example_branch_python_dop_operator_3.py took 0.184 seconds
[2024-07-25T23:20:24.443+0000] {processor.py:161} INFO - Started process (PID=428) to work on /home/airflow/.local/lib/python3.12/site-packages/airflow/example_dags/example_branch_python_dop_operator_3.py
[2024-07-25T23:20:24.451+0000] {processor.py:830} INFO - Processing file /home/airflow/.local/lib/python3.12/site-packages/airflow/example_dags/example_branch_python_dop_operator_3.py for tasks to queue
[2024-07-25T23:20:24.457+0000] {logging_mixin.py:188} INFO - [2024-07-25T23:20:24.456+0000] {dagbag.py:545} INFO - Filling up the DagBag from /home/airflow/.local/lib/python3.12/site-packages/airflow/example_dags/example_branch_python_dop_operator_3.py
[2024-07-25T23:20:24.515+0000] {processor.py:840} INFO - DAG(s) 'example_branch_dop_operator_v3' retrieved from /home/airflow/.local/lib/python3.12/site-packages/airflow/example_dags/example_branch_python_dop_operator_3.py
[2024-07-25T23:20:24.633+0000] {logging_mixin.py:188} INFO - [2024-07-25T23:20:24.630+0000] {dag.py:3089} INFO - Sync 1 DAGs
[2024-07-25T23:20:24.759+0000] {logging_mixin.py:188} INFO - [2024-07-25T23:20:24.758+0000] {dag.py:3947} INFO - Setting next_dagrun for example_branch_dop_operator_v3 to 2024-07-25 23:19:00+00:00, run_after=2024-07-25 23:20:00+00:00
[2024-07-25T23:20:24.843+0000] {processor.py:183} INFO - Processing /home/airflow/.local/lib/python3.12/site-packages/airflow/example_dags/example_branch_python_dop_operator_3.py took 0.487 seconds
[2024-07-25T23:20:55.555+0000] {processor.py:161} INFO - Started process (PID=488) to work on /home/airflow/.local/lib/python3.12/site-packages/airflow/example_dags/example_branch_python_dop_operator_3.py
[2024-07-25T23:20:55.559+0000] {processor.py:830} INFO - Processing file /home/airflow/.local/lib/python3.12/site-packages/airflow/example_dags/example_branch_python_dop_operator_3.py for tasks to queue
[2024-07-25T23:20:55.562+0000] {logging_mixin.py:188} INFO - [2024-07-25T23:20:55.562+0000] {dagbag.py:545} INFO - Filling up the DagBag from /home/airflow/.local/lib/python3.12/site-packages/airflow/example_dags/example_branch_python_dop_operator_3.py
[2024-07-25T23:20:55.571+0000] {processor.py:840} INFO - DAG(s) 'example_branch_dop_operator_v3' retrieved from /home/airflow/.local/lib/python3.12/site-packages/airflow/example_dags/example_branch_python_dop_operator_3.py
[2024-07-25T23:20:55.591+0000] {logging_mixin.py:188} INFO - [2024-07-25T23:20:55.591+0000] {dag.py:3089} INFO - Sync 1 DAGs
[2024-07-25T23:20:55.612+0000] {logging_mixin.py:188} INFO - [2024-07-25T23:20:55.611+0000] {dag.py:3947} INFO - Setting next_dagrun for example_branch_dop_operator_v3 to 2024-07-25 23:19:00+00:00, run_after=2024-07-25 23:20:00+00:00
[2024-07-25T23:20:55.628+0000] {processor.py:183} INFO - Processing /home/airflow/.local/lib/python3.12/site-packages/airflow/example_dags/example_branch_python_dop_operator_3.py took 0.079 seconds
[2024-07-25T23:21:26.101+0000] {processor.py:161} INFO - Started process (PID=548) to work on /home/airflow/.local/lib/python3.12/site-packages/airflow/example_dags/example_branch_python_dop_operator_3.py
[2024-07-25T23:21:26.102+0000] {processor.py:830} INFO - Processing file /home/airflow/.local/lib/python3.12/site-packages/airflow/example_dags/example_branch_python_dop_operator_3.py for tasks to queue
[2024-07-25T23:21:26.105+0000] {logging_mixin.py:188} INFO - [2024-07-25T23:21:26.104+0000] {dagbag.py:545} INFO - Filling up the DagBag from /home/airflow/.local/lib/python3.12/site-packages/airflow/example_dags/example_branch_python_dop_operator_3.py
[2024-07-25T23:21:26.114+0000] {processor.py:840} INFO - DAG(s) 'example_branch_dop_operator_v3' retrieved from /home/airflow/.local/lib/python3.12/site-packages/airflow/example_dags/example_branch_python_dop_operator_3.py
[2024-07-25T23:21:26.140+0000] {logging_mixin.py:188} INFO - [2024-07-25T23:21:26.140+0000] {dag.py:3089} INFO - Sync 1 DAGs
[2024-07-25T23:21:26.167+0000] {logging_mixin.py:188} INFO - [2024-07-25T23:21:26.167+0000] {dag.py:3947} INFO - Setting next_dagrun for example_branch_dop_operator_v3 to 2024-07-25 23:20:00+00:00, run_after=2024-07-25 23:21:00+00:00
[2024-07-25T23:21:26.201+0000] {processor.py:183} INFO - Processing /home/airflow/.local/lib/python3.12/site-packages/airflow/example_dags/example_branch_python_dop_operator_3.py took 0.106 seconds
[2024-07-25T23:21:56.887+0000] {processor.py:161} INFO - Started process (PID=607) to work on /home/airflow/.local/lib/python3.12/site-packages/airflow/example_dags/example_branch_python_dop_operator_3.py
[2024-07-25T23:21:56.891+0000] {processor.py:830} INFO - Processing file /home/airflow/.local/lib/python3.12/site-packages/airflow/example_dags/example_branch_python_dop_operator_3.py for tasks to queue
[2024-07-25T23:21:56.894+0000] {logging_mixin.py:188} INFO - [2024-07-25T23:21:56.894+0000] {dagbag.py:545} INFO - Filling up the DagBag from /home/airflow/.local/lib/python3.12/site-packages/airflow/example_dags/example_branch_python_dop_operator_3.py
[2024-07-25T23:21:56.903+0000] {processor.py:840} INFO - DAG(s) 'example_branch_dop_operator_v3' retrieved from /home/airflow/.local/lib/python3.12/site-packages/airflow/example_dags/example_branch_python_dop_operator_3.py
[2024-07-25T23:21:56.922+0000] {logging_mixin.py:188} INFO - [2024-07-25T23:21:56.922+0000] {dag.py:3089} INFO - Sync 1 DAGs
[2024-07-25T23:21:56.939+0000] {logging_mixin.py:188} INFO - [2024-07-25T23:21:56.939+0000] {dag.py:3947} INFO - Setting next_dagrun for example_branch_dop_operator_v3 to 2024-07-25 23:20:00+00:00, run_after=2024-07-25 23:21:00+00:00
[2024-07-25T23:21:56.955+0000] {processor.py:183} INFO - Processing /home/airflow/.local/lib/python3.12/site-packages/airflow/example_dags/example_branch_python_dop_operator_3.py took 0.074 seconds
[2024-07-25T23:22:27.388+0000] {processor.py:161} INFO - Started process (PID=666) to work on /home/airflow/.local/lib/python3.12/site-packages/airflow/example_dags/example_branch_python_dop_operator_3.py
[2024-07-25T23:22:27.392+0000] {processor.py:830} INFO - Processing file /home/airflow/.local/lib/python3.12/site-packages/airflow/example_dags/example_branch_python_dop_operator_3.py for tasks to queue
[2024-07-25T23:22:27.394+0000] {logging_mixin.py:188} INFO - [2024-07-25T23:22:27.394+0000] {dagbag.py:545} INFO - Filling up the DagBag from /home/airflow/.local/lib/python3.12/site-packages/airflow/example_dags/example_branch_python_dop_operator_3.py
[2024-07-25T23:22:27.410+0000] {processor.py:840} INFO - DAG(s) 'example_branch_dop_operator_v3' retrieved from /home/airflow/.local/lib/python3.12/site-packages/airflow/example_dags/example_branch_python_dop_operator_3.py
[2024-07-25T23:22:27.436+0000] {logging_mixin.py:188} INFO - [2024-07-25T23:22:27.435+0000] {dag.py:3089} INFO - Sync 1 DAGs
[2024-07-25T23:22:27.459+0000] {logging_mixin.py:188} INFO - [2024-07-25T23:22:27.459+0000] {dag.py:3947} INFO - Setting next_dagrun for example_branch_dop_operator_v3 to 2024-07-25 23:21:00+00:00, run_after=2024-07-25 23:22:00+00:00
[2024-07-25T23:22:27.478+0000] {processor.py:183} INFO - Processing /home/airflow/.local/lib/python3.12/site-packages/airflow/example_dags/example_branch_python_dop_operator_3.py took 0.097 seconds
[2024-07-25T23:22:58.453+0000] {processor.py:161} INFO - Started process (PID=726) to work on /home/airflow/.local/lib/python3.12/site-packages/airflow/example_dags/example_branch_python_dop_operator_3.py
[2024-07-25T23:22:58.456+0000] {processor.py:830} INFO - Processing file /home/airflow/.local/lib/python3.12/site-packages/airflow/example_dags/example_branch_python_dop_operator_3.py for tasks to queue
[2024-07-25T23:22:58.460+0000] {logging_mixin.py:188} INFO - [2024-07-25T23:22:58.459+0000] {dagbag.py:545} INFO - Filling up the DagBag from /home/airflow/.local/lib/python3.12/site-packages/airflow/example_dags/example_branch_python_dop_operator_3.py
[2024-07-25T23:22:58.470+0000] {processor.py:840} INFO - DAG(s) 'example_branch_dop_operator_v3' retrieved from /home/airflow/.local/lib/python3.12/site-packages/airflow/example_dags/example_branch_python_dop_operator_3.py
[2024-07-25T23:22:58.490+0000] {logging_mixin.py:188} INFO - [2024-07-25T23:22:58.490+0000] {dag.py:3089} INFO - Sync 1 DAGs
[2024-07-25T23:22:58.510+0000] {logging_mixin.py:188} INFO - [2024-07-25T23:22:58.510+0000] {dag.py:3947} INFO - Setting next_dagrun for example_branch_dop_operator_v3 to 2024-07-25 23:21:00+00:00, run_after=2024-07-25 23:22:00+00:00
[2024-07-25T23:22:58.529+0000] {processor.py:183} INFO - Processing /home/airflow/.local/lib/python3.12/site-packages/airflow/example_dags/example_branch_python_dop_operator_3.py took 0.102 seconds
[2024-07-25T23:23:29.070+0000] {processor.py:161} INFO - Started process (PID=786) to work on /home/airflow/.local/lib/python3.12/site-packages/airflow/example_dags/example_branch_python_dop_operator_3.py
[2024-07-25T23:23:29.071+0000] {processor.py:830} INFO - Processing file /home/airflow/.local/lib/python3.12/site-packages/airflow/example_dags/example_branch_python_dop_operator_3.py for tasks to queue
[2024-07-25T23:23:29.073+0000] {logging_mixin.py:188} INFO - [2024-07-25T23:23:29.073+0000] {dagbag.py:545} INFO - Filling up the DagBag from /home/airflow/.local/lib/python3.12/site-packages/airflow/example_dags/example_branch_python_dop_operator_3.py
[2024-07-25T23:23:29.080+0000] {processor.py:840} INFO - DAG(s) 'example_branch_dop_operator_v3' retrieved from /home/airflow/.local/lib/python3.12/site-packages/airflow/example_dags/example_branch_python_dop_operator_3.py
[2024-07-25T23:23:29.099+0000] {logging_mixin.py:188} INFO - [2024-07-25T23:23:29.099+0000] {dag.py:3089} INFO - Sync 1 DAGs
[2024-07-25T23:23:29.116+0000] {logging_mixin.py:188} INFO - [2024-07-25T23:23:29.115+0000] {dag.py:3947} INFO - Setting next_dagrun for example_branch_dop_operator_v3 to 2024-07-25 23:22:00+00:00, run_after=2024-07-25 23:23:00+00:00
[2024-07-25T23:23:29.133+0000] {processor.py:183} INFO - Processing /home/airflow/.local/lib/python3.12/site-packages/airflow/example_dags/example_branch_python_dop_operator_3.py took 0.069 seconds
[2024-07-25T23:24:04.587+0000] {processor.py:161} INFO - Started process (PID=846) to work on /home/airflow/.local/lib/python3.12/site-packages/airflow/example_dags/example_branch_python_dop_operator_3.py
[2024-07-25T23:24:04.588+0000] {processor.py:830} INFO - Processing file /home/airflow/.local/lib/python3.12/site-packages/airflow/example_dags/example_branch_python_dop_operator_3.py for tasks to queue
[2024-07-25T23:24:04.591+0000] {logging_mixin.py:188} INFO - [2024-07-25T23:24:04.590+0000] {dagbag.py:545} INFO - Filling up the DagBag from /home/airflow/.local/lib/python3.12/site-packages/airflow/example_dags/example_branch_python_dop_operator_3.py
[2024-07-25T23:24:04.607+0000] {processor.py:840} INFO - DAG(s) 'example_branch_dop_operator_v3' retrieved from /home/airflow/.local/lib/python3.12/site-packages/airflow/example_dags/example_branch_python_dop_operator_3.py
[2024-07-25T23:24:04.718+0000] {logging_mixin.py:188} INFO - [2024-07-25T23:24:04.716+0000] {dag.py:3089} INFO - Sync 1 DAGs
[2024-07-25T23:24:04.779+0000] {logging_mixin.py:188} INFO - [2024-07-25T23:24:04.779+0000] {dag.py:3947} INFO - Setting next_dagrun for example_branch_dop_operator_v3 to 2024-07-25 23:23:00+00:00, run_after=2024-07-25 23:24:00+00:00
[2024-07-25T23:24:04.818+0000] {processor.py:183} INFO - Processing /home/airflow/.local/lib/python3.12/site-packages/airflow/example_dags/example_branch_python_dop_operator_3.py took 0.245 seconds
[2024-07-25T23:24:34.875+0000] {processor.py:161} INFO - Started process (PID=906) to work on /home/airflow/.local/lib/python3.12/site-packages/airflow/example_dags/example_branch_python_dop_operator_3.py
[2024-07-25T23:24:34.877+0000] {processor.py:830} INFO - Processing file /home/airflow/.local/lib/python3.12/site-packages/airflow/example_dags/example_branch_python_dop_operator_3.py for tasks to queue
[2024-07-25T23:24:34.882+0000] {logging_mixin.py:188} INFO - [2024-07-25T23:24:34.881+0000] {dagbag.py:545} INFO - Filling up the DagBag from /home/airflow/.local/lib/python3.12/site-packages/airflow/example_dags/example_branch_python_dop_operator_3.py
[2024-07-25T23:24:34.893+0000] {processor.py:840} INFO - DAG(s) 'example_branch_dop_operator_v3' retrieved from /home/airflow/.local/lib/python3.12/site-packages/airflow/example_dags/example_branch_python_dop_operator_3.py
[2024-07-25T23:24:34.923+0000] {logging_mixin.py:188} INFO - [2024-07-25T23:24:34.923+0000] {dag.py:3089} INFO - Sync 1 DAGs
[2024-07-25T23:24:34.958+0000] {logging_mixin.py:188} INFO - [2024-07-25T23:24:34.958+0000] {dag.py:3947} INFO - Setting next_dagrun for example_branch_dop_operator_v3 to 2024-07-25 23:23:00+00:00, run_after=2024-07-25 23:24:00+00:00
[2024-07-25T23:24:34.980+0000] {processor.py:183} INFO - Processing /home/airflow/.local/lib/python3.12/site-packages/airflow/example_dags/example_branch_python_dop_operator_3.py took 0.110 seconds
[2024-07-25T23:25:06.056+0000] {processor.py:161} INFO - Started process (PID=966) to work on /home/airflow/.local/lib/python3.12/site-packages/airflow/example_dags/example_branch_python_dop_operator_3.py
[2024-07-25T23:25:06.058+0000] {processor.py:830} INFO - Processing file /home/airflow/.local/lib/python3.12/site-packages/airflow/example_dags/example_branch_python_dop_operator_3.py for tasks to queue
[2024-07-25T23:25:06.062+0000] {logging_mixin.py:188} INFO - [2024-07-25T23:25:06.061+0000] {dagbag.py:545} INFO - Filling up the DagBag from /home/airflow/.local/lib/python3.12/site-packages/airflow/example_dags/example_branch_python_dop_operator_3.py
[2024-07-25T23:25:06.079+0000] {processor.py:840} INFO - DAG(s) 'example_branch_dop_operator_v3' retrieved from /home/airflow/.local/lib/python3.12/site-packages/airflow/example_dags/example_branch_python_dop_operator_3.py
[2024-07-25T23:25:06.135+0000] {logging_mixin.py:188} INFO - [2024-07-25T23:25:06.134+0000] {dag.py:3089} INFO - Sync 1 DAGs
[2024-07-25T23:25:06.172+0000] {logging_mixin.py:188} INFO - [2024-07-25T23:25:06.171+0000] {dag.py:3947} INFO - Setting next_dagrun for example_branch_dop_operator_v3 to 2024-07-25 23:24:00+00:00, run_after=2024-07-25 23:25:00+00:00
[2024-07-25T23:25:06.192+0000] {processor.py:183} INFO - Processing /home/airflow/.local/lib/python3.12/site-packages/airflow/example_dags/example_branch_python_dop_operator_3.py took 0.166 seconds
[2024-07-25T23:27:30.833+0000] {processor.py:161} INFO - Started process (PID=72) to work on /home/airflow/.local/lib/python3.12/site-packages/airflow/example_dags/example_branch_python_dop_operator_3.py
[2024-07-25T23:27:30.846+0000] {processor.py:830} INFO - Processing file /home/airflow/.local/lib/python3.12/site-packages/airflow/example_dags/example_branch_python_dop_operator_3.py for tasks to queue
[2024-07-25T23:27:30.871+0000] {logging_mixin.py:188} INFO - [2024-07-25T23:27:30.870+0000] {dagbag.py:545} INFO - Filling up the DagBag from /home/airflow/.local/lib/python3.12/site-packages/airflow/example_dags/example_branch_python_dop_operator_3.py
[2024-07-25T23:27:31.151+0000] {processor.py:840} INFO - DAG(s) 'example_branch_dop_operator_v3' retrieved from /home/airflow/.local/lib/python3.12/site-packages/airflow/example_dags/example_branch_python_dop_operator_3.py
[2024-07-25T23:27:32.950+0000] {logging_mixin.py:188} INFO - [2024-07-25T23:27:32.944+0000] {dag.py:3089} INFO - Sync 1 DAGs
[2024-07-25T23:27:33.201+0000] {logging_mixin.py:188} INFO - [2024-07-25T23:27:33.200+0000] {dag.py:3947} INFO - Setting next_dagrun for example_branch_dop_operator_v3 to 2024-07-25 23:26:00+00:00, run_after=2024-07-25 23:27:00+00:00
[2024-07-25T23:27:33.572+0000] {processor.py:183} INFO - Processing /home/airflow/.local/lib/python3.12/site-packages/airflow/example_dags/example_branch_python_dop_operator_3.py took 2.810 seconds
[2024-07-25T23:28:14.193+0000] {processor.py:161} INFO - Started process (PID=132) to work on /home/airflow/.local/lib/python3.12/site-packages/airflow/example_dags/example_branch_python_dop_operator_3.py
[2024-07-25T23:28:14.196+0000] {processor.py:830} INFO - Processing file /home/airflow/.local/lib/python3.12/site-packages/airflow/example_dags/example_branch_python_dop_operator_3.py for tasks to queue
[2024-07-25T23:28:14.199+0000] {logging_mixin.py:188} INFO - [2024-07-25T23:28:14.198+0000] {dagbag.py:545} INFO - Filling up the DagBag from /home/airflow/.local/lib/python3.12/site-packages/airflow/example_dags/example_branch_python_dop_operator_3.py
[2024-07-25T23:28:14.227+0000] {processor.py:840} INFO - DAG(s) 'example_branch_dop_operator_v3' retrieved from /home/airflow/.local/lib/python3.12/site-packages/airflow/example_dags/example_branch_python_dop_operator_3.py
[2024-07-25T23:28:14.478+0000] {logging_mixin.py:188} INFO - [2024-07-25T23:28:14.477+0000] {dag.py:3089} INFO - Sync 1 DAGs
[2024-07-25T23:28:14.797+0000] {logging_mixin.py:188} INFO - [2024-07-25T23:28:14.796+0000] {dag.py:3947} INFO - Setting next_dagrun for example_branch_dop_operator_v3 to 2024-07-25 23:27:00+00:00, run_after=2024-07-25 23:28:00+00:00
[2024-07-25T23:28:15.048+0000] {processor.py:183} INFO - Processing /home/airflow/.local/lib/python3.12/site-packages/airflow/example_dags/example_branch_python_dop_operator_3.py took 0.865 seconds
[2024-07-25T23:28:45.693+0000] {processor.py:161} INFO - Started process (PID=192) to work on /home/airflow/.local/lib/python3.12/site-packages/airflow/example_dags/example_branch_python_dop_operator_3.py
[2024-07-25T23:28:45.696+0000] {processor.py:830} INFO - Processing file /home/airflow/.local/lib/python3.12/site-packages/airflow/example_dags/example_branch_python_dop_operator_3.py for tasks to queue
[2024-07-25T23:28:45.703+0000] {logging_mixin.py:188} INFO - [2024-07-25T23:28:45.702+0000] {dagbag.py:545} INFO - Filling up the DagBag from /home/airflow/.local/lib/python3.12/site-packages/airflow/example_dags/example_branch_python_dop_operator_3.py
[2024-07-25T23:28:45.750+0000] {processor.py:840} INFO - DAG(s) 'example_branch_dop_operator_v3' retrieved from /home/airflow/.local/lib/python3.12/site-packages/airflow/example_dags/example_branch_python_dop_operator_3.py
[2024-07-25T23:28:45.828+0000] {logging_mixin.py:188} INFO - [2024-07-25T23:28:45.827+0000] {dag.py:3089} INFO - Sync 1 DAGs
[2024-07-25T23:28:45.901+0000] {logging_mixin.py:188} INFO - [2024-07-25T23:28:45.899+0000] {dag.py:3947} INFO - Setting next_dagrun for example_branch_dop_operator_v3 to 2024-07-25 23:27:00+00:00, run_after=2024-07-25 23:28:00+00:00
[2024-07-25T23:28:45.942+0000] {processor.py:183} INFO - Processing /home/airflow/.local/lib/python3.12/site-packages/airflow/example_dags/example_branch_python_dop_operator_3.py took 0.283 seconds
[2024-07-25T23:29:16.302+0000] {processor.py:161} INFO - Started process (PID=251) to work on /home/airflow/.local/lib/python3.12/site-packages/airflow/example_dags/example_branch_python_dop_operator_3.py
[2024-07-25T23:29:16.303+0000] {processor.py:830} INFO - Processing file /home/airflow/.local/lib/python3.12/site-packages/airflow/example_dags/example_branch_python_dop_operator_3.py for tasks to queue
[2024-07-25T23:29:16.305+0000] {logging_mixin.py:188} INFO - [2024-07-25T23:29:16.305+0000] {dagbag.py:545} INFO - Filling up the DagBag from /home/airflow/.local/lib/python3.12/site-packages/airflow/example_dags/example_branch_python_dop_operator_3.py
[2024-07-25T23:29:16.315+0000] {processor.py:840} INFO - DAG(s) 'example_branch_dop_operator_v3' retrieved from /home/airflow/.local/lib/python3.12/site-packages/airflow/example_dags/example_branch_python_dop_operator_3.py
[2024-07-25T23:29:16.334+0000] {logging_mixin.py:188} INFO - [2024-07-25T23:29:16.334+0000] {dag.py:3089} INFO - Sync 1 DAGs
[2024-07-25T23:29:16.370+0000] {logging_mixin.py:188} INFO - [2024-07-25T23:29:16.370+0000] {dag.py:3947} INFO - Setting next_dagrun for example_branch_dop_operator_v3 to 2024-07-25 23:28:00+00:00, run_after=2024-07-25 23:29:00+00:00
[2024-07-25T23:29:16.389+0000] {processor.py:183} INFO - Processing /home/airflow/.local/lib/python3.12/site-packages/airflow/example_dags/example_branch_python_dop_operator_3.py took 0.094 seconds
[2024-07-25T23:29:49.321+0000] {processor.py:161} INFO - Started process (PID=314) to work on /home/airflow/.local/lib/python3.12/site-packages/airflow/example_dags/example_branch_python_dop_operator_3.py
[2024-07-25T23:29:49.330+0000] {processor.py:830} INFO - Processing file /home/airflow/.local/lib/python3.12/site-packages/airflow/example_dags/example_branch_python_dop_operator_3.py for tasks to queue
[2024-07-25T23:29:49.350+0000] {logging_mixin.py:188} INFO - [2024-07-25T23:29:49.342+0000] {dagbag.py:545} INFO - Filling up the DagBag from /home/airflow/.local/lib/python3.12/site-packages/airflow/example_dags/example_branch_python_dop_operator_3.py
[2024-07-25T23:29:49.389+0000] {processor.py:840} INFO - DAG(s) 'example_branch_dop_operator_v3' retrieved from /home/airflow/.local/lib/python3.12/site-packages/airflow/example_dags/example_branch_python_dop_operator_3.py
[2024-07-25T23:29:49.454+0000] {logging_mixin.py:188} INFO - [2024-07-25T23:29:49.454+0000] {dag.py:3089} INFO - Sync 1 DAGs
[2024-07-25T23:29:49.510+0000] {logging_mixin.py:188} INFO - [2024-07-25T23:29:49.509+0000] {dag.py:3947} INFO - Setting next_dagrun for example_branch_dop_operator_v3 to 2024-07-25 23:28:00+00:00, run_after=2024-07-25 23:29:00+00:00
[2024-07-25T23:29:49.566+0000] {processor.py:183} INFO - Processing /home/airflow/.local/lib/python3.12/site-packages/airflow/example_dags/example_branch_python_dop_operator_3.py took 0.265 seconds
[2024-07-25T23:30:22.573+0000] {processor.py:161} INFO - Started process (PID=374) to work on /home/airflow/.local/lib/python3.12/site-packages/airflow/example_dags/example_branch_python_dop_operator_3.py
[2024-07-25T23:30:22.587+0000] {processor.py:830} INFO - Processing file /home/airflow/.local/lib/python3.12/site-packages/airflow/example_dags/example_branch_python_dop_operator_3.py for tasks to queue
[2024-07-25T23:30:22.602+0000] {logging_mixin.py:188} INFO - [2024-07-25T23:30:22.601+0000] {dagbag.py:545} INFO - Filling up the DagBag from /home/airflow/.local/lib/python3.12/site-packages/airflow/example_dags/example_branch_python_dop_operator_3.py
[2024-07-25T23:30:22.643+0000] {processor.py:840} INFO - DAG(s) 'example_branch_dop_operator_v3' retrieved from /home/airflow/.local/lib/python3.12/site-packages/airflow/example_dags/example_branch_python_dop_operator_3.py
[2024-07-25T23:30:22.797+0000] {logging_mixin.py:188} INFO - [2024-07-25T23:30:22.796+0000] {dag.py:3089} INFO - Sync 1 DAGs
[2024-07-25T23:30:22.923+0000] {logging_mixin.py:188} INFO - [2024-07-25T23:30:22.922+0000] {dag.py:3947} INFO - Setting next_dagrun for example_branch_dop_operator_v3 to 2024-07-25 23:29:00+00:00, run_after=2024-07-25 23:30:00+00:00
[2024-07-25T23:30:22.979+0000] {processor.py:183} INFO - Processing /home/airflow/.local/lib/python3.12/site-packages/airflow/example_dags/example_branch_python_dop_operator_3.py took 0.437 seconds
[2024-07-25T23:30:53.797+0000] {processor.py:161} INFO - Started process (PID=434) to work on /home/airflow/.local/lib/python3.12/site-packages/airflow/example_dags/example_branch_python_dop_operator_3.py
[2024-07-25T23:30:53.798+0000] {processor.py:830} INFO - Processing file /home/airflow/.local/lib/python3.12/site-packages/airflow/example_dags/example_branch_python_dop_operator_3.py for tasks to queue
[2024-07-25T23:30:53.800+0000] {logging_mixin.py:188} INFO - [2024-07-25T23:30:53.800+0000] {dagbag.py:545} INFO - Filling up the DagBag from /home/airflow/.local/lib/python3.12/site-packages/airflow/example_dags/example_branch_python_dop_operator_3.py
[2024-07-25T23:30:53.809+0000] {processor.py:840} INFO - DAG(s) 'example_branch_dop_operator_v3' retrieved from /home/airflow/.local/lib/python3.12/site-packages/airflow/example_dags/example_branch_python_dop_operator_3.py
[2024-07-25T23:30:53.829+0000] {logging_mixin.py:188} INFO - [2024-07-25T23:30:53.829+0000] {dag.py:3089} INFO - Sync 1 DAGs
[2024-07-25T23:30:53.855+0000] {logging_mixin.py:188} INFO - [2024-07-25T23:30:53.855+0000] {dag.py:3947} INFO - Setting next_dagrun for example_branch_dop_operator_v3 to 2024-07-25 23:29:00+00:00, run_after=2024-07-25 23:30:00+00:00
[2024-07-25T23:30:53.873+0000] {processor.py:183} INFO - Processing /home/airflow/.local/lib/python3.12/site-packages/airflow/example_dags/example_branch_python_dop_operator_3.py took 0.081 seconds
[2024-07-25T23:31:23.969+0000] {processor.py:161} INFO - Started process (PID=494) to work on /home/airflow/.local/lib/python3.12/site-packages/airflow/example_dags/example_branch_python_dop_operator_3.py
[2024-07-25T23:31:23.976+0000] {processor.py:830} INFO - Processing file /home/airflow/.local/lib/python3.12/site-packages/airflow/example_dags/example_branch_python_dop_operator_3.py for tasks to queue
[2024-07-25T23:31:23.980+0000] {logging_mixin.py:188} INFO - [2024-07-25T23:31:23.979+0000] {dagbag.py:545} INFO - Filling up the DagBag from /home/airflow/.local/lib/python3.12/site-packages/airflow/example_dags/example_branch_python_dop_operator_3.py
[2024-07-25T23:31:23.991+0000] {processor.py:840} INFO - DAG(s) 'example_branch_dop_operator_v3' retrieved from /home/airflow/.local/lib/python3.12/site-packages/airflow/example_dags/example_branch_python_dop_operator_3.py
[2024-07-25T23:31:24.012+0000] {logging_mixin.py:188} INFO - [2024-07-25T23:31:24.012+0000] {dag.py:3089} INFO - Sync 1 DAGs
[2024-07-25T23:31:24.035+0000] {logging_mixin.py:188} INFO - [2024-07-25T23:31:24.035+0000] {dag.py:3947} INFO - Setting next_dagrun for example_branch_dop_operator_v3 to 2024-07-25 23:30:00+00:00, run_after=2024-07-25 23:31:00+00:00
[2024-07-25T23:31:24.049+0000] {processor.py:183} INFO - Processing /home/airflow/.local/lib/python3.12/site-packages/airflow/example_dags/example_branch_python_dop_operator_3.py took 0.086 seconds
[2024-07-25T23:31:54.449+0000] {processor.py:161} INFO - Started process (PID=554) to work on /home/airflow/.local/lib/python3.12/site-packages/airflow/example_dags/example_branch_python_dop_operator_3.py
[2024-07-25T23:31:54.453+0000] {processor.py:830} INFO - Processing file /home/airflow/.local/lib/python3.12/site-packages/airflow/example_dags/example_branch_python_dop_operator_3.py for tasks to queue
[2024-07-25T23:31:54.456+0000] {logging_mixin.py:188} INFO - [2024-07-25T23:31:54.455+0000] {dagbag.py:545} INFO - Filling up the DagBag from /home/airflow/.local/lib/python3.12/site-packages/airflow/example_dags/example_branch_python_dop_operator_3.py
[2024-07-25T23:31:54.465+0000] {processor.py:840} INFO - DAG(s) 'example_branch_dop_operator_v3' retrieved from /home/airflow/.local/lib/python3.12/site-packages/airflow/example_dags/example_branch_python_dop_operator_3.py
[2024-07-25T23:31:54.488+0000] {logging_mixin.py:188} INFO - [2024-07-25T23:31:54.488+0000] {dag.py:3089} INFO - Sync 1 DAGs
[2024-07-25T23:31:54.508+0000] {logging_mixin.py:188} INFO - [2024-07-25T23:31:54.508+0000] {dag.py:3947} INFO - Setting next_dagrun for example_branch_dop_operator_v3 to 2024-07-25 23:30:00+00:00, run_after=2024-07-25 23:31:00+00:00
[2024-07-25T23:31:54.528+0000] {processor.py:183} INFO - Processing /home/airflow/.local/lib/python3.12/site-packages/airflow/example_dags/example_branch_python_dop_operator_3.py took 0.084 seconds
[2024-07-25T23:32:24.804+0000] {processor.py:161} INFO - Started process (PID=614) to work on /home/airflow/.local/lib/python3.12/site-packages/airflow/example_dags/example_branch_python_dop_operator_3.py
[2024-07-25T23:32:24.810+0000] {processor.py:830} INFO - Processing file /home/airflow/.local/lib/python3.12/site-packages/airflow/example_dags/example_branch_python_dop_operator_3.py for tasks to queue
[2024-07-25T23:32:24.816+0000] {logging_mixin.py:188} INFO - [2024-07-25T23:32:24.815+0000] {dagbag.py:545} INFO - Filling up the DagBag from /home/airflow/.local/lib/python3.12/site-packages/airflow/example_dags/example_branch_python_dop_operator_3.py
[2024-07-25T23:32:24.832+0000] {processor.py:840} INFO - DAG(s) 'example_branch_dop_operator_v3' retrieved from /home/airflow/.local/lib/python3.12/site-packages/airflow/example_dags/example_branch_python_dop_operator_3.py
[2024-07-25T23:32:24.867+0000] {logging_mixin.py:188} INFO - [2024-07-25T23:32:24.867+0000] {dag.py:3089} INFO - Sync 1 DAGs
[2024-07-25T23:32:24.923+0000] {logging_mixin.py:188} INFO - [2024-07-25T23:32:24.923+0000] {dag.py:3947} INFO - Setting next_dagrun for example_branch_dop_operator_v3 to 2024-07-25 23:31:00+00:00, run_after=2024-07-25 23:32:00+00:00
[2024-07-25T23:32:24.978+0000] {processor.py:183} INFO - Processing /home/airflow/.local/lib/python3.12/site-packages/airflow/example_dags/example_branch_python_dop_operator_3.py took 0.189 seconds
[2024-07-25T23:32:55.712+0000] {processor.py:161} INFO - Started process (PID=670) to work on /home/airflow/.local/lib/python3.12/site-packages/airflow/example_dags/example_branch_python_dop_operator_3.py
[2024-07-25T23:32:55.713+0000] {processor.py:830} INFO - Processing file /home/airflow/.local/lib/python3.12/site-packages/airflow/example_dags/example_branch_python_dop_operator_3.py for tasks to queue
[2024-07-25T23:32:55.715+0000] {logging_mixin.py:188} INFO - [2024-07-25T23:32:55.715+0000] {dagbag.py:545} INFO - Filling up the DagBag from /home/airflow/.local/lib/python3.12/site-packages/airflow/example_dags/example_branch_python_dop_operator_3.py
[2024-07-25T23:32:55.726+0000] {processor.py:840} INFO - DAG(s) 'example_branch_dop_operator_v3' retrieved from /home/airflow/.local/lib/python3.12/site-packages/airflow/example_dags/example_branch_python_dop_operator_3.py
[2024-07-25T23:32:55.756+0000] {logging_mixin.py:188} INFO - [2024-07-25T23:32:55.756+0000] {dag.py:3089} INFO - Sync 1 DAGs
[2024-07-25T23:32:55.787+0000] {logging_mixin.py:188} INFO - [2024-07-25T23:32:55.787+0000] {dag.py:3947} INFO - Setting next_dagrun for example_branch_dop_operator_v3 to 2024-07-25 23:31:00+00:00, run_after=2024-07-25 23:32:00+00:00
[2024-07-25T23:32:55.815+0000] {processor.py:183} INFO - Processing /home/airflow/.local/lib/python3.12/site-packages/airflow/example_dags/example_branch_python_dop_operator_3.py took 0.111 seconds
[2024-07-25T23:33:26.309+0000] {processor.py:161} INFO - Started process (PID=730) to work on /home/airflow/.local/lib/python3.12/site-packages/airflow/example_dags/example_branch_python_dop_operator_3.py
[2024-07-25T23:33:26.312+0000] {processor.py:830} INFO - Processing file /home/airflow/.local/lib/python3.12/site-packages/airflow/example_dags/example_branch_python_dop_operator_3.py for tasks to queue
[2024-07-25T23:33:26.316+0000] {logging_mixin.py:188} INFO - [2024-07-25T23:33:26.315+0000] {dagbag.py:545} INFO - Filling up the DagBag from /home/airflow/.local/lib/python3.12/site-packages/airflow/example_dags/example_branch_python_dop_operator_3.py
[2024-07-25T23:33:26.327+0000] {processor.py:840} INFO - DAG(s) 'example_branch_dop_operator_v3' retrieved from /home/airflow/.local/lib/python3.12/site-packages/airflow/example_dags/example_branch_python_dop_operator_3.py
[2024-07-25T23:33:26.344+0000] {logging_mixin.py:188} INFO - [2024-07-25T23:33:26.344+0000] {dag.py:3089} INFO - Sync 1 DAGs
[2024-07-25T23:33:26.362+0000] {logging_mixin.py:188} INFO - [2024-07-25T23:33:26.362+0000] {dag.py:3947} INFO - Setting next_dagrun for example_branch_dop_operator_v3 to 2024-07-25 23:32:00+00:00, run_after=2024-07-25 23:33:00+00:00
[2024-07-25T23:33:26.376+0000] {processor.py:183} INFO - Processing /home/airflow/.local/lib/python3.12/site-packages/airflow/example_dags/example_branch_python_dop_operator_3.py took 0.073 seconds
[2024-07-25T23:33:56.694+0000] {processor.py:161} INFO - Started process (PID=790) to work on /home/airflow/.local/lib/python3.12/site-packages/airflow/example_dags/example_branch_python_dop_operator_3.py
[2024-07-25T23:33:56.695+0000] {processor.py:830} INFO - Processing file /home/airflow/.local/lib/python3.12/site-packages/airflow/example_dags/example_branch_python_dop_operator_3.py for tasks to queue
[2024-07-25T23:33:56.696+0000] {logging_mixin.py:188} INFO - [2024-07-25T23:33:56.696+0000] {dagbag.py:545} INFO - Filling up the DagBag from /home/airflow/.local/lib/python3.12/site-packages/airflow/example_dags/example_branch_python_dop_operator_3.py
[2024-07-25T23:33:56.705+0000] {processor.py:840} INFO - DAG(s) 'example_branch_dop_operator_v3' retrieved from /home/airflow/.local/lib/python3.12/site-packages/airflow/example_dags/example_branch_python_dop_operator_3.py
[2024-07-25T23:33:56.733+0000] {logging_mixin.py:188} INFO - [2024-07-25T23:33:56.733+0000] {dag.py:3089} INFO - Sync 1 DAGs
[2024-07-25T23:33:56.757+0000] {logging_mixin.py:188} INFO - [2024-07-25T23:33:56.757+0000] {dag.py:3947} INFO - Setting next_dagrun for example_branch_dop_operator_v3 to 2024-07-25 23:32:00+00:00, run_after=2024-07-25 23:33:00+00:00
[2024-07-25T23:33:56.770+0000] {processor.py:183} INFO - Processing /home/airflow/.local/lib/python3.12/site-packages/airflow/example_dags/example_branch_python_dop_operator_3.py took 0.081 seconds
[2024-07-25T23:34:27.205+0000] {processor.py:161} INFO - Started process (PID=850) to work on /home/airflow/.local/lib/python3.12/site-packages/airflow/example_dags/example_branch_python_dop_operator_3.py
[2024-07-25T23:34:27.206+0000] {processor.py:830} INFO - Processing file /home/airflow/.local/lib/python3.12/site-packages/airflow/example_dags/example_branch_python_dop_operator_3.py for tasks to queue
[2024-07-25T23:34:27.208+0000] {logging_mixin.py:188} INFO - [2024-07-25T23:34:27.207+0000] {dagbag.py:545} INFO - Filling up the DagBag from /home/airflow/.local/lib/python3.12/site-packages/airflow/example_dags/example_branch_python_dop_operator_3.py
[2024-07-25T23:34:27.215+0000] {processor.py:840} INFO - DAG(s) 'example_branch_dop_operator_v3' retrieved from /home/airflow/.local/lib/python3.12/site-packages/airflow/example_dags/example_branch_python_dop_operator_3.py
[2024-07-25T23:34:27.234+0000] {logging_mixin.py:188} INFO - [2024-07-25T23:34:27.234+0000] {dag.py:3089} INFO - Sync 1 DAGs
[2024-07-25T23:34:27.253+0000] {logging_mixin.py:188} INFO - [2024-07-25T23:34:27.253+0000] {dag.py:3947} INFO - Setting next_dagrun for example_branch_dop_operator_v3 to 2024-07-25 23:33:00+00:00, run_after=2024-07-25 23:34:00+00:00
[2024-07-25T23:34:27.269+0000] {processor.py:183} INFO - Processing /home/airflow/.local/lib/python3.12/site-packages/airflow/example_dags/example_branch_python_dop_operator_3.py took 0.070 seconds
[2024-07-25T23:34:57.505+0000] {processor.py:161} INFO - Started process (PID=909) to work on /home/airflow/.local/lib/python3.12/site-packages/airflow/example_dags/example_branch_python_dop_operator_3.py
[2024-07-25T23:34:57.508+0000] {processor.py:830} INFO - Processing file /home/airflow/.local/lib/python3.12/site-packages/airflow/example_dags/example_branch_python_dop_operator_3.py for tasks to queue
[2024-07-25T23:34:57.510+0000] {logging_mixin.py:188} INFO - [2024-07-25T23:34:57.510+0000] {dagbag.py:545} INFO - Filling up the DagBag from /home/airflow/.local/lib/python3.12/site-packages/airflow/example_dags/example_branch_python_dop_operator_3.py
[2024-07-25T23:34:57.522+0000] {processor.py:840} INFO - DAG(s) 'example_branch_dop_operator_v3' retrieved from /home/airflow/.local/lib/python3.12/site-packages/airflow/example_dags/example_branch_python_dop_operator_3.py
[2024-07-25T23:34:57.545+0000] {logging_mixin.py:188} INFO - [2024-07-25T23:34:57.545+0000] {dag.py:3089} INFO - Sync 1 DAGs
[2024-07-25T23:34:57.568+0000] {logging_mixin.py:188} INFO - [2024-07-25T23:34:57.567+0000] {dag.py:3947} INFO - Setting next_dagrun for example_branch_dop_operator_v3 to 2024-07-25 23:33:00+00:00, run_after=2024-07-25 23:34:00+00:00
[2024-07-25T23:34:57.584+0000] {processor.py:183} INFO - Processing /home/airflow/.local/lib/python3.12/site-packages/airflow/example_dags/example_branch_python_dop_operator_3.py took 0.088 seconds
[2024-07-25T23:35:28.373+0000] {processor.py:161} INFO - Started process (PID=969) to work on /home/airflow/.local/lib/python3.12/site-packages/airflow/example_dags/example_branch_python_dop_operator_3.py
[2024-07-25T23:35:28.375+0000] {processor.py:830} INFO - Processing file /home/airflow/.local/lib/python3.12/site-packages/airflow/example_dags/example_branch_python_dop_operator_3.py for tasks to queue
[2024-07-25T23:35:28.378+0000] {logging_mixin.py:188} INFO - [2024-07-25T23:35:28.378+0000] {dagbag.py:545} INFO - Filling up the DagBag from /home/airflow/.local/lib/python3.12/site-packages/airflow/example_dags/example_branch_python_dop_operator_3.py
[2024-07-25T23:35:28.387+0000] {processor.py:840} INFO - DAG(s) 'example_branch_dop_operator_v3' retrieved from /home/airflow/.local/lib/python3.12/site-packages/airflow/example_dags/example_branch_python_dop_operator_3.py
[2024-07-25T23:35:28.417+0000] {logging_mixin.py:188} INFO - [2024-07-25T23:35:28.417+0000] {dag.py:3089} INFO - Sync 1 DAGs
[2024-07-25T23:35:28.438+0000] {logging_mixin.py:188} INFO - [2024-07-25T23:35:28.438+0000] {dag.py:3947} INFO - Setting next_dagrun for example_branch_dop_operator_v3 to 2024-07-25 23:34:00+00:00, run_after=2024-07-25 23:35:00+00:00
[2024-07-25T23:35:28.452+0000] {processor.py:183} INFO - Processing /home/airflow/.local/lib/python3.12/site-packages/airflow/example_dags/example_branch_python_dop_operator_3.py took 0.085 seconds
[2024-07-25T23:35:58.841+0000] {processor.py:161} INFO - Started process (PID=1029) to work on /home/airflow/.local/lib/python3.12/site-packages/airflow/example_dags/example_branch_python_dop_operator_3.py
[2024-07-25T23:35:58.842+0000] {processor.py:830} INFO - Processing file /home/airflow/.local/lib/python3.12/site-packages/airflow/example_dags/example_branch_python_dop_operator_3.py for tasks to queue
[2024-07-25T23:35:58.844+0000] {logging_mixin.py:188} INFO - [2024-07-25T23:35:58.844+0000] {dagbag.py:545} INFO - Filling up the DagBag from /home/airflow/.local/lib/python3.12/site-packages/airflow/example_dags/example_branch_python_dop_operator_3.py
[2024-07-25T23:35:58.852+0000] {processor.py:840} INFO - DAG(s) 'example_branch_dop_operator_v3' retrieved from /home/airflow/.local/lib/python3.12/site-packages/airflow/example_dags/example_branch_python_dop_operator_3.py
[2024-07-25T23:35:58.875+0000] {logging_mixin.py:188} INFO - [2024-07-25T23:35:58.874+0000] {dag.py:3089} INFO - Sync 1 DAGs
[2024-07-25T23:35:58.903+0000] {logging_mixin.py:188} INFO - [2024-07-25T23:35:58.903+0000] {dag.py:3947} INFO - Setting next_dagrun for example_branch_dop_operator_v3 to 2024-07-25 23:34:00+00:00, run_after=2024-07-25 23:35:00+00:00
[2024-07-25T23:35:58.917+0000] {processor.py:183} INFO - Processing /home/airflow/.local/lib/python3.12/site-packages/airflow/example_dags/example_branch_python_dop_operator_3.py took 0.080 seconds
[2024-07-25T23:36:30.506+0000] {processor.py:161} INFO - Started process (PID=1089) to work on /home/airflow/.local/lib/python3.12/site-packages/airflow/example_dags/example_branch_python_dop_operator_3.py
[2024-07-25T23:36:30.508+0000] {processor.py:830} INFO - Processing file /home/airflow/.local/lib/python3.12/site-packages/airflow/example_dags/example_branch_python_dop_operator_3.py for tasks to queue
[2024-07-25T23:36:30.510+0000] {logging_mixin.py:188} INFO - [2024-07-25T23:36:30.510+0000] {dagbag.py:545} INFO - Filling up the DagBag from /home/airflow/.local/lib/python3.12/site-packages/airflow/example_dags/example_branch_python_dop_operator_3.py
[2024-07-25T23:36:30.519+0000] {processor.py:840} INFO - DAG(s) 'example_branch_dop_operator_v3' retrieved from /home/airflow/.local/lib/python3.12/site-packages/airflow/example_dags/example_branch_python_dop_operator_3.py
[2024-07-25T23:36:30.538+0000] {logging_mixin.py:188} INFO - [2024-07-25T23:36:30.538+0000] {dag.py:3089} INFO - Sync 1 DAGs
[2024-07-25T23:36:30.563+0000] {logging_mixin.py:188} INFO - [2024-07-25T23:36:30.563+0000] {dag.py:3947} INFO - Setting next_dagrun for example_branch_dop_operator_v3 to 2024-07-25 23:35:00+00:00, run_after=2024-07-25 23:36:00+00:00
[2024-07-25T23:36:30.593+0000] {processor.py:183} INFO - Processing /home/airflow/.local/lib/python3.12/site-packages/airflow/example_dags/example_branch_python_dop_operator_3.py took 0.094 seconds
[2024-07-25T23:37:01.699+0000] {processor.py:161} INFO - Started process (PID=1148) to work on /home/airflow/.local/lib/python3.12/site-packages/airflow/example_dags/example_branch_python_dop_operator_3.py
[2024-07-25T23:37:01.701+0000] {processor.py:830} INFO - Processing file /home/airflow/.local/lib/python3.12/site-packages/airflow/example_dags/example_branch_python_dop_operator_3.py for tasks to queue
[2024-07-25T23:37:01.702+0000] {logging_mixin.py:188} INFO - [2024-07-25T23:37:01.702+0000] {dagbag.py:545} INFO - Filling up the DagBag from /home/airflow/.local/lib/python3.12/site-packages/airflow/example_dags/example_branch_python_dop_operator_3.py
[2024-07-25T23:37:01.710+0000] {processor.py:840} INFO - DAG(s) 'example_branch_dop_operator_v3' retrieved from /home/airflow/.local/lib/python3.12/site-packages/airflow/example_dags/example_branch_python_dop_operator_3.py
[2024-07-25T23:37:01.730+0000] {logging_mixin.py:188} INFO - [2024-07-25T23:37:01.730+0000] {dag.py:3089} INFO - Sync 1 DAGs
[2024-07-25T23:37:01.754+0000] {logging_mixin.py:188} INFO - [2024-07-25T23:37:01.754+0000] {dag.py:3947} INFO - Setting next_dagrun for example_branch_dop_operator_v3 to 2024-07-25 23:36:00+00:00, run_after=2024-07-25 23:37:00+00:00
[2024-07-25T23:37:01.773+0000] {processor.py:183} INFO - Processing /home/airflow/.local/lib/python3.12/site-packages/airflow/example_dags/example_branch_python_dop_operator_3.py took 0.080 seconds
[2024-07-25T23:37:32.566+0000] {processor.py:161} INFO - Started process (PID=1208) to work on /home/airflow/.local/lib/python3.12/site-packages/airflow/example_dags/example_branch_python_dop_operator_3.py
[2024-07-25T23:37:32.567+0000] {processor.py:830} INFO - Processing file /home/airflow/.local/lib/python3.12/site-packages/airflow/example_dags/example_branch_python_dop_operator_3.py for tasks to queue
[2024-07-25T23:37:32.569+0000] {logging_mixin.py:188} INFO - [2024-07-25T23:37:32.569+0000] {dagbag.py:545} INFO - Filling up the DagBag from /home/airflow/.local/lib/python3.12/site-packages/airflow/example_dags/example_branch_python_dop_operator_3.py
[2024-07-25T23:37:32.580+0000] {processor.py:840} INFO - DAG(s) 'example_branch_dop_operator_v3' retrieved from /home/airflow/.local/lib/python3.12/site-packages/airflow/example_dags/example_branch_python_dop_operator_3.py
[2024-07-25T23:37:32.620+0000] {logging_mixin.py:188} INFO - [2024-07-25T23:37:32.620+0000] {dag.py:3089} INFO - Sync 1 DAGs
[2024-07-25T23:37:32.641+0000] {logging_mixin.py:188} INFO - [2024-07-25T23:37:32.641+0000] {dag.py:3947} INFO - Setting next_dagrun for example_branch_dop_operator_v3 to 2024-07-25 23:36:00+00:00, run_after=2024-07-25 23:37:00+00:00
[2024-07-25T23:37:32.667+0000] {processor.py:183} INFO - Processing /home/airflow/.local/lib/python3.12/site-packages/airflow/example_dags/example_branch_python_dop_operator_3.py took 0.109 seconds
[2024-07-25T23:38:03.697+0000] {processor.py:161} INFO - Started process (PID=1268) to work on /home/airflow/.local/lib/python3.12/site-packages/airflow/example_dags/example_branch_python_dop_operator_3.py
[2024-07-25T23:38:03.698+0000] {processor.py:830} INFO - Processing file /home/airflow/.local/lib/python3.12/site-packages/airflow/example_dags/example_branch_python_dop_operator_3.py for tasks to queue
[2024-07-25T23:38:03.699+0000] {logging_mixin.py:188} INFO - [2024-07-25T23:38:03.699+0000] {dagbag.py:545} INFO - Filling up the DagBag from /home/airflow/.local/lib/python3.12/site-packages/airflow/example_dags/example_branch_python_dop_operator_3.py
[2024-07-25T23:38:03.706+0000] {processor.py:840} INFO - DAG(s) 'example_branch_dop_operator_v3' retrieved from /home/airflow/.local/lib/python3.12/site-packages/airflow/example_dags/example_branch_python_dop_operator_3.py
[2024-07-25T23:38:03.722+0000] {logging_mixin.py:188} INFO - [2024-07-25T23:38:03.722+0000] {dag.py:3089} INFO - Sync 1 DAGs
[2024-07-25T23:38:03.744+0000] {logging_mixin.py:188} INFO - [2024-07-25T23:38:03.744+0000] {dag.py:3947} INFO - Setting next_dagrun for example_branch_dop_operator_v3 to 2024-07-25 23:37:00+00:00, run_after=2024-07-25 23:38:00+00:00
[2024-07-25T23:38:03.757+0000] {processor.py:183} INFO - Processing /home/airflow/.local/lib/python3.12/site-packages/airflow/example_dags/example_branch_python_dop_operator_3.py took 0.066 seconds
[2024-07-25T23:38:34.243+0000] {processor.py:161} INFO - Started process (PID=1326) to work on /home/airflow/.local/lib/python3.12/site-packages/airflow/example_dags/example_branch_python_dop_operator_3.py
[2024-07-25T23:38:34.244+0000] {processor.py:830} INFO - Processing file /home/airflow/.local/lib/python3.12/site-packages/airflow/example_dags/example_branch_python_dop_operator_3.py for tasks to queue
[2024-07-25T23:38:34.246+0000] {logging_mixin.py:188} INFO - [2024-07-25T23:38:34.246+0000] {dagbag.py:545} INFO - Filling up the DagBag from /home/airflow/.local/lib/python3.12/site-packages/airflow/example_dags/example_branch_python_dop_operator_3.py
[2024-07-25T23:38:34.252+0000] {processor.py:840} INFO - DAG(s) 'example_branch_dop_operator_v3' retrieved from /home/airflow/.local/lib/python3.12/site-packages/airflow/example_dags/example_branch_python_dop_operator_3.py
[2024-07-25T23:38:34.274+0000] {logging_mixin.py:188} INFO - [2024-07-25T23:38:34.274+0000] {dag.py:3089} INFO - Sync 1 DAGs
[2024-07-25T23:38:34.293+0000] {logging_mixin.py:188} INFO - [2024-07-25T23:38:34.293+0000] {dag.py:3947} INFO - Setting next_dagrun for example_branch_dop_operator_v3 to 2024-07-25 23:37:00+00:00, run_after=2024-07-25 23:38:00+00:00
[2024-07-25T23:38:34.313+0000] {processor.py:183} INFO - Processing /home/airflow/.local/lib/python3.12/site-packages/airflow/example_dags/example_branch_python_dop_operator_3.py took 0.074 seconds
[2024-07-25T23:39:05.149+0000] {processor.py:161} INFO - Started process (PID=1392) to work on /home/airflow/.local/lib/python3.12/site-packages/airflow/example_dags/example_branch_python_dop_operator_3.py
[2024-07-25T23:39:05.150+0000] {processor.py:830} INFO - Processing file /home/airflow/.local/lib/python3.12/site-packages/airflow/example_dags/example_branch_python_dop_operator_3.py for tasks to queue
[2024-07-25T23:39:05.151+0000] {logging_mixin.py:188} INFO - [2024-07-25T23:39:05.151+0000] {dagbag.py:545} INFO - Filling up the DagBag from /home/airflow/.local/lib/python3.12/site-packages/airflow/example_dags/example_branch_python_dop_operator_3.py
[2024-07-25T23:39:05.158+0000] {processor.py:840} INFO - DAG(s) 'example_branch_dop_operator_v3' retrieved from /home/airflow/.local/lib/python3.12/site-packages/airflow/example_dags/example_branch_python_dop_operator_3.py
[2024-07-25T23:39:05.173+0000] {logging_mixin.py:188} INFO - [2024-07-25T23:39:05.173+0000] {dag.py:3089} INFO - Sync 1 DAGs
[2024-07-25T23:39:05.191+0000] {logging_mixin.py:188} INFO - [2024-07-25T23:39:05.191+0000] {dag.py:3947} INFO - Setting next_dagrun for example_branch_dop_operator_v3 to 2024-07-25 23:38:00+00:00, run_after=2024-07-25 23:39:00+00:00
[2024-07-25T23:39:05.204+0000] {processor.py:183} INFO - Processing /home/airflow/.local/lib/python3.12/site-packages/airflow/example_dags/example_branch_python_dop_operator_3.py took 0.059 seconds
[2024-07-25T23:39:35.932+0000] {processor.py:161} INFO - Started process (PID=1452) to work on /home/airflow/.local/lib/python3.12/site-packages/airflow/example_dags/example_branch_python_dop_operator_3.py
[2024-07-25T23:39:35.935+0000] {processor.py:830} INFO - Processing file /home/airflow/.local/lib/python3.12/site-packages/airflow/example_dags/example_branch_python_dop_operator_3.py for tasks to queue
[2024-07-25T23:39:35.937+0000] {logging_mixin.py:188} INFO - [2024-07-25T23:39:35.937+0000] {dagbag.py:545} INFO - Filling up the DagBag from /home/airflow/.local/lib/python3.12/site-packages/airflow/example_dags/example_branch_python_dop_operator_3.py
[2024-07-25T23:39:35.945+0000] {processor.py:840} INFO - DAG(s) 'example_branch_dop_operator_v3' retrieved from /home/airflow/.local/lib/python3.12/site-packages/airflow/example_dags/example_branch_python_dop_operator_3.py
[2024-07-25T23:39:35.972+0000] {logging_mixin.py:188} INFO - [2024-07-25T23:39:35.971+0000] {dag.py:3089} INFO - Sync 1 DAGs
[2024-07-25T23:39:36.014+0000] {logging_mixin.py:188} INFO - [2024-07-25T23:39:36.014+0000] {dag.py:3947} INFO - Setting next_dagrun for example_branch_dop_operator_v3 to 2024-07-25 23:38:00+00:00, run_after=2024-07-25 23:39:00+00:00
[2024-07-25T23:39:36.030+0000] {processor.py:183} INFO - Processing /home/airflow/.local/lib/python3.12/site-packages/airflow/example_dags/example_branch_python_dop_operator_3.py took 0.104 seconds
[2024-07-25T23:40:06.760+0000] {processor.py:161} INFO - Started process (PID=1512) to work on /home/airflow/.local/lib/python3.12/site-packages/airflow/example_dags/example_branch_python_dop_operator_3.py
[2024-07-25T23:40:06.762+0000] {processor.py:830} INFO - Processing file /home/airflow/.local/lib/python3.12/site-packages/airflow/example_dags/example_branch_python_dop_operator_3.py for tasks to queue
[2024-07-25T23:40:06.764+0000] {logging_mixin.py:188} INFO - [2024-07-25T23:40:06.763+0000] {dagbag.py:545} INFO - Filling up the DagBag from /home/airflow/.local/lib/python3.12/site-packages/airflow/example_dags/example_branch_python_dop_operator_3.py
[2024-07-25T23:40:06.773+0000] {processor.py:840} INFO - DAG(s) 'example_branch_dop_operator_v3' retrieved from /home/airflow/.local/lib/python3.12/site-packages/airflow/example_dags/example_branch_python_dop_operator_3.py
[2024-07-25T23:40:06.798+0000] {logging_mixin.py:188} INFO - [2024-07-25T23:40:06.797+0000] {dag.py:3089} INFO - Sync 1 DAGs
[2024-07-25T23:40:06.820+0000] {logging_mixin.py:188} INFO - [2024-07-25T23:40:06.820+0000] {dag.py:3947} INFO - Setting next_dagrun for example_branch_dop_operator_v3 to 2024-07-25 23:39:00+00:00, run_after=2024-07-25 23:40:00+00:00
[2024-07-25T23:40:06.834+0000] {processor.py:183} INFO - Processing /home/airflow/.local/lib/python3.12/site-packages/airflow/example_dags/example_branch_python_dop_operator_3.py took 0.081 seconds
[2024-07-25T23:40:36.955+0000] {processor.py:161} INFO - Started process (PID=1572) to work on /home/airflow/.local/lib/python3.12/site-packages/airflow/example_dags/example_branch_python_dop_operator_3.py
[2024-07-25T23:40:36.956+0000] {processor.py:830} INFO - Processing file /home/airflow/.local/lib/python3.12/site-packages/airflow/example_dags/example_branch_python_dop_operator_3.py for tasks to queue
[2024-07-25T23:40:36.959+0000] {logging_mixin.py:188} INFO - [2024-07-25T23:40:36.959+0000] {dagbag.py:545} INFO - Filling up the DagBag from /home/airflow/.local/lib/python3.12/site-packages/airflow/example_dags/example_branch_python_dop_operator_3.py
[2024-07-25T23:40:36.968+0000] {processor.py:840} INFO - DAG(s) 'example_branch_dop_operator_v3' retrieved from /home/airflow/.local/lib/python3.12/site-packages/airflow/example_dags/example_branch_python_dop_operator_3.py
[2024-07-25T23:40:36.986+0000] {logging_mixin.py:188} INFO - [2024-07-25T23:40:36.986+0000] {dag.py:3089} INFO - Sync 1 DAGs
[2024-07-25T23:40:37.005+0000] {logging_mixin.py:188} INFO - [2024-07-25T23:40:37.005+0000] {dag.py:3947} INFO - Setting next_dagrun for example_branch_dop_operator_v3 to 2024-07-25 23:39:00+00:00, run_after=2024-07-25 23:40:00+00:00
[2024-07-25T23:40:37.025+0000] {processor.py:183} INFO - Processing /home/airflow/.local/lib/python3.12/site-packages/airflow/example_dags/example_branch_python_dop_operator_3.py took 0.074 seconds
[2024-07-25T23:41:07.739+0000] {processor.py:161} INFO - Started process (PID=1632) to work on /home/airflow/.local/lib/python3.12/site-packages/airflow/example_dags/example_branch_python_dop_operator_3.py
[2024-07-25T23:41:07.740+0000] {processor.py:830} INFO - Processing file /home/airflow/.local/lib/python3.12/site-packages/airflow/example_dags/example_branch_python_dop_operator_3.py for tasks to queue
[2024-07-25T23:41:07.742+0000] {logging_mixin.py:188} INFO - [2024-07-25T23:41:07.742+0000] {dagbag.py:545} INFO - Filling up the DagBag from /home/airflow/.local/lib/python3.12/site-packages/airflow/example_dags/example_branch_python_dop_operator_3.py
[2024-07-25T23:41:07.761+0000] {processor.py:840} INFO - DAG(s) 'example_branch_dop_operator_v3' retrieved from /home/airflow/.local/lib/python3.12/site-packages/airflow/example_dags/example_branch_python_dop_operator_3.py
[2024-07-25T23:41:07.787+0000] {logging_mixin.py:188} INFO - [2024-07-25T23:41:07.786+0000] {dag.py:3089} INFO - Sync 1 DAGs
[2024-07-25T23:41:07.813+0000] {logging_mixin.py:188} INFO - [2024-07-25T23:41:07.813+0000] {dag.py:3947} INFO - Setting next_dagrun for example_branch_dop_operator_v3 to 2024-07-25 23:40:00+00:00, run_after=2024-07-25 23:41:00+00:00
[2024-07-25T23:41:07.996+0000] {processor.py:183} INFO - Processing /home/airflow/.local/lib/python3.12/site-packages/airflow/example_dags/example_branch_python_dop_operator_3.py took 0.264 seconds
[2024-07-25T23:41:38.812+0000] {processor.py:161} INFO - Started process (PID=1692) to work on /home/airflow/.local/lib/python3.12/site-packages/airflow/example_dags/example_branch_python_dop_operator_3.py
[2024-07-25T23:41:38.813+0000] {processor.py:830} INFO - Processing file /home/airflow/.local/lib/python3.12/site-packages/airflow/example_dags/example_branch_python_dop_operator_3.py for tasks to queue
[2024-07-25T23:41:38.815+0000] {logging_mixin.py:188} INFO - [2024-07-25T23:41:38.814+0000] {dagbag.py:545} INFO - Filling up the DagBag from /home/airflow/.local/lib/python3.12/site-packages/airflow/example_dags/example_branch_python_dop_operator_3.py
[2024-07-25T23:41:38.829+0000] {processor.py:840} INFO - DAG(s) 'example_branch_dop_operator_v3' retrieved from /home/airflow/.local/lib/python3.12/site-packages/airflow/example_dags/example_branch_python_dop_operator_3.py
[2024-07-25T23:41:38.846+0000] {logging_mixin.py:188} INFO - [2024-07-25T23:41:38.846+0000] {dag.py:3089} INFO - Sync 1 DAGs
[2024-07-25T23:41:38.865+0000] {logging_mixin.py:188} INFO - [2024-07-25T23:41:38.865+0000] {dag.py:3947} INFO - Setting next_dagrun for example_branch_dop_operator_v3 to 2024-07-25 23:40:00+00:00, run_after=2024-07-25 23:41:00+00:00
[2024-07-25T23:41:38.881+0000] {processor.py:183} INFO - Processing /home/airflow/.local/lib/python3.12/site-packages/airflow/example_dags/example_branch_python_dop_operator_3.py took 0.075 seconds
[2024-07-25T23:42:09.829+0000] {processor.py:161} INFO - Started process (PID=1752) to work on /home/airflow/.local/lib/python3.12/site-packages/airflow/example_dags/example_branch_python_dop_operator_3.py
[2024-07-25T23:42:09.830+0000] {processor.py:830} INFO - Processing file /home/airflow/.local/lib/python3.12/site-packages/airflow/example_dags/example_branch_python_dop_operator_3.py for tasks to queue
[2024-07-25T23:42:09.832+0000] {logging_mixin.py:188} INFO - [2024-07-25T23:42:09.831+0000] {dagbag.py:545} INFO - Filling up the DagBag from /home/airflow/.local/lib/python3.12/site-packages/airflow/example_dags/example_branch_python_dop_operator_3.py
[2024-07-25T23:42:09.838+0000] {processor.py:840} INFO - DAG(s) 'example_branch_dop_operator_v3' retrieved from /home/airflow/.local/lib/python3.12/site-packages/airflow/example_dags/example_branch_python_dop_operator_3.py
[2024-07-25T23:42:09.852+0000] {logging_mixin.py:188} INFO - [2024-07-25T23:42:09.852+0000] {dag.py:3089} INFO - Sync 1 DAGs
[2024-07-25T23:42:09.870+0000] {logging_mixin.py:188} INFO - [2024-07-25T23:42:09.870+0000] {dag.py:3947} INFO - Setting next_dagrun for example_branch_dop_operator_v3 to 2024-07-25 23:41:00+00:00, run_after=2024-07-25 23:42:00+00:00
[2024-07-25T23:42:09.882+0000] {processor.py:183} INFO - Processing /home/airflow/.local/lib/python3.12/site-packages/airflow/example_dags/example_branch_python_dop_operator_3.py took 0.057 seconds
[2024-07-25T23:42:40.809+0000] {processor.py:161} INFO - Started process (PID=1812) to work on /home/airflow/.local/lib/python3.12/site-packages/airflow/example_dags/example_branch_python_dop_operator_3.py
[2024-07-25T23:42:40.811+0000] {processor.py:830} INFO - Processing file /home/airflow/.local/lib/python3.12/site-packages/airflow/example_dags/example_branch_python_dop_operator_3.py for tasks to queue
[2024-07-25T23:42:40.812+0000] {logging_mixin.py:188} INFO - [2024-07-25T23:42:40.812+0000] {dagbag.py:545} INFO - Filling up the DagBag from /home/airflow/.local/lib/python3.12/site-packages/airflow/example_dags/example_branch_python_dop_operator_3.py
[2024-07-25T23:42:40.819+0000] {processor.py:840} INFO - DAG(s) 'example_branch_dop_operator_v3' retrieved from /home/airflow/.local/lib/python3.12/site-packages/airflow/example_dags/example_branch_python_dop_operator_3.py
[2024-07-25T23:42:40.833+0000] {logging_mixin.py:188} INFO - [2024-07-25T23:42:40.833+0000] {dag.py:3089} INFO - Sync 1 DAGs
[2024-07-25T23:42:40.852+0000] {logging_mixin.py:188} INFO - [2024-07-25T23:42:40.852+0000] {dag.py:3947} INFO - Setting next_dagrun for example_branch_dop_operator_v3 to 2024-07-25 23:41:00+00:00, run_after=2024-07-25 23:42:00+00:00
[2024-07-25T23:42:40.870+0000] {processor.py:183} INFO - Processing /home/airflow/.local/lib/python3.12/site-packages/airflow/example_dags/example_branch_python_dop_operator_3.py took 0.065 seconds
[2024-07-25T23:43:11.298+0000] {processor.py:161} INFO - Started process (PID=1872) to work on /home/airflow/.local/lib/python3.12/site-packages/airflow/example_dags/example_branch_python_dop_operator_3.py
[2024-07-25T23:43:11.301+0000] {processor.py:830} INFO - Processing file /home/airflow/.local/lib/python3.12/site-packages/airflow/example_dags/example_branch_python_dop_operator_3.py for tasks to queue
[2024-07-25T23:43:11.308+0000] {logging_mixin.py:188} INFO - [2024-07-25T23:43:11.307+0000] {dagbag.py:545} INFO - Filling up the DagBag from /home/airflow/.local/lib/python3.12/site-packages/airflow/example_dags/example_branch_python_dop_operator_3.py
[2024-07-25T23:43:11.333+0000] {processor.py:840} INFO - DAG(s) 'example_branch_dop_operator_v3' retrieved from /home/airflow/.local/lib/python3.12/site-packages/airflow/example_dags/example_branch_python_dop_operator_3.py
[2024-07-25T23:43:11.356+0000] {logging_mixin.py:188} INFO - [2024-07-25T23:43:11.356+0000] {dag.py:3089} INFO - Sync 1 DAGs
[2024-07-25T23:43:11.381+0000] {logging_mixin.py:188} INFO - [2024-07-25T23:43:11.380+0000] {dag.py:3947} INFO - Setting next_dagrun for example_branch_dop_operator_v3 to 2024-07-25 23:42:00+00:00, run_after=2024-07-25 23:43:00+00:00
[2024-07-25T23:43:11.401+0000] {processor.py:183} INFO - Processing /home/airflow/.local/lib/python3.12/site-packages/airflow/example_dags/example_branch_python_dop_operator_3.py took 0.116 seconds
[2024-07-25T23:43:41.616+0000] {processor.py:161} INFO - Started process (PID=1932) to work on /home/airflow/.local/lib/python3.12/site-packages/airflow/example_dags/example_branch_python_dop_operator_3.py
[2024-07-25T23:43:41.617+0000] {processor.py:830} INFO - Processing file /home/airflow/.local/lib/python3.12/site-packages/airflow/example_dags/example_branch_python_dop_operator_3.py for tasks to queue
[2024-07-25T23:43:41.618+0000] {logging_mixin.py:188} INFO - [2024-07-25T23:43:41.618+0000] {dagbag.py:545} INFO - Filling up the DagBag from /home/airflow/.local/lib/python3.12/site-packages/airflow/example_dags/example_branch_python_dop_operator_3.py
[2024-07-25T23:43:41.624+0000] {processor.py:840} INFO - DAG(s) 'example_branch_dop_operator_v3' retrieved from /home/airflow/.local/lib/python3.12/site-packages/airflow/example_dags/example_branch_python_dop_operator_3.py
[2024-07-25T23:43:41.639+0000] {logging_mixin.py:188} INFO - [2024-07-25T23:43:41.639+0000] {dag.py:3089} INFO - Sync 1 DAGs
[2024-07-25T23:43:41.667+0000] {logging_mixin.py:188} INFO - [2024-07-25T23:43:41.667+0000] {dag.py:3947} INFO - Setting next_dagrun for example_branch_dop_operator_v3 to 2024-07-25 23:42:00+00:00, run_after=2024-07-25 23:43:00+00:00
[2024-07-25T23:43:41.787+0000] {processor.py:183} INFO - Processing /home/airflow/.local/lib/python3.12/site-packages/airflow/example_dags/example_branch_python_dop_operator_3.py took 0.176 seconds
[2024-07-25T23:44:12.372+0000] {processor.py:161} INFO - Started process (PID=1991) to work on /home/airflow/.local/lib/python3.12/site-packages/airflow/example_dags/example_branch_python_dop_operator_3.py
[2024-07-25T23:44:12.374+0000] {processor.py:830} INFO - Processing file /home/airflow/.local/lib/python3.12/site-packages/airflow/example_dags/example_branch_python_dop_operator_3.py for tasks to queue
[2024-07-25T23:44:12.376+0000] {logging_mixin.py:188} INFO - [2024-07-25T23:44:12.375+0000] {dagbag.py:545} INFO - Filling up the DagBag from /home/airflow/.local/lib/python3.12/site-packages/airflow/example_dags/example_branch_python_dop_operator_3.py
[2024-07-25T23:44:12.383+0000] {processor.py:840} INFO - DAG(s) 'example_branch_dop_operator_v3' retrieved from /home/airflow/.local/lib/python3.12/site-packages/airflow/example_dags/example_branch_python_dop_operator_3.py
[2024-07-25T23:44:12.399+0000] {logging_mixin.py:188} INFO - [2024-07-25T23:44:12.399+0000] {dag.py:3089} INFO - Sync 1 DAGs
[2024-07-25T23:44:12.423+0000] {logging_mixin.py:188} INFO - [2024-07-25T23:44:12.422+0000] {dag.py:3947} INFO - Setting next_dagrun for example_branch_dop_operator_v3 to 2024-07-25 23:43:00+00:00, run_after=2024-07-25 23:44:00+00:00
[2024-07-25T23:44:12.440+0000] {processor.py:183} INFO - Processing /home/airflow/.local/lib/python3.12/site-packages/airflow/example_dags/example_branch_python_dop_operator_3.py took 0.073 seconds
[2024-07-25T23:44:42.788+0000] {processor.py:161} INFO - Started process (PID=2051) to work on /home/airflow/.local/lib/python3.12/site-packages/airflow/example_dags/example_branch_python_dop_operator_3.py
[2024-07-25T23:44:42.789+0000] {processor.py:830} INFO - Processing file /home/airflow/.local/lib/python3.12/site-packages/airflow/example_dags/example_branch_python_dop_operator_3.py for tasks to queue
[2024-07-25T23:44:42.790+0000] {logging_mixin.py:188} INFO - [2024-07-25T23:44:42.790+0000] {dagbag.py:545} INFO - Filling up the DagBag from /home/airflow/.local/lib/python3.12/site-packages/airflow/example_dags/example_branch_python_dop_operator_3.py
[2024-07-25T23:44:42.796+0000] {processor.py:840} INFO - DAG(s) 'example_branch_dop_operator_v3' retrieved from /home/airflow/.local/lib/python3.12/site-packages/airflow/example_dags/example_branch_python_dop_operator_3.py
[2024-07-25T23:44:42.810+0000] {logging_mixin.py:188} INFO - [2024-07-25T23:44:42.810+0000] {dag.py:3089} INFO - Sync 1 DAGs
[2024-07-25T23:44:42.828+0000] {logging_mixin.py:188} INFO - [2024-07-25T23:44:42.828+0000] {dag.py:3947} INFO - Setting next_dagrun for example_branch_dop_operator_v3 to 2024-07-25 23:43:00+00:00, run_after=2024-07-25 23:44:00+00:00
[2024-07-25T23:44:42.841+0000] {processor.py:183} INFO - Processing /home/airflow/.local/lib/python3.12/site-packages/airflow/example_dags/example_branch_python_dop_operator_3.py took 0.058 seconds
[2024-07-25T23:45:13.304+0000] {processor.py:161} INFO - Started process (PID=2111) to work on /home/airflow/.local/lib/python3.12/site-packages/airflow/example_dags/example_branch_python_dop_operator_3.py
[2024-07-25T23:45:13.305+0000] {processor.py:830} INFO - Processing file /home/airflow/.local/lib/python3.12/site-packages/airflow/example_dags/example_branch_python_dop_operator_3.py for tasks to queue
[2024-07-25T23:45:13.307+0000] {logging_mixin.py:188} INFO - [2024-07-25T23:45:13.307+0000] {dagbag.py:545} INFO - Filling up the DagBag from /home/airflow/.local/lib/python3.12/site-packages/airflow/example_dags/example_branch_python_dop_operator_3.py
[2024-07-25T23:45:13.313+0000] {processor.py:840} INFO - DAG(s) 'example_branch_dop_operator_v3' retrieved from /home/airflow/.local/lib/python3.12/site-packages/airflow/example_dags/example_branch_python_dop_operator_3.py
[2024-07-25T23:45:13.327+0000] {logging_mixin.py:188} INFO - [2024-07-25T23:45:13.327+0000] {dag.py:3089} INFO - Sync 1 DAGs
[2024-07-25T23:45:13.345+0000] {logging_mixin.py:188} INFO - [2024-07-25T23:45:13.345+0000] {dag.py:3947} INFO - Setting next_dagrun for example_branch_dop_operator_v3 to 2024-07-25 23:44:00+00:00, run_after=2024-07-25 23:45:00+00:00
[2024-07-25T23:45:13.358+0000] {processor.py:183} INFO - Processing /home/airflow/.local/lib/python3.12/site-packages/airflow/example_dags/example_branch_python_dop_operator_3.py took 0.059 seconds
[2024-07-25T23:45:43.525+0000] {processor.py:161} INFO - Started process (PID=2171) to work on /home/airflow/.local/lib/python3.12/site-packages/airflow/example_dags/example_branch_python_dop_operator_3.py
[2024-07-25T23:45:43.530+0000] {processor.py:830} INFO - Processing file /home/airflow/.local/lib/python3.12/site-packages/airflow/example_dags/example_branch_python_dop_operator_3.py for tasks to queue
[2024-07-25T23:45:43.531+0000] {logging_mixin.py:188} INFO - [2024-07-25T23:45:43.531+0000] {dagbag.py:545} INFO - Filling up the DagBag from /home/airflow/.local/lib/python3.12/site-packages/airflow/example_dags/example_branch_python_dop_operator_3.py
[2024-07-25T23:45:43.541+0000] {processor.py:840} INFO - DAG(s) 'example_branch_dop_operator_v3' retrieved from /home/airflow/.local/lib/python3.12/site-packages/airflow/example_dags/example_branch_python_dop_operator_3.py
[2024-07-25T23:45:43.568+0000] {logging_mixin.py:188} INFO - [2024-07-25T23:45:43.568+0000] {dag.py:3089} INFO - Sync 1 DAGs
[2024-07-25T23:45:43.594+0000] {logging_mixin.py:188} INFO - [2024-07-25T23:45:43.594+0000] {dag.py:3947} INFO - Setting next_dagrun for example_branch_dop_operator_v3 to 2024-07-25 23:44:00+00:00, run_after=2024-07-25 23:45:00+00:00
[2024-07-25T23:45:43.615+0000] {processor.py:183} INFO - Processing /home/airflow/.local/lib/python3.12/site-packages/airflow/example_dags/example_branch_python_dop_operator_3.py took 0.095 seconds
[2024-07-25T23:46:14.262+0000] {processor.py:161} INFO - Started process (PID=2231) to work on /home/airflow/.local/lib/python3.12/site-packages/airflow/example_dags/example_branch_python_dop_operator_3.py
[2024-07-25T23:46:14.265+0000] {processor.py:830} INFO - Processing file /home/airflow/.local/lib/python3.12/site-packages/airflow/example_dags/example_branch_python_dop_operator_3.py for tasks to queue
[2024-07-25T23:46:14.267+0000] {logging_mixin.py:188} INFO - [2024-07-25T23:46:14.267+0000] {dagbag.py:545} INFO - Filling up the DagBag from /home/airflow/.local/lib/python3.12/site-packages/airflow/example_dags/example_branch_python_dop_operator_3.py
[2024-07-25T23:46:14.274+0000] {processor.py:840} INFO - DAG(s) 'example_branch_dop_operator_v3' retrieved from /home/airflow/.local/lib/python3.12/site-packages/airflow/example_dags/example_branch_python_dop_operator_3.py
[2024-07-25T23:46:14.296+0000] {logging_mixin.py:188} INFO - [2024-07-25T23:46:14.296+0000] {dag.py:3089} INFO - Sync 1 DAGs
[2024-07-25T23:46:14.325+0000] {logging_mixin.py:188} INFO - [2024-07-25T23:46:14.325+0000] {dag.py:3947} INFO - Setting next_dagrun for example_branch_dop_operator_v3 to 2024-07-25 23:45:00+00:00, run_after=2024-07-25 23:46:00+00:00
[2024-07-25T23:46:14.341+0000] {processor.py:183} INFO - Processing /home/airflow/.local/lib/python3.12/site-packages/airflow/example_dags/example_branch_python_dop_operator_3.py took 0.087 seconds
[2024-07-25T23:46:45.003+0000] {processor.py:161} INFO - Started process (PID=2291) to work on /home/airflow/.local/lib/python3.12/site-packages/airflow/example_dags/example_branch_python_dop_operator_3.py
[2024-07-25T23:46:45.006+0000] {processor.py:830} INFO - Processing file /home/airflow/.local/lib/python3.12/site-packages/airflow/example_dags/example_branch_python_dop_operator_3.py for tasks to queue
[2024-07-25T23:46:45.008+0000] {logging_mixin.py:188} INFO - [2024-07-25T23:46:45.008+0000] {dagbag.py:545} INFO - Filling up the DagBag from /home/airflow/.local/lib/python3.12/site-packages/airflow/example_dags/example_branch_python_dop_operator_3.py
[2024-07-25T23:46:45.015+0000] {processor.py:840} INFO - DAG(s) 'example_branch_dop_operator_v3' retrieved from /home/airflow/.local/lib/python3.12/site-packages/airflow/example_dags/example_branch_python_dop_operator_3.py
[2024-07-25T23:46:45.055+0000] {logging_mixin.py:188} INFO - [2024-07-25T23:46:45.055+0000] {dag.py:3089} INFO - Sync 1 DAGs
[2024-07-25T23:46:45.091+0000] {logging_mixin.py:188} INFO - [2024-07-25T23:46:45.090+0000] {dag.py:3947} INFO - Setting next_dagrun for example_branch_dop_operator_v3 to 2024-07-25 23:45:00+00:00, run_after=2024-07-25 23:46:00+00:00
[2024-07-25T23:46:45.111+0000] {processor.py:183} INFO - Processing /home/airflow/.local/lib/python3.12/site-packages/airflow/example_dags/example_branch_python_dop_operator_3.py took 0.112 seconds
[2024-07-25T23:47:15.372+0000] {processor.py:161} INFO - Started process (PID=2351) to work on /home/airflow/.local/lib/python3.12/site-packages/airflow/example_dags/example_branch_python_dop_operator_3.py
[2024-07-25T23:47:15.374+0000] {processor.py:830} INFO - Processing file /home/airflow/.local/lib/python3.12/site-packages/airflow/example_dags/example_branch_python_dop_operator_3.py for tasks to queue
[2024-07-25T23:47:15.376+0000] {logging_mixin.py:188} INFO - [2024-07-25T23:47:15.375+0000] {dagbag.py:545} INFO - Filling up the DagBag from /home/airflow/.local/lib/python3.12/site-packages/airflow/example_dags/example_branch_python_dop_operator_3.py
[2024-07-25T23:47:15.383+0000] {processor.py:840} INFO - DAG(s) 'example_branch_dop_operator_v3' retrieved from /home/airflow/.local/lib/python3.12/site-packages/airflow/example_dags/example_branch_python_dop_operator_3.py
[2024-07-25T23:47:15.397+0000] {logging_mixin.py:188} INFO - [2024-07-25T23:47:15.397+0000] {dag.py:3089} INFO - Sync 1 DAGs
[2024-07-25T23:47:15.416+0000] {logging_mixin.py:188} INFO - [2024-07-25T23:47:15.416+0000] {dag.py:3947} INFO - Setting next_dagrun for example_branch_dop_operator_v3 to 2024-07-25 23:46:00+00:00, run_after=2024-07-25 23:47:00+00:00
[2024-07-25T23:47:15.429+0000] {processor.py:183} INFO - Processing /home/airflow/.local/lib/python3.12/site-packages/airflow/example_dags/example_branch_python_dop_operator_3.py took 0.063 seconds
[2024-07-25T23:47:45.572+0000] {processor.py:161} INFO - Started process (PID=2410) to work on /home/airflow/.local/lib/python3.12/site-packages/airflow/example_dags/example_branch_python_dop_operator_3.py
[2024-07-25T23:47:45.573+0000] {processor.py:830} INFO - Processing file /home/airflow/.local/lib/python3.12/site-packages/airflow/example_dags/example_branch_python_dop_operator_3.py for tasks to queue
[2024-07-25T23:47:45.575+0000] {logging_mixin.py:188} INFO - [2024-07-25T23:47:45.574+0000] {dagbag.py:545} INFO - Filling up the DagBag from /home/airflow/.local/lib/python3.12/site-packages/airflow/example_dags/example_branch_python_dop_operator_3.py
[2024-07-25T23:47:45.580+0000] {processor.py:840} INFO - DAG(s) 'example_branch_dop_operator_v3' retrieved from /home/airflow/.local/lib/python3.12/site-packages/airflow/example_dags/example_branch_python_dop_operator_3.py
[2024-07-25T23:47:45.595+0000] {logging_mixin.py:188} INFO - [2024-07-25T23:47:45.595+0000] {dag.py:3089} INFO - Sync 1 DAGs
[2024-07-25T23:47:45.612+0000] {logging_mixin.py:188} INFO - [2024-07-25T23:47:45.612+0000] {dag.py:3947} INFO - Setting next_dagrun for example_branch_dop_operator_v3 to 2024-07-25 23:46:00+00:00, run_after=2024-07-25 23:47:00+00:00
[2024-07-25T23:47:45.625+0000] {processor.py:183} INFO - Processing /home/airflow/.local/lib/python3.12/site-packages/airflow/example_dags/example_branch_python_dop_operator_3.py took 0.058 seconds
[2024-07-25T23:48:15.923+0000] {processor.py:161} INFO - Started process (PID=2470) to work on /home/airflow/.local/lib/python3.12/site-packages/airflow/example_dags/example_branch_python_dop_operator_3.py
[2024-07-25T23:48:15.924+0000] {processor.py:830} INFO - Processing file /home/airflow/.local/lib/python3.12/site-packages/airflow/example_dags/example_branch_python_dop_operator_3.py for tasks to queue
[2024-07-25T23:48:15.926+0000] {logging_mixin.py:188} INFO - [2024-07-25T23:48:15.925+0000] {dagbag.py:545} INFO - Filling up the DagBag from /home/airflow/.local/lib/python3.12/site-packages/airflow/example_dags/example_branch_python_dop_operator_3.py
[2024-07-25T23:48:15.932+0000] {processor.py:840} INFO - DAG(s) 'example_branch_dop_operator_v3' retrieved from /home/airflow/.local/lib/python3.12/site-packages/airflow/example_dags/example_branch_python_dop_operator_3.py
[2024-07-25T23:48:15.948+0000] {logging_mixin.py:188} INFO - [2024-07-25T23:48:15.948+0000] {dag.py:3089} INFO - Sync 1 DAGs
[2024-07-25T23:48:15.967+0000] {logging_mixin.py:188} INFO - [2024-07-25T23:48:15.967+0000] {dag.py:3947} INFO - Setting next_dagrun for example_branch_dop_operator_v3 to 2024-07-25 23:47:00+00:00, run_after=2024-07-25 23:48:00+00:00
[2024-07-25T23:48:15.982+0000] {processor.py:183} INFO - Processing /home/airflow/.local/lib/python3.12/site-packages/airflow/example_dags/example_branch_python_dop_operator_3.py took 0.063 seconds
[2024-07-25T23:48:46.181+0000] {processor.py:161} INFO - Started process (PID=2530) to work on /home/airflow/.local/lib/python3.12/site-packages/airflow/example_dags/example_branch_python_dop_operator_3.py
[2024-07-25T23:48:46.185+0000] {processor.py:830} INFO - Processing file /home/airflow/.local/lib/python3.12/site-packages/airflow/example_dags/example_branch_python_dop_operator_3.py for tasks to queue
[2024-07-25T23:48:46.188+0000] {logging_mixin.py:188} INFO - [2024-07-25T23:48:46.188+0000] {dagbag.py:545} INFO - Filling up the DagBag from /home/airflow/.local/lib/python3.12/site-packages/airflow/example_dags/example_branch_python_dop_operator_3.py
[2024-07-25T23:48:46.203+0000] {processor.py:840} INFO - DAG(s) 'example_branch_dop_operator_v3' retrieved from /home/airflow/.local/lib/python3.12/site-packages/airflow/example_dags/example_branch_python_dop_operator_3.py
[2024-07-25T23:48:46.220+0000] {logging_mixin.py:188} INFO - [2024-07-25T23:48:46.220+0000] {dag.py:3089} INFO - Sync 1 DAGs
[2024-07-25T23:48:46.242+0000] {logging_mixin.py:188} INFO - [2024-07-25T23:48:46.242+0000] {dag.py:3947} INFO - Setting next_dagrun for example_branch_dop_operator_v3 to 2024-07-25 23:47:00+00:00, run_after=2024-07-25 23:48:00+00:00
[2024-07-25T23:48:46.258+0000] {processor.py:183} INFO - Processing /home/airflow/.local/lib/python3.12/site-packages/airflow/example_dags/example_branch_python_dop_operator_3.py took 0.084 seconds
[2024-07-25T23:49:16.789+0000] {processor.py:161} INFO - Started process (PID=2590) to work on /home/airflow/.local/lib/python3.12/site-packages/airflow/example_dags/example_branch_python_dop_operator_3.py
[2024-07-25T23:49:16.793+0000] {processor.py:830} INFO - Processing file /home/airflow/.local/lib/python3.12/site-packages/airflow/example_dags/example_branch_python_dop_operator_3.py for tasks to queue
[2024-07-25T23:49:16.796+0000] {logging_mixin.py:188} INFO - [2024-07-25T23:49:16.796+0000] {dagbag.py:545} INFO - Filling up the DagBag from /home/airflow/.local/lib/python3.12/site-packages/airflow/example_dags/example_branch_python_dop_operator_3.py
[2024-07-25T23:49:16.803+0000] {processor.py:840} INFO - DAG(s) 'example_branch_dop_operator_v3' retrieved from /home/airflow/.local/lib/python3.12/site-packages/airflow/example_dags/example_branch_python_dop_operator_3.py
[2024-07-25T23:49:16.824+0000] {logging_mixin.py:188} INFO - [2024-07-25T23:49:16.824+0000] {dag.py:3089} INFO - Sync 1 DAGs
[2024-07-25T23:49:16.846+0000] {logging_mixin.py:188} INFO - [2024-07-25T23:49:16.846+0000] {dag.py:3947} INFO - Setting next_dagrun for example_branch_dop_operator_v3 to 2024-07-25 23:48:00+00:00, run_after=2024-07-25 23:49:00+00:00
[2024-07-25T23:49:16.874+0000] {processor.py:183} INFO - Processing /home/airflow/.local/lib/python3.12/site-packages/airflow/example_dags/example_branch_python_dop_operator_3.py took 0.091 seconds
[2024-07-25T23:49:46.947+0000] {processor.py:161} INFO - Started process (PID=2649) to work on /home/airflow/.local/lib/python3.12/site-packages/airflow/example_dags/example_branch_python_dop_operator_3.py
[2024-07-25T23:49:46.950+0000] {processor.py:830} INFO - Processing file /home/airflow/.local/lib/python3.12/site-packages/airflow/example_dags/example_branch_python_dop_operator_3.py for tasks to queue
[2024-07-25T23:49:46.953+0000] {logging_mixin.py:188} INFO - [2024-07-25T23:49:46.953+0000] {dagbag.py:545} INFO - Filling up the DagBag from /home/airflow/.local/lib/python3.12/site-packages/airflow/example_dags/example_branch_python_dop_operator_3.py
[2024-07-25T23:49:46.961+0000] {processor.py:840} INFO - DAG(s) 'example_branch_dop_operator_v3' retrieved from /home/airflow/.local/lib/python3.12/site-packages/airflow/example_dags/example_branch_python_dop_operator_3.py
[2024-07-25T23:49:46.975+0000] {logging_mixin.py:188} INFO - [2024-07-25T23:49:46.975+0000] {dag.py:3089} INFO - Sync 1 DAGs
[2024-07-25T23:49:46.994+0000] {logging_mixin.py:188} INFO - [2024-07-25T23:49:46.994+0000] {dag.py:3947} INFO - Setting next_dagrun for example_branch_dop_operator_v3 to 2024-07-25 23:48:00+00:00, run_after=2024-07-25 23:49:00+00:00
[2024-07-25T23:49:47.006+0000] {processor.py:183} INFO - Processing /home/airflow/.local/lib/python3.12/site-packages/airflow/example_dags/example_branch_python_dop_operator_3.py took 0.064 seconds
[2024-07-25T23:50:17.208+0000] {processor.py:161} INFO - Started process (PID=2709) to work on /home/airflow/.local/lib/python3.12/site-packages/airflow/example_dags/example_branch_python_dop_operator_3.py
[2024-07-25T23:50:17.210+0000] {processor.py:830} INFO - Processing file /home/airflow/.local/lib/python3.12/site-packages/airflow/example_dags/example_branch_python_dop_operator_3.py for tasks to queue
[2024-07-25T23:50:17.211+0000] {logging_mixin.py:188} INFO - [2024-07-25T23:50:17.211+0000] {dagbag.py:545} INFO - Filling up the DagBag from /home/airflow/.local/lib/python3.12/site-packages/airflow/example_dags/example_branch_python_dop_operator_3.py
[2024-07-25T23:50:17.219+0000] {processor.py:840} INFO - DAG(s) 'example_branch_dop_operator_v3' retrieved from /home/airflow/.local/lib/python3.12/site-packages/airflow/example_dags/example_branch_python_dop_operator_3.py
[2024-07-25T23:50:17.235+0000] {logging_mixin.py:188} INFO - [2024-07-25T23:50:17.235+0000] {dag.py:3089} INFO - Sync 1 DAGs
[2024-07-25T23:50:17.253+0000] {logging_mixin.py:188} INFO - [2024-07-25T23:50:17.253+0000] {dag.py:3947} INFO - Setting next_dagrun for example_branch_dop_operator_v3 to 2024-07-25 23:49:00+00:00, run_after=2024-07-25 23:50:00+00:00
[2024-07-25T23:50:17.266+0000] {processor.py:183} INFO - Processing /home/airflow/.local/lib/python3.12/site-packages/airflow/example_dags/example_branch_python_dop_operator_3.py took 0.062 seconds
[2024-07-25T23:50:47.394+0000] {processor.py:161} INFO - Started process (PID=2769) to work on /home/airflow/.local/lib/python3.12/site-packages/airflow/example_dags/example_branch_python_dop_operator_3.py
[2024-07-25T23:50:47.395+0000] {processor.py:830} INFO - Processing file /home/airflow/.local/lib/python3.12/site-packages/airflow/example_dags/example_branch_python_dop_operator_3.py for tasks to queue
[2024-07-25T23:50:47.396+0000] {logging_mixin.py:188} INFO - [2024-07-25T23:50:47.396+0000] {dagbag.py:545} INFO - Filling up the DagBag from /home/airflow/.local/lib/python3.12/site-packages/airflow/example_dags/example_branch_python_dop_operator_3.py
[2024-07-25T23:50:47.402+0000] {processor.py:840} INFO - DAG(s) 'example_branch_dop_operator_v3' retrieved from /home/airflow/.local/lib/python3.12/site-packages/airflow/example_dags/example_branch_python_dop_operator_3.py
[2024-07-25T23:50:47.418+0000] {logging_mixin.py:188} INFO - [2024-07-25T23:50:47.418+0000] {dag.py:3089} INFO - Sync 1 DAGs
[2024-07-25T23:50:47.438+0000] {logging_mixin.py:188} INFO - [2024-07-25T23:50:47.438+0000] {dag.py:3947} INFO - Setting next_dagrun for example_branch_dop_operator_v3 to 2024-07-25 23:49:00+00:00, run_after=2024-07-25 23:50:00+00:00
[2024-07-25T23:50:47.458+0000] {processor.py:183} INFO - Processing /home/airflow/.local/lib/python3.12/site-packages/airflow/example_dags/example_branch_python_dop_operator_3.py took 0.069 seconds
[2024-07-25T23:51:17.650+0000] {processor.py:161} INFO - Started process (PID=2829) to work on /home/airflow/.local/lib/python3.12/site-packages/airflow/example_dags/example_branch_python_dop_operator_3.py
[2024-07-25T23:51:17.651+0000] {processor.py:830} INFO - Processing file /home/airflow/.local/lib/python3.12/site-packages/airflow/example_dags/example_branch_python_dop_operator_3.py for tasks to queue
[2024-07-25T23:51:17.652+0000] {logging_mixin.py:188} INFO - [2024-07-25T23:51:17.652+0000] {dagbag.py:545} INFO - Filling up the DagBag from /home/airflow/.local/lib/python3.12/site-packages/airflow/example_dags/example_branch_python_dop_operator_3.py
[2024-07-25T23:51:17.658+0000] {processor.py:840} INFO - DAG(s) 'example_branch_dop_operator_v3' retrieved from /home/airflow/.local/lib/python3.12/site-packages/airflow/example_dags/example_branch_python_dop_operator_3.py
[2024-07-25T23:51:17.672+0000] {logging_mixin.py:188} INFO - [2024-07-25T23:51:17.671+0000] {dag.py:3089} INFO - Sync 1 DAGs
[2024-07-25T23:51:17.689+0000] {logging_mixin.py:188} INFO - [2024-07-25T23:51:17.689+0000] {dag.py:3947} INFO - Setting next_dagrun for example_branch_dop_operator_v3 to 2024-07-25 23:50:00+00:00, run_after=2024-07-25 23:51:00+00:00
[2024-07-25T23:51:17.701+0000] {processor.py:183} INFO - Processing /home/airflow/.local/lib/python3.12/site-packages/airflow/example_dags/example_branch_python_dop_operator_3.py took 0.056 seconds
[2024-07-25T23:51:49.957+0000] {processor.py:161} INFO - Started process (PID=2889) to work on /home/airflow/.local/lib/python3.12/site-packages/airflow/example_dags/example_branch_python_dop_operator_3.py
[2024-07-25T23:51:49.960+0000] {processor.py:830} INFO - Processing file /home/airflow/.local/lib/python3.12/site-packages/airflow/example_dags/example_branch_python_dop_operator_3.py for tasks to queue
[2024-07-25T23:51:49.967+0000] {logging_mixin.py:188} INFO - [2024-07-25T23:51:49.966+0000] {dagbag.py:545} INFO - Filling up the DagBag from /home/airflow/.local/lib/python3.12/site-packages/airflow/example_dags/example_branch_python_dop_operator_3.py
[2024-07-25T23:51:49.992+0000] {processor.py:840} INFO - DAG(s) 'example_branch_dop_operator_v3' retrieved from /home/airflow/.local/lib/python3.12/site-packages/airflow/example_dags/example_branch_python_dop_operator_3.py
[2024-07-25T23:51:50.024+0000] {logging_mixin.py:188} INFO - [2024-07-25T23:51:50.024+0000] {dag.py:3089} INFO - Sync 1 DAGs
[2024-07-25T23:51:50.052+0000] {logging_mixin.py:188} INFO - [2024-07-25T23:51:50.052+0000] {dag.py:3947} INFO - Setting next_dagrun for example_branch_dop_operator_v3 to 2024-07-25 23:50:00+00:00, run_after=2024-07-25 23:51:00+00:00
[2024-07-25T23:51:50.072+0000] {processor.py:183} INFO - Processing /home/airflow/.local/lib/python3.12/site-packages/airflow/example_dags/example_branch_python_dop_operator_3.py took 0.132 seconds
[2024-07-25T23:52:20.252+0000] {processor.py:161} INFO - Started process (PID=2949) to work on /home/airflow/.local/lib/python3.12/site-packages/airflow/example_dags/example_branch_python_dop_operator_3.py
[2024-07-25T23:52:20.254+0000] {processor.py:830} INFO - Processing file /home/airflow/.local/lib/python3.12/site-packages/airflow/example_dags/example_branch_python_dop_operator_3.py for tasks to queue
[2024-07-25T23:52:20.256+0000] {logging_mixin.py:188} INFO - [2024-07-25T23:52:20.255+0000] {dagbag.py:545} INFO - Filling up the DagBag from /home/airflow/.local/lib/python3.12/site-packages/airflow/example_dags/example_branch_python_dop_operator_3.py
[2024-07-25T23:52:20.262+0000] {processor.py:840} INFO - DAG(s) 'example_branch_dop_operator_v3' retrieved from /home/airflow/.local/lib/python3.12/site-packages/airflow/example_dags/example_branch_python_dop_operator_3.py
[2024-07-25T23:52:20.276+0000] {logging_mixin.py:188} INFO - [2024-07-25T23:52:20.276+0000] {dag.py:3089} INFO - Sync 1 DAGs
[2024-07-25T23:52:20.293+0000] {logging_mixin.py:188} INFO - [2024-07-25T23:52:20.293+0000] {dag.py:3947} INFO - Setting next_dagrun for example_branch_dop_operator_v3 to 2024-07-25 23:51:00+00:00, run_after=2024-07-25 23:52:00+00:00
[2024-07-25T23:52:20.309+0000] {processor.py:183} INFO - Processing /home/airflow/.local/lib/python3.12/site-packages/airflow/example_dags/example_branch_python_dop_operator_3.py took 0.062 seconds
[2024-07-25T23:52:51.234+0000] {processor.py:161} INFO - Started process (PID=3007) to work on /home/airflow/.local/lib/python3.12/site-packages/airflow/example_dags/example_branch_python_dop_operator_3.py
[2024-07-25T23:52:51.235+0000] {processor.py:830} INFO - Processing file /home/airflow/.local/lib/python3.12/site-packages/airflow/example_dags/example_branch_python_dop_operator_3.py for tasks to queue
[2024-07-25T23:52:51.238+0000] {logging_mixin.py:188} INFO - [2024-07-25T23:52:51.238+0000] {dagbag.py:545} INFO - Filling up the DagBag from /home/airflow/.local/lib/python3.12/site-packages/airflow/example_dags/example_branch_python_dop_operator_3.py
[2024-07-25T23:52:51.247+0000] {processor.py:840} INFO - DAG(s) 'example_branch_dop_operator_v3' retrieved from /home/airflow/.local/lib/python3.12/site-packages/airflow/example_dags/example_branch_python_dop_operator_3.py
[2024-07-25T23:52:51.262+0000] {logging_mixin.py:188} INFO - [2024-07-25T23:52:51.262+0000] {dag.py:3089} INFO - Sync 1 DAGs
[2024-07-25T23:52:51.284+0000] {logging_mixin.py:188} INFO - [2024-07-25T23:52:51.284+0000] {dag.py:3947} INFO - Setting next_dagrun for example_branch_dop_operator_v3 to 2024-07-25 23:51:00+00:00, run_after=2024-07-25 23:52:00+00:00
[2024-07-25T23:52:51.297+0000] {processor.py:183} INFO - Processing /home/airflow/.local/lib/python3.12/site-packages/airflow/example_dags/example_branch_python_dop_operator_3.py took 0.068 seconds
[2024-07-25T23:53:21.757+0000] {processor.py:161} INFO - Started process (PID=3067) to work on /home/airflow/.local/lib/python3.12/site-packages/airflow/example_dags/example_branch_python_dop_operator_3.py
[2024-07-25T23:53:21.758+0000] {processor.py:830} INFO - Processing file /home/airflow/.local/lib/python3.12/site-packages/airflow/example_dags/example_branch_python_dop_operator_3.py for tasks to queue
[2024-07-25T23:53:21.760+0000] {logging_mixin.py:188} INFO - [2024-07-25T23:53:21.760+0000] {dagbag.py:545} INFO - Filling up the DagBag from /home/airflow/.local/lib/python3.12/site-packages/airflow/example_dags/example_branch_python_dop_operator_3.py
[2024-07-25T23:53:21.767+0000] {processor.py:840} INFO - DAG(s) 'example_branch_dop_operator_v3' retrieved from /home/airflow/.local/lib/python3.12/site-packages/airflow/example_dags/example_branch_python_dop_operator_3.py
[2024-07-25T23:53:21.783+0000] {logging_mixin.py:188} INFO - [2024-07-25T23:53:21.783+0000] {dag.py:3089} INFO - Sync 1 DAGs
[2024-07-25T23:53:21.800+0000] {logging_mixin.py:188} INFO - [2024-07-25T23:53:21.800+0000] {dag.py:3947} INFO - Setting next_dagrun for example_branch_dop_operator_v3 to 2024-07-25 23:52:00+00:00, run_after=2024-07-25 23:53:00+00:00
[2024-07-25T23:53:21.817+0000] {processor.py:183} INFO - Processing /home/airflow/.local/lib/python3.12/site-packages/airflow/example_dags/example_branch_python_dop_operator_3.py took 0.065 seconds
[2024-07-25T23:53:52.041+0000] {processor.py:161} INFO - Started process (PID=3127) to work on /home/airflow/.local/lib/python3.12/site-packages/airflow/example_dags/example_branch_python_dop_operator_3.py
[2024-07-25T23:53:52.042+0000] {processor.py:830} INFO - Processing file /home/airflow/.local/lib/python3.12/site-packages/airflow/example_dags/example_branch_python_dop_operator_3.py for tasks to queue
[2024-07-25T23:53:52.044+0000] {logging_mixin.py:188} INFO - [2024-07-25T23:53:52.044+0000] {dagbag.py:545} INFO - Filling up the DagBag from /home/airflow/.local/lib/python3.12/site-packages/airflow/example_dags/example_branch_python_dop_operator_3.py
[2024-07-25T23:53:52.052+0000] {processor.py:840} INFO - DAG(s) 'example_branch_dop_operator_v3' retrieved from /home/airflow/.local/lib/python3.12/site-packages/airflow/example_dags/example_branch_python_dop_operator_3.py
[2024-07-25T23:53:52.075+0000] {logging_mixin.py:188} INFO - [2024-07-25T23:53:52.074+0000] {dag.py:3089} INFO - Sync 1 DAGs
[2024-07-25T23:53:52.099+0000] {logging_mixin.py:188} INFO - [2024-07-25T23:53:52.098+0000] {dag.py:3947} INFO - Setting next_dagrun for example_branch_dop_operator_v3 to 2024-07-25 23:52:00+00:00, run_after=2024-07-25 23:53:00+00:00
[2024-07-25T23:53:52.113+0000] {processor.py:183} INFO - Processing /home/airflow/.local/lib/python3.12/site-packages/airflow/example_dags/example_branch_python_dop_operator_3.py took 0.077 seconds
[2024-07-25T23:54:22.316+0000] {processor.py:161} INFO - Started process (PID=3187) to work on /home/airflow/.local/lib/python3.12/site-packages/airflow/example_dags/example_branch_python_dop_operator_3.py
[2024-07-25T23:54:22.318+0000] {processor.py:830} INFO - Processing file /home/airflow/.local/lib/python3.12/site-packages/airflow/example_dags/example_branch_python_dop_operator_3.py for tasks to queue
[2024-07-25T23:54:22.320+0000] {logging_mixin.py:188} INFO - [2024-07-25T23:54:22.319+0000] {dagbag.py:545} INFO - Filling up the DagBag from /home/airflow/.local/lib/python3.12/site-packages/airflow/example_dags/example_branch_python_dop_operator_3.py
[2024-07-25T23:54:22.326+0000] {processor.py:840} INFO - DAG(s) 'example_branch_dop_operator_v3' retrieved from /home/airflow/.local/lib/python3.12/site-packages/airflow/example_dags/example_branch_python_dop_operator_3.py
[2024-07-25T23:54:22.343+0000] {logging_mixin.py:188} INFO - [2024-07-25T23:54:22.343+0000] {dag.py:3089} INFO - Sync 1 DAGs
[2024-07-25T23:54:22.369+0000] {logging_mixin.py:188} INFO - [2024-07-25T23:54:22.368+0000] {dag.py:3947} INFO - Setting next_dagrun for example_branch_dop_operator_v3 to 2024-07-25 23:53:00+00:00, run_after=2024-07-25 23:54:00+00:00
[2024-07-25T23:54:22.386+0000] {processor.py:183} INFO - Processing /home/airflow/.local/lib/python3.12/site-packages/airflow/example_dags/example_branch_python_dop_operator_3.py took 0.076 seconds
