[2024-07-25T23:17:20.385+0000] {processor.py:161} INFO - Started process (PID=70) to work on /home/airflow/.local/lib/python3.12/site-packages/airflow/example_dags/example_branch_labels.py
[2024-07-25T23:17:20.404+0000] {processor.py:830} INFO - Processing file /home/airflow/.local/lib/python3.12/site-packages/airflow/example_dags/example_branch_labels.py for tasks to queue
[2024-07-25T23:17:20.425+0000] {logging_mixin.py:188} INFO - [2024-07-25T23:17:20.424+0000] {dagbag.py:545} INFO - Filling up the DagBag from /home/airflow/.local/lib/python3.12/site-packages/airflow/example_dags/example_branch_labels.py
[2024-07-25T23:17:20.490+0000] {processor.py:840} INFO - DAG(s) 'example_branch_labels' retrieved from /home/airflow/.local/lib/python3.12/site-packages/airflow/example_dags/example_branch_labels.py
[2024-07-25T23:17:20.625+0000] {logging_mixin.py:188} INFO - [2024-07-25T23:17:20.625+0000] {dag.py:3089} INFO - Sync 1 DAGs
[2024-07-25T23:17:20.673+0000] {logging_mixin.py:188} INFO - [2024-07-25T23:17:20.673+0000] {dag.py:3947} INFO - Setting next_dagrun for example_branch_labels to 2024-07-24 00:00:00+00:00, run_after=2024-07-25 00:00:00+00:00
[2024-07-25T23:17:20.733+0000] {processor.py:183} INFO - Processing /home/airflow/.local/lib/python3.12/site-packages/airflow/example_dags/example_branch_labels.py took 0.379 seconds
[2024-07-25T23:17:50.919+0000] {processor.py:161} INFO - Started process (PID=130) to work on /home/airflow/.local/lib/python3.12/site-packages/airflow/example_dags/example_branch_labels.py
[2024-07-25T23:17:50.921+0000] {processor.py:830} INFO - Processing file /home/airflow/.local/lib/python3.12/site-packages/airflow/example_dags/example_branch_labels.py for tasks to queue
[2024-07-25T23:17:50.924+0000] {logging_mixin.py:188} INFO - [2024-07-25T23:17:50.923+0000] {dagbag.py:545} INFO - Filling up the DagBag from /home/airflow/.local/lib/python3.12/site-packages/airflow/example_dags/example_branch_labels.py
[2024-07-25T23:17:50.932+0000] {processor.py:840} INFO - DAG(s) 'example_branch_labels' retrieved from /home/airflow/.local/lib/python3.12/site-packages/airflow/example_dags/example_branch_labels.py
[2024-07-25T23:17:51.029+0000] {logging_mixin.py:188} INFO - [2024-07-25T23:17:51.029+0000] {dag.py:3089} INFO - Sync 1 DAGs
[2024-07-25T23:17:51.046+0000] {logging_mixin.py:188} INFO - [2024-07-25T23:17:51.046+0000] {dag.py:3947} INFO - Setting next_dagrun for example_branch_labels to 2024-07-24 00:00:00+00:00, run_after=2024-07-25 00:00:00+00:00
[2024-07-25T23:17:51.066+0000] {processor.py:183} INFO - Processing /home/airflow/.local/lib/python3.12/site-packages/airflow/example_dags/example_branch_labels.py took 0.152 seconds
[2024-07-25T23:18:21.546+0000] {processor.py:161} INFO - Started process (PID=190) to work on /home/airflow/.local/lib/python3.12/site-packages/airflow/example_dags/example_branch_labels.py
[2024-07-25T23:18:21.547+0000] {processor.py:830} INFO - Processing file /home/airflow/.local/lib/python3.12/site-packages/airflow/example_dags/example_branch_labels.py for tasks to queue
[2024-07-25T23:18:21.549+0000] {logging_mixin.py:188} INFO - [2024-07-25T23:18:21.548+0000] {dagbag.py:545} INFO - Filling up the DagBag from /home/airflow/.local/lib/python3.12/site-packages/airflow/example_dags/example_branch_labels.py
[2024-07-25T23:18:21.556+0000] {processor.py:840} INFO - DAG(s) 'example_branch_labels' retrieved from /home/airflow/.local/lib/python3.12/site-packages/airflow/example_dags/example_branch_labels.py
[2024-07-25T23:18:21.569+0000] {logging_mixin.py:188} INFO - [2024-07-25T23:18:21.569+0000] {dag.py:3089} INFO - Sync 1 DAGs
[2024-07-25T23:18:21.583+0000] {logging_mixin.py:188} INFO - [2024-07-25T23:18:21.583+0000] {dag.py:3947} INFO - Setting next_dagrun for example_branch_labels to 2024-07-24 00:00:00+00:00, run_after=2024-07-25 00:00:00+00:00
[2024-07-25T23:18:21.593+0000] {processor.py:183} INFO - Processing /home/airflow/.local/lib/python3.12/site-packages/airflow/example_dags/example_branch_labels.py took 0.052 seconds
[2024-07-25T23:18:51.898+0000] {processor.py:161} INFO - Started process (PID=250) to work on /home/airflow/.local/lib/python3.12/site-packages/airflow/example_dags/example_branch_labels.py
[2024-07-25T23:18:51.901+0000] {processor.py:830} INFO - Processing file /home/airflow/.local/lib/python3.12/site-packages/airflow/example_dags/example_branch_labels.py for tasks to queue
[2024-07-25T23:18:51.903+0000] {logging_mixin.py:188} INFO - [2024-07-25T23:18:51.903+0000] {dagbag.py:545} INFO - Filling up the DagBag from /home/airflow/.local/lib/python3.12/site-packages/airflow/example_dags/example_branch_labels.py
[2024-07-25T23:18:51.912+0000] {processor.py:840} INFO - DAG(s) 'example_branch_labels' retrieved from /home/airflow/.local/lib/python3.12/site-packages/airflow/example_dags/example_branch_labels.py
[2024-07-25T23:18:51.928+0000] {logging_mixin.py:188} INFO - [2024-07-25T23:18:51.928+0000] {dag.py:3089} INFO - Sync 1 DAGs
[2024-07-25T23:18:51.950+0000] {logging_mixin.py:188} INFO - [2024-07-25T23:18:51.950+0000] {dag.py:3947} INFO - Setting next_dagrun for example_branch_labels to 2024-07-24 00:00:00+00:00, run_after=2024-07-25 00:00:00+00:00
[2024-07-25T23:18:51.972+0000] {processor.py:183} INFO - Processing /home/airflow/.local/lib/python3.12/site-packages/airflow/example_dags/example_branch_labels.py took 0.077 seconds
[2024-07-25T23:19:22.326+0000] {processor.py:161} INFO - Started process (PID=310) to work on /home/airflow/.local/lib/python3.12/site-packages/airflow/example_dags/example_branch_labels.py
[2024-07-25T23:19:22.327+0000] {processor.py:830} INFO - Processing file /home/airflow/.local/lib/python3.12/site-packages/airflow/example_dags/example_branch_labels.py for tasks to queue
[2024-07-25T23:19:22.329+0000] {logging_mixin.py:188} INFO - [2024-07-25T23:19:22.329+0000] {dagbag.py:545} INFO - Filling up the DagBag from /home/airflow/.local/lib/python3.12/site-packages/airflow/example_dags/example_branch_labels.py
[2024-07-25T23:19:22.336+0000] {processor.py:840} INFO - DAG(s) 'example_branch_labels' retrieved from /home/airflow/.local/lib/python3.12/site-packages/airflow/example_dags/example_branch_labels.py
[2024-07-25T23:19:22.354+0000] {logging_mixin.py:188} INFO - [2024-07-25T23:19:22.354+0000] {dag.py:3089} INFO - Sync 1 DAGs
[2024-07-25T23:19:22.369+0000] {logging_mixin.py:188} INFO - [2024-07-25T23:19:22.369+0000] {dag.py:3947} INFO - Setting next_dagrun for example_branch_labels to 2024-07-24 00:00:00+00:00, run_after=2024-07-25 00:00:00+00:00
[2024-07-25T23:19:22.381+0000] {processor.py:183} INFO - Processing /home/airflow/.local/lib/python3.12/site-packages/airflow/example_dags/example_branch_labels.py took 0.059 seconds
[2024-07-25T23:19:53.245+0000] {processor.py:161} INFO - Started process (PID=370) to work on /home/airflow/.local/lib/python3.12/site-packages/airflow/example_dags/example_branch_labels.py
[2024-07-25T23:19:53.250+0000] {processor.py:830} INFO - Processing file /home/airflow/.local/lib/python3.12/site-packages/airflow/example_dags/example_branch_labels.py for tasks to queue
[2024-07-25T23:19:53.257+0000] {logging_mixin.py:188} INFO - [2024-07-25T23:19:53.256+0000] {dagbag.py:545} INFO - Filling up the DagBag from /home/airflow/.local/lib/python3.12/site-packages/airflow/example_dags/example_branch_labels.py
[2024-07-25T23:19:53.278+0000] {processor.py:840} INFO - DAG(s) 'example_branch_labels' retrieved from /home/airflow/.local/lib/python3.12/site-packages/airflow/example_dags/example_branch_labels.py
[2024-07-25T23:19:53.342+0000] {logging_mixin.py:188} INFO - [2024-07-25T23:19:53.342+0000] {dag.py:3089} INFO - Sync 1 DAGs
[2024-07-25T23:19:53.416+0000] {logging_mixin.py:188} INFO - [2024-07-25T23:19:53.415+0000] {dag.py:3947} INFO - Setting next_dagrun for example_branch_labels to 2024-07-24 00:00:00+00:00, run_after=2024-07-25 00:00:00+00:00
[2024-07-25T23:19:53.469+0000] {processor.py:183} INFO - Processing /home/airflow/.local/lib/python3.12/site-packages/airflow/example_dags/example_branch_labels.py took 0.246 seconds
[2024-07-25T23:20:25.132+0000] {processor.py:161} INFO - Started process (PID=430) to work on /home/airflow/.local/lib/python3.12/site-packages/airflow/example_dags/example_branch_labels.py
[2024-07-25T23:20:25.134+0000] {processor.py:830} INFO - Processing file /home/airflow/.local/lib/python3.12/site-packages/airflow/example_dags/example_branch_labels.py for tasks to queue
[2024-07-25T23:20:25.138+0000] {logging_mixin.py:188} INFO - [2024-07-25T23:20:25.137+0000] {dagbag.py:545} INFO - Filling up the DagBag from /home/airflow/.local/lib/python3.12/site-packages/airflow/example_dags/example_branch_labels.py
[2024-07-25T23:20:25.159+0000] {processor.py:840} INFO - DAG(s) 'example_branch_labels' retrieved from /home/airflow/.local/lib/python3.12/site-packages/airflow/example_dags/example_branch_labels.py
[2024-07-25T23:20:25.218+0000] {logging_mixin.py:188} INFO - [2024-07-25T23:20:25.217+0000] {dag.py:3089} INFO - Sync 1 DAGs
[2024-07-25T23:20:25.341+0000] {logging_mixin.py:188} INFO - [2024-07-25T23:20:25.338+0000] {dag.py:3947} INFO - Setting next_dagrun for example_branch_labels to 2024-07-24 00:00:00+00:00, run_after=2024-07-25 00:00:00+00:00
[2024-07-25T23:20:25.413+0000] {processor.py:183} INFO - Processing /home/airflow/.local/lib/python3.12/site-packages/airflow/example_dags/example_branch_labels.py took 0.296 seconds
[2024-07-25T23:20:55.645+0000] {processor.py:161} INFO - Started process (PID=490) to work on /home/airflow/.local/lib/python3.12/site-packages/airflow/example_dags/example_branch_labels.py
[2024-07-25T23:20:55.645+0000] {processor.py:830} INFO - Processing file /home/airflow/.local/lib/python3.12/site-packages/airflow/example_dags/example_branch_labels.py for tasks to queue
[2024-07-25T23:20:55.647+0000] {logging_mixin.py:188} INFO - [2024-07-25T23:20:55.646+0000] {dagbag.py:545} INFO - Filling up the DagBag from /home/airflow/.local/lib/python3.12/site-packages/airflow/example_dags/example_branch_labels.py
[2024-07-25T23:20:55.651+0000] {processor.py:840} INFO - DAG(s) 'example_branch_labels' retrieved from /home/airflow/.local/lib/python3.12/site-packages/airflow/example_dags/example_branch_labels.py
[2024-07-25T23:20:55.669+0000] {logging_mixin.py:188} INFO - [2024-07-25T23:20:55.669+0000] {dag.py:3089} INFO - Sync 1 DAGs
[2024-07-25T23:20:55.687+0000] {logging_mixin.py:188} INFO - [2024-07-25T23:20:55.687+0000] {dag.py:3947} INFO - Setting next_dagrun for example_branch_labels to 2024-07-24 00:00:00+00:00, run_after=2024-07-25 00:00:00+00:00
[2024-07-25T23:20:55.704+0000] {processor.py:183} INFO - Processing /home/airflow/.local/lib/python3.12/site-packages/airflow/example_dags/example_branch_labels.py took 0.063 seconds
[2024-07-25T23:21:26.301+0000] {processor.py:161} INFO - Started process (PID=550) to work on /home/airflow/.local/lib/python3.12/site-packages/airflow/example_dags/example_branch_labels.py
[2024-07-25T23:21:26.301+0000] {processor.py:830} INFO - Processing file /home/airflow/.local/lib/python3.12/site-packages/airflow/example_dags/example_branch_labels.py for tasks to queue
[2024-07-25T23:21:26.303+0000] {logging_mixin.py:188} INFO - [2024-07-25T23:21:26.303+0000] {dagbag.py:545} INFO - Filling up the DagBag from /home/airflow/.local/lib/python3.12/site-packages/airflow/example_dags/example_branch_labels.py
[2024-07-25T23:21:26.312+0000] {processor.py:840} INFO - DAG(s) 'example_branch_labels' retrieved from /home/airflow/.local/lib/python3.12/site-packages/airflow/example_dags/example_branch_labels.py
[2024-07-25T23:21:26.356+0000] {logging_mixin.py:188} INFO - [2024-07-25T23:21:26.355+0000] {dag.py:3089} INFO - Sync 1 DAGs
[2024-07-25T23:21:26.388+0000] {logging_mixin.py:188} INFO - [2024-07-25T23:21:26.388+0000] {dag.py:3947} INFO - Setting next_dagrun for example_branch_labels to 2024-07-24 00:00:00+00:00, run_after=2024-07-25 00:00:00+00:00
[2024-07-25T23:21:26.410+0000] {processor.py:183} INFO - Processing /home/airflow/.local/lib/python3.12/site-packages/airflow/example_dags/example_branch_labels.py took 0.114 seconds
[2024-07-25T23:21:57.042+0000] {processor.py:161} INFO - Started process (PID=609) to work on /home/airflow/.local/lib/python3.12/site-packages/airflow/example_dags/example_branch_labels.py
[2024-07-25T23:21:57.042+0000] {processor.py:830} INFO - Processing file /home/airflow/.local/lib/python3.12/site-packages/airflow/example_dags/example_branch_labels.py for tasks to queue
[2024-07-25T23:21:57.044+0000] {logging_mixin.py:188} INFO - [2024-07-25T23:21:57.044+0000] {dagbag.py:545} INFO - Filling up the DagBag from /home/airflow/.local/lib/python3.12/site-packages/airflow/example_dags/example_branch_labels.py
[2024-07-25T23:21:57.049+0000] {processor.py:840} INFO - DAG(s) 'example_branch_labels' retrieved from /home/airflow/.local/lib/python3.12/site-packages/airflow/example_dags/example_branch_labels.py
[2024-07-25T23:21:57.067+0000] {logging_mixin.py:188} INFO - [2024-07-25T23:21:57.067+0000] {dag.py:3089} INFO - Sync 1 DAGs
[2024-07-25T23:21:57.088+0000] {logging_mixin.py:188} INFO - [2024-07-25T23:21:57.088+0000] {dag.py:3947} INFO - Setting next_dagrun for example_branch_labels to 2024-07-24 00:00:00+00:00, run_after=2024-07-25 00:00:00+00:00
[2024-07-25T23:21:57.106+0000] {processor.py:183} INFO - Processing /home/airflow/.local/lib/python3.12/site-packages/airflow/example_dags/example_branch_labels.py took 0.069 seconds
[2024-07-25T23:22:27.567+0000] {processor.py:161} INFO - Started process (PID=668) to work on /home/airflow/.local/lib/python3.12/site-packages/airflow/example_dags/example_branch_labels.py
[2024-07-25T23:22:27.568+0000] {processor.py:830} INFO - Processing file /home/airflow/.local/lib/python3.12/site-packages/airflow/example_dags/example_branch_labels.py for tasks to queue
[2024-07-25T23:22:27.569+0000] {logging_mixin.py:188} INFO - [2024-07-25T23:22:27.569+0000] {dagbag.py:545} INFO - Filling up the DagBag from /home/airflow/.local/lib/python3.12/site-packages/airflow/example_dags/example_branch_labels.py
[2024-07-25T23:22:27.574+0000] {processor.py:840} INFO - DAG(s) 'example_branch_labels' retrieved from /home/airflow/.local/lib/python3.12/site-packages/airflow/example_dags/example_branch_labels.py
[2024-07-25T23:22:27.591+0000] {logging_mixin.py:188} INFO - [2024-07-25T23:22:27.591+0000] {dag.py:3089} INFO - Sync 1 DAGs
[2024-07-25T23:22:27.612+0000] {logging_mixin.py:188} INFO - [2024-07-25T23:22:27.612+0000] {dag.py:3947} INFO - Setting next_dagrun for example_branch_labels to 2024-07-24 00:00:00+00:00, run_after=2024-07-25 00:00:00+00:00
[2024-07-25T23:22:27.632+0000] {processor.py:183} INFO - Processing /home/airflow/.local/lib/python3.12/site-packages/airflow/example_dags/example_branch_labels.py took 0.069 seconds
[2024-07-25T23:22:58.558+0000] {processor.py:161} INFO - Started process (PID=728) to work on /home/airflow/.local/lib/python3.12/site-packages/airflow/example_dags/example_branch_labels.py
[2024-07-25T23:22:58.561+0000] {processor.py:830} INFO - Processing file /home/airflow/.local/lib/python3.12/site-packages/airflow/example_dags/example_branch_labels.py for tasks to queue
[2024-07-25T23:22:58.564+0000] {logging_mixin.py:188} INFO - [2024-07-25T23:22:58.564+0000] {dagbag.py:545} INFO - Filling up the DagBag from /home/airflow/.local/lib/python3.12/site-packages/airflow/example_dags/example_branch_labels.py
[2024-07-25T23:22:58.584+0000] {processor.py:840} INFO - DAG(s) 'example_branch_labels' retrieved from /home/airflow/.local/lib/python3.12/site-packages/airflow/example_dags/example_branch_labels.py
[2024-07-25T23:22:58.652+0000] {logging_mixin.py:188} INFO - [2024-07-25T23:22:58.651+0000] {dag.py:3089} INFO - Sync 1 DAGs
[2024-07-25T23:22:58.680+0000] {logging_mixin.py:188} INFO - [2024-07-25T23:22:58.680+0000] {dag.py:3947} INFO - Setting next_dagrun for example_branch_labels to 2024-07-24 00:00:00+00:00, run_after=2024-07-25 00:00:00+00:00
[2024-07-25T23:22:58.719+0000] {processor.py:183} INFO - Processing /home/airflow/.local/lib/python3.12/site-packages/airflow/example_dags/example_branch_labels.py took 0.165 seconds
[2024-07-25T23:23:29.225+0000] {processor.py:161} INFO - Started process (PID=788) to work on /home/airflow/.local/lib/python3.12/site-packages/airflow/example_dags/example_branch_labels.py
[2024-07-25T23:23:29.225+0000] {processor.py:830} INFO - Processing file /home/airflow/.local/lib/python3.12/site-packages/airflow/example_dags/example_branch_labels.py for tasks to queue
[2024-07-25T23:23:29.227+0000] {logging_mixin.py:188} INFO - [2024-07-25T23:23:29.227+0000] {dagbag.py:545} INFO - Filling up the DagBag from /home/airflow/.local/lib/python3.12/site-packages/airflow/example_dags/example_branch_labels.py
[2024-07-25T23:23:29.232+0000] {processor.py:840} INFO - DAG(s) 'example_branch_labels' retrieved from /home/airflow/.local/lib/python3.12/site-packages/airflow/example_dags/example_branch_labels.py
[2024-07-25T23:23:29.247+0000] {logging_mixin.py:188} INFO - [2024-07-25T23:23:29.247+0000] {dag.py:3089} INFO - Sync 1 DAGs
[2024-07-25T23:23:29.262+0000] {logging_mixin.py:188} INFO - [2024-07-25T23:23:29.262+0000] {dag.py:3947} INFO - Setting next_dagrun for example_branch_labels to 2024-07-24 00:00:00+00:00, run_after=2024-07-25 00:00:00+00:00
[2024-07-25T23:23:29.280+0000] {processor.py:183} INFO - Processing /home/airflow/.local/lib/python3.12/site-packages/airflow/example_dags/example_branch_labels.py took 0.060 seconds
[2024-07-25T23:24:04.862+0000] {processor.py:161} INFO - Started process (PID=848) to work on /home/airflow/.local/lib/python3.12/site-packages/airflow/example_dags/example_branch_labels.py
[2024-07-25T23:24:04.865+0000] {processor.py:830} INFO - Processing file /home/airflow/.local/lib/python3.12/site-packages/airflow/example_dags/example_branch_labels.py for tasks to queue
[2024-07-25T23:24:04.868+0000] {logging_mixin.py:188} INFO - [2024-07-25T23:24:04.867+0000] {dagbag.py:545} INFO - Filling up the DagBag from /home/airflow/.local/lib/python3.12/site-packages/airflow/example_dags/example_branch_labels.py
[2024-07-25T23:24:04.882+0000] {processor.py:840} INFO - DAG(s) 'example_branch_labels' retrieved from /home/airflow/.local/lib/python3.12/site-packages/airflow/example_dags/example_branch_labels.py
[2024-07-25T23:24:04.921+0000] {logging_mixin.py:188} INFO - [2024-07-25T23:24:04.921+0000] {dag.py:3089} INFO - Sync 1 DAGs
[2024-07-25T23:24:04.959+0000] {logging_mixin.py:188} INFO - [2024-07-25T23:24:04.959+0000] {dag.py:3947} INFO - Setting next_dagrun for example_branch_labels to 2024-07-24 00:00:00+00:00, run_after=2024-07-25 00:00:00+00:00
[2024-07-25T23:24:05.005+0000] {processor.py:183} INFO - Processing /home/airflow/.local/lib/python3.12/site-packages/airflow/example_dags/example_branch_labels.py took 0.155 seconds
[2024-07-25T23:24:35.120+0000] {processor.py:161} INFO - Started process (PID=908) to work on /home/airflow/.local/lib/python3.12/site-packages/airflow/example_dags/example_branch_labels.py
[2024-07-25T23:24:35.125+0000] {processor.py:830} INFO - Processing file /home/airflow/.local/lib/python3.12/site-packages/airflow/example_dags/example_branch_labels.py for tasks to queue
[2024-07-25T23:24:35.127+0000] {logging_mixin.py:188} INFO - [2024-07-25T23:24:35.127+0000] {dagbag.py:545} INFO - Filling up the DagBag from /home/airflow/.local/lib/python3.12/site-packages/airflow/example_dags/example_branch_labels.py
[2024-07-25T23:24:35.135+0000] {processor.py:840} INFO - DAG(s) 'example_branch_labels' retrieved from /home/airflow/.local/lib/python3.12/site-packages/airflow/example_dags/example_branch_labels.py
[2024-07-25T23:24:35.163+0000] {logging_mixin.py:188} INFO - [2024-07-25T23:24:35.162+0000] {dag.py:3089} INFO - Sync 1 DAGs
[2024-07-25T23:24:35.185+0000] {logging_mixin.py:188} INFO - [2024-07-25T23:24:35.185+0000] {dag.py:3947} INFO - Setting next_dagrun for example_branch_labels to 2024-07-24 00:00:00+00:00, run_after=2024-07-25 00:00:00+00:00
[2024-07-25T23:24:35.213+0000] {processor.py:183} INFO - Processing /home/airflow/.local/lib/python3.12/site-packages/airflow/example_dags/example_branch_labels.py took 0.098 seconds
[2024-07-25T23:25:06.332+0000] {processor.py:161} INFO - Started process (PID=968) to work on /home/airflow/.local/lib/python3.12/site-packages/airflow/example_dags/example_branch_labels.py
[2024-07-25T23:25:06.332+0000] {processor.py:830} INFO - Processing file /home/airflow/.local/lib/python3.12/site-packages/airflow/example_dags/example_branch_labels.py for tasks to queue
[2024-07-25T23:25:06.334+0000] {logging_mixin.py:188} INFO - [2024-07-25T23:25:06.334+0000] {dagbag.py:545} INFO - Filling up the DagBag from /home/airflow/.local/lib/python3.12/site-packages/airflow/example_dags/example_branch_labels.py
[2024-07-25T23:25:06.340+0000] {processor.py:840} INFO - DAG(s) 'example_branch_labels' retrieved from /home/airflow/.local/lib/python3.12/site-packages/airflow/example_dags/example_branch_labels.py
[2024-07-25T23:25:06.358+0000] {logging_mixin.py:188} INFO - [2024-07-25T23:25:06.358+0000] {dag.py:3089} INFO - Sync 1 DAGs
[2024-07-25T23:25:06.375+0000] {logging_mixin.py:188} INFO - [2024-07-25T23:25:06.375+0000] {dag.py:3947} INFO - Setting next_dagrun for example_branch_labels to 2024-07-24 00:00:00+00:00, run_after=2024-07-25 00:00:00+00:00
[2024-07-25T23:25:06.387+0000] {processor.py:183} INFO - Processing /home/airflow/.local/lib/python3.12/site-packages/airflow/example_dags/example_branch_labels.py took 0.063 seconds
[2024-07-25T23:27:33.844+0000] {processor.py:161} INFO - Started process (PID=74) to work on /home/airflow/.local/lib/python3.12/site-packages/airflow/example_dags/example_branch_labels.py
[2024-07-25T23:27:33.860+0000] {processor.py:830} INFO - Processing file /home/airflow/.local/lib/python3.12/site-packages/airflow/example_dags/example_branch_labels.py for tasks to queue
[2024-07-25T23:27:33.895+0000] {logging_mixin.py:188} INFO - [2024-07-25T23:27:33.894+0000] {dagbag.py:545} INFO - Filling up the DagBag from /home/airflow/.local/lib/python3.12/site-packages/airflow/example_dags/example_branch_labels.py
[2024-07-25T23:27:34.164+0000] {processor.py:840} INFO - DAG(s) 'example_branch_labels' retrieved from /home/airflow/.local/lib/python3.12/site-packages/airflow/example_dags/example_branch_labels.py
[2024-07-25T23:27:35.092+0000] {logging_mixin.py:188} INFO - [2024-07-25T23:27:35.084+0000] {dag.py:3089} INFO - Sync 1 DAGs
[2024-07-25T23:27:35.334+0000] {logging_mixin.py:188} INFO - [2024-07-25T23:27:35.333+0000] {dag.py:3947} INFO - Setting next_dagrun for example_branch_labels to 2024-07-24 00:00:00+00:00, run_after=2024-07-25 00:00:00+00:00
[2024-07-25T23:27:35.497+0000] {processor.py:183} INFO - Processing /home/airflow/.local/lib/python3.12/site-packages/airflow/example_dags/example_branch_labels.py took 1.814 seconds
[2024-07-25T23:28:15.246+0000] {processor.py:161} INFO - Started process (PID=134) to work on /home/airflow/.local/lib/python3.12/site-packages/airflow/example_dags/example_branch_labels.py
[2024-07-25T23:28:15.249+0000] {processor.py:830} INFO - Processing file /home/airflow/.local/lib/python3.12/site-packages/airflow/example_dags/example_branch_labels.py for tasks to queue
[2024-07-25T23:28:15.268+0000] {logging_mixin.py:188} INFO - [2024-07-25T23:28:15.263+0000] {dagbag.py:545} INFO - Filling up the DagBag from /home/airflow/.local/lib/python3.12/site-packages/airflow/example_dags/example_branch_labels.py
[2024-07-25T23:28:15.305+0000] {processor.py:840} INFO - DAG(s) 'example_branch_labels' retrieved from /home/airflow/.local/lib/python3.12/site-packages/airflow/example_dags/example_branch_labels.py
[2024-07-25T23:28:15.785+0000] {logging_mixin.py:188} INFO - [2024-07-25T23:28:15.784+0000] {dag.py:3089} INFO - Sync 1 DAGs
[2024-07-25T23:28:16.018+0000] {logging_mixin.py:188} INFO - [2024-07-25T23:28:16.017+0000] {dag.py:3947} INFO - Setting next_dagrun for example_branch_labels to 2024-07-24 00:00:00+00:00, run_after=2024-07-25 00:00:00+00:00
[2024-07-25T23:28:16.159+0000] {processor.py:183} INFO - Processing /home/airflow/.local/lib/python3.12/site-packages/airflow/example_dags/example_branch_labels.py took 0.938 seconds
[2024-07-25T23:28:47.035+0000] {processor.py:161} INFO - Started process (PID=194) to work on /home/airflow/.local/lib/python3.12/site-packages/airflow/example_dags/example_branch_labels.py
[2024-07-25T23:28:47.038+0000] {processor.py:830} INFO - Processing file /home/airflow/.local/lib/python3.12/site-packages/airflow/example_dags/example_branch_labels.py for tasks to queue
[2024-07-25T23:28:47.043+0000] {logging_mixin.py:188} INFO - [2024-07-25T23:28:47.043+0000] {dagbag.py:545} INFO - Filling up the DagBag from /home/airflow/.local/lib/python3.12/site-packages/airflow/example_dags/example_branch_labels.py
[2024-07-25T23:28:47.063+0000] {processor.py:840} INFO - DAG(s) 'example_branch_labels' retrieved from /home/airflow/.local/lib/python3.12/site-packages/airflow/example_dags/example_branch_labels.py
[2024-07-25T23:28:47.110+0000] {logging_mixin.py:188} INFO - [2024-07-25T23:28:47.110+0000] {dag.py:3089} INFO - Sync 1 DAGs
[2024-07-25T23:28:47.145+0000] {logging_mixin.py:188} INFO - [2024-07-25T23:28:47.145+0000] {dag.py:3947} INFO - Setting next_dagrun for example_branch_labels to 2024-07-24 00:00:00+00:00, run_after=2024-07-25 00:00:00+00:00
[2024-07-25T23:28:47.164+0000] {processor.py:183} INFO - Processing /home/airflow/.local/lib/python3.12/site-packages/airflow/example_dags/example_branch_labels.py took 0.154 seconds
[2024-07-25T23:29:17.477+0000] {processor.py:161} INFO - Started process (PID=253) to work on /home/airflow/.local/lib/python3.12/site-packages/airflow/example_dags/example_branch_labels.py
[2024-07-25T23:29:17.481+0000] {processor.py:830} INFO - Processing file /home/airflow/.local/lib/python3.12/site-packages/airflow/example_dags/example_branch_labels.py for tasks to queue
[2024-07-25T23:29:17.487+0000] {logging_mixin.py:188} INFO - [2024-07-25T23:29:17.486+0000] {dagbag.py:545} INFO - Filling up the DagBag from /home/airflow/.local/lib/python3.12/site-packages/airflow/example_dags/example_branch_labels.py
[2024-07-25T23:29:17.530+0000] {processor.py:840} INFO - DAG(s) 'example_branch_labels' retrieved from /home/airflow/.local/lib/python3.12/site-packages/airflow/example_dags/example_branch_labels.py
[2024-07-25T23:29:17.782+0000] {logging_mixin.py:188} INFO - [2024-07-25T23:29:17.782+0000] {dag.py:3089} INFO - Sync 1 DAGs
[2024-07-25T23:29:17.842+0000] {logging_mixin.py:188} INFO - [2024-07-25T23:29:17.842+0000] {dag.py:3947} INFO - Setting next_dagrun for example_branch_labels to 2024-07-24 00:00:00+00:00, run_after=2024-07-25 00:00:00+00:00
[2024-07-25T23:29:17.873+0000] {processor.py:183} INFO - Processing /home/airflow/.local/lib/python3.12/site-packages/airflow/example_dags/example_branch_labels.py took 0.418 seconds
[2024-07-25T23:29:49.786+0000] {processor.py:161} INFO - Started process (PID=318) to work on /home/airflow/.local/lib/python3.12/site-packages/airflow/example_dags/example_branch_labels.py
[2024-07-25T23:29:49.790+0000] {processor.py:830} INFO - Processing file /home/airflow/.local/lib/python3.12/site-packages/airflow/example_dags/example_branch_labels.py for tasks to queue
[2024-07-25T23:29:49.796+0000] {logging_mixin.py:188} INFO - [2024-07-25T23:29:49.796+0000] {dagbag.py:545} INFO - Filling up the DagBag from /home/airflow/.local/lib/python3.12/site-packages/airflow/example_dags/example_branch_labels.py
[2024-07-25T23:29:49.818+0000] {processor.py:840} INFO - DAG(s) 'example_branch_labels' retrieved from /home/airflow/.local/lib/python3.12/site-packages/airflow/example_dags/example_branch_labels.py
[2024-07-25T23:29:49.904+0000] {logging_mixin.py:188} INFO - [2024-07-25T23:29:49.903+0000] {dag.py:3089} INFO - Sync 1 DAGs
[2024-07-25T23:29:49.964+0000] {logging_mixin.py:188} INFO - [2024-07-25T23:29:49.964+0000] {dag.py:3947} INFO - Setting next_dagrun for example_branch_labels to 2024-07-24 00:00:00+00:00, run_after=2024-07-25 00:00:00+00:00
[2024-07-25T23:29:50.027+0000] {processor.py:183} INFO - Processing /home/airflow/.local/lib/python3.12/site-packages/airflow/example_dags/example_branch_labels.py took 0.249 seconds
[2024-07-25T23:30:23.122+0000] {processor.py:161} INFO - Started process (PID=376) to work on /home/airflow/.local/lib/python3.12/site-packages/airflow/example_dags/example_branch_labels.py
[2024-07-25T23:30:23.127+0000] {processor.py:830} INFO - Processing file /home/airflow/.local/lib/python3.12/site-packages/airflow/example_dags/example_branch_labels.py for tasks to queue
[2024-07-25T23:30:23.129+0000] {logging_mixin.py:188} INFO - [2024-07-25T23:30:23.129+0000] {dagbag.py:545} INFO - Filling up the DagBag from /home/airflow/.local/lib/python3.12/site-packages/airflow/example_dags/example_branch_labels.py
[2024-07-25T23:30:23.137+0000] {processor.py:840} INFO - DAG(s) 'example_branch_labels' retrieved from /home/airflow/.local/lib/python3.12/site-packages/airflow/example_dags/example_branch_labels.py
[2024-07-25T23:30:23.158+0000] {logging_mixin.py:188} INFO - [2024-07-25T23:30:23.158+0000] {dag.py:3089} INFO - Sync 1 DAGs
[2024-07-25T23:30:23.177+0000] {logging_mixin.py:188} INFO - [2024-07-25T23:30:23.177+0000] {dag.py:3947} INFO - Setting next_dagrun for example_branch_labels to 2024-07-24 00:00:00+00:00, run_after=2024-07-25 00:00:00+00:00
[2024-07-25T23:30:23.192+0000] {processor.py:183} INFO - Processing /home/airflow/.local/lib/python3.12/site-packages/airflow/example_dags/example_branch_labels.py took 0.075 seconds
[2024-07-25T23:30:53.894+0000] {processor.py:161} INFO - Started process (PID=436) to work on /home/airflow/.local/lib/python3.12/site-packages/airflow/example_dags/example_branch_labels.py
[2024-07-25T23:30:53.895+0000] {processor.py:830} INFO - Processing file /home/airflow/.local/lib/python3.12/site-packages/airflow/example_dags/example_branch_labels.py for tasks to queue
[2024-07-25T23:30:53.899+0000] {logging_mixin.py:188} INFO - [2024-07-25T23:30:53.899+0000] {dagbag.py:545} INFO - Filling up the DagBag from /home/airflow/.local/lib/python3.12/site-packages/airflow/example_dags/example_branch_labels.py
[2024-07-25T23:30:53.908+0000] {processor.py:840} INFO - DAG(s) 'example_branch_labels' retrieved from /home/airflow/.local/lib/python3.12/site-packages/airflow/example_dags/example_branch_labels.py
[2024-07-25T23:30:53.924+0000] {logging_mixin.py:188} INFO - [2024-07-25T23:30:53.924+0000] {dag.py:3089} INFO - Sync 1 DAGs
[2024-07-25T23:30:53.943+0000] {logging_mixin.py:188} INFO - [2024-07-25T23:30:53.943+0000] {dag.py:3947} INFO - Setting next_dagrun for example_branch_labels to 2024-07-24 00:00:00+00:00, run_after=2024-07-25 00:00:00+00:00
[2024-07-25T23:30:53.962+0000] {processor.py:183} INFO - Processing /home/airflow/.local/lib/python3.12/site-packages/airflow/example_dags/example_branch_labels.py took 0.073 seconds
[2024-07-25T23:31:24.068+0000] {processor.py:161} INFO - Started process (PID=496) to work on /home/airflow/.local/lib/python3.12/site-packages/airflow/example_dags/example_branch_labels.py
[2024-07-25T23:31:24.070+0000] {processor.py:830} INFO - Processing file /home/airflow/.local/lib/python3.12/site-packages/airflow/example_dags/example_branch_labels.py for tasks to queue
[2024-07-25T23:31:24.072+0000] {logging_mixin.py:188} INFO - [2024-07-25T23:31:24.071+0000] {dagbag.py:545} INFO - Filling up the DagBag from /home/airflow/.local/lib/python3.12/site-packages/airflow/example_dags/example_branch_labels.py
[2024-07-25T23:31:24.077+0000] {processor.py:840} INFO - DAG(s) 'example_branch_labels' retrieved from /home/airflow/.local/lib/python3.12/site-packages/airflow/example_dags/example_branch_labels.py
[2024-07-25T23:31:24.092+0000] {logging_mixin.py:188} INFO - [2024-07-25T23:31:24.091+0000] {dag.py:3089} INFO - Sync 1 DAGs
[2024-07-25T23:31:24.111+0000] {logging_mixin.py:188} INFO - [2024-07-25T23:31:24.110+0000] {dag.py:3947} INFO - Setting next_dagrun for example_branch_labels to 2024-07-24 00:00:00+00:00, run_after=2024-07-25 00:00:00+00:00
[2024-07-25T23:31:24.131+0000] {processor.py:183} INFO - Processing /home/airflow/.local/lib/python3.12/site-packages/airflow/example_dags/example_branch_labels.py took 0.068 seconds
[2024-07-25T23:31:54.552+0000] {processor.py:161} INFO - Started process (PID=556) to work on /home/airflow/.local/lib/python3.12/site-packages/airflow/example_dags/example_branch_labels.py
[2024-07-25T23:31:54.556+0000] {processor.py:830} INFO - Processing file /home/airflow/.local/lib/python3.12/site-packages/airflow/example_dags/example_branch_labels.py for tasks to queue
[2024-07-25T23:31:54.557+0000] {logging_mixin.py:188} INFO - [2024-07-25T23:31:54.557+0000] {dagbag.py:545} INFO - Filling up the DagBag from /home/airflow/.local/lib/python3.12/site-packages/airflow/example_dags/example_branch_labels.py
[2024-07-25T23:31:54.565+0000] {processor.py:840} INFO - DAG(s) 'example_branch_labels' retrieved from /home/airflow/.local/lib/python3.12/site-packages/airflow/example_dags/example_branch_labels.py
[2024-07-25T23:31:54.587+0000] {logging_mixin.py:188} INFO - [2024-07-25T23:31:54.587+0000] {dag.py:3089} INFO - Sync 1 DAGs
[2024-07-25T23:31:54.608+0000] {logging_mixin.py:188} INFO - [2024-07-25T23:31:54.608+0000] {dag.py:3947} INFO - Setting next_dagrun for example_branch_labels to 2024-07-24 00:00:00+00:00, run_after=2024-07-25 00:00:00+00:00
[2024-07-25T23:31:54.629+0000] {processor.py:183} INFO - Processing /home/airflow/.local/lib/python3.12/site-packages/airflow/example_dags/example_branch_labels.py took 0.080 seconds
[2024-07-25T23:32:25.247+0000] {processor.py:161} INFO - Started process (PID=616) to work on /home/airflow/.local/lib/python3.12/site-packages/airflow/example_dags/example_branch_labels.py
[2024-07-25T23:32:25.250+0000] {processor.py:830} INFO - Processing file /home/airflow/.local/lib/python3.12/site-packages/airflow/example_dags/example_branch_labels.py for tasks to queue
[2024-07-25T23:32:25.254+0000] {logging_mixin.py:188} INFO - [2024-07-25T23:32:25.253+0000] {dagbag.py:545} INFO - Filling up the DagBag from /home/airflow/.local/lib/python3.12/site-packages/airflow/example_dags/example_branch_labels.py
[2024-07-25T23:32:25.266+0000] {processor.py:840} INFO - DAG(s) 'example_branch_labels' retrieved from /home/airflow/.local/lib/python3.12/site-packages/airflow/example_dags/example_branch_labels.py
[2024-07-25T23:32:25.320+0000] {logging_mixin.py:188} INFO - [2024-07-25T23:32:25.319+0000] {dag.py:3089} INFO - Sync 1 DAGs
[2024-07-25T23:32:25.373+0000] {logging_mixin.py:188} INFO - [2024-07-25T23:32:25.373+0000] {dag.py:3947} INFO - Setting next_dagrun for example_branch_labels to 2024-07-24 00:00:00+00:00, run_after=2024-07-25 00:00:00+00:00
[2024-07-25T23:32:25.402+0000] {processor.py:183} INFO - Processing /home/airflow/.local/lib/python3.12/site-packages/airflow/example_dags/example_branch_labels.py took 0.167 seconds
[2024-07-25T23:32:55.848+0000] {processor.py:161} INFO - Started process (PID=672) to work on /home/airflow/.local/lib/python3.12/site-packages/airflow/example_dags/example_branch_labels.py
[2024-07-25T23:32:55.850+0000] {processor.py:830} INFO - Processing file /home/airflow/.local/lib/python3.12/site-packages/airflow/example_dags/example_branch_labels.py for tasks to queue
[2024-07-25T23:32:55.854+0000] {logging_mixin.py:188} INFO - [2024-07-25T23:32:55.854+0000] {dagbag.py:545} INFO - Filling up the DagBag from /home/airflow/.local/lib/python3.12/site-packages/airflow/example_dags/example_branch_labels.py
[2024-07-25T23:32:55.863+0000] {processor.py:840} INFO - DAG(s) 'example_branch_labels' retrieved from /home/airflow/.local/lib/python3.12/site-packages/airflow/example_dags/example_branch_labels.py
[2024-07-25T23:32:55.887+0000] {logging_mixin.py:188} INFO - [2024-07-25T23:32:55.886+0000] {dag.py:3089} INFO - Sync 1 DAGs
[2024-07-25T23:32:55.918+0000] {logging_mixin.py:188} INFO - [2024-07-25T23:32:55.917+0000] {dag.py:3947} INFO - Setting next_dagrun for example_branch_labels to 2024-07-24 00:00:00+00:00, run_after=2024-07-25 00:00:00+00:00
[2024-07-25T23:32:55.945+0000] {processor.py:183} INFO - Processing /home/airflow/.local/lib/python3.12/site-packages/airflow/example_dags/example_branch_labels.py took 0.103 seconds
[2024-07-25T23:33:26.393+0000] {processor.py:161} INFO - Started process (PID=732) to work on /home/airflow/.local/lib/python3.12/site-packages/airflow/example_dags/example_branch_labels.py
[2024-07-25T23:33:26.395+0000] {processor.py:830} INFO - Processing file /home/airflow/.local/lib/python3.12/site-packages/airflow/example_dags/example_branch_labels.py for tasks to queue
[2024-07-25T23:33:26.397+0000] {logging_mixin.py:188} INFO - [2024-07-25T23:33:26.396+0000] {dagbag.py:545} INFO - Filling up the DagBag from /home/airflow/.local/lib/python3.12/site-packages/airflow/example_dags/example_branch_labels.py
[2024-07-25T23:33:26.404+0000] {processor.py:840} INFO - DAG(s) 'example_branch_labels' retrieved from /home/airflow/.local/lib/python3.12/site-packages/airflow/example_dags/example_branch_labels.py
[2024-07-25T23:33:26.441+0000] {logging_mixin.py:188} INFO - [2024-07-25T23:33:26.441+0000] {dag.py:3089} INFO - Sync 1 DAGs
[2024-07-25T23:33:26.459+0000] {logging_mixin.py:188} INFO - [2024-07-25T23:33:26.459+0000] {dag.py:3947} INFO - Setting next_dagrun for example_branch_labels to 2024-07-24 00:00:00+00:00, run_after=2024-07-25 00:00:00+00:00
[2024-07-25T23:33:26.493+0000] {processor.py:183} INFO - Processing /home/airflow/.local/lib/python3.12/site-packages/airflow/example_dags/example_branch_labels.py took 0.104 seconds
[2024-07-25T23:33:56.793+0000] {processor.py:161} INFO - Started process (PID=792) to work on /home/airflow/.local/lib/python3.12/site-packages/airflow/example_dags/example_branch_labels.py
[2024-07-25T23:33:56.799+0000] {processor.py:830} INFO - Processing file /home/airflow/.local/lib/python3.12/site-packages/airflow/example_dags/example_branch_labels.py for tasks to queue
[2024-07-25T23:33:56.801+0000] {logging_mixin.py:188} INFO - [2024-07-25T23:33:56.801+0000] {dagbag.py:545} INFO - Filling up the DagBag from /home/airflow/.local/lib/python3.12/site-packages/airflow/example_dags/example_branch_labels.py
[2024-07-25T23:33:56.807+0000] {processor.py:840} INFO - DAG(s) 'example_branch_labels' retrieved from /home/airflow/.local/lib/python3.12/site-packages/airflow/example_dags/example_branch_labels.py
[2024-07-25T23:33:56.830+0000] {logging_mixin.py:188} INFO - [2024-07-25T23:33:56.830+0000] {dag.py:3089} INFO - Sync 1 DAGs
[2024-07-25T23:33:56.850+0000] {logging_mixin.py:188} INFO - [2024-07-25T23:33:56.850+0000] {dag.py:3947} INFO - Setting next_dagrun for example_branch_labels to 2024-07-24 00:00:00+00:00, run_after=2024-07-25 00:00:00+00:00
[2024-07-25T23:33:56.864+0000] {processor.py:183} INFO - Processing /home/airflow/.local/lib/python3.12/site-packages/airflow/example_dags/example_branch_labels.py took 0.075 seconds
[2024-07-25T23:34:27.289+0000] {processor.py:161} INFO - Started process (PID=852) to work on /home/airflow/.local/lib/python3.12/site-packages/airflow/example_dags/example_branch_labels.py
[2024-07-25T23:34:27.290+0000] {processor.py:830} INFO - Processing file /home/airflow/.local/lib/python3.12/site-packages/airflow/example_dags/example_branch_labels.py for tasks to queue
[2024-07-25T23:34:27.293+0000] {logging_mixin.py:188} INFO - [2024-07-25T23:34:27.293+0000] {dagbag.py:545} INFO - Filling up the DagBag from /home/airflow/.local/lib/python3.12/site-packages/airflow/example_dags/example_branch_labels.py
[2024-07-25T23:34:27.299+0000] {processor.py:840} INFO - DAG(s) 'example_branch_labels' retrieved from /home/airflow/.local/lib/python3.12/site-packages/airflow/example_dags/example_branch_labels.py
[2024-07-25T23:34:27.316+0000] {logging_mixin.py:188} INFO - [2024-07-25T23:34:27.316+0000] {dag.py:3089} INFO - Sync 1 DAGs
[2024-07-25T23:34:27.334+0000] {logging_mixin.py:188} INFO - [2024-07-25T23:34:27.333+0000] {dag.py:3947} INFO - Setting next_dagrun for example_branch_labels to 2024-07-24 00:00:00+00:00, run_after=2024-07-25 00:00:00+00:00
[2024-07-25T23:34:27.355+0000] {processor.py:183} INFO - Processing /home/airflow/.local/lib/python3.12/site-packages/airflow/example_dags/example_branch_labels.py took 0.070 seconds
[2024-07-25T23:34:57.608+0000] {processor.py:161} INFO - Started process (PID=911) to work on /home/airflow/.local/lib/python3.12/site-packages/airflow/example_dags/example_branch_labels.py
[2024-07-25T23:34:57.609+0000] {processor.py:830} INFO - Processing file /home/airflow/.local/lib/python3.12/site-packages/airflow/example_dags/example_branch_labels.py for tasks to queue
[2024-07-25T23:34:57.611+0000] {logging_mixin.py:188} INFO - [2024-07-25T23:34:57.610+0000] {dagbag.py:545} INFO - Filling up the DagBag from /home/airflow/.local/lib/python3.12/site-packages/airflow/example_dags/example_branch_labels.py
[2024-07-25T23:34:57.617+0000] {processor.py:840} INFO - DAG(s) 'example_branch_labels' retrieved from /home/airflow/.local/lib/python3.12/site-packages/airflow/example_dags/example_branch_labels.py
[2024-07-25T23:34:57.634+0000] {logging_mixin.py:188} INFO - [2024-07-25T23:34:57.634+0000] {dag.py:3089} INFO - Sync 1 DAGs
[2024-07-25T23:34:57.660+0000] {logging_mixin.py:188} INFO - [2024-07-25T23:34:57.659+0000] {dag.py:3947} INFO - Setting next_dagrun for example_branch_labels to 2024-07-24 00:00:00+00:00, run_after=2024-07-25 00:00:00+00:00
[2024-07-25T23:34:57.680+0000] {processor.py:183} INFO - Processing /home/airflow/.local/lib/python3.12/site-packages/airflow/example_dags/example_branch_labels.py took 0.080 seconds
[2024-07-25T23:35:28.472+0000] {processor.py:161} INFO - Started process (PID=971) to work on /home/airflow/.local/lib/python3.12/site-packages/airflow/example_dags/example_branch_labels.py
[2024-07-25T23:35:28.473+0000] {processor.py:830} INFO - Processing file /home/airflow/.local/lib/python3.12/site-packages/airflow/example_dags/example_branch_labels.py for tasks to queue
[2024-07-25T23:35:28.475+0000] {logging_mixin.py:188} INFO - [2024-07-25T23:35:28.475+0000] {dagbag.py:545} INFO - Filling up the DagBag from /home/airflow/.local/lib/python3.12/site-packages/airflow/example_dags/example_branch_labels.py
[2024-07-25T23:35:28.481+0000] {processor.py:840} INFO - DAG(s) 'example_branch_labels' retrieved from /home/airflow/.local/lib/python3.12/site-packages/airflow/example_dags/example_branch_labels.py
[2024-07-25T23:35:28.495+0000] {logging_mixin.py:188} INFO - [2024-07-25T23:35:28.495+0000] {dag.py:3089} INFO - Sync 1 DAGs
[2024-07-25T23:35:28.510+0000] {logging_mixin.py:188} INFO - [2024-07-25T23:35:28.510+0000] {dag.py:3947} INFO - Setting next_dagrun for example_branch_labels to 2024-07-24 00:00:00+00:00, run_after=2024-07-25 00:00:00+00:00
[2024-07-25T23:35:28.526+0000] {processor.py:183} INFO - Processing /home/airflow/.local/lib/python3.12/site-packages/airflow/example_dags/example_branch_labels.py took 0.058 seconds
[2024-07-25T23:35:58.937+0000] {processor.py:161} INFO - Started process (PID=1031) to work on /home/airflow/.local/lib/python3.12/site-packages/airflow/example_dags/example_branch_labels.py
[2024-07-25T23:35:58.938+0000] {processor.py:830} INFO - Processing file /home/airflow/.local/lib/python3.12/site-packages/airflow/example_dags/example_branch_labels.py for tasks to queue
[2024-07-25T23:35:58.940+0000] {logging_mixin.py:188} INFO - [2024-07-25T23:35:58.940+0000] {dagbag.py:545} INFO - Filling up the DagBag from /home/airflow/.local/lib/python3.12/site-packages/airflow/example_dags/example_branch_labels.py
[2024-07-25T23:35:58.947+0000] {processor.py:840} INFO - DAG(s) 'example_branch_labels' retrieved from /home/airflow/.local/lib/python3.12/site-packages/airflow/example_dags/example_branch_labels.py
[2024-07-25T23:35:58.970+0000] {logging_mixin.py:188} INFO - [2024-07-25T23:35:58.970+0000] {dag.py:3089} INFO - Sync 1 DAGs
[2024-07-25T23:35:58.988+0000] {logging_mixin.py:188} INFO - [2024-07-25T23:35:58.988+0000] {dag.py:3947} INFO - Setting next_dagrun for example_branch_labels to 2024-07-24 00:00:00+00:00, run_after=2024-07-25 00:00:00+00:00
[2024-07-25T23:35:59.004+0000] {processor.py:183} INFO - Processing /home/airflow/.local/lib/python3.12/site-packages/airflow/example_dags/example_branch_labels.py took 0.073 seconds
[2024-07-25T23:36:30.612+0000] {processor.py:161} INFO - Started process (PID=1091) to work on /home/airflow/.local/lib/python3.12/site-packages/airflow/example_dags/example_branch_labels.py
[2024-07-25T23:36:30.615+0000] {processor.py:830} INFO - Processing file /home/airflow/.local/lib/python3.12/site-packages/airflow/example_dags/example_branch_labels.py for tasks to queue
[2024-07-25T23:36:30.616+0000] {logging_mixin.py:188} INFO - [2024-07-25T23:36:30.616+0000] {dagbag.py:545} INFO - Filling up the DagBag from /home/airflow/.local/lib/python3.12/site-packages/airflow/example_dags/example_branch_labels.py
[2024-07-25T23:36:30.622+0000] {processor.py:840} INFO - DAG(s) 'example_branch_labels' retrieved from /home/airflow/.local/lib/python3.12/site-packages/airflow/example_dags/example_branch_labels.py
[2024-07-25T23:36:30.645+0000] {logging_mixin.py:188} INFO - [2024-07-25T23:36:30.645+0000] {dag.py:3089} INFO - Sync 1 DAGs
[2024-07-25T23:36:30.667+0000] {logging_mixin.py:188} INFO - [2024-07-25T23:36:30.667+0000] {dag.py:3947} INFO - Setting next_dagrun for example_branch_labels to 2024-07-24 00:00:00+00:00, run_after=2024-07-25 00:00:00+00:00
[2024-07-25T23:36:30.693+0000] {processor.py:183} INFO - Processing /home/airflow/.local/lib/python3.12/site-packages/airflow/example_dags/example_branch_labels.py took 0.086 seconds
[2024-07-25T23:37:01.918+0000] {processor.py:161} INFO - Started process (PID=1150) to work on /home/airflow/.local/lib/python3.12/site-packages/airflow/example_dags/example_branch_labels.py
[2024-07-25T23:37:01.919+0000] {processor.py:830} INFO - Processing file /home/airflow/.local/lib/python3.12/site-packages/airflow/example_dags/example_branch_labels.py for tasks to queue
[2024-07-25T23:37:01.921+0000] {logging_mixin.py:188} INFO - [2024-07-25T23:37:01.921+0000] {dagbag.py:545} INFO - Filling up the DagBag from /home/airflow/.local/lib/python3.12/site-packages/airflow/example_dags/example_branch_labels.py
[2024-07-25T23:37:01.929+0000] {processor.py:840} INFO - DAG(s) 'example_branch_labels' retrieved from /home/airflow/.local/lib/python3.12/site-packages/airflow/example_dags/example_branch_labels.py
[2024-07-25T23:37:01.950+0000] {logging_mixin.py:188} INFO - [2024-07-25T23:37:01.949+0000] {dag.py:3089} INFO - Sync 1 DAGs
[2024-07-25T23:37:01.971+0000] {logging_mixin.py:188} INFO - [2024-07-25T23:37:01.970+0000] {dag.py:3947} INFO - Setting next_dagrun for example_branch_labels to 2024-07-24 00:00:00+00:00, run_after=2024-07-25 00:00:00+00:00
[2024-07-25T23:37:01.998+0000] {processor.py:183} INFO - Processing /home/airflow/.local/lib/python3.12/site-packages/airflow/example_dags/example_branch_labels.py took 0.086 seconds
[2024-07-25T23:37:32.896+0000] {processor.py:161} INFO - Started process (PID=1210) to work on /home/airflow/.local/lib/python3.12/site-packages/airflow/example_dags/example_branch_labels.py
[2024-07-25T23:37:32.897+0000] {processor.py:830} INFO - Processing file /home/airflow/.local/lib/python3.12/site-packages/airflow/example_dags/example_branch_labels.py for tasks to queue
[2024-07-25T23:37:32.899+0000] {logging_mixin.py:188} INFO - [2024-07-25T23:37:32.899+0000] {dagbag.py:545} INFO - Filling up the DagBag from /home/airflow/.local/lib/python3.12/site-packages/airflow/example_dags/example_branch_labels.py
[2024-07-25T23:37:32.908+0000] {processor.py:840} INFO - DAG(s) 'example_branch_labels' retrieved from /home/airflow/.local/lib/python3.12/site-packages/airflow/example_dags/example_branch_labels.py
[2024-07-25T23:37:32.938+0000] {logging_mixin.py:188} INFO - [2024-07-25T23:37:32.938+0000] {dag.py:3089} INFO - Sync 1 DAGs
[2024-07-25T23:37:32.964+0000] {logging_mixin.py:188} INFO - [2024-07-25T23:37:32.963+0000] {dag.py:3947} INFO - Setting next_dagrun for example_branch_labels to 2024-07-24 00:00:00+00:00, run_after=2024-07-25 00:00:00+00:00
[2024-07-25T23:37:32.987+0000] {processor.py:183} INFO - Processing /home/airflow/.local/lib/python3.12/site-packages/airflow/example_dags/example_branch_labels.py took 0.099 seconds
[2024-07-25T23:38:03.870+0000] {processor.py:161} INFO - Started process (PID=1270) to work on /home/airflow/.local/lib/python3.12/site-packages/airflow/example_dags/example_branch_labels.py
[2024-07-25T23:38:03.871+0000] {processor.py:830} INFO - Processing file /home/airflow/.local/lib/python3.12/site-packages/airflow/example_dags/example_branch_labels.py for tasks to queue
[2024-07-25T23:38:03.873+0000] {logging_mixin.py:188} INFO - [2024-07-25T23:38:03.873+0000] {dagbag.py:545} INFO - Filling up the DagBag from /home/airflow/.local/lib/python3.12/site-packages/airflow/example_dags/example_branch_labels.py
[2024-07-25T23:38:03.879+0000] {processor.py:840} INFO - DAG(s) 'example_branch_labels' retrieved from /home/airflow/.local/lib/python3.12/site-packages/airflow/example_dags/example_branch_labels.py
[2024-07-25T23:38:03.897+0000] {logging_mixin.py:188} INFO - [2024-07-25T23:38:03.897+0000] {dag.py:3089} INFO - Sync 1 DAGs
[2024-07-25T23:38:03.914+0000] {logging_mixin.py:188} INFO - [2024-07-25T23:38:03.913+0000] {dag.py:3947} INFO - Setting next_dagrun for example_branch_labels to 2024-07-24 00:00:00+00:00, run_after=2024-07-25 00:00:00+00:00
[2024-07-25T23:38:03.927+0000] {processor.py:183} INFO - Processing /home/airflow/.local/lib/python3.12/site-packages/airflow/example_dags/example_branch_labels.py took 0.065 seconds
[2024-07-25T23:38:34.335+0000] {processor.py:161} INFO - Started process (PID=1328) to work on /home/airflow/.local/lib/python3.12/site-packages/airflow/example_dags/example_branch_labels.py
[2024-07-25T23:38:34.336+0000] {processor.py:830} INFO - Processing file /home/airflow/.local/lib/python3.12/site-packages/airflow/example_dags/example_branch_labels.py for tasks to queue
[2024-07-25T23:38:34.337+0000] {logging_mixin.py:188} INFO - [2024-07-25T23:38:34.337+0000] {dagbag.py:545} INFO - Filling up the DagBag from /home/airflow/.local/lib/python3.12/site-packages/airflow/example_dags/example_branch_labels.py
[2024-07-25T23:38:34.343+0000] {processor.py:840} INFO - DAG(s) 'example_branch_labels' retrieved from /home/airflow/.local/lib/python3.12/site-packages/airflow/example_dags/example_branch_labels.py
[2024-07-25T23:38:34.359+0000] {logging_mixin.py:188} INFO - [2024-07-25T23:38:34.358+0000] {dag.py:3089} INFO - Sync 1 DAGs
[2024-07-25T23:38:34.378+0000] {logging_mixin.py:188} INFO - [2024-07-25T23:38:34.378+0000] {dag.py:3947} INFO - Setting next_dagrun for example_branch_labels to 2024-07-24 00:00:00+00:00, run_after=2024-07-25 00:00:00+00:00
[2024-07-25T23:38:34.398+0000] {processor.py:183} INFO - Processing /home/airflow/.local/lib/python3.12/site-packages/airflow/example_dags/example_branch_labels.py took 0.068 seconds
[2024-07-25T23:39:05.223+0000] {processor.py:161} INFO - Started process (PID=1394) to work on /home/airflow/.local/lib/python3.12/site-packages/airflow/example_dags/example_branch_labels.py
[2024-07-25T23:39:05.224+0000] {processor.py:830} INFO - Processing file /home/airflow/.local/lib/python3.12/site-packages/airflow/example_dags/example_branch_labels.py for tasks to queue
[2024-07-25T23:39:05.225+0000] {logging_mixin.py:188} INFO - [2024-07-25T23:39:05.225+0000] {dagbag.py:545} INFO - Filling up the DagBag from /home/airflow/.local/lib/python3.12/site-packages/airflow/example_dags/example_branch_labels.py
[2024-07-25T23:39:05.231+0000] {processor.py:840} INFO - DAG(s) 'example_branch_labels' retrieved from /home/airflow/.local/lib/python3.12/site-packages/airflow/example_dags/example_branch_labels.py
[2024-07-25T23:39:05.245+0000] {logging_mixin.py:188} INFO - [2024-07-25T23:39:05.245+0000] {dag.py:3089} INFO - Sync 1 DAGs
[2024-07-25T23:39:05.262+0000] {logging_mixin.py:188} INFO - [2024-07-25T23:39:05.262+0000] {dag.py:3947} INFO - Setting next_dagrun for example_branch_labels to 2024-07-24 00:00:00+00:00, run_after=2024-07-25 00:00:00+00:00
[2024-07-25T23:39:05.277+0000] {processor.py:183} INFO - Processing /home/airflow/.local/lib/python3.12/site-packages/airflow/example_dags/example_branch_labels.py took 0.059 seconds
[2024-07-25T23:39:36.064+0000] {processor.py:161} INFO - Started process (PID=1454) to work on /home/airflow/.local/lib/python3.12/site-packages/airflow/example_dags/example_branch_labels.py
[2024-07-25T23:39:36.066+0000] {processor.py:830} INFO - Processing file /home/airflow/.local/lib/python3.12/site-packages/airflow/example_dags/example_branch_labels.py for tasks to queue
[2024-07-25T23:39:36.068+0000] {logging_mixin.py:188} INFO - [2024-07-25T23:39:36.068+0000] {dagbag.py:545} INFO - Filling up the DagBag from /home/airflow/.local/lib/python3.12/site-packages/airflow/example_dags/example_branch_labels.py
[2024-07-25T23:39:36.080+0000] {processor.py:840} INFO - DAG(s) 'example_branch_labels' retrieved from /home/airflow/.local/lib/python3.12/site-packages/airflow/example_dags/example_branch_labels.py
[2024-07-25T23:39:36.100+0000] {logging_mixin.py:188} INFO - [2024-07-25T23:39:36.100+0000] {dag.py:3089} INFO - Sync 1 DAGs
[2024-07-25T23:39:36.128+0000] {logging_mixin.py:188} INFO - [2024-07-25T23:39:36.127+0000] {dag.py:3947} INFO - Setting next_dagrun for example_branch_labels to 2024-07-24 00:00:00+00:00, run_after=2024-07-25 00:00:00+00:00
[2024-07-25T23:39:36.151+0000] {processor.py:183} INFO - Processing /home/airflow/.local/lib/python3.12/site-packages/airflow/example_dags/example_branch_labels.py took 0.093 seconds
[2024-07-25T23:40:06.858+0000] {processor.py:161} INFO - Started process (PID=1514) to work on /home/airflow/.local/lib/python3.12/site-packages/airflow/example_dags/example_branch_labels.py
[2024-07-25T23:40:06.860+0000] {processor.py:830} INFO - Processing file /home/airflow/.local/lib/python3.12/site-packages/airflow/example_dags/example_branch_labels.py for tasks to queue
[2024-07-25T23:40:06.862+0000] {logging_mixin.py:188} INFO - [2024-07-25T23:40:06.862+0000] {dagbag.py:545} INFO - Filling up the DagBag from /home/airflow/.local/lib/python3.12/site-packages/airflow/example_dags/example_branch_labels.py
[2024-07-25T23:40:06.867+0000] {processor.py:840} INFO - DAG(s) 'example_branch_labels' retrieved from /home/airflow/.local/lib/python3.12/site-packages/airflow/example_dags/example_branch_labels.py
[2024-07-25T23:40:06.888+0000] {logging_mixin.py:188} INFO - [2024-07-25T23:40:06.888+0000] {dag.py:3089} INFO - Sync 1 DAGs
[2024-07-25T23:40:06.906+0000] {logging_mixin.py:188} INFO - [2024-07-25T23:40:06.906+0000] {dag.py:3947} INFO - Setting next_dagrun for example_branch_labels to 2024-07-24 00:00:00+00:00, run_after=2024-07-25 00:00:00+00:00
[2024-07-25T23:40:06.924+0000] {processor.py:183} INFO - Processing /home/airflow/.local/lib/python3.12/site-packages/airflow/example_dags/example_branch_labels.py took 0.070 seconds
[2024-07-25T23:40:37.041+0000] {processor.py:161} INFO - Started process (PID=1574) to work on /home/airflow/.local/lib/python3.12/site-packages/airflow/example_dags/example_branch_labels.py
[2024-07-25T23:40:37.043+0000] {processor.py:830} INFO - Processing file /home/airflow/.local/lib/python3.12/site-packages/airflow/example_dags/example_branch_labels.py for tasks to queue
[2024-07-25T23:40:37.045+0000] {logging_mixin.py:188} INFO - [2024-07-25T23:40:37.045+0000] {dagbag.py:545} INFO - Filling up the DagBag from /home/airflow/.local/lib/python3.12/site-packages/airflow/example_dags/example_branch_labels.py
[2024-07-25T23:40:37.052+0000] {processor.py:840} INFO - DAG(s) 'example_branch_labels' retrieved from /home/airflow/.local/lib/python3.12/site-packages/airflow/example_dags/example_branch_labels.py
[2024-07-25T23:40:37.073+0000] {logging_mixin.py:188} INFO - [2024-07-25T23:40:37.073+0000] {dag.py:3089} INFO - Sync 1 DAGs
[2024-07-25T23:40:37.091+0000] {logging_mixin.py:188} INFO - [2024-07-25T23:40:37.090+0000] {dag.py:3947} INFO - Setting next_dagrun for example_branch_labels to 2024-07-24 00:00:00+00:00, run_after=2024-07-25 00:00:00+00:00
[2024-07-25T23:40:37.103+0000] {processor.py:183} INFO - Processing /home/airflow/.local/lib/python3.12/site-packages/airflow/example_dags/example_branch_labels.py took 0.066 seconds
[2024-07-25T23:41:08.021+0000] {processor.py:161} INFO - Started process (PID=1634) to work on /home/airflow/.local/lib/python3.12/site-packages/airflow/example_dags/example_branch_labels.py
[2024-07-25T23:41:08.023+0000] {processor.py:830} INFO - Processing file /home/airflow/.local/lib/python3.12/site-packages/airflow/example_dags/example_branch_labels.py for tasks to queue
[2024-07-25T23:41:08.025+0000] {logging_mixin.py:188} INFO - [2024-07-25T23:41:08.025+0000] {dagbag.py:545} INFO - Filling up the DagBag from /home/airflow/.local/lib/python3.12/site-packages/airflow/example_dags/example_branch_labels.py
[2024-07-25T23:41:08.032+0000] {processor.py:840} INFO - DAG(s) 'example_branch_labels' retrieved from /home/airflow/.local/lib/python3.12/site-packages/airflow/example_dags/example_branch_labels.py
[2024-07-25T23:41:08.057+0000] {logging_mixin.py:188} INFO - [2024-07-25T23:41:08.057+0000] {dag.py:3089} INFO - Sync 1 DAGs
[2024-07-25T23:41:08.083+0000] {logging_mixin.py:188} INFO - [2024-07-25T23:41:08.082+0000] {dag.py:3947} INFO - Setting next_dagrun for example_branch_labels to 2024-07-24 00:00:00+00:00, run_after=2024-07-25 00:00:00+00:00
[2024-07-25T23:41:08.106+0000] {processor.py:183} INFO - Processing /home/airflow/.local/lib/python3.12/site-packages/airflow/example_dags/example_branch_labels.py took 0.090 seconds
[2024-07-25T23:41:38.904+0000] {processor.py:161} INFO - Started process (PID=1694) to work on /home/airflow/.local/lib/python3.12/site-packages/airflow/example_dags/example_branch_labels.py
[2024-07-25T23:41:38.906+0000] {processor.py:830} INFO - Processing file /home/airflow/.local/lib/python3.12/site-packages/airflow/example_dags/example_branch_labels.py for tasks to queue
[2024-07-25T23:41:38.908+0000] {logging_mixin.py:188} INFO - [2024-07-25T23:41:38.908+0000] {dagbag.py:545} INFO - Filling up the DagBag from /home/airflow/.local/lib/python3.12/site-packages/airflow/example_dags/example_branch_labels.py
[2024-07-25T23:41:38.915+0000] {processor.py:840} INFO - DAG(s) 'example_branch_labels' retrieved from /home/airflow/.local/lib/python3.12/site-packages/airflow/example_dags/example_branch_labels.py
[2024-07-25T23:41:38.935+0000] {logging_mixin.py:188} INFO - [2024-07-25T23:41:38.935+0000] {dag.py:3089} INFO - Sync 1 DAGs
[2024-07-25T23:41:38.972+0000] {logging_mixin.py:188} INFO - [2024-07-25T23:41:38.972+0000] {dag.py:3947} INFO - Setting next_dagrun for example_branch_labels to 2024-07-24 00:00:00+00:00, run_after=2024-07-25 00:00:00+00:00
[2024-07-25T23:41:38.991+0000] {processor.py:183} INFO - Processing /home/airflow/.local/lib/python3.12/site-packages/airflow/example_dags/example_branch_labels.py took 0.092 seconds
[2024-07-25T23:42:09.900+0000] {processor.py:161} INFO - Started process (PID=1754) to work on /home/airflow/.local/lib/python3.12/site-packages/airflow/example_dags/example_branch_labels.py
[2024-07-25T23:42:09.901+0000] {processor.py:830} INFO - Processing file /home/airflow/.local/lib/python3.12/site-packages/airflow/example_dags/example_branch_labels.py for tasks to queue
[2024-07-25T23:42:09.903+0000] {logging_mixin.py:188} INFO - [2024-07-25T23:42:09.902+0000] {dagbag.py:545} INFO - Filling up the DagBag from /home/airflow/.local/lib/python3.12/site-packages/airflow/example_dags/example_branch_labels.py
[2024-07-25T23:42:09.908+0000] {processor.py:840} INFO - DAG(s) 'example_branch_labels' retrieved from /home/airflow/.local/lib/python3.12/site-packages/airflow/example_dags/example_branch_labels.py
[2024-07-25T23:42:09.923+0000] {logging_mixin.py:188} INFO - [2024-07-25T23:42:09.923+0000] {dag.py:3089} INFO - Sync 1 DAGs
[2024-07-25T23:42:09.944+0000] {logging_mixin.py:188} INFO - [2024-07-25T23:42:09.943+0000] {dag.py:3947} INFO - Setting next_dagrun for example_branch_labels to 2024-07-24 00:00:00+00:00, run_after=2024-07-25 00:00:00+00:00
[2024-07-25T23:42:09.955+0000] {processor.py:183} INFO - Processing /home/airflow/.local/lib/python3.12/site-packages/airflow/example_dags/example_branch_labels.py took 0.060 seconds
[2024-07-25T23:42:40.889+0000] {processor.py:161} INFO - Started process (PID=1814) to work on /home/airflow/.local/lib/python3.12/site-packages/airflow/example_dags/example_branch_labels.py
[2024-07-25T23:42:40.892+0000] {processor.py:830} INFO - Processing file /home/airflow/.local/lib/python3.12/site-packages/airflow/example_dags/example_branch_labels.py for tasks to queue
[2024-07-25T23:42:40.893+0000] {logging_mixin.py:188} INFO - [2024-07-25T23:42:40.893+0000] {dagbag.py:545} INFO - Filling up the DagBag from /home/airflow/.local/lib/python3.12/site-packages/airflow/example_dags/example_branch_labels.py
[2024-07-25T23:42:40.898+0000] {processor.py:840} INFO - DAG(s) 'example_branch_labels' retrieved from /home/airflow/.local/lib/python3.12/site-packages/airflow/example_dags/example_branch_labels.py
[2024-07-25T23:42:40.913+0000] {logging_mixin.py:188} INFO - [2024-07-25T23:42:40.913+0000] {dag.py:3089} INFO - Sync 1 DAGs
[2024-07-25T23:42:40.928+0000] {logging_mixin.py:188} INFO - [2024-07-25T23:42:40.927+0000] {dag.py:3947} INFO - Setting next_dagrun for example_branch_labels to 2024-07-24 00:00:00+00:00, run_after=2024-07-25 00:00:00+00:00
[2024-07-25T23:42:40.940+0000] {processor.py:183} INFO - Processing /home/airflow/.local/lib/python3.12/site-packages/airflow/example_dags/example_branch_labels.py took 0.056 seconds
[2024-07-25T23:43:11.422+0000] {processor.py:161} INFO - Started process (PID=1874) to work on /home/airflow/.local/lib/python3.12/site-packages/airflow/example_dags/example_branch_labels.py
[2024-07-25T23:43:11.426+0000] {processor.py:830} INFO - Processing file /home/airflow/.local/lib/python3.12/site-packages/airflow/example_dags/example_branch_labels.py for tasks to queue
[2024-07-25T23:43:11.428+0000] {logging_mixin.py:188} INFO - [2024-07-25T23:43:11.428+0000] {dagbag.py:545} INFO - Filling up the DagBag from /home/airflow/.local/lib/python3.12/site-packages/airflow/example_dags/example_branch_labels.py
[2024-07-25T23:43:11.434+0000] {processor.py:840} INFO - DAG(s) 'example_branch_labels' retrieved from /home/airflow/.local/lib/python3.12/site-packages/airflow/example_dags/example_branch_labels.py
[2024-07-25T23:43:11.455+0000] {logging_mixin.py:188} INFO - [2024-07-25T23:43:11.455+0000] {dag.py:3089} INFO - Sync 1 DAGs
[2024-07-25T23:43:11.476+0000] {logging_mixin.py:188} INFO - [2024-07-25T23:43:11.476+0000] {dag.py:3947} INFO - Setting next_dagrun for example_branch_labels to 2024-07-24 00:00:00+00:00, run_after=2024-07-25 00:00:00+00:00
[2024-07-25T23:43:11.493+0000] {processor.py:183} INFO - Processing /home/airflow/.local/lib/python3.12/site-packages/airflow/example_dags/example_branch_labels.py took 0.077 seconds
[2024-07-25T23:43:41.809+0000] {processor.py:161} INFO - Started process (PID=1934) to work on /home/airflow/.local/lib/python3.12/site-packages/airflow/example_dags/example_branch_labels.py
[2024-07-25T23:43:41.809+0000] {processor.py:830} INFO - Processing file /home/airflow/.local/lib/python3.12/site-packages/airflow/example_dags/example_branch_labels.py for tasks to queue
[2024-07-25T23:43:41.811+0000] {logging_mixin.py:188} INFO - [2024-07-25T23:43:41.811+0000] {dagbag.py:545} INFO - Filling up the DagBag from /home/airflow/.local/lib/python3.12/site-packages/airflow/example_dags/example_branch_labels.py
[2024-07-25T23:43:41.816+0000] {processor.py:840} INFO - DAG(s) 'example_branch_labels' retrieved from /home/airflow/.local/lib/python3.12/site-packages/airflow/example_dags/example_branch_labels.py
[2024-07-25T23:43:41.833+0000] {logging_mixin.py:188} INFO - [2024-07-25T23:43:41.833+0000] {dag.py:3089} INFO - Sync 1 DAGs
[2024-07-25T23:43:41.956+0000] {logging_mixin.py:188} INFO - [2024-07-25T23:43:41.956+0000] {dag.py:3947} INFO - Setting next_dagrun for example_branch_labels to 2024-07-24 00:00:00+00:00, run_after=2024-07-25 00:00:00+00:00
[2024-07-25T23:43:41.973+0000] {processor.py:183} INFO - Processing /home/airflow/.local/lib/python3.12/site-packages/airflow/example_dags/example_branch_labels.py took 0.168 seconds
[2024-07-25T23:44:12.462+0000] {processor.py:161} INFO - Started process (PID=1993) to work on /home/airflow/.local/lib/python3.12/site-packages/airflow/example_dags/example_branch_labels.py
[2024-07-25T23:44:12.463+0000] {processor.py:830} INFO - Processing file /home/airflow/.local/lib/python3.12/site-packages/airflow/example_dags/example_branch_labels.py for tasks to queue
[2024-07-25T23:44:12.465+0000] {logging_mixin.py:188} INFO - [2024-07-25T23:44:12.465+0000] {dagbag.py:545} INFO - Filling up the DagBag from /home/airflow/.local/lib/python3.12/site-packages/airflow/example_dags/example_branch_labels.py
[2024-07-25T23:44:12.471+0000] {processor.py:840} INFO - DAG(s) 'example_branch_labels' retrieved from /home/airflow/.local/lib/python3.12/site-packages/airflow/example_dags/example_branch_labels.py
[2024-07-25T23:44:12.488+0000] {logging_mixin.py:188} INFO - [2024-07-25T23:44:12.488+0000] {dag.py:3089} INFO - Sync 1 DAGs
[2024-07-25T23:44:12.506+0000] {logging_mixin.py:188} INFO - [2024-07-25T23:44:12.506+0000] {dag.py:3947} INFO - Setting next_dagrun for example_branch_labels to 2024-07-24 00:00:00+00:00, run_after=2024-07-25 00:00:00+00:00
[2024-07-25T23:44:12.527+0000] {processor.py:183} INFO - Processing /home/airflow/.local/lib/python3.12/site-packages/airflow/example_dags/example_branch_labels.py took 0.070 seconds
[2024-07-25T23:44:42.861+0000] {processor.py:161} INFO - Started process (PID=2053) to work on /home/airflow/.local/lib/python3.12/site-packages/airflow/example_dags/example_branch_labels.py
[2024-07-25T23:44:42.862+0000] {processor.py:830} INFO - Processing file /home/airflow/.local/lib/python3.12/site-packages/airflow/example_dags/example_branch_labels.py for tasks to queue
[2024-07-25T23:44:42.863+0000] {logging_mixin.py:188} INFO - [2024-07-25T23:44:42.863+0000] {dagbag.py:545} INFO - Filling up the DagBag from /home/airflow/.local/lib/python3.12/site-packages/airflow/example_dags/example_branch_labels.py
[2024-07-25T23:44:42.868+0000] {processor.py:840} INFO - DAG(s) 'example_branch_labels' retrieved from /home/airflow/.local/lib/python3.12/site-packages/airflow/example_dags/example_branch_labels.py
[2024-07-25T23:44:42.886+0000] {logging_mixin.py:188} INFO - [2024-07-25T23:44:42.886+0000] {dag.py:3089} INFO - Sync 1 DAGs
[2024-07-25T23:44:42.901+0000] {logging_mixin.py:188} INFO - [2024-07-25T23:44:42.901+0000] {dag.py:3947} INFO - Setting next_dagrun for example_branch_labels to 2024-07-24 00:00:00+00:00, run_after=2024-07-25 00:00:00+00:00
[2024-07-25T23:44:42.923+0000] {processor.py:183} INFO - Processing /home/airflow/.local/lib/python3.12/site-packages/airflow/example_dags/example_branch_labels.py took 0.067 seconds
[2024-07-25T23:45:13.379+0000] {processor.py:161} INFO - Started process (PID=2113) to work on /home/airflow/.local/lib/python3.12/site-packages/airflow/example_dags/example_branch_labels.py
[2024-07-25T23:45:13.380+0000] {processor.py:830} INFO - Processing file /home/airflow/.local/lib/python3.12/site-packages/airflow/example_dags/example_branch_labels.py for tasks to queue
[2024-07-25T23:45:13.382+0000] {logging_mixin.py:188} INFO - [2024-07-25T23:45:13.382+0000] {dagbag.py:545} INFO - Filling up the DagBag from /home/airflow/.local/lib/python3.12/site-packages/airflow/example_dags/example_branch_labels.py
[2024-07-25T23:45:13.387+0000] {processor.py:840} INFO - DAG(s) 'example_branch_labels' retrieved from /home/airflow/.local/lib/python3.12/site-packages/airflow/example_dags/example_branch_labels.py
[2024-07-25T23:45:13.401+0000] {logging_mixin.py:188} INFO - [2024-07-25T23:45:13.401+0000] {dag.py:3089} INFO - Sync 1 DAGs
[2024-07-25T23:45:13.418+0000] {logging_mixin.py:188} INFO - [2024-07-25T23:45:13.418+0000] {dag.py:3947} INFO - Setting next_dagrun for example_branch_labels to 2024-07-24 00:00:00+00:00, run_after=2024-07-25 00:00:00+00:00
[2024-07-25T23:45:13.434+0000] {processor.py:183} INFO - Processing /home/airflow/.local/lib/python3.12/site-packages/airflow/example_dags/example_branch_labels.py took 0.060 seconds
[2024-07-25T23:45:43.637+0000] {processor.py:161} INFO - Started process (PID=2173) to work on /home/airflow/.local/lib/python3.12/site-packages/airflow/example_dags/example_branch_labels.py
[2024-07-25T23:45:43.638+0000] {processor.py:830} INFO - Processing file /home/airflow/.local/lib/python3.12/site-packages/airflow/example_dags/example_branch_labels.py for tasks to queue
[2024-07-25T23:45:43.639+0000] {logging_mixin.py:188} INFO - [2024-07-25T23:45:43.639+0000] {dagbag.py:545} INFO - Filling up the DagBag from /home/airflow/.local/lib/python3.12/site-packages/airflow/example_dags/example_branch_labels.py
[2024-07-25T23:45:43.644+0000] {processor.py:840} INFO - DAG(s) 'example_branch_labels' retrieved from /home/airflow/.local/lib/python3.12/site-packages/airflow/example_dags/example_branch_labels.py
[2024-07-25T23:45:43.664+0000] {logging_mixin.py:188} INFO - [2024-07-25T23:45:43.664+0000] {dag.py:3089} INFO - Sync 1 DAGs
[2024-07-25T23:45:43.682+0000] {logging_mixin.py:188} INFO - [2024-07-25T23:45:43.682+0000] {dag.py:3947} INFO - Setting next_dagrun for example_branch_labels to 2024-07-24 00:00:00+00:00, run_after=2024-07-25 00:00:00+00:00
[2024-07-25T23:45:43.700+0000] {processor.py:183} INFO - Processing /home/airflow/.local/lib/python3.12/site-packages/airflow/example_dags/example_branch_labels.py took 0.068 seconds
[2024-07-25T23:46:14.365+0000] {processor.py:161} INFO - Started process (PID=2233) to work on /home/airflow/.local/lib/python3.12/site-packages/airflow/example_dags/example_branch_labels.py
[2024-07-25T23:46:14.367+0000] {processor.py:830} INFO - Processing file /home/airflow/.local/lib/python3.12/site-packages/airflow/example_dags/example_branch_labels.py for tasks to queue
[2024-07-25T23:46:14.370+0000] {logging_mixin.py:188} INFO - [2024-07-25T23:46:14.369+0000] {dagbag.py:545} INFO - Filling up the DagBag from /home/airflow/.local/lib/python3.12/site-packages/airflow/example_dags/example_branch_labels.py
[2024-07-25T23:46:14.380+0000] {processor.py:840} INFO - DAG(s) 'example_branch_labels' retrieved from /home/airflow/.local/lib/python3.12/site-packages/airflow/example_dags/example_branch_labels.py
[2024-07-25T23:46:14.396+0000] {logging_mixin.py:188} INFO - [2024-07-25T23:46:14.396+0000] {dag.py:3089} INFO - Sync 1 DAGs
[2024-07-25T23:46:14.420+0000] {logging_mixin.py:188} INFO - [2024-07-25T23:46:14.419+0000] {dag.py:3947} INFO - Setting next_dagrun for example_branch_labels to 2024-07-24 00:00:00+00:00, run_after=2024-07-25 00:00:00+00:00
[2024-07-25T23:46:14.440+0000] {processor.py:183} INFO - Processing /home/airflow/.local/lib/python3.12/site-packages/airflow/example_dags/example_branch_labels.py took 0.080 seconds
[2024-07-25T23:46:45.199+0000] {processor.py:161} INFO - Started process (PID=2293) to work on /home/airflow/.local/lib/python3.12/site-packages/airflow/example_dags/example_branch_labels.py
[2024-07-25T23:46:45.201+0000] {processor.py:830} INFO - Processing file /home/airflow/.local/lib/python3.12/site-packages/airflow/example_dags/example_branch_labels.py for tasks to queue
[2024-07-25T23:46:45.205+0000] {logging_mixin.py:188} INFO - [2024-07-25T23:46:45.205+0000] {dagbag.py:545} INFO - Filling up the DagBag from /home/airflow/.local/lib/python3.12/site-packages/airflow/example_dags/example_branch_labels.py
[2024-07-25T23:46:45.213+0000] {processor.py:840} INFO - DAG(s) 'example_branch_labels' retrieved from /home/airflow/.local/lib/python3.12/site-packages/airflow/example_dags/example_branch_labels.py
[2024-07-25T23:46:45.236+0000] {logging_mixin.py:188} INFO - [2024-07-25T23:46:45.236+0000] {dag.py:3089} INFO - Sync 1 DAGs
[2024-07-25T23:46:45.254+0000] {logging_mixin.py:188} INFO - [2024-07-25T23:46:45.254+0000] {dag.py:3947} INFO - Setting next_dagrun for example_branch_labels to 2024-07-24 00:00:00+00:00, run_after=2024-07-25 00:00:00+00:00
[2024-07-25T23:46:45.275+0000] {processor.py:183} INFO - Processing /home/airflow/.local/lib/python3.12/site-packages/airflow/example_dags/example_branch_labels.py took 0.081 seconds
[2024-07-25T23:47:15.448+0000] {processor.py:161} INFO - Started process (PID=2353) to work on /home/airflow/.local/lib/python3.12/site-packages/airflow/example_dags/example_branch_labels.py
[2024-07-25T23:47:15.450+0000] {processor.py:830} INFO - Processing file /home/airflow/.local/lib/python3.12/site-packages/airflow/example_dags/example_branch_labels.py for tasks to queue
[2024-07-25T23:47:15.451+0000] {logging_mixin.py:188} INFO - [2024-07-25T23:47:15.451+0000] {dagbag.py:545} INFO - Filling up the DagBag from /home/airflow/.local/lib/python3.12/site-packages/airflow/example_dags/example_branch_labels.py
[2024-07-25T23:47:15.456+0000] {processor.py:840} INFO - DAG(s) 'example_branch_labels' retrieved from /home/airflow/.local/lib/python3.12/site-packages/airflow/example_dags/example_branch_labels.py
[2024-07-25T23:47:15.470+0000] {logging_mixin.py:188} INFO - [2024-07-25T23:47:15.470+0000] {dag.py:3089} INFO - Sync 1 DAGs
[2024-07-25T23:47:15.484+0000] {logging_mixin.py:188} INFO - [2024-07-25T23:47:15.484+0000] {dag.py:3947} INFO - Setting next_dagrun for example_branch_labels to 2024-07-24 00:00:00+00:00, run_after=2024-07-25 00:00:00+00:00
[2024-07-25T23:47:15.503+0000] {processor.py:183} INFO - Processing /home/airflow/.local/lib/python3.12/site-packages/airflow/example_dags/example_branch_labels.py took 0.058 seconds
[2024-07-25T23:47:45.648+0000] {processor.py:161} INFO - Started process (PID=2412) to work on /home/airflow/.local/lib/python3.12/site-packages/airflow/example_dags/example_branch_labels.py
[2024-07-25T23:47:45.649+0000] {processor.py:830} INFO - Processing file /home/airflow/.local/lib/python3.12/site-packages/airflow/example_dags/example_branch_labels.py for tasks to queue
[2024-07-25T23:47:45.650+0000] {logging_mixin.py:188} INFO - [2024-07-25T23:47:45.650+0000] {dagbag.py:545} INFO - Filling up the DagBag from /home/airflow/.local/lib/python3.12/site-packages/airflow/example_dags/example_branch_labels.py
[2024-07-25T23:47:45.656+0000] {processor.py:840} INFO - DAG(s) 'example_branch_labels' retrieved from /home/airflow/.local/lib/python3.12/site-packages/airflow/example_dags/example_branch_labels.py
[2024-07-25T23:47:45.671+0000] {logging_mixin.py:188} INFO - [2024-07-25T23:47:45.670+0000] {dag.py:3089} INFO - Sync 1 DAGs
[2024-07-25T23:47:45.684+0000] {logging_mixin.py:188} INFO - [2024-07-25T23:47:45.684+0000] {dag.py:3947} INFO - Setting next_dagrun for example_branch_labels to 2024-07-24 00:00:00+00:00, run_after=2024-07-25 00:00:00+00:00
[2024-07-25T23:47:45.704+0000] {processor.py:183} INFO - Processing /home/airflow/.local/lib/python3.12/site-packages/airflow/example_dags/example_branch_labels.py took 0.061 seconds
[2024-07-25T23:48:16.003+0000] {processor.py:161} INFO - Started process (PID=2472) to work on /home/airflow/.local/lib/python3.12/site-packages/airflow/example_dags/example_branch_labels.py
[2024-07-25T23:48:16.010+0000] {processor.py:830} INFO - Processing file /home/airflow/.local/lib/python3.12/site-packages/airflow/example_dags/example_branch_labels.py for tasks to queue
[2024-07-25T23:48:16.011+0000] {logging_mixin.py:188} INFO - [2024-07-25T23:48:16.011+0000] {dagbag.py:545} INFO - Filling up the DagBag from /home/airflow/.local/lib/python3.12/site-packages/airflow/example_dags/example_branch_labels.py
[2024-07-25T23:48:16.017+0000] {processor.py:840} INFO - DAG(s) 'example_branch_labels' retrieved from /home/airflow/.local/lib/python3.12/site-packages/airflow/example_dags/example_branch_labels.py
[2024-07-25T23:48:16.038+0000] {logging_mixin.py:188} INFO - [2024-07-25T23:48:16.038+0000] {dag.py:3089} INFO - Sync 1 DAGs
[2024-07-25T23:48:16.058+0000] {logging_mixin.py:188} INFO - [2024-07-25T23:48:16.058+0000] {dag.py:3947} INFO - Setting next_dagrun for example_branch_labels to 2024-07-24 00:00:00+00:00, run_after=2024-07-25 00:00:00+00:00
[2024-07-25T23:48:16.071+0000] {processor.py:183} INFO - Processing /home/airflow/.local/lib/python3.12/site-packages/airflow/example_dags/example_branch_labels.py took 0.073 seconds
[2024-07-25T23:48:46.277+0000] {processor.py:161} INFO - Started process (PID=2532) to work on /home/airflow/.local/lib/python3.12/site-packages/airflow/example_dags/example_branch_labels.py
[2024-07-25T23:48:46.281+0000] {processor.py:830} INFO - Processing file /home/airflow/.local/lib/python3.12/site-packages/airflow/example_dags/example_branch_labels.py for tasks to queue
[2024-07-25T23:48:46.283+0000] {logging_mixin.py:188} INFO - [2024-07-25T23:48:46.283+0000] {dagbag.py:545} INFO - Filling up the DagBag from /home/airflow/.local/lib/python3.12/site-packages/airflow/example_dags/example_branch_labels.py
[2024-07-25T23:48:46.290+0000] {processor.py:840} INFO - DAG(s) 'example_branch_labels' retrieved from /home/airflow/.local/lib/python3.12/site-packages/airflow/example_dags/example_branch_labels.py
[2024-07-25T23:48:46.311+0000] {logging_mixin.py:188} INFO - [2024-07-25T23:48:46.311+0000] {dag.py:3089} INFO - Sync 1 DAGs
[2024-07-25T23:48:46.329+0000] {logging_mixin.py:188} INFO - [2024-07-25T23:48:46.329+0000] {dag.py:3947} INFO - Setting next_dagrun for example_branch_labels to 2024-07-24 00:00:00+00:00, run_after=2024-07-25 00:00:00+00:00
[2024-07-25T23:48:46.345+0000] {processor.py:183} INFO - Processing /home/airflow/.local/lib/python3.12/site-packages/airflow/example_dags/example_branch_labels.py took 0.072 seconds
[2024-07-25T23:49:16.909+0000] {processor.py:161} INFO - Started process (PID=2592) to work on /home/airflow/.local/lib/python3.12/site-packages/airflow/example_dags/example_branch_labels.py
[2024-07-25T23:49:16.915+0000] {processor.py:830} INFO - Processing file /home/airflow/.local/lib/python3.12/site-packages/airflow/example_dags/example_branch_labels.py for tasks to queue
[2024-07-25T23:49:16.919+0000] {logging_mixin.py:188} INFO - [2024-07-25T23:49:16.919+0000] {dagbag.py:545} INFO - Filling up the DagBag from /home/airflow/.local/lib/python3.12/site-packages/airflow/example_dags/example_branch_labels.py
[2024-07-25T23:49:16.930+0000] {processor.py:840} INFO - DAG(s) 'example_branch_labels' retrieved from /home/airflow/.local/lib/python3.12/site-packages/airflow/example_dags/example_branch_labels.py
[2024-07-25T23:49:16.956+0000] {logging_mixin.py:188} INFO - [2024-07-25T23:49:16.955+0000] {dag.py:3089} INFO - Sync 1 DAGs
[2024-07-25T23:49:16.973+0000] {logging_mixin.py:188} INFO - [2024-07-25T23:49:16.973+0000] {dag.py:3947} INFO - Setting next_dagrun for example_branch_labels to 2024-07-24 00:00:00+00:00, run_after=2024-07-25 00:00:00+00:00
[2024-07-25T23:49:16.986+0000] {processor.py:183} INFO - Processing /home/airflow/.local/lib/python3.12/site-packages/airflow/example_dags/example_branch_labels.py took 0.085 seconds
[2024-07-25T23:49:47.027+0000] {processor.py:161} INFO - Started process (PID=2651) to work on /home/airflow/.local/lib/python3.12/site-packages/airflow/example_dags/example_branch_labels.py
[2024-07-25T23:49:47.028+0000] {processor.py:830} INFO - Processing file /home/airflow/.local/lib/python3.12/site-packages/airflow/example_dags/example_branch_labels.py for tasks to queue
[2024-07-25T23:49:47.029+0000] {logging_mixin.py:188} INFO - [2024-07-25T23:49:47.029+0000] {dagbag.py:545} INFO - Filling up the DagBag from /home/airflow/.local/lib/python3.12/site-packages/airflow/example_dags/example_branch_labels.py
[2024-07-25T23:49:47.034+0000] {processor.py:840} INFO - DAG(s) 'example_branch_labels' retrieved from /home/airflow/.local/lib/python3.12/site-packages/airflow/example_dags/example_branch_labels.py
[2024-07-25T23:49:47.049+0000] {logging_mixin.py:188} INFO - [2024-07-25T23:49:47.048+0000] {dag.py:3089} INFO - Sync 1 DAGs
[2024-07-25T23:49:47.065+0000] {logging_mixin.py:188} INFO - [2024-07-25T23:49:47.064+0000] {dag.py:3947} INFO - Setting next_dagrun for example_branch_labels to 2024-07-24 00:00:00+00:00, run_after=2024-07-25 00:00:00+00:00
[2024-07-25T23:49:47.081+0000] {processor.py:183} INFO - Processing /home/airflow/.local/lib/python3.12/site-packages/airflow/example_dags/example_branch_labels.py took 0.059 seconds
[2024-07-25T23:50:17.285+0000] {processor.py:161} INFO - Started process (PID=2711) to work on /home/airflow/.local/lib/python3.12/site-packages/airflow/example_dags/example_branch_labels.py
[2024-07-25T23:50:17.286+0000] {processor.py:830} INFO - Processing file /home/airflow/.local/lib/python3.12/site-packages/airflow/example_dags/example_branch_labels.py for tasks to queue
[2024-07-25T23:50:17.288+0000] {logging_mixin.py:188} INFO - [2024-07-25T23:50:17.287+0000] {dagbag.py:545} INFO - Filling up the DagBag from /home/airflow/.local/lib/python3.12/site-packages/airflow/example_dags/example_branch_labels.py
[2024-07-25T23:50:17.294+0000] {processor.py:840} INFO - DAG(s) 'example_branch_labels' retrieved from /home/airflow/.local/lib/python3.12/site-packages/airflow/example_dags/example_branch_labels.py
[2024-07-25T23:50:17.311+0000] {logging_mixin.py:188} INFO - [2024-07-25T23:50:17.311+0000] {dag.py:3089} INFO - Sync 1 DAGs
[2024-07-25T23:50:17.326+0000] {logging_mixin.py:188} INFO - [2024-07-25T23:50:17.326+0000] {dag.py:3947} INFO - Setting next_dagrun for example_branch_labels to 2024-07-24 00:00:00+00:00, run_after=2024-07-25 00:00:00+00:00
[2024-07-25T23:50:17.345+0000] {processor.py:183} INFO - Processing /home/airflow/.local/lib/python3.12/site-packages/airflow/example_dags/example_branch_labels.py took 0.065 seconds
[2024-07-25T23:50:47.480+0000] {processor.py:161} INFO - Started process (PID=2771) to work on /home/airflow/.local/lib/python3.12/site-packages/airflow/example_dags/example_branch_labels.py
[2024-07-25T23:50:47.483+0000] {processor.py:830} INFO - Processing file /home/airflow/.local/lib/python3.12/site-packages/airflow/example_dags/example_branch_labels.py for tasks to queue
[2024-07-25T23:50:47.485+0000] {logging_mixin.py:188} INFO - [2024-07-25T23:50:47.485+0000] {dagbag.py:545} INFO - Filling up the DagBag from /home/airflow/.local/lib/python3.12/site-packages/airflow/example_dags/example_branch_labels.py
[2024-07-25T23:50:47.490+0000] {processor.py:840} INFO - DAG(s) 'example_branch_labels' retrieved from /home/airflow/.local/lib/python3.12/site-packages/airflow/example_dags/example_branch_labels.py
[2024-07-25T23:50:47.516+0000] {logging_mixin.py:188} INFO - [2024-07-25T23:50:47.516+0000] {dag.py:3089} INFO - Sync 1 DAGs
[2024-07-25T23:50:47.537+0000] {logging_mixin.py:188} INFO - [2024-07-25T23:50:47.537+0000] {dag.py:3947} INFO - Setting next_dagrun for example_branch_labels to 2024-07-24 00:00:00+00:00, run_after=2024-07-25 00:00:00+00:00
[2024-07-25T23:50:47.558+0000] {processor.py:183} INFO - Processing /home/airflow/.local/lib/python3.12/site-packages/airflow/example_dags/example_branch_labels.py took 0.083 seconds
[2024-07-25T23:51:17.722+0000] {processor.py:161} INFO - Started process (PID=2831) to work on /home/airflow/.local/lib/python3.12/site-packages/airflow/example_dags/example_branch_labels.py
[2024-07-25T23:51:17.723+0000] {processor.py:830} INFO - Processing file /home/airflow/.local/lib/python3.12/site-packages/airflow/example_dags/example_branch_labels.py for tasks to queue
[2024-07-25T23:51:17.724+0000] {logging_mixin.py:188} INFO - [2024-07-25T23:51:17.724+0000] {dagbag.py:545} INFO - Filling up the DagBag from /home/airflow/.local/lib/python3.12/site-packages/airflow/example_dags/example_branch_labels.py
[2024-07-25T23:51:17.729+0000] {processor.py:840} INFO - DAG(s) 'example_branch_labels' retrieved from /home/airflow/.local/lib/python3.12/site-packages/airflow/example_dags/example_branch_labels.py
[2024-07-25T23:51:17.743+0000] {logging_mixin.py:188} INFO - [2024-07-25T23:51:17.743+0000] {dag.py:3089} INFO - Sync 1 DAGs
[2024-07-25T23:51:17.761+0000] {logging_mixin.py:188} INFO - [2024-07-25T23:51:17.761+0000] {dag.py:3947} INFO - Setting next_dagrun for example_branch_labels to 2024-07-24 00:00:00+00:00, run_after=2024-07-25 00:00:00+00:00
[2024-07-25T23:51:17.776+0000] {processor.py:183} INFO - Processing /home/airflow/.local/lib/python3.12/site-packages/airflow/example_dags/example_branch_labels.py took 0.059 seconds
[2024-07-25T23:51:50.103+0000] {processor.py:161} INFO - Started process (PID=2891) to work on /home/airflow/.local/lib/python3.12/site-packages/airflow/example_dags/example_branch_labels.py
[2024-07-25T23:51:50.105+0000] {processor.py:830} INFO - Processing file /home/airflow/.local/lib/python3.12/site-packages/airflow/example_dags/example_branch_labels.py for tasks to queue
[2024-07-25T23:51:50.107+0000] {logging_mixin.py:188} INFO - [2024-07-25T23:51:50.107+0000] {dagbag.py:545} INFO - Filling up the DagBag from /home/airflow/.local/lib/python3.12/site-packages/airflow/example_dags/example_branch_labels.py
[2024-07-25T23:51:50.113+0000] {processor.py:840} INFO - DAG(s) 'example_branch_labels' retrieved from /home/airflow/.local/lib/python3.12/site-packages/airflow/example_dags/example_branch_labels.py
[2024-07-25T23:51:50.137+0000] {logging_mixin.py:188} INFO - [2024-07-25T23:51:50.136+0000] {dag.py:3089} INFO - Sync 1 DAGs
[2024-07-25T23:51:50.156+0000] {logging_mixin.py:188} INFO - [2024-07-25T23:51:50.155+0000] {dag.py:3947} INFO - Setting next_dagrun for example_branch_labels to 2024-07-24 00:00:00+00:00, run_after=2024-07-25 00:00:00+00:00
[2024-07-25T23:51:50.178+0000] {processor.py:183} INFO - Processing /home/airflow/.local/lib/python3.12/site-packages/airflow/example_dags/example_branch_labels.py took 0.080 seconds
[2024-07-25T23:52:20.402+0000] {processor.py:161} INFO - Started process (PID=2951) to work on /home/airflow/.local/lib/python3.12/site-packages/airflow/example_dags/example_branch_labels.py
[2024-07-25T23:52:20.404+0000] {processor.py:830} INFO - Processing file /home/airflow/.local/lib/python3.12/site-packages/airflow/example_dags/example_branch_labels.py for tasks to queue
[2024-07-25T23:52:20.406+0000] {logging_mixin.py:188} INFO - [2024-07-25T23:52:20.406+0000] {dagbag.py:545} INFO - Filling up the DagBag from /home/airflow/.local/lib/python3.12/site-packages/airflow/example_dags/example_branch_labels.py
[2024-07-25T23:52:20.412+0000] {processor.py:840} INFO - DAG(s) 'example_branch_labels' retrieved from /home/airflow/.local/lib/python3.12/site-packages/airflow/example_dags/example_branch_labels.py
[2024-07-25T23:52:20.432+0000] {logging_mixin.py:188} INFO - [2024-07-25T23:52:20.431+0000] {dag.py:3089} INFO - Sync 1 DAGs
[2024-07-25T23:52:20.450+0000] {logging_mixin.py:188} INFO - [2024-07-25T23:52:20.449+0000] {dag.py:3947} INFO - Setting next_dagrun for example_branch_labels to 2024-07-24 00:00:00+00:00, run_after=2024-07-25 00:00:00+00:00
[2024-07-25T23:52:20.466+0000] {processor.py:183} INFO - Processing /home/airflow/.local/lib/python3.12/site-packages/airflow/example_dags/example_branch_labels.py took 0.068 seconds
[2024-07-25T23:52:51.323+0000] {processor.py:161} INFO - Started process (PID=3009) to work on /home/airflow/.local/lib/python3.12/site-packages/airflow/example_dags/example_branch_labels.py
[2024-07-25T23:52:51.326+0000] {processor.py:830} INFO - Processing file /home/airflow/.local/lib/python3.12/site-packages/airflow/example_dags/example_branch_labels.py for tasks to queue
[2024-07-25T23:52:51.327+0000] {logging_mixin.py:188} INFO - [2024-07-25T23:52:51.327+0000] {dagbag.py:545} INFO - Filling up the DagBag from /home/airflow/.local/lib/python3.12/site-packages/airflow/example_dags/example_branch_labels.py
[2024-07-25T23:52:51.335+0000] {processor.py:840} INFO - DAG(s) 'example_branch_labels' retrieved from /home/airflow/.local/lib/python3.12/site-packages/airflow/example_dags/example_branch_labels.py
[2024-07-25T23:52:51.354+0000] {logging_mixin.py:188} INFO - [2024-07-25T23:52:51.354+0000] {dag.py:3089} INFO - Sync 1 DAGs
[2024-07-25T23:52:51.373+0000] {logging_mixin.py:188} INFO - [2024-07-25T23:52:51.373+0000] {dag.py:3947} INFO - Setting next_dagrun for example_branch_labels to 2024-07-24 00:00:00+00:00, run_after=2024-07-25 00:00:00+00:00
[2024-07-25T23:52:51.390+0000] {processor.py:183} INFO - Processing /home/airflow/.local/lib/python3.12/site-packages/airflow/example_dags/example_branch_labels.py took 0.072 seconds
[2024-07-25T23:53:21.837+0000] {processor.py:161} INFO - Started process (PID=3069) to work on /home/airflow/.local/lib/python3.12/site-packages/airflow/example_dags/example_branch_labels.py
[2024-07-25T23:53:21.840+0000] {processor.py:830} INFO - Processing file /home/airflow/.local/lib/python3.12/site-packages/airflow/example_dags/example_branch_labels.py for tasks to queue
[2024-07-25T23:53:21.842+0000] {logging_mixin.py:188} INFO - [2024-07-25T23:53:21.842+0000] {dagbag.py:545} INFO - Filling up the DagBag from /home/airflow/.local/lib/python3.12/site-packages/airflow/example_dags/example_branch_labels.py
[2024-07-25T23:53:21.849+0000] {processor.py:840} INFO - DAG(s) 'example_branch_labels' retrieved from /home/airflow/.local/lib/python3.12/site-packages/airflow/example_dags/example_branch_labels.py
[2024-07-25T23:53:21.868+0000] {logging_mixin.py:188} INFO - [2024-07-25T23:53:21.868+0000] {dag.py:3089} INFO - Sync 1 DAGs
[2024-07-25T23:53:21.889+0000] {logging_mixin.py:188} INFO - [2024-07-25T23:53:21.889+0000] {dag.py:3947} INFO - Setting next_dagrun for example_branch_labels to 2024-07-24 00:00:00+00:00, run_after=2024-07-25 00:00:00+00:00
[2024-07-25T23:53:21.910+0000] {processor.py:183} INFO - Processing /home/airflow/.local/lib/python3.12/site-packages/airflow/example_dags/example_branch_labels.py took 0.077 seconds
[2024-07-25T23:53:52.135+0000] {processor.py:161} INFO - Started process (PID=3129) to work on /home/airflow/.local/lib/python3.12/site-packages/airflow/example_dags/example_branch_labels.py
[2024-07-25T23:53:52.136+0000] {processor.py:830} INFO - Processing file /home/airflow/.local/lib/python3.12/site-packages/airflow/example_dags/example_branch_labels.py for tasks to queue
[2024-07-25T23:53:52.140+0000] {logging_mixin.py:188} INFO - [2024-07-25T23:53:52.139+0000] {dagbag.py:545} INFO - Filling up the DagBag from /home/airflow/.local/lib/python3.12/site-packages/airflow/example_dags/example_branch_labels.py
[2024-07-25T23:53:52.146+0000] {processor.py:840} INFO - DAG(s) 'example_branch_labels' retrieved from /home/airflow/.local/lib/python3.12/site-packages/airflow/example_dags/example_branch_labels.py
[2024-07-25T23:53:52.163+0000] {logging_mixin.py:188} INFO - [2024-07-25T23:53:52.163+0000] {dag.py:3089} INFO - Sync 1 DAGs
[2024-07-25T23:53:52.183+0000] {logging_mixin.py:188} INFO - [2024-07-25T23:53:52.183+0000] {dag.py:3947} INFO - Setting next_dagrun for example_branch_labels to 2024-07-24 00:00:00+00:00, run_after=2024-07-25 00:00:00+00:00
[2024-07-25T23:53:52.204+0000] {processor.py:183} INFO - Processing /home/airflow/.local/lib/python3.12/site-packages/airflow/example_dags/example_branch_labels.py took 0.074 seconds
[2024-07-25T23:54:22.408+0000] {processor.py:161} INFO - Started process (PID=3189) to work on /home/airflow/.local/lib/python3.12/site-packages/airflow/example_dags/example_branch_labels.py
[2024-07-25T23:54:22.409+0000] {processor.py:830} INFO - Processing file /home/airflow/.local/lib/python3.12/site-packages/airflow/example_dags/example_branch_labels.py for tasks to queue
[2024-07-25T23:54:22.411+0000] {logging_mixin.py:188} INFO - [2024-07-25T23:54:22.411+0000] {dagbag.py:545} INFO - Filling up the DagBag from /home/airflow/.local/lib/python3.12/site-packages/airflow/example_dags/example_branch_labels.py
[2024-07-25T23:54:22.417+0000] {processor.py:840} INFO - DAG(s) 'example_branch_labels' retrieved from /home/airflow/.local/lib/python3.12/site-packages/airflow/example_dags/example_branch_labels.py
[2024-07-25T23:54:22.436+0000] {logging_mixin.py:188} INFO - [2024-07-25T23:54:22.436+0000] {dag.py:3089} INFO - Sync 1 DAGs
[2024-07-25T23:54:22.454+0000] {logging_mixin.py:188} INFO - [2024-07-25T23:54:22.453+0000] {dag.py:3947} INFO - Setting next_dagrun for example_branch_labels to 2024-07-24 00:00:00+00:00, run_after=2024-07-25 00:00:00+00:00
[2024-07-25T23:54:22.476+0000] {processor.py:183} INFO - Processing /home/airflow/.local/lib/python3.12/site-packages/airflow/example_dags/example_branch_labels.py took 0.072 seconds
