[2024-07-25T23:17:23.931+0000] {processor.py:161} INFO - Started process (PID=88) to work on /home/airflow/.local/lib/python3.12/site-packages/airflow/example_dags/example_latest_only_with_trigger.py
[2024-07-25T23:17:23.933+0000] {processor.py:830} INFO - Processing file /home/airflow/.local/lib/python3.12/site-packages/airflow/example_dags/example_latest_only_with_trigger.py for tasks to queue
[2024-07-25T23:17:23.937+0000] {logging_mixin.py:188} INFO - [2024-07-25T23:17:23.937+0000] {dagbag.py:545} INFO - Filling up the DagBag from /home/airflow/.local/lib/python3.12/site-packages/airflow/example_dags/example_latest_only_with_trigger.py
[2024-07-25T23:17:23.953+0000] {processor.py:840} INFO - DAG(s) 'latest_only_with_trigger' retrieved from /home/airflow/.local/lib/python3.12/site-packages/airflow/example_dags/example_latest_only_with_trigger.py
[2024-07-25T23:17:23.971+0000] {logging_mixin.py:188} INFO - [2024-07-25T23:17:23.970+0000] {dag.py:3089} INFO - Sync 1 DAGs
[2024-07-25T23:17:24.019+0000] {logging_mixin.py:188} INFO - [2024-07-25T23:17:24.019+0000] {dag.py:3947} INFO - Setting next_dagrun for latest_only_with_trigger to 2024-07-25 16:00:00+00:00, run_after=2024-07-25 20:00:00+00:00
[2024-07-25T23:17:24.109+0000] {processor.py:183} INFO - Processing /home/airflow/.local/lib/python3.12/site-packages/airflow/example_dags/example_latest_only_with_trigger.py took 0.186 seconds
[2024-07-25T23:17:54.502+0000] {processor.py:161} INFO - Started process (PID=148) to work on /home/airflow/.local/lib/python3.12/site-packages/airflow/example_dags/example_latest_only_with_trigger.py
[2024-07-25T23:17:54.504+0000] {processor.py:830} INFO - Processing file /home/airflow/.local/lib/python3.12/site-packages/airflow/example_dags/example_latest_only_with_trigger.py for tasks to queue
[2024-07-25T23:17:54.508+0000] {logging_mixin.py:188} INFO - [2024-07-25T23:17:54.508+0000] {dagbag.py:545} INFO - Filling up the DagBag from /home/airflow/.local/lib/python3.12/site-packages/airflow/example_dags/example_latest_only_with_trigger.py
[2024-07-25T23:17:54.513+0000] {processor.py:840} INFO - DAG(s) 'latest_only_with_trigger' retrieved from /home/airflow/.local/lib/python3.12/site-packages/airflow/example_dags/example_latest_only_with_trigger.py
[2024-07-25T23:17:54.584+0000] {logging_mixin.py:188} INFO - [2024-07-25T23:17:54.584+0000] {dag.py:3089} INFO - Sync 1 DAGs
[2024-07-25T23:17:54.596+0000] {logging_mixin.py:188} INFO - [2024-07-25T23:17:54.596+0000] {dag.py:3947} INFO - Setting next_dagrun for latest_only_with_trigger to 2024-07-25 16:00:00+00:00, run_after=2024-07-25 20:00:00+00:00
[2024-07-25T23:17:54.609+0000] {processor.py:183} INFO - Processing /home/airflow/.local/lib/python3.12/site-packages/airflow/example_dags/example_latest_only_with_trigger.py took 0.110 seconds
[2024-07-25T23:18:25.417+0000] {processor.py:161} INFO - Started process (PID=208) to work on /home/airflow/.local/lib/python3.12/site-packages/airflow/example_dags/example_latest_only_with_trigger.py
[2024-07-25T23:18:25.418+0000] {processor.py:830} INFO - Processing file /home/airflow/.local/lib/python3.12/site-packages/airflow/example_dags/example_latest_only_with_trigger.py for tasks to queue
[2024-07-25T23:18:25.419+0000] {logging_mixin.py:188} INFO - [2024-07-25T23:18:25.419+0000] {dagbag.py:545} INFO - Filling up the DagBag from /home/airflow/.local/lib/python3.12/site-packages/airflow/example_dags/example_latest_only_with_trigger.py
[2024-07-25T23:18:25.423+0000] {processor.py:840} INFO - DAG(s) 'latest_only_with_trigger' retrieved from /home/airflow/.local/lib/python3.12/site-packages/airflow/example_dags/example_latest_only_with_trigger.py
[2024-07-25T23:18:25.437+0000] {logging_mixin.py:188} INFO - [2024-07-25T23:18:25.437+0000] {dag.py:3089} INFO - Sync 1 DAGs
[2024-07-25T23:18:25.457+0000] {logging_mixin.py:188} INFO - [2024-07-25T23:18:25.456+0000] {dag.py:3947} INFO - Setting next_dagrun for latest_only_with_trigger to 2024-07-25 16:00:00+00:00, run_after=2024-07-25 20:00:00+00:00
[2024-07-25T23:18:25.473+0000] {processor.py:183} INFO - Processing /home/airflow/.local/lib/python3.12/site-packages/airflow/example_dags/example_latest_only_with_trigger.py took 0.060 seconds
[2024-07-25T23:18:56.147+0000] {processor.py:161} INFO - Started process (PID=268) to work on /home/airflow/.local/lib/python3.12/site-packages/airflow/example_dags/example_latest_only_with_trigger.py
[2024-07-25T23:18:56.148+0000] {processor.py:830} INFO - Processing file /home/airflow/.local/lib/python3.12/site-packages/airflow/example_dags/example_latest_only_with_trigger.py for tasks to queue
[2024-07-25T23:18:56.149+0000] {logging_mixin.py:188} INFO - [2024-07-25T23:18:56.149+0000] {dagbag.py:545} INFO - Filling up the DagBag from /home/airflow/.local/lib/python3.12/site-packages/airflow/example_dags/example_latest_only_with_trigger.py
[2024-07-25T23:18:56.154+0000] {processor.py:840} INFO - DAG(s) 'latest_only_with_trigger' retrieved from /home/airflow/.local/lib/python3.12/site-packages/airflow/example_dags/example_latest_only_with_trigger.py
[2024-07-25T23:18:56.171+0000] {logging_mixin.py:188} INFO - [2024-07-25T23:18:56.170+0000] {dag.py:3089} INFO - Sync 1 DAGs
[2024-07-25T23:18:56.190+0000] {logging_mixin.py:188} INFO - [2024-07-25T23:18:56.190+0000] {dag.py:3947} INFO - Setting next_dagrun for latest_only_with_trigger to 2024-07-25 16:00:00+00:00, run_after=2024-07-25 20:00:00+00:00
[2024-07-25T23:18:56.213+0000] {processor.py:183} INFO - Processing /home/airflow/.local/lib/python3.12/site-packages/airflow/example_dags/example_latest_only_with_trigger.py took 0.070 seconds
[2024-07-25T23:19:27.227+0000] {processor.py:161} INFO - Started process (PID=328) to work on /home/airflow/.local/lib/python3.12/site-packages/airflow/example_dags/example_latest_only_with_trigger.py
[2024-07-25T23:19:27.231+0000] {processor.py:830} INFO - Processing file /home/airflow/.local/lib/python3.12/site-packages/airflow/example_dags/example_latest_only_with_trigger.py for tasks to queue
[2024-07-25T23:19:27.233+0000] {logging_mixin.py:188} INFO - [2024-07-25T23:19:27.232+0000] {dagbag.py:545} INFO - Filling up the DagBag from /home/airflow/.local/lib/python3.12/site-packages/airflow/example_dags/example_latest_only_with_trigger.py
[2024-07-25T23:19:27.236+0000] {processor.py:840} INFO - DAG(s) 'latest_only_with_trigger' retrieved from /home/airflow/.local/lib/python3.12/site-packages/airflow/example_dags/example_latest_only_with_trigger.py
[2024-07-25T23:19:27.251+0000] {logging_mixin.py:188} INFO - [2024-07-25T23:19:27.251+0000] {dag.py:3089} INFO - Sync 1 DAGs
[2024-07-25T23:19:27.272+0000] {logging_mixin.py:188} INFO - [2024-07-25T23:19:27.271+0000] {dag.py:3947} INFO - Setting next_dagrun for latest_only_with_trigger to 2024-07-25 16:00:00+00:00, run_after=2024-07-25 20:00:00+00:00
[2024-07-25T23:19:27.287+0000] {processor.py:183} INFO - Processing /home/airflow/.local/lib/python3.12/site-packages/airflow/example_dags/example_latest_only_with_trigger.py took 0.064 seconds
[2024-07-25T23:19:58.309+0000] {processor.py:161} INFO - Started process (PID=388) to work on /home/airflow/.local/lib/python3.12/site-packages/airflow/example_dags/example_latest_only_with_trigger.py
[2024-07-25T23:19:58.312+0000] {processor.py:830} INFO - Processing file /home/airflow/.local/lib/python3.12/site-packages/airflow/example_dags/example_latest_only_with_trigger.py for tasks to queue
[2024-07-25T23:19:58.317+0000] {logging_mixin.py:188} INFO - [2024-07-25T23:19:58.316+0000] {dagbag.py:545} INFO - Filling up the DagBag from /home/airflow/.local/lib/python3.12/site-packages/airflow/example_dags/example_latest_only_with_trigger.py
[2024-07-25T23:19:58.321+0000] {processor.py:840} INFO - DAG(s) 'latest_only_with_trigger' retrieved from /home/airflow/.local/lib/python3.12/site-packages/airflow/example_dags/example_latest_only_with_trigger.py
[2024-07-25T23:19:58.341+0000] {logging_mixin.py:188} INFO - [2024-07-25T23:19:58.341+0000] {dag.py:3089} INFO - Sync 1 DAGs
[2024-07-25T23:19:58.367+0000] {logging_mixin.py:188} INFO - [2024-07-25T23:19:58.367+0000] {dag.py:3947} INFO - Setting next_dagrun for latest_only_with_trigger to 2024-07-25 16:00:00+00:00, run_after=2024-07-25 20:00:00+00:00
[2024-07-25T23:19:58.402+0000] {processor.py:183} INFO - Processing /home/airflow/.local/lib/python3.12/site-packages/airflow/example_dags/example_latest_only_with_trigger.py took 0.099 seconds
[2024-07-25T23:20:29.180+0000] {processor.py:161} INFO - Started process (PID=448) to work on /home/airflow/.local/lib/python3.12/site-packages/airflow/example_dags/example_latest_only_with_trigger.py
[2024-07-25T23:20:29.183+0000] {processor.py:830} INFO - Processing file /home/airflow/.local/lib/python3.12/site-packages/airflow/example_dags/example_latest_only_with_trigger.py for tasks to queue
[2024-07-25T23:20:29.184+0000] {logging_mixin.py:188} INFO - [2024-07-25T23:20:29.184+0000] {dagbag.py:545} INFO - Filling up the DagBag from /home/airflow/.local/lib/python3.12/site-packages/airflow/example_dags/example_latest_only_with_trigger.py
[2024-07-25T23:20:29.189+0000] {processor.py:840} INFO - DAG(s) 'latest_only_with_trigger' retrieved from /home/airflow/.local/lib/python3.12/site-packages/airflow/example_dags/example_latest_only_with_trigger.py
[2024-07-25T23:20:29.208+0000] {logging_mixin.py:188} INFO - [2024-07-25T23:20:29.208+0000] {dag.py:3089} INFO - Sync 1 DAGs
[2024-07-25T23:20:29.229+0000] {logging_mixin.py:188} INFO - [2024-07-25T23:20:29.228+0000] {dag.py:3947} INFO - Setting next_dagrun for latest_only_with_trigger to 2024-07-25 16:00:00+00:00, run_after=2024-07-25 20:00:00+00:00
[2024-07-25T23:20:29.241+0000] {processor.py:183} INFO - Processing /home/airflow/.local/lib/python3.12/site-packages/airflow/example_dags/example_latest_only_with_trigger.py took 0.066 seconds
[2024-07-25T23:21:00.319+0000] {processor.py:161} INFO - Started process (PID=508) to work on /home/airflow/.local/lib/python3.12/site-packages/airflow/example_dags/example_latest_only_with_trigger.py
[2024-07-25T23:21:00.321+0000] {processor.py:830} INFO - Processing file /home/airflow/.local/lib/python3.12/site-packages/airflow/example_dags/example_latest_only_with_trigger.py for tasks to queue
[2024-07-25T23:21:00.327+0000] {logging_mixin.py:188} INFO - [2024-07-25T23:21:00.326+0000] {dagbag.py:545} INFO - Filling up the DagBag from /home/airflow/.local/lib/python3.12/site-packages/airflow/example_dags/example_latest_only_with_trigger.py
[2024-07-25T23:21:00.339+0000] {processor.py:840} INFO - DAG(s) 'latest_only_with_trigger' retrieved from /home/airflow/.local/lib/python3.12/site-packages/airflow/example_dags/example_latest_only_with_trigger.py
[2024-07-25T23:21:00.369+0000] {logging_mixin.py:188} INFO - [2024-07-25T23:21:00.368+0000] {dag.py:3089} INFO - Sync 1 DAGs
[2024-07-25T23:21:00.400+0000] {logging_mixin.py:188} INFO - [2024-07-25T23:21:00.399+0000] {dag.py:3947} INFO - Setting next_dagrun for latest_only_with_trigger to 2024-07-25 16:00:00+00:00, run_after=2024-07-25 20:00:00+00:00
[2024-07-25T23:21:00.440+0000] {processor.py:183} INFO - Processing /home/airflow/.local/lib/python3.12/site-packages/airflow/example_dags/example_latest_only_with_trigger.py took 0.132 seconds
[2024-07-25T23:21:30.489+0000] {processor.py:161} INFO - Started process (PID=568) to work on /home/airflow/.local/lib/python3.12/site-packages/airflow/example_dags/example_latest_only_with_trigger.py
[2024-07-25T23:21:30.491+0000] {processor.py:830} INFO - Processing file /home/airflow/.local/lib/python3.12/site-packages/airflow/example_dags/example_latest_only_with_trigger.py for tasks to queue
[2024-07-25T23:21:30.494+0000] {logging_mixin.py:188} INFO - [2024-07-25T23:21:30.494+0000] {dagbag.py:545} INFO - Filling up the DagBag from /home/airflow/.local/lib/python3.12/site-packages/airflow/example_dags/example_latest_only_with_trigger.py
[2024-07-25T23:21:30.500+0000] {processor.py:840} INFO - DAG(s) 'latest_only_with_trigger' retrieved from /home/airflow/.local/lib/python3.12/site-packages/airflow/example_dags/example_latest_only_with_trigger.py
[2024-07-25T23:21:30.522+0000] {logging_mixin.py:188} INFO - [2024-07-25T23:21:30.522+0000] {dag.py:3089} INFO - Sync 1 DAGs
[2024-07-25T23:21:30.538+0000] {logging_mixin.py:188} INFO - [2024-07-25T23:21:30.538+0000] {dag.py:3947} INFO - Setting next_dagrun for latest_only_with_trigger to 2024-07-25 16:00:00+00:00, run_after=2024-07-25 20:00:00+00:00
[2024-07-25T23:21:30.550+0000] {processor.py:183} INFO - Processing /home/airflow/.local/lib/python3.12/site-packages/airflow/example_dags/example_latest_only_with_trigger.py took 0.065 seconds
[2024-07-25T23:22:01.026+0000] {processor.py:161} INFO - Started process (PID=627) to work on /home/airflow/.local/lib/python3.12/site-packages/airflow/example_dags/example_latest_only_with_trigger.py
[2024-07-25T23:22:01.032+0000] {processor.py:830} INFO - Processing file /home/airflow/.local/lib/python3.12/site-packages/airflow/example_dags/example_latest_only_with_trigger.py for tasks to queue
[2024-07-25T23:22:01.034+0000] {logging_mixin.py:188} INFO - [2024-07-25T23:22:01.033+0000] {dagbag.py:545} INFO - Filling up the DagBag from /home/airflow/.local/lib/python3.12/site-packages/airflow/example_dags/example_latest_only_with_trigger.py
[2024-07-25T23:22:01.038+0000] {processor.py:840} INFO - DAG(s) 'latest_only_with_trigger' retrieved from /home/airflow/.local/lib/python3.12/site-packages/airflow/example_dags/example_latest_only_with_trigger.py
[2024-07-25T23:22:01.057+0000] {logging_mixin.py:188} INFO - [2024-07-25T23:22:01.057+0000] {dag.py:3089} INFO - Sync 1 DAGs
[2024-07-25T23:22:01.080+0000] {logging_mixin.py:188} INFO - [2024-07-25T23:22:01.080+0000] {dag.py:3947} INFO - Setting next_dagrun for latest_only_with_trigger to 2024-07-25 16:00:00+00:00, run_after=2024-07-25 20:00:00+00:00
[2024-07-25T23:22:01.093+0000] {processor.py:183} INFO - Processing /home/airflow/.local/lib/python3.12/site-packages/airflow/example_dags/example_latest_only_with_trigger.py took 0.071 seconds
[2024-07-25T23:22:31.832+0000] {processor.py:161} INFO - Started process (PID=686) to work on /home/airflow/.local/lib/python3.12/site-packages/airflow/example_dags/example_latest_only_with_trigger.py
[2024-07-25T23:22:31.833+0000] {processor.py:830} INFO - Processing file /home/airflow/.local/lib/python3.12/site-packages/airflow/example_dags/example_latest_only_with_trigger.py for tasks to queue
[2024-07-25T23:22:31.834+0000] {logging_mixin.py:188} INFO - [2024-07-25T23:22:31.834+0000] {dagbag.py:545} INFO - Filling up the DagBag from /home/airflow/.local/lib/python3.12/site-packages/airflow/example_dags/example_latest_only_with_trigger.py
[2024-07-25T23:22:31.838+0000] {processor.py:840} INFO - DAG(s) 'latest_only_with_trigger' retrieved from /home/airflow/.local/lib/python3.12/site-packages/airflow/example_dags/example_latest_only_with_trigger.py
[2024-07-25T23:22:31.854+0000] {logging_mixin.py:188} INFO - [2024-07-25T23:22:31.854+0000] {dag.py:3089} INFO - Sync 1 DAGs
[2024-07-25T23:22:31.872+0000] {logging_mixin.py:188} INFO - [2024-07-25T23:22:31.872+0000] {dag.py:3947} INFO - Setting next_dagrun for latest_only_with_trigger to 2024-07-25 16:00:00+00:00, run_after=2024-07-25 20:00:00+00:00
[2024-07-25T23:22:31.892+0000] {processor.py:183} INFO - Processing /home/airflow/.local/lib/python3.12/site-packages/airflow/example_dags/example_latest_only_with_trigger.py took 0.065 seconds
[2024-07-25T23:23:02.262+0000] {processor.py:161} INFO - Started process (PID=746) to work on /home/airflow/.local/lib/python3.12/site-packages/airflow/example_dags/example_latest_only_with_trigger.py
[2024-07-25T23:23:02.266+0000] {processor.py:830} INFO - Processing file /home/airflow/.local/lib/python3.12/site-packages/airflow/example_dags/example_latest_only_with_trigger.py for tasks to queue
[2024-07-25T23:23:02.269+0000] {logging_mixin.py:188} INFO - [2024-07-25T23:23:02.268+0000] {dagbag.py:545} INFO - Filling up the DagBag from /home/airflow/.local/lib/python3.12/site-packages/airflow/example_dags/example_latest_only_with_trigger.py
[2024-07-25T23:23:02.277+0000] {processor.py:840} INFO - DAG(s) 'latest_only_with_trigger' retrieved from /home/airflow/.local/lib/python3.12/site-packages/airflow/example_dags/example_latest_only_with_trigger.py
[2024-07-25T23:23:02.300+0000] {logging_mixin.py:188} INFO - [2024-07-25T23:23:02.300+0000] {dag.py:3089} INFO - Sync 1 DAGs
[2024-07-25T23:23:02.319+0000] {logging_mixin.py:188} INFO - [2024-07-25T23:23:02.319+0000] {dag.py:3947} INFO - Setting next_dagrun for latest_only_with_trigger to 2024-07-25 16:00:00+00:00, run_after=2024-07-25 20:00:00+00:00
[2024-07-25T23:23:02.336+0000] {processor.py:183} INFO - Processing /home/airflow/.local/lib/python3.12/site-packages/airflow/example_dags/example_latest_only_with_trigger.py took 0.085 seconds
[2024-07-25T23:23:33.119+0000] {processor.py:161} INFO - Started process (PID=806) to work on /home/airflow/.local/lib/python3.12/site-packages/airflow/example_dags/example_latest_only_with_trigger.py
[2024-07-25T23:23:33.120+0000] {processor.py:830} INFO - Processing file /home/airflow/.local/lib/python3.12/site-packages/airflow/example_dags/example_latest_only_with_trigger.py for tasks to queue
[2024-07-25T23:23:33.122+0000] {logging_mixin.py:188} INFO - [2024-07-25T23:23:33.122+0000] {dagbag.py:545} INFO - Filling up the DagBag from /home/airflow/.local/lib/python3.12/site-packages/airflow/example_dags/example_latest_only_with_trigger.py
[2024-07-25T23:23:33.126+0000] {processor.py:840} INFO - DAG(s) 'latest_only_with_trigger' retrieved from /home/airflow/.local/lib/python3.12/site-packages/airflow/example_dags/example_latest_only_with_trigger.py
[2024-07-25T23:23:33.142+0000] {logging_mixin.py:188} INFO - [2024-07-25T23:23:33.141+0000] {dag.py:3089} INFO - Sync 1 DAGs
[2024-07-25T23:23:33.160+0000] {logging_mixin.py:188} INFO - [2024-07-25T23:23:33.160+0000] {dag.py:3947} INFO - Setting next_dagrun for latest_only_with_trigger to 2024-07-25 16:00:00+00:00, run_after=2024-07-25 20:00:00+00:00
[2024-07-25T23:23:33.171+0000] {processor.py:183} INFO - Processing /home/airflow/.local/lib/python3.12/site-packages/airflow/example_dags/example_latest_only_with_trigger.py took 0.058 seconds
[2024-07-25T23:24:07.261+0000] {processor.py:161} INFO - Started process (PID=866) to work on /home/airflow/.local/lib/python3.12/site-packages/airflow/example_dags/example_latest_only_with_trigger.py
[2024-07-25T23:24:07.264+0000] {processor.py:830} INFO - Processing file /home/airflow/.local/lib/python3.12/site-packages/airflow/example_dags/example_latest_only_with_trigger.py for tasks to queue
[2024-07-25T23:24:07.267+0000] {logging_mixin.py:188} INFO - [2024-07-25T23:24:07.266+0000] {dagbag.py:545} INFO - Filling up the DagBag from /home/airflow/.local/lib/python3.12/site-packages/airflow/example_dags/example_latest_only_with_trigger.py
[2024-07-25T23:24:07.275+0000] {processor.py:840} INFO - DAG(s) 'latest_only_with_trigger' retrieved from /home/airflow/.local/lib/python3.12/site-packages/airflow/example_dags/example_latest_only_with_trigger.py
[2024-07-25T23:24:07.332+0000] {logging_mixin.py:188} INFO - [2024-07-25T23:24:07.331+0000] {dag.py:3089} INFO - Sync 1 DAGs
[2024-07-25T23:24:07.447+0000] {logging_mixin.py:188} INFO - [2024-07-25T23:24:07.447+0000] {dag.py:3947} INFO - Setting next_dagrun for latest_only_with_trigger to 2024-07-25 16:00:00+00:00, run_after=2024-07-25 20:00:00+00:00
[2024-07-25T23:24:07.534+0000] {processor.py:183} INFO - Processing /home/airflow/.local/lib/python3.12/site-packages/airflow/example_dags/example_latest_only_with_trigger.py took 0.294 seconds
[2024-07-25T23:24:40.744+0000] {processor.py:161} INFO - Started process (PID=932) to work on /home/airflow/.local/lib/python3.12/site-packages/airflow/example_dags/example_latest_only_with_trigger.py
[2024-07-25T23:24:40.752+0000] {processor.py:830} INFO - Processing file /home/airflow/.local/lib/python3.12/site-packages/airflow/example_dags/example_latest_only_with_trigger.py for tasks to queue
[2024-07-25T23:24:40.790+0000] {logging_mixin.py:188} INFO - [2024-07-25T23:24:40.778+0000] {dagbag.py:545} INFO - Filling up the DagBag from /home/airflow/.local/lib/python3.12/site-packages/airflow/example_dags/example_latest_only_with_trigger.py
[2024-07-25T23:24:40.832+0000] {processor.py:840} INFO - DAG(s) 'latest_only_with_trigger' retrieved from /home/airflow/.local/lib/python3.12/site-packages/airflow/example_dags/example_latest_only_with_trigger.py
[2024-07-25T23:24:40.925+0000] {logging_mixin.py:188} INFO - [2024-07-25T23:24:40.924+0000] {dag.py:3089} INFO - Sync 1 DAGs
[2024-07-25T23:24:41.041+0000] {logging_mixin.py:188} INFO - [2024-07-25T23:24:41.041+0000] {dag.py:3947} INFO - Setting next_dagrun for latest_only_with_trigger to 2024-07-25 16:00:00+00:00, run_after=2024-07-25 20:00:00+00:00
[2024-07-25T23:24:41.135+0000] {processor.py:183} INFO - Processing /home/airflow/.local/lib/python3.12/site-packages/airflow/example_dags/example_latest_only_with_trigger.py took 0.481 seconds
[2024-07-25T23:25:11.902+0000] {processor.py:161} INFO - Started process (PID=992) to work on /home/airflow/.local/lib/python3.12/site-packages/airflow/example_dags/example_latest_only_with_trigger.py
[2024-07-25T23:25:11.907+0000] {processor.py:830} INFO - Processing file /home/airflow/.local/lib/python3.12/site-packages/airflow/example_dags/example_latest_only_with_trigger.py for tasks to queue
[2024-07-25T23:25:11.910+0000] {logging_mixin.py:188} INFO - [2024-07-25T23:25:11.909+0000] {dagbag.py:545} INFO - Filling up the DagBag from /home/airflow/.local/lib/python3.12/site-packages/airflow/example_dags/example_latest_only_with_trigger.py
[2024-07-25T23:25:11.915+0000] {processor.py:840} INFO - DAG(s) 'latest_only_with_trigger' retrieved from /home/airflow/.local/lib/python3.12/site-packages/airflow/example_dags/example_latest_only_with_trigger.py
[2024-07-25T23:25:11.935+0000] {logging_mixin.py:188} INFO - [2024-07-25T23:25:11.935+0000] {dag.py:3089} INFO - Sync 1 DAGs
[2024-07-25T23:25:11.951+0000] {logging_mixin.py:188} INFO - [2024-07-25T23:25:11.951+0000] {dag.py:3947} INFO - Setting next_dagrun for latest_only_with_trigger to 2024-07-25 16:00:00+00:00, run_after=2024-07-25 20:00:00+00:00
[2024-07-25T23:25:11.967+0000] {processor.py:183} INFO - Processing /home/airflow/.local/lib/python3.12/site-packages/airflow/example_dags/example_latest_only_with_trigger.py took 0.073 seconds
[2024-07-25T23:27:58.860+0000] {processor.py:161} INFO - Started process (PID=92) to work on /home/airflow/.local/lib/python3.12/site-packages/airflow/example_dags/example_latest_only_with_trigger.py
[2024-07-25T23:27:58.890+0000] {processor.py:830} INFO - Processing file /home/airflow/.local/lib/python3.12/site-packages/airflow/example_dags/example_latest_only_with_trigger.py for tasks to queue
[2024-07-25T23:27:58.915+0000] {logging_mixin.py:188} INFO - [2024-07-25T23:27:58.913+0000] {dagbag.py:545} INFO - Filling up the DagBag from /home/airflow/.local/lib/python3.12/site-packages/airflow/example_dags/example_latest_only_with_trigger.py
[2024-07-25T23:27:58.980+0000] {processor.py:840} INFO - DAG(s) 'latest_only_with_trigger' retrieved from /home/airflow/.local/lib/python3.12/site-packages/airflow/example_dags/example_latest_only_with_trigger.py
[2024-07-25T23:27:59.458+0000] {logging_mixin.py:188} INFO - [2024-07-25T23:27:59.457+0000] {dag.py:3089} INFO - Sync 1 DAGs
[2024-07-25T23:27:59.618+0000] {logging_mixin.py:188} INFO - [2024-07-25T23:27:59.618+0000] {dag.py:3947} INFO - Setting next_dagrun for latest_only_with_trigger to 2024-07-25 16:00:00+00:00, run_after=2024-07-25 20:00:00+00:00
[2024-07-25T23:27:59.718+0000] {processor.py:183} INFO - Processing /home/airflow/.local/lib/python3.12/site-packages/airflow/example_dags/example_latest_only_with_trigger.py took 0.925 seconds
[2024-07-25T23:28:30.059+0000] {processor.py:161} INFO - Started process (PID=152) to work on /home/airflow/.local/lib/python3.12/site-packages/airflow/example_dags/example_latest_only_with_trigger.py
[2024-07-25T23:28:30.065+0000] {processor.py:830} INFO - Processing file /home/airflow/.local/lib/python3.12/site-packages/airflow/example_dags/example_latest_only_with_trigger.py for tasks to queue
[2024-07-25T23:28:30.068+0000] {logging_mixin.py:188} INFO - [2024-07-25T23:28:30.068+0000] {dagbag.py:545} INFO - Filling up the DagBag from /home/airflow/.local/lib/python3.12/site-packages/airflow/example_dags/example_latest_only_with_trigger.py
[2024-07-25T23:28:30.079+0000] {processor.py:840} INFO - DAG(s) 'latest_only_with_trigger' retrieved from /home/airflow/.local/lib/python3.12/site-packages/airflow/example_dags/example_latest_only_with_trigger.py
[2024-07-25T23:28:30.141+0000] {logging_mixin.py:188} INFO - [2024-07-25T23:28:30.141+0000] {dag.py:3089} INFO - Sync 1 DAGs
[2024-07-25T23:28:30.241+0000] {logging_mixin.py:188} INFO - [2024-07-25T23:28:30.241+0000] {dag.py:3947} INFO - Setting next_dagrun for latest_only_with_trigger to 2024-07-25 16:00:00+00:00, run_after=2024-07-25 20:00:00+00:00
[2024-07-25T23:28:30.338+0000] {processor.py:183} INFO - Processing /home/airflow/.local/lib/python3.12/site-packages/airflow/example_dags/example_latest_only_with_trigger.py took 0.288 seconds
[2024-07-25T23:29:00.461+0000] {processor.py:161} INFO - Started process (PID=214) to work on /home/airflow/.local/lib/python3.12/site-packages/airflow/example_dags/example_latest_only_with_trigger.py
[2024-07-25T23:29:00.463+0000] {processor.py:830} INFO - Processing file /home/airflow/.local/lib/python3.12/site-packages/airflow/example_dags/example_latest_only_with_trigger.py for tasks to queue
[2024-07-25T23:29:00.465+0000] {logging_mixin.py:188} INFO - [2024-07-25T23:29:00.465+0000] {dagbag.py:545} INFO - Filling up the DagBag from /home/airflow/.local/lib/python3.12/site-packages/airflow/example_dags/example_latest_only_with_trigger.py
[2024-07-25T23:29:00.472+0000] {processor.py:840} INFO - DAG(s) 'latest_only_with_trigger' retrieved from /home/airflow/.local/lib/python3.12/site-packages/airflow/example_dags/example_latest_only_with_trigger.py
[2024-07-25T23:29:00.495+0000] {logging_mixin.py:188} INFO - [2024-07-25T23:29:00.495+0000] {dag.py:3089} INFO - Sync 1 DAGs
[2024-07-25T23:29:00.532+0000] {logging_mixin.py:188} INFO - [2024-07-25T23:29:00.532+0000] {dag.py:3947} INFO - Setting next_dagrun for latest_only_with_trigger to 2024-07-25 16:00:00+00:00, run_after=2024-07-25 20:00:00+00:00
[2024-07-25T23:29:00.554+0000] {processor.py:183} INFO - Processing /home/airflow/.local/lib/python3.12/site-packages/airflow/example_dags/example_latest_only_with_trigger.py took 0.099 seconds
[2024-07-25T23:29:33.938+0000] {processor.py:161} INFO - Started process (PID=284) to work on /home/airflow/.local/lib/python3.12/site-packages/airflow/example_dags/example_latest_only_with_trigger.py
[2024-07-25T23:29:33.943+0000] {processor.py:830} INFO - Processing file /home/airflow/.local/lib/python3.12/site-packages/airflow/example_dags/example_latest_only_with_trigger.py for tasks to queue
[2024-07-25T23:29:33.988+0000] {logging_mixin.py:188} INFO - [2024-07-25T23:29:33.987+0000] {dagbag.py:545} INFO - Filling up the DagBag from /home/airflow/.local/lib/python3.12/site-packages/airflow/example_dags/example_latest_only_with_trigger.py
[2024-07-25T23:29:34.103+0000] {processor.py:840} INFO - DAG(s) 'latest_only_with_trigger' retrieved from /home/airflow/.local/lib/python3.12/site-packages/airflow/example_dags/example_latest_only_with_trigger.py
[2024-07-25T23:29:34.575+0000] {logging_mixin.py:188} INFO - [2024-07-25T23:29:34.574+0000] {dag.py:3089} INFO - Sync 1 DAGs
[2024-07-25T23:29:34.798+0000] {logging_mixin.py:188} INFO - [2024-07-25T23:29:34.797+0000] {dag.py:3947} INFO - Setting next_dagrun for latest_only_with_trigger to 2024-07-25 16:00:00+00:00, run_after=2024-07-25 20:00:00+00:00
[2024-07-25T23:29:34.885+0000] {processor.py:183} INFO - Processing /home/airflow/.local/lib/python3.12/site-packages/airflow/example_dags/example_latest_only_with_trigger.py took 1.012 seconds
[2024-07-25T23:30:05.813+0000] {processor.py:161} INFO - Started process (PID=342) to work on /home/airflow/.local/lib/python3.12/site-packages/airflow/example_dags/example_latest_only_with_trigger.py
[2024-07-25T23:30:05.815+0000] {processor.py:830} INFO - Processing file /home/airflow/.local/lib/python3.12/site-packages/airflow/example_dags/example_latest_only_with_trigger.py for tasks to queue
[2024-07-25T23:30:05.820+0000] {logging_mixin.py:188} INFO - [2024-07-25T23:30:05.819+0000] {dagbag.py:545} INFO - Filling up the DagBag from /home/airflow/.local/lib/python3.12/site-packages/airflow/example_dags/example_latest_only_with_trigger.py
[2024-07-25T23:30:05.834+0000] {processor.py:840} INFO - DAG(s) 'latest_only_with_trigger' retrieved from /home/airflow/.local/lib/python3.12/site-packages/airflow/example_dags/example_latest_only_with_trigger.py
[2024-07-25T23:30:05.869+0000] {logging_mixin.py:188} INFO - [2024-07-25T23:30:05.869+0000] {dag.py:3089} INFO - Sync 1 DAGs
[2024-07-25T23:30:05.902+0000] {logging_mixin.py:188} INFO - [2024-07-25T23:30:05.902+0000] {dag.py:3947} INFO - Setting next_dagrun for latest_only_with_trigger to 2024-07-25 16:00:00+00:00, run_after=2024-07-25 20:00:00+00:00
[2024-07-25T23:30:05.942+0000] {processor.py:183} INFO - Processing /home/airflow/.local/lib/python3.12/site-packages/airflow/example_dags/example_latest_only_with_trigger.py took 0.154 seconds
[2024-07-25T23:30:36.556+0000] {processor.py:161} INFO - Started process (PID=402) to work on /home/airflow/.local/lib/python3.12/site-packages/airflow/example_dags/example_latest_only_with_trigger.py
[2024-07-25T23:30:36.565+0000] {processor.py:830} INFO - Processing file /home/airflow/.local/lib/python3.12/site-packages/airflow/example_dags/example_latest_only_with_trigger.py for tasks to queue
[2024-07-25T23:30:36.572+0000] {logging_mixin.py:188} INFO - [2024-07-25T23:30:36.571+0000] {dagbag.py:545} INFO - Filling up the DagBag from /home/airflow/.local/lib/python3.12/site-packages/airflow/example_dags/example_latest_only_with_trigger.py
[2024-07-25T23:30:36.588+0000] {processor.py:840} INFO - DAG(s) 'latest_only_with_trigger' retrieved from /home/airflow/.local/lib/python3.12/site-packages/airflow/example_dags/example_latest_only_with_trigger.py
[2024-07-25T23:30:36.656+0000] {logging_mixin.py:188} INFO - [2024-07-25T23:30:36.656+0000] {dag.py:3089} INFO - Sync 1 DAGs
[2024-07-25T23:30:36.711+0000] {logging_mixin.py:188} INFO - [2024-07-25T23:30:36.711+0000] {dag.py:3947} INFO - Setting next_dagrun for latest_only_with_trigger to 2024-07-25 16:00:00+00:00, run_after=2024-07-25 20:00:00+00:00
[2024-07-25T23:30:36.737+0000] {processor.py:183} INFO - Processing /home/airflow/.local/lib/python3.12/site-packages/airflow/example_dags/example_latest_only_with_trigger.py took 0.191 seconds
[2024-07-25T23:31:08.504+0000] {processor.py:161} INFO - Started process (PID=462) to work on /home/airflow/.local/lib/python3.12/site-packages/airflow/example_dags/example_latest_only_with_trigger.py
[2024-07-25T23:31:08.524+0000] {processor.py:830} INFO - Processing file /home/airflow/.local/lib/python3.12/site-packages/airflow/example_dags/example_latest_only_with_trigger.py for tasks to queue
[2024-07-25T23:31:08.532+0000] {logging_mixin.py:188} INFO - [2024-07-25T23:31:08.531+0000] {dagbag.py:545} INFO - Filling up the DagBag from /home/airflow/.local/lib/python3.12/site-packages/airflow/example_dags/example_latest_only_with_trigger.py
[2024-07-25T23:31:08.613+0000] {processor.py:840} INFO - DAG(s) 'latest_only_with_trigger' retrieved from /home/airflow/.local/lib/python3.12/site-packages/airflow/example_dags/example_latest_only_with_trigger.py
[2024-07-25T23:31:08.730+0000] {logging_mixin.py:188} INFO - [2024-07-25T23:31:08.730+0000] {dag.py:3089} INFO - Sync 1 DAGs
[2024-07-25T23:31:08.790+0000] {logging_mixin.py:188} INFO - [2024-07-25T23:31:08.790+0000] {dag.py:3947} INFO - Setting next_dagrun for latest_only_with_trigger to 2024-07-25 16:00:00+00:00, run_after=2024-07-25 20:00:00+00:00
[2024-07-25T23:31:08.833+0000] {processor.py:183} INFO - Processing /home/airflow/.local/lib/python3.12/site-packages/airflow/example_dags/example_latest_only_with_trigger.py took 0.369 seconds
[2024-07-25T23:31:39.346+0000] {processor.py:161} INFO - Started process (PID=522) to work on /home/airflow/.local/lib/python3.12/site-packages/airflow/example_dags/example_latest_only_with_trigger.py
[2024-07-25T23:31:39.354+0000] {processor.py:830} INFO - Processing file /home/airflow/.local/lib/python3.12/site-packages/airflow/example_dags/example_latest_only_with_trigger.py for tasks to queue
[2024-07-25T23:31:39.360+0000] {logging_mixin.py:188} INFO - [2024-07-25T23:31:39.359+0000] {dagbag.py:545} INFO - Filling up the DagBag from /home/airflow/.local/lib/python3.12/site-packages/airflow/example_dags/example_latest_only_with_trigger.py
[2024-07-25T23:31:39.395+0000] {processor.py:840} INFO - DAG(s) 'latest_only_with_trigger' retrieved from /home/airflow/.local/lib/python3.12/site-packages/airflow/example_dags/example_latest_only_with_trigger.py
[2024-07-25T23:31:39.451+0000] {logging_mixin.py:188} INFO - [2024-07-25T23:31:39.451+0000] {dag.py:3089} INFO - Sync 1 DAGs
[2024-07-25T23:31:39.493+0000] {logging_mixin.py:188} INFO - [2024-07-25T23:31:39.493+0000] {dag.py:3947} INFO - Setting next_dagrun for latest_only_with_trigger to 2024-07-25 16:00:00+00:00, run_after=2024-07-25 20:00:00+00:00
[2024-07-25T23:31:39.520+0000] {processor.py:183} INFO - Processing /home/airflow/.local/lib/python3.12/site-packages/airflow/example_dags/example_latest_only_with_trigger.py took 0.208 seconds
[2024-07-25T23:32:10.254+0000] {processor.py:161} INFO - Started process (PID=582) to work on /home/airflow/.local/lib/python3.12/site-packages/airflow/example_dags/example_latest_only_with_trigger.py
[2024-07-25T23:32:10.257+0000] {processor.py:830} INFO - Processing file /home/airflow/.local/lib/python3.12/site-packages/airflow/example_dags/example_latest_only_with_trigger.py for tasks to queue
[2024-07-25T23:32:10.275+0000] {logging_mixin.py:188} INFO - [2024-07-25T23:32:10.270+0000] {dagbag.py:545} INFO - Filling up the DagBag from /home/airflow/.local/lib/python3.12/site-packages/airflow/example_dags/example_latest_only_with_trigger.py
[2024-07-25T23:32:10.294+0000] {processor.py:840} INFO - DAG(s) 'latest_only_with_trigger' retrieved from /home/airflow/.local/lib/python3.12/site-packages/airflow/example_dags/example_latest_only_with_trigger.py
[2024-07-25T23:32:10.350+0000] {logging_mixin.py:188} INFO - [2024-07-25T23:32:10.349+0000] {dag.py:3089} INFO - Sync 1 DAGs
[2024-07-25T23:32:10.386+0000] {logging_mixin.py:188} INFO - [2024-07-25T23:32:10.386+0000] {dag.py:3947} INFO - Setting next_dagrun for latest_only_with_trigger to 2024-07-25 16:00:00+00:00, run_after=2024-07-25 20:00:00+00:00
[2024-07-25T23:32:10.412+0000] {processor.py:183} INFO - Processing /home/airflow/.local/lib/python3.12/site-packages/airflow/example_dags/example_latest_only_with_trigger.py took 0.173 seconds
[2024-07-25T23:32:40.942+0000] {processor.py:161} INFO - Started process (PID=642) to work on /home/airflow/.local/lib/python3.12/site-packages/airflow/example_dags/example_latest_only_with_trigger.py
[2024-07-25T23:32:40.943+0000] {processor.py:830} INFO - Processing file /home/airflow/.local/lib/python3.12/site-packages/airflow/example_dags/example_latest_only_with_trigger.py for tasks to queue
[2024-07-25T23:32:40.946+0000] {logging_mixin.py:188} INFO - [2024-07-25T23:32:40.945+0000] {dagbag.py:545} INFO - Filling up the DagBag from /home/airflow/.local/lib/python3.12/site-packages/airflow/example_dags/example_latest_only_with_trigger.py
[2024-07-25T23:32:40.952+0000] {processor.py:840} INFO - DAG(s) 'latest_only_with_trigger' retrieved from /home/airflow/.local/lib/python3.12/site-packages/airflow/example_dags/example_latest_only_with_trigger.py
[2024-07-25T23:32:40.977+0000] {logging_mixin.py:188} INFO - [2024-07-25T23:32:40.977+0000] {dag.py:3089} INFO - Sync 1 DAGs
[2024-07-25T23:32:40.996+0000] {logging_mixin.py:188} INFO - [2024-07-25T23:32:40.996+0000] {dag.py:3947} INFO - Setting next_dagrun for latest_only_with_trigger to 2024-07-25 16:00:00+00:00, run_after=2024-07-25 20:00:00+00:00
[2024-07-25T23:32:41.020+0000] {processor.py:183} INFO - Processing /home/airflow/.local/lib/python3.12/site-packages/airflow/example_dags/example_latest_only_with_trigger.py took 0.087 seconds
[2024-07-25T23:33:11.499+0000] {processor.py:161} INFO - Started process (PID=702) to work on /home/airflow/.local/lib/python3.12/site-packages/airflow/example_dags/example_latest_only_with_trigger.py
[2024-07-25T23:33:11.501+0000] {processor.py:830} INFO - Processing file /home/airflow/.local/lib/python3.12/site-packages/airflow/example_dags/example_latest_only_with_trigger.py for tasks to queue
[2024-07-25T23:33:11.504+0000] {logging_mixin.py:188} INFO - [2024-07-25T23:33:11.503+0000] {dagbag.py:545} INFO - Filling up the DagBag from /home/airflow/.local/lib/python3.12/site-packages/airflow/example_dags/example_latest_only_with_trigger.py
[2024-07-25T23:33:11.511+0000] {processor.py:840} INFO - DAG(s) 'latest_only_with_trigger' retrieved from /home/airflow/.local/lib/python3.12/site-packages/airflow/example_dags/example_latest_only_with_trigger.py
[2024-07-25T23:33:11.552+0000] {logging_mixin.py:188} INFO - [2024-07-25T23:33:11.551+0000] {dag.py:3089} INFO - Sync 1 DAGs
[2024-07-25T23:33:11.581+0000] {logging_mixin.py:188} INFO - [2024-07-25T23:33:11.580+0000] {dag.py:3947} INFO - Setting next_dagrun for latest_only_with_trigger to 2024-07-25 16:00:00+00:00, run_after=2024-07-25 20:00:00+00:00
[2024-07-25T23:33:11.605+0000] {processor.py:183} INFO - Processing /home/airflow/.local/lib/python3.12/site-packages/airflow/example_dags/example_latest_only_with_trigger.py took 0.119 seconds
[2024-07-25T23:33:42.022+0000] {processor.py:161} INFO - Started process (PID=762) to work on /home/airflow/.local/lib/python3.12/site-packages/airflow/example_dags/example_latest_only_with_trigger.py
[2024-07-25T23:33:42.024+0000] {processor.py:830} INFO - Processing file /home/airflow/.local/lib/python3.12/site-packages/airflow/example_dags/example_latest_only_with_trigger.py for tasks to queue
[2024-07-25T23:33:42.027+0000] {logging_mixin.py:188} INFO - [2024-07-25T23:33:42.027+0000] {dagbag.py:545} INFO - Filling up the DagBag from /home/airflow/.local/lib/python3.12/site-packages/airflow/example_dags/example_latest_only_with_trigger.py
[2024-07-25T23:33:42.039+0000] {processor.py:840} INFO - DAG(s) 'latest_only_with_trigger' retrieved from /home/airflow/.local/lib/python3.12/site-packages/airflow/example_dags/example_latest_only_with_trigger.py
[2024-07-25T23:33:42.096+0000] {logging_mixin.py:188} INFO - [2024-07-25T23:33:42.096+0000] {dag.py:3089} INFO - Sync 1 DAGs
[2024-07-25T23:33:42.143+0000] {logging_mixin.py:188} INFO - [2024-07-25T23:33:42.143+0000] {dag.py:3947} INFO - Setting next_dagrun for latest_only_with_trigger to 2024-07-25 16:00:00+00:00, run_after=2024-07-25 20:00:00+00:00
[2024-07-25T23:33:42.184+0000] {processor.py:183} INFO - Processing /home/airflow/.local/lib/python3.12/site-packages/airflow/example_dags/example_latest_only_with_trigger.py took 0.172 seconds
[2024-07-25T23:34:12.348+0000] {processor.py:161} INFO - Started process (PID=822) to work on /home/airflow/.local/lib/python3.12/site-packages/airflow/example_dags/example_latest_only_with_trigger.py
[2024-07-25T23:34:12.352+0000] {processor.py:830} INFO - Processing file /home/airflow/.local/lib/python3.12/site-packages/airflow/example_dags/example_latest_only_with_trigger.py for tasks to queue
[2024-07-25T23:34:12.356+0000] {logging_mixin.py:188} INFO - [2024-07-25T23:34:12.356+0000] {dagbag.py:545} INFO - Filling up the DagBag from /home/airflow/.local/lib/python3.12/site-packages/airflow/example_dags/example_latest_only_with_trigger.py
[2024-07-25T23:34:12.370+0000] {processor.py:840} INFO - DAG(s) 'latest_only_with_trigger' retrieved from /home/airflow/.local/lib/python3.12/site-packages/airflow/example_dags/example_latest_only_with_trigger.py
[2024-07-25T23:34:12.429+0000] {logging_mixin.py:188} INFO - [2024-07-25T23:34:12.429+0000] {dag.py:3089} INFO - Sync 1 DAGs
[2024-07-25T23:34:12.479+0000] {logging_mixin.py:188} INFO - [2024-07-25T23:34:12.478+0000] {dag.py:3947} INFO - Setting next_dagrun for latest_only_with_trigger to 2024-07-25 16:00:00+00:00, run_after=2024-07-25 20:00:00+00:00
[2024-07-25T23:34:12.526+0000] {processor.py:183} INFO - Processing /home/airflow/.local/lib/python3.12/site-packages/airflow/example_dags/example_latest_only_with_trigger.py took 0.196 seconds
[2024-07-25T23:34:42.584+0000] {processor.py:161} INFO - Started process (PID=881) to work on /home/airflow/.local/lib/python3.12/site-packages/airflow/example_dags/example_latest_only_with_trigger.py
[2024-07-25T23:34:42.587+0000] {processor.py:830} INFO - Processing file /home/airflow/.local/lib/python3.12/site-packages/airflow/example_dags/example_latest_only_with_trigger.py for tasks to queue
[2024-07-25T23:34:42.598+0000] {logging_mixin.py:188} INFO - [2024-07-25T23:34:42.595+0000] {dagbag.py:545} INFO - Filling up the DagBag from /home/airflow/.local/lib/python3.12/site-packages/airflow/example_dags/example_latest_only_with_trigger.py
[2024-07-25T23:34:42.643+0000] {processor.py:840} INFO - DAG(s) 'latest_only_with_trigger' retrieved from /home/airflow/.local/lib/python3.12/site-packages/airflow/example_dags/example_latest_only_with_trigger.py
[2024-07-25T23:34:42.713+0000] {logging_mixin.py:188} INFO - [2024-07-25T23:34:42.713+0000] {dag.py:3089} INFO - Sync 1 DAGs
[2024-07-25T23:34:42.753+0000] {logging_mixin.py:188} INFO - [2024-07-25T23:34:42.753+0000] {dag.py:3947} INFO - Setting next_dagrun for latest_only_with_trigger to 2024-07-25 16:00:00+00:00, run_after=2024-07-25 20:00:00+00:00
[2024-07-25T23:34:42.783+0000] {processor.py:183} INFO - Processing /home/airflow/.local/lib/python3.12/site-packages/airflow/example_dags/example_latest_only_with_trigger.py took 0.208 seconds
[2024-07-25T23:35:12.942+0000] {processor.py:161} INFO - Started process (PID=941) to work on /home/airflow/.local/lib/python3.12/site-packages/airflow/example_dags/example_latest_only_with_trigger.py
[2024-07-25T23:35:12.955+0000] {processor.py:830} INFO - Processing file /home/airflow/.local/lib/python3.12/site-packages/airflow/example_dags/example_latest_only_with_trigger.py for tasks to queue
[2024-07-25T23:35:12.969+0000] {logging_mixin.py:188} INFO - [2024-07-25T23:35:12.968+0000] {dagbag.py:545} INFO - Filling up the DagBag from /home/airflow/.local/lib/python3.12/site-packages/airflow/example_dags/example_latest_only_with_trigger.py
[2024-07-25T23:35:12.991+0000] {processor.py:840} INFO - DAG(s) 'latest_only_with_trigger' retrieved from /home/airflow/.local/lib/python3.12/site-packages/airflow/example_dags/example_latest_only_with_trigger.py
[2024-07-25T23:35:13.046+0000] {logging_mixin.py:188} INFO - [2024-07-25T23:35:13.045+0000] {dag.py:3089} INFO - Sync 1 DAGs
[2024-07-25T23:35:13.086+0000] {logging_mixin.py:188} INFO - [2024-07-25T23:35:13.086+0000] {dag.py:3947} INFO - Setting next_dagrun for latest_only_with_trigger to 2024-07-25 16:00:00+00:00, run_after=2024-07-25 20:00:00+00:00
[2024-07-25T23:35:13.105+0000] {processor.py:183} INFO - Processing /home/airflow/.local/lib/python3.12/site-packages/airflow/example_dags/example_latest_only_with_trigger.py took 0.195 seconds
[2024-07-25T23:35:43.566+0000] {processor.py:161} INFO - Started process (PID=1001) to work on /home/airflow/.local/lib/python3.12/site-packages/airflow/example_dags/example_latest_only_with_trigger.py
[2024-07-25T23:35:43.570+0000] {processor.py:830} INFO - Processing file /home/airflow/.local/lib/python3.12/site-packages/airflow/example_dags/example_latest_only_with_trigger.py for tasks to queue
[2024-07-25T23:35:43.574+0000] {logging_mixin.py:188} INFO - [2024-07-25T23:35:43.573+0000] {dagbag.py:545} INFO - Filling up the DagBag from /home/airflow/.local/lib/python3.12/site-packages/airflow/example_dags/example_latest_only_with_trigger.py
[2024-07-25T23:35:43.592+0000] {processor.py:840} INFO - DAG(s) 'latest_only_with_trigger' retrieved from /home/airflow/.local/lib/python3.12/site-packages/airflow/example_dags/example_latest_only_with_trigger.py
[2024-07-25T23:35:43.653+0000] {logging_mixin.py:188} INFO - [2024-07-25T23:35:43.653+0000] {dag.py:3089} INFO - Sync 1 DAGs
[2024-07-25T23:35:43.688+0000] {logging_mixin.py:188} INFO - [2024-07-25T23:35:43.688+0000] {dag.py:3947} INFO - Setting next_dagrun for latest_only_with_trigger to 2024-07-25 16:00:00+00:00, run_after=2024-07-25 20:00:00+00:00
[2024-07-25T23:35:43.710+0000] {processor.py:183} INFO - Processing /home/airflow/.local/lib/python3.12/site-packages/airflow/example_dags/example_latest_only_with_trigger.py took 0.166 seconds
[2024-07-25T23:36:14.049+0000] {processor.py:161} INFO - Started process (PID=1061) to work on /home/airflow/.local/lib/python3.12/site-packages/airflow/example_dags/example_latest_only_with_trigger.py
[2024-07-25T23:36:14.051+0000] {processor.py:830} INFO - Processing file /home/airflow/.local/lib/python3.12/site-packages/airflow/example_dags/example_latest_only_with_trigger.py for tasks to queue
[2024-07-25T23:36:14.052+0000] {logging_mixin.py:188} INFO - [2024-07-25T23:36:14.052+0000] {dagbag.py:545} INFO - Filling up the DagBag from /home/airflow/.local/lib/python3.12/site-packages/airflow/example_dags/example_latest_only_with_trigger.py
[2024-07-25T23:36:14.057+0000] {processor.py:840} INFO - DAG(s) 'latest_only_with_trigger' retrieved from /home/airflow/.local/lib/python3.12/site-packages/airflow/example_dags/example_latest_only_with_trigger.py
[2024-07-25T23:36:14.076+0000] {logging_mixin.py:188} INFO - [2024-07-25T23:36:14.076+0000] {dag.py:3089} INFO - Sync 1 DAGs
[2024-07-25T23:36:14.097+0000] {logging_mixin.py:188} INFO - [2024-07-25T23:36:14.097+0000] {dag.py:3947} INFO - Setting next_dagrun for latest_only_with_trigger to 2024-07-25 16:00:00+00:00, run_after=2024-07-25 20:00:00+00:00
[2024-07-25T23:36:14.110+0000] {processor.py:183} INFO - Processing /home/airflow/.local/lib/python3.12/site-packages/airflow/example_dags/example_latest_only_with_trigger.py took 0.065 seconds
[2024-07-25T23:36:44.365+0000] {processor.py:161} INFO - Started process (PID=1118) to work on /home/airflow/.local/lib/python3.12/site-packages/airflow/example_dags/example_latest_only_with_trigger.py
[2024-07-25T23:36:44.371+0000] {processor.py:830} INFO - Processing file /home/airflow/.local/lib/python3.12/site-packages/airflow/example_dags/example_latest_only_with_trigger.py for tasks to queue
[2024-07-25T23:36:44.373+0000] {logging_mixin.py:188} INFO - [2024-07-25T23:36:44.372+0000] {dagbag.py:545} INFO - Filling up the DagBag from /home/airflow/.local/lib/python3.12/site-packages/airflow/example_dags/example_latest_only_with_trigger.py
[2024-07-25T23:36:44.377+0000] {processor.py:840} INFO - DAG(s) 'latest_only_with_trigger' retrieved from /home/airflow/.local/lib/python3.12/site-packages/airflow/example_dags/example_latest_only_with_trigger.py
[2024-07-25T23:36:44.406+0000] {logging_mixin.py:188} INFO - [2024-07-25T23:36:44.405+0000] {dag.py:3089} INFO - Sync 1 DAGs
[2024-07-25T23:36:44.425+0000] {logging_mixin.py:188} INFO - [2024-07-25T23:36:44.425+0000] {dag.py:3947} INFO - Setting next_dagrun for latest_only_with_trigger to 2024-07-25 16:00:00+00:00, run_after=2024-07-25 20:00:00+00:00
[2024-07-25T23:36:44.447+0000] {processor.py:183} INFO - Processing /home/airflow/.local/lib/python3.12/site-packages/airflow/example_dags/example_latest_only_with_trigger.py took 0.089 seconds
[2024-07-25T23:37:14.699+0000] {processor.py:161} INFO - Started process (PID=1177) to work on /home/airflow/.local/lib/python3.12/site-packages/airflow/example_dags/example_latest_only_with_trigger.py
[2024-07-25T23:37:14.703+0000] {processor.py:830} INFO - Processing file /home/airflow/.local/lib/python3.12/site-packages/airflow/example_dags/example_latest_only_with_trigger.py for tasks to queue
[2024-07-25T23:37:14.709+0000] {logging_mixin.py:188} INFO - [2024-07-25T23:37:14.708+0000] {dagbag.py:545} INFO - Filling up the DagBag from /home/airflow/.local/lib/python3.12/site-packages/airflow/example_dags/example_latest_only_with_trigger.py
[2024-07-25T23:37:14.731+0000] {processor.py:840} INFO - DAG(s) 'latest_only_with_trigger' retrieved from /home/airflow/.local/lib/python3.12/site-packages/airflow/example_dags/example_latest_only_with_trigger.py
[2024-07-25T23:37:14.783+0000] {logging_mixin.py:188} INFO - [2024-07-25T23:37:14.783+0000] {dag.py:3089} INFO - Sync 1 DAGs
[2024-07-25T23:37:14.837+0000] {logging_mixin.py:188} INFO - [2024-07-25T23:37:14.837+0000] {dag.py:3947} INFO - Setting next_dagrun for latest_only_with_trigger to 2024-07-25 16:00:00+00:00, run_after=2024-07-25 20:00:00+00:00
[2024-07-25T23:37:14.867+0000] {processor.py:183} INFO - Processing /home/airflow/.local/lib/python3.12/site-packages/airflow/example_dags/example_latest_only_with_trigger.py took 0.180 seconds
[2024-07-25T23:37:45.243+0000] {processor.py:161} INFO - Started process (PID=1237) to work on /home/airflow/.local/lib/python3.12/site-packages/airflow/example_dags/example_latest_only_with_trigger.py
[2024-07-25T23:37:45.246+0000] {processor.py:830} INFO - Processing file /home/airflow/.local/lib/python3.12/site-packages/airflow/example_dags/example_latest_only_with_trigger.py for tasks to queue
[2024-07-25T23:37:45.252+0000] {logging_mixin.py:188} INFO - [2024-07-25T23:37:45.251+0000] {dagbag.py:545} INFO - Filling up the DagBag from /home/airflow/.local/lib/python3.12/site-packages/airflow/example_dags/example_latest_only_with_trigger.py
[2024-07-25T23:37:45.263+0000] {processor.py:840} INFO - DAG(s) 'latest_only_with_trigger' retrieved from /home/airflow/.local/lib/python3.12/site-packages/airflow/example_dags/example_latest_only_with_trigger.py
[2024-07-25T23:37:45.291+0000] {logging_mixin.py:188} INFO - [2024-07-25T23:37:45.291+0000] {dag.py:3089} INFO - Sync 1 DAGs
[2024-07-25T23:37:45.308+0000] {logging_mixin.py:188} INFO - [2024-07-25T23:37:45.308+0000] {dag.py:3947} INFO - Setting next_dagrun for latest_only_with_trigger to 2024-07-25 16:00:00+00:00, run_after=2024-07-25 20:00:00+00:00
[2024-07-25T23:37:45.334+0000] {processor.py:183} INFO - Processing /home/airflow/.local/lib/python3.12/site-packages/airflow/example_dags/example_latest_only_with_trigger.py took 0.098 seconds
[2024-07-25T23:38:15.981+0000] {processor.py:161} INFO - Started process (PID=1297) to work on /home/airflow/.local/lib/python3.12/site-packages/airflow/example_dags/example_latest_only_with_trigger.py
[2024-07-25T23:38:15.984+0000] {processor.py:830} INFO - Processing file /home/airflow/.local/lib/python3.12/site-packages/airflow/example_dags/example_latest_only_with_trigger.py for tasks to queue
[2024-07-25T23:38:15.986+0000] {logging_mixin.py:188} INFO - [2024-07-25T23:38:15.985+0000] {dagbag.py:545} INFO - Filling up the DagBag from /home/airflow/.local/lib/python3.12/site-packages/airflow/example_dags/example_latest_only_with_trigger.py
[2024-07-25T23:38:15.994+0000] {processor.py:840} INFO - DAG(s) 'latest_only_with_trigger' retrieved from /home/airflow/.local/lib/python3.12/site-packages/airflow/example_dags/example_latest_only_with_trigger.py
[2024-07-25T23:38:16.019+0000] {logging_mixin.py:188} INFO - [2024-07-25T23:38:16.019+0000] {dag.py:3089} INFO - Sync 1 DAGs
[2024-07-25T23:38:16.038+0000] {logging_mixin.py:188} INFO - [2024-07-25T23:38:16.038+0000] {dag.py:3947} INFO - Setting next_dagrun for latest_only_with_trigger to 2024-07-25 16:00:00+00:00, run_after=2024-07-25 20:00:00+00:00
[2024-07-25T23:38:16.066+0000] {processor.py:183} INFO - Processing /home/airflow/.local/lib/python3.12/site-packages/airflow/example_dags/example_latest_only_with_trigger.py took 0.091 seconds
[2024-07-25T23:38:46.303+0000] {processor.py:161} INFO - Started process (PID=1357) to work on /home/airflow/.local/lib/python3.12/site-packages/airflow/example_dags/example_latest_only_with_trigger.py
[2024-07-25T23:38:46.308+0000] {processor.py:830} INFO - Processing file /home/airflow/.local/lib/python3.12/site-packages/airflow/example_dags/example_latest_only_with_trigger.py for tasks to queue
[2024-07-25T23:38:46.316+0000] {logging_mixin.py:188} INFO - [2024-07-25T23:38:46.316+0000] {dagbag.py:545} INFO - Filling up the DagBag from /home/airflow/.local/lib/python3.12/site-packages/airflow/example_dags/example_latest_only_with_trigger.py
[2024-07-25T23:38:46.325+0000] {processor.py:840} INFO - DAG(s) 'latest_only_with_trigger' retrieved from /home/airflow/.local/lib/python3.12/site-packages/airflow/example_dags/example_latest_only_with_trigger.py
[2024-07-25T23:38:46.360+0000] {logging_mixin.py:188} INFO - [2024-07-25T23:38:46.360+0000] {dag.py:3089} INFO - Sync 1 DAGs
[2024-07-25T23:38:46.389+0000] {logging_mixin.py:188} INFO - [2024-07-25T23:38:46.388+0000] {dag.py:3947} INFO - Setting next_dagrun for latest_only_with_trigger to 2024-07-25 16:00:00+00:00, run_after=2024-07-25 20:00:00+00:00
[2024-07-25T23:38:46.414+0000] {processor.py:183} INFO - Processing /home/airflow/.local/lib/python3.12/site-packages/airflow/example_dags/example_latest_only_with_trigger.py took 0.120 seconds
[2024-07-25T23:39:16.780+0000] {processor.py:161} INFO - Started process (PID=1417) to work on /home/airflow/.local/lib/python3.12/site-packages/airflow/example_dags/example_latest_only_with_trigger.py
[2024-07-25T23:39:16.786+0000] {processor.py:830} INFO - Processing file /home/airflow/.local/lib/python3.12/site-packages/airflow/example_dags/example_latest_only_with_trigger.py for tasks to queue
[2024-07-25T23:39:16.791+0000] {logging_mixin.py:188} INFO - [2024-07-25T23:39:16.790+0000] {dagbag.py:545} INFO - Filling up the DagBag from /home/airflow/.local/lib/python3.12/site-packages/airflow/example_dags/example_latest_only_with_trigger.py
[2024-07-25T23:39:16.796+0000] {processor.py:840} INFO - DAG(s) 'latest_only_with_trigger' retrieved from /home/airflow/.local/lib/python3.12/site-packages/airflow/example_dags/example_latest_only_with_trigger.py
[2024-07-25T23:39:16.817+0000] {logging_mixin.py:188} INFO - [2024-07-25T23:39:16.817+0000] {dag.py:3089} INFO - Sync 1 DAGs
[2024-07-25T23:39:16.837+0000] {logging_mixin.py:188} INFO - [2024-07-25T23:39:16.837+0000] {dag.py:3947} INFO - Setting next_dagrun for latest_only_with_trigger to 2024-07-25 16:00:00+00:00, run_after=2024-07-25 20:00:00+00:00
[2024-07-25T23:39:16.856+0000] {processor.py:183} INFO - Processing /home/airflow/.local/lib/python3.12/site-packages/airflow/example_dags/example_latest_only_with_trigger.py took 0.082 seconds
[2024-07-25T23:39:47.695+0000] {processor.py:161} INFO - Started process (PID=1477) to work on /home/airflow/.local/lib/python3.12/site-packages/airflow/example_dags/example_latest_only_with_trigger.py
[2024-07-25T23:39:47.698+0000] {processor.py:830} INFO - Processing file /home/airflow/.local/lib/python3.12/site-packages/airflow/example_dags/example_latest_only_with_trigger.py for tasks to queue
[2024-07-25T23:39:47.700+0000] {logging_mixin.py:188} INFO - [2024-07-25T23:39:47.699+0000] {dagbag.py:545} INFO - Filling up the DagBag from /home/airflow/.local/lib/python3.12/site-packages/airflow/example_dags/example_latest_only_with_trigger.py
[2024-07-25T23:39:47.709+0000] {processor.py:840} INFO - DAG(s) 'latest_only_with_trigger' retrieved from /home/airflow/.local/lib/python3.12/site-packages/airflow/example_dags/example_latest_only_with_trigger.py
[2024-07-25T23:39:47.748+0000] {logging_mixin.py:188} INFO - [2024-07-25T23:39:47.747+0000] {dag.py:3089} INFO - Sync 1 DAGs
[2024-07-25T23:39:47.776+0000] {logging_mixin.py:188} INFO - [2024-07-25T23:39:47.776+0000] {dag.py:3947} INFO - Setting next_dagrun for latest_only_with_trigger to 2024-07-25 16:00:00+00:00, run_after=2024-07-25 20:00:00+00:00
[2024-07-25T23:39:47.794+0000] {processor.py:183} INFO - Processing /home/airflow/.local/lib/python3.12/site-packages/airflow/example_dags/example_latest_only_with_trigger.py took 0.108 seconds
[2024-07-25T23:40:18.520+0000] {processor.py:161} INFO - Started process (PID=1537) to work on /home/airflow/.local/lib/python3.12/site-packages/airflow/example_dags/example_latest_only_with_trigger.py
[2024-07-25T23:40:18.523+0000] {processor.py:830} INFO - Processing file /home/airflow/.local/lib/python3.12/site-packages/airflow/example_dags/example_latest_only_with_trigger.py for tasks to queue
[2024-07-25T23:40:18.526+0000] {logging_mixin.py:188} INFO - [2024-07-25T23:40:18.526+0000] {dagbag.py:545} INFO - Filling up the DagBag from /home/airflow/.local/lib/python3.12/site-packages/airflow/example_dags/example_latest_only_with_trigger.py
[2024-07-25T23:40:18.536+0000] {processor.py:840} INFO - DAG(s) 'latest_only_with_trigger' retrieved from /home/airflow/.local/lib/python3.12/site-packages/airflow/example_dags/example_latest_only_with_trigger.py
[2024-07-25T23:40:18.569+0000] {logging_mixin.py:188} INFO - [2024-07-25T23:40:18.569+0000] {dag.py:3089} INFO - Sync 1 DAGs
[2024-07-25T23:40:18.597+0000] {logging_mixin.py:188} INFO - [2024-07-25T23:40:18.597+0000] {dag.py:3947} INFO - Setting next_dagrun for latest_only_with_trigger to 2024-07-25 16:00:00+00:00, run_after=2024-07-25 20:00:00+00:00
[2024-07-25T23:40:18.621+0000] {processor.py:183} INFO - Processing /home/airflow/.local/lib/python3.12/site-packages/airflow/example_dags/example_latest_only_with_trigger.py took 0.109 seconds
[2024-07-25T23:40:49.532+0000] {processor.py:161} INFO - Started process (PID=1597) to work on /home/airflow/.local/lib/python3.12/site-packages/airflow/example_dags/example_latest_only_with_trigger.py
[2024-07-25T23:40:49.533+0000] {processor.py:830} INFO - Processing file /home/airflow/.local/lib/python3.12/site-packages/airflow/example_dags/example_latest_only_with_trigger.py for tasks to queue
[2024-07-25T23:40:49.536+0000] {logging_mixin.py:188} INFO - [2024-07-25T23:40:49.536+0000] {dagbag.py:545} INFO - Filling up the DagBag from /home/airflow/.local/lib/python3.12/site-packages/airflow/example_dags/example_latest_only_with_trigger.py
[2024-07-25T23:40:49.562+0000] {processor.py:840} INFO - DAG(s) 'latest_only_with_trigger' retrieved from /home/airflow/.local/lib/python3.12/site-packages/airflow/example_dags/example_latest_only_with_trigger.py
[2024-07-25T23:40:49.645+0000] {logging_mixin.py:188} INFO - [2024-07-25T23:40:49.645+0000] {dag.py:3089} INFO - Sync 1 DAGs
[2024-07-25T23:40:49.712+0000] {logging_mixin.py:188} INFO - [2024-07-25T23:40:49.712+0000] {dag.py:3947} INFO - Setting next_dagrun for latest_only_with_trigger to 2024-07-25 16:00:00+00:00, run_after=2024-07-25 20:00:00+00:00
[2024-07-25T23:40:49.746+0000] {processor.py:183} INFO - Processing /home/airflow/.local/lib/python3.12/site-packages/airflow/example_dags/example_latest_only_with_trigger.py took 0.226 seconds
[2024-07-25T23:41:20.771+0000] {processor.py:161} INFO - Started process (PID=1657) to work on /home/airflow/.local/lib/python3.12/site-packages/airflow/example_dags/example_latest_only_with_trigger.py
[2024-07-25T23:41:20.774+0000] {processor.py:830} INFO - Processing file /home/airflow/.local/lib/python3.12/site-packages/airflow/example_dags/example_latest_only_with_trigger.py for tasks to queue
[2024-07-25T23:41:20.777+0000] {logging_mixin.py:188} INFO - [2024-07-25T23:41:20.776+0000] {dagbag.py:545} INFO - Filling up the DagBag from /home/airflow/.local/lib/python3.12/site-packages/airflow/example_dags/example_latest_only_with_trigger.py
[2024-07-25T23:41:20.812+0000] {processor.py:840} INFO - DAG(s) 'latest_only_with_trigger' retrieved from /home/airflow/.local/lib/python3.12/site-packages/airflow/example_dags/example_latest_only_with_trigger.py
[2024-07-25T23:41:20.849+0000] {logging_mixin.py:188} INFO - [2024-07-25T23:41:20.848+0000] {dag.py:3089} INFO - Sync 1 DAGs
[2024-07-25T23:41:20.892+0000] {logging_mixin.py:188} INFO - [2024-07-25T23:41:20.891+0000] {dag.py:3947} INFO - Setting next_dagrun for latest_only_with_trigger to 2024-07-25 16:00:00+00:00, run_after=2024-07-25 20:00:00+00:00
[2024-07-25T23:41:20.913+0000] {processor.py:183} INFO - Processing /home/airflow/.local/lib/python3.12/site-packages/airflow/example_dags/example_latest_only_with_trigger.py took 0.149 seconds
[2024-07-25T23:41:51.534+0000] {processor.py:161} INFO - Started process (PID=1717) to work on /home/airflow/.local/lib/python3.12/site-packages/airflow/example_dags/example_latest_only_with_trigger.py
[2024-07-25T23:41:51.535+0000] {processor.py:830} INFO - Processing file /home/airflow/.local/lib/python3.12/site-packages/airflow/example_dags/example_latest_only_with_trigger.py for tasks to queue
[2024-07-25T23:41:51.538+0000] {logging_mixin.py:188} INFO - [2024-07-25T23:41:51.538+0000] {dagbag.py:545} INFO - Filling up the DagBag from /home/airflow/.local/lib/python3.12/site-packages/airflow/example_dags/example_latest_only_with_trigger.py
[2024-07-25T23:41:51.581+0000] {processor.py:840} INFO - DAG(s) 'latest_only_with_trigger' retrieved from /home/airflow/.local/lib/python3.12/site-packages/airflow/example_dags/example_latest_only_with_trigger.py
[2024-07-25T23:41:51.623+0000] {logging_mixin.py:188} INFO - [2024-07-25T23:41:51.623+0000] {dag.py:3089} INFO - Sync 1 DAGs
[2024-07-25T23:41:51.652+0000] {logging_mixin.py:188} INFO - [2024-07-25T23:41:51.652+0000] {dag.py:3947} INFO - Setting next_dagrun for latest_only_with_trigger to 2024-07-25 16:00:00+00:00, run_after=2024-07-25 20:00:00+00:00
[2024-07-25T23:41:51.697+0000] {processor.py:183} INFO - Processing /home/airflow/.local/lib/python3.12/site-packages/airflow/example_dags/example_latest_only_with_trigger.py took 0.173 seconds
[2024-07-25T23:42:22.072+0000] {processor.py:161} INFO - Started process (PID=1777) to work on /home/airflow/.local/lib/python3.12/site-packages/airflow/example_dags/example_latest_only_with_trigger.py
[2024-07-25T23:42:22.074+0000] {processor.py:830} INFO - Processing file /home/airflow/.local/lib/python3.12/site-packages/airflow/example_dags/example_latest_only_with_trigger.py for tasks to queue
[2024-07-25T23:42:22.077+0000] {logging_mixin.py:188} INFO - [2024-07-25T23:42:22.077+0000] {dagbag.py:545} INFO - Filling up the DagBag from /home/airflow/.local/lib/python3.12/site-packages/airflow/example_dags/example_latest_only_with_trigger.py
[2024-07-25T23:42:22.142+0000] {processor.py:840} INFO - DAG(s) 'latest_only_with_trigger' retrieved from /home/airflow/.local/lib/python3.12/site-packages/airflow/example_dags/example_latest_only_with_trigger.py
[2024-07-25T23:42:22.286+0000] {logging_mixin.py:188} INFO - [2024-07-25T23:42:22.285+0000] {dag.py:3089} INFO - Sync 1 DAGs
[2024-07-25T23:42:22.338+0000] {logging_mixin.py:188} INFO - [2024-07-25T23:42:22.338+0000] {dag.py:3947} INFO - Setting next_dagrun for latest_only_with_trigger to 2024-07-25 16:00:00+00:00, run_after=2024-07-25 20:00:00+00:00
[2024-07-25T23:42:22.735+0000] {processor.py:183} INFO - Processing /home/airflow/.local/lib/python3.12/site-packages/airflow/example_dags/example_latest_only_with_trigger.py took 0.673 seconds
[2024-07-25T23:42:53.020+0000] {processor.py:161} INFO - Started process (PID=1837) to work on /home/airflow/.local/lib/python3.12/site-packages/airflow/example_dags/example_latest_only_with_trigger.py
[2024-07-25T23:42:53.021+0000] {processor.py:830} INFO - Processing file /home/airflow/.local/lib/python3.12/site-packages/airflow/example_dags/example_latest_only_with_trigger.py for tasks to queue
[2024-07-25T23:42:53.024+0000] {logging_mixin.py:188} INFO - [2024-07-25T23:42:53.024+0000] {dagbag.py:545} INFO - Filling up the DagBag from /home/airflow/.local/lib/python3.12/site-packages/airflow/example_dags/example_latest_only_with_trigger.py
[2024-07-25T23:42:53.033+0000] {processor.py:840} INFO - DAG(s) 'latest_only_with_trigger' retrieved from /home/airflow/.local/lib/python3.12/site-packages/airflow/example_dags/example_latest_only_with_trigger.py
[2024-07-25T23:42:53.064+0000] {logging_mixin.py:188} INFO - [2024-07-25T23:42:53.063+0000] {dag.py:3089} INFO - Sync 1 DAGs
[2024-07-25T23:42:53.115+0000] {logging_mixin.py:188} INFO - [2024-07-25T23:42:53.115+0000] {dag.py:3947} INFO - Setting next_dagrun for latest_only_with_trigger to 2024-07-25 16:00:00+00:00, run_after=2024-07-25 20:00:00+00:00
[2024-07-25T23:42:53.319+0000] {processor.py:183} INFO - Processing /home/airflow/.local/lib/python3.12/site-packages/airflow/example_dags/example_latest_only_with_trigger.py took 0.305 seconds
[2024-07-25T23:43:23.540+0000] {processor.py:161} INFO - Started process (PID=1897) to work on /home/airflow/.local/lib/python3.12/site-packages/airflow/example_dags/example_latest_only_with_trigger.py
[2024-07-25T23:43:23.544+0000] {processor.py:830} INFO - Processing file /home/airflow/.local/lib/python3.12/site-packages/airflow/example_dags/example_latest_only_with_trigger.py for tasks to queue
[2024-07-25T23:43:23.548+0000] {logging_mixin.py:188} INFO - [2024-07-25T23:43:23.548+0000] {dagbag.py:545} INFO - Filling up the DagBag from /home/airflow/.local/lib/python3.12/site-packages/airflow/example_dags/example_latest_only_with_trigger.py
[2024-07-25T23:43:23.564+0000] {processor.py:840} INFO - DAG(s) 'latest_only_with_trigger' retrieved from /home/airflow/.local/lib/python3.12/site-packages/airflow/example_dags/example_latest_only_with_trigger.py
[2024-07-25T23:43:23.641+0000] {logging_mixin.py:188} INFO - [2024-07-25T23:43:23.640+0000] {dag.py:3089} INFO - Sync 1 DAGs
[2024-07-25T23:43:23.677+0000] {logging_mixin.py:188} INFO - [2024-07-25T23:43:23.677+0000] {dag.py:3947} INFO - Setting next_dagrun for latest_only_with_trigger to 2024-07-25 16:00:00+00:00, run_after=2024-07-25 20:00:00+00:00
[2024-07-25T23:43:23.700+0000] {processor.py:183} INFO - Processing /home/airflow/.local/lib/python3.12/site-packages/airflow/example_dags/example_latest_only_with_trigger.py took 0.181 seconds
[2024-07-25T23:43:53.890+0000] {processor.py:161} INFO - Started process (PID=1957) to work on /home/airflow/.local/lib/python3.12/site-packages/airflow/example_dags/example_latest_only_with_trigger.py
[2024-07-25T23:43:53.893+0000] {processor.py:830} INFO - Processing file /home/airflow/.local/lib/python3.12/site-packages/airflow/example_dags/example_latest_only_with_trigger.py for tasks to queue
[2024-07-25T23:43:53.899+0000] {logging_mixin.py:188} INFO - [2024-07-25T23:43:53.899+0000] {dagbag.py:545} INFO - Filling up the DagBag from /home/airflow/.local/lib/python3.12/site-packages/airflow/example_dags/example_latest_only_with_trigger.py
[2024-07-25T23:43:53.913+0000] {processor.py:840} INFO - DAG(s) 'latest_only_with_trigger' retrieved from /home/airflow/.local/lib/python3.12/site-packages/airflow/example_dags/example_latest_only_with_trigger.py
[2024-07-25T23:43:54.336+0000] {logging_mixin.py:188} INFO - [2024-07-25T23:43:54.336+0000] {dag.py:3089} INFO - Sync 1 DAGs
[2024-07-25T23:43:54.357+0000] {logging_mixin.py:188} INFO - [2024-07-25T23:43:54.357+0000] {dag.py:3947} INFO - Setting next_dagrun for latest_only_with_trigger to 2024-07-25 16:00:00+00:00, run_after=2024-07-25 20:00:00+00:00
[2024-07-25T23:43:54.372+0000] {processor.py:183} INFO - Processing /home/airflow/.local/lib/python3.12/site-packages/airflow/example_dags/example_latest_only_with_trigger.py took 0.495 seconds
[2024-07-25T23:44:25.001+0000] {processor.py:161} INFO - Started process (PID=2016) to work on /home/airflow/.local/lib/python3.12/site-packages/airflow/example_dags/example_latest_only_with_trigger.py
[2024-07-25T23:44:25.005+0000] {processor.py:830} INFO - Processing file /home/airflow/.local/lib/python3.12/site-packages/airflow/example_dags/example_latest_only_with_trigger.py for tasks to queue
[2024-07-25T23:44:25.008+0000] {logging_mixin.py:188} INFO - [2024-07-25T23:44:25.008+0000] {dagbag.py:545} INFO - Filling up the DagBag from /home/airflow/.local/lib/python3.12/site-packages/airflow/example_dags/example_latest_only_with_trigger.py
[2024-07-25T23:44:25.015+0000] {processor.py:840} INFO - DAG(s) 'latest_only_with_trigger' retrieved from /home/airflow/.local/lib/python3.12/site-packages/airflow/example_dags/example_latest_only_with_trigger.py
[2024-07-25T23:44:25.039+0000] {logging_mixin.py:188} INFO - [2024-07-25T23:44:25.038+0000] {dag.py:3089} INFO - Sync 1 DAGs
[2024-07-25T23:44:25.064+0000] {logging_mixin.py:188} INFO - [2024-07-25T23:44:25.064+0000] {dag.py:3947} INFO - Setting next_dagrun for latest_only_with_trigger to 2024-07-25 16:00:00+00:00, run_after=2024-07-25 20:00:00+00:00
[2024-07-25T23:44:25.092+0000] {processor.py:183} INFO - Processing /home/airflow/.local/lib/python3.12/site-packages/airflow/example_dags/example_latest_only_with_trigger.py took 0.098 seconds
[2024-07-25T23:44:55.848+0000] {processor.py:161} INFO - Started process (PID=2076) to work on /home/airflow/.local/lib/python3.12/site-packages/airflow/example_dags/example_latest_only_with_trigger.py
[2024-07-25T23:44:55.853+0000] {processor.py:830} INFO - Processing file /home/airflow/.local/lib/python3.12/site-packages/airflow/example_dags/example_latest_only_with_trigger.py for tasks to queue
[2024-07-25T23:44:55.856+0000] {logging_mixin.py:188} INFO - [2024-07-25T23:44:55.856+0000] {dagbag.py:545} INFO - Filling up the DagBag from /home/airflow/.local/lib/python3.12/site-packages/airflow/example_dags/example_latest_only_with_trigger.py
[2024-07-25T23:44:55.861+0000] {processor.py:840} INFO - DAG(s) 'latest_only_with_trigger' retrieved from /home/airflow/.local/lib/python3.12/site-packages/airflow/example_dags/example_latest_only_with_trigger.py
[2024-07-25T23:44:55.880+0000] {logging_mixin.py:188} INFO - [2024-07-25T23:44:55.880+0000] {dag.py:3089} INFO - Sync 1 DAGs
[2024-07-25T23:44:55.899+0000] {logging_mixin.py:188} INFO - [2024-07-25T23:44:55.899+0000] {dag.py:3947} INFO - Setting next_dagrun for latest_only_with_trigger to 2024-07-25 16:00:00+00:00, run_after=2024-07-25 20:00:00+00:00
[2024-07-25T23:44:55.914+0000] {processor.py:183} INFO - Processing /home/airflow/.local/lib/python3.12/site-packages/airflow/example_dags/example_latest_only_with_trigger.py took 0.073 seconds
[2024-07-25T23:45:26.493+0000] {processor.py:161} INFO - Started process (PID=2136) to work on /home/airflow/.local/lib/python3.12/site-packages/airflow/example_dags/example_latest_only_with_trigger.py
[2024-07-25T23:45:26.495+0000] {processor.py:830} INFO - Processing file /home/airflow/.local/lib/python3.12/site-packages/airflow/example_dags/example_latest_only_with_trigger.py for tasks to queue
[2024-07-25T23:45:26.498+0000] {logging_mixin.py:188} INFO - [2024-07-25T23:45:26.498+0000] {dagbag.py:545} INFO - Filling up the DagBag from /home/airflow/.local/lib/python3.12/site-packages/airflow/example_dags/example_latest_only_with_trigger.py
[2024-07-25T23:45:26.506+0000] {processor.py:840} INFO - DAG(s) 'latest_only_with_trigger' retrieved from /home/airflow/.local/lib/python3.12/site-packages/airflow/example_dags/example_latest_only_with_trigger.py
[2024-07-25T23:45:26.524+0000] {logging_mixin.py:188} INFO - [2024-07-25T23:45:26.524+0000] {dag.py:3089} INFO - Sync 1 DAGs
[2024-07-25T23:45:26.544+0000] {logging_mixin.py:188} INFO - [2024-07-25T23:45:26.544+0000] {dag.py:3947} INFO - Setting next_dagrun for latest_only_with_trigger to 2024-07-25 16:00:00+00:00, run_after=2024-07-25 20:00:00+00:00
[2024-07-25T23:45:26.565+0000] {processor.py:183} INFO - Processing /home/airflow/.local/lib/python3.12/site-packages/airflow/example_dags/example_latest_only_with_trigger.py took 0.079 seconds
[2024-07-25T23:45:56.729+0000] {processor.py:161} INFO - Started process (PID=2196) to work on /home/airflow/.local/lib/python3.12/site-packages/airflow/example_dags/example_latest_only_with_trigger.py
[2024-07-25T23:45:56.731+0000] {processor.py:830} INFO - Processing file /home/airflow/.local/lib/python3.12/site-packages/airflow/example_dags/example_latest_only_with_trigger.py for tasks to queue
[2024-07-25T23:45:56.733+0000] {logging_mixin.py:188} INFO - [2024-07-25T23:45:56.733+0000] {dagbag.py:545} INFO - Filling up the DagBag from /home/airflow/.local/lib/python3.12/site-packages/airflow/example_dags/example_latest_only_with_trigger.py
[2024-07-25T23:45:56.741+0000] {processor.py:840} INFO - DAG(s) 'latest_only_with_trigger' retrieved from /home/airflow/.local/lib/python3.12/site-packages/airflow/example_dags/example_latest_only_with_trigger.py
[2024-07-25T23:45:56.761+0000] {logging_mixin.py:188} INFO - [2024-07-25T23:45:56.761+0000] {dag.py:3089} INFO - Sync 1 DAGs
[2024-07-25T23:45:56.780+0000] {logging_mixin.py:188} INFO - [2024-07-25T23:45:56.779+0000] {dag.py:3947} INFO - Setting next_dagrun for latest_only_with_trigger to 2024-07-25 16:00:00+00:00, run_after=2024-07-25 20:00:00+00:00
[2024-07-25T23:45:56.803+0000] {processor.py:183} INFO - Processing /home/airflow/.local/lib/python3.12/site-packages/airflow/example_dags/example_latest_only_with_trigger.py took 0.081 seconds
[2024-07-25T23:46:27.784+0000] {processor.py:161} INFO - Started process (PID=2256) to work on /home/airflow/.local/lib/python3.12/site-packages/airflow/example_dags/example_latest_only_with_trigger.py
[2024-07-25T23:46:27.787+0000] {processor.py:830} INFO - Processing file /home/airflow/.local/lib/python3.12/site-packages/airflow/example_dags/example_latest_only_with_trigger.py for tasks to queue
[2024-07-25T23:46:27.791+0000] {logging_mixin.py:188} INFO - [2024-07-25T23:46:27.791+0000] {dagbag.py:545} INFO - Filling up the DagBag from /home/airflow/.local/lib/python3.12/site-packages/airflow/example_dags/example_latest_only_with_trigger.py
[2024-07-25T23:46:27.801+0000] {processor.py:840} INFO - DAG(s) 'latest_only_with_trigger' retrieved from /home/airflow/.local/lib/python3.12/site-packages/airflow/example_dags/example_latest_only_with_trigger.py
[2024-07-25T23:46:27.834+0000] {logging_mixin.py:188} INFO - [2024-07-25T23:46:27.834+0000] {dag.py:3089} INFO - Sync 1 DAGs
[2024-07-25T23:46:27.857+0000] {logging_mixin.py:188} INFO - [2024-07-25T23:46:27.857+0000] {dag.py:3947} INFO - Setting next_dagrun for latest_only_with_trigger to 2024-07-25 16:00:00+00:00, run_after=2024-07-25 20:00:00+00:00
[2024-07-25T23:46:27.883+0000] {processor.py:183} INFO - Processing /home/airflow/.local/lib/python3.12/site-packages/airflow/example_dags/example_latest_only_with_trigger.py took 0.109 seconds
[2024-07-25T23:46:58.367+0000] {processor.py:161} INFO - Started process (PID=2316) to work on /home/airflow/.local/lib/python3.12/site-packages/airflow/example_dags/example_latest_only_with_trigger.py
[2024-07-25T23:46:58.368+0000] {processor.py:830} INFO - Processing file /home/airflow/.local/lib/python3.12/site-packages/airflow/example_dags/example_latest_only_with_trigger.py for tasks to queue
[2024-07-25T23:46:58.370+0000] {logging_mixin.py:188} INFO - [2024-07-25T23:46:58.370+0000] {dagbag.py:545} INFO - Filling up the DagBag from /home/airflow/.local/lib/python3.12/site-packages/airflow/example_dags/example_latest_only_with_trigger.py
[2024-07-25T23:46:58.376+0000] {processor.py:840} INFO - DAG(s) 'latest_only_with_trigger' retrieved from /home/airflow/.local/lib/python3.12/site-packages/airflow/example_dags/example_latest_only_with_trigger.py
[2024-07-25T23:46:58.405+0000] {logging_mixin.py:188} INFO - [2024-07-25T23:46:58.405+0000] {dag.py:3089} INFO - Sync 1 DAGs
[2024-07-25T23:46:58.427+0000] {logging_mixin.py:188} INFO - [2024-07-25T23:46:58.427+0000] {dag.py:3947} INFO - Setting next_dagrun for latest_only_with_trigger to 2024-07-25 16:00:00+00:00, run_after=2024-07-25 20:00:00+00:00
[2024-07-25T23:46:58.450+0000] {processor.py:183} INFO - Processing /home/airflow/.local/lib/python3.12/site-packages/airflow/example_dags/example_latest_only_with_trigger.py took 0.089 seconds
[2024-07-25T23:47:28.726+0000] {processor.py:161} INFO - Started process (PID=2376) to work on /home/airflow/.local/lib/python3.12/site-packages/airflow/example_dags/example_latest_only_with_trigger.py
[2024-07-25T23:47:28.728+0000] {processor.py:830} INFO - Processing file /home/airflow/.local/lib/python3.12/site-packages/airflow/example_dags/example_latest_only_with_trigger.py for tasks to queue
[2024-07-25T23:47:28.730+0000] {logging_mixin.py:188} INFO - [2024-07-25T23:47:28.730+0000] {dagbag.py:545} INFO - Filling up the DagBag from /home/airflow/.local/lib/python3.12/site-packages/airflow/example_dags/example_latest_only_with_trigger.py
[2024-07-25T23:47:28.739+0000] {processor.py:840} INFO - DAG(s) 'latest_only_with_trigger' retrieved from /home/airflow/.local/lib/python3.12/site-packages/airflow/example_dags/example_latest_only_with_trigger.py
[2024-07-25T23:47:28.766+0000] {logging_mixin.py:188} INFO - [2024-07-25T23:47:28.766+0000] {dag.py:3089} INFO - Sync 1 DAGs
[2024-07-25T23:47:28.789+0000] {logging_mixin.py:188} INFO - [2024-07-25T23:47:28.789+0000] {dag.py:3947} INFO - Setting next_dagrun for latest_only_with_trigger to 2024-07-25 16:00:00+00:00, run_after=2024-07-25 20:00:00+00:00
[2024-07-25T23:47:28.809+0000] {processor.py:183} INFO - Processing /home/airflow/.local/lib/python3.12/site-packages/airflow/example_dags/example_latest_only_with_trigger.py took 0.092 seconds
[2024-07-25T23:47:58.889+0000] {processor.py:161} INFO - Started process (PID=2435) to work on /home/airflow/.local/lib/python3.12/site-packages/airflow/example_dags/example_latest_only_with_trigger.py
[2024-07-25T23:47:58.891+0000] {processor.py:830} INFO - Processing file /home/airflow/.local/lib/python3.12/site-packages/airflow/example_dags/example_latest_only_with_trigger.py for tasks to queue
[2024-07-25T23:47:58.895+0000] {logging_mixin.py:188} INFO - [2024-07-25T23:47:58.895+0000] {dagbag.py:545} INFO - Filling up the DagBag from /home/airflow/.local/lib/python3.12/site-packages/airflow/example_dags/example_latest_only_with_trigger.py
[2024-07-25T23:47:58.910+0000] {processor.py:840} INFO - DAG(s) 'latest_only_with_trigger' retrieved from /home/airflow/.local/lib/python3.12/site-packages/airflow/example_dags/example_latest_only_with_trigger.py
[2024-07-25T23:47:58.940+0000] {logging_mixin.py:188} INFO - [2024-07-25T23:47:58.940+0000] {dag.py:3089} INFO - Sync 1 DAGs
[2024-07-25T23:47:58.965+0000] {logging_mixin.py:188} INFO - [2024-07-25T23:47:58.965+0000] {dag.py:3947} INFO - Setting next_dagrun for latest_only_with_trigger to 2024-07-25 16:00:00+00:00, run_after=2024-07-25 20:00:00+00:00
[2024-07-25T23:47:58.986+0000] {processor.py:183} INFO - Processing /home/airflow/.local/lib/python3.12/site-packages/airflow/example_dags/example_latest_only_with_trigger.py took 0.108 seconds
[2024-07-25T23:48:29.245+0000] {processor.py:161} INFO - Started process (PID=2495) to work on /home/airflow/.local/lib/python3.12/site-packages/airflow/example_dags/example_latest_only_with_trigger.py
[2024-07-25T23:48:29.247+0000] {processor.py:830} INFO - Processing file /home/airflow/.local/lib/python3.12/site-packages/airflow/example_dags/example_latest_only_with_trigger.py for tasks to queue
[2024-07-25T23:48:29.249+0000] {logging_mixin.py:188} INFO - [2024-07-25T23:48:29.249+0000] {dagbag.py:545} INFO - Filling up the DagBag from /home/airflow/.local/lib/python3.12/site-packages/airflow/example_dags/example_latest_only_with_trigger.py
[2024-07-25T23:48:29.254+0000] {processor.py:840} INFO - DAG(s) 'latest_only_with_trigger' retrieved from /home/airflow/.local/lib/python3.12/site-packages/airflow/example_dags/example_latest_only_with_trigger.py
[2024-07-25T23:48:29.270+0000] {logging_mixin.py:188} INFO - [2024-07-25T23:48:29.270+0000] {dag.py:3089} INFO - Sync 1 DAGs
[2024-07-25T23:48:29.287+0000] {logging_mixin.py:188} INFO - [2024-07-25T23:48:29.287+0000] {dag.py:3947} INFO - Setting next_dagrun for latest_only_with_trigger to 2024-07-25 16:00:00+00:00, run_after=2024-07-25 20:00:00+00:00
[2024-07-25T23:48:29.299+0000] {processor.py:183} INFO - Processing /home/airflow/.local/lib/python3.12/site-packages/airflow/example_dags/example_latest_only_with_trigger.py took 0.061 seconds
[2024-07-25T23:48:59.333+0000] {processor.py:161} INFO - Started process (PID=2553) to work on /home/airflow/.local/lib/python3.12/site-packages/airflow/example_dags/example_latest_only_with_trigger.py
[2024-07-25T23:48:59.334+0000] {processor.py:830} INFO - Processing file /home/airflow/.local/lib/python3.12/site-packages/airflow/example_dags/example_latest_only_with_trigger.py for tasks to queue
[2024-07-25T23:48:59.337+0000] {logging_mixin.py:188} INFO - [2024-07-25T23:48:59.337+0000] {dagbag.py:545} INFO - Filling up the DagBag from /home/airflow/.local/lib/python3.12/site-packages/airflow/example_dags/example_latest_only_with_trigger.py
[2024-07-25T23:48:59.343+0000] {processor.py:840} INFO - DAG(s) 'latest_only_with_trigger' retrieved from /home/airflow/.local/lib/python3.12/site-packages/airflow/example_dags/example_latest_only_with_trigger.py
[2024-07-25T23:48:59.364+0000] {logging_mixin.py:188} INFO - [2024-07-25T23:48:59.364+0000] {dag.py:3089} INFO - Sync 1 DAGs
[2024-07-25T23:48:59.386+0000] {logging_mixin.py:188} INFO - [2024-07-25T23:48:59.386+0000] {dag.py:3947} INFO - Setting next_dagrun for latest_only_with_trigger to 2024-07-25 16:00:00+00:00, run_after=2024-07-25 20:00:00+00:00
[2024-07-25T23:48:59.406+0000] {processor.py:183} INFO - Processing /home/airflow/.local/lib/python3.12/site-packages/airflow/example_dags/example_latest_only_with_trigger.py took 0.081 seconds
[2024-07-25T23:49:30.216+0000] {processor.py:161} INFO - Started process (PID=2613) to work on /home/airflow/.local/lib/python3.12/site-packages/airflow/example_dags/example_latest_only_with_trigger.py
[2024-07-25T23:49:30.220+0000] {processor.py:830} INFO - Processing file /home/airflow/.local/lib/python3.12/site-packages/airflow/example_dags/example_latest_only_with_trigger.py for tasks to queue
[2024-07-25T23:49:30.231+0000] {logging_mixin.py:188} INFO - [2024-07-25T23:49:30.230+0000] {dagbag.py:545} INFO - Filling up the DagBag from /home/airflow/.local/lib/python3.12/site-packages/airflow/example_dags/example_latest_only_with_trigger.py
[2024-07-25T23:49:30.254+0000] {processor.py:840} INFO - DAG(s) 'latest_only_with_trigger' retrieved from /home/airflow/.local/lib/python3.12/site-packages/airflow/example_dags/example_latest_only_with_trigger.py
[2024-07-25T23:49:30.324+0000] {logging_mixin.py:188} INFO - [2024-07-25T23:49:30.323+0000] {dag.py:3089} INFO - Sync 1 DAGs
[2024-07-25T23:49:30.463+0000] {logging_mixin.py:188} INFO - [2024-07-25T23:49:30.463+0000] {dag.py:3947} INFO - Setting next_dagrun for latest_only_with_trigger to 2024-07-25 16:00:00+00:00, run_after=2024-07-25 20:00:00+00:00
[2024-07-25T23:49:30.540+0000] {processor.py:183} INFO - Processing /home/airflow/.local/lib/python3.12/site-packages/airflow/example_dags/example_latest_only_with_trigger.py took 0.336 seconds
[2024-07-25T23:50:01.064+0000] {processor.py:161} INFO - Started process (PID=2672) to work on /home/airflow/.local/lib/python3.12/site-packages/airflow/example_dags/example_latest_only_with_trigger.py
[2024-07-25T23:50:01.066+0000] {processor.py:830} INFO - Processing file /home/airflow/.local/lib/python3.12/site-packages/airflow/example_dags/example_latest_only_with_trigger.py for tasks to queue
[2024-07-25T23:50:01.068+0000] {logging_mixin.py:188} INFO - [2024-07-25T23:50:01.067+0000] {dagbag.py:545} INFO - Filling up the DagBag from /home/airflow/.local/lib/python3.12/site-packages/airflow/example_dags/example_latest_only_with_trigger.py
[2024-07-25T23:50:01.076+0000] {processor.py:840} INFO - DAG(s) 'latest_only_with_trigger' retrieved from /home/airflow/.local/lib/python3.12/site-packages/airflow/example_dags/example_latest_only_with_trigger.py
[2024-07-25T23:50:01.102+0000] {logging_mixin.py:188} INFO - [2024-07-25T23:50:01.102+0000] {dag.py:3089} INFO - Sync 1 DAGs
[2024-07-25T23:50:01.125+0000] {logging_mixin.py:188} INFO - [2024-07-25T23:50:01.124+0000] {dag.py:3947} INFO - Setting next_dagrun for latest_only_with_trigger to 2024-07-25 16:00:00+00:00, run_after=2024-07-25 20:00:00+00:00
[2024-07-25T23:50:01.150+0000] {processor.py:183} INFO - Processing /home/airflow/.local/lib/python3.12/site-packages/airflow/example_dags/example_latest_only_with_trigger.py took 0.091 seconds
[2024-07-25T23:50:31.351+0000] {processor.py:161} INFO - Started process (PID=2732) to work on /home/airflow/.local/lib/python3.12/site-packages/airflow/example_dags/example_latest_only_with_trigger.py
[2024-07-25T23:50:31.355+0000] {processor.py:830} INFO - Processing file /home/airflow/.local/lib/python3.12/site-packages/airflow/example_dags/example_latest_only_with_trigger.py for tasks to queue
[2024-07-25T23:50:31.357+0000] {logging_mixin.py:188} INFO - [2024-07-25T23:50:31.357+0000] {dagbag.py:545} INFO - Filling up the DagBag from /home/airflow/.local/lib/python3.12/site-packages/airflow/example_dags/example_latest_only_with_trigger.py
[2024-07-25T23:50:31.365+0000] {processor.py:840} INFO - DAG(s) 'latest_only_with_trigger' retrieved from /home/airflow/.local/lib/python3.12/site-packages/airflow/example_dags/example_latest_only_with_trigger.py
[2024-07-25T23:50:31.389+0000] {logging_mixin.py:188} INFO - [2024-07-25T23:50:31.389+0000] {dag.py:3089} INFO - Sync 1 DAGs
[2024-07-25T23:50:31.414+0000] {logging_mixin.py:188} INFO - [2024-07-25T23:50:31.414+0000] {dag.py:3947} INFO - Setting next_dagrun for latest_only_with_trigger to 2024-07-25 16:00:00+00:00, run_after=2024-07-25 20:00:00+00:00
[2024-07-25T23:50:31.437+0000] {processor.py:183} INFO - Processing /home/airflow/.local/lib/python3.12/site-packages/airflow/example_dags/example_latest_only_with_trigger.py took 0.093 seconds
[2024-07-25T23:51:01.596+0000] {processor.py:161} INFO - Started process (PID=2792) to work on /home/airflow/.local/lib/python3.12/site-packages/airflow/example_dags/example_latest_only_with_trigger.py
[2024-07-25T23:51:01.601+0000] {processor.py:830} INFO - Processing file /home/airflow/.local/lib/python3.12/site-packages/airflow/example_dags/example_latest_only_with_trigger.py for tasks to queue
[2024-07-25T23:51:01.609+0000] {logging_mixin.py:188} INFO - [2024-07-25T23:51:01.608+0000] {dagbag.py:545} INFO - Filling up the DagBag from /home/airflow/.local/lib/python3.12/site-packages/airflow/example_dags/example_latest_only_with_trigger.py
[2024-07-25T23:51:01.625+0000] {processor.py:840} INFO - DAG(s) 'latest_only_with_trigger' retrieved from /home/airflow/.local/lib/python3.12/site-packages/airflow/example_dags/example_latest_only_with_trigger.py
[2024-07-25T23:51:01.647+0000] {logging_mixin.py:188} INFO - [2024-07-25T23:51:01.647+0000] {dag.py:3089} INFO - Sync 1 DAGs
[2024-07-25T23:51:01.668+0000] {logging_mixin.py:188} INFO - [2024-07-25T23:51:01.668+0000] {dag.py:3947} INFO - Setting next_dagrun for latest_only_with_trigger to 2024-07-25 16:00:00+00:00, run_after=2024-07-25 20:00:00+00:00
[2024-07-25T23:51:01.691+0000] {processor.py:183} INFO - Processing /home/airflow/.local/lib/python3.12/site-packages/airflow/example_dags/example_latest_only_with_trigger.py took 0.101 seconds
[2024-07-25T23:51:31.843+0000] {processor.py:161} INFO - Started process (PID=2852) to work on /home/airflow/.local/lib/python3.12/site-packages/airflow/example_dags/example_latest_only_with_trigger.py
[2024-07-25T23:51:31.846+0000] {processor.py:830} INFO - Processing file /home/airflow/.local/lib/python3.12/site-packages/airflow/example_dags/example_latest_only_with_trigger.py for tasks to queue
[2024-07-25T23:51:31.848+0000] {logging_mixin.py:188} INFO - [2024-07-25T23:51:31.848+0000] {dagbag.py:545} INFO - Filling up the DagBag from /home/airflow/.local/lib/python3.12/site-packages/airflow/example_dags/example_latest_only_with_trigger.py
[2024-07-25T23:51:31.863+0000] {processor.py:840} INFO - DAG(s) 'latest_only_with_trigger' retrieved from /home/airflow/.local/lib/python3.12/site-packages/airflow/example_dags/example_latest_only_with_trigger.py
[2024-07-25T23:51:31.894+0000] {logging_mixin.py:188} INFO - [2024-07-25T23:51:31.894+0000] {dag.py:3089} INFO - Sync 1 DAGs
[2024-07-25T23:51:31.912+0000] {logging_mixin.py:188} INFO - [2024-07-25T23:51:31.912+0000] {dag.py:3947} INFO - Setting next_dagrun for latest_only_with_trigger to 2024-07-25 16:00:00+00:00, run_after=2024-07-25 20:00:00+00:00
[2024-07-25T23:51:31.930+0000] {processor.py:183} INFO - Processing /home/airflow/.local/lib/python3.12/site-packages/airflow/example_dags/example_latest_only_with_trigger.py took 0.093 seconds
[2024-07-25T23:52:02.063+0000] {processor.py:161} INFO - Started process (PID=2912) to work on /home/airflow/.local/lib/python3.12/site-packages/airflow/example_dags/example_latest_only_with_trigger.py
[2024-07-25T23:52:02.065+0000] {processor.py:830} INFO - Processing file /home/airflow/.local/lib/python3.12/site-packages/airflow/example_dags/example_latest_only_with_trigger.py for tasks to queue
[2024-07-25T23:52:02.069+0000] {logging_mixin.py:188} INFO - [2024-07-25T23:52:02.068+0000] {dagbag.py:545} INFO - Filling up the DagBag from /home/airflow/.local/lib/python3.12/site-packages/airflow/example_dags/example_latest_only_with_trigger.py
[2024-07-25T23:52:02.076+0000] {processor.py:840} INFO - DAG(s) 'latest_only_with_trigger' retrieved from /home/airflow/.local/lib/python3.12/site-packages/airflow/example_dags/example_latest_only_with_trigger.py
[2024-07-25T23:52:02.099+0000] {logging_mixin.py:188} INFO - [2024-07-25T23:52:02.099+0000] {dag.py:3089} INFO - Sync 1 DAGs
[2024-07-25T23:52:02.125+0000] {logging_mixin.py:188} INFO - [2024-07-25T23:52:02.124+0000] {dag.py:3947} INFO - Setting next_dagrun for latest_only_with_trigger to 2024-07-25 16:00:00+00:00, run_after=2024-07-25 20:00:00+00:00
[2024-07-25T23:52:02.154+0000] {processor.py:183} INFO - Processing /home/airflow/.local/lib/python3.12/site-packages/airflow/example_dags/example_latest_only_with_trigger.py took 0.102 seconds
[2024-07-25T23:52:32.616+0000] {processor.py:161} INFO - Started process (PID=2972) to work on /home/airflow/.local/lib/python3.12/site-packages/airflow/example_dags/example_latest_only_with_trigger.py
[2024-07-25T23:52:32.628+0000] {processor.py:830} INFO - Processing file /home/airflow/.local/lib/python3.12/site-packages/airflow/example_dags/example_latest_only_with_trigger.py for tasks to queue
[2024-07-25T23:52:32.633+0000] {logging_mixin.py:188} INFO - [2024-07-25T23:52:32.633+0000] {dagbag.py:545} INFO - Filling up the DagBag from /home/airflow/.local/lib/python3.12/site-packages/airflow/example_dags/example_latest_only_with_trigger.py
[2024-07-25T23:52:32.650+0000] {processor.py:840} INFO - DAG(s) 'latest_only_with_trigger' retrieved from /home/airflow/.local/lib/python3.12/site-packages/airflow/example_dags/example_latest_only_with_trigger.py
[2024-07-25T23:52:32.695+0000] {logging_mixin.py:188} INFO - [2024-07-25T23:52:32.695+0000] {dag.py:3089} INFO - Sync 1 DAGs
[2024-07-25T23:52:32.727+0000] {logging_mixin.py:188} INFO - [2024-07-25T23:52:32.727+0000] {dag.py:3947} INFO - Setting next_dagrun for latest_only_with_trigger to 2024-07-25 16:00:00+00:00, run_after=2024-07-25 20:00:00+00:00
[2024-07-25T23:52:32.759+0000] {processor.py:183} INFO - Processing /home/airflow/.local/lib/python3.12/site-packages/airflow/example_dags/example_latest_only_with_trigger.py took 0.154 seconds
[2024-07-25T23:53:03.716+0000] {processor.py:161} INFO - Started process (PID=3032) to work on /home/airflow/.local/lib/python3.12/site-packages/airflow/example_dags/example_latest_only_with_trigger.py
[2024-07-25T23:53:03.717+0000] {processor.py:830} INFO - Processing file /home/airflow/.local/lib/python3.12/site-packages/airflow/example_dags/example_latest_only_with_trigger.py for tasks to queue
[2024-07-25T23:53:03.720+0000] {logging_mixin.py:188} INFO - [2024-07-25T23:53:03.719+0000] {dagbag.py:545} INFO - Filling up the DagBag from /home/airflow/.local/lib/python3.12/site-packages/airflow/example_dags/example_latest_only_with_trigger.py
[2024-07-25T23:53:03.729+0000] {processor.py:840} INFO - DAG(s) 'latest_only_with_trigger' retrieved from /home/airflow/.local/lib/python3.12/site-packages/airflow/example_dags/example_latest_only_with_trigger.py
[2024-07-25T23:53:03.756+0000] {logging_mixin.py:188} INFO - [2024-07-25T23:53:03.756+0000] {dag.py:3089} INFO - Sync 1 DAGs
[2024-07-25T23:53:03.784+0000] {logging_mixin.py:188} INFO - [2024-07-25T23:53:03.783+0000] {dag.py:3947} INFO - Setting next_dagrun for latest_only_with_trigger to 2024-07-25 16:00:00+00:00, run_after=2024-07-25 20:00:00+00:00
[2024-07-25T23:53:03.809+0000] {processor.py:183} INFO - Processing /home/airflow/.local/lib/python3.12/site-packages/airflow/example_dags/example_latest_only_with_trigger.py took 0.103 seconds
[2024-07-25T23:53:34.350+0000] {processor.py:161} INFO - Started process (PID=3092) to work on /home/airflow/.local/lib/python3.12/site-packages/airflow/example_dags/example_latest_only_with_trigger.py
[2024-07-25T23:53:34.352+0000] {processor.py:830} INFO - Processing file /home/airflow/.local/lib/python3.12/site-packages/airflow/example_dags/example_latest_only_with_trigger.py for tasks to queue
[2024-07-25T23:53:34.358+0000] {logging_mixin.py:188} INFO - [2024-07-25T23:53:34.357+0000] {dagbag.py:545} INFO - Filling up the DagBag from /home/airflow/.local/lib/python3.12/site-packages/airflow/example_dags/example_latest_only_with_trigger.py
[2024-07-25T23:53:34.370+0000] {processor.py:840} INFO - DAG(s) 'latest_only_with_trigger' retrieved from /home/airflow/.local/lib/python3.12/site-packages/airflow/example_dags/example_latest_only_with_trigger.py
[2024-07-25T23:53:34.403+0000] {logging_mixin.py:188} INFO - [2024-07-25T23:53:34.402+0000] {dag.py:3089} INFO - Sync 1 DAGs
[2024-07-25T23:53:34.433+0000] {logging_mixin.py:188} INFO - [2024-07-25T23:53:34.432+0000] {dag.py:3947} INFO - Setting next_dagrun for latest_only_with_trigger to 2024-07-25 16:00:00+00:00, run_after=2024-07-25 20:00:00+00:00
[2024-07-25T23:53:34.459+0000] {processor.py:183} INFO - Processing /home/airflow/.local/lib/python3.12/site-packages/airflow/example_dags/example_latest_only_with_trigger.py took 0.118 seconds
[2024-07-25T23:54:04.540+0000] {processor.py:161} INFO - Started process (PID=3152) to work on /home/airflow/.local/lib/python3.12/site-packages/airflow/example_dags/example_latest_only_with_trigger.py
[2024-07-25T23:54:04.545+0000] {processor.py:830} INFO - Processing file /home/airflow/.local/lib/python3.12/site-packages/airflow/example_dags/example_latest_only_with_trigger.py for tasks to queue
[2024-07-25T23:54:04.547+0000] {logging_mixin.py:188} INFO - [2024-07-25T23:54:04.547+0000] {dagbag.py:545} INFO - Filling up the DagBag from /home/airflow/.local/lib/python3.12/site-packages/airflow/example_dags/example_latest_only_with_trigger.py
[2024-07-25T23:54:04.554+0000] {processor.py:840} INFO - DAG(s) 'latest_only_with_trigger' retrieved from /home/airflow/.local/lib/python3.12/site-packages/airflow/example_dags/example_latest_only_with_trigger.py
[2024-07-25T23:54:04.580+0000] {logging_mixin.py:188} INFO - [2024-07-25T23:54:04.580+0000] {dag.py:3089} INFO - Sync 1 DAGs
[2024-07-25T23:54:04.608+0000] {logging_mixin.py:188} INFO - [2024-07-25T23:54:04.608+0000] {dag.py:3947} INFO - Setting next_dagrun for latest_only_with_trigger to 2024-07-25 16:00:00+00:00, run_after=2024-07-25 20:00:00+00:00
[2024-07-25T23:54:04.630+0000] {processor.py:183} INFO - Processing /home/airflow/.local/lib/python3.12/site-packages/airflow/example_dags/example_latest_only_with_trigger.py took 0.098 seconds
[2024-07-25T23:54:34.720+0000] {processor.py:161} INFO - Started process (PID=3212) to work on /home/airflow/.local/lib/python3.12/site-packages/airflow/example_dags/example_latest_only_with_trigger.py
[2024-07-25T23:54:34.723+0000] {processor.py:830} INFO - Processing file /home/airflow/.local/lib/python3.12/site-packages/airflow/example_dags/example_latest_only_with_trigger.py for tasks to queue
[2024-07-25T23:54:34.725+0000] {logging_mixin.py:188} INFO - [2024-07-25T23:54:34.725+0000] {dagbag.py:545} INFO - Filling up the DagBag from /home/airflow/.local/lib/python3.12/site-packages/airflow/example_dags/example_latest_only_with_trigger.py
[2024-07-25T23:54:34.731+0000] {processor.py:840} INFO - DAG(s) 'latest_only_with_trigger' retrieved from /home/airflow/.local/lib/python3.12/site-packages/airflow/example_dags/example_latest_only_with_trigger.py
[2024-07-25T23:54:34.752+0000] {logging_mixin.py:188} INFO - [2024-07-25T23:54:34.751+0000] {dag.py:3089} INFO - Sync 1 DAGs
[2024-07-25T23:54:34.772+0000] {logging_mixin.py:188} INFO - [2024-07-25T23:54:34.772+0000] {dag.py:3947} INFO - Setting next_dagrun for latest_only_with_trigger to 2024-07-25 16:00:00+00:00, run_after=2024-07-25 20:00:00+00:00
[2024-07-25T23:54:34.789+0000] {processor.py:183} INFO - Processing /home/airflow/.local/lib/python3.12/site-packages/airflow/example_dags/example_latest_only_with_trigger.py took 0.077 seconds
