[2024-07-25T23:17:22.618+0000] {processor.py:161} INFO - Started process (PID=78) to work on /home/airflow/.local/lib/python3.12/site-packages/airflow/example_dags/example_latest_only.py
[2024-07-25T23:17:22.620+0000] {processor.py:830} INFO - Processing file /home/airflow/.local/lib/python3.12/site-packages/airflow/example_dags/example_latest_only.py for tasks to queue
[2024-07-25T23:17:22.622+0000] {logging_mixin.py:188} INFO - [2024-07-25T23:17:22.621+0000] {dagbag.py:545} INFO - Filling up the DagBag from /home/airflow/.local/lib/python3.12/site-packages/airflow/example_dags/example_latest_only.py
[2024-07-25T23:17:22.627+0000] {processor.py:840} INFO - DAG(s) 'latest_only' retrieved from /home/airflow/.local/lib/python3.12/site-packages/airflow/example_dags/example_latest_only.py
[2024-07-25T23:17:22.638+0000] {logging_mixin.py:188} INFO - [2024-07-25T23:17:22.638+0000] {dag.py:3089} INFO - Sync 1 DAGs
[2024-07-25T23:17:22.662+0000] {logging_mixin.py:188} INFO - [2024-07-25T23:17:22.662+0000] {dag.py:3947} INFO - Setting next_dagrun for latest_only to 2024-07-25 16:00:00+00:00, run_after=2024-07-25 20:00:00+00:00
[2024-07-25T23:17:22.684+0000] {processor.py:183} INFO - Processing /home/airflow/.local/lib/python3.12/site-packages/airflow/example_dags/example_latest_only.py took 0.080 seconds
[2024-07-25T23:17:53.580+0000] {processor.py:161} INFO - Started process (PID=138) to work on /home/airflow/.local/lib/python3.12/site-packages/airflow/example_dags/example_latest_only.py
[2024-07-25T23:17:53.580+0000] {processor.py:830} INFO - Processing file /home/airflow/.local/lib/python3.12/site-packages/airflow/example_dags/example_latest_only.py for tasks to queue
[2024-07-25T23:17:53.582+0000] {logging_mixin.py:188} INFO - [2024-07-25T23:17:53.582+0000] {dagbag.py:545} INFO - Filling up the DagBag from /home/airflow/.local/lib/python3.12/site-packages/airflow/example_dags/example_latest_only.py
[2024-07-25T23:17:53.586+0000] {processor.py:840} INFO - DAG(s) 'latest_only' retrieved from /home/airflow/.local/lib/python3.12/site-packages/airflow/example_dags/example_latest_only.py
[2024-07-25T23:17:53.649+0000] {logging_mixin.py:188} INFO - [2024-07-25T23:17:53.648+0000] {dag.py:3089} INFO - Sync 1 DAGs
[2024-07-25T23:17:53.661+0000] {logging_mixin.py:188} INFO - [2024-07-25T23:17:53.660+0000] {dag.py:3947} INFO - Setting next_dagrun for latest_only to 2024-07-25 16:00:00+00:00, run_after=2024-07-25 20:00:00+00:00
[2024-07-25T23:17:53.671+0000] {processor.py:183} INFO - Processing /home/airflow/.local/lib/python3.12/site-packages/airflow/example_dags/example_latest_only.py took 0.095 seconds
[2024-07-25T23:18:23.828+0000] {processor.py:161} INFO - Started process (PID=198) to work on /home/airflow/.local/lib/python3.12/site-packages/airflow/example_dags/example_latest_only.py
[2024-07-25T23:18:23.828+0000] {processor.py:830} INFO - Processing file /home/airflow/.local/lib/python3.12/site-packages/airflow/example_dags/example_latest_only.py for tasks to queue
[2024-07-25T23:18:23.830+0000] {logging_mixin.py:188} INFO - [2024-07-25T23:18:23.829+0000] {dagbag.py:545} INFO - Filling up the DagBag from /home/airflow/.local/lib/python3.12/site-packages/airflow/example_dags/example_latest_only.py
[2024-07-25T23:18:23.833+0000] {processor.py:840} INFO - DAG(s) 'latest_only' retrieved from /home/airflow/.local/lib/python3.12/site-packages/airflow/example_dags/example_latest_only.py
[2024-07-25T23:18:23.850+0000] {logging_mixin.py:188} INFO - [2024-07-25T23:18:23.849+0000] {dag.py:3089} INFO - Sync 1 DAGs
[2024-07-25T23:18:23.866+0000] {logging_mixin.py:188} INFO - [2024-07-25T23:18:23.866+0000] {dag.py:3947} INFO - Setting next_dagrun for latest_only to 2024-07-25 16:00:00+00:00, run_after=2024-07-25 20:00:00+00:00
[2024-07-25T23:18:23.883+0000] {processor.py:183} INFO - Processing /home/airflow/.local/lib/python3.12/site-packages/airflow/example_dags/example_latest_only.py took 0.059 seconds
[2024-07-25T23:18:54.515+0000] {processor.py:161} INFO - Started process (PID=258) to work on /home/airflow/.local/lib/python3.12/site-packages/airflow/example_dags/example_latest_only.py
[2024-07-25T23:18:54.516+0000] {processor.py:830} INFO - Processing file /home/airflow/.local/lib/python3.12/site-packages/airflow/example_dags/example_latest_only.py for tasks to queue
[2024-07-25T23:18:54.517+0000] {logging_mixin.py:188} INFO - [2024-07-25T23:18:54.517+0000] {dagbag.py:545} INFO - Filling up the DagBag from /home/airflow/.local/lib/python3.12/site-packages/airflow/example_dags/example_latest_only.py
[2024-07-25T23:18:54.525+0000] {processor.py:840} INFO - DAG(s) 'latest_only' retrieved from /home/airflow/.local/lib/python3.12/site-packages/airflow/example_dags/example_latest_only.py
[2024-07-25T23:18:54.542+0000] {logging_mixin.py:188} INFO - [2024-07-25T23:18:54.542+0000] {dag.py:3089} INFO - Sync 1 DAGs
[2024-07-25T23:18:54.558+0000] {logging_mixin.py:188} INFO - [2024-07-25T23:18:54.558+0000] {dag.py:3947} INFO - Setting next_dagrun for latest_only to 2024-07-25 16:00:00+00:00, run_after=2024-07-25 20:00:00+00:00
[2024-07-25T23:18:54.570+0000] {processor.py:183} INFO - Processing /home/airflow/.local/lib/python3.12/site-packages/airflow/example_dags/example_latest_only.py took 0.062 seconds
[2024-07-25T23:19:24.623+0000] {processor.py:161} INFO - Started process (PID=318) to work on /home/airflow/.local/lib/python3.12/site-packages/airflow/example_dags/example_latest_only.py
[2024-07-25T23:19:24.623+0000] {processor.py:830} INFO - Processing file /home/airflow/.local/lib/python3.12/site-packages/airflow/example_dags/example_latest_only.py for tasks to queue
[2024-07-25T23:19:24.625+0000] {logging_mixin.py:188} INFO - [2024-07-25T23:19:24.625+0000] {dagbag.py:545} INFO - Filling up the DagBag from /home/airflow/.local/lib/python3.12/site-packages/airflow/example_dags/example_latest_only.py
[2024-07-25T23:19:24.629+0000] {processor.py:840} INFO - DAG(s) 'latest_only' retrieved from /home/airflow/.local/lib/python3.12/site-packages/airflow/example_dags/example_latest_only.py
[2024-07-25T23:19:24.642+0000] {logging_mixin.py:188} INFO - [2024-07-25T23:19:24.642+0000] {dag.py:3089} INFO - Sync 1 DAGs
[2024-07-25T23:19:24.656+0000] {logging_mixin.py:188} INFO - [2024-07-25T23:19:24.655+0000] {dag.py:3947} INFO - Setting next_dagrun for latest_only to 2024-07-25 16:00:00+00:00, run_after=2024-07-25 20:00:00+00:00
[2024-07-25T23:19:24.666+0000] {processor.py:183} INFO - Processing /home/airflow/.local/lib/python3.12/site-packages/airflow/example_dags/example_latest_only.py took 0.048 seconds
[2024-07-25T23:19:55.048+0000] {processor.py:161} INFO - Started process (PID=378) to work on /home/airflow/.local/lib/python3.12/site-packages/airflow/example_dags/example_latest_only.py
[2024-07-25T23:19:55.050+0000] {processor.py:830} INFO - Processing file /home/airflow/.local/lib/python3.12/site-packages/airflow/example_dags/example_latest_only.py for tasks to queue
[2024-07-25T23:19:55.053+0000] {logging_mixin.py:188} INFO - [2024-07-25T23:19:55.052+0000] {dagbag.py:545} INFO - Filling up the DagBag from /home/airflow/.local/lib/python3.12/site-packages/airflow/example_dags/example_latest_only.py
[2024-07-25T23:19:55.069+0000] {processor.py:840} INFO - DAG(s) 'latest_only' retrieved from /home/airflow/.local/lib/python3.12/site-packages/airflow/example_dags/example_latest_only.py
[2024-07-25T23:19:55.124+0000] {logging_mixin.py:188} INFO - [2024-07-25T23:19:55.124+0000] {dag.py:3089} INFO - Sync 1 DAGs
[2024-07-25T23:19:55.189+0000] {logging_mixin.py:188} INFO - [2024-07-25T23:19:55.188+0000] {dag.py:3947} INFO - Setting next_dagrun for latest_only to 2024-07-25 16:00:00+00:00, run_after=2024-07-25 20:00:00+00:00
[2024-07-25T23:19:55.222+0000] {processor.py:183} INFO - Processing /home/airflow/.local/lib/python3.12/site-packages/airflow/example_dags/example_latest_only.py took 0.183 seconds
[2024-07-25T23:20:25.988+0000] {processor.py:161} INFO - Started process (PID=438) to work on /home/airflow/.local/lib/python3.12/site-packages/airflow/example_dags/example_latest_only.py
[2024-07-25T23:20:25.990+0000] {processor.py:830} INFO - Processing file /home/airflow/.local/lib/python3.12/site-packages/airflow/example_dags/example_latest_only.py for tasks to queue
[2024-07-25T23:20:25.993+0000] {logging_mixin.py:188} INFO - [2024-07-25T23:20:25.993+0000] {dagbag.py:545} INFO - Filling up the DagBag from /home/airflow/.local/lib/python3.12/site-packages/airflow/example_dags/example_latest_only.py
[2024-07-25T23:20:26.014+0000] {processor.py:840} INFO - DAG(s) 'latest_only' retrieved from /home/airflow/.local/lib/python3.12/site-packages/airflow/example_dags/example_latest_only.py
[2024-07-25T23:20:26.089+0000] {logging_mixin.py:188} INFO - [2024-07-25T23:20:26.088+0000] {dag.py:3089} INFO - Sync 1 DAGs
[2024-07-25T23:20:26.209+0000] {logging_mixin.py:188} INFO - [2024-07-25T23:20:26.208+0000] {dag.py:3947} INFO - Setting next_dagrun for latest_only to 2024-07-25 16:00:00+00:00, run_after=2024-07-25 20:00:00+00:00
[2024-07-25T23:20:26.287+0000] {processor.py:183} INFO - Processing /home/airflow/.local/lib/python3.12/site-packages/airflow/example_dags/example_latest_only.py took 0.314 seconds
[2024-07-25T23:20:56.979+0000] {processor.py:161} INFO - Started process (PID=498) to work on /home/airflow/.local/lib/python3.12/site-packages/airflow/example_dags/example_latest_only.py
[2024-07-25T23:20:56.980+0000] {processor.py:830} INFO - Processing file /home/airflow/.local/lib/python3.12/site-packages/airflow/example_dags/example_latest_only.py for tasks to queue
[2024-07-25T23:20:56.983+0000] {logging_mixin.py:188} INFO - [2024-07-25T23:20:56.983+0000] {dagbag.py:545} INFO - Filling up the DagBag from /home/airflow/.local/lib/python3.12/site-packages/airflow/example_dags/example_latest_only.py
[2024-07-25T23:20:56.986+0000] {processor.py:840} INFO - DAG(s) 'latest_only' retrieved from /home/airflow/.local/lib/python3.12/site-packages/airflow/example_dags/example_latest_only.py
[2024-07-25T23:20:57.008+0000] {logging_mixin.py:188} INFO - [2024-07-25T23:20:57.008+0000] {dag.py:3089} INFO - Sync 1 DAGs
[2024-07-25T23:20:57.024+0000] {logging_mixin.py:188} INFO - [2024-07-25T23:20:57.023+0000] {dag.py:3947} INFO - Setting next_dagrun for latest_only to 2024-07-25 16:00:00+00:00, run_after=2024-07-25 20:00:00+00:00
[2024-07-25T23:20:57.037+0000] {processor.py:183} INFO - Processing /home/airflow/.local/lib/python3.12/site-packages/airflow/example_dags/example_latest_only.py took 0.061 seconds
[2024-07-25T23:21:27.764+0000] {processor.py:161} INFO - Started process (PID=558) to work on /home/airflow/.local/lib/python3.12/site-packages/airflow/example_dags/example_latest_only.py
[2024-07-25T23:21:27.766+0000] {processor.py:830} INFO - Processing file /home/airflow/.local/lib/python3.12/site-packages/airflow/example_dags/example_latest_only.py for tasks to queue
[2024-07-25T23:21:27.767+0000] {logging_mixin.py:188} INFO - [2024-07-25T23:21:27.767+0000] {dagbag.py:545} INFO - Filling up the DagBag from /home/airflow/.local/lib/python3.12/site-packages/airflow/example_dags/example_latest_only.py
[2024-07-25T23:21:27.773+0000] {processor.py:840} INFO - DAG(s) 'latest_only' retrieved from /home/airflow/.local/lib/python3.12/site-packages/airflow/example_dags/example_latest_only.py
[2024-07-25T23:21:27.803+0000] {logging_mixin.py:188} INFO - [2024-07-25T23:21:27.803+0000] {dag.py:3089} INFO - Sync 1 DAGs
[2024-07-25T23:21:27.828+0000] {logging_mixin.py:188} INFO - [2024-07-25T23:21:27.828+0000] {dag.py:3947} INFO - Setting next_dagrun for latest_only to 2024-07-25 16:00:00+00:00, run_after=2024-07-25 20:00:00+00:00
[2024-07-25T23:21:27.840+0000] {processor.py:183} INFO - Processing /home/airflow/.local/lib/python3.12/site-packages/airflow/example_dags/example_latest_only.py took 0.080 seconds
[2024-07-25T23:21:58.397+0000] {processor.py:161} INFO - Started process (PID=617) to work on /home/airflow/.local/lib/python3.12/site-packages/airflow/example_dags/example_latest_only.py
[2024-07-25T23:21:58.399+0000] {processor.py:830} INFO - Processing file /home/airflow/.local/lib/python3.12/site-packages/airflow/example_dags/example_latest_only.py for tasks to queue
[2024-07-25T23:21:58.400+0000] {logging_mixin.py:188} INFO - [2024-07-25T23:21:58.400+0000] {dagbag.py:545} INFO - Filling up the DagBag from /home/airflow/.local/lib/python3.12/site-packages/airflow/example_dags/example_latest_only.py
[2024-07-25T23:21:58.406+0000] {processor.py:840} INFO - DAG(s) 'latest_only' retrieved from /home/airflow/.local/lib/python3.12/site-packages/airflow/example_dags/example_latest_only.py
[2024-07-25T23:21:58.429+0000] {logging_mixin.py:188} INFO - [2024-07-25T23:21:58.429+0000] {dag.py:3089} INFO - Sync 1 DAGs
[2024-07-25T23:21:58.449+0000] {logging_mixin.py:188} INFO - [2024-07-25T23:21:58.449+0000] {dag.py:3947} INFO - Setting next_dagrun for latest_only to 2024-07-25 16:00:00+00:00, run_after=2024-07-25 20:00:00+00:00
[2024-07-25T23:21:58.466+0000] {processor.py:183} INFO - Processing /home/airflow/.local/lib/python3.12/site-packages/airflow/example_dags/example_latest_only.py took 0.073 seconds
[2024-07-25T23:22:29.053+0000] {processor.py:161} INFO - Started process (PID=676) to work on /home/airflow/.local/lib/python3.12/site-packages/airflow/example_dags/example_latest_only.py
[2024-07-25T23:22:29.054+0000] {processor.py:830} INFO - Processing file /home/airflow/.local/lib/python3.12/site-packages/airflow/example_dags/example_latest_only.py for tasks to queue
[2024-07-25T23:22:29.056+0000] {logging_mixin.py:188} INFO - [2024-07-25T23:22:29.056+0000] {dagbag.py:545} INFO - Filling up the DagBag from /home/airflow/.local/lib/python3.12/site-packages/airflow/example_dags/example_latest_only.py
[2024-07-25T23:22:29.061+0000] {processor.py:840} INFO - DAG(s) 'latest_only' retrieved from /home/airflow/.local/lib/python3.12/site-packages/airflow/example_dags/example_latest_only.py
[2024-07-25T23:22:29.087+0000] {logging_mixin.py:188} INFO - [2024-07-25T23:22:29.086+0000] {dag.py:3089} INFO - Sync 1 DAGs
[2024-07-25T23:22:29.109+0000] {logging_mixin.py:188} INFO - [2024-07-25T23:22:29.109+0000] {dag.py:3947} INFO - Setting next_dagrun for latest_only to 2024-07-25 16:00:00+00:00, run_after=2024-07-25 20:00:00+00:00
[2024-07-25T23:22:29.126+0000] {processor.py:183} INFO - Processing /home/airflow/.local/lib/python3.12/site-packages/airflow/example_dags/example_latest_only.py took 0.077 seconds
[2024-07-25T23:23:00.352+0000] {processor.py:161} INFO - Started process (PID=736) to work on /home/airflow/.local/lib/python3.12/site-packages/airflow/example_dags/example_latest_only.py
[2024-07-25T23:23:00.353+0000] {processor.py:830} INFO - Processing file /home/airflow/.local/lib/python3.12/site-packages/airflow/example_dags/example_latest_only.py for tasks to queue
[2024-07-25T23:23:00.355+0000] {logging_mixin.py:188} INFO - [2024-07-25T23:23:00.355+0000] {dagbag.py:545} INFO - Filling up the DagBag from /home/airflow/.local/lib/python3.12/site-packages/airflow/example_dags/example_latest_only.py
[2024-07-25T23:23:00.360+0000] {processor.py:840} INFO - DAG(s) 'latest_only' retrieved from /home/airflow/.local/lib/python3.12/site-packages/airflow/example_dags/example_latest_only.py
[2024-07-25T23:23:00.387+0000] {logging_mixin.py:188} INFO - [2024-07-25T23:23:00.387+0000] {dag.py:3089} INFO - Sync 1 DAGs
[2024-07-25T23:23:00.417+0000] {logging_mixin.py:188} INFO - [2024-07-25T23:23:00.416+0000] {dag.py:3947} INFO - Setting next_dagrun for latest_only to 2024-07-25 16:00:00+00:00, run_after=2024-07-25 20:00:00+00:00
[2024-07-25T23:23:00.439+0000] {processor.py:183} INFO - Processing /home/airflow/.local/lib/python3.12/site-packages/airflow/example_dags/example_latest_only.py took 0.097 seconds
[2024-07-25T23:23:30.554+0000] {processor.py:161} INFO - Started process (PID=796) to work on /home/airflow/.local/lib/python3.12/site-packages/airflow/example_dags/example_latest_only.py
[2024-07-25T23:23:30.555+0000] {processor.py:830} INFO - Processing file /home/airflow/.local/lib/python3.12/site-packages/airflow/example_dags/example_latest_only.py for tasks to queue
[2024-07-25T23:23:30.557+0000] {logging_mixin.py:188} INFO - [2024-07-25T23:23:30.557+0000] {dagbag.py:545} INFO - Filling up the DagBag from /home/airflow/.local/lib/python3.12/site-packages/airflow/example_dags/example_latest_only.py
[2024-07-25T23:23:30.562+0000] {processor.py:840} INFO - DAG(s) 'latest_only' retrieved from /home/airflow/.local/lib/python3.12/site-packages/airflow/example_dags/example_latest_only.py
[2024-07-25T23:23:30.577+0000] {logging_mixin.py:188} INFO - [2024-07-25T23:23:30.576+0000] {dag.py:3089} INFO - Sync 1 DAGs
[2024-07-25T23:23:30.591+0000] {logging_mixin.py:188} INFO - [2024-07-25T23:23:30.591+0000] {dag.py:3947} INFO - Setting next_dagrun for latest_only to 2024-07-25 16:00:00+00:00, run_after=2024-07-25 20:00:00+00:00
[2024-07-25T23:23:30.608+0000] {processor.py:183} INFO - Processing /home/airflow/.local/lib/python3.12/site-packages/airflow/example_dags/example_latest_only.py took 0.060 seconds
[2024-07-25T23:24:05.837+0000] {processor.py:161} INFO - Started process (PID=856) to work on /home/airflow/.local/lib/python3.12/site-packages/airflow/example_dags/example_latest_only.py
[2024-07-25T23:24:05.842+0000] {processor.py:830} INFO - Processing file /home/airflow/.local/lib/python3.12/site-packages/airflow/example_dags/example_latest_only.py for tasks to queue
[2024-07-25T23:24:05.848+0000] {logging_mixin.py:188} INFO - [2024-07-25T23:24:05.847+0000] {dagbag.py:545} INFO - Filling up the DagBag from /home/airflow/.local/lib/python3.12/site-packages/airflow/example_dags/example_latest_only.py
[2024-07-25T23:24:05.859+0000] {processor.py:840} INFO - DAG(s) 'latest_only' retrieved from /home/airflow/.local/lib/python3.12/site-packages/airflow/example_dags/example_latest_only.py
[2024-07-25T23:24:05.899+0000] {logging_mixin.py:188} INFO - [2024-07-25T23:24:05.898+0000] {dag.py:3089} INFO - Sync 1 DAGs
[2024-07-25T23:24:05.930+0000] {logging_mixin.py:188} INFO - [2024-07-25T23:24:05.930+0000] {dag.py:3947} INFO - Setting next_dagrun for latest_only to 2024-07-25 16:00:00+00:00, run_after=2024-07-25 20:00:00+00:00
[2024-07-25T23:24:05.960+0000] {processor.py:183} INFO - Processing /home/airflow/.local/lib/python3.12/site-packages/airflow/example_dags/example_latest_only.py took 0.156 seconds
[2024-07-25T23:24:37.173+0000] {processor.py:161} INFO - Started process (PID=916) to work on /home/airflow/.local/lib/python3.12/site-packages/airflow/example_dags/example_latest_only.py
[2024-07-25T23:24:37.183+0000] {processor.py:830} INFO - Processing file /home/airflow/.local/lib/python3.12/site-packages/airflow/example_dags/example_latest_only.py for tasks to queue
[2024-07-25T23:24:37.207+0000] {logging_mixin.py:188} INFO - [2024-07-25T23:24:37.205+0000] {dagbag.py:545} INFO - Filling up the DagBag from /home/airflow/.local/lib/python3.12/site-packages/airflow/example_dags/example_latest_only.py
[2024-07-25T23:24:37.255+0000] {processor.py:840} INFO - DAG(s) 'latest_only' retrieved from /home/airflow/.local/lib/python3.12/site-packages/airflow/example_dags/example_latest_only.py
[2024-07-25T23:24:37.353+0000] {logging_mixin.py:188} INFO - [2024-07-25T23:24:37.352+0000] {dag.py:3089} INFO - Sync 1 DAGs
[2024-07-25T23:24:37.424+0000] {logging_mixin.py:188} INFO - [2024-07-25T23:24:37.423+0000] {dag.py:3947} INFO - Setting next_dagrun for latest_only to 2024-07-25 16:00:00+00:00, run_after=2024-07-25 20:00:00+00:00
[2024-07-25T23:24:37.478+0000] {processor.py:183} INFO - Processing /home/airflow/.local/lib/python3.12/site-packages/airflow/example_dags/example_latest_only.py took 0.320 seconds
[2024-07-25T23:25:07.895+0000] {processor.py:161} INFO - Started process (PID=976) to work on /home/airflow/.local/lib/python3.12/site-packages/airflow/example_dags/example_latest_only.py
[2024-07-25T23:25:07.896+0000] {processor.py:830} INFO - Processing file /home/airflow/.local/lib/python3.12/site-packages/airflow/example_dags/example_latest_only.py for tasks to queue
[2024-07-25T23:25:07.898+0000] {logging_mixin.py:188} INFO - [2024-07-25T23:25:07.897+0000] {dagbag.py:545} INFO - Filling up the DagBag from /home/airflow/.local/lib/python3.12/site-packages/airflow/example_dags/example_latest_only.py
[2024-07-25T23:25:07.902+0000] {processor.py:840} INFO - DAG(s) 'latest_only' retrieved from /home/airflow/.local/lib/python3.12/site-packages/airflow/example_dags/example_latest_only.py
[2024-07-25T23:25:07.921+0000] {logging_mixin.py:188} INFO - [2024-07-25T23:25:07.921+0000] {dag.py:3089} INFO - Sync 1 DAGs
[2024-07-25T23:25:07.950+0000] {logging_mixin.py:188} INFO - [2024-07-25T23:25:07.950+0000] {dag.py:3947} INFO - Setting next_dagrun for latest_only to 2024-07-25 16:00:00+00:00, run_after=2024-07-25 20:00:00+00:00
[2024-07-25T23:25:07.973+0000] {processor.py:183} INFO - Processing /home/airflow/.local/lib/python3.12/site-packages/airflow/example_dags/example_latest_only.py took 0.082 seconds
[2024-07-25T23:27:39.897+0000] {processor.py:161} INFO - Started process (PID=82) to work on /home/airflow/.local/lib/python3.12/site-packages/airflow/example_dags/example_latest_only.py
[2024-07-25T23:27:39.902+0000] {processor.py:830} INFO - Processing file /home/airflow/.local/lib/python3.12/site-packages/airflow/example_dags/example_latest_only.py for tasks to queue
[2024-07-25T23:27:39.921+0000] {logging_mixin.py:188} INFO - [2024-07-25T23:27:39.913+0000] {dagbag.py:545} INFO - Filling up the DagBag from /home/airflow/.local/lib/python3.12/site-packages/airflow/example_dags/example_latest_only.py
[2024-07-25T23:27:39.957+0000] {processor.py:840} INFO - DAG(s) 'latest_only' retrieved from /home/airflow/.local/lib/python3.12/site-packages/airflow/example_dags/example_latest_only.py
[2024-07-25T23:27:46.810+0000] {logging_mixin.py:188} INFO - [2024-07-25T23:27:46.776+0000] {dag.py:3089} INFO - Sync 1 DAGs
[2024-07-25T23:27:47.349+0000] {logging_mixin.py:188} INFO - [2024-07-25T23:27:47.347+0000] {dag.py:3947} INFO - Setting next_dagrun for latest_only to 2024-07-25 16:00:00+00:00, run_after=2024-07-25 20:00:00+00:00
[2024-07-25T23:27:47.649+0000] {processor.py:183} INFO - Processing /home/airflow/.local/lib/python3.12/site-packages/airflow/example_dags/example_latest_only.py took 7.777 seconds
[2024-07-25T23:28:19.827+0000] {processor.py:161} INFO - Started process (PID=142) to work on /home/airflow/.local/lib/python3.12/site-packages/airflow/example_dags/example_latest_only.py
[2024-07-25T23:28:19.835+0000] {processor.py:830} INFO - Processing file /home/airflow/.local/lib/python3.12/site-packages/airflow/example_dags/example_latest_only.py for tasks to queue
[2024-07-25T23:28:19.837+0000] {logging_mixin.py:188} INFO - [2024-07-25T23:28:19.837+0000] {dagbag.py:545} INFO - Filling up the DagBag from /home/airflow/.local/lib/python3.12/site-packages/airflow/example_dags/example_latest_only.py
[2024-07-25T23:28:19.850+0000] {processor.py:840} INFO - DAG(s) 'latest_only' retrieved from /home/airflow/.local/lib/python3.12/site-packages/airflow/example_dags/example_latest_only.py
[2024-07-25T23:28:19.917+0000] {logging_mixin.py:188} INFO - [2024-07-25T23:28:19.916+0000] {dag.py:3089} INFO - Sync 1 DAGs
[2024-07-25T23:28:19.947+0000] {logging_mixin.py:188} INFO - [2024-07-25T23:28:19.947+0000] {dag.py:3947} INFO - Setting next_dagrun for latest_only to 2024-07-25 16:00:00+00:00, run_after=2024-07-25 20:00:00+00:00
[2024-07-25T23:28:19.983+0000] {processor.py:183} INFO - Processing /home/airflow/.local/lib/python3.12/site-packages/airflow/example_dags/example_latest_only.py took 0.167 seconds
[2024-07-25T23:28:50.549+0000] {processor.py:161} INFO - Started process (PID=202) to work on /home/airflow/.local/lib/python3.12/site-packages/airflow/example_dags/example_latest_only.py
[2024-07-25T23:28:50.550+0000] {processor.py:830} INFO - Processing file /home/airflow/.local/lib/python3.12/site-packages/airflow/example_dags/example_latest_only.py for tasks to queue
[2024-07-25T23:28:50.552+0000] {logging_mixin.py:188} INFO - [2024-07-25T23:28:50.552+0000] {dagbag.py:545} INFO - Filling up the DagBag from /home/airflow/.local/lib/python3.12/site-packages/airflow/example_dags/example_latest_only.py
[2024-07-25T23:28:50.558+0000] {processor.py:840} INFO - DAG(s) 'latest_only' retrieved from /home/airflow/.local/lib/python3.12/site-packages/airflow/example_dags/example_latest_only.py
[2024-07-25T23:28:50.593+0000] {logging_mixin.py:188} INFO - [2024-07-25T23:28:50.593+0000] {dag.py:3089} INFO - Sync 1 DAGs
[2024-07-25T23:28:50.630+0000] {logging_mixin.py:188} INFO - [2024-07-25T23:28:50.630+0000] {dag.py:3947} INFO - Setting next_dagrun for latest_only to 2024-07-25 16:00:00+00:00, run_after=2024-07-25 20:00:00+00:00
[2024-07-25T23:28:50.652+0000] {processor.py:183} INFO - Processing /home/airflow/.local/lib/python3.12/site-packages/airflow/example_dags/example_latest_only.py took 0.110 seconds
[2024-07-25T23:29:20.882+0000] {processor.py:161} INFO - Started process (PID=261) to work on /home/airflow/.local/lib/python3.12/site-packages/airflow/example_dags/example_latest_only.py
[2024-07-25T23:29:20.882+0000] {processor.py:830} INFO - Processing file /home/airflow/.local/lib/python3.12/site-packages/airflow/example_dags/example_latest_only.py for tasks to queue
[2024-07-25T23:29:20.884+0000] {logging_mixin.py:188} INFO - [2024-07-25T23:29:20.884+0000] {dagbag.py:545} INFO - Filling up the DagBag from /home/airflow/.local/lib/python3.12/site-packages/airflow/example_dags/example_latest_only.py
[2024-07-25T23:29:20.888+0000] {processor.py:840} INFO - DAG(s) 'latest_only' retrieved from /home/airflow/.local/lib/python3.12/site-packages/airflow/example_dags/example_latest_only.py
[2024-07-25T23:29:20.908+0000] {logging_mixin.py:188} INFO - [2024-07-25T23:29:20.908+0000] {dag.py:3089} INFO - Sync 1 DAGs
[2024-07-25T23:29:20.927+0000] {logging_mixin.py:188} INFO - [2024-07-25T23:29:20.927+0000] {dag.py:3947} INFO - Setting next_dagrun for latest_only to 2024-07-25 16:00:00+00:00, run_after=2024-07-25 20:00:00+00:00
[2024-07-25T23:29:20.952+0000] {processor.py:183} INFO - Processing /home/airflow/.local/lib/python3.12/site-packages/airflow/example_dags/example_latest_only.py took 0.076 seconds
[2024-07-25T23:29:51.760+0000] {processor.py:161} INFO - Started process (PID=326) to work on /home/airflow/.local/lib/python3.12/site-packages/airflow/example_dags/example_latest_only.py
[2024-07-25T23:29:51.775+0000] {processor.py:830} INFO - Processing file /home/airflow/.local/lib/python3.12/site-packages/airflow/example_dags/example_latest_only.py for tasks to queue
[2024-07-25T23:29:51.787+0000] {logging_mixin.py:188} INFO - [2024-07-25T23:29:51.787+0000] {dagbag.py:545} INFO - Filling up the DagBag from /home/airflow/.local/lib/python3.12/site-packages/airflow/example_dags/example_latest_only.py
[2024-07-25T23:29:51.799+0000] {processor.py:840} INFO - DAG(s) 'latest_only' retrieved from /home/airflow/.local/lib/python3.12/site-packages/airflow/example_dags/example_latest_only.py
[2024-07-25T23:29:51.833+0000] {logging_mixin.py:188} INFO - [2024-07-25T23:29:51.833+0000] {dag.py:3089} INFO - Sync 1 DAGs
[2024-07-25T23:29:51.869+0000] {logging_mixin.py:188} INFO - [2024-07-25T23:29:51.869+0000] {dag.py:3947} INFO - Setting next_dagrun for latest_only to 2024-07-25 16:00:00+00:00, run_after=2024-07-25 20:00:00+00:00
[2024-07-25T23:29:51.901+0000] {processor.py:183} INFO - Processing /home/airflow/.local/lib/python3.12/site-packages/airflow/example_dags/example_latest_only.py took 0.167 seconds
[2024-07-25T23:30:23.478+0000] {processor.py:161} INFO - Started process (PID=384) to work on /home/airflow/.local/lib/python3.12/site-packages/airflow/example_dags/example_latest_only.py
[2024-07-25T23:30:23.479+0000] {processor.py:830} INFO - Processing file /home/airflow/.local/lib/python3.12/site-packages/airflow/example_dags/example_latest_only.py for tasks to queue
[2024-07-25T23:30:23.483+0000] {logging_mixin.py:188} INFO - [2024-07-25T23:30:23.483+0000] {dagbag.py:545} INFO - Filling up the DagBag from /home/airflow/.local/lib/python3.12/site-packages/airflow/example_dags/example_latest_only.py
[2024-07-25T23:30:23.487+0000] {processor.py:840} INFO - DAG(s) 'latest_only' retrieved from /home/airflow/.local/lib/python3.12/site-packages/airflow/example_dags/example_latest_only.py
[2024-07-25T23:30:23.505+0000] {logging_mixin.py:188} INFO - [2024-07-25T23:30:23.505+0000] {dag.py:3089} INFO - Sync 1 DAGs
[2024-07-25T23:30:23.521+0000] {logging_mixin.py:188} INFO - [2024-07-25T23:30:23.521+0000] {dag.py:3947} INFO - Setting next_dagrun for latest_only to 2024-07-25 16:00:00+00:00, run_after=2024-07-25 20:00:00+00:00
[2024-07-25T23:30:23.533+0000] {processor.py:183} INFO - Processing /home/airflow/.local/lib/python3.12/site-packages/airflow/example_dags/example_latest_only.py took 0.059 seconds
[2024-07-25T23:30:54.228+0000] {processor.py:161} INFO - Started process (PID=444) to work on /home/airflow/.local/lib/python3.12/site-packages/airflow/example_dags/example_latest_only.py
[2024-07-25T23:30:54.229+0000] {processor.py:830} INFO - Processing file /home/airflow/.local/lib/python3.12/site-packages/airflow/example_dags/example_latest_only.py for tasks to queue
[2024-07-25T23:30:54.230+0000] {logging_mixin.py:188} INFO - [2024-07-25T23:30:54.230+0000] {dagbag.py:545} INFO - Filling up the DagBag from /home/airflow/.local/lib/python3.12/site-packages/airflow/example_dags/example_latest_only.py
[2024-07-25T23:30:54.233+0000] {processor.py:840} INFO - DAG(s) 'latest_only' retrieved from /home/airflow/.local/lib/python3.12/site-packages/airflow/example_dags/example_latest_only.py
[2024-07-25T23:30:54.247+0000] {logging_mixin.py:188} INFO - [2024-07-25T23:30:54.247+0000] {dag.py:3089} INFO - Sync 1 DAGs
[2024-07-25T23:30:54.262+0000] {logging_mixin.py:188} INFO - [2024-07-25T23:30:54.261+0000] {dag.py:3947} INFO - Setting next_dagrun for latest_only to 2024-07-25 16:00:00+00:00, run_after=2024-07-25 20:00:00+00:00
[2024-07-25T23:30:54.276+0000] {processor.py:183} INFO - Processing /home/airflow/.local/lib/python3.12/site-packages/airflow/example_dags/example_latest_only.py took 0.053 seconds
[2024-07-25T23:31:24.437+0000] {processor.py:161} INFO - Started process (PID=504) to work on /home/airflow/.local/lib/python3.12/site-packages/airflow/example_dags/example_latest_only.py
[2024-07-25T23:31:24.438+0000] {processor.py:830} INFO - Processing file /home/airflow/.local/lib/python3.12/site-packages/airflow/example_dags/example_latest_only.py for tasks to queue
[2024-07-25T23:31:24.439+0000] {logging_mixin.py:188} INFO - [2024-07-25T23:31:24.439+0000] {dagbag.py:545} INFO - Filling up the DagBag from /home/airflow/.local/lib/python3.12/site-packages/airflow/example_dags/example_latest_only.py
[2024-07-25T23:31:24.444+0000] {processor.py:840} INFO - DAG(s) 'latest_only' retrieved from /home/airflow/.local/lib/python3.12/site-packages/airflow/example_dags/example_latest_only.py
[2024-07-25T23:31:24.464+0000] {logging_mixin.py:188} INFO - [2024-07-25T23:31:24.463+0000] {dag.py:3089} INFO - Sync 1 DAGs
[2024-07-25T23:31:24.484+0000] {logging_mixin.py:188} INFO - [2024-07-25T23:31:24.484+0000] {dag.py:3947} INFO - Setting next_dagrun for latest_only to 2024-07-25 16:00:00+00:00, run_after=2024-07-25 20:00:00+00:00
[2024-07-25T23:31:24.509+0000] {processor.py:183} INFO - Processing /home/airflow/.local/lib/python3.12/site-packages/airflow/example_dags/example_latest_only.py took 0.076 seconds
[2024-07-25T23:31:55.016+0000] {processor.py:161} INFO - Started process (PID=564) to work on /home/airflow/.local/lib/python3.12/site-packages/airflow/example_dags/example_latest_only.py
[2024-07-25T23:31:55.018+0000] {processor.py:830} INFO - Processing file /home/airflow/.local/lib/python3.12/site-packages/airflow/example_dags/example_latest_only.py for tasks to queue
[2024-07-25T23:31:55.023+0000] {logging_mixin.py:188} INFO - [2024-07-25T23:31:55.022+0000] {dagbag.py:545} INFO - Filling up the DagBag from /home/airflow/.local/lib/python3.12/site-packages/airflow/example_dags/example_latest_only.py
[2024-07-25T23:31:55.030+0000] {processor.py:840} INFO - DAG(s) 'latest_only' retrieved from /home/airflow/.local/lib/python3.12/site-packages/airflow/example_dags/example_latest_only.py
[2024-07-25T23:31:55.046+0000] {logging_mixin.py:188} INFO - [2024-07-25T23:31:55.046+0000] {dag.py:3089} INFO - Sync 1 DAGs
[2024-07-25T23:31:55.062+0000] {logging_mixin.py:188} INFO - [2024-07-25T23:31:55.062+0000] {dag.py:3947} INFO - Setting next_dagrun for latest_only to 2024-07-25 16:00:00+00:00, run_after=2024-07-25 20:00:00+00:00
[2024-07-25T23:31:55.074+0000] {processor.py:183} INFO - Processing /home/airflow/.local/lib/python3.12/site-packages/airflow/example_dags/example_latest_only.py took 0.062 seconds
[2024-07-25T23:32:25.715+0000] {processor.py:161} INFO - Started process (PID=624) to work on /home/airflow/.local/lib/python3.12/site-packages/airflow/example_dags/example_latest_only.py
[2024-07-25T23:32:25.716+0000] {processor.py:830} INFO - Processing file /home/airflow/.local/lib/python3.12/site-packages/airflow/example_dags/example_latest_only.py for tasks to queue
[2024-07-25T23:32:25.718+0000] {logging_mixin.py:188} INFO - [2024-07-25T23:32:25.717+0000] {dagbag.py:545} INFO - Filling up the DagBag from /home/airflow/.local/lib/python3.12/site-packages/airflow/example_dags/example_latest_only.py
[2024-07-25T23:32:25.721+0000] {processor.py:840} INFO - DAG(s) 'latest_only' retrieved from /home/airflow/.local/lib/python3.12/site-packages/airflow/example_dags/example_latest_only.py
[2024-07-25T23:32:25.735+0000] {logging_mixin.py:188} INFO - [2024-07-25T23:32:25.734+0000] {dag.py:3089} INFO - Sync 1 DAGs
[2024-07-25T23:32:25.749+0000] {logging_mixin.py:188} INFO - [2024-07-25T23:32:25.748+0000] {dag.py:3947} INFO - Setting next_dagrun for latest_only to 2024-07-25 16:00:00+00:00, run_after=2024-07-25 20:00:00+00:00
[2024-07-25T23:32:25.760+0000] {processor.py:183} INFO - Processing /home/airflow/.local/lib/python3.12/site-packages/airflow/example_dags/example_latest_only.py took 0.048 seconds
[2024-07-25T23:32:56.722+0000] {processor.py:161} INFO - Started process (PID=684) to work on /home/airflow/.local/lib/python3.12/site-packages/airflow/example_dags/example_latest_only.py
[2024-07-25T23:32:56.729+0000] {processor.py:830} INFO - Processing file /home/airflow/.local/lib/python3.12/site-packages/airflow/example_dags/example_latest_only.py for tasks to queue
[2024-07-25T23:32:56.731+0000] {logging_mixin.py:188} INFO - [2024-07-25T23:32:56.731+0000] {dagbag.py:545} INFO - Filling up the DagBag from /home/airflow/.local/lib/python3.12/site-packages/airflow/example_dags/example_latest_only.py
[2024-07-25T23:32:56.737+0000] {processor.py:840} INFO - DAG(s) 'latest_only' retrieved from /home/airflow/.local/lib/python3.12/site-packages/airflow/example_dags/example_latest_only.py
[2024-07-25T23:32:56.779+0000] {logging_mixin.py:188} INFO - [2024-07-25T23:32:56.779+0000] {dag.py:3089} INFO - Sync 1 DAGs
[2024-07-25T23:32:56.816+0000] {logging_mixin.py:188} INFO - [2024-07-25T23:32:56.812+0000] {dag.py:3947} INFO - Setting next_dagrun for latest_only to 2024-07-25 16:00:00+00:00, run_after=2024-07-25 20:00:00+00:00
[2024-07-25T23:32:56.845+0000] {processor.py:183} INFO - Processing /home/airflow/.local/lib/python3.12/site-packages/airflow/example_dags/example_latest_only.py took 0.128 seconds
[2024-07-25T23:33:26.970+0000] {processor.py:161} INFO - Started process (PID=744) to work on /home/airflow/.local/lib/python3.12/site-packages/airflow/example_dags/example_latest_only.py
[2024-07-25T23:33:26.972+0000] {processor.py:830} INFO - Processing file /home/airflow/.local/lib/python3.12/site-packages/airflow/example_dags/example_latest_only.py for tasks to queue
[2024-07-25T23:33:26.974+0000] {logging_mixin.py:188} INFO - [2024-07-25T23:33:26.974+0000] {dagbag.py:545} INFO - Filling up the DagBag from /home/airflow/.local/lib/python3.12/site-packages/airflow/example_dags/example_latest_only.py
[2024-07-25T23:33:26.980+0000] {processor.py:840} INFO - DAG(s) 'latest_only' retrieved from /home/airflow/.local/lib/python3.12/site-packages/airflow/example_dags/example_latest_only.py
[2024-07-25T23:33:27.000+0000] {logging_mixin.py:188} INFO - [2024-07-25T23:33:27.000+0000] {dag.py:3089} INFO - Sync 1 DAGs
[2024-07-25T23:33:27.020+0000] {logging_mixin.py:188} INFO - [2024-07-25T23:33:27.020+0000] {dag.py:3947} INFO - Setting next_dagrun for latest_only to 2024-07-25 16:00:00+00:00, run_after=2024-07-25 20:00:00+00:00
[2024-07-25T23:33:27.039+0000] {processor.py:183} INFO - Processing /home/airflow/.local/lib/python3.12/site-packages/airflow/example_dags/example_latest_only.py took 0.077 seconds
[2024-07-25T23:33:57.228+0000] {processor.py:161} INFO - Started process (PID=804) to work on /home/airflow/.local/lib/python3.12/site-packages/airflow/example_dags/example_latest_only.py
[2024-07-25T23:33:57.229+0000] {processor.py:830} INFO - Processing file /home/airflow/.local/lib/python3.12/site-packages/airflow/example_dags/example_latest_only.py for tasks to queue
[2024-07-25T23:33:57.233+0000] {logging_mixin.py:188} INFO - [2024-07-25T23:33:57.233+0000] {dagbag.py:545} INFO - Filling up the DagBag from /home/airflow/.local/lib/python3.12/site-packages/airflow/example_dags/example_latest_only.py
[2024-07-25T23:33:57.237+0000] {processor.py:840} INFO - DAG(s) 'latest_only' retrieved from /home/airflow/.local/lib/python3.12/site-packages/airflow/example_dags/example_latest_only.py
[2024-07-25T23:33:57.251+0000] {logging_mixin.py:188} INFO - [2024-07-25T23:33:57.250+0000] {dag.py:3089} INFO - Sync 1 DAGs
[2024-07-25T23:33:57.265+0000] {logging_mixin.py:188} INFO - [2024-07-25T23:33:57.265+0000] {dag.py:3947} INFO - Setting next_dagrun for latest_only to 2024-07-25 16:00:00+00:00, run_after=2024-07-25 20:00:00+00:00
[2024-07-25T23:33:57.277+0000] {processor.py:183} INFO - Processing /home/airflow/.local/lib/python3.12/site-packages/airflow/example_dags/example_latest_only.py took 0.053 seconds
[2024-07-25T23:34:27.724+0000] {processor.py:161} INFO - Started process (PID=864) to work on /home/airflow/.local/lib/python3.12/site-packages/airflow/example_dags/example_latest_only.py
[2024-07-25T23:34:27.726+0000] {processor.py:830} INFO - Processing file /home/airflow/.local/lib/python3.12/site-packages/airflow/example_dags/example_latest_only.py for tasks to queue
[2024-07-25T23:34:27.732+0000] {logging_mixin.py:188} INFO - [2024-07-25T23:34:27.732+0000] {dagbag.py:545} INFO - Filling up the DagBag from /home/airflow/.local/lib/python3.12/site-packages/airflow/example_dags/example_latest_only.py
[2024-07-25T23:34:27.736+0000] {processor.py:840} INFO - DAG(s) 'latest_only' retrieved from /home/airflow/.local/lib/python3.12/site-packages/airflow/example_dags/example_latest_only.py
[2024-07-25T23:34:27.757+0000] {logging_mixin.py:188} INFO - [2024-07-25T23:34:27.757+0000] {dag.py:3089} INFO - Sync 1 DAGs
[2024-07-25T23:34:27.773+0000] {logging_mixin.py:188} INFO - [2024-07-25T23:34:27.773+0000] {dag.py:3947} INFO - Setting next_dagrun for latest_only to 2024-07-25 16:00:00+00:00, run_after=2024-07-25 20:00:00+00:00
[2024-07-25T23:34:27.786+0000] {processor.py:183} INFO - Processing /home/airflow/.local/lib/python3.12/site-packages/airflow/example_dags/example_latest_only.py took 0.066 seconds
[2024-07-25T23:34:58.081+0000] {processor.py:161} INFO - Started process (PID=919) to work on /home/airflow/.local/lib/python3.12/site-packages/airflow/example_dags/example_latest_only.py
[2024-07-25T23:34:58.082+0000] {processor.py:830} INFO - Processing file /home/airflow/.local/lib/python3.12/site-packages/airflow/example_dags/example_latest_only.py for tasks to queue
[2024-07-25T23:34:58.083+0000] {logging_mixin.py:188} INFO - [2024-07-25T23:34:58.083+0000] {dagbag.py:545} INFO - Filling up the DagBag from /home/airflow/.local/lib/python3.12/site-packages/airflow/example_dags/example_latest_only.py
[2024-07-25T23:34:58.087+0000] {processor.py:840} INFO - DAG(s) 'latest_only' retrieved from /home/airflow/.local/lib/python3.12/site-packages/airflow/example_dags/example_latest_only.py
[2024-07-25T23:34:58.106+0000] {logging_mixin.py:188} INFO - [2024-07-25T23:34:58.106+0000] {dag.py:3089} INFO - Sync 1 DAGs
[2024-07-25T23:34:58.126+0000] {logging_mixin.py:188} INFO - [2024-07-25T23:34:58.126+0000] {dag.py:3947} INFO - Setting next_dagrun for latest_only to 2024-07-25 16:00:00+00:00, run_after=2024-07-25 20:00:00+00:00
[2024-07-25T23:34:58.158+0000] {processor.py:183} INFO - Processing /home/airflow/.local/lib/python3.12/site-packages/airflow/example_dags/example_latest_only.py took 0.082 seconds
[2024-07-25T23:35:28.828+0000] {processor.py:161} INFO - Started process (PID=979) to work on /home/airflow/.local/lib/python3.12/site-packages/airflow/example_dags/example_latest_only.py
[2024-07-25T23:35:28.830+0000] {processor.py:830} INFO - Processing file /home/airflow/.local/lib/python3.12/site-packages/airflow/example_dags/example_latest_only.py for tasks to queue
[2024-07-25T23:35:28.832+0000] {logging_mixin.py:188} INFO - [2024-07-25T23:35:28.832+0000] {dagbag.py:545} INFO - Filling up the DagBag from /home/airflow/.local/lib/python3.12/site-packages/airflow/example_dags/example_latest_only.py
[2024-07-25T23:35:28.835+0000] {processor.py:840} INFO - DAG(s) 'latest_only' retrieved from /home/airflow/.local/lib/python3.12/site-packages/airflow/example_dags/example_latest_only.py
[2024-07-25T23:35:28.856+0000] {logging_mixin.py:188} INFO - [2024-07-25T23:35:28.856+0000] {dag.py:3089} INFO - Sync 1 DAGs
[2024-07-25T23:35:28.879+0000] {logging_mixin.py:188} INFO - [2024-07-25T23:35:28.878+0000] {dag.py:3947} INFO - Setting next_dagrun for latest_only to 2024-07-25 16:00:00+00:00, run_after=2024-07-25 20:00:00+00:00
[2024-07-25T23:35:28.892+0000] {processor.py:183} INFO - Processing /home/airflow/.local/lib/python3.12/site-packages/airflow/example_dags/example_latest_only.py took 0.068 seconds
[2024-07-25T23:35:59.278+0000] {processor.py:161} INFO - Started process (PID=1039) to work on /home/airflow/.local/lib/python3.12/site-packages/airflow/example_dags/example_latest_only.py
[2024-07-25T23:35:59.279+0000] {processor.py:830} INFO - Processing file /home/airflow/.local/lib/python3.12/site-packages/airflow/example_dags/example_latest_only.py for tasks to queue
[2024-07-25T23:35:59.280+0000] {logging_mixin.py:188} INFO - [2024-07-25T23:35:59.280+0000] {dagbag.py:545} INFO - Filling up the DagBag from /home/airflow/.local/lib/python3.12/site-packages/airflow/example_dags/example_latest_only.py
[2024-07-25T23:35:59.288+0000] {processor.py:840} INFO - DAG(s) 'latest_only' retrieved from /home/airflow/.local/lib/python3.12/site-packages/airflow/example_dags/example_latest_only.py
[2024-07-25T23:35:59.313+0000] {logging_mixin.py:188} INFO - [2024-07-25T23:35:59.312+0000] {dag.py:3089} INFO - Sync 1 DAGs
[2024-07-25T23:35:59.334+0000] {logging_mixin.py:188} INFO - [2024-07-25T23:35:59.334+0000] {dag.py:3947} INFO - Setting next_dagrun for latest_only to 2024-07-25 16:00:00+00:00, run_after=2024-07-25 20:00:00+00:00
[2024-07-25T23:35:59.349+0000] {processor.py:183} INFO - Processing /home/airflow/.local/lib/python3.12/site-packages/airflow/example_dags/example_latest_only.py took 0.076 seconds
[2024-07-25T23:36:31.130+0000] {processor.py:161} INFO - Started process (PID=1099) to work on /home/airflow/.local/lib/python3.12/site-packages/airflow/example_dags/example_latest_only.py
[2024-07-25T23:36:31.136+0000] {processor.py:830} INFO - Processing file /home/airflow/.local/lib/python3.12/site-packages/airflow/example_dags/example_latest_only.py for tasks to queue
[2024-07-25T23:36:31.138+0000] {logging_mixin.py:188} INFO - [2024-07-25T23:36:31.138+0000] {dagbag.py:545} INFO - Filling up the DagBag from /home/airflow/.local/lib/python3.12/site-packages/airflow/example_dags/example_latest_only.py
[2024-07-25T23:36:31.142+0000] {processor.py:840} INFO - DAG(s) 'latest_only' retrieved from /home/airflow/.local/lib/python3.12/site-packages/airflow/example_dags/example_latest_only.py
[2024-07-25T23:36:31.162+0000] {logging_mixin.py:188} INFO - [2024-07-25T23:36:31.162+0000] {dag.py:3089} INFO - Sync 1 DAGs
[2024-07-25T23:36:31.180+0000] {logging_mixin.py:188} INFO - [2024-07-25T23:36:31.180+0000] {dag.py:3947} INFO - Setting next_dagrun for latest_only to 2024-07-25 16:00:00+00:00, run_after=2024-07-25 20:00:00+00:00
[2024-07-25T23:36:31.202+0000] {processor.py:183} INFO - Processing /home/airflow/.local/lib/python3.12/site-packages/airflow/example_dags/example_latest_only.py took 0.076 seconds
[2024-07-25T23:37:02.363+0000] {processor.py:161} INFO - Started process (PID=1158) to work on /home/airflow/.local/lib/python3.12/site-packages/airflow/example_dags/example_latest_only.py
[2024-07-25T23:37:02.368+0000] {processor.py:830} INFO - Processing file /home/airflow/.local/lib/python3.12/site-packages/airflow/example_dags/example_latest_only.py for tasks to queue
[2024-07-25T23:37:02.371+0000] {logging_mixin.py:188} INFO - [2024-07-25T23:37:02.371+0000] {dagbag.py:545} INFO - Filling up the DagBag from /home/airflow/.local/lib/python3.12/site-packages/airflow/example_dags/example_latest_only.py
[2024-07-25T23:37:02.375+0000] {processor.py:840} INFO - DAG(s) 'latest_only' retrieved from /home/airflow/.local/lib/python3.12/site-packages/airflow/example_dags/example_latest_only.py
[2024-07-25T23:37:02.398+0000] {logging_mixin.py:188} INFO - [2024-07-25T23:37:02.397+0000] {dag.py:3089} INFO - Sync 1 DAGs
[2024-07-25T23:37:02.414+0000] {logging_mixin.py:188} INFO - [2024-07-25T23:37:02.414+0000] {dag.py:3947} INFO - Setting next_dagrun for latest_only to 2024-07-25 16:00:00+00:00, run_after=2024-07-25 20:00:00+00:00
[2024-07-25T23:37:02.426+0000] {processor.py:183} INFO - Processing /home/airflow/.local/lib/python3.12/site-packages/airflow/example_dags/example_latest_only.py took 0.069 seconds
[2024-07-25T23:37:33.446+0000] {processor.py:161} INFO - Started process (PID=1218) to work on /home/airflow/.local/lib/python3.12/site-packages/airflow/example_dags/example_latest_only.py
[2024-07-25T23:37:33.447+0000] {processor.py:830} INFO - Processing file /home/airflow/.local/lib/python3.12/site-packages/airflow/example_dags/example_latest_only.py for tasks to queue
[2024-07-25T23:37:33.448+0000] {logging_mixin.py:188} INFO - [2024-07-25T23:37:33.448+0000] {dagbag.py:545} INFO - Filling up the DagBag from /home/airflow/.local/lib/python3.12/site-packages/airflow/example_dags/example_latest_only.py
[2024-07-25T23:37:33.453+0000] {processor.py:840} INFO - DAG(s) 'latest_only' retrieved from /home/airflow/.local/lib/python3.12/site-packages/airflow/example_dags/example_latest_only.py
[2024-07-25T23:37:33.476+0000] {logging_mixin.py:188} INFO - [2024-07-25T23:37:33.476+0000] {dag.py:3089} INFO - Sync 1 DAGs
[2024-07-25T23:37:33.496+0000] {logging_mixin.py:188} INFO - [2024-07-25T23:37:33.496+0000] {dag.py:3947} INFO - Setting next_dagrun for latest_only to 2024-07-25 16:00:00+00:00, run_after=2024-07-25 20:00:00+00:00
[2024-07-25T23:37:33.512+0000] {processor.py:183} INFO - Processing /home/airflow/.local/lib/python3.12/site-packages/airflow/example_dags/example_latest_only.py took 0.071 seconds
[2024-07-25T23:38:04.239+0000] {processor.py:161} INFO - Started process (PID=1278) to work on /home/airflow/.local/lib/python3.12/site-packages/airflow/example_dags/example_latest_only.py
[2024-07-25T23:38:04.241+0000] {processor.py:830} INFO - Processing file /home/airflow/.local/lib/python3.12/site-packages/airflow/example_dags/example_latest_only.py for tasks to queue
[2024-07-25T23:38:04.244+0000] {logging_mixin.py:188} INFO - [2024-07-25T23:38:04.244+0000] {dagbag.py:545} INFO - Filling up the DagBag from /home/airflow/.local/lib/python3.12/site-packages/airflow/example_dags/example_latest_only.py
[2024-07-25T23:38:04.249+0000] {processor.py:840} INFO - DAG(s) 'latest_only' retrieved from /home/airflow/.local/lib/python3.12/site-packages/airflow/example_dags/example_latest_only.py
[2024-07-25T23:38:04.267+0000] {logging_mixin.py:188} INFO - [2024-07-25T23:38:04.267+0000] {dag.py:3089} INFO - Sync 1 DAGs
[2024-07-25T23:38:04.288+0000] {logging_mixin.py:188} INFO - [2024-07-25T23:38:04.288+0000] {dag.py:3947} INFO - Setting next_dagrun for latest_only to 2024-07-25 16:00:00+00:00, run_after=2024-07-25 20:00:00+00:00
[2024-07-25T23:38:04.306+0000] {processor.py:183} INFO - Processing /home/airflow/.local/lib/python3.12/site-packages/airflow/example_dags/example_latest_only.py took 0.071 seconds
[2024-07-25T23:38:35.562+0000] {processor.py:161} INFO - Started process (PID=1344) to work on /home/airflow/.local/lib/python3.12/site-packages/airflow/example_dags/example_latest_only.py
[2024-07-25T23:38:35.564+0000] {processor.py:830} INFO - Processing file /home/airflow/.local/lib/python3.12/site-packages/airflow/example_dags/example_latest_only.py for tasks to queue
[2024-07-25T23:38:35.565+0000] {logging_mixin.py:188} INFO - [2024-07-25T23:38:35.565+0000] {dagbag.py:545} INFO - Filling up the DagBag from /home/airflow/.local/lib/python3.12/site-packages/airflow/example_dags/example_latest_only.py
[2024-07-25T23:38:35.570+0000] {processor.py:840} INFO - DAG(s) 'latest_only' retrieved from /home/airflow/.local/lib/python3.12/site-packages/airflow/example_dags/example_latest_only.py
[2024-07-25T23:38:35.587+0000] {logging_mixin.py:188} INFO - [2024-07-25T23:38:35.587+0000] {dag.py:3089} INFO - Sync 1 DAGs
[2024-07-25T23:38:35.608+0000] {logging_mixin.py:188} INFO - [2024-07-25T23:38:35.608+0000] {dag.py:3947} INFO - Setting next_dagrun for latest_only to 2024-07-25 16:00:00+00:00, run_after=2024-07-25 20:00:00+00:00
[2024-07-25T23:38:35.630+0000] {processor.py:183} INFO - Processing /home/airflow/.local/lib/python3.12/site-packages/airflow/example_dags/example_latest_only.py took 0.072 seconds
[2024-07-25T23:39:06.090+0000] {processor.py:161} INFO - Started process (PID=1404) to work on /home/airflow/.local/lib/python3.12/site-packages/airflow/example_dags/example_latest_only.py
[2024-07-25T23:39:06.091+0000] {processor.py:830} INFO - Processing file /home/airflow/.local/lib/python3.12/site-packages/airflow/example_dags/example_latest_only.py for tasks to queue
[2024-07-25T23:39:06.092+0000] {logging_mixin.py:188} INFO - [2024-07-25T23:39:06.092+0000] {dagbag.py:545} INFO - Filling up the DagBag from /home/airflow/.local/lib/python3.12/site-packages/airflow/example_dags/example_latest_only.py
[2024-07-25T23:39:06.096+0000] {processor.py:840} INFO - DAG(s) 'latest_only' retrieved from /home/airflow/.local/lib/python3.12/site-packages/airflow/example_dags/example_latest_only.py
[2024-07-25T23:39:06.111+0000] {logging_mixin.py:188} INFO - [2024-07-25T23:39:06.111+0000] {dag.py:3089} INFO - Sync 1 DAGs
[2024-07-25T23:39:06.127+0000] {logging_mixin.py:188} INFO - [2024-07-25T23:39:06.127+0000] {dag.py:3947} INFO - Setting next_dagrun for latest_only to 2024-07-25 16:00:00+00:00, run_after=2024-07-25 20:00:00+00:00
[2024-07-25T23:39:06.143+0000] {processor.py:183} INFO - Processing /home/airflow/.local/lib/python3.12/site-packages/airflow/example_dags/example_latest_only.py took 0.057 seconds
[2024-07-25T23:39:36.916+0000] {processor.py:161} INFO - Started process (PID=1464) to work on /home/airflow/.local/lib/python3.12/site-packages/airflow/example_dags/example_latest_only.py
[2024-07-25T23:39:36.917+0000] {processor.py:830} INFO - Processing file /home/airflow/.local/lib/python3.12/site-packages/airflow/example_dags/example_latest_only.py for tasks to queue
[2024-07-25T23:39:36.918+0000] {logging_mixin.py:188} INFO - [2024-07-25T23:39:36.918+0000] {dagbag.py:545} INFO - Filling up the DagBag from /home/airflow/.local/lib/python3.12/site-packages/airflow/example_dags/example_latest_only.py
[2024-07-25T23:39:36.923+0000] {processor.py:840} INFO - DAG(s) 'latest_only' retrieved from /home/airflow/.local/lib/python3.12/site-packages/airflow/example_dags/example_latest_only.py
[2024-07-25T23:39:36.944+0000] {logging_mixin.py:188} INFO - [2024-07-25T23:39:36.944+0000] {dag.py:3089} INFO - Sync 1 DAGs
[2024-07-25T23:39:36.966+0000] {logging_mixin.py:188} INFO - [2024-07-25T23:39:36.966+0000] {dag.py:3947} INFO - Setting next_dagrun for latest_only to 2024-07-25 16:00:00+00:00, run_after=2024-07-25 20:00:00+00:00
[2024-07-25T23:39:36.992+0000] {processor.py:183} INFO - Processing /home/airflow/.local/lib/python3.12/site-packages/airflow/example_dags/example_latest_only.py took 0.082 seconds
[2024-07-25T23:40:07.543+0000] {processor.py:161} INFO - Started process (PID=1524) to work on /home/airflow/.local/lib/python3.12/site-packages/airflow/example_dags/example_latest_only.py
[2024-07-25T23:40:07.545+0000] {processor.py:830} INFO - Processing file /home/airflow/.local/lib/python3.12/site-packages/airflow/example_dags/example_latest_only.py for tasks to queue
[2024-07-25T23:40:07.547+0000] {logging_mixin.py:188} INFO - [2024-07-25T23:40:07.546+0000] {dagbag.py:545} INFO - Filling up the DagBag from /home/airflow/.local/lib/python3.12/site-packages/airflow/example_dags/example_latest_only.py
[2024-07-25T23:40:07.558+0000] {processor.py:840} INFO - DAG(s) 'latest_only' retrieved from /home/airflow/.local/lib/python3.12/site-packages/airflow/example_dags/example_latest_only.py
[2024-07-25T23:40:07.621+0000] {logging_mixin.py:188} INFO - [2024-07-25T23:40:07.621+0000] {dag.py:3089} INFO - Sync 1 DAGs
[2024-07-25T23:40:07.664+0000] {logging_mixin.py:188} INFO - [2024-07-25T23:40:07.663+0000] {dag.py:3947} INFO - Setting next_dagrun for latest_only to 2024-07-25 16:00:00+00:00, run_after=2024-07-25 20:00:00+00:00
[2024-07-25T23:40:07.718+0000] {processor.py:183} INFO - Processing /home/airflow/.local/lib/python3.12/site-packages/airflow/example_dags/example_latest_only.py took 0.181 seconds
[2024-07-25T23:40:40.412+0000] {processor.py:161} INFO - Started process (PID=1584) to work on /home/airflow/.local/lib/python3.12/site-packages/airflow/example_dags/example_latest_only.py
[2024-07-25T23:40:40.423+0000] {processor.py:830} INFO - Processing file /home/airflow/.local/lib/python3.12/site-packages/airflow/example_dags/example_latest_only.py for tasks to queue
[2024-07-25T23:40:40.448+0000] {logging_mixin.py:188} INFO - [2024-07-25T23:40:40.445+0000] {dagbag.py:545} INFO - Filling up the DagBag from /home/airflow/.local/lib/python3.12/site-packages/airflow/example_dags/example_latest_only.py
[2024-07-25T23:40:40.472+0000] {processor.py:840} INFO - DAG(s) 'latest_only' retrieved from /home/airflow/.local/lib/python3.12/site-packages/airflow/example_dags/example_latest_only.py
[2024-07-25T23:40:40.752+0000] {logging_mixin.py:188} INFO - [2024-07-25T23:40:40.744+0000] {dag.py:3089} INFO - Sync 1 DAGs
[2024-07-25T23:40:41.423+0000] {logging_mixin.py:188} INFO - [2024-07-25T23:40:41.414+0000] {dag.py:3947} INFO - Setting next_dagrun for latest_only to 2024-07-25 16:00:00+00:00, run_after=2024-07-25 20:00:00+00:00
[2024-07-25T23:40:41.681+0000] {processor.py:183} INFO - Processing /home/airflow/.local/lib/python3.12/site-packages/airflow/example_dags/example_latest_only.py took 1.295 seconds
[2024-07-25T23:41:12.463+0000] {processor.py:161} INFO - Started process (PID=1642) to work on /home/airflow/.local/lib/python3.12/site-packages/airflow/example_dags/example_latest_only.py
[2024-07-25T23:41:12.464+0000] {processor.py:830} INFO - Processing file /home/airflow/.local/lib/python3.12/site-packages/airflow/example_dags/example_latest_only.py for tasks to queue
[2024-07-25T23:41:12.467+0000] {logging_mixin.py:188} INFO - [2024-07-25T23:41:12.467+0000] {dagbag.py:545} INFO - Filling up the DagBag from /home/airflow/.local/lib/python3.12/site-packages/airflow/example_dags/example_latest_only.py
[2024-07-25T23:41:12.473+0000] {processor.py:840} INFO - DAG(s) 'latest_only' retrieved from /home/airflow/.local/lib/python3.12/site-packages/airflow/example_dags/example_latest_only.py
[2024-07-25T23:41:12.500+0000] {logging_mixin.py:188} INFO - [2024-07-25T23:41:12.500+0000] {dag.py:3089} INFO - Sync 1 DAGs
[2024-07-25T23:41:12.531+0000] {logging_mixin.py:188} INFO - [2024-07-25T23:41:12.531+0000] {dag.py:3947} INFO - Setting next_dagrun for latest_only to 2024-07-25 16:00:00+00:00, run_after=2024-07-25 20:00:00+00:00
[2024-07-25T23:41:12.549+0000] {processor.py:183} INFO - Processing /home/airflow/.local/lib/python3.12/site-packages/airflow/example_dags/example_latest_only.py took 0.093 seconds
[2024-07-25T23:41:43.394+0000] {processor.py:161} INFO - Started process (PID=1702) to work on /home/airflow/.local/lib/python3.12/site-packages/airflow/example_dags/example_latest_only.py
[2024-07-25T23:41:43.397+0000] {processor.py:830} INFO - Processing file /home/airflow/.local/lib/python3.12/site-packages/airflow/example_dags/example_latest_only.py for tasks to queue
[2024-07-25T23:41:43.401+0000] {logging_mixin.py:188} INFO - [2024-07-25T23:41:43.401+0000] {dagbag.py:545} INFO - Filling up the DagBag from /home/airflow/.local/lib/python3.12/site-packages/airflow/example_dags/example_latest_only.py
[2024-07-25T23:41:43.409+0000] {processor.py:840} INFO - DAG(s) 'latest_only' retrieved from /home/airflow/.local/lib/python3.12/site-packages/airflow/example_dags/example_latest_only.py
[2024-07-25T23:41:43.431+0000] {logging_mixin.py:188} INFO - [2024-07-25T23:41:43.431+0000] {dag.py:3089} INFO - Sync 1 DAGs
[2024-07-25T23:41:43.452+0000] {logging_mixin.py:188} INFO - [2024-07-25T23:41:43.452+0000] {dag.py:3947} INFO - Setting next_dagrun for latest_only to 2024-07-25 16:00:00+00:00, run_after=2024-07-25 20:00:00+00:00
[2024-07-25T23:41:43.468+0000] {processor.py:183} INFO - Processing /home/airflow/.local/lib/python3.12/site-packages/airflow/example_dags/example_latest_only.py took 0.085 seconds
[2024-07-25T23:42:14.258+0000] {processor.py:161} INFO - Started process (PID=1762) to work on /home/airflow/.local/lib/python3.12/site-packages/airflow/example_dags/example_latest_only.py
[2024-07-25T23:42:14.259+0000] {processor.py:830} INFO - Processing file /home/airflow/.local/lib/python3.12/site-packages/airflow/example_dags/example_latest_only.py for tasks to queue
[2024-07-25T23:42:14.261+0000] {logging_mixin.py:188} INFO - [2024-07-25T23:42:14.261+0000] {dagbag.py:545} INFO - Filling up the DagBag from /home/airflow/.local/lib/python3.12/site-packages/airflow/example_dags/example_latest_only.py
[2024-07-25T23:42:14.266+0000] {processor.py:840} INFO - DAG(s) 'latest_only' retrieved from /home/airflow/.local/lib/python3.12/site-packages/airflow/example_dags/example_latest_only.py
[2024-07-25T23:42:14.285+0000] {logging_mixin.py:188} INFO - [2024-07-25T23:42:14.285+0000] {dag.py:3089} INFO - Sync 1 DAGs
[2024-07-25T23:42:14.301+0000] {logging_mixin.py:188} INFO - [2024-07-25T23:42:14.300+0000] {dag.py:3947} INFO - Setting next_dagrun for latest_only to 2024-07-25 16:00:00+00:00, run_after=2024-07-25 20:00:00+00:00
[2024-07-25T23:42:14.312+0000] {processor.py:183} INFO - Processing /home/airflow/.local/lib/python3.12/site-packages/airflow/example_dags/example_latest_only.py took 0.060 seconds
[2024-07-25T23:42:45.229+0000] {processor.py:161} INFO - Started process (PID=1822) to work on /home/airflow/.local/lib/python3.12/site-packages/airflow/example_dags/example_latest_only.py
[2024-07-25T23:42:45.231+0000] {processor.py:830} INFO - Processing file /home/airflow/.local/lib/python3.12/site-packages/airflow/example_dags/example_latest_only.py for tasks to queue
[2024-07-25T23:42:45.233+0000] {logging_mixin.py:188} INFO - [2024-07-25T23:42:45.232+0000] {dagbag.py:545} INFO - Filling up the DagBag from /home/airflow/.local/lib/python3.12/site-packages/airflow/example_dags/example_latest_only.py
[2024-07-25T23:42:45.238+0000] {processor.py:840} INFO - DAG(s) 'latest_only' retrieved from /home/airflow/.local/lib/python3.12/site-packages/airflow/example_dags/example_latest_only.py
[2024-07-25T23:42:45.255+0000] {logging_mixin.py:188} INFO - [2024-07-25T23:42:45.255+0000] {dag.py:3089} INFO - Sync 1 DAGs
[2024-07-25T23:42:45.270+0000] {logging_mixin.py:188} INFO - [2024-07-25T23:42:45.270+0000] {dag.py:3947} INFO - Setting next_dagrun for latest_only to 2024-07-25 16:00:00+00:00, run_after=2024-07-25 20:00:00+00:00
[2024-07-25T23:42:45.281+0000] {processor.py:183} INFO - Processing /home/airflow/.local/lib/python3.12/site-packages/airflow/example_dags/example_latest_only.py took 0.058 seconds
[2024-07-25T23:43:15.761+0000] {processor.py:161} INFO - Started process (PID=1882) to work on /home/airflow/.local/lib/python3.12/site-packages/airflow/example_dags/example_latest_only.py
[2024-07-25T23:43:15.762+0000] {processor.py:830} INFO - Processing file /home/airflow/.local/lib/python3.12/site-packages/airflow/example_dags/example_latest_only.py for tasks to queue
[2024-07-25T23:43:15.765+0000] {logging_mixin.py:188} INFO - [2024-07-25T23:43:15.764+0000] {dagbag.py:545} INFO - Filling up the DagBag from /home/airflow/.local/lib/python3.12/site-packages/airflow/example_dags/example_latest_only.py
[2024-07-25T23:43:15.772+0000] {processor.py:840} INFO - DAG(s) 'latest_only' retrieved from /home/airflow/.local/lib/python3.12/site-packages/airflow/example_dags/example_latest_only.py
[2024-07-25T23:43:15.791+0000] {logging_mixin.py:188} INFO - [2024-07-25T23:43:15.791+0000] {dag.py:3089} INFO - Sync 1 DAGs
[2024-07-25T23:43:15.810+0000] {logging_mixin.py:188} INFO - [2024-07-25T23:43:15.810+0000] {dag.py:3947} INFO - Setting next_dagrun for latest_only to 2024-07-25 16:00:00+00:00, run_after=2024-07-25 20:00:00+00:00
[2024-07-25T23:43:15.822+0000] {processor.py:183} INFO - Processing /home/airflow/.local/lib/python3.12/site-packages/airflow/example_dags/example_latest_only.py took 0.069 seconds
[2024-07-25T23:43:46.416+0000] {processor.py:161} INFO - Started process (PID=1942) to work on /home/airflow/.local/lib/python3.12/site-packages/airflow/example_dags/example_latest_only.py
[2024-07-25T23:43:46.418+0000] {processor.py:830} INFO - Processing file /home/airflow/.local/lib/python3.12/site-packages/airflow/example_dags/example_latest_only.py for tasks to queue
[2024-07-25T23:43:46.420+0000] {logging_mixin.py:188} INFO - [2024-07-25T23:43:46.419+0000] {dagbag.py:545} INFO - Filling up the DagBag from /home/airflow/.local/lib/python3.12/site-packages/airflow/example_dags/example_latest_only.py
[2024-07-25T23:43:46.425+0000] {processor.py:840} INFO - DAG(s) 'latest_only' retrieved from /home/airflow/.local/lib/python3.12/site-packages/airflow/example_dags/example_latest_only.py
[2024-07-25T23:43:46.441+0000] {logging_mixin.py:188} INFO - [2024-07-25T23:43:46.441+0000] {dag.py:3089} INFO - Sync 1 DAGs
[2024-07-25T23:43:46.574+0000] {logging_mixin.py:188} INFO - [2024-07-25T23:43:46.574+0000] {dag.py:3947} INFO - Setting next_dagrun for latest_only to 2024-07-25 16:00:00+00:00, run_after=2024-07-25 20:00:00+00:00
[2024-07-25T23:43:46.586+0000] {processor.py:183} INFO - Processing /home/airflow/.local/lib/python3.12/site-packages/airflow/example_dags/example_latest_only.py took 0.179 seconds
[2024-07-25T23:44:17.233+0000] {processor.py:161} INFO - Started process (PID=2001) to work on /home/airflow/.local/lib/python3.12/site-packages/airflow/example_dags/example_latest_only.py
[2024-07-25T23:44:17.234+0000] {processor.py:830} INFO - Processing file /home/airflow/.local/lib/python3.12/site-packages/airflow/example_dags/example_latest_only.py for tasks to queue
[2024-07-25T23:44:17.237+0000] {logging_mixin.py:188} INFO - [2024-07-25T23:44:17.237+0000] {dagbag.py:545} INFO - Filling up the DagBag from /home/airflow/.local/lib/python3.12/site-packages/airflow/example_dags/example_latest_only.py
[2024-07-25T23:44:17.243+0000] {processor.py:840} INFO - DAG(s) 'latest_only' retrieved from /home/airflow/.local/lib/python3.12/site-packages/airflow/example_dags/example_latest_only.py
[2024-07-25T23:44:17.261+0000] {logging_mixin.py:188} INFO - [2024-07-25T23:44:17.261+0000] {dag.py:3089} INFO - Sync 1 DAGs
[2024-07-25T23:44:17.282+0000] {logging_mixin.py:188} INFO - [2024-07-25T23:44:17.281+0000] {dag.py:3947} INFO - Setting next_dagrun for latest_only to 2024-07-25 16:00:00+00:00, run_after=2024-07-25 20:00:00+00:00
[2024-07-25T23:44:17.295+0000] {processor.py:183} INFO - Processing /home/airflow/.local/lib/python3.12/site-packages/airflow/example_dags/example_latest_only.py took 0.069 seconds
[2024-07-25T23:44:48.205+0000] {processor.py:161} INFO - Started process (PID=2061) to work on /home/airflow/.local/lib/python3.12/site-packages/airflow/example_dags/example_latest_only.py
[2024-07-25T23:44:48.206+0000] {processor.py:830} INFO - Processing file /home/airflow/.local/lib/python3.12/site-packages/airflow/example_dags/example_latest_only.py for tasks to queue
[2024-07-25T23:44:48.208+0000] {logging_mixin.py:188} INFO - [2024-07-25T23:44:48.208+0000] {dagbag.py:545} INFO - Filling up the DagBag from /home/airflow/.local/lib/python3.12/site-packages/airflow/example_dags/example_latest_only.py
[2024-07-25T23:44:48.212+0000] {processor.py:840} INFO - DAG(s) 'latest_only' retrieved from /home/airflow/.local/lib/python3.12/site-packages/airflow/example_dags/example_latest_only.py
[2024-07-25T23:44:48.228+0000] {logging_mixin.py:188} INFO - [2024-07-25T23:44:48.228+0000] {dag.py:3089} INFO - Sync 1 DAGs
[2024-07-25T23:44:48.242+0000] {logging_mixin.py:188} INFO - [2024-07-25T23:44:48.242+0000] {dag.py:3947} INFO - Setting next_dagrun for latest_only to 2024-07-25 16:00:00+00:00, run_after=2024-07-25 20:00:00+00:00
[2024-07-25T23:44:48.253+0000] {processor.py:183} INFO - Processing /home/airflow/.local/lib/python3.12/site-packages/airflow/example_dags/example_latest_only.py took 0.051 seconds
[2024-07-25T23:45:18.781+0000] {processor.py:161} INFO - Started process (PID=2121) to work on /home/airflow/.local/lib/python3.12/site-packages/airflow/example_dags/example_latest_only.py
[2024-07-25T23:45:18.783+0000] {processor.py:830} INFO - Processing file /home/airflow/.local/lib/python3.12/site-packages/airflow/example_dags/example_latest_only.py for tasks to queue
[2024-07-25T23:45:18.786+0000] {logging_mixin.py:188} INFO - [2024-07-25T23:45:18.786+0000] {dagbag.py:545} INFO - Filling up the DagBag from /home/airflow/.local/lib/python3.12/site-packages/airflow/example_dags/example_latest_only.py
[2024-07-25T23:45:18.791+0000] {processor.py:840} INFO - DAG(s) 'latest_only' retrieved from /home/airflow/.local/lib/python3.12/site-packages/airflow/example_dags/example_latest_only.py
[2024-07-25T23:45:18.808+0000] {logging_mixin.py:188} INFO - [2024-07-25T23:45:18.808+0000] {dag.py:3089} INFO - Sync 1 DAGs
[2024-07-25T23:45:18.823+0000] {logging_mixin.py:188} INFO - [2024-07-25T23:45:18.823+0000] {dag.py:3947} INFO - Setting next_dagrun for latest_only to 2024-07-25 16:00:00+00:00, run_after=2024-07-25 20:00:00+00:00
[2024-07-25T23:45:18.835+0000] {processor.py:183} INFO - Processing /home/airflow/.local/lib/python3.12/site-packages/airflow/example_dags/example_latest_only.py took 0.061 seconds
[2024-07-25T23:45:49.072+0000] {processor.py:161} INFO - Started process (PID=2181) to work on /home/airflow/.local/lib/python3.12/site-packages/airflow/example_dags/example_latest_only.py
[2024-07-25T23:45:49.073+0000] {processor.py:830} INFO - Processing file /home/airflow/.local/lib/python3.12/site-packages/airflow/example_dags/example_latest_only.py for tasks to queue
[2024-07-25T23:45:49.076+0000] {logging_mixin.py:188} INFO - [2024-07-25T23:45:49.075+0000] {dagbag.py:545} INFO - Filling up the DagBag from /home/airflow/.local/lib/python3.12/site-packages/airflow/example_dags/example_latest_only.py
[2024-07-25T23:45:49.080+0000] {processor.py:840} INFO - DAG(s) 'latest_only' retrieved from /home/airflow/.local/lib/python3.12/site-packages/airflow/example_dags/example_latest_only.py
[2024-07-25T23:45:49.097+0000] {logging_mixin.py:188} INFO - [2024-07-25T23:45:49.097+0000] {dag.py:3089} INFO - Sync 1 DAGs
[2024-07-25T23:45:49.112+0000] {logging_mixin.py:188} INFO - [2024-07-25T23:45:49.112+0000] {dag.py:3947} INFO - Setting next_dagrun for latest_only to 2024-07-25 16:00:00+00:00, run_after=2024-07-25 20:00:00+00:00
[2024-07-25T23:45:49.124+0000] {processor.py:183} INFO - Processing /home/airflow/.local/lib/python3.12/site-packages/airflow/example_dags/example_latest_only.py took 0.058 seconds
[2024-07-25T23:46:19.774+0000] {processor.py:161} INFO - Started process (PID=2241) to work on /home/airflow/.local/lib/python3.12/site-packages/airflow/example_dags/example_latest_only.py
[2024-07-25T23:46:19.776+0000] {processor.py:830} INFO - Processing file /home/airflow/.local/lib/python3.12/site-packages/airflow/example_dags/example_latest_only.py for tasks to queue
[2024-07-25T23:46:19.778+0000] {logging_mixin.py:188} INFO - [2024-07-25T23:46:19.778+0000] {dagbag.py:545} INFO - Filling up the DagBag from /home/airflow/.local/lib/python3.12/site-packages/airflow/example_dags/example_latest_only.py
[2024-07-25T23:46:19.784+0000] {processor.py:840} INFO - DAG(s) 'latest_only' retrieved from /home/airflow/.local/lib/python3.12/site-packages/airflow/example_dags/example_latest_only.py
[2024-07-25T23:46:19.807+0000] {logging_mixin.py:188} INFO - [2024-07-25T23:46:19.807+0000] {dag.py:3089} INFO - Sync 1 DAGs
[2024-07-25T23:46:19.824+0000] {logging_mixin.py:188} INFO - [2024-07-25T23:46:19.823+0000] {dag.py:3947} INFO - Setting next_dagrun for latest_only to 2024-07-25 16:00:00+00:00, run_after=2024-07-25 20:00:00+00:00
[2024-07-25T23:46:19.837+0000] {processor.py:183} INFO - Processing /home/airflow/.local/lib/python3.12/site-packages/airflow/example_dags/example_latest_only.py took 0.069 seconds
[2024-07-25T23:46:50.559+0000] {processor.py:161} INFO - Started process (PID=2301) to work on /home/airflow/.local/lib/python3.12/site-packages/airflow/example_dags/example_latest_only.py
[2024-07-25T23:46:50.561+0000] {processor.py:830} INFO - Processing file /home/airflow/.local/lib/python3.12/site-packages/airflow/example_dags/example_latest_only.py for tasks to queue
[2024-07-25T23:46:50.564+0000] {logging_mixin.py:188} INFO - [2024-07-25T23:46:50.563+0000] {dagbag.py:545} INFO - Filling up the DagBag from /home/airflow/.local/lib/python3.12/site-packages/airflow/example_dags/example_latest_only.py
[2024-07-25T23:46:50.569+0000] {processor.py:840} INFO - DAG(s) 'latest_only' retrieved from /home/airflow/.local/lib/python3.12/site-packages/airflow/example_dags/example_latest_only.py
[2024-07-25T23:46:50.587+0000] {logging_mixin.py:188} INFO - [2024-07-25T23:46:50.587+0000] {dag.py:3089} INFO - Sync 1 DAGs
[2024-07-25T23:46:50.605+0000] {logging_mixin.py:188} INFO - [2024-07-25T23:46:50.605+0000] {dag.py:3947} INFO - Setting next_dagrun for latest_only to 2024-07-25 16:00:00+00:00, run_after=2024-07-25 20:00:00+00:00
[2024-07-25T23:46:50.617+0000] {processor.py:183} INFO - Processing /home/airflow/.local/lib/python3.12/site-packages/airflow/example_dags/example_latest_only.py took 0.065 seconds
[2024-07-25T23:47:20.932+0000] {processor.py:161} INFO - Started process (PID=2361) to work on /home/airflow/.local/lib/python3.12/site-packages/airflow/example_dags/example_latest_only.py
[2024-07-25T23:47:20.934+0000] {processor.py:830} INFO - Processing file /home/airflow/.local/lib/python3.12/site-packages/airflow/example_dags/example_latest_only.py for tasks to queue
[2024-07-25T23:47:20.941+0000] {logging_mixin.py:188} INFO - [2024-07-25T23:47:20.940+0000] {dagbag.py:545} INFO - Filling up the DagBag from /home/airflow/.local/lib/python3.12/site-packages/airflow/example_dags/example_latest_only.py
[2024-07-25T23:47:20.952+0000] {processor.py:840} INFO - DAG(s) 'latest_only' retrieved from /home/airflow/.local/lib/python3.12/site-packages/airflow/example_dags/example_latest_only.py
[2024-07-25T23:47:21.013+0000] {logging_mixin.py:188} INFO - [2024-07-25T23:47:21.013+0000] {dag.py:3089} INFO - Sync 1 DAGs
[2024-07-25T23:47:21.038+0000] {logging_mixin.py:188} INFO - [2024-07-25T23:47:21.038+0000] {dag.py:3947} INFO - Setting next_dagrun for latest_only to 2024-07-25 16:00:00+00:00, run_after=2024-07-25 20:00:00+00:00
[2024-07-25T23:47:21.055+0000] {processor.py:183} INFO - Processing /home/airflow/.local/lib/python3.12/site-packages/airflow/example_dags/example_latest_only.py took 0.137 seconds
[2024-07-25T23:47:52.010+0000] {processor.py:161} INFO - Started process (PID=2420) to work on /home/airflow/.local/lib/python3.12/site-packages/airflow/example_dags/example_latest_only.py
[2024-07-25T23:47:52.012+0000] {processor.py:830} INFO - Processing file /home/airflow/.local/lib/python3.12/site-packages/airflow/example_dags/example_latest_only.py for tasks to queue
[2024-07-25T23:47:52.016+0000] {logging_mixin.py:188} INFO - [2024-07-25T23:47:52.016+0000] {dagbag.py:545} INFO - Filling up the DagBag from /home/airflow/.local/lib/python3.12/site-packages/airflow/example_dags/example_latest_only.py
[2024-07-25T23:47:52.025+0000] {processor.py:840} INFO - DAG(s) 'latest_only' retrieved from /home/airflow/.local/lib/python3.12/site-packages/airflow/example_dags/example_latest_only.py
[2024-07-25T23:47:52.060+0000] {logging_mixin.py:188} INFO - [2024-07-25T23:47:52.060+0000] {dag.py:3089} INFO - Sync 1 DAGs
[2024-07-25T23:47:52.084+0000] {logging_mixin.py:188} INFO - [2024-07-25T23:47:52.084+0000] {dag.py:3947} INFO - Setting next_dagrun for latest_only to 2024-07-25 16:00:00+00:00, run_after=2024-07-25 20:00:00+00:00
[2024-07-25T23:47:52.101+0000] {processor.py:183} INFO - Processing /home/airflow/.local/lib/python3.12/site-packages/airflow/example_dags/example_latest_only.py took 0.100 seconds
[2024-07-25T23:48:22.363+0000] {processor.py:161} INFO - Started process (PID=2480) to work on /home/airflow/.local/lib/python3.12/site-packages/airflow/example_dags/example_latest_only.py
[2024-07-25T23:48:22.366+0000] {processor.py:830} INFO - Processing file /home/airflow/.local/lib/python3.12/site-packages/airflow/example_dags/example_latest_only.py for tasks to queue
[2024-07-25T23:48:22.369+0000] {logging_mixin.py:188} INFO - [2024-07-25T23:48:22.369+0000] {dagbag.py:545} INFO - Filling up the DagBag from /home/airflow/.local/lib/python3.12/site-packages/airflow/example_dags/example_latest_only.py
[2024-07-25T23:48:22.375+0000] {processor.py:840} INFO - DAG(s) 'latest_only' retrieved from /home/airflow/.local/lib/python3.12/site-packages/airflow/example_dags/example_latest_only.py
[2024-07-25T23:48:22.395+0000] {logging_mixin.py:188} INFO - [2024-07-25T23:48:22.395+0000] {dag.py:3089} INFO - Sync 1 DAGs
[2024-07-25T23:48:22.413+0000] {logging_mixin.py:188} INFO - [2024-07-25T23:48:22.413+0000] {dag.py:3947} INFO - Setting next_dagrun for latest_only to 2024-07-25 16:00:00+00:00, run_after=2024-07-25 20:00:00+00:00
[2024-07-25T23:48:22.426+0000] {processor.py:183} INFO - Processing /home/airflow/.local/lib/python3.12/site-packages/airflow/example_dags/example_latest_only.py took 0.070 seconds
[2024-07-25T23:48:52.720+0000] {processor.py:161} INFO - Started process (PID=2540) to work on /home/airflow/.local/lib/python3.12/site-packages/airflow/example_dags/example_latest_only.py
[2024-07-25T23:48:52.722+0000] {processor.py:830} INFO - Processing file /home/airflow/.local/lib/python3.12/site-packages/airflow/example_dags/example_latest_only.py for tasks to queue
[2024-07-25T23:48:52.724+0000] {logging_mixin.py:188} INFO - [2024-07-25T23:48:52.723+0000] {dagbag.py:545} INFO - Filling up the DagBag from /home/airflow/.local/lib/python3.12/site-packages/airflow/example_dags/example_latest_only.py
[2024-07-25T23:48:52.727+0000] {processor.py:840} INFO - DAG(s) 'latest_only' retrieved from /home/airflow/.local/lib/python3.12/site-packages/airflow/example_dags/example_latest_only.py
[2024-07-25T23:48:52.742+0000] {logging_mixin.py:188} INFO - [2024-07-25T23:48:52.742+0000] {dag.py:3089} INFO - Sync 1 DAGs
[2024-07-25T23:48:52.756+0000] {logging_mixin.py:188} INFO - [2024-07-25T23:48:52.756+0000] {dag.py:3947} INFO - Setting next_dagrun for latest_only to 2024-07-25 16:00:00+00:00, run_after=2024-07-25 20:00:00+00:00
[2024-07-25T23:48:52.767+0000] {processor.py:183} INFO - Processing /home/airflow/.local/lib/python3.12/site-packages/airflow/example_dags/example_latest_only.py took 0.052 seconds
[2024-07-25T23:49:23.339+0000] {processor.py:161} INFO - Started process (PID=2600) to work on /home/airflow/.local/lib/python3.12/site-packages/airflow/example_dags/example_latest_only.py
[2024-07-25T23:49:23.341+0000] {processor.py:830} INFO - Processing file /home/airflow/.local/lib/python3.12/site-packages/airflow/example_dags/example_latest_only.py for tasks to queue
[2024-07-25T23:49:23.343+0000] {logging_mixin.py:188} INFO - [2024-07-25T23:49:23.342+0000] {dagbag.py:545} INFO - Filling up the DagBag from /home/airflow/.local/lib/python3.12/site-packages/airflow/example_dags/example_latest_only.py
[2024-07-25T23:49:23.353+0000] {processor.py:840} INFO - DAG(s) 'latest_only' retrieved from /home/airflow/.local/lib/python3.12/site-packages/airflow/example_dags/example_latest_only.py
[2024-07-25T23:49:23.373+0000] {logging_mixin.py:188} INFO - [2024-07-25T23:49:23.373+0000] {dag.py:3089} INFO - Sync 1 DAGs
[2024-07-25T23:49:23.393+0000] {logging_mixin.py:188} INFO - [2024-07-25T23:49:23.393+0000] {dag.py:3947} INFO - Setting next_dagrun for latest_only to 2024-07-25 16:00:00+00:00, run_after=2024-07-25 20:00:00+00:00
[2024-07-25T23:49:23.407+0000] {processor.py:183} INFO - Processing /home/airflow/.local/lib/python3.12/site-packages/airflow/example_dags/example_latest_only.py took 0.077 seconds
[2024-07-25T23:49:53.490+0000] {processor.py:161} INFO - Started process (PID=2659) to work on /home/airflow/.local/lib/python3.12/site-packages/airflow/example_dags/example_latest_only.py
[2024-07-25T23:49:53.492+0000] {processor.py:830} INFO - Processing file /home/airflow/.local/lib/python3.12/site-packages/airflow/example_dags/example_latest_only.py for tasks to queue
[2024-07-25T23:49:53.496+0000] {logging_mixin.py:188} INFO - [2024-07-25T23:49:53.495+0000] {dagbag.py:545} INFO - Filling up the DagBag from /home/airflow/.local/lib/python3.12/site-packages/airflow/example_dags/example_latest_only.py
[2024-07-25T23:49:53.501+0000] {processor.py:840} INFO - DAG(s) 'latest_only' retrieved from /home/airflow/.local/lib/python3.12/site-packages/airflow/example_dags/example_latest_only.py
[2024-07-25T23:49:53.519+0000] {logging_mixin.py:188} INFO - [2024-07-25T23:49:53.519+0000] {dag.py:3089} INFO - Sync 1 DAGs
[2024-07-25T23:49:53.537+0000] {logging_mixin.py:188} INFO - [2024-07-25T23:49:53.536+0000] {dag.py:3947} INFO - Setting next_dagrun for latest_only to 2024-07-25 16:00:00+00:00, run_after=2024-07-25 20:00:00+00:00
[2024-07-25T23:49:53.550+0000] {processor.py:183} INFO - Processing /home/airflow/.local/lib/python3.12/site-packages/airflow/example_dags/example_latest_only.py took 0.066 seconds
[2024-07-25T23:50:23.784+0000] {processor.py:161} INFO - Started process (PID=2719) to work on /home/airflow/.local/lib/python3.12/site-packages/airflow/example_dags/example_latest_only.py
[2024-07-25T23:50:23.788+0000] {processor.py:830} INFO - Processing file /home/airflow/.local/lib/python3.12/site-packages/airflow/example_dags/example_latest_only.py for tasks to queue
[2024-07-25T23:50:23.791+0000] {logging_mixin.py:188} INFO - [2024-07-25T23:50:23.791+0000] {dagbag.py:545} INFO - Filling up the DagBag from /home/airflow/.local/lib/python3.12/site-packages/airflow/example_dags/example_latest_only.py
[2024-07-25T23:50:23.798+0000] {processor.py:840} INFO - DAG(s) 'latest_only' retrieved from /home/airflow/.local/lib/python3.12/site-packages/airflow/example_dags/example_latest_only.py
[2024-07-25T23:50:23.818+0000] {logging_mixin.py:188} INFO - [2024-07-25T23:50:23.817+0000] {dag.py:3089} INFO - Sync 1 DAGs
[2024-07-25T23:50:23.835+0000] {logging_mixin.py:188} INFO - [2024-07-25T23:50:23.835+0000] {dag.py:3947} INFO - Setting next_dagrun for latest_only to 2024-07-25 16:00:00+00:00, run_after=2024-07-25 20:00:00+00:00
[2024-07-25T23:50:23.849+0000] {processor.py:183} INFO - Processing /home/airflow/.local/lib/python3.12/site-packages/airflow/example_dags/example_latest_only.py took 0.073 seconds
[2024-07-25T23:50:53.915+0000] {processor.py:161} INFO - Started process (PID=2779) to work on /home/airflow/.local/lib/python3.12/site-packages/airflow/example_dags/example_latest_only.py
[2024-07-25T23:50:53.917+0000] {processor.py:830} INFO - Processing file /home/airflow/.local/lib/python3.12/site-packages/airflow/example_dags/example_latest_only.py for tasks to queue
[2024-07-25T23:50:53.919+0000] {logging_mixin.py:188} INFO - [2024-07-25T23:50:53.919+0000] {dagbag.py:545} INFO - Filling up the DagBag from /home/airflow/.local/lib/python3.12/site-packages/airflow/example_dags/example_latest_only.py
[2024-07-25T23:50:53.925+0000] {processor.py:840} INFO - DAG(s) 'latest_only' retrieved from /home/airflow/.local/lib/python3.12/site-packages/airflow/example_dags/example_latest_only.py
[2024-07-25T23:50:53.943+0000] {logging_mixin.py:188} INFO - [2024-07-25T23:50:53.943+0000] {dag.py:3089} INFO - Sync 1 DAGs
[2024-07-25T23:50:53.975+0000] {logging_mixin.py:188} INFO - [2024-07-25T23:50:53.975+0000] {dag.py:3947} INFO - Setting next_dagrun for latest_only to 2024-07-25 16:00:00+00:00, run_after=2024-07-25 20:00:00+00:00
[2024-07-25T23:50:53.990+0000] {processor.py:183} INFO - Processing /home/airflow/.local/lib/python3.12/site-packages/airflow/example_dags/example_latest_only.py took 0.082 seconds
[2024-07-25T23:51:24.083+0000] {processor.py:161} INFO - Started process (PID=2839) to work on /home/airflow/.local/lib/python3.12/site-packages/airflow/example_dags/example_latest_only.py
[2024-07-25T23:51:24.085+0000] {processor.py:830} INFO - Processing file /home/airflow/.local/lib/python3.12/site-packages/airflow/example_dags/example_latest_only.py for tasks to queue
[2024-07-25T23:51:24.087+0000] {logging_mixin.py:188} INFO - [2024-07-25T23:51:24.087+0000] {dagbag.py:545} INFO - Filling up the DagBag from /home/airflow/.local/lib/python3.12/site-packages/airflow/example_dags/example_latest_only.py
[2024-07-25T23:51:24.092+0000] {processor.py:840} INFO - DAG(s) 'latest_only' retrieved from /home/airflow/.local/lib/python3.12/site-packages/airflow/example_dags/example_latest_only.py
[2024-07-25T23:51:24.110+0000] {logging_mixin.py:188} INFO - [2024-07-25T23:51:24.110+0000] {dag.py:3089} INFO - Sync 1 DAGs
[2024-07-25T23:51:24.127+0000] {logging_mixin.py:188} INFO - [2024-07-25T23:51:24.126+0000] {dag.py:3947} INFO - Setting next_dagrun for latest_only to 2024-07-25 16:00:00+00:00, run_after=2024-07-25 20:00:00+00:00
[2024-07-25T23:51:24.139+0000] {processor.py:183} INFO - Processing /home/airflow/.local/lib/python3.12/site-packages/airflow/example_dags/example_latest_only.py took 0.062 seconds
[2024-07-25T23:51:54.424+0000] {processor.py:161} INFO - Started process (PID=2899) to work on /home/airflow/.local/lib/python3.12/site-packages/airflow/example_dags/example_latest_only.py
[2024-07-25T23:51:54.426+0000] {processor.py:830} INFO - Processing file /home/airflow/.local/lib/python3.12/site-packages/airflow/example_dags/example_latest_only.py for tasks to queue
[2024-07-25T23:51:54.428+0000] {logging_mixin.py:188} INFO - [2024-07-25T23:51:54.428+0000] {dagbag.py:545} INFO - Filling up the DagBag from /home/airflow/.local/lib/python3.12/site-packages/airflow/example_dags/example_latest_only.py
[2024-07-25T23:51:54.434+0000] {processor.py:840} INFO - DAG(s) 'latest_only' retrieved from /home/airflow/.local/lib/python3.12/site-packages/airflow/example_dags/example_latest_only.py
[2024-07-25T23:51:54.457+0000] {logging_mixin.py:188} INFO - [2024-07-25T23:51:54.457+0000] {dag.py:3089} INFO - Sync 1 DAGs
[2024-07-25T23:51:54.474+0000] {logging_mixin.py:188} INFO - [2024-07-25T23:51:54.474+0000] {dag.py:3947} INFO - Setting next_dagrun for latest_only to 2024-07-25 16:00:00+00:00, run_after=2024-07-25 20:00:00+00:00
[2024-07-25T23:51:54.486+0000] {processor.py:183} INFO - Processing /home/airflow/.local/lib/python3.12/site-packages/airflow/example_dags/example_latest_only.py took 0.078 seconds
[2024-07-25T23:52:24.836+0000] {processor.py:161} INFO - Started process (PID=2959) to work on /home/airflow/.local/lib/python3.12/site-packages/airflow/example_dags/example_latest_only.py
[2024-07-25T23:52:24.837+0000] {processor.py:830} INFO - Processing file /home/airflow/.local/lib/python3.12/site-packages/airflow/example_dags/example_latest_only.py for tasks to queue
[2024-07-25T23:52:24.839+0000] {logging_mixin.py:188} INFO - [2024-07-25T23:52:24.839+0000] {dagbag.py:545} INFO - Filling up the DagBag from /home/airflow/.local/lib/python3.12/site-packages/airflow/example_dags/example_latest_only.py
[2024-07-25T23:52:24.842+0000] {processor.py:840} INFO - DAG(s) 'latest_only' retrieved from /home/airflow/.local/lib/python3.12/site-packages/airflow/example_dags/example_latest_only.py
[2024-07-25T23:52:24.855+0000] {logging_mixin.py:188} INFO - [2024-07-25T23:52:24.855+0000] {dag.py:3089} INFO - Sync 1 DAGs
[2024-07-25T23:52:24.873+0000] {logging_mixin.py:188} INFO - [2024-07-25T23:52:24.873+0000] {dag.py:3947} INFO - Setting next_dagrun for latest_only to 2024-07-25 16:00:00+00:00, run_after=2024-07-25 20:00:00+00:00
[2024-07-25T23:52:24.885+0000] {processor.py:183} INFO - Processing /home/airflow/.local/lib/python3.12/site-packages/airflow/example_dags/example_latest_only.py took 0.053 seconds
[2024-07-25T23:52:55.159+0000] {processor.py:161} INFO - Started process (PID=3019) to work on /home/airflow/.local/lib/python3.12/site-packages/airflow/example_dags/example_latest_only.py
[2024-07-25T23:52:55.160+0000] {processor.py:830} INFO - Processing file /home/airflow/.local/lib/python3.12/site-packages/airflow/example_dags/example_latest_only.py for tasks to queue
[2024-07-25T23:52:55.161+0000] {logging_mixin.py:188} INFO - [2024-07-25T23:52:55.161+0000] {dagbag.py:545} INFO - Filling up the DagBag from /home/airflow/.local/lib/python3.12/site-packages/airflow/example_dags/example_latest_only.py
[2024-07-25T23:52:55.165+0000] {processor.py:840} INFO - DAG(s) 'latest_only' retrieved from /home/airflow/.local/lib/python3.12/site-packages/airflow/example_dags/example_latest_only.py
[2024-07-25T23:52:55.181+0000] {logging_mixin.py:188} INFO - [2024-07-25T23:52:55.181+0000] {dag.py:3089} INFO - Sync 1 DAGs
[2024-07-25T23:52:55.200+0000] {logging_mixin.py:188} INFO - [2024-07-25T23:52:55.200+0000] {dag.py:3947} INFO - Setting next_dagrun for latest_only to 2024-07-25 16:00:00+00:00, run_after=2024-07-25 20:00:00+00:00
[2024-07-25T23:52:55.213+0000] {processor.py:183} INFO - Processing /home/airflow/.local/lib/python3.12/site-packages/airflow/example_dags/example_latest_only.py took 0.058 seconds
[2024-07-25T23:53:25.715+0000] {processor.py:161} INFO - Started process (PID=3079) to work on /home/airflow/.local/lib/python3.12/site-packages/airflow/example_dags/example_latest_only.py
[2024-07-25T23:53:25.720+0000] {processor.py:830} INFO - Processing file /home/airflow/.local/lib/python3.12/site-packages/airflow/example_dags/example_latest_only.py for tasks to queue
[2024-07-25T23:53:25.724+0000] {logging_mixin.py:188} INFO - [2024-07-25T23:53:25.724+0000] {dagbag.py:545} INFO - Filling up the DagBag from /home/airflow/.local/lib/python3.12/site-packages/airflow/example_dags/example_latest_only.py
[2024-07-25T23:53:25.731+0000] {processor.py:840} INFO - DAG(s) 'latest_only' retrieved from /home/airflow/.local/lib/python3.12/site-packages/airflow/example_dags/example_latest_only.py
[2024-07-25T23:53:25.747+0000] {logging_mixin.py:188} INFO - [2024-07-25T23:53:25.747+0000] {dag.py:3089} INFO - Sync 1 DAGs
[2024-07-25T23:53:25.764+0000] {logging_mixin.py:188} INFO - [2024-07-25T23:53:25.763+0000] {dag.py:3947} INFO - Setting next_dagrun for latest_only to 2024-07-25 16:00:00+00:00, run_after=2024-07-25 20:00:00+00:00
[2024-07-25T23:53:25.776+0000] {processor.py:183} INFO - Processing /home/airflow/.local/lib/python3.12/site-packages/airflow/example_dags/example_latest_only.py took 0.072 seconds
[2024-07-25T23:53:55.899+0000] {processor.py:161} INFO - Started process (PID=3139) to work on /home/airflow/.local/lib/python3.12/site-packages/airflow/example_dags/example_latest_only.py
[2024-07-25T23:53:55.900+0000] {processor.py:830} INFO - Processing file /home/airflow/.local/lib/python3.12/site-packages/airflow/example_dags/example_latest_only.py for tasks to queue
[2024-07-25T23:53:55.901+0000] {logging_mixin.py:188} INFO - [2024-07-25T23:53:55.901+0000] {dagbag.py:545} INFO - Filling up the DagBag from /home/airflow/.local/lib/python3.12/site-packages/airflow/example_dags/example_latest_only.py
[2024-07-25T23:53:55.905+0000] {processor.py:840} INFO - DAG(s) 'latest_only' retrieved from /home/airflow/.local/lib/python3.12/site-packages/airflow/example_dags/example_latest_only.py
[2024-07-25T23:53:55.919+0000] {logging_mixin.py:188} INFO - [2024-07-25T23:53:55.919+0000] {dag.py:3089} INFO - Sync 1 DAGs
[2024-07-25T23:53:55.933+0000] {logging_mixin.py:188} INFO - [2024-07-25T23:53:55.933+0000] {dag.py:3947} INFO - Setting next_dagrun for latest_only to 2024-07-25 16:00:00+00:00, run_after=2024-07-25 20:00:00+00:00
[2024-07-25T23:53:55.943+0000] {processor.py:183} INFO - Processing /home/airflow/.local/lib/python3.12/site-packages/airflow/example_dags/example_latest_only.py took 0.048 seconds
[2024-07-25T23:54:26.076+0000] {processor.py:161} INFO - Started process (PID=3199) to work on /home/airflow/.local/lib/python3.12/site-packages/airflow/example_dags/example_latest_only.py
[2024-07-25T23:54:26.077+0000] {processor.py:830} INFO - Processing file /home/airflow/.local/lib/python3.12/site-packages/airflow/example_dags/example_latest_only.py for tasks to queue
[2024-07-25T23:54:26.078+0000] {logging_mixin.py:188} INFO - [2024-07-25T23:54:26.078+0000] {dagbag.py:545} INFO - Filling up the DagBag from /home/airflow/.local/lib/python3.12/site-packages/airflow/example_dags/example_latest_only.py
[2024-07-25T23:54:26.082+0000] {processor.py:840} INFO - DAG(s) 'latest_only' retrieved from /home/airflow/.local/lib/python3.12/site-packages/airflow/example_dags/example_latest_only.py
[2024-07-25T23:54:26.095+0000] {logging_mixin.py:188} INFO - [2024-07-25T23:54:26.095+0000] {dag.py:3089} INFO - Sync 1 DAGs
[2024-07-25T23:54:26.110+0000] {logging_mixin.py:188} INFO - [2024-07-25T23:54:26.110+0000] {dag.py:3947} INFO - Setting next_dagrun for latest_only to 2024-07-25 16:00:00+00:00, run_after=2024-07-25 20:00:00+00:00
[2024-07-25T23:54:26.121+0000] {processor.py:183} INFO - Processing /home/airflow/.local/lib/python3.12/site-packages/airflow/example_dags/example_latest_only.py took 0.050 seconds
