[2024-07-25T23:17:23.974+0000] {processor.py:161} INFO - Started process (PID=89) to work on /home/airflow/.local/lib/python3.12/site-packages/airflow/example_dags/example_python_operator.py
[2024-07-25T23:17:23.978+0000] {processor.py:830} INFO - Processing file /home/airflow/.local/lib/python3.12/site-packages/airflow/example_dags/example_python_operator.py for tasks to queue
[2024-07-25T23:17:23.983+0000] {logging_mixin.py:188} INFO - [2024-07-25T23:17:23.983+0000] {dagbag.py:545} INFO - Filling up the DagBag from /home/airflow/.local/lib/python3.12/site-packages/airflow/example_dags/example_python_operator.py
[2024-07-25T23:17:24.005+0000] {processor.py:840} INFO - DAG(s) 'example_python_operator' retrieved from /home/airflow/.local/lib/python3.12/site-packages/airflow/example_dags/example_python_operator.py
[2024-07-25T23:17:24.028+0000] {logging_mixin.py:188} INFO - [2024-07-25T23:17:24.027+0000] {dag.py:3089} INFO - Sync 1 DAGs
[2024-07-25T23:17:24.093+0000] {logging_mixin.py:188} INFO - [2024-07-25T23:17:24.093+0000] {dag.py:3947} INFO - Setting next_dagrun for example_python_operator to None, run_after=None
[2024-07-25T23:17:24.137+0000] {processor.py:183} INFO - Processing /home/airflow/.local/lib/python3.12/site-packages/airflow/example_dags/example_python_operator.py took 0.171 seconds
[2024-07-25T23:17:54.570+0000] {processor.py:161} INFO - Started process (PID=149) to work on /home/airflow/.local/lib/python3.12/site-packages/airflow/example_dags/example_python_operator.py
[2024-07-25T23:17:54.571+0000] {processor.py:830} INFO - Processing file /home/airflow/.local/lib/python3.12/site-packages/airflow/example_dags/example_python_operator.py for tasks to queue
[2024-07-25T23:17:54.573+0000] {logging_mixin.py:188} INFO - [2024-07-25T23:17:54.573+0000] {dagbag.py:545} INFO - Filling up the DagBag from /home/airflow/.local/lib/python3.12/site-packages/airflow/example_dags/example_python_operator.py
[2024-07-25T23:17:54.580+0000] {processor.py:840} INFO - DAG(s) 'example_python_operator' retrieved from /home/airflow/.local/lib/python3.12/site-packages/airflow/example_dags/example_python_operator.py
[2024-07-25T23:17:54.647+0000] {logging_mixin.py:188} INFO - [2024-07-25T23:17:54.647+0000] {dag.py:3089} INFO - Sync 1 DAGs
[2024-07-25T23:17:54.658+0000] {logging_mixin.py:188} INFO - [2024-07-25T23:17:54.658+0000] {dag.py:3947} INFO - Setting next_dagrun for example_python_operator to None, run_after=None
[2024-07-25T23:17:54.678+0000] {processor.py:183} INFO - Processing /home/airflow/.local/lib/python3.12/site-packages/airflow/example_dags/example_python_operator.py took 0.112 seconds
[2024-07-25T23:18:25.444+0000] {processor.py:161} INFO - Started process (PID=209) to work on /home/airflow/.local/lib/python3.12/site-packages/airflow/example_dags/example_python_operator.py
[2024-07-25T23:18:25.447+0000] {processor.py:830} INFO - Processing file /home/airflow/.local/lib/python3.12/site-packages/airflow/example_dags/example_python_operator.py for tasks to queue
[2024-07-25T23:18:25.448+0000] {logging_mixin.py:188} INFO - [2024-07-25T23:18:25.448+0000] {dagbag.py:545} INFO - Filling up the DagBag from /home/airflow/.local/lib/python3.12/site-packages/airflow/example_dags/example_python_operator.py
[2024-07-25T23:18:25.458+0000] {processor.py:840} INFO - DAG(s) 'example_python_operator' retrieved from /home/airflow/.local/lib/python3.12/site-packages/airflow/example_dags/example_python_operator.py
[2024-07-25T23:18:25.478+0000] {logging_mixin.py:188} INFO - [2024-07-25T23:18:25.478+0000] {dag.py:3089} INFO - Sync 1 DAGs
[2024-07-25T23:18:25.487+0000] {logging_mixin.py:188} INFO - [2024-07-25T23:18:25.486+0000] {dag.py:3947} INFO - Setting next_dagrun for example_python_operator to None, run_after=None
[2024-07-25T23:18:25.499+0000] {processor.py:183} INFO - Processing /home/airflow/.local/lib/python3.12/site-packages/airflow/example_dags/example_python_operator.py took 0.058 seconds
[2024-07-25T23:18:56.175+0000] {processor.py:161} INFO - Started process (PID=269) to work on /home/airflow/.local/lib/python3.12/site-packages/airflow/example_dags/example_python_operator.py
[2024-07-25T23:18:56.176+0000] {processor.py:830} INFO - Processing file /home/airflow/.local/lib/python3.12/site-packages/airflow/example_dags/example_python_operator.py for tasks to queue
[2024-07-25T23:18:56.177+0000] {logging_mixin.py:188} INFO - [2024-07-25T23:18:56.177+0000] {dagbag.py:545} INFO - Filling up the DagBag from /home/airflow/.local/lib/python3.12/site-packages/airflow/example_dags/example_python_operator.py
[2024-07-25T23:18:56.186+0000] {processor.py:840} INFO - DAG(s) 'example_python_operator' retrieved from /home/airflow/.local/lib/python3.12/site-packages/airflow/example_dags/example_python_operator.py
[2024-07-25T23:18:56.208+0000] {logging_mixin.py:188} INFO - [2024-07-25T23:18:56.208+0000] {dag.py:3089} INFO - Sync 1 DAGs
[2024-07-25T23:18:56.219+0000] {logging_mixin.py:188} INFO - [2024-07-25T23:18:56.219+0000] {dag.py:3947} INFO - Setting next_dagrun for example_python_operator to None, run_after=None
[2024-07-25T23:18:56.233+0000] {processor.py:183} INFO - Processing /home/airflow/.local/lib/python3.12/site-packages/airflow/example_dags/example_python_operator.py took 0.062 seconds
[2024-07-25T23:19:27.244+0000] {processor.py:161} INFO - Started process (PID=329) to work on /home/airflow/.local/lib/python3.12/site-packages/airflow/example_dags/example_python_operator.py
[2024-07-25T23:19:27.245+0000] {processor.py:830} INFO - Processing file /home/airflow/.local/lib/python3.12/site-packages/airflow/example_dags/example_python_operator.py for tasks to queue
[2024-07-25T23:19:27.246+0000] {logging_mixin.py:188} INFO - [2024-07-25T23:19:27.246+0000] {dagbag.py:545} INFO - Filling up the DagBag from /home/airflow/.local/lib/python3.12/site-packages/airflow/example_dags/example_python_operator.py
[2024-07-25T23:19:27.255+0000] {processor.py:840} INFO - DAG(s) 'example_python_operator' retrieved from /home/airflow/.local/lib/python3.12/site-packages/airflow/example_dags/example_python_operator.py
[2024-07-25T23:19:27.277+0000] {logging_mixin.py:188} INFO - [2024-07-25T23:19:27.277+0000] {dag.py:3089} INFO - Sync 1 DAGs
[2024-07-25T23:19:27.290+0000] {logging_mixin.py:188} INFO - [2024-07-25T23:19:27.290+0000] {dag.py:3947} INFO - Setting next_dagrun for example_python_operator to None, run_after=None
[2024-07-25T23:19:27.305+0000] {processor.py:183} INFO - Processing /home/airflow/.local/lib/python3.12/site-packages/airflow/example_dags/example_python_operator.py took 0.064 seconds
[2024-07-25T23:19:58.404+0000] {processor.py:161} INFO - Started process (PID=389) to work on /home/airflow/.local/lib/python3.12/site-packages/airflow/example_dags/example_python_operator.py
[2024-07-25T23:19:58.407+0000] {processor.py:830} INFO - Processing file /home/airflow/.local/lib/python3.12/site-packages/airflow/example_dags/example_python_operator.py for tasks to queue
[2024-07-25T23:19:58.409+0000] {logging_mixin.py:188} INFO - [2024-07-25T23:19:58.409+0000] {dagbag.py:545} INFO - Filling up the DagBag from /home/airflow/.local/lib/python3.12/site-packages/airflow/example_dags/example_python_operator.py
[2024-07-25T23:19:58.420+0000] {processor.py:840} INFO - DAG(s) 'example_python_operator' retrieved from /home/airflow/.local/lib/python3.12/site-packages/airflow/example_dags/example_python_operator.py
[2024-07-25T23:19:58.439+0000] {logging_mixin.py:188} INFO - [2024-07-25T23:19:58.439+0000] {dag.py:3089} INFO - Sync 1 DAGs
[2024-07-25T23:19:58.452+0000] {logging_mixin.py:188} INFO - [2024-07-25T23:19:58.452+0000] {dag.py:3947} INFO - Setting next_dagrun for example_python_operator to None, run_after=None
[2024-07-25T23:19:58.476+0000] {processor.py:183} INFO - Processing /home/airflow/.local/lib/python3.12/site-packages/airflow/example_dags/example_python_operator.py took 0.080 seconds
[2024-07-25T23:20:29.241+0000] {processor.py:161} INFO - Started process (PID=449) to work on /home/airflow/.local/lib/python3.12/site-packages/airflow/example_dags/example_python_operator.py
[2024-07-25T23:20:29.242+0000] {processor.py:830} INFO - Processing file /home/airflow/.local/lib/python3.12/site-packages/airflow/example_dags/example_python_operator.py for tasks to queue
[2024-07-25T23:20:29.245+0000] {logging_mixin.py:188} INFO - [2024-07-25T23:20:29.245+0000] {dagbag.py:545} INFO - Filling up the DagBag from /home/airflow/.local/lib/python3.12/site-packages/airflow/example_dags/example_python_operator.py
[2024-07-25T23:20:29.254+0000] {processor.py:840} INFO - DAG(s) 'example_python_operator' retrieved from /home/airflow/.local/lib/python3.12/site-packages/airflow/example_dags/example_python_operator.py
[2024-07-25T23:20:29.269+0000] {logging_mixin.py:188} INFO - [2024-07-25T23:20:29.269+0000] {dag.py:3089} INFO - Sync 1 DAGs
[2024-07-25T23:20:29.282+0000] {logging_mixin.py:188} INFO - [2024-07-25T23:20:29.282+0000] {dag.py:3947} INFO - Setting next_dagrun for example_python_operator to None, run_after=None
[2024-07-25T23:20:29.301+0000] {processor.py:183} INFO - Processing /home/airflow/.local/lib/python3.12/site-packages/airflow/example_dags/example_python_operator.py took 0.064 seconds
[2024-07-25T23:21:00.481+0000] {processor.py:161} INFO - Started process (PID=509) to work on /home/airflow/.local/lib/python3.12/site-packages/airflow/example_dags/example_python_operator.py
[2024-07-25T23:21:00.484+0000] {processor.py:830} INFO - Processing file /home/airflow/.local/lib/python3.12/site-packages/airflow/example_dags/example_python_operator.py for tasks to queue
[2024-07-25T23:21:00.487+0000] {logging_mixin.py:188} INFO - [2024-07-25T23:21:00.486+0000] {dagbag.py:545} INFO - Filling up the DagBag from /home/airflow/.local/lib/python3.12/site-packages/airflow/example_dags/example_python_operator.py
[2024-07-25T23:21:00.502+0000] {processor.py:840} INFO - DAG(s) 'example_python_operator' retrieved from /home/airflow/.local/lib/python3.12/site-packages/airflow/example_dags/example_python_operator.py
[2024-07-25T23:21:00.539+0000] {logging_mixin.py:188} INFO - [2024-07-25T23:21:00.538+0000] {dag.py:3089} INFO - Sync 1 DAGs
[2024-07-25T23:21:00.559+0000] {logging_mixin.py:188} INFO - [2024-07-25T23:21:00.558+0000] {dag.py:3947} INFO - Setting next_dagrun for example_python_operator to None, run_after=None
[2024-07-25T23:21:00.596+0000] {processor.py:183} INFO - Processing /home/airflow/.local/lib/python3.12/site-packages/airflow/example_dags/example_python_operator.py took 0.128 seconds
[2024-07-25T23:21:31.540+0000] {processor.py:161} INFO - Started process (PID=569) to work on /home/airflow/.local/lib/python3.12/site-packages/airflow/example_dags/example_python_operator.py
[2024-07-25T23:21:31.541+0000] {processor.py:830} INFO - Processing file /home/airflow/.local/lib/python3.12/site-packages/airflow/example_dags/example_python_operator.py for tasks to queue
[2024-07-25T23:21:31.543+0000] {logging_mixin.py:188} INFO - [2024-07-25T23:21:31.543+0000] {dagbag.py:545} INFO - Filling up the DagBag from /home/airflow/.local/lib/python3.12/site-packages/airflow/example_dags/example_python_operator.py
[2024-07-25T23:21:31.556+0000] {processor.py:840} INFO - DAG(s) 'example_python_operator' retrieved from /home/airflow/.local/lib/python3.12/site-packages/airflow/example_dags/example_python_operator.py
[2024-07-25T23:21:31.578+0000] {logging_mixin.py:188} INFO - [2024-07-25T23:21:31.578+0000] {dag.py:3089} INFO - Sync 1 DAGs
[2024-07-25T23:21:31.589+0000] {logging_mixin.py:188} INFO - [2024-07-25T23:21:31.588+0000] {dag.py:3947} INFO - Setting next_dagrun for example_python_operator to None, run_after=None
[2024-07-25T23:21:31.610+0000] {processor.py:183} INFO - Processing /home/airflow/.local/lib/python3.12/site-packages/airflow/example_dags/example_python_operator.py took 0.075 seconds
[2024-07-25T23:22:02.118+0000] {processor.py:161} INFO - Started process (PID=628) to work on /home/airflow/.local/lib/python3.12/site-packages/airflow/example_dags/example_python_operator.py
[2024-07-25T23:22:02.119+0000] {processor.py:830} INFO - Processing file /home/airflow/.local/lib/python3.12/site-packages/airflow/example_dags/example_python_operator.py for tasks to queue
[2024-07-25T23:22:02.121+0000] {logging_mixin.py:188} INFO - [2024-07-25T23:22:02.120+0000] {dagbag.py:545} INFO - Filling up the DagBag from /home/airflow/.local/lib/python3.12/site-packages/airflow/example_dags/example_python_operator.py
[2024-07-25T23:22:02.133+0000] {processor.py:840} INFO - DAG(s) 'example_python_operator' retrieved from /home/airflow/.local/lib/python3.12/site-packages/airflow/example_dags/example_python_operator.py
[2024-07-25T23:22:02.156+0000] {logging_mixin.py:188} INFO - [2024-07-25T23:22:02.156+0000] {dag.py:3089} INFO - Sync 1 DAGs
[2024-07-25T23:22:02.169+0000] {logging_mixin.py:188} INFO - [2024-07-25T23:22:02.169+0000] {dag.py:3947} INFO - Setting next_dagrun for example_python_operator to None, run_after=None
[2024-07-25T23:22:02.191+0000] {processor.py:183} INFO - Processing /home/airflow/.local/lib/python3.12/site-packages/airflow/example_dags/example_python_operator.py took 0.082 seconds
[2024-07-25T23:22:32.933+0000] {processor.py:161} INFO - Started process (PID=687) to work on /home/airflow/.local/lib/python3.12/site-packages/airflow/example_dags/example_python_operator.py
[2024-07-25T23:22:32.934+0000] {processor.py:830} INFO - Processing file /home/airflow/.local/lib/python3.12/site-packages/airflow/example_dags/example_python_operator.py for tasks to queue
[2024-07-25T23:22:32.937+0000] {logging_mixin.py:188} INFO - [2024-07-25T23:22:32.936+0000] {dagbag.py:545} INFO - Filling up the DagBag from /home/airflow/.local/lib/python3.12/site-packages/airflow/example_dags/example_python_operator.py
[2024-07-25T23:22:32.950+0000] {processor.py:840} INFO - DAG(s) 'example_python_operator' retrieved from /home/airflow/.local/lib/python3.12/site-packages/airflow/example_dags/example_python_operator.py
[2024-07-25T23:22:32.970+0000] {logging_mixin.py:188} INFO - [2024-07-25T23:22:32.970+0000] {dag.py:3089} INFO - Sync 1 DAGs
[2024-07-25T23:22:32.981+0000] {logging_mixin.py:188} INFO - [2024-07-25T23:22:32.980+0000] {dag.py:3947} INFO - Setting next_dagrun for example_python_operator to None, run_after=None
[2024-07-25T23:22:33.006+0000] {processor.py:183} INFO - Processing /home/airflow/.local/lib/python3.12/site-packages/airflow/example_dags/example_python_operator.py took 0.082 seconds
[2024-07-25T23:23:03.413+0000] {processor.py:161} INFO - Started process (PID=747) to work on /home/airflow/.local/lib/python3.12/site-packages/airflow/example_dags/example_python_operator.py
[2024-07-25T23:23:03.414+0000] {processor.py:830} INFO - Processing file /home/airflow/.local/lib/python3.12/site-packages/airflow/example_dags/example_python_operator.py for tasks to queue
[2024-07-25T23:23:03.418+0000] {logging_mixin.py:188} INFO - [2024-07-25T23:23:03.417+0000] {dagbag.py:545} INFO - Filling up the DagBag from /home/airflow/.local/lib/python3.12/site-packages/airflow/example_dags/example_python_operator.py
[2024-07-25T23:23:03.436+0000] {processor.py:840} INFO - DAG(s) 'example_python_operator' retrieved from /home/airflow/.local/lib/python3.12/site-packages/airflow/example_dags/example_python_operator.py
[2024-07-25T23:23:03.491+0000] {logging_mixin.py:188} INFO - [2024-07-25T23:23:03.491+0000] {dag.py:3089} INFO - Sync 1 DAGs
[2024-07-25T23:23:03.505+0000] {logging_mixin.py:188} INFO - [2024-07-25T23:23:03.505+0000] {dag.py:3947} INFO - Setting next_dagrun for example_python_operator to None, run_after=None
[2024-07-25T23:23:03.524+0000] {processor.py:183} INFO - Processing /home/airflow/.local/lib/python3.12/site-packages/airflow/example_dags/example_python_operator.py took 0.122 seconds
[2024-07-25T23:23:34.178+0000] {processor.py:161} INFO - Started process (PID=807) to work on /home/airflow/.local/lib/python3.12/site-packages/airflow/example_dags/example_python_operator.py
[2024-07-25T23:23:34.183+0000] {processor.py:830} INFO - Processing file /home/airflow/.local/lib/python3.12/site-packages/airflow/example_dags/example_python_operator.py for tasks to queue
[2024-07-25T23:23:34.185+0000] {logging_mixin.py:188} INFO - [2024-07-25T23:23:34.184+0000] {dagbag.py:545} INFO - Filling up the DagBag from /home/airflow/.local/lib/python3.12/site-packages/airflow/example_dags/example_python_operator.py
[2024-07-25T23:23:34.195+0000] {processor.py:840} INFO - DAG(s) 'example_python_operator' retrieved from /home/airflow/.local/lib/python3.12/site-packages/airflow/example_dags/example_python_operator.py
[2024-07-25T23:23:34.212+0000] {logging_mixin.py:188} INFO - [2024-07-25T23:23:34.212+0000] {dag.py:3089} INFO - Sync 1 DAGs
[2024-07-25T23:23:34.223+0000] {logging_mixin.py:188} INFO - [2024-07-25T23:23:34.222+0000] {dag.py:3947} INFO - Setting next_dagrun for example_python_operator to None, run_after=None
[2024-07-25T23:23:34.243+0000] {processor.py:183} INFO - Processing /home/airflow/.local/lib/python3.12/site-packages/airflow/example_dags/example_python_operator.py took 0.069 seconds
[2024-07-25T23:24:07.477+0000] {processor.py:161} INFO - Started process (PID=867) to work on /home/airflow/.local/lib/python3.12/site-packages/airflow/example_dags/example_python_operator.py
[2024-07-25T23:24:07.478+0000] {processor.py:830} INFO - Processing file /home/airflow/.local/lib/python3.12/site-packages/airflow/example_dags/example_python_operator.py for tasks to queue
[2024-07-25T23:24:07.485+0000] {logging_mixin.py:188} INFO - [2024-07-25T23:24:07.484+0000] {dagbag.py:545} INFO - Filling up the DagBag from /home/airflow/.local/lib/python3.12/site-packages/airflow/example_dags/example_python_operator.py
[2024-07-25T23:24:07.550+0000] {processor.py:840} INFO - DAG(s) 'example_python_operator' retrieved from /home/airflow/.local/lib/python3.12/site-packages/airflow/example_dags/example_python_operator.py
[2024-07-25T23:24:07.601+0000] {logging_mixin.py:188} INFO - [2024-07-25T23:24:07.601+0000] {dag.py:3089} INFO - Sync 1 DAGs
[2024-07-25T23:24:07.622+0000] {logging_mixin.py:188} INFO - [2024-07-25T23:24:07.622+0000] {dag.py:3947} INFO - Setting next_dagrun for example_python_operator to None, run_after=None
[2024-07-25T23:24:07.673+0000] {processor.py:183} INFO - Processing /home/airflow/.local/lib/python3.12/site-packages/airflow/example_dags/example_python_operator.py took 0.204 seconds
[2024-07-25T23:24:40.921+0000] {processor.py:161} INFO - Started process (PID=933) to work on /home/airflow/.local/lib/python3.12/site-packages/airflow/example_dags/example_python_operator.py
[2024-07-25T23:24:40.923+0000] {processor.py:830} INFO - Processing file /home/airflow/.local/lib/python3.12/site-packages/airflow/example_dags/example_python_operator.py for tasks to queue
[2024-07-25T23:24:40.942+0000] {logging_mixin.py:188} INFO - [2024-07-25T23:24:40.941+0000] {dagbag.py:545} INFO - Filling up the DagBag from /home/airflow/.local/lib/python3.12/site-packages/airflow/example_dags/example_python_operator.py
[2024-07-25T23:24:41.028+0000] {processor.py:840} INFO - DAG(s) 'example_python_operator' retrieved from /home/airflow/.local/lib/python3.12/site-packages/airflow/example_dags/example_python_operator.py
[2024-07-25T23:24:41.201+0000] {logging_mixin.py:188} INFO - [2024-07-25T23:24:41.200+0000] {dag.py:3089} INFO - Sync 1 DAGs
[2024-07-25T23:24:41.278+0000] {logging_mixin.py:188} INFO - [2024-07-25T23:24:41.272+0000] {dag.py:3947} INFO - Setting next_dagrun for example_python_operator to None, run_after=None
[2024-07-25T23:24:41.334+0000] {processor.py:183} INFO - Processing /home/airflow/.local/lib/python3.12/site-packages/airflow/example_dags/example_python_operator.py took 0.440 seconds
[2024-07-25T23:25:11.907+0000] {processor.py:161} INFO - Started process (PID=993) to work on /home/airflow/.local/lib/python3.12/site-packages/airflow/example_dags/example_python_operator.py
[2024-07-25T23:25:11.908+0000] {processor.py:830} INFO - Processing file /home/airflow/.local/lib/python3.12/site-packages/airflow/example_dags/example_python_operator.py for tasks to queue
[2024-07-25T23:25:11.910+0000] {logging_mixin.py:188} INFO - [2024-07-25T23:25:11.910+0000] {dagbag.py:545} INFO - Filling up the DagBag from /home/airflow/.local/lib/python3.12/site-packages/airflow/example_dags/example_python_operator.py
[2024-07-25T23:25:11.925+0000] {processor.py:840} INFO - DAG(s) 'example_python_operator' retrieved from /home/airflow/.local/lib/python3.12/site-packages/airflow/example_dags/example_python_operator.py
[2024-07-25T23:25:11.944+0000] {logging_mixin.py:188} INFO - [2024-07-25T23:25:11.944+0000] {dag.py:3089} INFO - Sync 1 DAGs
[2024-07-25T23:25:11.954+0000] {logging_mixin.py:188} INFO - [2024-07-25T23:25:11.954+0000] {dag.py:3947} INFO - Setting next_dagrun for example_python_operator to None, run_after=None
[2024-07-25T23:25:11.973+0000] {processor.py:183} INFO - Processing /home/airflow/.local/lib/python3.12/site-packages/airflow/example_dags/example_python_operator.py took 0.073 seconds
[2024-07-25T23:27:59.744+0000] {processor.py:161} INFO - Started process (PID=93) to work on /home/airflow/.local/lib/python3.12/site-packages/airflow/example_dags/example_python_operator.py
[2024-07-25T23:27:59.750+0000] {processor.py:830} INFO - Processing file /home/airflow/.local/lib/python3.12/site-packages/airflow/example_dags/example_python_operator.py for tasks to queue
[2024-07-25T23:27:59.753+0000] {logging_mixin.py:188} INFO - [2024-07-25T23:27:59.753+0000] {dagbag.py:545} INFO - Filling up the DagBag from /home/airflow/.local/lib/python3.12/site-packages/airflow/example_dags/example_python_operator.py
[2024-07-25T23:27:59.774+0000] {processor.py:840} INFO - DAG(s) 'example_python_operator' retrieved from /home/airflow/.local/lib/python3.12/site-packages/airflow/example_dags/example_python_operator.py
[2024-07-25T23:28:00.148+0000] {logging_mixin.py:188} INFO - [2024-07-25T23:28:00.148+0000] {dag.py:3089} INFO - Sync 1 DAGs
[2024-07-25T23:28:00.167+0000] {logging_mixin.py:188} INFO - [2024-07-25T23:28:00.167+0000] {dag.py:3947} INFO - Setting next_dagrun for example_python_operator to None, run_after=None
[2024-07-25T23:28:00.194+0000] {processor.py:183} INFO - Processing /home/airflow/.local/lib/python3.12/site-packages/airflow/example_dags/example_python_operator.py took 0.459 seconds
[2024-07-25T23:28:30.380+0000] {processor.py:161} INFO - Started process (PID=153) to work on /home/airflow/.local/lib/python3.12/site-packages/airflow/example_dags/example_python_operator.py
[2024-07-25T23:28:30.381+0000] {processor.py:830} INFO - Processing file /home/airflow/.local/lib/python3.12/site-packages/airflow/example_dags/example_python_operator.py for tasks to queue
[2024-07-25T23:28:30.384+0000] {logging_mixin.py:188} INFO - [2024-07-25T23:28:30.384+0000] {dagbag.py:545} INFO - Filling up the DagBag from /home/airflow/.local/lib/python3.12/site-packages/airflow/example_dags/example_python_operator.py
[2024-07-25T23:28:30.401+0000] {processor.py:840} INFO - DAG(s) 'example_python_operator' retrieved from /home/airflow/.local/lib/python3.12/site-packages/airflow/example_dags/example_python_operator.py
[2024-07-25T23:28:30.425+0000] {logging_mixin.py:188} INFO - [2024-07-25T23:28:30.424+0000] {dag.py:3089} INFO - Sync 1 DAGs
[2024-07-25T23:28:30.440+0000] {logging_mixin.py:188} INFO - [2024-07-25T23:28:30.440+0000] {dag.py:3947} INFO - Setting next_dagrun for example_python_operator to None, run_after=None
[2024-07-25T23:28:30.492+0000] {processor.py:183} INFO - Processing /home/airflow/.local/lib/python3.12/site-packages/airflow/example_dags/example_python_operator.py took 0.121 seconds
[2024-07-25T23:29:00.575+0000] {processor.py:161} INFO - Started process (PID=215) to work on /home/airflow/.local/lib/python3.12/site-packages/airflow/example_dags/example_python_operator.py
[2024-07-25T23:29:00.576+0000] {processor.py:830} INFO - Processing file /home/airflow/.local/lib/python3.12/site-packages/airflow/example_dags/example_python_operator.py for tasks to queue
[2024-07-25T23:29:00.577+0000] {logging_mixin.py:188} INFO - [2024-07-25T23:29:00.577+0000] {dagbag.py:545} INFO - Filling up the DagBag from /home/airflow/.local/lib/python3.12/site-packages/airflow/example_dags/example_python_operator.py
[2024-07-25T23:29:00.586+0000] {processor.py:840} INFO - DAG(s) 'example_python_operator' retrieved from /home/airflow/.local/lib/python3.12/site-packages/airflow/example_dags/example_python_operator.py
[2024-07-25T23:29:00.604+0000] {logging_mixin.py:188} INFO - [2024-07-25T23:29:00.604+0000] {dag.py:3089} INFO - Sync 1 DAGs
[2024-07-25T23:29:00.616+0000] {logging_mixin.py:188} INFO - [2024-07-25T23:29:00.616+0000] {dag.py:3947} INFO - Setting next_dagrun for example_python_operator to None, run_after=None
[2024-07-25T23:29:00.629+0000] {processor.py:183} INFO - Processing /home/airflow/.local/lib/python3.12/site-packages/airflow/example_dags/example_python_operator.py took 0.058 seconds
[2024-07-25T23:29:35.040+0000] {processor.py:161} INFO - Started process (PID=285) to work on /home/airflow/.local/lib/python3.12/site-packages/airflow/example_dags/example_python_operator.py
[2024-07-25T23:29:35.049+0000] {processor.py:830} INFO - Processing file /home/airflow/.local/lib/python3.12/site-packages/airflow/example_dags/example_python_operator.py for tasks to queue
[2024-07-25T23:29:35.080+0000] {logging_mixin.py:188} INFO - [2024-07-25T23:29:35.078+0000] {dagbag.py:545} INFO - Filling up the DagBag from /home/airflow/.local/lib/python3.12/site-packages/airflow/example_dags/example_python_operator.py
[2024-07-25T23:29:35.221+0000] {processor.py:840} INFO - DAG(s) 'example_python_operator' retrieved from /home/airflow/.local/lib/python3.12/site-packages/airflow/example_dags/example_python_operator.py
[2024-07-25T23:29:35.422+0000] {logging_mixin.py:188} INFO - [2024-07-25T23:29:35.414+0000] {dag.py:3089} INFO - Sync 1 DAGs
[2024-07-25T23:29:35.562+0000] {logging_mixin.py:188} INFO - [2024-07-25T23:29:35.561+0000] {dag.py:3947} INFO - Setting next_dagrun for example_python_operator to None, run_after=None
[2024-07-25T23:29:35.719+0000] {processor.py:183} INFO - Processing /home/airflow/.local/lib/python3.12/site-packages/airflow/example_dags/example_python_operator.py took 0.695 seconds
[2024-07-25T23:30:05.889+0000] {processor.py:161} INFO - Started process (PID=343) to work on /home/airflow/.local/lib/python3.12/site-packages/airflow/example_dags/example_python_operator.py
[2024-07-25T23:30:05.892+0000] {processor.py:830} INFO - Processing file /home/airflow/.local/lib/python3.12/site-packages/airflow/example_dags/example_python_operator.py for tasks to queue
[2024-07-25T23:30:05.895+0000] {logging_mixin.py:188} INFO - [2024-07-25T23:30:05.895+0000] {dagbag.py:545} INFO - Filling up the DagBag from /home/airflow/.local/lib/python3.12/site-packages/airflow/example_dags/example_python_operator.py
[2024-07-25T23:30:05.925+0000] {processor.py:840} INFO - DAG(s) 'example_python_operator' retrieved from /home/airflow/.local/lib/python3.12/site-packages/airflow/example_dags/example_python_operator.py
[2024-07-25T23:30:05.957+0000] {logging_mixin.py:188} INFO - [2024-07-25T23:30:05.956+0000] {dag.py:3089} INFO - Sync 1 DAGs
[2024-07-25T23:30:05.967+0000] {logging_mixin.py:188} INFO - [2024-07-25T23:30:05.966+0000] {dag.py:3947} INFO - Setting next_dagrun for example_python_operator to None, run_after=None
[2024-07-25T23:30:05.989+0000] {processor.py:183} INFO - Processing /home/airflow/.local/lib/python3.12/site-packages/airflow/example_dags/example_python_operator.py took 0.109 seconds
[2024-07-25T23:30:36.581+0000] {processor.py:161} INFO - Started process (PID=403) to work on /home/airflow/.local/lib/python3.12/site-packages/airflow/example_dags/example_python_operator.py
[2024-07-25T23:30:36.585+0000] {processor.py:830} INFO - Processing file /home/airflow/.local/lib/python3.12/site-packages/airflow/example_dags/example_python_operator.py for tasks to queue
[2024-07-25T23:30:36.590+0000] {logging_mixin.py:188} INFO - [2024-07-25T23:30:36.589+0000] {dagbag.py:545} INFO - Filling up the DagBag from /home/airflow/.local/lib/python3.12/site-packages/airflow/example_dags/example_python_operator.py
[2024-07-25T23:30:36.612+0000] {processor.py:840} INFO - DAG(s) 'example_python_operator' retrieved from /home/airflow/.local/lib/python3.12/site-packages/airflow/example_dags/example_python_operator.py
[2024-07-25T23:30:36.685+0000] {logging_mixin.py:188} INFO - [2024-07-25T23:30:36.684+0000] {dag.py:3089} INFO - Sync 1 DAGs
[2024-07-25T23:30:36.710+0000] {logging_mixin.py:188} INFO - [2024-07-25T23:30:36.710+0000] {dag.py:3947} INFO - Setting next_dagrun for example_python_operator to None, run_after=None
[2024-07-25T23:30:36.737+0000] {processor.py:183} INFO - Processing /home/airflow/.local/lib/python3.12/site-packages/airflow/example_dags/example_python_operator.py took 0.168 seconds
[2024-07-25T23:31:08.521+0000] {processor.py:161} INFO - Started process (PID=463) to work on /home/airflow/.local/lib/python3.12/site-packages/airflow/example_dags/example_python_operator.py
[2024-07-25T23:31:08.526+0000] {processor.py:830} INFO - Processing file /home/airflow/.local/lib/python3.12/site-packages/airflow/example_dags/example_python_operator.py for tasks to queue
[2024-07-25T23:31:08.532+0000] {logging_mixin.py:188} INFO - [2024-07-25T23:31:08.530+0000] {dagbag.py:545} INFO - Filling up the DagBag from /home/airflow/.local/lib/python3.12/site-packages/airflow/example_dags/example_python_operator.py
[2024-07-25T23:31:08.643+0000] {processor.py:840} INFO - DAG(s) 'example_python_operator' retrieved from /home/airflow/.local/lib/python3.12/site-packages/airflow/example_dags/example_python_operator.py
[2024-07-25T23:31:08.731+0000] {logging_mixin.py:188} INFO - [2024-07-25T23:31:08.731+0000] {dag.py:3089} INFO - Sync 1 DAGs
[2024-07-25T23:31:08.761+0000] {logging_mixin.py:188} INFO - [2024-07-25T23:31:08.761+0000] {dag.py:3947} INFO - Setting next_dagrun for example_python_operator to None, run_after=None
[2024-07-25T23:31:08.808+0000] {processor.py:183} INFO - Processing /home/airflow/.local/lib/python3.12/site-packages/airflow/example_dags/example_python_operator.py took 0.320 seconds
[2024-07-25T23:31:39.356+0000] {processor.py:161} INFO - Started process (PID=523) to work on /home/airflow/.local/lib/python3.12/site-packages/airflow/example_dags/example_python_operator.py
[2024-07-25T23:31:39.359+0000] {processor.py:830} INFO - Processing file /home/airflow/.local/lib/python3.12/site-packages/airflow/example_dags/example_python_operator.py for tasks to queue
[2024-07-25T23:31:39.367+0000] {logging_mixin.py:188} INFO - [2024-07-25T23:31:39.367+0000] {dagbag.py:545} INFO - Filling up the DagBag from /home/airflow/.local/lib/python3.12/site-packages/airflow/example_dags/example_python_operator.py
[2024-07-25T23:31:39.415+0000] {processor.py:840} INFO - DAG(s) 'example_python_operator' retrieved from /home/airflow/.local/lib/python3.12/site-packages/airflow/example_dags/example_python_operator.py
[2024-07-25T23:31:39.465+0000] {logging_mixin.py:188} INFO - [2024-07-25T23:31:39.465+0000] {dag.py:3089} INFO - Sync 1 DAGs
[2024-07-25T23:31:39.483+0000] {logging_mixin.py:188} INFO - [2024-07-25T23:31:39.482+0000] {dag.py:3947} INFO - Setting next_dagrun for example_python_operator to None, run_after=None
[2024-07-25T23:31:39.516+0000] {processor.py:183} INFO - Processing /home/airflow/.local/lib/python3.12/site-packages/airflow/example_dags/example_python_operator.py took 0.181 seconds
[2024-07-25T23:32:10.258+0000] {processor.py:161} INFO - Started process (PID=583) to work on /home/airflow/.local/lib/python3.12/site-packages/airflow/example_dags/example_python_operator.py
[2024-07-25T23:32:10.262+0000] {processor.py:830} INFO - Processing file /home/airflow/.local/lib/python3.12/site-packages/airflow/example_dags/example_python_operator.py for tasks to queue
[2024-07-25T23:32:10.277+0000] {logging_mixin.py:188} INFO - [2024-07-25T23:32:10.277+0000] {dagbag.py:545} INFO - Filling up the DagBag from /home/airflow/.local/lib/python3.12/site-packages/airflow/example_dags/example_python_operator.py
[2024-07-25T23:32:10.320+0000] {processor.py:840} INFO - DAG(s) 'example_python_operator' retrieved from /home/airflow/.local/lib/python3.12/site-packages/airflow/example_dags/example_python_operator.py
[2024-07-25T23:32:10.366+0000] {logging_mixin.py:188} INFO - [2024-07-25T23:32:10.365+0000] {dag.py:3089} INFO - Sync 1 DAGs
[2024-07-25T23:32:10.386+0000] {logging_mixin.py:188} INFO - [2024-07-25T23:32:10.386+0000] {dag.py:3947} INFO - Setting next_dagrun for example_python_operator to None, run_after=None
[2024-07-25T23:32:10.408+0000] {processor.py:183} INFO - Processing /home/airflow/.local/lib/python3.12/site-packages/airflow/example_dags/example_python_operator.py took 0.159 seconds
[2024-07-25T23:32:40.950+0000] {processor.py:161} INFO - Started process (PID=643) to work on /home/airflow/.local/lib/python3.12/site-packages/airflow/example_dags/example_python_operator.py
[2024-07-25T23:32:40.953+0000] {processor.py:830} INFO - Processing file /home/airflow/.local/lib/python3.12/site-packages/airflow/example_dags/example_python_operator.py for tasks to queue
[2024-07-25T23:32:40.957+0000] {logging_mixin.py:188} INFO - [2024-07-25T23:32:40.956+0000] {dagbag.py:545} INFO - Filling up the DagBag from /home/airflow/.local/lib/python3.12/site-packages/airflow/example_dags/example_python_operator.py
[2024-07-25T23:32:40.968+0000] {processor.py:840} INFO - DAG(s) 'example_python_operator' retrieved from /home/airflow/.local/lib/python3.12/site-packages/airflow/example_dags/example_python_operator.py
[2024-07-25T23:32:40.997+0000] {logging_mixin.py:188} INFO - [2024-07-25T23:32:40.997+0000] {dag.py:3089} INFO - Sync 1 DAGs
[2024-07-25T23:32:41.009+0000] {logging_mixin.py:188} INFO - [2024-07-25T23:32:41.009+0000] {dag.py:3947} INFO - Setting next_dagrun for example_python_operator to None, run_after=None
[2024-07-25T23:32:41.028+0000] {processor.py:183} INFO - Processing /home/airflow/.local/lib/python3.12/site-packages/airflow/example_dags/example_python_operator.py took 0.085 seconds
[2024-07-25T23:33:11.516+0000] {processor.py:161} INFO - Started process (PID=703) to work on /home/airflow/.local/lib/python3.12/site-packages/airflow/example_dags/example_python_operator.py
[2024-07-25T23:33:11.518+0000] {processor.py:830} INFO - Processing file /home/airflow/.local/lib/python3.12/site-packages/airflow/example_dags/example_python_operator.py for tasks to queue
[2024-07-25T23:33:11.520+0000] {logging_mixin.py:188} INFO - [2024-07-25T23:33:11.520+0000] {dagbag.py:545} INFO - Filling up the DagBag from /home/airflow/.local/lib/python3.12/site-packages/airflow/example_dags/example_python_operator.py
[2024-07-25T23:33:11.539+0000] {processor.py:840} INFO - DAG(s) 'example_python_operator' retrieved from /home/airflow/.local/lib/python3.12/site-packages/airflow/example_dags/example_python_operator.py
[2024-07-25T23:33:11.576+0000] {logging_mixin.py:188} INFO - [2024-07-25T23:33:11.576+0000] {dag.py:3089} INFO - Sync 1 DAGs
[2024-07-25T23:33:11.596+0000] {logging_mixin.py:188} INFO - [2024-07-25T23:33:11.594+0000] {dag.py:3947} INFO - Setting next_dagrun for example_python_operator to None, run_after=None
[2024-07-25T23:33:11.615+0000] {processor.py:183} INFO - Processing /home/airflow/.local/lib/python3.12/site-packages/airflow/example_dags/example_python_operator.py took 0.107 seconds
[2024-07-25T23:33:42.030+0000] {processor.py:161} INFO - Started process (PID=763) to work on /home/airflow/.local/lib/python3.12/site-packages/airflow/example_dags/example_python_operator.py
[2024-07-25T23:33:42.035+0000] {processor.py:830} INFO - Processing file /home/airflow/.local/lib/python3.12/site-packages/airflow/example_dags/example_python_operator.py for tasks to queue
[2024-07-25T23:33:42.041+0000] {logging_mixin.py:188} INFO - [2024-07-25T23:33:42.040+0000] {dagbag.py:545} INFO - Filling up the DagBag from /home/airflow/.local/lib/python3.12/site-packages/airflow/example_dags/example_python_operator.py
[2024-07-25T23:33:42.075+0000] {processor.py:840} INFO - DAG(s) 'example_python_operator' retrieved from /home/airflow/.local/lib/python3.12/site-packages/airflow/example_dags/example_python_operator.py
[2024-07-25T23:33:42.106+0000] {logging_mixin.py:188} INFO - [2024-07-25T23:33:42.106+0000] {dag.py:3089} INFO - Sync 1 DAGs
[2024-07-25T23:33:42.131+0000] {logging_mixin.py:188} INFO - [2024-07-25T23:33:42.130+0000] {dag.py:3947} INFO - Setting next_dagrun for example_python_operator to None, run_after=None
[2024-07-25T23:33:42.182+0000] {processor.py:183} INFO - Processing /home/airflow/.local/lib/python3.12/site-packages/airflow/example_dags/example_python_operator.py took 0.161 seconds
[2024-07-25T23:34:12.348+0000] {processor.py:161} INFO - Started process (PID=823) to work on /home/airflow/.local/lib/python3.12/site-packages/airflow/example_dags/example_python_operator.py
[2024-07-25T23:34:12.352+0000] {processor.py:830} INFO - Processing file /home/airflow/.local/lib/python3.12/site-packages/airflow/example_dags/example_python_operator.py for tasks to queue
[2024-07-25T23:34:12.357+0000] {logging_mixin.py:188} INFO - [2024-07-25T23:34:12.357+0000] {dagbag.py:545} INFO - Filling up the DagBag from /home/airflow/.local/lib/python3.12/site-packages/airflow/example_dags/example_python_operator.py
[2024-07-25T23:34:12.397+0000] {processor.py:840} INFO - DAG(s) 'example_python_operator' retrieved from /home/airflow/.local/lib/python3.12/site-packages/airflow/example_dags/example_python_operator.py
[2024-07-25T23:34:12.430+0000] {logging_mixin.py:188} INFO - [2024-07-25T23:34:12.429+0000] {dag.py:3089} INFO - Sync 1 DAGs
[2024-07-25T23:34:12.456+0000] {logging_mixin.py:188} INFO - [2024-07-25T23:34:12.455+0000] {dag.py:3947} INFO - Setting next_dagrun for example_python_operator to None, run_after=None
[2024-07-25T23:34:12.499+0000] {processor.py:183} INFO - Processing /home/airflow/.local/lib/python3.12/site-packages/airflow/example_dags/example_python_operator.py took 0.167 seconds
[2024-07-25T23:34:42.587+0000] {processor.py:161} INFO - Started process (PID=882) to work on /home/airflow/.local/lib/python3.12/site-packages/airflow/example_dags/example_python_operator.py
[2024-07-25T23:34:42.591+0000] {processor.py:830} INFO - Processing file /home/airflow/.local/lib/python3.12/site-packages/airflow/example_dags/example_python_operator.py for tasks to queue
[2024-07-25T23:34:42.600+0000] {logging_mixin.py:188} INFO - [2024-07-25T23:34:42.599+0000] {dagbag.py:545} INFO - Filling up the DagBag from /home/airflow/.local/lib/python3.12/site-packages/airflow/example_dags/example_python_operator.py
[2024-07-25T23:34:42.656+0000] {processor.py:840} INFO - DAG(s) 'example_python_operator' retrieved from /home/airflow/.local/lib/python3.12/site-packages/airflow/example_dags/example_python_operator.py
[2024-07-25T23:34:42.716+0000] {logging_mixin.py:188} INFO - [2024-07-25T23:34:42.716+0000] {dag.py:3089} INFO - Sync 1 DAGs
[2024-07-25T23:34:42.739+0000] {logging_mixin.py:188} INFO - [2024-07-25T23:34:42.738+0000] {dag.py:3947} INFO - Setting next_dagrun for example_python_operator to None, run_after=None
[2024-07-25T23:34:42.773+0000] {processor.py:183} INFO - Processing /home/airflow/.local/lib/python3.12/site-packages/airflow/example_dags/example_python_operator.py took 0.192 seconds
[2024-07-25T23:35:12.965+0000] {processor.py:161} INFO - Started process (PID=942) to work on /home/airflow/.local/lib/python3.12/site-packages/airflow/example_dags/example_python_operator.py
[2024-07-25T23:35:12.969+0000] {processor.py:830} INFO - Processing file /home/airflow/.local/lib/python3.12/site-packages/airflow/example_dags/example_python_operator.py for tasks to queue
[2024-07-25T23:35:12.977+0000] {logging_mixin.py:188} INFO - [2024-07-25T23:35:12.976+0000] {dagbag.py:545} INFO - Filling up the DagBag from /home/airflow/.local/lib/python3.12/site-packages/airflow/example_dags/example_python_operator.py
[2024-07-25T23:35:13.004+0000] {processor.py:840} INFO - DAG(s) 'example_python_operator' retrieved from /home/airflow/.local/lib/python3.12/site-packages/airflow/example_dags/example_python_operator.py
[2024-07-25T23:35:13.046+0000] {logging_mixin.py:188} INFO - [2024-07-25T23:35:13.046+0000] {dag.py:3089} INFO - Sync 1 DAGs
[2024-07-25T23:35:13.071+0000] {logging_mixin.py:188} INFO - [2024-07-25T23:35:13.071+0000] {dag.py:3947} INFO - Setting next_dagrun for example_python_operator to None, run_after=None
[2024-07-25T23:35:13.096+0000] {processor.py:183} INFO - Processing /home/airflow/.local/lib/python3.12/site-packages/airflow/example_dags/example_python_operator.py took 0.176 seconds
[2024-07-25T23:35:43.565+0000] {processor.py:161} INFO - Started process (PID=1002) to work on /home/airflow/.local/lib/python3.12/site-packages/airflow/example_dags/example_python_operator.py
[2024-07-25T23:35:43.568+0000] {processor.py:830} INFO - Processing file /home/airflow/.local/lib/python3.12/site-packages/airflow/example_dags/example_python_operator.py for tasks to queue
[2024-07-25T23:35:43.573+0000] {logging_mixin.py:188} INFO - [2024-07-25T23:35:43.572+0000] {dagbag.py:545} INFO - Filling up the DagBag from /home/airflow/.local/lib/python3.12/site-packages/airflow/example_dags/example_python_operator.py
[2024-07-25T23:35:43.617+0000] {processor.py:840} INFO - DAG(s) 'example_python_operator' retrieved from /home/airflow/.local/lib/python3.12/site-packages/airflow/example_dags/example_python_operator.py
[2024-07-25T23:35:43.658+0000] {logging_mixin.py:188} INFO - [2024-07-25T23:35:43.657+0000] {dag.py:3089} INFO - Sync 1 DAGs
[2024-07-25T23:35:43.682+0000] {logging_mixin.py:188} INFO - [2024-07-25T23:35:43.682+0000] {dag.py:3947} INFO - Setting next_dagrun for example_python_operator to None, run_after=None
[2024-07-25T23:35:43.711+0000] {processor.py:183} INFO - Processing /home/airflow/.local/lib/python3.12/site-packages/airflow/example_dags/example_python_operator.py took 0.153 seconds
[2024-07-25T23:36:14.076+0000] {processor.py:161} INFO - Started process (PID=1062) to work on /home/airflow/.local/lib/python3.12/site-packages/airflow/example_dags/example_python_operator.py
[2024-07-25T23:36:14.082+0000] {processor.py:830} INFO - Processing file /home/airflow/.local/lib/python3.12/site-packages/airflow/example_dags/example_python_operator.py for tasks to queue
[2024-07-25T23:36:14.084+0000] {logging_mixin.py:188} INFO - [2024-07-25T23:36:14.083+0000] {dagbag.py:545} INFO - Filling up the DagBag from /home/airflow/.local/lib/python3.12/site-packages/airflow/example_dags/example_python_operator.py
[2024-07-25T23:36:14.092+0000] {processor.py:840} INFO - DAG(s) 'example_python_operator' retrieved from /home/airflow/.local/lib/python3.12/site-packages/airflow/example_dags/example_python_operator.py
[2024-07-25T23:36:14.109+0000] {logging_mixin.py:188} INFO - [2024-07-25T23:36:14.108+0000] {dag.py:3089} INFO - Sync 1 DAGs
[2024-07-25T23:36:14.120+0000] {logging_mixin.py:188} INFO - [2024-07-25T23:36:14.120+0000] {dag.py:3947} INFO - Setting next_dagrun for example_python_operator to None, run_after=None
[2024-07-25T23:36:14.134+0000] {processor.py:183} INFO - Processing /home/airflow/.local/lib/python3.12/site-packages/airflow/example_dags/example_python_operator.py took 0.063 seconds
[2024-07-25T23:36:44.746+0000] {processor.py:161} INFO - Started process (PID=1121) to work on /home/airflow/.local/lib/python3.12/site-packages/airflow/example_dags/example_python_operator.py
[2024-07-25T23:36:44.747+0000] {processor.py:830} INFO - Processing file /home/airflow/.local/lib/python3.12/site-packages/airflow/example_dags/example_python_operator.py for tasks to queue
[2024-07-25T23:36:44.749+0000] {logging_mixin.py:188} INFO - [2024-07-25T23:36:44.749+0000] {dagbag.py:545} INFO - Filling up the DagBag from /home/airflow/.local/lib/python3.12/site-packages/airflow/example_dags/example_python_operator.py
[2024-07-25T23:36:44.757+0000] {processor.py:840} INFO - DAG(s) 'example_python_operator' retrieved from /home/airflow/.local/lib/python3.12/site-packages/airflow/example_dags/example_python_operator.py
[2024-07-25T23:36:44.776+0000] {logging_mixin.py:188} INFO - [2024-07-25T23:36:44.776+0000] {dag.py:3089} INFO - Sync 1 DAGs
[2024-07-25T23:36:44.785+0000] {logging_mixin.py:188} INFO - [2024-07-25T23:36:44.785+0000] {dag.py:3947} INFO - Setting next_dagrun for example_python_operator to None, run_after=None
[2024-07-25T23:36:44.806+0000] {processor.py:183} INFO - Processing /home/airflow/.local/lib/python3.12/site-packages/airflow/example_dags/example_python_operator.py took 0.065 seconds
[2024-07-25T23:37:14.898+0000] {processor.py:161} INFO - Started process (PID=1179) to work on /home/airflow/.local/lib/python3.12/site-packages/airflow/example_dags/example_python_operator.py
[2024-07-25T23:37:14.904+0000] {processor.py:830} INFO - Processing file /home/airflow/.local/lib/python3.12/site-packages/airflow/example_dags/example_python_operator.py for tasks to queue
[2024-07-25T23:37:14.906+0000] {logging_mixin.py:188} INFO - [2024-07-25T23:37:14.906+0000] {dagbag.py:545} INFO - Filling up the DagBag from /home/airflow/.local/lib/python3.12/site-packages/airflow/example_dags/example_python_operator.py
[2024-07-25T23:37:14.918+0000] {processor.py:840} INFO - DAG(s) 'example_python_operator' retrieved from /home/airflow/.local/lib/python3.12/site-packages/airflow/example_dags/example_python_operator.py
[2024-07-25T23:37:14.947+0000] {logging_mixin.py:188} INFO - [2024-07-25T23:37:14.947+0000] {dag.py:3089} INFO - Sync 1 DAGs
[2024-07-25T23:37:14.961+0000] {logging_mixin.py:188} INFO - [2024-07-25T23:37:14.961+0000] {dag.py:3947} INFO - Setting next_dagrun for example_python_operator to None, run_after=None
[2024-07-25T23:37:14.978+0000] {processor.py:183} INFO - Processing /home/airflow/.local/lib/python3.12/site-packages/airflow/example_dags/example_python_operator.py took 0.086 seconds
[2024-07-25T23:37:45.359+0000] {processor.py:161} INFO - Started process (PID=1238) to work on /home/airflow/.local/lib/python3.12/site-packages/airflow/example_dags/example_python_operator.py
[2024-07-25T23:37:45.360+0000] {processor.py:830} INFO - Processing file /home/airflow/.local/lib/python3.12/site-packages/airflow/example_dags/example_python_operator.py for tasks to queue
[2024-07-25T23:37:45.362+0000] {logging_mixin.py:188} INFO - [2024-07-25T23:37:45.362+0000] {dagbag.py:545} INFO - Filling up the DagBag from /home/airflow/.local/lib/python3.12/site-packages/airflow/example_dags/example_python_operator.py
[2024-07-25T23:37:45.377+0000] {processor.py:840} INFO - DAG(s) 'example_python_operator' retrieved from /home/airflow/.local/lib/python3.12/site-packages/airflow/example_dags/example_python_operator.py
[2024-07-25T23:37:45.401+0000] {logging_mixin.py:188} INFO - [2024-07-25T23:37:45.401+0000] {dag.py:3089} INFO - Sync 1 DAGs
[2024-07-25T23:37:45.412+0000] {logging_mixin.py:188} INFO - [2024-07-25T23:37:45.412+0000] {dag.py:3947} INFO - Setting next_dagrun for example_python_operator to None, run_after=None
[2024-07-25T23:37:45.436+0000] {processor.py:183} INFO - Processing /home/airflow/.local/lib/python3.12/site-packages/airflow/example_dags/example_python_operator.py took 0.082 seconds
[2024-07-25T23:38:16.092+0000] {processor.py:161} INFO - Started process (PID=1298) to work on /home/airflow/.local/lib/python3.12/site-packages/airflow/example_dags/example_python_operator.py
[2024-07-25T23:38:16.093+0000] {processor.py:830} INFO - Processing file /home/airflow/.local/lib/python3.12/site-packages/airflow/example_dags/example_python_operator.py for tasks to queue
[2024-07-25T23:38:16.094+0000] {logging_mixin.py:188} INFO - [2024-07-25T23:38:16.094+0000] {dagbag.py:545} INFO - Filling up the DagBag from /home/airflow/.local/lib/python3.12/site-packages/airflow/example_dags/example_python_operator.py
[2024-07-25T23:38:16.107+0000] {processor.py:840} INFO - DAG(s) 'example_python_operator' retrieved from /home/airflow/.local/lib/python3.12/site-packages/airflow/example_dags/example_python_operator.py
[2024-07-25T23:38:16.131+0000] {logging_mixin.py:188} INFO - [2024-07-25T23:38:16.131+0000] {dag.py:3089} INFO - Sync 1 DAGs
[2024-07-25T23:38:16.142+0000] {logging_mixin.py:188} INFO - [2024-07-25T23:38:16.142+0000] {dag.py:3947} INFO - Setting next_dagrun for example_python_operator to None, run_after=None
[2024-07-25T23:38:16.165+0000] {processor.py:183} INFO - Processing /home/airflow/.local/lib/python3.12/site-packages/airflow/example_dags/example_python_operator.py took 0.078 seconds
[2024-07-25T23:38:46.442+0000] {processor.py:161} INFO - Started process (PID=1358) to work on /home/airflow/.local/lib/python3.12/site-packages/airflow/example_dags/example_python_operator.py
[2024-07-25T23:38:46.443+0000] {processor.py:830} INFO - Processing file /home/airflow/.local/lib/python3.12/site-packages/airflow/example_dags/example_python_operator.py for tasks to queue
[2024-07-25T23:38:46.444+0000] {logging_mixin.py:188} INFO - [2024-07-25T23:38:46.444+0000] {dagbag.py:545} INFO - Filling up the DagBag from /home/airflow/.local/lib/python3.12/site-packages/airflow/example_dags/example_python_operator.py
[2024-07-25T23:38:46.454+0000] {processor.py:840} INFO - DAG(s) 'example_python_operator' retrieved from /home/airflow/.local/lib/python3.12/site-packages/airflow/example_dags/example_python_operator.py
[2024-07-25T23:38:46.475+0000] {logging_mixin.py:188} INFO - [2024-07-25T23:38:46.475+0000] {dag.py:3089} INFO - Sync 1 DAGs
[2024-07-25T23:38:46.485+0000] {logging_mixin.py:188} INFO - [2024-07-25T23:38:46.485+0000] {dag.py:3947} INFO - Setting next_dagrun for example_python_operator to None, run_after=None
[2024-07-25T23:38:46.504+0000] {processor.py:183} INFO - Processing /home/airflow/.local/lib/python3.12/site-packages/airflow/example_dags/example_python_operator.py took 0.067 seconds
[2024-07-25T23:39:16.875+0000] {processor.py:161} INFO - Started process (PID=1418) to work on /home/airflow/.local/lib/python3.12/site-packages/airflow/example_dags/example_python_operator.py
[2024-07-25T23:39:16.875+0000] {processor.py:830} INFO - Processing file /home/airflow/.local/lib/python3.12/site-packages/airflow/example_dags/example_python_operator.py for tasks to queue
[2024-07-25T23:39:16.877+0000] {logging_mixin.py:188} INFO - [2024-07-25T23:39:16.877+0000] {dagbag.py:545} INFO - Filling up the DagBag from /home/airflow/.local/lib/python3.12/site-packages/airflow/example_dags/example_python_operator.py
[2024-07-25T23:39:16.886+0000] {processor.py:840} INFO - DAG(s) 'example_python_operator' retrieved from /home/airflow/.local/lib/python3.12/site-packages/airflow/example_dags/example_python_operator.py
[2024-07-25T23:39:16.905+0000] {logging_mixin.py:188} INFO - [2024-07-25T23:39:16.905+0000] {dag.py:3089} INFO - Sync 1 DAGs
[2024-07-25T23:39:16.914+0000] {logging_mixin.py:188} INFO - [2024-07-25T23:39:16.914+0000] {dag.py:3947} INFO - Setting next_dagrun for example_python_operator to None, run_after=None
[2024-07-25T23:39:16.929+0000] {processor.py:183} INFO - Processing /home/airflow/.local/lib/python3.12/site-packages/airflow/example_dags/example_python_operator.py took 0.059 seconds
[2024-07-25T23:39:47.811+0000] {processor.py:161} INFO - Started process (PID=1478) to work on /home/airflow/.local/lib/python3.12/site-packages/airflow/example_dags/example_python_operator.py
[2024-07-25T23:39:47.812+0000] {processor.py:830} INFO - Processing file /home/airflow/.local/lib/python3.12/site-packages/airflow/example_dags/example_python_operator.py for tasks to queue
[2024-07-25T23:39:47.814+0000] {logging_mixin.py:188} INFO - [2024-07-25T23:39:47.814+0000] {dagbag.py:545} INFO - Filling up the DagBag from /home/airflow/.local/lib/python3.12/site-packages/airflow/example_dags/example_python_operator.py
[2024-07-25T23:39:47.823+0000] {processor.py:840} INFO - DAG(s) 'example_python_operator' retrieved from /home/airflow/.local/lib/python3.12/site-packages/airflow/example_dags/example_python_operator.py
[2024-07-25T23:39:47.838+0000] {logging_mixin.py:188} INFO - [2024-07-25T23:39:47.838+0000] {dag.py:3089} INFO - Sync 1 DAGs
[2024-07-25T23:39:47.846+0000] {logging_mixin.py:188} INFO - [2024-07-25T23:39:47.846+0000] {dag.py:3947} INFO - Setting next_dagrun for example_python_operator to None, run_after=None
[2024-07-25T23:39:47.857+0000] {processor.py:183} INFO - Processing /home/airflow/.local/lib/python3.12/site-packages/airflow/example_dags/example_python_operator.py took 0.050 seconds
[2024-07-25T23:40:18.648+0000] {processor.py:161} INFO - Started process (PID=1538) to work on /home/airflow/.local/lib/python3.12/site-packages/airflow/example_dags/example_python_operator.py
[2024-07-25T23:40:18.651+0000] {processor.py:830} INFO - Processing file /home/airflow/.local/lib/python3.12/site-packages/airflow/example_dags/example_python_operator.py for tasks to queue
[2024-07-25T23:40:18.653+0000] {logging_mixin.py:188} INFO - [2024-07-25T23:40:18.653+0000] {dagbag.py:545} INFO - Filling up the DagBag from /home/airflow/.local/lib/python3.12/site-packages/airflow/example_dags/example_python_operator.py
[2024-07-25T23:40:18.663+0000] {processor.py:840} INFO - DAG(s) 'example_python_operator' retrieved from /home/airflow/.local/lib/python3.12/site-packages/airflow/example_dags/example_python_operator.py
[2024-07-25T23:40:18.680+0000] {logging_mixin.py:188} INFO - [2024-07-25T23:40:18.679+0000] {dag.py:3089} INFO - Sync 1 DAGs
[2024-07-25T23:40:18.688+0000] {logging_mixin.py:188} INFO - [2024-07-25T23:40:18.688+0000] {dag.py:3947} INFO - Setting next_dagrun for example_python_operator to None, run_after=None
[2024-07-25T23:40:18.701+0000] {processor.py:183} INFO - Processing /home/airflow/.local/lib/python3.12/site-packages/airflow/example_dags/example_python_operator.py took 0.058 seconds
[2024-07-25T23:40:49.767+0000] {processor.py:161} INFO - Started process (PID=1598) to work on /home/airflow/.local/lib/python3.12/site-packages/airflow/example_dags/example_python_operator.py
[2024-07-25T23:40:49.768+0000] {processor.py:830} INFO - Processing file /home/airflow/.local/lib/python3.12/site-packages/airflow/example_dags/example_python_operator.py for tasks to queue
[2024-07-25T23:40:49.770+0000] {logging_mixin.py:188} INFO - [2024-07-25T23:40:49.770+0000] {dagbag.py:545} INFO - Filling up the DagBag from /home/airflow/.local/lib/python3.12/site-packages/airflow/example_dags/example_python_operator.py
[2024-07-25T23:40:49.789+0000] {processor.py:840} INFO - DAG(s) 'example_python_operator' retrieved from /home/airflow/.local/lib/python3.12/site-packages/airflow/example_dags/example_python_operator.py
[2024-07-25T23:40:49.805+0000] {logging_mixin.py:188} INFO - [2024-07-25T23:40:49.805+0000] {dag.py:3089} INFO - Sync 1 DAGs
[2024-07-25T23:40:49.813+0000] {logging_mixin.py:188} INFO - [2024-07-25T23:40:49.813+0000] {dag.py:3947} INFO - Setting next_dagrun for example_python_operator to None, run_after=None
[2024-07-25T23:40:49.824+0000] {processor.py:183} INFO - Processing /home/airflow/.local/lib/python3.12/site-packages/airflow/example_dags/example_python_operator.py took 0.062 seconds
[2024-07-25T23:41:20.935+0000] {processor.py:161} INFO - Started process (PID=1658) to work on /home/airflow/.local/lib/python3.12/site-packages/airflow/example_dags/example_python_operator.py
[2024-07-25T23:41:20.937+0000] {processor.py:830} INFO - Processing file /home/airflow/.local/lib/python3.12/site-packages/airflow/example_dags/example_python_operator.py for tasks to queue
[2024-07-25T23:41:20.939+0000] {logging_mixin.py:188} INFO - [2024-07-25T23:41:20.938+0000] {dagbag.py:545} INFO - Filling up the DagBag from /home/airflow/.local/lib/python3.12/site-packages/airflow/example_dags/example_python_operator.py
[2024-07-25T23:41:20.949+0000] {processor.py:840} INFO - DAG(s) 'example_python_operator' retrieved from /home/airflow/.local/lib/python3.12/site-packages/airflow/example_dags/example_python_operator.py
[2024-07-25T23:41:20.968+0000] {logging_mixin.py:188} INFO - [2024-07-25T23:41:20.967+0000] {dag.py:3089} INFO - Sync 1 DAGs
[2024-07-25T23:41:20.979+0000] {logging_mixin.py:188} INFO - [2024-07-25T23:41:20.979+0000] {dag.py:3947} INFO - Setting next_dagrun for example_python_operator to None, run_after=None
[2024-07-25T23:41:20.996+0000] {processor.py:183} INFO - Processing /home/airflow/.local/lib/python3.12/site-packages/airflow/example_dags/example_python_operator.py took 0.067 seconds
[2024-07-25T23:41:51.734+0000] {processor.py:161} INFO - Started process (PID=1718) to work on /home/airflow/.local/lib/python3.12/site-packages/airflow/example_dags/example_python_operator.py
[2024-07-25T23:41:51.735+0000] {processor.py:830} INFO - Processing file /home/airflow/.local/lib/python3.12/site-packages/airflow/example_dags/example_python_operator.py for tasks to queue
[2024-07-25T23:41:51.737+0000] {logging_mixin.py:188} INFO - [2024-07-25T23:41:51.737+0000] {dagbag.py:545} INFO - Filling up the DagBag from /home/airflow/.local/lib/python3.12/site-packages/airflow/example_dags/example_python_operator.py
[2024-07-25T23:41:51.749+0000] {processor.py:840} INFO - DAG(s) 'example_python_operator' retrieved from /home/airflow/.local/lib/python3.12/site-packages/airflow/example_dags/example_python_operator.py
[2024-07-25T23:41:51.777+0000] {logging_mixin.py:188} INFO - [2024-07-25T23:41:51.776+0000] {dag.py:3089} INFO - Sync 1 DAGs
[2024-07-25T23:41:51.790+0000] {logging_mixin.py:188} INFO - [2024-07-25T23:41:51.789+0000] {dag.py:3947} INFO - Setting next_dagrun for example_python_operator to None, run_after=None
[2024-07-25T23:41:51.807+0000] {processor.py:183} INFO - Processing /home/airflow/.local/lib/python3.12/site-packages/airflow/example_dags/example_python_operator.py took 0.082 seconds
[2024-07-25T23:42:22.796+0000] {processor.py:161} INFO - Started process (PID=1778) to work on /home/airflow/.local/lib/python3.12/site-packages/airflow/example_dags/example_python_operator.py
[2024-07-25T23:42:22.799+0000] {processor.py:830} INFO - Processing file /home/airflow/.local/lib/python3.12/site-packages/airflow/example_dags/example_python_operator.py for tasks to queue
[2024-07-25T23:42:22.802+0000] {logging_mixin.py:188} INFO - [2024-07-25T23:42:22.801+0000] {dagbag.py:545} INFO - Filling up the DagBag from /home/airflow/.local/lib/python3.12/site-packages/airflow/example_dags/example_python_operator.py
[2024-07-25T23:42:22.816+0000] {processor.py:840} INFO - DAG(s) 'example_python_operator' retrieved from /home/airflow/.local/lib/python3.12/site-packages/airflow/example_dags/example_python_operator.py
[2024-07-25T23:42:22.839+0000] {logging_mixin.py:188} INFO - [2024-07-25T23:42:22.839+0000] {dag.py:3089} INFO - Sync 1 DAGs
[2024-07-25T23:42:22.982+0000] {logging_mixin.py:188} INFO - [2024-07-25T23:42:22.982+0000] {dag.py:3947} INFO - Setting next_dagrun for example_python_operator to None, run_after=None
[2024-07-25T23:42:22.995+0000] {processor.py:183} INFO - Processing /home/airflow/.local/lib/python3.12/site-packages/airflow/example_dags/example_python_operator.py took 0.207 seconds
[2024-07-25T23:42:53.347+0000] {processor.py:161} INFO - Started process (PID=1838) to work on /home/airflow/.local/lib/python3.12/site-packages/airflow/example_dags/example_python_operator.py
[2024-07-25T23:42:53.348+0000] {processor.py:830} INFO - Processing file /home/airflow/.local/lib/python3.12/site-packages/airflow/example_dags/example_python_operator.py for tasks to queue
[2024-07-25T23:42:53.350+0000] {logging_mixin.py:188} INFO - [2024-07-25T23:42:53.350+0000] {dagbag.py:545} INFO - Filling up the DagBag from /home/airflow/.local/lib/python3.12/site-packages/airflow/example_dags/example_python_operator.py
[2024-07-25T23:42:53.359+0000] {processor.py:840} INFO - DAG(s) 'example_python_operator' retrieved from /home/airflow/.local/lib/python3.12/site-packages/airflow/example_dags/example_python_operator.py
[2024-07-25T23:42:53.376+0000] {logging_mixin.py:188} INFO - [2024-07-25T23:42:53.376+0000] {dag.py:3089} INFO - Sync 1 DAGs
[2024-07-25T23:42:53.385+0000] {logging_mixin.py:188} INFO - [2024-07-25T23:42:53.385+0000] {dag.py:3947} INFO - Setting next_dagrun for example_python_operator to None, run_after=None
[2024-07-25T23:42:53.399+0000] {processor.py:183} INFO - Processing /home/airflow/.local/lib/python3.12/site-packages/airflow/example_dags/example_python_operator.py took 0.057 seconds
[2024-07-25T23:43:23.725+0000] {processor.py:161} INFO - Started process (PID=1898) to work on /home/airflow/.local/lib/python3.12/site-packages/airflow/example_dags/example_python_operator.py
[2024-07-25T23:43:23.727+0000] {processor.py:830} INFO - Processing file /home/airflow/.local/lib/python3.12/site-packages/airflow/example_dags/example_python_operator.py for tasks to queue
[2024-07-25T23:43:23.729+0000] {logging_mixin.py:188} INFO - [2024-07-25T23:43:23.728+0000] {dagbag.py:545} INFO - Filling up the DagBag from /home/airflow/.local/lib/python3.12/site-packages/airflow/example_dags/example_python_operator.py
[2024-07-25T23:43:23.739+0000] {processor.py:840} INFO - DAG(s) 'example_python_operator' retrieved from /home/airflow/.local/lib/python3.12/site-packages/airflow/example_dags/example_python_operator.py
[2024-07-25T23:43:23.754+0000] {logging_mixin.py:188} INFO - [2024-07-25T23:43:23.754+0000] {dag.py:3089} INFO - Sync 1 DAGs
[2024-07-25T23:43:23.763+0000] {logging_mixin.py:188} INFO - [2024-07-25T23:43:23.763+0000] {dag.py:3947} INFO - Setting next_dagrun for example_python_operator to None, run_after=None
[2024-07-25T23:43:23.773+0000] {processor.py:183} INFO - Processing /home/airflow/.local/lib/python3.12/site-packages/airflow/example_dags/example_python_operator.py took 0.057 seconds
[2024-07-25T23:43:54.396+0000] {processor.py:161} INFO - Started process (PID=1958) to work on /home/airflow/.local/lib/python3.12/site-packages/airflow/example_dags/example_python_operator.py
[2024-07-25T23:43:54.397+0000] {processor.py:830} INFO - Processing file /home/airflow/.local/lib/python3.12/site-packages/airflow/example_dags/example_python_operator.py for tasks to queue
[2024-07-25T23:43:54.398+0000] {logging_mixin.py:188} INFO - [2024-07-25T23:43:54.398+0000] {dagbag.py:545} INFO - Filling up the DagBag from /home/airflow/.local/lib/python3.12/site-packages/airflow/example_dags/example_python_operator.py
[2024-07-25T23:43:54.528+0000] {processor.py:840} INFO - DAG(s) 'example_python_operator' retrieved from /home/airflow/.local/lib/python3.12/site-packages/airflow/example_dags/example_python_operator.py
[2024-07-25T23:43:54.547+0000] {logging_mixin.py:188} INFO - [2024-07-25T23:43:54.547+0000] {dag.py:3089} INFO - Sync 1 DAGs
[2024-07-25T23:43:54.555+0000] {logging_mixin.py:188} INFO - [2024-07-25T23:43:54.555+0000] {dag.py:3947} INFO - Setting next_dagrun for example_python_operator to None, run_after=None
[2024-07-25T23:43:54.568+0000] {processor.py:183} INFO - Processing /home/airflow/.local/lib/python3.12/site-packages/airflow/example_dags/example_python_operator.py took 0.178 seconds
[2024-07-25T23:44:25.112+0000] {processor.py:161} INFO - Started process (PID=2017) to work on /home/airflow/.local/lib/python3.12/site-packages/airflow/example_dags/example_python_operator.py
[2024-07-25T23:44:25.113+0000] {processor.py:830} INFO - Processing file /home/airflow/.local/lib/python3.12/site-packages/airflow/example_dags/example_python_operator.py for tasks to queue
[2024-07-25T23:44:25.115+0000] {logging_mixin.py:188} INFO - [2024-07-25T23:44:25.115+0000] {dagbag.py:545} INFO - Filling up the DagBag from /home/airflow/.local/lib/python3.12/site-packages/airflow/example_dags/example_python_operator.py
[2024-07-25T23:44:25.124+0000] {processor.py:840} INFO - DAG(s) 'example_python_operator' retrieved from /home/airflow/.local/lib/python3.12/site-packages/airflow/example_dags/example_python_operator.py
[2024-07-25T23:44:25.148+0000] {logging_mixin.py:188} INFO - [2024-07-25T23:44:25.147+0000] {dag.py:3089} INFO - Sync 1 DAGs
[2024-07-25T23:44:25.158+0000] {logging_mixin.py:188} INFO - [2024-07-25T23:44:25.158+0000] {dag.py:3947} INFO - Setting next_dagrun for example_python_operator to None, run_after=None
[2024-07-25T23:44:25.177+0000] {processor.py:183} INFO - Processing /home/airflow/.local/lib/python3.12/site-packages/airflow/example_dags/example_python_operator.py took 0.070 seconds
[2024-07-25T23:44:55.930+0000] {processor.py:161} INFO - Started process (PID=2077) to work on /home/airflow/.local/lib/python3.12/site-packages/airflow/example_dags/example_python_operator.py
[2024-07-25T23:44:55.930+0000] {processor.py:830} INFO - Processing file /home/airflow/.local/lib/python3.12/site-packages/airflow/example_dags/example_python_operator.py for tasks to queue
[2024-07-25T23:44:55.932+0000] {logging_mixin.py:188} INFO - [2024-07-25T23:44:55.932+0000] {dagbag.py:545} INFO - Filling up the DagBag from /home/airflow/.local/lib/python3.12/site-packages/airflow/example_dags/example_python_operator.py
[2024-07-25T23:44:55.940+0000] {processor.py:840} INFO - DAG(s) 'example_python_operator' retrieved from /home/airflow/.local/lib/python3.12/site-packages/airflow/example_dags/example_python_operator.py
[2024-07-25T23:44:55.954+0000] {logging_mixin.py:188} INFO - [2024-07-25T23:44:55.954+0000] {dag.py:3089} INFO - Sync 1 DAGs
[2024-07-25T23:44:55.962+0000] {logging_mixin.py:188} INFO - [2024-07-25T23:44:55.962+0000] {dag.py:3947} INFO - Setting next_dagrun for example_python_operator to None, run_after=None
[2024-07-25T23:44:55.973+0000] {processor.py:183} INFO - Processing /home/airflow/.local/lib/python3.12/site-packages/airflow/example_dags/example_python_operator.py took 0.047 seconds
[2024-07-25T23:45:26.586+0000] {processor.py:161} INFO - Started process (PID=2137) to work on /home/airflow/.local/lib/python3.12/site-packages/airflow/example_dags/example_python_operator.py
[2024-07-25T23:45:26.587+0000] {processor.py:830} INFO - Processing file /home/airflow/.local/lib/python3.12/site-packages/airflow/example_dags/example_python_operator.py for tasks to queue
[2024-07-25T23:45:26.588+0000] {logging_mixin.py:188} INFO - [2024-07-25T23:45:26.588+0000] {dagbag.py:545} INFO - Filling up the DagBag from /home/airflow/.local/lib/python3.12/site-packages/airflow/example_dags/example_python_operator.py
[2024-07-25T23:45:26.596+0000] {processor.py:840} INFO - DAG(s) 'example_python_operator' retrieved from /home/airflow/.local/lib/python3.12/site-packages/airflow/example_dags/example_python_operator.py
[2024-07-25T23:45:26.611+0000] {logging_mixin.py:188} INFO - [2024-07-25T23:45:26.611+0000] {dag.py:3089} INFO - Sync 1 DAGs
[2024-07-25T23:45:26.619+0000] {logging_mixin.py:188} INFO - [2024-07-25T23:45:26.619+0000] {dag.py:3947} INFO - Setting next_dagrun for example_python_operator to None, run_after=None
[2024-07-25T23:45:26.634+0000] {processor.py:183} INFO - Processing /home/airflow/.local/lib/python3.12/site-packages/airflow/example_dags/example_python_operator.py took 0.052 seconds
[2024-07-25T23:45:56.824+0000] {processor.py:161} INFO - Started process (PID=2197) to work on /home/airflow/.local/lib/python3.12/site-packages/airflow/example_dags/example_python_operator.py
[2024-07-25T23:45:56.826+0000] {processor.py:830} INFO - Processing file /home/airflow/.local/lib/python3.12/site-packages/airflow/example_dags/example_python_operator.py for tasks to queue
[2024-07-25T23:45:56.827+0000] {logging_mixin.py:188} INFO - [2024-07-25T23:45:56.827+0000] {dagbag.py:545} INFO - Filling up the DagBag from /home/airflow/.local/lib/python3.12/site-packages/airflow/example_dags/example_python_operator.py
[2024-07-25T23:45:56.835+0000] {processor.py:840} INFO - DAG(s) 'example_python_operator' retrieved from /home/airflow/.local/lib/python3.12/site-packages/airflow/example_dags/example_python_operator.py
[2024-07-25T23:45:56.855+0000] {logging_mixin.py:188} INFO - [2024-07-25T23:45:56.855+0000] {dag.py:3089} INFO - Sync 1 DAGs
[2024-07-25T23:45:56.865+0000] {logging_mixin.py:188} INFO - [2024-07-25T23:45:56.864+0000] {dag.py:3947} INFO - Setting next_dagrun for example_python_operator to None, run_after=None
[2024-07-25T23:45:56.885+0000] {processor.py:183} INFO - Processing /home/airflow/.local/lib/python3.12/site-packages/airflow/example_dags/example_python_operator.py took 0.066 seconds
[2024-07-25T23:46:27.912+0000] {processor.py:161} INFO - Started process (PID=2257) to work on /home/airflow/.local/lib/python3.12/site-packages/airflow/example_dags/example_python_operator.py
[2024-07-25T23:46:27.913+0000] {processor.py:830} INFO - Processing file /home/airflow/.local/lib/python3.12/site-packages/airflow/example_dags/example_python_operator.py for tasks to queue
[2024-07-25T23:46:27.915+0000] {logging_mixin.py:188} INFO - [2024-07-25T23:46:27.914+0000] {dagbag.py:545} INFO - Filling up the DagBag from /home/airflow/.local/lib/python3.12/site-packages/airflow/example_dags/example_python_operator.py
[2024-07-25T23:46:27.925+0000] {processor.py:840} INFO - DAG(s) 'example_python_operator' retrieved from /home/airflow/.local/lib/python3.12/site-packages/airflow/example_dags/example_python_operator.py
[2024-07-25T23:46:27.943+0000] {logging_mixin.py:188} INFO - [2024-07-25T23:46:27.943+0000] {dag.py:3089} INFO - Sync 1 DAGs
[2024-07-25T23:46:27.954+0000] {logging_mixin.py:188} INFO - [2024-07-25T23:46:27.954+0000] {dag.py:3947} INFO - Setting next_dagrun for example_python_operator to None, run_after=None
[2024-07-25T23:46:27.968+0000] {processor.py:183} INFO - Processing /home/airflow/.local/lib/python3.12/site-packages/airflow/example_dags/example_python_operator.py took 0.060 seconds
[2024-07-25T23:46:58.469+0000] {processor.py:161} INFO - Started process (PID=2317) to work on /home/airflow/.local/lib/python3.12/site-packages/airflow/example_dags/example_python_operator.py
[2024-07-25T23:46:58.471+0000] {processor.py:830} INFO - Processing file /home/airflow/.local/lib/python3.12/site-packages/airflow/example_dags/example_python_operator.py for tasks to queue
[2024-07-25T23:46:58.473+0000] {logging_mixin.py:188} INFO - [2024-07-25T23:46:58.472+0000] {dagbag.py:545} INFO - Filling up the DagBag from /home/airflow/.local/lib/python3.12/site-packages/airflow/example_dags/example_python_operator.py
[2024-07-25T23:46:58.481+0000] {processor.py:840} INFO - DAG(s) 'example_python_operator' retrieved from /home/airflow/.local/lib/python3.12/site-packages/airflow/example_dags/example_python_operator.py
[2024-07-25T23:46:58.500+0000] {logging_mixin.py:188} INFO - [2024-07-25T23:46:58.500+0000] {dag.py:3089} INFO - Sync 1 DAGs
[2024-07-25T23:46:58.510+0000] {logging_mixin.py:188} INFO - [2024-07-25T23:46:58.510+0000] {dag.py:3947} INFO - Setting next_dagrun for example_python_operator to None, run_after=None
[2024-07-25T23:46:58.525+0000] {processor.py:183} INFO - Processing /home/airflow/.local/lib/python3.12/site-packages/airflow/example_dags/example_python_operator.py took 0.061 seconds
[2024-07-25T23:47:28.830+0000] {processor.py:161} INFO - Started process (PID=2377) to work on /home/airflow/.local/lib/python3.12/site-packages/airflow/example_dags/example_python_operator.py
[2024-07-25T23:47:28.831+0000] {processor.py:830} INFO - Processing file /home/airflow/.local/lib/python3.12/site-packages/airflow/example_dags/example_python_operator.py for tasks to queue
[2024-07-25T23:47:28.832+0000] {logging_mixin.py:188} INFO - [2024-07-25T23:47:28.832+0000] {dagbag.py:545} INFO - Filling up the DagBag from /home/airflow/.local/lib/python3.12/site-packages/airflow/example_dags/example_python_operator.py
[2024-07-25T23:47:28.840+0000] {processor.py:840} INFO - DAG(s) 'example_python_operator' retrieved from /home/airflow/.local/lib/python3.12/site-packages/airflow/example_dags/example_python_operator.py
[2024-07-25T23:47:28.855+0000] {logging_mixin.py:188} INFO - [2024-07-25T23:47:28.855+0000] {dag.py:3089} INFO - Sync 1 DAGs
[2024-07-25T23:47:28.863+0000] {logging_mixin.py:188} INFO - [2024-07-25T23:47:28.863+0000] {dag.py:3947} INFO - Setting next_dagrun for example_python_operator to None, run_after=None
[2024-07-25T23:47:28.874+0000] {processor.py:183} INFO - Processing /home/airflow/.local/lib/python3.12/site-packages/airflow/example_dags/example_python_operator.py took 0.049 seconds
[2024-07-25T23:47:59.006+0000] {processor.py:161} INFO - Started process (PID=2436) to work on /home/airflow/.local/lib/python3.12/site-packages/airflow/example_dags/example_python_operator.py
[2024-07-25T23:47:59.007+0000] {processor.py:830} INFO - Processing file /home/airflow/.local/lib/python3.12/site-packages/airflow/example_dags/example_python_operator.py for tasks to queue
[2024-07-25T23:47:59.008+0000] {logging_mixin.py:188} INFO - [2024-07-25T23:47:59.008+0000] {dagbag.py:545} INFO - Filling up the DagBag from /home/airflow/.local/lib/python3.12/site-packages/airflow/example_dags/example_python_operator.py
[2024-07-25T23:47:59.019+0000] {processor.py:840} INFO - DAG(s) 'example_python_operator' retrieved from /home/airflow/.local/lib/python3.12/site-packages/airflow/example_dags/example_python_operator.py
[2024-07-25T23:47:59.039+0000] {logging_mixin.py:188} INFO - [2024-07-25T23:47:59.038+0000] {dag.py:3089} INFO - Sync 1 DAGs
[2024-07-25T23:47:59.048+0000] {logging_mixin.py:188} INFO - [2024-07-25T23:47:59.048+0000] {dag.py:3947} INFO - Setting next_dagrun for example_python_operator to None, run_after=None
[2024-07-25T23:47:59.060+0000] {processor.py:183} INFO - Processing /home/airflow/.local/lib/python3.12/site-packages/airflow/example_dags/example_python_operator.py took 0.059 seconds
[2024-07-25T23:48:29.317+0000] {processor.py:161} INFO - Started process (PID=2496) to work on /home/airflow/.local/lib/python3.12/site-packages/airflow/example_dags/example_python_operator.py
[2024-07-25T23:48:29.318+0000] {processor.py:830} INFO - Processing file /home/airflow/.local/lib/python3.12/site-packages/airflow/example_dags/example_python_operator.py for tasks to queue
[2024-07-25T23:48:29.320+0000] {logging_mixin.py:188} INFO - [2024-07-25T23:48:29.319+0000] {dagbag.py:545} INFO - Filling up the DagBag from /home/airflow/.local/lib/python3.12/site-packages/airflow/example_dags/example_python_operator.py
[2024-07-25T23:48:29.328+0000] {processor.py:840} INFO - DAG(s) 'example_python_operator' retrieved from /home/airflow/.local/lib/python3.12/site-packages/airflow/example_dags/example_python_operator.py
[2024-07-25T23:48:29.345+0000] {logging_mixin.py:188} INFO - [2024-07-25T23:48:29.345+0000] {dag.py:3089} INFO - Sync 1 DAGs
[2024-07-25T23:48:29.356+0000] {logging_mixin.py:188} INFO - [2024-07-25T23:48:29.356+0000] {dag.py:3947} INFO - Setting next_dagrun for example_python_operator to None, run_after=None
[2024-07-25T23:48:29.372+0000] {processor.py:183} INFO - Processing /home/airflow/.local/lib/python3.12/site-packages/airflow/example_dags/example_python_operator.py took 0.059 seconds
[2024-07-25T23:48:59.416+0000] {processor.py:161} INFO - Started process (PID=2554) to work on /home/airflow/.local/lib/python3.12/site-packages/airflow/example_dags/example_python_operator.py
[2024-07-25T23:48:59.417+0000] {processor.py:830} INFO - Processing file /home/airflow/.local/lib/python3.12/site-packages/airflow/example_dags/example_python_operator.py for tasks to queue
[2024-07-25T23:48:59.419+0000] {logging_mixin.py:188} INFO - [2024-07-25T23:48:59.419+0000] {dagbag.py:545} INFO - Filling up the DagBag from /home/airflow/.local/lib/python3.12/site-packages/airflow/example_dags/example_python_operator.py
[2024-07-25T23:48:59.430+0000] {processor.py:840} INFO - DAG(s) 'example_python_operator' retrieved from /home/airflow/.local/lib/python3.12/site-packages/airflow/example_dags/example_python_operator.py
[2024-07-25T23:48:59.451+0000] {logging_mixin.py:188} INFO - [2024-07-25T23:48:59.450+0000] {dag.py:3089} INFO - Sync 1 DAGs
[2024-07-25T23:48:59.460+0000] {logging_mixin.py:188} INFO - [2024-07-25T23:48:59.460+0000] {dag.py:3947} INFO - Setting next_dagrun for example_python_operator to None, run_after=None
[2024-07-25T23:48:59.473+0000] {processor.py:183} INFO - Processing /home/airflow/.local/lib/python3.12/site-packages/airflow/example_dags/example_python_operator.py took 0.063 seconds
[2024-07-25T23:49:30.573+0000] {processor.py:161} INFO - Started process (PID=2614) to work on /home/airflow/.local/lib/python3.12/site-packages/airflow/example_dags/example_python_operator.py
[2024-07-25T23:49:30.575+0000] {processor.py:830} INFO - Processing file /home/airflow/.local/lib/python3.12/site-packages/airflow/example_dags/example_python_operator.py for tasks to queue
[2024-07-25T23:49:30.577+0000] {logging_mixin.py:188} INFO - [2024-07-25T23:49:30.576+0000] {dagbag.py:545} INFO - Filling up the DagBag from /home/airflow/.local/lib/python3.12/site-packages/airflow/example_dags/example_python_operator.py
[2024-07-25T23:49:30.590+0000] {processor.py:840} INFO - DAG(s) 'example_python_operator' retrieved from /home/airflow/.local/lib/python3.12/site-packages/airflow/example_dags/example_python_operator.py
[2024-07-25T23:49:30.618+0000] {logging_mixin.py:188} INFO - [2024-07-25T23:49:30.617+0000] {dag.py:3089} INFO - Sync 1 DAGs
[2024-07-25T23:49:30.634+0000] {logging_mixin.py:188} INFO - [2024-07-25T23:49:30.633+0000] {dag.py:3947} INFO - Setting next_dagrun for example_python_operator to None, run_after=None
[2024-07-25T23:49:30.650+0000] {processor.py:183} INFO - Processing /home/airflow/.local/lib/python3.12/site-packages/airflow/example_dags/example_python_operator.py took 0.089 seconds
[2024-07-25T23:50:01.171+0000] {processor.py:161} INFO - Started process (PID=2673) to work on /home/airflow/.local/lib/python3.12/site-packages/airflow/example_dags/example_python_operator.py
[2024-07-25T23:50:01.172+0000] {processor.py:830} INFO - Processing file /home/airflow/.local/lib/python3.12/site-packages/airflow/example_dags/example_python_operator.py for tasks to queue
[2024-07-25T23:50:01.174+0000] {logging_mixin.py:188} INFO - [2024-07-25T23:50:01.174+0000] {dagbag.py:545} INFO - Filling up the DagBag from /home/airflow/.local/lib/python3.12/site-packages/airflow/example_dags/example_python_operator.py
[2024-07-25T23:50:01.190+0000] {processor.py:840} INFO - DAG(s) 'example_python_operator' retrieved from /home/airflow/.local/lib/python3.12/site-packages/airflow/example_dags/example_python_operator.py
[2024-07-25T23:50:01.223+0000] {logging_mixin.py:188} INFO - [2024-07-25T23:50:01.223+0000] {dag.py:3089} INFO - Sync 1 DAGs
[2024-07-25T23:50:01.237+0000] {logging_mixin.py:188} INFO - [2024-07-25T23:50:01.237+0000] {dag.py:3947} INFO - Setting next_dagrun for example_python_operator to None, run_after=None
[2024-07-25T23:50:01.257+0000] {processor.py:183} INFO - Processing /home/airflow/.local/lib/python3.12/site-packages/airflow/example_dags/example_python_operator.py took 0.091 seconds
[2024-07-25T23:50:31.460+0000] {processor.py:161} INFO - Started process (PID=2733) to work on /home/airflow/.local/lib/python3.12/site-packages/airflow/example_dags/example_python_operator.py
[2024-07-25T23:50:31.462+0000] {processor.py:830} INFO - Processing file /home/airflow/.local/lib/python3.12/site-packages/airflow/example_dags/example_python_operator.py for tasks to queue
[2024-07-25T23:50:31.464+0000] {logging_mixin.py:188} INFO - [2024-07-25T23:50:31.464+0000] {dagbag.py:545} INFO - Filling up the DagBag from /home/airflow/.local/lib/python3.12/site-packages/airflow/example_dags/example_python_operator.py
[2024-07-25T23:50:31.473+0000] {processor.py:840} INFO - DAG(s) 'example_python_operator' retrieved from /home/airflow/.local/lib/python3.12/site-packages/airflow/example_dags/example_python_operator.py
[2024-07-25T23:50:31.493+0000] {logging_mixin.py:188} INFO - [2024-07-25T23:50:31.493+0000] {dag.py:3089} INFO - Sync 1 DAGs
[2024-07-25T23:50:31.503+0000] {logging_mixin.py:188} INFO - [2024-07-25T23:50:31.503+0000] {dag.py:3947} INFO - Setting next_dagrun for example_python_operator to None, run_after=None
[2024-07-25T23:50:31.520+0000] {processor.py:183} INFO - Processing /home/airflow/.local/lib/python3.12/site-packages/airflow/example_dags/example_python_operator.py took 0.064 seconds
[2024-07-25T23:51:01.718+0000] {processor.py:161} INFO - Started process (PID=2793) to work on /home/airflow/.local/lib/python3.12/site-packages/airflow/example_dags/example_python_operator.py
[2024-07-25T23:51:01.719+0000] {processor.py:830} INFO - Processing file /home/airflow/.local/lib/python3.12/site-packages/airflow/example_dags/example_python_operator.py for tasks to queue
[2024-07-25T23:51:01.720+0000] {logging_mixin.py:188} INFO - [2024-07-25T23:51:01.720+0000] {dagbag.py:545} INFO - Filling up the DagBag from /home/airflow/.local/lib/python3.12/site-packages/airflow/example_dags/example_python_operator.py
[2024-07-25T23:51:01.735+0000] {processor.py:840} INFO - DAG(s) 'example_python_operator' retrieved from /home/airflow/.local/lib/python3.12/site-packages/airflow/example_dags/example_python_operator.py
[2024-07-25T23:51:01.764+0000] {logging_mixin.py:188} INFO - [2024-07-25T23:51:01.764+0000] {dag.py:3089} INFO - Sync 1 DAGs
[2024-07-25T23:51:01.774+0000] {logging_mixin.py:188} INFO - [2024-07-25T23:51:01.774+0000] {dag.py:3947} INFO - Setting next_dagrun for example_python_operator to None, run_after=None
[2024-07-25T23:51:01.790+0000] {processor.py:183} INFO - Processing /home/airflow/.local/lib/python3.12/site-packages/airflow/example_dags/example_python_operator.py took 0.078 seconds
[2024-07-25T23:51:31.948+0000] {processor.py:161} INFO - Started process (PID=2853) to work on /home/airflow/.local/lib/python3.12/site-packages/airflow/example_dags/example_python_operator.py
[2024-07-25T23:51:31.950+0000] {processor.py:830} INFO - Processing file /home/airflow/.local/lib/python3.12/site-packages/airflow/example_dags/example_python_operator.py for tasks to queue
[2024-07-25T23:51:31.952+0000] {logging_mixin.py:188} INFO - [2024-07-25T23:51:31.952+0000] {dagbag.py:545} INFO - Filling up the DagBag from /home/airflow/.local/lib/python3.12/site-packages/airflow/example_dags/example_python_operator.py
[2024-07-25T23:51:31.961+0000] {processor.py:840} INFO - DAG(s) 'example_python_operator' retrieved from /home/airflow/.local/lib/python3.12/site-packages/airflow/example_dags/example_python_operator.py
[2024-07-25T23:51:31.976+0000] {logging_mixin.py:188} INFO - [2024-07-25T23:51:31.976+0000] {dag.py:3089} INFO - Sync 1 DAGs
[2024-07-25T23:51:31.990+0000] {logging_mixin.py:188} INFO - [2024-07-25T23:51:31.990+0000] {dag.py:3947} INFO - Setting next_dagrun for example_python_operator to None, run_after=None
[2024-07-25T23:51:32.006+0000] {processor.py:183} INFO - Processing /home/airflow/.local/lib/python3.12/site-packages/airflow/example_dags/example_python_operator.py took 0.062 seconds
[2024-07-25T23:52:02.177+0000] {processor.py:161} INFO - Started process (PID=2913) to work on /home/airflow/.local/lib/python3.12/site-packages/airflow/example_dags/example_python_operator.py
[2024-07-25T23:52:02.182+0000] {processor.py:830} INFO - Processing file /home/airflow/.local/lib/python3.12/site-packages/airflow/example_dags/example_python_operator.py for tasks to queue
[2024-07-25T23:52:02.183+0000] {logging_mixin.py:188} INFO - [2024-07-25T23:52:02.183+0000] {dagbag.py:545} INFO - Filling up the DagBag from /home/airflow/.local/lib/python3.12/site-packages/airflow/example_dags/example_python_operator.py
[2024-07-25T23:52:02.195+0000] {processor.py:840} INFO - DAG(s) 'example_python_operator' retrieved from /home/airflow/.local/lib/python3.12/site-packages/airflow/example_dags/example_python_operator.py
[2024-07-25T23:52:02.217+0000] {logging_mixin.py:188} INFO - [2024-07-25T23:52:02.217+0000] {dag.py:3089} INFO - Sync 1 DAGs
[2024-07-25T23:52:02.226+0000] {logging_mixin.py:188} INFO - [2024-07-25T23:52:02.226+0000] {dag.py:3947} INFO - Setting next_dagrun for example_python_operator to None, run_after=None
[2024-07-25T23:52:02.239+0000] {processor.py:183} INFO - Processing /home/airflow/.local/lib/python3.12/site-packages/airflow/example_dags/example_python_operator.py took 0.068 seconds
[2024-07-25T23:52:32.785+0000] {processor.py:161} INFO - Started process (PID=2973) to work on /home/airflow/.local/lib/python3.12/site-packages/airflow/example_dags/example_python_operator.py
[2024-07-25T23:52:32.786+0000] {processor.py:830} INFO - Processing file /home/airflow/.local/lib/python3.12/site-packages/airflow/example_dags/example_python_operator.py for tasks to queue
[2024-07-25T23:52:32.787+0000] {logging_mixin.py:188} INFO - [2024-07-25T23:52:32.787+0000] {dagbag.py:545} INFO - Filling up the DagBag from /home/airflow/.local/lib/python3.12/site-packages/airflow/example_dags/example_python_operator.py
[2024-07-25T23:52:32.797+0000] {processor.py:840} INFO - DAG(s) 'example_python_operator' retrieved from /home/airflow/.local/lib/python3.12/site-packages/airflow/example_dags/example_python_operator.py
[2024-07-25T23:52:32.813+0000] {logging_mixin.py:188} INFO - [2024-07-25T23:52:32.813+0000] {dag.py:3089} INFO - Sync 1 DAGs
[2024-07-25T23:52:32.821+0000] {logging_mixin.py:188} INFO - [2024-07-25T23:52:32.821+0000] {dag.py:3947} INFO - Setting next_dagrun for example_python_operator to None, run_after=None
[2024-07-25T23:52:32.833+0000] {processor.py:183} INFO - Processing /home/airflow/.local/lib/python3.12/site-packages/airflow/example_dags/example_python_operator.py took 0.054 seconds
[2024-07-25T23:53:03.831+0000] {processor.py:161} INFO - Started process (PID=3033) to work on /home/airflow/.local/lib/python3.12/site-packages/airflow/example_dags/example_python_operator.py
[2024-07-25T23:53:03.832+0000] {processor.py:830} INFO - Processing file /home/airflow/.local/lib/python3.12/site-packages/airflow/example_dags/example_python_operator.py for tasks to queue
[2024-07-25T23:53:03.834+0000] {logging_mixin.py:188} INFO - [2024-07-25T23:53:03.833+0000] {dagbag.py:545} INFO - Filling up the DagBag from /home/airflow/.local/lib/python3.12/site-packages/airflow/example_dags/example_python_operator.py
[2024-07-25T23:53:03.844+0000] {processor.py:840} INFO - DAG(s) 'example_python_operator' retrieved from /home/airflow/.local/lib/python3.12/site-packages/airflow/example_dags/example_python_operator.py
[2024-07-25T23:53:03.862+0000] {logging_mixin.py:188} INFO - [2024-07-25T23:53:03.861+0000] {dag.py:3089} INFO - Sync 1 DAGs
[2024-07-25T23:53:03.873+0000] {logging_mixin.py:188} INFO - [2024-07-25T23:53:03.873+0000] {dag.py:3947} INFO - Setting next_dagrun for example_python_operator to None, run_after=None
[2024-07-25T23:53:03.890+0000] {processor.py:183} INFO - Processing /home/airflow/.local/lib/python3.12/site-packages/airflow/example_dags/example_python_operator.py took 0.064 seconds
[2024-07-25T23:53:34.481+0000] {processor.py:161} INFO - Started process (PID=3093) to work on /home/airflow/.local/lib/python3.12/site-packages/airflow/example_dags/example_python_operator.py
[2024-07-25T23:53:34.482+0000] {processor.py:830} INFO - Processing file /home/airflow/.local/lib/python3.12/site-packages/airflow/example_dags/example_python_operator.py for tasks to queue
[2024-07-25T23:53:34.484+0000] {logging_mixin.py:188} INFO - [2024-07-25T23:53:34.483+0000] {dagbag.py:545} INFO - Filling up the DagBag from /home/airflow/.local/lib/python3.12/site-packages/airflow/example_dags/example_python_operator.py
[2024-07-25T23:53:34.493+0000] {processor.py:840} INFO - DAG(s) 'example_python_operator' retrieved from /home/airflow/.local/lib/python3.12/site-packages/airflow/example_dags/example_python_operator.py
[2024-07-25T23:53:34.509+0000] {logging_mixin.py:188} INFO - [2024-07-25T23:53:34.509+0000] {dag.py:3089} INFO - Sync 1 DAGs
[2024-07-25T23:53:34.517+0000] {logging_mixin.py:188} INFO - [2024-07-25T23:53:34.517+0000] {dag.py:3947} INFO - Setting next_dagrun for example_python_operator to None, run_after=None
[2024-07-25T23:53:34.529+0000] {processor.py:183} INFO - Processing /home/airflow/.local/lib/python3.12/site-packages/airflow/example_dags/example_python_operator.py took 0.053 seconds
[2024-07-25T23:54:04.654+0000] {processor.py:161} INFO - Started process (PID=3153) to work on /home/airflow/.local/lib/python3.12/site-packages/airflow/example_dags/example_python_operator.py
[2024-07-25T23:54:04.657+0000] {processor.py:830} INFO - Processing file /home/airflow/.local/lib/python3.12/site-packages/airflow/example_dags/example_python_operator.py for tasks to queue
[2024-07-25T23:54:04.658+0000] {logging_mixin.py:188} INFO - [2024-07-25T23:54:04.658+0000] {dagbag.py:545} INFO - Filling up the DagBag from /home/airflow/.local/lib/python3.12/site-packages/airflow/example_dags/example_python_operator.py
[2024-07-25T23:54:04.668+0000] {processor.py:840} INFO - DAG(s) 'example_python_operator' retrieved from /home/airflow/.local/lib/python3.12/site-packages/airflow/example_dags/example_python_operator.py
[2024-07-25T23:54:04.689+0000] {logging_mixin.py:188} INFO - [2024-07-25T23:54:04.689+0000] {dag.py:3089} INFO - Sync 1 DAGs
[2024-07-25T23:54:04.699+0000] {logging_mixin.py:188} INFO - [2024-07-25T23:54:04.699+0000] {dag.py:3947} INFO - Setting next_dagrun for example_python_operator to None, run_after=None
[2024-07-25T23:54:04.711+0000] {processor.py:183} INFO - Processing /home/airflow/.local/lib/python3.12/site-packages/airflow/example_dags/example_python_operator.py took 0.062 seconds
[2024-07-25T23:54:34.809+0000] {processor.py:161} INFO - Started process (PID=3213) to work on /home/airflow/.local/lib/python3.12/site-packages/airflow/example_dags/example_python_operator.py
[2024-07-25T23:54:34.811+0000] {processor.py:830} INFO - Processing file /home/airflow/.local/lib/python3.12/site-packages/airflow/example_dags/example_python_operator.py for tasks to queue
[2024-07-25T23:54:34.812+0000] {logging_mixin.py:188} INFO - [2024-07-25T23:54:34.812+0000] {dagbag.py:545} INFO - Filling up the DagBag from /home/airflow/.local/lib/python3.12/site-packages/airflow/example_dags/example_python_operator.py
[2024-07-25T23:54:34.822+0000] {processor.py:840} INFO - DAG(s) 'example_python_operator' retrieved from /home/airflow/.local/lib/python3.12/site-packages/airflow/example_dags/example_python_operator.py
[2024-07-25T23:54:34.841+0000] {logging_mixin.py:188} INFO - [2024-07-25T23:54:34.841+0000] {dag.py:3089} INFO - Sync 1 DAGs
[2024-07-25T23:54:34.850+0000] {logging_mixin.py:188} INFO - [2024-07-25T23:54:34.850+0000] {dag.py:3947} INFO - Setting next_dagrun for example_python_operator to None, run_after=None
[2024-07-25T23:54:34.869+0000] {processor.py:183} INFO - Processing /home/airflow/.local/lib/python3.12/site-packages/airflow/example_dags/example_python_operator.py took 0.065 seconds
