[2024-07-25T23:17:24.165+0000] {processor.py:161} INFO - Started process (PID=90) to work on /home/airflow/.local/lib/python3.12/site-packages/airflow/example_dags/example_task_group_decorator.py
[2024-07-25T23:17:24.166+0000] {processor.py:830} INFO - Processing file /home/airflow/.local/lib/python3.12/site-packages/airflow/example_dags/example_task_group_decorator.py for tasks to queue
[2024-07-25T23:17:24.168+0000] {logging_mixin.py:188} INFO - [2024-07-25T23:17:24.168+0000] {dagbag.py:545} INFO - Filling up the DagBag from /home/airflow/.local/lib/python3.12/site-packages/airflow/example_dags/example_task_group_decorator.py
[2024-07-25T23:17:24.186+0000] {processor.py:840} INFO - DAG(s) 'example_task_group_decorator' retrieved from /home/airflow/.local/lib/python3.12/site-packages/airflow/example_dags/example_task_group_decorator.py
[2024-07-25T23:17:24.198+0000] {logging_mixin.py:188} INFO - [2024-07-25T23:17:24.198+0000] {dag.py:3089} INFO - Sync 1 DAGs
[2024-07-25T23:17:24.219+0000] {logging_mixin.py:188} INFO - [2024-07-25T23:17:24.219+0000] {dag.py:3947} INFO - Setting next_dagrun for example_task_group_decorator to 2024-07-24 00:00:00+00:00, run_after=2024-07-25 00:00:00+00:00
[2024-07-25T23:17:24.245+0000] {processor.py:183} INFO - Processing /home/airflow/.local/lib/python3.12/site-packages/airflow/example_dags/example_task_group_decorator.py took 0.088 seconds
[2024-07-25T23:17:54.623+0000] {processor.py:161} INFO - Started process (PID=150) to work on /home/airflow/.local/lib/python3.12/site-packages/airflow/example_dags/example_task_group_decorator.py
[2024-07-25T23:17:54.625+0000] {processor.py:830} INFO - Processing file /home/airflow/.local/lib/python3.12/site-packages/airflow/example_dags/example_task_group_decorator.py for tasks to queue
[2024-07-25T23:17:54.626+0000] {logging_mixin.py:188} INFO - [2024-07-25T23:17:54.626+0000] {dagbag.py:545} INFO - Filling up the DagBag from /home/airflow/.local/lib/python3.12/site-packages/airflow/example_dags/example_task_group_decorator.py
[2024-07-25T23:17:54.635+0000] {processor.py:840} INFO - DAG(s) 'example_task_group_decorator' retrieved from /home/airflow/.local/lib/python3.12/site-packages/airflow/example_dags/example_task_group_decorator.py
[2024-07-25T23:17:54.720+0000] {logging_mixin.py:188} INFO - [2024-07-25T23:17:54.719+0000] {dag.py:3089} INFO - Sync 1 DAGs
[2024-07-25T23:17:54.738+0000] {logging_mixin.py:188} INFO - [2024-07-25T23:17:54.738+0000] {dag.py:3947} INFO - Setting next_dagrun for example_task_group_decorator to 2024-07-24 00:00:00+00:00, run_after=2024-07-25 00:00:00+00:00
[2024-07-25T23:17:54.754+0000] {processor.py:183} INFO - Processing /home/airflow/.local/lib/python3.12/site-packages/airflow/example_dags/example_task_group_decorator.py took 0.135 seconds
[2024-07-25T23:18:25.490+0000] {processor.py:161} INFO - Started process (PID=210) to work on /home/airflow/.local/lib/python3.12/site-packages/airflow/example_dags/example_task_group_decorator.py
[2024-07-25T23:18:25.493+0000] {processor.py:830} INFO - Processing file /home/airflow/.local/lib/python3.12/site-packages/airflow/example_dags/example_task_group_decorator.py for tasks to queue
[2024-07-25T23:18:25.494+0000] {logging_mixin.py:188} INFO - [2024-07-25T23:18:25.494+0000] {dagbag.py:545} INFO - Filling up the DagBag from /home/airflow/.local/lib/python3.12/site-packages/airflow/example_dags/example_task_group_decorator.py
[2024-07-25T23:18:25.503+0000] {processor.py:840} INFO - DAG(s) 'example_task_group_decorator' retrieved from /home/airflow/.local/lib/python3.12/site-packages/airflow/example_dags/example_task_group_decorator.py
[2024-07-25T23:18:25.527+0000] {logging_mixin.py:188} INFO - [2024-07-25T23:18:25.527+0000] {dag.py:3089} INFO - Sync 1 DAGs
[2024-07-25T23:18:25.545+0000] {logging_mixin.py:188} INFO - [2024-07-25T23:18:25.545+0000] {dag.py:3947} INFO - Setting next_dagrun for example_task_group_decorator to 2024-07-24 00:00:00+00:00, run_after=2024-07-25 00:00:00+00:00
[2024-07-25T23:18:25.563+0000] {processor.py:183} INFO - Processing /home/airflow/.local/lib/python3.12/site-packages/airflow/example_dags/example_task_group_decorator.py took 0.077 seconds
[2024-07-25T23:18:56.233+0000] {processor.py:161} INFO - Started process (PID=270) to work on /home/airflow/.local/lib/python3.12/site-packages/airflow/example_dags/example_task_group_decorator.py
[2024-07-25T23:18:56.237+0000] {processor.py:830} INFO - Processing file /home/airflow/.local/lib/python3.12/site-packages/airflow/example_dags/example_task_group_decorator.py for tasks to queue
[2024-07-25T23:18:56.239+0000] {logging_mixin.py:188} INFO - [2024-07-25T23:18:56.238+0000] {dagbag.py:545} INFO - Filling up the DagBag from /home/airflow/.local/lib/python3.12/site-packages/airflow/example_dags/example_task_group_decorator.py
[2024-07-25T23:18:56.249+0000] {processor.py:840} INFO - DAG(s) 'example_task_group_decorator' retrieved from /home/airflow/.local/lib/python3.12/site-packages/airflow/example_dags/example_task_group_decorator.py
[2024-07-25T23:18:56.268+0000] {logging_mixin.py:188} INFO - [2024-07-25T23:18:56.268+0000] {dag.py:3089} INFO - Sync 1 DAGs
[2024-07-25T23:18:56.287+0000] {logging_mixin.py:188} INFO - [2024-07-25T23:18:56.287+0000] {dag.py:3947} INFO - Setting next_dagrun for example_task_group_decorator to 2024-07-24 00:00:00+00:00, run_after=2024-07-25 00:00:00+00:00
[2024-07-25T23:18:56.307+0000] {processor.py:183} INFO - Processing /home/airflow/.local/lib/python3.12/site-packages/airflow/example_dags/example_task_group_decorator.py took 0.078 seconds
[2024-07-25T23:19:27.303+0000] {processor.py:161} INFO - Started process (PID=330) to work on /home/airflow/.local/lib/python3.12/site-packages/airflow/example_dags/example_task_group_decorator.py
[2024-07-25T23:19:27.304+0000] {processor.py:830} INFO - Processing file /home/airflow/.local/lib/python3.12/site-packages/airflow/example_dags/example_task_group_decorator.py for tasks to queue
[2024-07-25T23:19:27.306+0000] {logging_mixin.py:188} INFO - [2024-07-25T23:19:27.306+0000] {dagbag.py:545} INFO - Filling up the DagBag from /home/airflow/.local/lib/python3.12/site-packages/airflow/example_dags/example_task_group_decorator.py
[2024-07-25T23:19:27.316+0000] {processor.py:840} INFO - DAG(s) 'example_task_group_decorator' retrieved from /home/airflow/.local/lib/python3.12/site-packages/airflow/example_dags/example_task_group_decorator.py
[2024-07-25T23:19:27.333+0000] {logging_mixin.py:188} INFO - [2024-07-25T23:19:27.333+0000] {dag.py:3089} INFO - Sync 1 DAGs
[2024-07-25T23:19:27.349+0000] {logging_mixin.py:188} INFO - [2024-07-25T23:19:27.349+0000] {dag.py:3947} INFO - Setting next_dagrun for example_task_group_decorator to 2024-07-24 00:00:00+00:00, run_after=2024-07-25 00:00:00+00:00
[2024-07-25T23:19:27.366+0000] {processor.py:183} INFO - Processing /home/airflow/.local/lib/python3.12/site-packages/airflow/example_dags/example_task_group_decorator.py took 0.067 seconds
[2024-07-25T23:19:58.427+0000] {processor.py:161} INFO - Started process (PID=390) to work on /home/airflow/.local/lib/python3.12/site-packages/airflow/example_dags/example_task_group_decorator.py
[2024-07-25T23:19:58.428+0000] {processor.py:830} INFO - Processing file /home/airflow/.local/lib/python3.12/site-packages/airflow/example_dags/example_task_group_decorator.py for tasks to queue
[2024-07-25T23:19:58.429+0000] {logging_mixin.py:188} INFO - [2024-07-25T23:19:58.429+0000] {dagbag.py:545} INFO - Filling up the DagBag from /home/airflow/.local/lib/python3.12/site-packages/airflow/example_dags/example_task_group_decorator.py
[2024-07-25T23:19:58.441+0000] {processor.py:840} INFO - DAG(s) 'example_task_group_decorator' retrieved from /home/airflow/.local/lib/python3.12/site-packages/airflow/example_dags/example_task_group_decorator.py
[2024-07-25T23:19:58.464+0000] {logging_mixin.py:188} INFO - [2024-07-25T23:19:58.463+0000] {dag.py:3089} INFO - Sync 1 DAGs
[2024-07-25T23:19:58.481+0000] {logging_mixin.py:188} INFO - [2024-07-25T23:19:58.481+0000] {dag.py:3947} INFO - Setting next_dagrun for example_task_group_decorator to 2024-07-24 00:00:00+00:00, run_after=2024-07-25 00:00:00+00:00
[2024-07-25T23:19:58.526+0000] {processor.py:183} INFO - Processing /home/airflow/.local/lib/python3.12/site-packages/airflow/example_dags/example_task_group_decorator.py took 0.104 seconds
[2024-07-25T23:20:29.261+0000] {processor.py:161} INFO - Started process (PID=450) to work on /home/airflow/.local/lib/python3.12/site-packages/airflow/example_dags/example_task_group_decorator.py
[2024-07-25T23:20:29.262+0000] {processor.py:830} INFO - Processing file /home/airflow/.local/lib/python3.12/site-packages/airflow/example_dags/example_task_group_decorator.py for tasks to queue
[2024-07-25T23:20:29.263+0000] {logging_mixin.py:188} INFO - [2024-07-25T23:20:29.263+0000] {dagbag.py:545} INFO - Filling up the DagBag from /home/airflow/.local/lib/python3.12/site-packages/airflow/example_dags/example_task_group_decorator.py
[2024-07-25T23:20:29.272+0000] {processor.py:840} INFO - DAG(s) 'example_task_group_decorator' retrieved from /home/airflow/.local/lib/python3.12/site-packages/airflow/example_dags/example_task_group_decorator.py
[2024-07-25T23:20:29.295+0000] {logging_mixin.py:188} INFO - [2024-07-25T23:20:29.294+0000] {dag.py:3089} INFO - Sync 1 DAGs
[2024-07-25T23:20:29.310+0000] {logging_mixin.py:188} INFO - [2024-07-25T23:20:29.310+0000] {dag.py:3947} INFO - Setting next_dagrun for example_task_group_decorator to 2024-07-24 00:00:00+00:00, run_after=2024-07-25 00:00:00+00:00
[2024-07-25T23:20:29.323+0000] {processor.py:183} INFO - Processing /home/airflow/.local/lib/python3.12/site-packages/airflow/example_dags/example_task_group_decorator.py took 0.066 seconds
[2024-07-25T23:21:00.480+0000] {processor.py:161} INFO - Started process (PID=510) to work on /home/airflow/.local/lib/python3.12/site-packages/airflow/example_dags/example_task_group_decorator.py
[2024-07-25T23:21:00.482+0000] {processor.py:830} INFO - Processing file /home/airflow/.local/lib/python3.12/site-packages/airflow/example_dags/example_task_group_decorator.py for tasks to queue
[2024-07-25T23:21:00.488+0000] {logging_mixin.py:188} INFO - [2024-07-25T23:21:00.487+0000] {dagbag.py:545} INFO - Filling up the DagBag from /home/airflow/.local/lib/python3.12/site-packages/airflow/example_dags/example_task_group_decorator.py
[2024-07-25T23:21:00.504+0000] {processor.py:840} INFO - DAG(s) 'example_task_group_decorator' retrieved from /home/airflow/.local/lib/python3.12/site-packages/airflow/example_dags/example_task_group_decorator.py
[2024-07-25T23:21:00.543+0000] {logging_mixin.py:188} INFO - [2024-07-25T23:21:00.543+0000] {dag.py:3089} INFO - Sync 1 DAGs
[2024-07-25T23:21:00.573+0000] {logging_mixin.py:188} INFO - [2024-07-25T23:21:00.573+0000] {dag.py:3947} INFO - Setting next_dagrun for example_task_group_decorator to 2024-07-24 00:00:00+00:00, run_after=2024-07-25 00:00:00+00:00
[2024-07-25T23:21:00.619+0000] {processor.py:183} INFO - Processing /home/airflow/.local/lib/python3.12/site-packages/airflow/example_dags/example_task_group_decorator.py took 0.148 seconds
[2024-07-25T23:21:31.542+0000] {processor.py:161} INFO - Started process (PID=570) to work on /home/airflow/.local/lib/python3.12/site-packages/airflow/example_dags/example_task_group_decorator.py
[2024-07-25T23:21:31.544+0000] {processor.py:830} INFO - Processing file /home/airflow/.local/lib/python3.12/site-packages/airflow/example_dags/example_task_group_decorator.py for tasks to queue
[2024-07-25T23:21:31.547+0000] {logging_mixin.py:188} INFO - [2024-07-25T23:21:31.547+0000] {dagbag.py:545} INFO - Filling up the DagBag from /home/airflow/.local/lib/python3.12/site-packages/airflow/example_dags/example_task_group_decorator.py
[2024-07-25T23:21:31.558+0000] {processor.py:840} INFO - DAG(s) 'example_task_group_decorator' retrieved from /home/airflow/.local/lib/python3.12/site-packages/airflow/example_dags/example_task_group_decorator.py
[2024-07-25T23:21:31.583+0000] {logging_mixin.py:188} INFO - [2024-07-25T23:21:31.583+0000] {dag.py:3089} INFO - Sync 1 DAGs
[2024-07-25T23:21:31.607+0000] {logging_mixin.py:188} INFO - [2024-07-25T23:21:31.607+0000] {dag.py:3947} INFO - Setting next_dagrun for example_task_group_decorator to 2024-07-24 00:00:00+00:00, run_after=2024-07-25 00:00:00+00:00
[2024-07-25T23:21:31.622+0000] {processor.py:183} INFO - Processing /home/airflow/.local/lib/python3.12/site-packages/airflow/example_dags/example_task_group_decorator.py took 0.085 seconds
[2024-07-25T23:22:02.123+0000] {processor.py:161} INFO - Started process (PID=629) to work on /home/airflow/.local/lib/python3.12/site-packages/airflow/example_dags/example_task_group_decorator.py
[2024-07-25T23:22:02.127+0000] {processor.py:830} INFO - Processing file /home/airflow/.local/lib/python3.12/site-packages/airflow/example_dags/example_task_group_decorator.py for tasks to queue
[2024-07-25T23:22:02.129+0000] {logging_mixin.py:188} INFO - [2024-07-25T23:22:02.128+0000] {dagbag.py:545} INFO - Filling up the DagBag from /home/airflow/.local/lib/python3.12/site-packages/airflow/example_dags/example_task_group_decorator.py
[2024-07-25T23:22:02.142+0000] {processor.py:840} INFO - DAG(s) 'example_task_group_decorator' retrieved from /home/airflow/.local/lib/python3.12/site-packages/airflow/example_dags/example_task_group_decorator.py
[2024-07-25T23:22:02.164+0000] {logging_mixin.py:188} INFO - [2024-07-25T23:22:02.164+0000] {dag.py:3089} INFO - Sync 1 DAGs
[2024-07-25T23:22:02.182+0000] {logging_mixin.py:188} INFO - [2024-07-25T23:22:02.182+0000] {dag.py:3947} INFO - Setting next_dagrun for example_task_group_decorator to 2024-07-24 00:00:00+00:00, run_after=2024-07-25 00:00:00+00:00
[2024-07-25T23:22:02.200+0000] {processor.py:183} INFO - Processing /home/airflow/.local/lib/python3.12/site-packages/airflow/example_dags/example_task_group_decorator.py took 0.083 seconds
[2024-07-25T23:22:32.941+0000] {processor.py:161} INFO - Started process (PID=688) to work on /home/airflow/.local/lib/python3.12/site-packages/airflow/example_dags/example_task_group_decorator.py
[2024-07-25T23:22:32.946+0000] {processor.py:830} INFO - Processing file /home/airflow/.local/lib/python3.12/site-packages/airflow/example_dags/example_task_group_decorator.py for tasks to queue
[2024-07-25T23:22:32.948+0000] {logging_mixin.py:188} INFO - [2024-07-25T23:22:32.947+0000] {dagbag.py:545} INFO - Filling up the DagBag from /home/airflow/.local/lib/python3.12/site-packages/airflow/example_dags/example_task_group_decorator.py
[2024-07-25T23:22:32.962+0000] {processor.py:840} INFO - DAG(s) 'example_task_group_decorator' retrieved from /home/airflow/.local/lib/python3.12/site-packages/airflow/example_dags/example_task_group_decorator.py
[2024-07-25T23:22:32.989+0000] {logging_mixin.py:188} INFO - [2024-07-25T23:22:32.989+0000] {dag.py:3089} INFO - Sync 1 DAGs
[2024-07-25T23:22:33.007+0000] {logging_mixin.py:188} INFO - [2024-07-25T23:22:33.007+0000] {dag.py:3947} INFO - Setting next_dagrun for example_task_group_decorator to 2024-07-24 00:00:00+00:00, run_after=2024-07-25 00:00:00+00:00
[2024-07-25T23:22:33.022+0000] {processor.py:183} INFO - Processing /home/airflow/.local/lib/python3.12/site-packages/airflow/example_dags/example_task_group_decorator.py took 0.088 seconds
[2024-07-25T23:23:03.413+0000] {processor.py:161} INFO - Started process (PID=748) to work on /home/airflow/.local/lib/python3.12/site-packages/airflow/example_dags/example_task_group_decorator.py
[2024-07-25T23:23:03.414+0000] {processor.py:830} INFO - Processing file /home/airflow/.local/lib/python3.12/site-packages/airflow/example_dags/example_task_group_decorator.py for tasks to queue
[2024-07-25T23:23:03.419+0000] {logging_mixin.py:188} INFO - [2024-07-25T23:23:03.418+0000] {dagbag.py:545} INFO - Filling up the DagBag from /home/airflow/.local/lib/python3.12/site-packages/airflow/example_dags/example_task_group_decorator.py
[2024-07-25T23:23:03.438+0000] {processor.py:840} INFO - DAG(s) 'example_task_group_decorator' retrieved from /home/airflow/.local/lib/python3.12/site-packages/airflow/example_dags/example_task_group_decorator.py
[2024-07-25T23:23:03.491+0000] {logging_mixin.py:188} INFO - [2024-07-25T23:23:03.491+0000] {dag.py:3089} INFO - Sync 1 DAGs
[2024-07-25T23:23:03.516+0000] {logging_mixin.py:188} INFO - [2024-07-25T23:23:03.516+0000] {dag.py:3947} INFO - Setting next_dagrun for example_task_group_decorator to 2024-07-24 00:00:00+00:00, run_after=2024-07-25 00:00:00+00:00
[2024-07-25T23:23:03.535+0000] {processor.py:183} INFO - Processing /home/airflow/.local/lib/python3.12/site-packages/airflow/example_dags/example_task_group_decorator.py took 0.130 seconds
[2024-07-25T23:23:34.182+0000] {processor.py:161} INFO - Started process (PID=808) to work on /home/airflow/.local/lib/python3.12/site-packages/airflow/example_dags/example_task_group_decorator.py
[2024-07-25T23:23:34.184+0000] {processor.py:830} INFO - Processing file /home/airflow/.local/lib/python3.12/site-packages/airflow/example_dags/example_task_group_decorator.py for tasks to queue
[2024-07-25T23:23:34.185+0000] {logging_mixin.py:188} INFO - [2024-07-25T23:23:34.185+0000] {dagbag.py:545} INFO - Filling up the DagBag from /home/airflow/.local/lib/python3.12/site-packages/airflow/example_dags/example_task_group_decorator.py
[2024-07-25T23:23:34.195+0000] {processor.py:840} INFO - DAG(s) 'example_task_group_decorator' retrieved from /home/airflow/.local/lib/python3.12/site-packages/airflow/example_dags/example_task_group_decorator.py
[2024-07-25T23:23:34.217+0000] {logging_mixin.py:188} INFO - [2024-07-25T23:23:34.217+0000] {dag.py:3089} INFO - Sync 1 DAGs
[2024-07-25T23:23:34.235+0000] {logging_mixin.py:188} INFO - [2024-07-25T23:23:34.235+0000] {dag.py:3947} INFO - Setting next_dagrun for example_task_group_decorator to 2024-07-24 00:00:00+00:00, run_after=2024-07-25 00:00:00+00:00
[2024-07-25T23:23:34.252+0000] {processor.py:183} INFO - Processing /home/airflow/.local/lib/python3.12/site-packages/airflow/example_dags/example_task_group_decorator.py took 0.075 seconds
[2024-07-25T23:24:07.587+0000] {processor.py:161} INFO - Started process (PID=868) to work on /home/airflow/.local/lib/python3.12/site-packages/airflow/example_dags/example_task_group_decorator.py
[2024-07-25T23:24:07.588+0000] {processor.py:830} INFO - Processing file /home/airflow/.local/lib/python3.12/site-packages/airflow/example_dags/example_task_group_decorator.py for tasks to queue
[2024-07-25T23:24:07.594+0000] {logging_mixin.py:188} INFO - [2024-07-25T23:24:07.594+0000] {dagbag.py:545} INFO - Filling up the DagBag from /home/airflow/.local/lib/python3.12/site-packages/airflow/example_dags/example_task_group_decorator.py
[2024-07-25T23:24:07.615+0000] {processor.py:840} INFO - DAG(s) 'example_task_group_decorator' retrieved from /home/airflow/.local/lib/python3.12/site-packages/airflow/example_dags/example_task_group_decorator.py
[2024-07-25T23:24:07.661+0000] {logging_mixin.py:188} INFO - [2024-07-25T23:24:07.661+0000] {dag.py:3089} INFO - Sync 1 DAGs
[2024-07-25T23:24:07.727+0000] {logging_mixin.py:188} INFO - [2024-07-25T23:24:07.726+0000] {dag.py:3947} INFO - Setting next_dagrun for example_task_group_decorator to 2024-07-24 00:00:00+00:00, run_after=2024-07-25 00:00:00+00:00
[2024-07-25T23:24:07.758+0000] {processor.py:183} INFO - Processing /home/airflow/.local/lib/python3.12/site-packages/airflow/example_dags/example_task_group_decorator.py took 0.179 seconds
[2024-07-25T23:24:41.267+0000] {processor.py:161} INFO - Started process (PID=934) to work on /home/airflow/.local/lib/python3.12/site-packages/airflow/example_dags/example_task_group_decorator.py
[2024-07-25T23:24:41.273+0000] {processor.py:830} INFO - Processing file /home/airflow/.local/lib/python3.12/site-packages/airflow/example_dags/example_task_group_decorator.py for tasks to queue
[2024-07-25T23:24:41.305+0000] {logging_mixin.py:188} INFO - [2024-07-25T23:24:41.303+0000] {dagbag.py:545} INFO - Filling up the DagBag from /home/airflow/.local/lib/python3.12/site-packages/airflow/example_dags/example_task_group_decorator.py
[2024-07-25T23:24:41.344+0000] {processor.py:840} INFO - DAG(s) 'example_task_group_decorator' retrieved from /home/airflow/.local/lib/python3.12/site-packages/airflow/example_dags/example_task_group_decorator.py
[2024-07-25T23:24:41.446+0000] {logging_mixin.py:188} INFO - [2024-07-25T23:24:41.444+0000] {dag.py:3089} INFO - Sync 1 DAGs
[2024-07-25T23:24:41.552+0000] {logging_mixin.py:188} INFO - [2024-07-25T23:24:41.549+0000] {dag.py:3947} INFO - Setting next_dagrun for example_task_group_decorator to 2024-07-24 00:00:00+00:00, run_after=2024-07-25 00:00:00+00:00
[2024-07-25T23:24:41.660+0000] {processor.py:183} INFO - Processing /home/airflow/.local/lib/python3.12/site-packages/airflow/example_dags/example_task_group_decorator.py took 0.425 seconds
[2024-07-25T23:25:11.985+0000] {processor.py:161} INFO - Started process (PID=994) to work on /home/airflow/.local/lib/python3.12/site-packages/airflow/example_dags/example_task_group_decorator.py
[2024-07-25T23:25:11.988+0000] {processor.py:830} INFO - Processing file /home/airflow/.local/lib/python3.12/site-packages/airflow/example_dags/example_task_group_decorator.py for tasks to queue
[2024-07-25T23:25:11.990+0000] {logging_mixin.py:188} INFO - [2024-07-25T23:25:11.989+0000] {dagbag.py:545} INFO - Filling up the DagBag from /home/airflow/.local/lib/python3.12/site-packages/airflow/example_dags/example_task_group_decorator.py
[2024-07-25T23:25:12.000+0000] {processor.py:840} INFO - DAG(s) 'example_task_group_decorator' retrieved from /home/airflow/.local/lib/python3.12/site-packages/airflow/example_dags/example_task_group_decorator.py
[2024-07-25T23:25:12.027+0000] {logging_mixin.py:188} INFO - [2024-07-25T23:25:12.026+0000] {dag.py:3089} INFO - Sync 1 DAGs
[2024-07-25T23:25:12.046+0000] {logging_mixin.py:188} INFO - [2024-07-25T23:25:12.046+0000] {dag.py:3947} INFO - Setting next_dagrun for example_task_group_decorator to 2024-07-24 00:00:00+00:00, run_after=2024-07-25 00:00:00+00:00
[2024-07-25T23:25:12.067+0000] {processor.py:183} INFO - Processing /home/airflow/.local/lib/python3.12/site-packages/airflow/example_dags/example_task_group_decorator.py took 0.087 seconds
[2024-07-25T23:27:59.768+0000] {processor.py:161} INFO - Started process (PID=94) to work on /home/airflow/.local/lib/python3.12/site-packages/airflow/example_dags/example_task_group_decorator.py
[2024-07-25T23:27:59.772+0000] {processor.py:830} INFO - Processing file /home/airflow/.local/lib/python3.12/site-packages/airflow/example_dags/example_task_group_decorator.py for tasks to queue
[2024-07-25T23:27:59.775+0000] {logging_mixin.py:188} INFO - [2024-07-25T23:27:59.775+0000] {dagbag.py:545} INFO - Filling up the DagBag from /home/airflow/.local/lib/python3.12/site-packages/airflow/example_dags/example_task_group_decorator.py
[2024-07-25T23:27:59.799+0000] {processor.py:840} INFO - DAG(s) 'example_task_group_decorator' retrieved from /home/airflow/.local/lib/python3.12/site-packages/airflow/example_dags/example_task_group_decorator.py
[2024-07-25T23:28:00.218+0000] {logging_mixin.py:188} INFO - [2024-07-25T23:28:00.217+0000] {dag.py:3089} INFO - Sync 1 DAGs
[2024-07-25T23:28:00.241+0000] {logging_mixin.py:188} INFO - [2024-07-25T23:28:00.241+0000] {dag.py:3947} INFO - Setting next_dagrun for example_task_group_decorator to 2024-07-24 00:00:00+00:00, run_after=2024-07-25 00:00:00+00:00
[2024-07-25T23:28:00.264+0000] {processor.py:183} INFO - Processing /home/airflow/.local/lib/python3.12/site-packages/airflow/example_dags/example_task_group_decorator.py took 0.504 seconds
[2024-07-25T23:28:30.546+0000] {processor.py:161} INFO - Started process (PID=154) to work on /home/airflow/.local/lib/python3.12/site-packages/airflow/example_dags/example_task_group_decorator.py
[2024-07-25T23:28:30.549+0000] {processor.py:830} INFO - Processing file /home/airflow/.local/lib/python3.12/site-packages/airflow/example_dags/example_task_group_decorator.py for tasks to queue
[2024-07-25T23:28:30.553+0000] {logging_mixin.py:188} INFO - [2024-07-25T23:28:30.552+0000] {dagbag.py:545} INFO - Filling up the DagBag from /home/airflow/.local/lib/python3.12/site-packages/airflow/example_dags/example_task_group_decorator.py
[2024-07-25T23:28:30.581+0000] {processor.py:840} INFO - DAG(s) 'example_task_group_decorator' retrieved from /home/airflow/.local/lib/python3.12/site-packages/airflow/example_dags/example_task_group_decorator.py
[2024-07-25T23:28:30.641+0000] {logging_mixin.py:188} INFO - [2024-07-25T23:28:30.641+0000] {dag.py:3089} INFO - Sync 1 DAGs
[2024-07-25T23:28:30.689+0000] {logging_mixin.py:188} INFO - [2024-07-25T23:28:30.689+0000] {dag.py:3947} INFO - Setting next_dagrun for example_task_group_decorator to 2024-07-24 00:00:00+00:00, run_after=2024-07-25 00:00:00+00:00
[2024-07-25T23:28:30.761+0000] {processor.py:183} INFO - Processing /home/airflow/.local/lib/python3.12/site-packages/airflow/example_dags/example_task_group_decorator.py took 0.224 seconds
[2024-07-25T23:29:01.605+0000] {processor.py:161} INFO - Started process (PID=216) to work on /home/airflow/.local/lib/python3.12/site-packages/airflow/example_dags/example_task_group_decorator.py
[2024-07-25T23:29:01.606+0000] {processor.py:830} INFO - Processing file /home/airflow/.local/lib/python3.12/site-packages/airflow/example_dags/example_task_group_decorator.py for tasks to queue
[2024-07-25T23:29:01.608+0000] {logging_mixin.py:188} INFO - [2024-07-25T23:29:01.608+0000] {dagbag.py:545} INFO - Filling up the DagBag from /home/airflow/.local/lib/python3.12/site-packages/airflow/example_dags/example_task_group_decorator.py
[2024-07-25T23:29:01.623+0000] {processor.py:840} INFO - DAG(s) 'example_task_group_decorator' retrieved from /home/airflow/.local/lib/python3.12/site-packages/airflow/example_dags/example_task_group_decorator.py
[2024-07-25T23:29:01.648+0000] {logging_mixin.py:188} INFO - [2024-07-25T23:29:01.647+0000] {dag.py:3089} INFO - Sync 1 DAGs
[2024-07-25T23:29:01.666+0000] {logging_mixin.py:188} INFO - [2024-07-25T23:29:01.666+0000] {dag.py:3947} INFO - Setting next_dagrun for example_task_group_decorator to 2024-07-24 00:00:00+00:00, run_after=2024-07-25 00:00:00+00:00
[2024-07-25T23:29:01.680+0000] {processor.py:183} INFO - Processing /home/airflow/.local/lib/python3.12/site-packages/airflow/example_dags/example_task_group_decorator.py took 0.083 seconds
[2024-07-25T23:29:35.980+0000] {processor.py:161} INFO - Started process (PID=286) to work on /home/airflow/.local/lib/python3.12/site-packages/airflow/example_dags/example_task_group_decorator.py
[2024-07-25T23:29:35.984+0000] {processor.py:830} INFO - Processing file /home/airflow/.local/lib/python3.12/site-packages/airflow/example_dags/example_task_group_decorator.py for tasks to queue
[2024-07-25T23:29:35.996+0000] {logging_mixin.py:188} INFO - [2024-07-25T23:29:35.995+0000] {dagbag.py:545} INFO - Filling up the DagBag from /home/airflow/.local/lib/python3.12/site-packages/airflow/example_dags/example_task_group_decorator.py
[2024-07-25T23:29:36.117+0000] {processor.py:840} INFO - DAG(s) 'example_task_group_decorator' retrieved from /home/airflow/.local/lib/python3.12/site-packages/airflow/example_dags/example_task_group_decorator.py
[2024-07-25T23:29:36.316+0000] {logging_mixin.py:188} INFO - [2024-07-25T23:29:36.316+0000] {dag.py:3089} INFO - Sync 1 DAGs
[2024-07-25T23:29:36.422+0000] {logging_mixin.py:188} INFO - [2024-07-25T23:29:36.421+0000] {dag.py:3947} INFO - Setting next_dagrun for example_task_group_decorator to 2024-07-24 00:00:00+00:00, run_after=2024-07-25 00:00:00+00:00
[2024-07-25T23:29:36.547+0000] {processor.py:183} INFO - Processing /home/airflow/.local/lib/python3.12/site-packages/airflow/example_dags/example_task_group_decorator.py took 0.633 seconds
[2024-07-25T23:30:07.009+0000] {processor.py:161} INFO - Started process (PID=344) to work on /home/airflow/.local/lib/python3.12/site-packages/airflow/example_dags/example_task_group_decorator.py
[2024-07-25T23:30:07.011+0000] {processor.py:830} INFO - Processing file /home/airflow/.local/lib/python3.12/site-packages/airflow/example_dags/example_task_group_decorator.py for tasks to queue
[2024-07-25T23:30:07.013+0000] {logging_mixin.py:188} INFO - [2024-07-25T23:30:07.013+0000] {dagbag.py:545} INFO - Filling up the DagBag from /home/airflow/.local/lib/python3.12/site-packages/airflow/example_dags/example_task_group_decorator.py
[2024-07-25T23:30:07.029+0000] {processor.py:840} INFO - DAG(s) 'example_task_group_decorator' retrieved from /home/airflow/.local/lib/python3.12/site-packages/airflow/example_dags/example_task_group_decorator.py
[2024-07-25T23:30:07.054+0000] {logging_mixin.py:188} INFO - [2024-07-25T23:30:07.054+0000] {dag.py:3089} INFO - Sync 1 DAGs
[2024-07-25T23:30:07.094+0000] {logging_mixin.py:188} INFO - [2024-07-25T23:30:07.094+0000] {dag.py:3947} INFO - Setting next_dagrun for example_task_group_decorator to 2024-07-24 00:00:00+00:00, run_after=2024-07-25 00:00:00+00:00
[2024-07-25T23:30:07.118+0000] {processor.py:183} INFO - Processing /home/airflow/.local/lib/python3.12/site-packages/airflow/example_dags/example_task_group_decorator.py took 0.120 seconds
[2024-07-25T23:30:37.795+0000] {processor.py:161} INFO - Started process (PID=404) to work on /home/airflow/.local/lib/python3.12/site-packages/airflow/example_dags/example_task_group_decorator.py
[2024-07-25T23:30:37.797+0000] {processor.py:830} INFO - Processing file /home/airflow/.local/lib/python3.12/site-packages/airflow/example_dags/example_task_group_decorator.py for tasks to queue
[2024-07-25T23:30:37.802+0000] {logging_mixin.py:188} INFO - [2024-07-25T23:30:37.800+0000] {dagbag.py:545} INFO - Filling up the DagBag from /home/airflow/.local/lib/python3.12/site-packages/airflow/example_dags/example_task_group_decorator.py
[2024-07-25T23:30:37.822+0000] {processor.py:840} INFO - DAG(s) 'example_task_group_decorator' retrieved from /home/airflow/.local/lib/python3.12/site-packages/airflow/example_dags/example_task_group_decorator.py
[2024-07-25T23:30:37.848+0000] {logging_mixin.py:188} INFO - [2024-07-25T23:30:37.848+0000] {dag.py:3089} INFO - Sync 1 DAGs
[2024-07-25T23:30:37.865+0000] {logging_mixin.py:188} INFO - [2024-07-25T23:30:37.865+0000] {dag.py:3947} INFO - Setting next_dagrun for example_task_group_decorator to 2024-07-24 00:00:00+00:00, run_after=2024-07-25 00:00:00+00:00
[2024-07-25T23:30:37.878+0000] {processor.py:183} INFO - Processing /home/airflow/.local/lib/python3.12/site-packages/airflow/example_dags/example_task_group_decorator.py took 0.090 seconds
[2024-07-25T23:31:08.859+0000] {processor.py:161} INFO - Started process (PID=464) to work on /home/airflow/.local/lib/python3.12/site-packages/airflow/example_dags/example_task_group_decorator.py
[2024-07-25T23:31:08.861+0000] {processor.py:830} INFO - Processing file /home/airflow/.local/lib/python3.12/site-packages/airflow/example_dags/example_task_group_decorator.py for tasks to queue
[2024-07-25T23:31:08.866+0000] {logging_mixin.py:188} INFO - [2024-07-25T23:31:08.865+0000] {dagbag.py:545} INFO - Filling up the DagBag from /home/airflow/.local/lib/python3.12/site-packages/airflow/example_dags/example_task_group_decorator.py
[2024-07-25T23:31:08.887+0000] {processor.py:840} INFO - DAG(s) 'example_task_group_decorator' retrieved from /home/airflow/.local/lib/python3.12/site-packages/airflow/example_dags/example_task_group_decorator.py
[2024-07-25T23:31:08.918+0000] {logging_mixin.py:188} INFO - [2024-07-25T23:31:08.917+0000] {dag.py:3089} INFO - Sync 1 DAGs
[2024-07-25T23:31:08.939+0000] {logging_mixin.py:188} INFO - [2024-07-25T23:31:08.938+0000] {dag.py:3947} INFO - Setting next_dagrun for example_task_group_decorator to 2024-07-24 00:00:00+00:00, run_after=2024-07-25 00:00:00+00:00
[2024-07-25T23:31:08.955+0000] {processor.py:183} INFO - Processing /home/airflow/.local/lib/python3.12/site-packages/airflow/example_dags/example_task_group_decorator.py took 0.109 seconds
[2024-07-25T23:31:39.535+0000] {processor.py:161} INFO - Started process (PID=524) to work on /home/airflow/.local/lib/python3.12/site-packages/airflow/example_dags/example_task_group_decorator.py
[2024-07-25T23:31:39.537+0000] {processor.py:830} INFO - Processing file /home/airflow/.local/lib/python3.12/site-packages/airflow/example_dags/example_task_group_decorator.py for tasks to queue
[2024-07-25T23:31:39.538+0000] {logging_mixin.py:188} INFO - [2024-07-25T23:31:39.538+0000] {dagbag.py:545} INFO - Filling up the DagBag from /home/airflow/.local/lib/python3.12/site-packages/airflow/example_dags/example_task_group_decorator.py
[2024-07-25T23:31:39.553+0000] {processor.py:840} INFO - DAG(s) 'example_task_group_decorator' retrieved from /home/airflow/.local/lib/python3.12/site-packages/airflow/example_dags/example_task_group_decorator.py
[2024-07-25T23:31:39.574+0000] {logging_mixin.py:188} INFO - [2024-07-25T23:31:39.574+0000] {dag.py:3089} INFO - Sync 1 DAGs
[2024-07-25T23:31:39.589+0000] {logging_mixin.py:188} INFO - [2024-07-25T23:31:39.589+0000] {dag.py:3947} INFO - Setting next_dagrun for example_task_group_decorator to 2024-07-24 00:00:00+00:00, run_after=2024-07-25 00:00:00+00:00
[2024-07-25T23:31:39.601+0000] {processor.py:183} INFO - Processing /home/airflow/.local/lib/python3.12/site-packages/airflow/example_dags/example_task_group_decorator.py took 0.070 seconds
[2024-07-25T23:32:10.427+0000] {processor.py:161} INFO - Started process (PID=584) to work on /home/airflow/.local/lib/python3.12/site-packages/airflow/example_dags/example_task_group_decorator.py
[2024-07-25T23:32:10.428+0000] {processor.py:830} INFO - Processing file /home/airflow/.local/lib/python3.12/site-packages/airflow/example_dags/example_task_group_decorator.py for tasks to queue
[2024-07-25T23:32:10.430+0000] {logging_mixin.py:188} INFO - [2024-07-25T23:32:10.429+0000] {dagbag.py:545} INFO - Filling up the DagBag from /home/airflow/.local/lib/python3.12/site-packages/airflow/example_dags/example_task_group_decorator.py
[2024-07-25T23:32:10.440+0000] {processor.py:840} INFO - DAG(s) 'example_task_group_decorator' retrieved from /home/airflow/.local/lib/python3.12/site-packages/airflow/example_dags/example_task_group_decorator.py
[2024-07-25T23:32:10.459+0000] {logging_mixin.py:188} INFO - [2024-07-25T23:32:10.459+0000] {dag.py:3089} INFO - Sync 1 DAGs
[2024-07-25T23:32:10.474+0000] {logging_mixin.py:188} INFO - [2024-07-25T23:32:10.474+0000] {dag.py:3947} INFO - Setting next_dagrun for example_task_group_decorator to 2024-07-24 00:00:00+00:00, run_after=2024-07-25 00:00:00+00:00
[2024-07-25T23:32:10.485+0000] {processor.py:183} INFO - Processing /home/airflow/.local/lib/python3.12/site-packages/airflow/example_dags/example_task_group_decorator.py took 0.062 seconds
[2024-07-25T23:32:41.038+0000] {processor.py:161} INFO - Started process (PID=644) to work on /home/airflow/.local/lib/python3.12/site-packages/airflow/example_dags/example_task_group_decorator.py
[2024-07-25T23:32:41.039+0000] {processor.py:830} INFO - Processing file /home/airflow/.local/lib/python3.12/site-packages/airflow/example_dags/example_task_group_decorator.py for tasks to queue
[2024-07-25T23:32:41.040+0000] {logging_mixin.py:188} INFO - [2024-07-25T23:32:41.040+0000] {dagbag.py:545} INFO - Filling up the DagBag from /home/airflow/.local/lib/python3.12/site-packages/airflow/example_dags/example_task_group_decorator.py
[2024-07-25T23:32:41.049+0000] {processor.py:840} INFO - DAG(s) 'example_task_group_decorator' retrieved from /home/airflow/.local/lib/python3.12/site-packages/airflow/example_dags/example_task_group_decorator.py
[2024-07-25T23:32:41.066+0000] {logging_mixin.py:188} INFO - [2024-07-25T23:32:41.065+0000] {dag.py:3089} INFO - Sync 1 DAGs
[2024-07-25T23:32:41.083+0000] {logging_mixin.py:188} INFO - [2024-07-25T23:32:41.083+0000] {dag.py:3947} INFO - Setting next_dagrun for example_task_group_decorator to 2024-07-24 00:00:00+00:00, run_after=2024-07-25 00:00:00+00:00
[2024-07-25T23:32:41.100+0000] {processor.py:183} INFO - Processing /home/airflow/.local/lib/python3.12/site-packages/airflow/example_dags/example_task_group_decorator.py took 0.066 seconds
[2024-07-25T23:33:11.624+0000] {processor.py:161} INFO - Started process (PID=704) to work on /home/airflow/.local/lib/python3.12/site-packages/airflow/example_dags/example_task_group_decorator.py
[2024-07-25T23:33:11.625+0000] {processor.py:830} INFO - Processing file /home/airflow/.local/lib/python3.12/site-packages/airflow/example_dags/example_task_group_decorator.py for tasks to queue
[2024-07-25T23:33:11.626+0000] {logging_mixin.py:188} INFO - [2024-07-25T23:33:11.626+0000] {dagbag.py:545} INFO - Filling up the DagBag from /home/airflow/.local/lib/python3.12/site-packages/airflow/example_dags/example_task_group_decorator.py
[2024-07-25T23:33:11.636+0000] {processor.py:840} INFO - DAG(s) 'example_task_group_decorator' retrieved from /home/airflow/.local/lib/python3.12/site-packages/airflow/example_dags/example_task_group_decorator.py
[2024-07-25T23:33:11.652+0000] {logging_mixin.py:188} INFO - [2024-07-25T23:33:11.652+0000] {dag.py:3089} INFO - Sync 1 DAGs
[2024-07-25T23:33:11.666+0000] {logging_mixin.py:188} INFO - [2024-07-25T23:33:11.666+0000] {dag.py:3947} INFO - Setting next_dagrun for example_task_group_decorator to 2024-07-24 00:00:00+00:00, run_after=2024-07-25 00:00:00+00:00
[2024-07-25T23:33:11.679+0000] {processor.py:183} INFO - Processing /home/airflow/.local/lib/python3.12/site-packages/airflow/example_dags/example_task_group_decorator.py took 0.059 seconds
[2024-07-25T23:33:42.202+0000] {processor.py:161} INFO - Started process (PID=764) to work on /home/airflow/.local/lib/python3.12/site-packages/airflow/example_dags/example_task_group_decorator.py
[2024-07-25T23:33:42.203+0000] {processor.py:830} INFO - Processing file /home/airflow/.local/lib/python3.12/site-packages/airflow/example_dags/example_task_group_decorator.py for tasks to queue
[2024-07-25T23:33:42.205+0000] {logging_mixin.py:188} INFO - [2024-07-25T23:33:42.205+0000] {dagbag.py:545} INFO - Filling up the DagBag from /home/airflow/.local/lib/python3.12/site-packages/airflow/example_dags/example_task_group_decorator.py
[2024-07-25T23:33:42.215+0000] {processor.py:840} INFO - DAG(s) 'example_task_group_decorator' retrieved from /home/airflow/.local/lib/python3.12/site-packages/airflow/example_dags/example_task_group_decorator.py
[2024-07-25T23:33:42.232+0000] {logging_mixin.py:188} INFO - [2024-07-25T23:33:42.232+0000] {dag.py:3089} INFO - Sync 1 DAGs
[2024-07-25T23:33:42.247+0000] {logging_mixin.py:188} INFO - [2024-07-25T23:33:42.247+0000] {dag.py:3947} INFO - Setting next_dagrun for example_task_group_decorator to 2024-07-24 00:00:00+00:00, run_after=2024-07-25 00:00:00+00:00
[2024-07-25T23:33:42.258+0000] {processor.py:183} INFO - Processing /home/airflow/.local/lib/python3.12/site-packages/airflow/example_dags/example_task_group_decorator.py took 0.061 seconds
[2024-07-25T23:34:12.543+0000] {processor.py:161} INFO - Started process (PID=824) to work on /home/airflow/.local/lib/python3.12/site-packages/airflow/example_dags/example_task_group_decorator.py
[2024-07-25T23:34:12.544+0000] {processor.py:830} INFO - Processing file /home/airflow/.local/lib/python3.12/site-packages/airflow/example_dags/example_task_group_decorator.py for tasks to queue
[2024-07-25T23:34:12.546+0000] {logging_mixin.py:188} INFO - [2024-07-25T23:34:12.546+0000] {dagbag.py:545} INFO - Filling up the DagBag from /home/airflow/.local/lib/python3.12/site-packages/airflow/example_dags/example_task_group_decorator.py
[2024-07-25T23:34:12.557+0000] {processor.py:840} INFO - DAG(s) 'example_task_group_decorator' retrieved from /home/airflow/.local/lib/python3.12/site-packages/airflow/example_dags/example_task_group_decorator.py
[2024-07-25T23:34:12.575+0000] {logging_mixin.py:188} INFO - [2024-07-25T23:34:12.574+0000] {dag.py:3089} INFO - Sync 1 DAGs
[2024-07-25T23:34:12.590+0000] {logging_mixin.py:188} INFO - [2024-07-25T23:34:12.589+0000] {dag.py:3947} INFO - Setting next_dagrun for example_task_group_decorator to 2024-07-24 00:00:00+00:00, run_after=2024-07-25 00:00:00+00:00
[2024-07-25T23:34:12.601+0000] {processor.py:183} INFO - Processing /home/airflow/.local/lib/python3.12/site-packages/airflow/example_dags/example_task_group_decorator.py took 0.064 seconds
[2024-07-25T23:34:42.797+0000] {processor.py:161} INFO - Started process (PID=883) to work on /home/airflow/.local/lib/python3.12/site-packages/airflow/example_dags/example_task_group_decorator.py
[2024-07-25T23:34:42.798+0000] {processor.py:830} INFO - Processing file /home/airflow/.local/lib/python3.12/site-packages/airflow/example_dags/example_task_group_decorator.py for tasks to queue
[2024-07-25T23:34:42.800+0000] {logging_mixin.py:188} INFO - [2024-07-25T23:34:42.800+0000] {dagbag.py:545} INFO - Filling up the DagBag from /home/airflow/.local/lib/python3.12/site-packages/airflow/example_dags/example_task_group_decorator.py
[2024-07-25T23:34:42.812+0000] {processor.py:840} INFO - DAG(s) 'example_task_group_decorator' retrieved from /home/airflow/.local/lib/python3.12/site-packages/airflow/example_dags/example_task_group_decorator.py
[2024-07-25T23:34:42.833+0000] {logging_mixin.py:188} INFO - [2024-07-25T23:34:42.833+0000] {dag.py:3089} INFO - Sync 1 DAGs
[2024-07-25T23:34:42.851+0000] {logging_mixin.py:188} INFO - [2024-07-25T23:34:42.851+0000] {dag.py:3947} INFO - Setting next_dagrun for example_task_group_decorator to 2024-07-24 00:00:00+00:00, run_after=2024-07-25 00:00:00+00:00
[2024-07-25T23:34:42.866+0000] {processor.py:183} INFO - Processing /home/airflow/.local/lib/python3.12/site-packages/airflow/example_dags/example_task_group_decorator.py took 0.074 seconds
[2024-07-25T23:35:13.117+0000] {processor.py:161} INFO - Started process (PID=943) to work on /home/airflow/.local/lib/python3.12/site-packages/airflow/example_dags/example_task_group_decorator.py
[2024-07-25T23:35:13.118+0000] {processor.py:830} INFO - Processing file /home/airflow/.local/lib/python3.12/site-packages/airflow/example_dags/example_task_group_decorator.py for tasks to queue
[2024-07-25T23:35:13.119+0000] {logging_mixin.py:188} INFO - [2024-07-25T23:35:13.119+0000] {dagbag.py:545} INFO - Filling up the DagBag from /home/airflow/.local/lib/python3.12/site-packages/airflow/example_dags/example_task_group_decorator.py
[2024-07-25T23:35:13.130+0000] {processor.py:840} INFO - DAG(s) 'example_task_group_decorator' retrieved from /home/airflow/.local/lib/python3.12/site-packages/airflow/example_dags/example_task_group_decorator.py
[2024-07-25T23:35:13.148+0000] {logging_mixin.py:188} INFO - [2024-07-25T23:35:13.148+0000] {dag.py:3089} INFO - Sync 1 DAGs
[2024-07-25T23:35:13.163+0000] {logging_mixin.py:188} INFO - [2024-07-25T23:35:13.162+0000] {dag.py:3947} INFO - Setting next_dagrun for example_task_group_decorator to 2024-07-24 00:00:00+00:00, run_after=2024-07-25 00:00:00+00:00
[2024-07-25T23:35:13.175+0000] {processor.py:183} INFO - Processing /home/airflow/.local/lib/python3.12/site-packages/airflow/example_dags/example_task_group_decorator.py took 0.063 seconds
[2024-07-25T23:35:43.740+0000] {processor.py:161} INFO - Started process (PID=1003) to work on /home/airflow/.local/lib/python3.12/site-packages/airflow/example_dags/example_task_group_decorator.py
[2024-07-25T23:35:43.743+0000] {processor.py:830} INFO - Processing file /home/airflow/.local/lib/python3.12/site-packages/airflow/example_dags/example_task_group_decorator.py for tasks to queue
[2024-07-25T23:35:43.745+0000] {logging_mixin.py:188} INFO - [2024-07-25T23:35:43.745+0000] {dagbag.py:545} INFO - Filling up the DagBag from /home/airflow/.local/lib/python3.12/site-packages/airflow/example_dags/example_task_group_decorator.py
[2024-07-25T23:35:43.761+0000] {processor.py:840} INFO - DAG(s) 'example_task_group_decorator' retrieved from /home/airflow/.local/lib/python3.12/site-packages/airflow/example_dags/example_task_group_decorator.py
[2024-07-25T23:35:43.786+0000] {logging_mixin.py:188} INFO - [2024-07-25T23:35:43.786+0000] {dag.py:3089} INFO - Sync 1 DAGs
[2024-07-25T23:35:43.805+0000] {logging_mixin.py:188} INFO - [2024-07-25T23:35:43.805+0000] {dag.py:3947} INFO - Setting next_dagrun for example_task_group_decorator to 2024-07-24 00:00:00+00:00, run_after=2024-07-25 00:00:00+00:00
[2024-07-25T23:35:43.820+0000] {processor.py:183} INFO - Processing /home/airflow/.local/lib/python3.12/site-packages/airflow/example_dags/example_task_group_decorator.py took 0.086 seconds
[2024-07-25T23:36:14.135+0000] {processor.py:161} INFO - Started process (PID=1063) to work on /home/airflow/.local/lib/python3.12/site-packages/airflow/example_dags/example_task_group_decorator.py
[2024-07-25T23:36:14.140+0000] {processor.py:830} INFO - Processing file /home/airflow/.local/lib/python3.12/site-packages/airflow/example_dags/example_task_group_decorator.py for tasks to queue
[2024-07-25T23:36:14.142+0000] {logging_mixin.py:188} INFO - [2024-07-25T23:36:14.142+0000] {dagbag.py:545} INFO - Filling up the DagBag from /home/airflow/.local/lib/python3.12/site-packages/airflow/example_dags/example_task_group_decorator.py
[2024-07-25T23:36:14.152+0000] {processor.py:840} INFO - DAG(s) 'example_task_group_decorator' retrieved from /home/airflow/.local/lib/python3.12/site-packages/airflow/example_dags/example_task_group_decorator.py
[2024-07-25T23:36:14.168+0000] {logging_mixin.py:188} INFO - [2024-07-25T23:36:14.168+0000] {dag.py:3089} INFO - Sync 1 DAGs
[2024-07-25T23:36:14.182+0000] {logging_mixin.py:188} INFO - [2024-07-25T23:36:14.182+0000] {dag.py:3947} INFO - Setting next_dagrun for example_task_group_decorator to 2024-07-24 00:00:00+00:00, run_after=2024-07-25 00:00:00+00:00
[2024-07-25T23:36:14.193+0000] {processor.py:183} INFO - Processing /home/airflow/.local/lib/python3.12/site-packages/airflow/example_dags/example_task_group_decorator.py took 0.063 seconds
[2024-07-25T23:36:44.838+0000] {processor.py:161} INFO - Started process (PID=1122) to work on /home/airflow/.local/lib/python3.12/site-packages/airflow/example_dags/example_task_group_decorator.py
[2024-07-25T23:36:44.840+0000] {processor.py:830} INFO - Processing file /home/airflow/.local/lib/python3.12/site-packages/airflow/example_dags/example_task_group_decorator.py for tasks to queue
[2024-07-25T23:36:44.843+0000] {logging_mixin.py:188} INFO - [2024-07-25T23:36:44.842+0000] {dagbag.py:545} INFO - Filling up the DagBag from /home/airflow/.local/lib/python3.12/site-packages/airflow/example_dags/example_task_group_decorator.py
[2024-07-25T23:36:44.882+0000] {processor.py:840} INFO - DAG(s) 'example_task_group_decorator' retrieved from /home/airflow/.local/lib/python3.12/site-packages/airflow/example_dags/example_task_group_decorator.py
[2024-07-25T23:36:44.902+0000] {logging_mixin.py:188} INFO - [2024-07-25T23:36:44.902+0000] {dag.py:3089} INFO - Sync 1 DAGs
[2024-07-25T23:36:44.921+0000] {logging_mixin.py:188} INFO - [2024-07-25T23:36:44.921+0000] {dag.py:3947} INFO - Setting next_dagrun for example_task_group_decorator to 2024-07-24 00:00:00+00:00, run_after=2024-07-25 00:00:00+00:00
[2024-07-25T23:36:44.934+0000] {processor.py:183} INFO - Processing /home/airflow/.local/lib/python3.12/site-packages/airflow/example_dags/example_task_group_decorator.py took 0.102 seconds
[2024-07-25T23:37:15.001+0000] {processor.py:161} INFO - Started process (PID=1180) to work on /home/airflow/.local/lib/python3.12/site-packages/airflow/example_dags/example_task_group_decorator.py
[2024-07-25T23:37:15.002+0000] {processor.py:830} INFO - Processing file /home/airflow/.local/lib/python3.12/site-packages/airflow/example_dags/example_task_group_decorator.py for tasks to queue
[2024-07-25T23:37:15.003+0000] {logging_mixin.py:188} INFO - [2024-07-25T23:37:15.003+0000] {dagbag.py:545} INFO - Filling up the DagBag from /home/airflow/.local/lib/python3.12/site-packages/airflow/example_dags/example_task_group_decorator.py
[2024-07-25T23:37:15.019+0000] {processor.py:840} INFO - DAG(s) 'example_task_group_decorator' retrieved from /home/airflow/.local/lib/python3.12/site-packages/airflow/example_dags/example_task_group_decorator.py
[2024-07-25T23:37:15.048+0000] {logging_mixin.py:188} INFO - [2024-07-25T23:37:15.046+0000] {dag.py:3089} INFO - Sync 1 DAGs
[2024-07-25T23:37:15.082+0000] {logging_mixin.py:188} INFO - [2024-07-25T23:37:15.082+0000] {dag.py:3947} INFO - Setting next_dagrun for example_task_group_decorator to 2024-07-24 00:00:00+00:00, run_after=2024-07-25 00:00:00+00:00
[2024-07-25T23:37:15.108+0000] {processor.py:183} INFO - Processing /home/airflow/.local/lib/python3.12/site-packages/airflow/example_dags/example_task_group_decorator.py took 0.113 seconds
[2024-07-25T23:37:45.374+0000] {processor.py:161} INFO - Started process (PID=1239) to work on /home/airflow/.local/lib/python3.12/site-packages/airflow/example_dags/example_task_group_decorator.py
[2024-07-25T23:37:45.376+0000] {processor.py:830} INFO - Processing file /home/airflow/.local/lib/python3.12/site-packages/airflow/example_dags/example_task_group_decorator.py for tasks to queue
[2024-07-25T23:37:45.380+0000] {logging_mixin.py:188} INFO - [2024-07-25T23:37:45.379+0000] {dagbag.py:545} INFO - Filling up the DagBag from /home/airflow/.local/lib/python3.12/site-packages/airflow/example_dags/example_task_group_decorator.py
[2024-07-25T23:37:45.394+0000] {processor.py:840} INFO - DAG(s) 'example_task_group_decorator' retrieved from /home/airflow/.local/lib/python3.12/site-packages/airflow/example_dags/example_task_group_decorator.py
[2024-07-25T23:37:45.422+0000] {logging_mixin.py:188} INFO - [2024-07-25T23:37:45.422+0000] {dag.py:3089} INFO - Sync 1 DAGs
[2024-07-25T23:37:45.440+0000] {logging_mixin.py:188} INFO - [2024-07-25T23:37:45.439+0000] {dag.py:3947} INFO - Setting next_dagrun for example_task_group_decorator to 2024-07-24 00:00:00+00:00, run_after=2024-07-25 00:00:00+00:00
[2024-07-25T23:37:45.451+0000] {processor.py:183} INFO - Processing /home/airflow/.local/lib/python3.12/site-packages/airflow/example_dags/example_task_group_decorator.py took 0.083 seconds
[2024-07-25T23:38:16.109+0000] {processor.py:161} INFO - Started process (PID=1299) to work on /home/airflow/.local/lib/python3.12/site-packages/airflow/example_dags/example_task_group_decorator.py
[2024-07-25T23:38:16.112+0000] {processor.py:830} INFO - Processing file /home/airflow/.local/lib/python3.12/site-packages/airflow/example_dags/example_task_group_decorator.py for tasks to queue
[2024-07-25T23:38:16.114+0000] {logging_mixin.py:188} INFO - [2024-07-25T23:38:16.114+0000] {dagbag.py:545} INFO - Filling up the DagBag from /home/airflow/.local/lib/python3.12/site-packages/airflow/example_dags/example_task_group_decorator.py
[2024-07-25T23:38:16.127+0000] {processor.py:840} INFO - DAG(s) 'example_task_group_decorator' retrieved from /home/airflow/.local/lib/python3.12/site-packages/airflow/example_dags/example_task_group_decorator.py
[2024-07-25T23:38:16.150+0000] {logging_mixin.py:188} INFO - [2024-07-25T23:38:16.150+0000] {dag.py:3089} INFO - Sync 1 DAGs
[2024-07-25T23:38:16.168+0000] {logging_mixin.py:188} INFO - [2024-07-25T23:38:16.168+0000] {dag.py:3947} INFO - Setting next_dagrun for example_task_group_decorator to 2024-07-24 00:00:00+00:00, run_after=2024-07-25 00:00:00+00:00
[2024-07-25T23:38:16.181+0000] {processor.py:183} INFO - Processing /home/airflow/.local/lib/python3.12/site-packages/airflow/example_dags/example_task_group_decorator.py took 0.079 seconds
[2024-07-25T23:38:46.453+0000] {processor.py:161} INFO - Started process (PID=1359) to work on /home/airflow/.local/lib/python3.12/site-packages/airflow/example_dags/example_task_group_decorator.py
[2024-07-25T23:38:46.455+0000] {processor.py:830} INFO - Processing file /home/airflow/.local/lib/python3.12/site-packages/airflow/example_dags/example_task_group_decorator.py for tasks to queue
[2024-07-25T23:38:46.457+0000] {logging_mixin.py:188} INFO - [2024-07-25T23:38:46.457+0000] {dagbag.py:545} INFO - Filling up the DagBag from /home/airflow/.local/lib/python3.12/site-packages/airflow/example_dags/example_task_group_decorator.py
[2024-07-25T23:38:46.470+0000] {processor.py:840} INFO - DAG(s) 'example_task_group_decorator' retrieved from /home/airflow/.local/lib/python3.12/site-packages/airflow/example_dags/example_task_group_decorator.py
[2024-07-25T23:38:46.493+0000] {logging_mixin.py:188} INFO - [2024-07-25T23:38:46.493+0000] {dag.py:3089} INFO - Sync 1 DAGs
[2024-07-25T23:38:46.512+0000] {logging_mixin.py:188} INFO - [2024-07-25T23:38:46.512+0000] {dag.py:3947} INFO - Setting next_dagrun for example_task_group_decorator to 2024-07-24 00:00:00+00:00, run_after=2024-07-25 00:00:00+00:00
[2024-07-25T23:38:46.524+0000] {processor.py:183} INFO - Processing /home/airflow/.local/lib/python3.12/site-packages/airflow/example_dags/example_task_group_decorator.py took 0.075 seconds
[2024-07-25T23:39:16.885+0000] {processor.py:161} INFO - Started process (PID=1419) to work on /home/airflow/.local/lib/python3.12/site-packages/airflow/example_dags/example_task_group_decorator.py
[2024-07-25T23:39:16.888+0000] {processor.py:830} INFO - Processing file /home/airflow/.local/lib/python3.12/site-packages/airflow/example_dags/example_task_group_decorator.py for tasks to queue
[2024-07-25T23:39:16.890+0000] {logging_mixin.py:188} INFO - [2024-07-25T23:39:16.889+0000] {dagbag.py:545} INFO - Filling up the DagBag from /home/airflow/.local/lib/python3.12/site-packages/airflow/example_dags/example_task_group_decorator.py
[2024-07-25T23:39:16.901+0000] {processor.py:840} INFO - DAG(s) 'example_task_group_decorator' retrieved from /home/airflow/.local/lib/python3.12/site-packages/airflow/example_dags/example_task_group_decorator.py
[2024-07-25T23:39:16.924+0000] {logging_mixin.py:188} INFO - [2024-07-25T23:39:16.923+0000] {dag.py:3089} INFO - Sync 1 DAGs
[2024-07-25T23:39:16.942+0000] {logging_mixin.py:188} INFO - [2024-07-25T23:39:16.942+0000] {dag.py:3947} INFO - Setting next_dagrun for example_task_group_decorator to 2024-07-24 00:00:00+00:00, run_after=2024-07-25 00:00:00+00:00
[2024-07-25T23:39:16.954+0000] {processor.py:183} INFO - Processing /home/airflow/.local/lib/python3.12/site-packages/airflow/example_dags/example_task_group_decorator.py took 0.072 seconds
[2024-07-25T23:39:47.872+0000] {processor.py:161} INFO - Started process (PID=1479) to work on /home/airflow/.local/lib/python3.12/site-packages/airflow/example_dags/example_task_group_decorator.py
[2024-07-25T23:39:47.873+0000] {processor.py:830} INFO - Processing file /home/airflow/.local/lib/python3.12/site-packages/airflow/example_dags/example_task_group_decorator.py for tasks to queue
[2024-07-25T23:39:47.875+0000] {logging_mixin.py:188} INFO - [2024-07-25T23:39:47.875+0000] {dagbag.py:545} INFO - Filling up the DagBag from /home/airflow/.local/lib/python3.12/site-packages/airflow/example_dags/example_task_group_decorator.py
[2024-07-25T23:39:47.884+0000] {processor.py:840} INFO - DAG(s) 'example_task_group_decorator' retrieved from /home/airflow/.local/lib/python3.12/site-packages/airflow/example_dags/example_task_group_decorator.py
[2024-07-25T23:39:47.901+0000] {logging_mixin.py:188} INFO - [2024-07-25T23:39:47.901+0000] {dag.py:3089} INFO - Sync 1 DAGs
[2024-07-25T23:39:47.914+0000] {logging_mixin.py:188} INFO - [2024-07-25T23:39:47.914+0000] {dag.py:3947} INFO - Setting next_dagrun for example_task_group_decorator to 2024-07-24 00:00:00+00:00, run_after=2024-07-25 00:00:00+00:00
[2024-07-25T23:39:47.926+0000] {processor.py:183} INFO - Processing /home/airflow/.local/lib/python3.12/site-packages/airflow/example_dags/example_task_group_decorator.py took 0.058 seconds
[2024-07-25T23:40:18.727+0000] {processor.py:161} INFO - Started process (PID=1539) to work on /home/airflow/.local/lib/python3.12/site-packages/airflow/example_dags/example_task_group_decorator.py
[2024-07-25T23:40:18.729+0000] {processor.py:830} INFO - Processing file /home/airflow/.local/lib/python3.12/site-packages/airflow/example_dags/example_task_group_decorator.py for tasks to queue
[2024-07-25T23:40:18.731+0000] {logging_mixin.py:188} INFO - [2024-07-25T23:40:18.731+0000] {dagbag.py:545} INFO - Filling up the DagBag from /home/airflow/.local/lib/python3.12/site-packages/airflow/example_dags/example_task_group_decorator.py
[2024-07-25T23:40:18.742+0000] {processor.py:840} INFO - DAG(s) 'example_task_group_decorator' retrieved from /home/airflow/.local/lib/python3.12/site-packages/airflow/example_dags/example_task_group_decorator.py
[2024-07-25T23:40:18.760+0000] {logging_mixin.py:188} INFO - [2024-07-25T23:40:18.760+0000] {dag.py:3089} INFO - Sync 1 DAGs
[2024-07-25T23:40:18.775+0000] {logging_mixin.py:188} INFO - [2024-07-25T23:40:18.775+0000] {dag.py:3947} INFO - Setting next_dagrun for example_task_group_decorator to 2024-07-24 00:00:00+00:00, run_after=2024-07-25 00:00:00+00:00
[2024-07-25T23:40:18.787+0000] {processor.py:183} INFO - Processing /home/airflow/.local/lib/python3.12/site-packages/airflow/example_dags/example_task_group_decorator.py took 0.067 seconds
[2024-07-25T23:40:49.839+0000] {processor.py:161} INFO - Started process (PID=1599) to work on /home/airflow/.local/lib/python3.12/site-packages/airflow/example_dags/example_task_group_decorator.py
[2024-07-25T23:40:49.840+0000] {processor.py:830} INFO - Processing file /home/airflow/.local/lib/python3.12/site-packages/airflow/example_dags/example_task_group_decorator.py for tasks to queue
[2024-07-25T23:40:49.842+0000] {logging_mixin.py:188} INFO - [2024-07-25T23:40:49.841+0000] {dagbag.py:545} INFO - Filling up the DagBag from /home/airflow/.local/lib/python3.12/site-packages/airflow/example_dags/example_task_group_decorator.py
[2024-07-25T23:40:49.852+0000] {processor.py:840} INFO - DAG(s) 'example_task_group_decorator' retrieved from /home/airflow/.local/lib/python3.12/site-packages/airflow/example_dags/example_task_group_decorator.py
[2024-07-25T23:40:49.868+0000] {logging_mixin.py:188} INFO - [2024-07-25T23:40:49.868+0000] {dag.py:3089} INFO - Sync 1 DAGs
[2024-07-25T23:40:49.882+0000] {logging_mixin.py:188} INFO - [2024-07-25T23:40:49.882+0000] {dag.py:3947} INFO - Setting next_dagrun for example_task_group_decorator to 2024-07-24 00:00:00+00:00, run_after=2024-07-25 00:00:00+00:00
[2024-07-25T23:40:49.893+0000] {processor.py:183} INFO - Processing /home/airflow/.local/lib/python3.12/site-packages/airflow/example_dags/example_task_group_decorator.py took 0.058 seconds
[2024-07-25T23:41:20.943+0000] {processor.py:161} INFO - Started process (PID=1659) to work on /home/airflow/.local/lib/python3.12/site-packages/airflow/example_dags/example_task_group_decorator.py
[2024-07-25T23:41:20.946+0000] {processor.py:830} INFO - Processing file /home/airflow/.local/lib/python3.12/site-packages/airflow/example_dags/example_task_group_decorator.py for tasks to queue
[2024-07-25T23:41:20.949+0000] {logging_mixin.py:188} INFO - [2024-07-25T23:41:20.949+0000] {dagbag.py:545} INFO - Filling up the DagBag from /home/airflow/.local/lib/python3.12/site-packages/airflow/example_dags/example_task_group_decorator.py
[2024-07-25T23:41:20.962+0000] {processor.py:840} INFO - DAG(s) 'example_task_group_decorator' retrieved from /home/airflow/.local/lib/python3.12/site-packages/airflow/example_dags/example_task_group_decorator.py
[2024-07-25T23:41:20.985+0000] {logging_mixin.py:188} INFO - [2024-07-25T23:41:20.985+0000] {dag.py:3089} INFO - Sync 1 DAGs
[2024-07-25T23:41:21.000+0000] {logging_mixin.py:188} INFO - [2024-07-25T23:41:21.000+0000] {dag.py:3947} INFO - Setting next_dagrun for example_task_group_decorator to 2024-07-24 00:00:00+00:00, run_after=2024-07-25 00:00:00+00:00
[2024-07-25T23:41:21.013+0000] {processor.py:183} INFO - Processing /home/airflow/.local/lib/python3.12/site-packages/airflow/example_dags/example_task_group_decorator.py took 0.074 seconds
[2024-07-25T23:41:51.747+0000] {processor.py:161} INFO - Started process (PID=1719) to work on /home/airflow/.local/lib/python3.12/site-packages/airflow/example_dags/example_task_group_decorator.py
[2024-07-25T23:41:51.749+0000] {processor.py:830} INFO - Processing file /home/airflow/.local/lib/python3.12/site-packages/airflow/example_dags/example_task_group_decorator.py for tasks to queue
[2024-07-25T23:41:51.751+0000] {logging_mixin.py:188} INFO - [2024-07-25T23:41:51.751+0000] {dagbag.py:545} INFO - Filling up the DagBag from /home/airflow/.local/lib/python3.12/site-packages/airflow/example_dags/example_task_group_decorator.py
[2024-07-25T23:41:51.767+0000] {processor.py:840} INFO - DAG(s) 'example_task_group_decorator' retrieved from /home/airflow/.local/lib/python3.12/site-packages/airflow/example_dags/example_task_group_decorator.py
[2024-07-25T23:41:51.790+0000] {logging_mixin.py:188} INFO - [2024-07-25T23:41:51.790+0000] {dag.py:3089} INFO - Sync 1 DAGs
[2024-07-25T23:41:51.812+0000] {logging_mixin.py:188} INFO - [2024-07-25T23:41:51.812+0000] {dag.py:3947} INFO - Setting next_dagrun for example_task_group_decorator to 2024-07-24 00:00:00+00:00, run_after=2024-07-25 00:00:00+00:00
[2024-07-25T23:41:51.829+0000] {processor.py:183} INFO - Processing /home/airflow/.local/lib/python3.12/site-packages/airflow/example_dags/example_task_group_decorator.py took 0.087 seconds
[2024-07-25T23:42:23.018+0000] {processor.py:161} INFO - Started process (PID=1779) to work on /home/airflow/.local/lib/python3.12/site-packages/airflow/example_dags/example_task_group_decorator.py
[2024-07-25T23:42:23.019+0000] {processor.py:830} INFO - Processing file /home/airflow/.local/lib/python3.12/site-packages/airflow/example_dags/example_task_group_decorator.py for tasks to queue
[2024-07-25T23:42:23.021+0000] {logging_mixin.py:188} INFO - [2024-07-25T23:42:23.021+0000] {dagbag.py:545} INFO - Filling up the DagBag from /home/airflow/.local/lib/python3.12/site-packages/airflow/example_dags/example_task_group_decorator.py
[2024-07-25T23:42:23.036+0000] {processor.py:840} INFO - DAG(s) 'example_task_group_decorator' retrieved from /home/airflow/.local/lib/python3.12/site-packages/airflow/example_dags/example_task_group_decorator.py
[2024-07-25T23:42:23.064+0000] {logging_mixin.py:188} INFO - [2024-07-25T23:42:23.064+0000] {dag.py:3089} INFO - Sync 1 DAGs
[2024-07-25T23:42:23.093+0000] {logging_mixin.py:188} INFO - [2024-07-25T23:42:23.092+0000] {dag.py:3947} INFO - Setting next_dagrun for example_task_group_decorator to 2024-07-24 00:00:00+00:00, run_after=2024-07-25 00:00:00+00:00
[2024-07-25T23:42:23.110+0000] {processor.py:183} INFO - Processing /home/airflow/.local/lib/python3.12/site-packages/airflow/example_dags/example_task_group_decorator.py took 0.097 seconds
[2024-07-25T23:42:53.359+0000] {processor.py:161} INFO - Started process (PID=1839) to work on /home/airflow/.local/lib/python3.12/site-packages/airflow/example_dags/example_task_group_decorator.py
[2024-07-25T23:42:53.361+0000] {processor.py:830} INFO - Processing file /home/airflow/.local/lib/python3.12/site-packages/airflow/example_dags/example_task_group_decorator.py for tasks to queue
[2024-07-25T23:42:53.363+0000] {logging_mixin.py:188} INFO - [2024-07-25T23:42:53.363+0000] {dagbag.py:545} INFO - Filling up the DagBag from /home/airflow/.local/lib/python3.12/site-packages/airflow/example_dags/example_task_group_decorator.py
[2024-07-25T23:42:53.372+0000] {processor.py:840} INFO - DAG(s) 'example_task_group_decorator' retrieved from /home/airflow/.local/lib/python3.12/site-packages/airflow/example_dags/example_task_group_decorator.py
[2024-07-25T23:42:53.392+0000] {logging_mixin.py:188} INFO - [2024-07-25T23:42:53.392+0000] {dag.py:3089} INFO - Sync 1 DAGs
[2024-07-25T23:42:53.408+0000] {logging_mixin.py:188} INFO - [2024-07-25T23:42:53.407+0000] {dag.py:3947} INFO - Setting next_dagrun for example_task_group_decorator to 2024-07-24 00:00:00+00:00, run_after=2024-07-25 00:00:00+00:00
[2024-07-25T23:42:53.517+0000] {processor.py:183} INFO - Processing /home/airflow/.local/lib/python3.12/site-packages/airflow/example_dags/example_task_group_decorator.py took 0.162 seconds
[2024-07-25T23:43:23.791+0000] {processor.py:161} INFO - Started process (PID=1899) to work on /home/airflow/.local/lib/python3.12/site-packages/airflow/example_dags/example_task_group_decorator.py
[2024-07-25T23:43:23.791+0000] {processor.py:830} INFO - Processing file /home/airflow/.local/lib/python3.12/site-packages/airflow/example_dags/example_task_group_decorator.py for tasks to queue
[2024-07-25T23:43:23.793+0000] {logging_mixin.py:188} INFO - [2024-07-25T23:43:23.793+0000] {dagbag.py:545} INFO - Filling up the DagBag from /home/airflow/.local/lib/python3.12/site-packages/airflow/example_dags/example_task_group_decorator.py
[2024-07-25T23:43:23.802+0000] {processor.py:840} INFO - DAG(s) 'example_task_group_decorator' retrieved from /home/airflow/.local/lib/python3.12/site-packages/airflow/example_dags/example_task_group_decorator.py
[2024-07-25T23:43:23.819+0000] {logging_mixin.py:188} INFO - [2024-07-25T23:43:23.819+0000] {dag.py:3089} INFO - Sync 1 DAGs
[2024-07-25T23:43:23.833+0000] {logging_mixin.py:188} INFO - [2024-07-25T23:43:23.832+0000] {dag.py:3947} INFO - Setting next_dagrun for example_task_group_decorator to 2024-07-24 00:00:00+00:00, run_after=2024-07-25 00:00:00+00:00
[2024-07-25T23:43:23.844+0000] {processor.py:183} INFO - Processing /home/airflow/.local/lib/python3.12/site-packages/airflow/example_dags/example_task_group_decorator.py took 0.057 seconds
[2024-07-25T23:43:54.407+0000] {processor.py:161} INFO - Started process (PID=1959) to work on /home/airflow/.local/lib/python3.12/site-packages/airflow/example_dags/example_task_group_decorator.py
[2024-07-25T23:43:54.409+0000] {processor.py:830} INFO - Processing file /home/airflow/.local/lib/python3.12/site-packages/airflow/example_dags/example_task_group_decorator.py for tasks to queue
[2024-07-25T23:43:54.411+0000] {logging_mixin.py:188} INFO - [2024-07-25T23:43:54.411+0000] {dagbag.py:545} INFO - Filling up the DagBag from /home/airflow/.local/lib/python3.12/site-packages/airflow/example_dags/example_task_group_decorator.py
[2024-07-25T23:43:54.541+0000] {processor.py:840} INFO - DAG(s) 'example_task_group_decorator' retrieved from /home/airflow/.local/lib/python3.12/site-packages/airflow/example_dags/example_task_group_decorator.py
[2024-07-25T23:43:54.559+0000] {logging_mixin.py:188} INFO - [2024-07-25T23:43:54.559+0000] {dag.py:3089} INFO - Sync 1 DAGs
[2024-07-25T23:43:54.574+0000] {logging_mixin.py:188} INFO - [2024-07-25T23:43:54.573+0000] {dag.py:3947} INFO - Setting next_dagrun for example_task_group_decorator to 2024-07-24 00:00:00+00:00, run_after=2024-07-25 00:00:00+00:00
[2024-07-25T23:43:54.586+0000] {processor.py:183} INFO - Processing /home/airflow/.local/lib/python3.12/site-packages/airflow/example_dags/example_task_group_decorator.py took 0.184 seconds
[2024-07-25T23:44:25.124+0000] {processor.py:161} INFO - Started process (PID=2018) to work on /home/airflow/.local/lib/python3.12/site-packages/airflow/example_dags/example_task_group_decorator.py
[2024-07-25T23:44:25.125+0000] {processor.py:830} INFO - Processing file /home/airflow/.local/lib/python3.12/site-packages/airflow/example_dags/example_task_group_decorator.py for tasks to queue
[2024-07-25T23:44:25.128+0000] {logging_mixin.py:188} INFO - [2024-07-25T23:44:25.127+0000] {dagbag.py:545} INFO - Filling up the DagBag from /home/airflow/.local/lib/python3.12/site-packages/airflow/example_dags/example_task_group_decorator.py
[2024-07-25T23:44:25.142+0000] {processor.py:840} INFO - DAG(s) 'example_task_group_decorator' retrieved from /home/airflow/.local/lib/python3.12/site-packages/airflow/example_dags/example_task_group_decorator.py
[2024-07-25T23:44:25.165+0000] {logging_mixin.py:188} INFO - [2024-07-25T23:44:25.165+0000] {dag.py:3089} INFO - Sync 1 DAGs
[2024-07-25T23:44:25.181+0000] {logging_mixin.py:188} INFO - [2024-07-25T23:44:25.181+0000] {dag.py:3947} INFO - Setting next_dagrun for example_task_group_decorator to 2024-07-24 00:00:00+00:00, run_after=2024-07-25 00:00:00+00:00
[2024-07-25T23:44:25.192+0000] {processor.py:183} INFO - Processing /home/airflow/.local/lib/python3.12/site-packages/airflow/example_dags/example_task_group_decorator.py took 0.073 seconds
[2024-07-25T23:44:55.989+0000] {processor.py:161} INFO - Started process (PID=2078) to work on /home/airflow/.local/lib/python3.12/site-packages/airflow/example_dags/example_task_group_decorator.py
[2024-07-25T23:44:55.990+0000] {processor.py:830} INFO - Processing file /home/airflow/.local/lib/python3.12/site-packages/airflow/example_dags/example_task_group_decorator.py for tasks to queue
[2024-07-25T23:44:55.991+0000] {logging_mixin.py:188} INFO - [2024-07-25T23:44:55.991+0000] {dagbag.py:545} INFO - Filling up the DagBag from /home/airflow/.local/lib/python3.12/site-packages/airflow/example_dags/example_task_group_decorator.py
[2024-07-25T23:44:56.000+0000] {processor.py:840} INFO - DAG(s) 'example_task_group_decorator' retrieved from /home/airflow/.local/lib/python3.12/site-packages/airflow/example_dags/example_task_group_decorator.py
[2024-07-25T23:44:56.017+0000] {logging_mixin.py:188} INFO - [2024-07-25T23:44:56.016+0000] {dag.py:3089} INFO - Sync 1 DAGs
[2024-07-25T23:44:56.031+0000] {logging_mixin.py:188} INFO - [2024-07-25T23:44:56.031+0000] {dag.py:3947} INFO - Setting next_dagrun for example_task_group_decorator to 2024-07-24 00:00:00+00:00, run_after=2024-07-25 00:00:00+00:00
[2024-07-25T23:44:56.042+0000] {processor.py:183} INFO - Processing /home/airflow/.local/lib/python3.12/site-packages/airflow/example_dags/example_task_group_decorator.py took 0.057 seconds
[2024-07-25T23:45:26.648+0000] {processor.py:161} INFO - Started process (PID=2138) to work on /home/airflow/.local/lib/python3.12/site-packages/airflow/example_dags/example_task_group_decorator.py
[2024-07-25T23:45:26.649+0000] {processor.py:830} INFO - Processing file /home/airflow/.local/lib/python3.12/site-packages/airflow/example_dags/example_task_group_decorator.py for tasks to queue
[2024-07-25T23:45:26.650+0000] {logging_mixin.py:188} INFO - [2024-07-25T23:45:26.650+0000] {dagbag.py:545} INFO - Filling up the DagBag from /home/airflow/.local/lib/python3.12/site-packages/airflow/example_dags/example_task_group_decorator.py
[2024-07-25T23:45:26.660+0000] {processor.py:840} INFO - DAG(s) 'example_task_group_decorator' retrieved from /home/airflow/.local/lib/python3.12/site-packages/airflow/example_dags/example_task_group_decorator.py
[2024-07-25T23:45:26.676+0000] {logging_mixin.py:188} INFO - [2024-07-25T23:45:26.676+0000] {dag.py:3089} INFO - Sync 1 DAGs
[2024-07-25T23:45:26.690+0000] {logging_mixin.py:188} INFO - [2024-07-25T23:45:26.690+0000] {dag.py:3947} INFO - Setting next_dagrun for example_task_group_decorator to 2024-07-24 00:00:00+00:00, run_after=2024-07-25 00:00:00+00:00
[2024-07-25T23:45:26.701+0000] {processor.py:183} INFO - Processing /home/airflow/.local/lib/python3.12/site-packages/airflow/example_dags/example_task_group_decorator.py took 0.057 seconds
[2024-07-25T23:45:56.831+0000] {processor.py:161} INFO - Started process (PID=2198) to work on /home/airflow/.local/lib/python3.12/site-packages/airflow/example_dags/example_task_group_decorator.py
[2024-07-25T23:45:56.834+0000] {processor.py:830} INFO - Processing file /home/airflow/.local/lib/python3.12/site-packages/airflow/example_dags/example_task_group_decorator.py for tasks to queue
[2024-07-25T23:45:56.836+0000] {logging_mixin.py:188} INFO - [2024-07-25T23:45:56.836+0000] {dagbag.py:545} INFO - Filling up the DagBag from /home/airflow/.local/lib/python3.12/site-packages/airflow/example_dags/example_task_group_decorator.py
[2024-07-25T23:45:56.849+0000] {processor.py:840} INFO - DAG(s) 'example_task_group_decorator' retrieved from /home/airflow/.local/lib/python3.12/site-packages/airflow/example_dags/example_task_group_decorator.py
[2024-07-25T23:45:56.874+0000] {logging_mixin.py:188} INFO - [2024-07-25T23:45:56.874+0000] {dag.py:3089} INFO - Sync 1 DAGs
[2024-07-25T23:45:56.888+0000] {logging_mixin.py:188} INFO - [2024-07-25T23:45:56.888+0000] {dag.py:3947} INFO - Setting next_dagrun for example_task_group_decorator to 2024-07-24 00:00:00+00:00, run_after=2024-07-25 00:00:00+00:00
[2024-07-25T23:45:56.901+0000] {processor.py:183} INFO - Processing /home/airflow/.local/lib/python3.12/site-packages/airflow/example_dags/example_task_group_decorator.py took 0.074 seconds
[2024-07-25T23:46:27.983+0000] {processor.py:161} INFO - Started process (PID=2258) to work on /home/airflow/.local/lib/python3.12/site-packages/airflow/example_dags/example_task_group_decorator.py
[2024-07-25T23:46:27.985+0000] {processor.py:830} INFO - Processing file /home/airflow/.local/lib/python3.12/site-packages/airflow/example_dags/example_task_group_decorator.py for tasks to queue
[2024-07-25T23:46:27.986+0000] {logging_mixin.py:188} INFO - [2024-07-25T23:46:27.986+0000] {dagbag.py:545} INFO - Filling up the DagBag from /home/airflow/.local/lib/python3.12/site-packages/airflow/example_dags/example_task_group_decorator.py
[2024-07-25T23:46:27.996+0000] {processor.py:840} INFO - DAG(s) 'example_task_group_decorator' retrieved from /home/airflow/.local/lib/python3.12/site-packages/airflow/example_dags/example_task_group_decorator.py
[2024-07-25T23:46:28.012+0000] {logging_mixin.py:188} INFO - [2024-07-25T23:46:28.012+0000] {dag.py:3089} INFO - Sync 1 DAGs
[2024-07-25T23:46:28.027+0000] {logging_mixin.py:188} INFO - [2024-07-25T23:46:28.027+0000] {dag.py:3947} INFO - Setting next_dagrun for example_task_group_decorator to 2024-07-24 00:00:00+00:00, run_after=2024-07-25 00:00:00+00:00
[2024-07-25T23:46:28.038+0000] {processor.py:183} INFO - Processing /home/airflow/.local/lib/python3.12/site-packages/airflow/example_dags/example_task_group_decorator.py took 0.059 seconds
[2024-07-25T23:46:58.477+0000] {processor.py:161} INFO - Started process (PID=2318) to work on /home/airflow/.local/lib/python3.12/site-packages/airflow/example_dags/example_task_group_decorator.py
[2024-07-25T23:46:58.481+0000] {processor.py:830} INFO - Processing file /home/airflow/.local/lib/python3.12/site-packages/airflow/example_dags/example_task_group_decorator.py for tasks to queue
[2024-07-25T23:46:58.484+0000] {logging_mixin.py:188} INFO - [2024-07-25T23:46:58.484+0000] {dagbag.py:545} INFO - Filling up the DagBag from /home/airflow/.local/lib/python3.12/site-packages/airflow/example_dags/example_task_group_decorator.py
[2024-07-25T23:46:58.495+0000] {processor.py:840} INFO - DAG(s) 'example_task_group_decorator' retrieved from /home/airflow/.local/lib/python3.12/site-packages/airflow/example_dags/example_task_group_decorator.py
[2024-07-25T23:46:58.515+0000] {logging_mixin.py:188} INFO - [2024-07-25T23:46:58.515+0000] {dag.py:3089} INFO - Sync 1 DAGs
[2024-07-25T23:46:58.532+0000] {logging_mixin.py:188} INFO - [2024-07-25T23:46:58.532+0000] {dag.py:3947} INFO - Setting next_dagrun for example_task_group_decorator to 2024-07-24 00:00:00+00:00, run_after=2024-07-25 00:00:00+00:00
[2024-07-25T23:46:58.543+0000] {processor.py:183} INFO - Processing /home/airflow/.local/lib/python3.12/site-packages/airflow/example_dags/example_task_group_decorator.py took 0.070 seconds
[2024-07-25T23:47:28.889+0000] {processor.py:161} INFO - Started process (PID=2378) to work on /home/airflow/.local/lib/python3.12/site-packages/airflow/example_dags/example_task_group_decorator.py
[2024-07-25T23:47:28.890+0000] {processor.py:830} INFO - Processing file /home/airflow/.local/lib/python3.12/site-packages/airflow/example_dags/example_task_group_decorator.py for tasks to queue
[2024-07-25T23:47:28.891+0000] {logging_mixin.py:188} INFO - [2024-07-25T23:47:28.891+0000] {dagbag.py:545} INFO - Filling up the DagBag from /home/airflow/.local/lib/python3.12/site-packages/airflow/example_dags/example_task_group_decorator.py
[2024-07-25T23:47:28.901+0000] {processor.py:840} INFO - DAG(s) 'example_task_group_decorator' retrieved from /home/airflow/.local/lib/python3.12/site-packages/airflow/example_dags/example_task_group_decorator.py
[2024-07-25T23:47:28.917+0000] {logging_mixin.py:188} INFO - [2024-07-25T23:47:28.917+0000] {dag.py:3089} INFO - Sync 1 DAGs
[2024-07-25T23:47:28.931+0000] {logging_mixin.py:188} INFO - [2024-07-25T23:47:28.931+0000] {dag.py:3947} INFO - Setting next_dagrun for example_task_group_decorator to 2024-07-24 00:00:00+00:00, run_after=2024-07-25 00:00:00+00:00
[2024-07-25T23:47:28.942+0000] {processor.py:183} INFO - Processing /home/airflow/.local/lib/python3.12/site-packages/airflow/example_dags/example_task_group_decorator.py took 0.057 seconds
[2024-07-25T23:47:59.075+0000] {processor.py:161} INFO - Started process (PID=2437) to work on /home/airflow/.local/lib/python3.12/site-packages/airflow/example_dags/example_task_group_decorator.py
[2024-07-25T23:47:59.076+0000] {processor.py:830} INFO - Processing file /home/airflow/.local/lib/python3.12/site-packages/airflow/example_dags/example_task_group_decorator.py for tasks to queue
[2024-07-25T23:47:59.077+0000] {logging_mixin.py:188} INFO - [2024-07-25T23:47:59.077+0000] {dagbag.py:545} INFO - Filling up the DagBag from /home/airflow/.local/lib/python3.12/site-packages/airflow/example_dags/example_task_group_decorator.py
[2024-07-25T23:47:59.086+0000] {processor.py:840} INFO - DAG(s) 'example_task_group_decorator' retrieved from /home/airflow/.local/lib/python3.12/site-packages/airflow/example_dags/example_task_group_decorator.py
[2024-07-25T23:47:59.103+0000] {logging_mixin.py:188} INFO - [2024-07-25T23:47:59.103+0000] {dag.py:3089} INFO - Sync 1 DAGs
[2024-07-25T23:47:59.117+0000] {logging_mixin.py:188} INFO - [2024-07-25T23:47:59.117+0000] {dag.py:3947} INFO - Setting next_dagrun for example_task_group_decorator to 2024-07-24 00:00:00+00:00, run_after=2024-07-25 00:00:00+00:00
[2024-07-25T23:47:59.128+0000] {processor.py:183} INFO - Processing /home/airflow/.local/lib/python3.12/site-packages/airflow/example_dags/example_task_group_decorator.py took 0.057 seconds
[2024-07-25T23:48:29.403+0000] {processor.py:161} INFO - Started process (PID=2497) to work on /home/airflow/.local/lib/python3.12/site-packages/airflow/example_dags/example_task_group_decorator.py
[2024-07-25T23:48:29.405+0000] {processor.py:830} INFO - Processing file /home/airflow/.local/lib/python3.12/site-packages/airflow/example_dags/example_task_group_decorator.py for tasks to queue
[2024-07-25T23:48:29.407+0000] {logging_mixin.py:188} INFO - [2024-07-25T23:48:29.406+0000] {dagbag.py:545} INFO - Filling up the DagBag from /home/airflow/.local/lib/python3.12/site-packages/airflow/example_dags/example_task_group_decorator.py
[2024-07-25T23:48:29.418+0000] {processor.py:840} INFO - DAG(s) 'example_task_group_decorator' retrieved from /home/airflow/.local/lib/python3.12/site-packages/airflow/example_dags/example_task_group_decorator.py
[2024-07-25T23:48:29.446+0000] {logging_mixin.py:188} INFO - [2024-07-25T23:48:29.446+0000] {dag.py:3089} INFO - Sync 1 DAGs
[2024-07-25T23:48:29.464+0000] {logging_mixin.py:188} INFO - [2024-07-25T23:48:29.464+0000] {dag.py:3947} INFO - Setting next_dagrun for example_task_group_decorator to 2024-07-24 00:00:00+00:00, run_after=2024-07-25 00:00:00+00:00
[2024-07-25T23:48:29.481+0000] {processor.py:183} INFO - Processing /home/airflow/.local/lib/python3.12/site-packages/airflow/example_dags/example_task_group_decorator.py took 0.083 seconds
[2024-07-25T23:49:00.450+0000] {processor.py:161} INFO - Started process (PID=2556) to work on /home/airflow/.local/lib/python3.12/site-packages/airflow/example_dags/example_task_group_decorator.py
[2024-07-25T23:49:00.452+0000] {processor.py:830} INFO - Processing file /home/airflow/.local/lib/python3.12/site-packages/airflow/example_dags/example_task_group_decorator.py for tasks to queue
[2024-07-25T23:49:00.454+0000] {logging_mixin.py:188} INFO - [2024-07-25T23:49:00.454+0000] {dagbag.py:545} INFO - Filling up the DagBag from /home/airflow/.local/lib/python3.12/site-packages/airflow/example_dags/example_task_group_decorator.py
[2024-07-25T23:49:00.471+0000] {processor.py:840} INFO - DAG(s) 'example_task_group_decorator' retrieved from /home/airflow/.local/lib/python3.12/site-packages/airflow/example_dags/example_task_group_decorator.py
[2024-07-25T23:49:00.493+0000] {logging_mixin.py:188} INFO - [2024-07-25T23:49:00.492+0000] {dag.py:3089} INFO - Sync 1 DAGs
[2024-07-25T23:49:00.511+0000] {logging_mixin.py:188} INFO - [2024-07-25T23:49:00.511+0000] {dag.py:3947} INFO - Setting next_dagrun for example_task_group_decorator to 2024-07-24 00:00:00+00:00, run_after=2024-07-25 00:00:00+00:00
[2024-07-25T23:49:00.526+0000] {processor.py:183} INFO - Processing /home/airflow/.local/lib/python3.12/site-packages/airflow/example_dags/example_task_group_decorator.py took 0.082 seconds
[2024-07-25T23:49:30.673+0000] {processor.py:161} INFO - Started process (PID=2615) to work on /home/airflow/.local/lib/python3.12/site-packages/airflow/example_dags/example_task_group_decorator.py
[2024-07-25T23:49:30.675+0000] {processor.py:830} INFO - Processing file /home/airflow/.local/lib/python3.12/site-packages/airflow/example_dags/example_task_group_decorator.py for tasks to queue
[2024-07-25T23:49:30.677+0000] {logging_mixin.py:188} INFO - [2024-07-25T23:49:30.676+0000] {dagbag.py:545} INFO - Filling up the DagBag from /home/airflow/.local/lib/python3.12/site-packages/airflow/example_dags/example_task_group_decorator.py
[2024-07-25T23:49:30.689+0000] {processor.py:840} INFO - DAG(s) 'example_task_group_decorator' retrieved from /home/airflow/.local/lib/python3.12/site-packages/airflow/example_dags/example_task_group_decorator.py
[2024-07-25T23:49:30.718+0000] {logging_mixin.py:188} INFO - [2024-07-25T23:49:30.717+0000] {dag.py:3089} INFO - Sync 1 DAGs
[2024-07-25T23:49:30.748+0000] {logging_mixin.py:188} INFO - [2024-07-25T23:49:30.747+0000] {dag.py:3947} INFO - Setting next_dagrun for example_task_group_decorator to 2024-07-24 00:00:00+00:00, run_after=2024-07-25 00:00:00+00:00
[2024-07-25T23:49:30.769+0000] {processor.py:183} INFO - Processing /home/airflow/.local/lib/python3.12/site-packages/airflow/example_dags/example_task_group_decorator.py took 0.102 seconds
[2024-07-25T23:50:01.185+0000] {processor.py:161} INFO - Started process (PID=2674) to work on /home/airflow/.local/lib/python3.12/site-packages/airflow/example_dags/example_task_group_decorator.py
[2024-07-25T23:50:01.188+0000] {processor.py:830} INFO - Processing file /home/airflow/.local/lib/python3.12/site-packages/airflow/example_dags/example_task_group_decorator.py for tasks to queue
[2024-07-25T23:50:01.190+0000] {logging_mixin.py:188} INFO - [2024-07-25T23:50:01.190+0000] {dagbag.py:545} INFO - Filling up the DagBag from /home/airflow/.local/lib/python3.12/site-packages/airflow/example_dags/example_task_group_decorator.py
[2024-07-25T23:50:01.203+0000] {processor.py:840} INFO - DAG(s) 'example_task_group_decorator' retrieved from /home/airflow/.local/lib/python3.12/site-packages/airflow/example_dags/example_task_group_decorator.py
[2024-07-25T23:50:01.229+0000] {logging_mixin.py:188} INFO - [2024-07-25T23:50:01.229+0000] {dag.py:3089} INFO - Sync 1 DAGs
[2024-07-25T23:50:01.254+0000] {logging_mixin.py:188} INFO - [2024-07-25T23:50:01.253+0000] {dag.py:3947} INFO - Setting next_dagrun for example_task_group_decorator to 2024-07-24 00:00:00+00:00, run_after=2024-07-25 00:00:00+00:00
[2024-07-25T23:50:01.271+0000] {processor.py:183} INFO - Processing /home/airflow/.local/lib/python3.12/site-packages/airflow/example_dags/example_task_group_decorator.py took 0.092 seconds
[2024-07-25T23:50:31.468+0000] {processor.py:161} INFO - Started process (PID=2734) to work on /home/airflow/.local/lib/python3.12/site-packages/airflow/example_dags/example_task_group_decorator.py
[2024-07-25T23:50:31.473+0000] {processor.py:830} INFO - Processing file /home/airflow/.local/lib/python3.12/site-packages/airflow/example_dags/example_task_group_decorator.py for tasks to queue
[2024-07-25T23:50:31.476+0000] {logging_mixin.py:188} INFO - [2024-07-25T23:50:31.476+0000] {dagbag.py:545} INFO - Filling up the DagBag from /home/airflow/.local/lib/python3.12/site-packages/airflow/example_dags/example_task_group_decorator.py
[2024-07-25T23:50:31.488+0000] {processor.py:840} INFO - DAG(s) 'example_task_group_decorator' retrieved from /home/airflow/.local/lib/python3.12/site-packages/airflow/example_dags/example_task_group_decorator.py
[2024-07-25T23:50:31.508+0000] {logging_mixin.py:188} INFO - [2024-07-25T23:50:31.508+0000] {dag.py:3089} INFO - Sync 1 DAGs
[2024-07-25T23:50:31.527+0000] {logging_mixin.py:188} INFO - [2024-07-25T23:50:31.527+0000] {dag.py:3947} INFO - Setting next_dagrun for example_task_group_decorator to 2024-07-24 00:00:00+00:00, run_after=2024-07-25 00:00:00+00:00
[2024-07-25T23:50:31.540+0000] {processor.py:183} INFO - Processing /home/airflow/.local/lib/python3.12/site-packages/airflow/example_dags/example_task_group_decorator.py took 0.076 seconds
[2024-07-25T23:51:01.809+0000] {processor.py:161} INFO - Started process (PID=2794) to work on /home/airflow/.local/lib/python3.12/site-packages/airflow/example_dags/example_task_group_decorator.py
[2024-07-25T23:51:01.810+0000] {processor.py:830} INFO - Processing file /home/airflow/.local/lib/python3.12/site-packages/airflow/example_dags/example_task_group_decorator.py for tasks to queue
[2024-07-25T23:51:01.812+0000] {logging_mixin.py:188} INFO - [2024-07-25T23:51:01.811+0000] {dagbag.py:545} INFO - Filling up the DagBag from /home/airflow/.local/lib/python3.12/site-packages/airflow/example_dags/example_task_group_decorator.py
[2024-07-25T23:51:01.822+0000] {processor.py:840} INFO - DAG(s) 'example_task_group_decorator' retrieved from /home/airflow/.local/lib/python3.12/site-packages/airflow/example_dags/example_task_group_decorator.py
[2024-07-25T23:51:01.839+0000] {logging_mixin.py:188} INFO - [2024-07-25T23:51:01.839+0000] {dag.py:3089} INFO - Sync 1 DAGs
[2024-07-25T23:51:01.854+0000] {logging_mixin.py:188} INFO - [2024-07-25T23:51:01.854+0000] {dag.py:3947} INFO - Setting next_dagrun for example_task_group_decorator to 2024-07-24 00:00:00+00:00, run_after=2024-07-25 00:00:00+00:00
[2024-07-25T23:51:01.865+0000] {processor.py:183} INFO - Processing /home/airflow/.local/lib/python3.12/site-packages/airflow/example_dags/example_task_group_decorator.py took 0.061 seconds
[2024-07-25T23:51:31.969+0000] {processor.py:161} INFO - Started process (PID=2854) to work on /home/airflow/.local/lib/python3.12/site-packages/airflow/example_dags/example_task_group_decorator.py
[2024-07-25T23:51:31.974+0000] {processor.py:830} INFO - Processing file /home/airflow/.local/lib/python3.12/site-packages/airflow/example_dags/example_task_group_decorator.py for tasks to queue
[2024-07-25T23:51:31.976+0000] {logging_mixin.py:188} INFO - [2024-07-25T23:51:31.976+0000] {dagbag.py:545} INFO - Filling up the DagBag from /home/airflow/.local/lib/python3.12/site-packages/airflow/example_dags/example_task_group_decorator.py
[2024-07-25T23:51:31.988+0000] {processor.py:840} INFO - DAG(s) 'example_task_group_decorator' retrieved from /home/airflow/.local/lib/python3.12/site-packages/airflow/example_dags/example_task_group_decorator.py
[2024-07-25T23:51:32.010+0000] {logging_mixin.py:188} INFO - [2024-07-25T23:51:32.010+0000] {dag.py:3089} INFO - Sync 1 DAGs
[2024-07-25T23:51:32.026+0000] {logging_mixin.py:188} INFO - [2024-07-25T23:51:32.026+0000] {dag.py:3947} INFO - Setting next_dagrun for example_task_group_decorator to 2024-07-24 00:00:00+00:00, run_after=2024-07-25 00:00:00+00:00
[2024-07-25T23:51:32.036+0000] {processor.py:183} INFO - Processing /home/airflow/.local/lib/python3.12/site-packages/airflow/example_dags/example_task_group_decorator.py took 0.072 seconds
[2024-07-25T23:52:02.200+0000] {processor.py:161} INFO - Started process (PID=2914) to work on /home/airflow/.local/lib/python3.12/site-packages/airflow/example_dags/example_task_group_decorator.py
[2024-07-25T23:52:02.201+0000] {processor.py:830} INFO - Processing file /home/airflow/.local/lib/python3.12/site-packages/airflow/example_dags/example_task_group_decorator.py for tasks to queue
[2024-07-25T23:52:02.203+0000] {logging_mixin.py:188} INFO - [2024-07-25T23:52:02.202+0000] {dagbag.py:545} INFO - Filling up the DagBag from /home/airflow/.local/lib/python3.12/site-packages/airflow/example_dags/example_task_group_decorator.py
[2024-07-25T23:52:02.216+0000] {processor.py:840} INFO - DAG(s) 'example_task_group_decorator' retrieved from /home/airflow/.local/lib/python3.12/site-packages/airflow/example_dags/example_task_group_decorator.py
[2024-07-25T23:52:02.233+0000] {logging_mixin.py:188} INFO - [2024-07-25T23:52:02.233+0000] {dag.py:3089} INFO - Sync 1 DAGs
[2024-07-25T23:52:02.249+0000] {logging_mixin.py:188} INFO - [2024-07-25T23:52:02.249+0000] {dag.py:3947} INFO - Setting next_dagrun for example_task_group_decorator to 2024-07-24 00:00:00+00:00, run_after=2024-07-25 00:00:00+00:00
[2024-07-25T23:52:02.261+0000] {processor.py:183} INFO - Processing /home/airflow/.local/lib/python3.12/site-packages/airflow/example_dags/example_task_group_decorator.py took 0.067 seconds
[2024-07-25T23:52:32.848+0000] {processor.py:161} INFO - Started process (PID=2974) to work on /home/airflow/.local/lib/python3.12/site-packages/airflow/example_dags/example_task_group_decorator.py
[2024-07-25T23:52:32.849+0000] {processor.py:830} INFO - Processing file /home/airflow/.local/lib/python3.12/site-packages/airflow/example_dags/example_task_group_decorator.py for tasks to queue
[2024-07-25T23:52:32.850+0000] {logging_mixin.py:188} INFO - [2024-07-25T23:52:32.850+0000] {dagbag.py:545} INFO - Filling up the DagBag from /home/airflow/.local/lib/python3.12/site-packages/airflow/example_dags/example_task_group_decorator.py
[2024-07-25T23:52:32.860+0000] {processor.py:840} INFO - DAG(s) 'example_task_group_decorator' retrieved from /home/airflow/.local/lib/python3.12/site-packages/airflow/example_dags/example_task_group_decorator.py
[2024-07-25T23:52:32.881+0000] {logging_mixin.py:188} INFO - [2024-07-25T23:52:32.881+0000] {dag.py:3089} INFO - Sync 1 DAGs
[2024-07-25T23:52:32.904+0000] {logging_mixin.py:188} INFO - [2024-07-25T23:52:32.903+0000] {dag.py:3947} INFO - Setting next_dagrun for example_task_group_decorator to 2024-07-24 00:00:00+00:00, run_after=2024-07-25 00:00:00+00:00
[2024-07-25T23:52:32.918+0000] {processor.py:183} INFO - Processing /home/airflow/.local/lib/python3.12/site-packages/airflow/example_dags/example_task_group_decorator.py took 0.074 seconds
[2024-07-25T23:53:03.842+0000] {processor.py:161} INFO - Started process (PID=3034) to work on /home/airflow/.local/lib/python3.12/site-packages/airflow/example_dags/example_task_group_decorator.py
[2024-07-25T23:53:03.844+0000] {processor.py:830} INFO - Processing file /home/airflow/.local/lib/python3.12/site-packages/airflow/example_dags/example_task_group_decorator.py for tasks to queue
[2024-07-25T23:53:03.846+0000] {logging_mixin.py:188} INFO - [2024-07-25T23:53:03.845+0000] {dagbag.py:545} INFO - Filling up the DagBag from /home/airflow/.local/lib/python3.12/site-packages/airflow/example_dags/example_task_group_decorator.py
[2024-07-25T23:53:03.856+0000] {processor.py:840} INFO - DAG(s) 'example_task_group_decorator' retrieved from /home/airflow/.local/lib/python3.12/site-packages/airflow/example_dags/example_task_group_decorator.py
[2024-07-25T23:53:03.879+0000] {logging_mixin.py:188} INFO - [2024-07-25T23:53:03.879+0000] {dag.py:3089} INFO - Sync 1 DAGs
[2024-07-25T23:53:03.898+0000] {logging_mixin.py:188} INFO - [2024-07-25T23:53:03.898+0000] {dag.py:3947} INFO - Setting next_dagrun for example_task_group_decorator to 2024-07-24 00:00:00+00:00, run_after=2024-07-25 00:00:00+00:00
[2024-07-25T23:53:03.910+0000] {processor.py:183} INFO - Processing /home/airflow/.local/lib/python3.12/site-packages/airflow/example_dags/example_task_group_decorator.py took 0.072 seconds
[2024-07-25T23:53:34.544+0000] {processor.py:161} INFO - Started process (PID=3094) to work on /home/airflow/.local/lib/python3.12/site-packages/airflow/example_dags/example_task_group_decorator.py
[2024-07-25T23:53:34.545+0000] {processor.py:830} INFO - Processing file /home/airflow/.local/lib/python3.12/site-packages/airflow/example_dags/example_task_group_decorator.py for tasks to queue
[2024-07-25T23:53:34.546+0000] {logging_mixin.py:188} INFO - [2024-07-25T23:53:34.546+0000] {dagbag.py:545} INFO - Filling up the DagBag from /home/airflow/.local/lib/python3.12/site-packages/airflow/example_dags/example_task_group_decorator.py
[2024-07-25T23:53:34.555+0000] {processor.py:840} INFO - DAG(s) 'example_task_group_decorator' retrieved from /home/airflow/.local/lib/python3.12/site-packages/airflow/example_dags/example_task_group_decorator.py
[2024-07-25T23:53:34.572+0000] {logging_mixin.py:188} INFO - [2024-07-25T23:53:34.572+0000] {dag.py:3089} INFO - Sync 1 DAGs
[2024-07-25T23:53:34.585+0000] {logging_mixin.py:188} INFO - [2024-07-25T23:53:34.585+0000] {dag.py:3947} INFO - Setting next_dagrun for example_task_group_decorator to 2024-07-24 00:00:00+00:00, run_after=2024-07-25 00:00:00+00:00
[2024-07-25T23:53:34.596+0000] {processor.py:183} INFO - Processing /home/airflow/.local/lib/python3.12/site-packages/airflow/example_dags/example_task_group_decorator.py took 0.056 seconds
[2024-07-25T23:54:04.665+0000] {processor.py:161} INFO - Started process (PID=3154) to work on /home/airflow/.local/lib/python3.12/site-packages/airflow/example_dags/example_task_group_decorator.py
[2024-07-25T23:54:04.669+0000] {processor.py:830} INFO - Processing file /home/airflow/.local/lib/python3.12/site-packages/airflow/example_dags/example_task_group_decorator.py for tasks to queue
[2024-07-25T23:54:04.671+0000] {logging_mixin.py:188} INFO - [2024-07-25T23:54:04.671+0000] {dagbag.py:545} INFO - Filling up the DagBag from /home/airflow/.local/lib/python3.12/site-packages/airflow/example_dags/example_task_group_decorator.py
[2024-07-25T23:54:04.682+0000] {processor.py:840} INFO - DAG(s) 'example_task_group_decorator' retrieved from /home/airflow/.local/lib/python3.12/site-packages/airflow/example_dags/example_task_group_decorator.py
[2024-07-25T23:54:04.706+0000] {logging_mixin.py:188} INFO - [2024-07-25T23:54:04.706+0000] {dag.py:3089} INFO - Sync 1 DAGs
[2024-07-25T23:54:04.721+0000] {logging_mixin.py:188} INFO - [2024-07-25T23:54:04.721+0000] {dag.py:3947} INFO - Setting next_dagrun for example_task_group_decorator to 2024-07-24 00:00:00+00:00, run_after=2024-07-25 00:00:00+00:00
[2024-07-25T23:54:04.733+0000] {processor.py:183} INFO - Processing /home/airflow/.local/lib/python3.12/site-packages/airflow/example_dags/example_task_group_decorator.py took 0.072 seconds
[2024-07-25T23:54:34.823+0000] {processor.py:161} INFO - Started process (PID=3214) to work on /home/airflow/.local/lib/python3.12/site-packages/airflow/example_dags/example_task_group_decorator.py
[2024-07-25T23:54:34.825+0000] {processor.py:830} INFO - Processing file /home/airflow/.local/lib/python3.12/site-packages/airflow/example_dags/example_task_group_decorator.py for tasks to queue
[2024-07-25T23:54:34.827+0000] {logging_mixin.py:188} INFO - [2024-07-25T23:54:34.826+0000] {dagbag.py:545} INFO - Filling up the DagBag from /home/airflow/.local/lib/python3.12/site-packages/airflow/example_dags/example_task_group_decorator.py
[2024-07-25T23:54:34.837+0000] {processor.py:840} INFO - DAG(s) 'example_task_group_decorator' retrieved from /home/airflow/.local/lib/python3.12/site-packages/airflow/example_dags/example_task_group_decorator.py
[2024-07-25T23:54:34.858+0000] {logging_mixin.py:188} INFO - [2024-07-25T23:54:34.858+0000] {dag.py:3089} INFO - Sync 1 DAGs
[2024-07-25T23:54:34.873+0000] {logging_mixin.py:188} INFO - [2024-07-25T23:54:34.873+0000] {dag.py:3947} INFO - Setting next_dagrun for example_task_group_decorator to 2024-07-24 00:00:00+00:00, run_after=2024-07-25 00:00:00+00:00
[2024-07-25T23:54:34.885+0000] {processor.py:183} INFO - Processing /home/airflow/.local/lib/python3.12/site-packages/airflow/example_dags/example_task_group_decorator.py took 0.066 seconds
