[2024-07-25T23:17:24.489+0000] {processor.py:161} INFO - Started process (PID=95) to work on /home/airflow/.local/lib/python3.12/site-packages/airflow/example_dags/example_complex.py
[2024-07-25T23:17:24.490+0000] {processor.py:830} INFO - Processing file /home/airflow/.local/lib/python3.12/site-packages/airflow/example_dags/example_complex.py for tasks to queue
[2024-07-25T23:17:24.492+0000] {logging_mixin.py:188} INFO - [2024-07-25T23:17:24.491+0000] {dagbag.py:545} INFO - Filling up the DagBag from /home/airflow/.local/lib/python3.12/site-packages/airflow/example_dags/example_complex.py
[2024-07-25T23:17:24.501+0000] {processor.py:840} INFO - DAG(s) 'example_complex' retrieved from /home/airflow/.local/lib/python3.12/site-packages/airflow/example_dags/example_complex.py
[2024-07-25T23:17:24.517+0000] {logging_mixin.py:188} INFO - [2024-07-25T23:17:24.516+0000] {dag.py:3089} INFO - Sync 1 DAGs
[2024-07-25T23:17:24.530+0000] {logging_mixin.py:188} INFO - [2024-07-25T23:17:24.530+0000] {dag.py:3947} INFO - Setting next_dagrun for example_complex to None, run_after=None
[2024-07-25T23:17:24.551+0000] {processor.py:183} INFO - Processing /home/airflow/.local/lib/python3.12/site-packages/airflow/example_dags/example_complex.py took 0.066 seconds
[2024-07-25T23:17:54.946+0000] {processor.py:161} INFO - Started process (PID=155) to work on /home/airflow/.local/lib/python3.12/site-packages/airflow/example_dags/example_complex.py
[2024-07-25T23:17:54.948+0000] {processor.py:830} INFO - Processing file /home/airflow/.local/lib/python3.12/site-packages/airflow/example_dags/example_complex.py for tasks to queue
[2024-07-25T23:17:54.952+0000] {logging_mixin.py:188} INFO - [2024-07-25T23:17:54.951+0000] {dagbag.py:545} INFO - Filling up the DagBag from /home/airflow/.local/lib/python3.12/site-packages/airflow/example_dags/example_complex.py
[2024-07-25T23:17:54.963+0000] {processor.py:840} INFO - DAG(s) 'example_complex' retrieved from /home/airflow/.local/lib/python3.12/site-packages/airflow/example_dags/example_complex.py
[2024-07-25T23:17:55.047+0000] {logging_mixin.py:188} INFO - [2024-07-25T23:17:55.047+0000] {dag.py:3089} INFO - Sync 1 DAGs
[2024-07-25T23:17:55.056+0000] {logging_mixin.py:188} INFO - [2024-07-25T23:17:55.056+0000] {dag.py:3947} INFO - Setting next_dagrun for example_complex to None, run_after=None
[2024-07-25T23:17:55.078+0000] {processor.py:183} INFO - Processing /home/airflow/.local/lib/python3.12/site-packages/airflow/example_dags/example_complex.py took 0.136 seconds
[2024-07-25T23:18:25.712+0000] {processor.py:161} INFO - Started process (PID=215) to work on /home/airflow/.local/lib/python3.12/site-packages/airflow/example_dags/example_complex.py
[2024-07-25T23:18:25.713+0000] {processor.py:830} INFO - Processing file /home/airflow/.local/lib/python3.12/site-packages/airflow/example_dags/example_complex.py for tasks to queue
[2024-07-25T23:18:25.714+0000] {logging_mixin.py:188} INFO - [2024-07-25T23:18:25.714+0000] {dagbag.py:545} INFO - Filling up the DagBag from /home/airflow/.local/lib/python3.12/site-packages/airflow/example_dags/example_complex.py
[2024-07-25T23:18:25.724+0000] {processor.py:840} INFO - DAG(s) 'example_complex' retrieved from /home/airflow/.local/lib/python3.12/site-packages/airflow/example_dags/example_complex.py
[2024-07-25T23:18:25.751+0000] {logging_mixin.py:188} INFO - [2024-07-25T23:18:25.751+0000] {dag.py:3089} INFO - Sync 1 DAGs
[2024-07-25T23:18:25.762+0000] {logging_mixin.py:188} INFO - [2024-07-25T23:18:25.762+0000] {dag.py:3947} INFO - Setting next_dagrun for example_complex to None, run_after=None
[2024-07-25T23:18:25.779+0000] {processor.py:183} INFO - Processing /home/airflow/.local/lib/python3.12/site-packages/airflow/example_dags/example_complex.py took 0.071 seconds
[2024-07-25T23:18:56.462+0000] {processor.py:161} INFO - Started process (PID=275) to work on /home/airflow/.local/lib/python3.12/site-packages/airflow/example_dags/example_complex.py
[2024-07-25T23:18:56.463+0000] {processor.py:830} INFO - Processing file /home/airflow/.local/lib/python3.12/site-packages/airflow/example_dags/example_complex.py for tasks to queue
[2024-07-25T23:18:56.464+0000] {logging_mixin.py:188} INFO - [2024-07-25T23:18:56.464+0000] {dagbag.py:545} INFO - Filling up the DagBag from /home/airflow/.local/lib/python3.12/site-packages/airflow/example_dags/example_complex.py
[2024-07-25T23:18:56.471+0000] {processor.py:840} INFO - DAG(s) 'example_complex' retrieved from /home/airflow/.local/lib/python3.12/site-packages/airflow/example_dags/example_complex.py
[2024-07-25T23:18:56.492+0000] {logging_mixin.py:188} INFO - [2024-07-25T23:18:56.492+0000] {dag.py:3089} INFO - Sync 1 DAGs
[2024-07-25T23:18:56.501+0000] {logging_mixin.py:188} INFO - [2024-07-25T23:18:56.501+0000] {dag.py:3947} INFO - Setting next_dagrun for example_complex to None, run_after=None
[2024-07-25T23:18:56.512+0000] {processor.py:183} INFO - Processing /home/airflow/.local/lib/python3.12/site-packages/airflow/example_dags/example_complex.py took 0.055 seconds
[2024-07-25T23:19:27.517+0000] {processor.py:161} INFO - Started process (PID=335) to work on /home/airflow/.local/lib/python3.12/site-packages/airflow/example_dags/example_complex.py
[2024-07-25T23:19:27.519+0000] {processor.py:830} INFO - Processing file /home/airflow/.local/lib/python3.12/site-packages/airflow/example_dags/example_complex.py for tasks to queue
[2024-07-25T23:19:27.521+0000] {logging_mixin.py:188} INFO - [2024-07-25T23:19:27.521+0000] {dagbag.py:545} INFO - Filling up the DagBag from /home/airflow/.local/lib/python3.12/site-packages/airflow/example_dags/example_complex.py
[2024-07-25T23:19:27.530+0000] {processor.py:840} INFO - DAG(s) 'example_complex' retrieved from /home/airflow/.local/lib/python3.12/site-packages/airflow/example_dags/example_complex.py
[2024-07-25T23:19:27.554+0000] {logging_mixin.py:188} INFO - [2024-07-25T23:19:27.554+0000] {dag.py:3089} INFO - Sync 1 DAGs
[2024-07-25T23:19:27.566+0000] {logging_mixin.py:188} INFO - [2024-07-25T23:19:27.566+0000] {dag.py:3947} INFO - Setting next_dagrun for example_complex to None, run_after=None
[2024-07-25T23:19:27.582+0000] {processor.py:183} INFO - Processing /home/airflow/.local/lib/python3.12/site-packages/airflow/example_dags/example_complex.py took 0.069 seconds
[2024-07-25T23:19:58.740+0000] {processor.py:161} INFO - Started process (PID=395) to work on /home/airflow/.local/lib/python3.12/site-packages/airflow/example_dags/example_complex.py
[2024-07-25T23:19:58.742+0000] {processor.py:830} INFO - Processing file /home/airflow/.local/lib/python3.12/site-packages/airflow/example_dags/example_complex.py for tasks to queue
[2024-07-25T23:19:58.746+0000] {logging_mixin.py:188} INFO - [2024-07-25T23:19:58.745+0000] {dagbag.py:545} INFO - Filling up the DagBag from /home/airflow/.local/lib/python3.12/site-packages/airflow/example_dags/example_complex.py
[2024-07-25T23:19:58.757+0000] {processor.py:840} INFO - DAG(s) 'example_complex' retrieved from /home/airflow/.local/lib/python3.12/site-packages/airflow/example_dags/example_complex.py
[2024-07-25T23:19:58.789+0000] {logging_mixin.py:188} INFO - [2024-07-25T23:19:58.789+0000] {dag.py:3089} INFO - Sync 1 DAGs
[2024-07-25T23:19:58.801+0000] {logging_mixin.py:188} INFO - [2024-07-25T23:19:58.800+0000] {dag.py:3947} INFO - Setting next_dagrun for example_complex to None, run_after=None
[2024-07-25T23:19:58.819+0000] {processor.py:183} INFO - Processing /home/airflow/.local/lib/python3.12/site-packages/airflow/example_dags/example_complex.py took 0.084 seconds
[2024-07-25T23:20:29.457+0000] {processor.py:161} INFO - Started process (PID=455) to work on /home/airflow/.local/lib/python3.12/site-packages/airflow/example_dags/example_complex.py
[2024-07-25T23:20:29.458+0000] {processor.py:830} INFO - Processing file /home/airflow/.local/lib/python3.12/site-packages/airflow/example_dags/example_complex.py for tasks to queue
[2024-07-25T23:20:29.459+0000] {logging_mixin.py:188} INFO - [2024-07-25T23:20:29.459+0000] {dagbag.py:545} INFO - Filling up the DagBag from /home/airflow/.local/lib/python3.12/site-packages/airflow/example_dags/example_complex.py
[2024-07-25T23:20:29.466+0000] {processor.py:840} INFO - DAG(s) 'example_complex' retrieved from /home/airflow/.local/lib/python3.12/site-packages/airflow/example_dags/example_complex.py
[2024-07-25T23:20:29.489+0000] {logging_mixin.py:188} INFO - [2024-07-25T23:20:29.488+0000] {dag.py:3089} INFO - Sync 1 DAGs
[2024-07-25T23:20:29.498+0000] {logging_mixin.py:188} INFO - [2024-07-25T23:20:29.498+0000] {dag.py:3947} INFO - Setting next_dagrun for example_complex to None, run_after=None
[2024-07-25T23:20:29.524+0000] {processor.py:183} INFO - Processing /home/airflow/.local/lib/python3.12/site-packages/airflow/example_dags/example_complex.py took 0.071 seconds
[2024-07-25T23:21:00.886+0000] {processor.py:161} INFO - Started process (PID=515) to work on /home/airflow/.local/lib/python3.12/site-packages/airflow/example_dags/example_complex.py
[2024-07-25T23:21:00.887+0000] {processor.py:830} INFO - Processing file /home/airflow/.local/lib/python3.12/site-packages/airflow/example_dags/example_complex.py for tasks to queue
[2024-07-25T23:21:00.888+0000] {logging_mixin.py:188} INFO - [2024-07-25T23:21:00.888+0000] {dagbag.py:545} INFO - Filling up the DagBag from /home/airflow/.local/lib/python3.12/site-packages/airflow/example_dags/example_complex.py
[2024-07-25T23:21:00.900+0000] {processor.py:840} INFO - DAG(s) 'example_complex' retrieved from /home/airflow/.local/lib/python3.12/site-packages/airflow/example_dags/example_complex.py
[2024-07-25T23:21:00.943+0000] {logging_mixin.py:188} INFO - [2024-07-25T23:21:00.943+0000] {dag.py:3089} INFO - Sync 1 DAGs
[2024-07-25T23:21:00.964+0000] {logging_mixin.py:188} INFO - [2024-07-25T23:21:00.964+0000] {dag.py:3947} INFO - Setting next_dagrun for example_complex to None, run_after=None
[2024-07-25T23:21:00.993+0000] {processor.py:183} INFO - Processing /home/airflow/.local/lib/python3.12/site-packages/airflow/example_dags/example_complex.py took 0.113 seconds
[2024-07-25T23:21:31.768+0000] {processor.py:161} INFO - Started process (PID=575) to work on /home/airflow/.local/lib/python3.12/site-packages/airflow/example_dags/example_complex.py
[2024-07-25T23:21:31.771+0000] {processor.py:830} INFO - Processing file /home/airflow/.local/lib/python3.12/site-packages/airflow/example_dags/example_complex.py for tasks to queue
[2024-07-25T23:21:31.772+0000] {logging_mixin.py:188} INFO - [2024-07-25T23:21:31.772+0000] {dagbag.py:545} INFO - Filling up the DagBag from /home/airflow/.local/lib/python3.12/site-packages/airflow/example_dags/example_complex.py
[2024-07-25T23:21:31.780+0000] {processor.py:840} INFO - DAG(s) 'example_complex' retrieved from /home/airflow/.local/lib/python3.12/site-packages/airflow/example_dags/example_complex.py
[2024-07-25T23:21:31.810+0000] {logging_mixin.py:188} INFO - [2024-07-25T23:21:31.810+0000] {dag.py:3089} INFO - Sync 1 DAGs
[2024-07-25T23:21:31.820+0000] {logging_mixin.py:188} INFO - [2024-07-25T23:21:31.820+0000] {dag.py:3947} INFO - Setting next_dagrun for example_complex to None, run_after=None
[2024-07-25T23:21:31.846+0000] {processor.py:183} INFO - Processing /home/airflow/.local/lib/python3.12/site-packages/airflow/example_dags/example_complex.py took 0.083 seconds
[2024-07-25T23:22:02.350+0000] {processor.py:161} INFO - Started process (PID=634) to work on /home/airflow/.local/lib/python3.12/site-packages/airflow/example_dags/example_complex.py
[2024-07-25T23:22:02.354+0000] {processor.py:830} INFO - Processing file /home/airflow/.local/lib/python3.12/site-packages/airflow/example_dags/example_complex.py for tasks to queue
[2024-07-25T23:22:02.355+0000] {logging_mixin.py:188} INFO - [2024-07-25T23:22:02.355+0000] {dagbag.py:545} INFO - Filling up the DagBag from /home/airflow/.local/lib/python3.12/site-packages/airflow/example_dags/example_complex.py
[2024-07-25T23:22:02.362+0000] {processor.py:840} INFO - DAG(s) 'example_complex' retrieved from /home/airflow/.local/lib/python3.12/site-packages/airflow/example_dags/example_complex.py
[2024-07-25T23:22:02.385+0000] {logging_mixin.py:188} INFO - [2024-07-25T23:22:02.385+0000] {dag.py:3089} INFO - Sync 1 DAGs
[2024-07-25T23:22:02.395+0000] {logging_mixin.py:188} INFO - [2024-07-25T23:22:02.395+0000] {dag.py:3947} INFO - Setting next_dagrun for example_complex to None, run_after=None
[2024-07-25T23:22:02.417+0000] {processor.py:183} INFO - Processing /home/airflow/.local/lib/python3.12/site-packages/airflow/example_dags/example_complex.py took 0.071 seconds
[2024-07-25T23:22:33.185+0000] {processor.py:161} INFO - Started process (PID=693) to work on /home/airflow/.local/lib/python3.12/site-packages/airflow/example_dags/example_complex.py
[2024-07-25T23:22:33.185+0000] {processor.py:830} INFO - Processing file /home/airflow/.local/lib/python3.12/site-packages/airflow/example_dags/example_complex.py for tasks to queue
[2024-07-25T23:22:33.187+0000] {logging_mixin.py:188} INFO - [2024-07-25T23:22:33.187+0000] {dagbag.py:545} INFO - Filling up the DagBag from /home/airflow/.local/lib/python3.12/site-packages/airflow/example_dags/example_complex.py
[2024-07-25T23:22:33.195+0000] {processor.py:840} INFO - DAG(s) 'example_complex' retrieved from /home/airflow/.local/lib/python3.12/site-packages/airflow/example_dags/example_complex.py
[2024-07-25T23:22:33.219+0000] {logging_mixin.py:188} INFO - [2024-07-25T23:22:33.218+0000] {dag.py:3089} INFO - Sync 1 DAGs
[2024-07-25T23:22:33.228+0000] {logging_mixin.py:188} INFO - [2024-07-25T23:22:33.228+0000] {dag.py:3947} INFO - Setting next_dagrun for example_complex to None, run_after=None
[2024-07-25T23:22:33.246+0000] {processor.py:183} INFO - Processing /home/airflow/.local/lib/python3.12/site-packages/airflow/example_dags/example_complex.py took 0.066 seconds
[2024-07-25T23:23:03.698+0000] {processor.py:161} INFO - Started process (PID=753) to work on /home/airflow/.local/lib/python3.12/site-packages/airflow/example_dags/example_complex.py
[2024-07-25T23:23:03.699+0000] {processor.py:830} INFO - Processing file /home/airflow/.local/lib/python3.12/site-packages/airflow/example_dags/example_complex.py for tasks to queue
[2024-07-25T23:23:03.700+0000] {logging_mixin.py:188} INFO - [2024-07-25T23:23:03.700+0000] {dagbag.py:545} INFO - Filling up the DagBag from /home/airflow/.local/lib/python3.12/site-packages/airflow/example_dags/example_complex.py
[2024-07-25T23:23:03.710+0000] {processor.py:840} INFO - DAG(s) 'example_complex' retrieved from /home/airflow/.local/lib/python3.12/site-packages/airflow/example_dags/example_complex.py
[2024-07-25T23:23:03.733+0000] {logging_mixin.py:188} INFO - [2024-07-25T23:23:03.733+0000] {dag.py:3089} INFO - Sync 1 DAGs
[2024-07-25T23:23:03.743+0000] {logging_mixin.py:188} INFO - [2024-07-25T23:23:03.743+0000] {dag.py:3947} INFO - Setting next_dagrun for example_complex to None, run_after=None
[2024-07-25T23:23:03.760+0000] {processor.py:183} INFO - Processing /home/airflow/.local/lib/python3.12/site-packages/airflow/example_dags/example_complex.py took 0.066 seconds
[2024-07-25T23:23:34.414+0000] {processor.py:161} INFO - Started process (PID=813) to work on /home/airflow/.local/lib/python3.12/site-packages/airflow/example_dags/example_complex.py
[2024-07-25T23:23:34.416+0000] {processor.py:830} INFO - Processing file /home/airflow/.local/lib/python3.12/site-packages/airflow/example_dags/example_complex.py for tasks to queue
[2024-07-25T23:23:34.417+0000] {logging_mixin.py:188} INFO - [2024-07-25T23:23:34.417+0000] {dagbag.py:545} INFO - Filling up the DagBag from /home/airflow/.local/lib/python3.12/site-packages/airflow/example_dags/example_complex.py
[2024-07-25T23:23:34.424+0000] {processor.py:840} INFO - DAG(s) 'example_complex' retrieved from /home/airflow/.local/lib/python3.12/site-packages/airflow/example_dags/example_complex.py
[2024-07-25T23:23:34.450+0000] {logging_mixin.py:188} INFO - [2024-07-25T23:23:34.450+0000] {dag.py:3089} INFO - Sync 1 DAGs
[2024-07-25T23:23:34.462+0000] {logging_mixin.py:188} INFO - [2024-07-25T23:23:34.462+0000] {dag.py:3947} INFO - Setting next_dagrun for example_complex to None, run_after=None
[2024-07-25T23:23:34.476+0000] {processor.py:183} INFO - Processing /home/airflow/.local/lib/python3.12/site-packages/airflow/example_dags/example_complex.py took 0.066 seconds
[2024-07-25T23:24:08.993+0000] {processor.py:161} INFO - Started process (PID=873) to work on /home/airflow/.local/lib/python3.12/site-packages/airflow/example_dags/example_complex.py
[2024-07-25T23:24:08.999+0000] {processor.py:830} INFO - Processing file /home/airflow/.local/lib/python3.12/site-packages/airflow/example_dags/example_complex.py for tasks to queue
[2024-07-25T23:24:09.053+0000] {logging_mixin.py:188} INFO - [2024-07-25T23:24:09.043+0000] {dagbag.py:545} INFO - Filling up the DagBag from /home/airflow/.local/lib/python3.12/site-packages/airflow/example_dags/example_complex.py
[2024-07-25T23:24:09.096+0000] {processor.py:840} INFO - DAG(s) 'example_complex' retrieved from /home/airflow/.local/lib/python3.12/site-packages/airflow/example_dags/example_complex.py
[2024-07-25T23:24:09.246+0000] {logging_mixin.py:188} INFO - [2024-07-25T23:24:09.246+0000] {dag.py:3089} INFO - Sync 1 DAGs
[2024-07-25T23:24:09.302+0000] {logging_mixin.py:188} INFO - [2024-07-25T23:24:09.302+0000] {dag.py:3947} INFO - Setting next_dagrun for example_complex to None, run_after=None
[2024-07-25T23:24:09.408+0000] {processor.py:183} INFO - Processing /home/airflow/.local/lib/python3.12/site-packages/airflow/example_dags/example_complex.py took 0.440 seconds
[2024-07-25T23:24:42.510+0000] {processor.py:161} INFO - Started process (PID=939) to work on /home/airflow/.local/lib/python3.12/site-packages/airflow/example_dags/example_complex.py
[2024-07-25T23:24:42.516+0000] {processor.py:830} INFO - Processing file /home/airflow/.local/lib/python3.12/site-packages/airflow/example_dags/example_complex.py for tasks to queue
[2024-07-25T23:24:42.526+0000] {logging_mixin.py:188} INFO - [2024-07-25T23:24:42.525+0000] {dagbag.py:545} INFO - Filling up the DagBag from /home/airflow/.local/lib/python3.12/site-packages/airflow/example_dags/example_complex.py
[2024-07-25T23:24:42.546+0000] {processor.py:840} INFO - DAG(s) 'example_complex' retrieved from /home/airflow/.local/lib/python3.12/site-packages/airflow/example_dags/example_complex.py
[2024-07-25T23:24:42.617+0000] {logging_mixin.py:188} INFO - [2024-07-25T23:24:42.616+0000] {dag.py:3089} INFO - Sync 1 DAGs
[2024-07-25T23:24:42.638+0000] {logging_mixin.py:188} INFO - [2024-07-25T23:24:42.637+0000] {dag.py:3947} INFO - Setting next_dagrun for example_complex to None, run_after=None
[2024-07-25T23:24:42.659+0000] {processor.py:183} INFO - Processing /home/airflow/.local/lib/python3.12/site-packages/airflow/example_dags/example_complex.py took 0.179 seconds
[2024-07-25T23:25:13.223+0000] {processor.py:161} INFO - Started process (PID=999) to work on /home/airflow/.local/lib/python3.12/site-packages/airflow/example_dags/example_complex.py
[2024-07-25T23:25:13.225+0000] {processor.py:830} INFO - Processing file /home/airflow/.local/lib/python3.12/site-packages/airflow/example_dags/example_complex.py for tasks to queue
[2024-07-25T23:25:13.227+0000] {logging_mixin.py:188} INFO - [2024-07-25T23:25:13.226+0000] {dagbag.py:545} INFO - Filling up the DagBag from /home/airflow/.local/lib/python3.12/site-packages/airflow/example_dags/example_complex.py
[2024-07-25T23:25:13.237+0000] {processor.py:840} INFO - DAG(s) 'example_complex' retrieved from /home/airflow/.local/lib/python3.12/site-packages/airflow/example_dags/example_complex.py
[2024-07-25T23:25:13.269+0000] {logging_mixin.py:188} INFO - [2024-07-25T23:25:13.269+0000] {dag.py:3089} INFO - Sync 1 DAGs
[2024-07-25T23:25:13.278+0000] {logging_mixin.py:188} INFO - [2024-07-25T23:25:13.278+0000] {dag.py:3947} INFO - Setting next_dagrun for example_complex to None, run_after=None
[2024-07-25T23:25:13.304+0000] {processor.py:183} INFO - Processing /home/airflow/.local/lib/python3.12/site-packages/airflow/example_dags/example_complex.py took 0.086 seconds
[2024-07-25T23:28:03.189+0000] {processor.py:161} INFO - Started process (PID=105) to work on /home/airflow/.local/lib/python3.12/site-packages/airflow/example_dags/example_complex.py
[2024-07-25T23:28:03.191+0000] {processor.py:830} INFO - Processing file /home/airflow/.local/lib/python3.12/site-packages/airflow/example_dags/example_complex.py for tasks to queue
[2024-07-25T23:28:03.194+0000] {logging_mixin.py:188} INFO - [2024-07-25T23:28:03.193+0000] {dagbag.py:545} INFO - Filling up the DagBag from /home/airflow/.local/lib/python3.12/site-packages/airflow/example_dags/example_complex.py
[2024-07-25T23:28:03.206+0000] {processor.py:840} INFO - DAG(s) 'example_complex' retrieved from /home/airflow/.local/lib/python3.12/site-packages/airflow/example_dags/example_complex.py
[2024-07-25T23:28:03.401+0000] {logging_mixin.py:188} INFO - [2024-07-25T23:28:03.400+0000] {dag.py:3089} INFO - Sync 1 DAGs
[2024-07-25T23:28:03.420+0000] {logging_mixin.py:188} INFO - [2024-07-25T23:28:03.420+0000] {dag.py:3947} INFO - Setting next_dagrun for example_complex to None, run_after=None
[2024-07-25T23:28:03.442+0000] {processor.py:183} INFO - Processing /home/airflow/.local/lib/python3.12/site-packages/airflow/example_dags/example_complex.py took 0.261 seconds
[2024-07-25T23:28:33.929+0000] {processor.py:161} INFO - Started process (PID=165) to work on /home/airflow/.local/lib/python3.12/site-packages/airflow/example_dags/example_complex.py
[2024-07-25T23:28:33.930+0000] {processor.py:830} INFO - Processing file /home/airflow/.local/lib/python3.12/site-packages/airflow/example_dags/example_complex.py for tasks to queue
[2024-07-25T23:28:33.932+0000] {logging_mixin.py:188} INFO - [2024-07-25T23:28:33.932+0000] {dagbag.py:545} INFO - Filling up the DagBag from /home/airflow/.local/lib/python3.12/site-packages/airflow/example_dags/example_complex.py
[2024-07-25T23:28:33.943+0000] {processor.py:840} INFO - DAG(s) 'example_complex' retrieved from /home/airflow/.local/lib/python3.12/site-packages/airflow/example_dags/example_complex.py
[2024-07-25T23:28:33.970+0000] {logging_mixin.py:188} INFO - [2024-07-25T23:28:33.970+0000] {dag.py:3089} INFO - Sync 1 DAGs
[2024-07-25T23:28:33.981+0000] {logging_mixin.py:188} INFO - [2024-07-25T23:28:33.980+0000] {dag.py:3947} INFO - Setting next_dagrun for example_complex to None, run_after=None
[2024-07-25T23:28:33.996+0000] {processor.py:183} INFO - Processing /home/airflow/.local/lib/python3.12/site-packages/airflow/example_dags/example_complex.py took 0.074 seconds
[2024-07-25T23:29:04.891+0000] {processor.py:161} INFO - Started process (PID=226) to work on /home/airflow/.local/lib/python3.12/site-packages/airflow/example_dags/example_complex.py
[2024-07-25T23:29:04.892+0000] {processor.py:830} INFO - Processing file /home/airflow/.local/lib/python3.12/site-packages/airflow/example_dags/example_complex.py for tasks to queue
[2024-07-25T23:29:04.895+0000] {logging_mixin.py:188} INFO - [2024-07-25T23:29:04.894+0000] {dagbag.py:545} INFO - Filling up the DagBag from /home/airflow/.local/lib/python3.12/site-packages/airflow/example_dags/example_complex.py
[2024-07-25T23:29:04.905+0000] {processor.py:840} INFO - DAG(s) 'example_complex' retrieved from /home/airflow/.local/lib/python3.12/site-packages/airflow/example_dags/example_complex.py
[2024-07-25T23:29:04.951+0000] {logging_mixin.py:188} INFO - [2024-07-25T23:29:04.951+0000] {dag.py:3089} INFO - Sync 1 DAGs
[2024-07-25T23:29:04.967+0000] {logging_mixin.py:188} INFO - [2024-07-25T23:29:04.967+0000] {dag.py:3947} INFO - Setting next_dagrun for example_complex to None, run_after=None
[2024-07-25T23:29:04.989+0000] {processor.py:183} INFO - Processing /home/airflow/.local/lib/python3.12/site-packages/airflow/example_dags/example_complex.py took 0.103 seconds
[2024-07-25T23:29:40.681+0000] {processor.py:161} INFO - Started process (PID=291) to work on /home/airflow/.local/lib/python3.12/site-packages/airflow/example_dags/example_complex.py
[2024-07-25T23:29:40.702+0000] {processor.py:830} INFO - Processing file /home/airflow/.local/lib/python3.12/site-packages/airflow/example_dags/example_complex.py for tasks to queue
[2024-07-25T23:29:40.759+0000] {logging_mixin.py:188} INFO - [2024-07-25T23:29:40.752+0000] {dagbag.py:545} INFO - Filling up the DagBag from /home/airflow/.local/lib/python3.12/site-packages/airflow/example_dags/example_complex.py
[2024-07-25T23:29:40.921+0000] {processor.py:840} INFO - DAG(s) 'example_complex' retrieved from /home/airflow/.local/lib/python3.12/site-packages/airflow/example_dags/example_complex.py
[2024-07-25T23:29:41.384+0000] {logging_mixin.py:188} INFO - [2024-07-25T23:29:41.373+0000] {dag.py:3089} INFO - Sync 1 DAGs
[2024-07-25T23:29:41.868+0000] {logging_mixin.py:188} INFO - [2024-07-25T23:29:41.863+0000] {dag.py:3947} INFO - Setting next_dagrun for example_complex to None, run_after=None
[2024-07-25T23:29:42.237+0000] {processor.py:183} INFO - Processing /home/airflow/.local/lib/python3.12/site-packages/airflow/example_dags/example_complex.py took 1.624 seconds
[2024-07-25T23:30:13.337+0000] {processor.py:161} INFO - Started process (PID=351) to work on /home/airflow/.local/lib/python3.12/site-packages/airflow/example_dags/example_complex.py
[2024-07-25T23:30:13.339+0000] {processor.py:830} INFO - Processing file /home/airflow/.local/lib/python3.12/site-packages/airflow/example_dags/example_complex.py for tasks to queue
[2024-07-25T23:30:13.344+0000] {logging_mixin.py:188} INFO - [2024-07-25T23:30:13.343+0000] {dagbag.py:545} INFO - Filling up the DagBag from /home/airflow/.local/lib/python3.12/site-packages/airflow/example_dags/example_complex.py
[2024-07-25T23:30:13.362+0000] {processor.py:840} INFO - DAG(s) 'example_complex' retrieved from /home/airflow/.local/lib/python3.12/site-packages/airflow/example_dags/example_complex.py
[2024-07-25T23:30:13.405+0000] {logging_mixin.py:188} INFO - [2024-07-25T23:30:13.405+0000] {dag.py:3089} INFO - Sync 1 DAGs
[2024-07-25T23:30:13.425+0000] {logging_mixin.py:188} INFO - [2024-07-25T23:30:13.424+0000] {dag.py:3947} INFO - Setting next_dagrun for example_complex to None, run_after=None
[2024-07-25T23:30:13.452+0000] {processor.py:183} INFO - Processing /home/airflow/.local/lib/python3.12/site-packages/airflow/example_dags/example_complex.py took 0.153 seconds
[2024-07-25T23:30:44.112+0000] {processor.py:161} INFO - Started process (PID=411) to work on /home/airflow/.local/lib/python3.12/site-packages/airflow/example_dags/example_complex.py
[2024-07-25T23:30:44.118+0000] {processor.py:830} INFO - Processing file /home/airflow/.local/lib/python3.12/site-packages/airflow/example_dags/example_complex.py for tasks to queue
[2024-07-25T23:30:44.135+0000] {logging_mixin.py:188} INFO - [2024-07-25T23:30:44.134+0000] {dagbag.py:545} INFO - Filling up the DagBag from /home/airflow/.local/lib/python3.12/site-packages/airflow/example_dags/example_complex.py
[2024-07-25T23:30:44.154+0000] {processor.py:840} INFO - DAG(s) 'example_complex' retrieved from /home/airflow/.local/lib/python3.12/site-packages/airflow/example_dags/example_complex.py
[2024-07-25T23:30:44.219+0000] {logging_mixin.py:188} INFO - [2024-07-25T23:30:44.218+0000] {dag.py:3089} INFO - Sync 1 DAGs
[2024-07-25T23:30:44.238+0000] {logging_mixin.py:188} INFO - [2024-07-25T23:30:44.238+0000] {dag.py:3947} INFO - Setting next_dagrun for example_complex to None, run_after=None
[2024-07-25T23:30:44.262+0000] {processor.py:183} INFO - Processing /home/airflow/.local/lib/python3.12/site-packages/airflow/example_dags/example_complex.py took 0.172 seconds
[2024-07-25T23:31:14.340+0000] {processor.py:161} INFO - Started process (PID=471) to work on /home/airflow/.local/lib/python3.12/site-packages/airflow/example_dags/example_complex.py
[2024-07-25T23:31:14.348+0000] {processor.py:830} INFO - Processing file /home/airflow/.local/lib/python3.12/site-packages/airflow/example_dags/example_complex.py for tasks to queue
[2024-07-25T23:31:14.402+0000] {logging_mixin.py:188} INFO - [2024-07-25T23:31:14.393+0000] {dagbag.py:545} INFO - Filling up the DagBag from /home/airflow/.local/lib/python3.12/site-packages/airflow/example_dags/example_complex.py
[2024-07-25T23:31:14.486+0000] {processor.py:840} INFO - DAG(s) 'example_complex' retrieved from /home/airflow/.local/lib/python3.12/site-packages/airflow/example_dags/example_complex.py
[2024-07-25T23:31:14.668+0000] {logging_mixin.py:188} INFO - [2024-07-25T23:31:14.666+0000] {dag.py:3089} INFO - Sync 1 DAGs
[2024-07-25T23:31:14.888+0000] {logging_mixin.py:188} INFO - [2024-07-25T23:31:14.884+0000] {dag.py:3947} INFO - Setting next_dagrun for example_complex to None, run_after=None
[2024-07-25T23:31:15.052+0000] {processor.py:183} INFO - Processing /home/airflow/.local/lib/python3.12/site-packages/airflow/example_dags/example_complex.py took 0.727 seconds
[2024-07-25T23:31:45.814+0000] {processor.py:161} INFO - Started process (PID=530) to work on /home/airflow/.local/lib/python3.12/site-packages/airflow/example_dags/example_complex.py
[2024-07-25T23:31:45.815+0000] {processor.py:830} INFO - Processing file /home/airflow/.local/lib/python3.12/site-packages/airflow/example_dags/example_complex.py for tasks to queue
[2024-07-25T23:31:45.817+0000] {logging_mixin.py:188} INFO - [2024-07-25T23:31:45.817+0000] {dagbag.py:545} INFO - Filling up the DagBag from /home/airflow/.local/lib/python3.12/site-packages/airflow/example_dags/example_complex.py
[2024-07-25T23:31:45.826+0000] {processor.py:840} INFO - DAG(s) 'example_complex' retrieved from /home/airflow/.local/lib/python3.12/site-packages/airflow/example_dags/example_complex.py
[2024-07-25T23:31:45.858+0000] {logging_mixin.py:188} INFO - [2024-07-25T23:31:45.857+0000] {dag.py:3089} INFO - Sync 1 DAGs
[2024-07-25T23:31:45.869+0000] {logging_mixin.py:188} INFO - [2024-07-25T23:31:45.869+0000] {dag.py:3947} INFO - Setting next_dagrun for example_complex to None, run_after=None
[2024-07-25T23:31:45.891+0000] {processor.py:183} INFO - Processing /home/airflow/.local/lib/python3.12/site-packages/airflow/example_dags/example_complex.py took 0.081 seconds
[2024-07-25T23:32:16.643+0000] {processor.py:161} INFO - Started process (PID=590) to work on /home/airflow/.local/lib/python3.12/site-packages/airflow/example_dags/example_complex.py
[2024-07-25T23:32:16.645+0000] {processor.py:830} INFO - Processing file /home/airflow/.local/lib/python3.12/site-packages/airflow/example_dags/example_complex.py for tasks to queue
[2024-07-25T23:32:16.646+0000] {logging_mixin.py:188} INFO - [2024-07-25T23:32:16.646+0000] {dagbag.py:545} INFO - Filling up the DagBag from /home/airflow/.local/lib/python3.12/site-packages/airflow/example_dags/example_complex.py
[2024-07-25T23:32:16.655+0000] {processor.py:840} INFO - DAG(s) 'example_complex' retrieved from /home/airflow/.local/lib/python3.12/site-packages/airflow/example_dags/example_complex.py
[2024-07-25T23:32:16.686+0000] {logging_mixin.py:188} INFO - [2024-07-25T23:32:16.686+0000] {dag.py:3089} INFO - Sync 1 DAGs
[2024-07-25T23:32:16.696+0000] {logging_mixin.py:188} INFO - [2024-07-25T23:32:16.696+0000] {dag.py:3947} INFO - Setting next_dagrun for example_complex to None, run_after=None
[2024-07-25T23:32:16.709+0000] {processor.py:183} INFO - Processing /home/airflow/.local/lib/python3.12/site-packages/airflow/example_dags/example_complex.py took 0.071 seconds
[2024-07-25T23:32:47.385+0000] {processor.py:161} INFO - Started process (PID=650) to work on /home/airflow/.local/lib/python3.12/site-packages/airflow/example_dags/example_complex.py
[2024-07-25T23:32:47.388+0000] {processor.py:830} INFO - Processing file /home/airflow/.local/lib/python3.12/site-packages/airflow/example_dags/example_complex.py for tasks to queue
[2024-07-25T23:32:47.392+0000] {logging_mixin.py:188} INFO - [2024-07-25T23:32:47.391+0000] {dagbag.py:545} INFO - Filling up the DagBag from /home/airflow/.local/lib/python3.12/site-packages/airflow/example_dags/example_complex.py
[2024-07-25T23:32:47.411+0000] {processor.py:840} INFO - DAG(s) 'example_complex' retrieved from /home/airflow/.local/lib/python3.12/site-packages/airflow/example_dags/example_complex.py
[2024-07-25T23:32:47.498+0000] {logging_mixin.py:188} INFO - [2024-07-25T23:32:47.498+0000] {dag.py:3089} INFO - Sync 1 DAGs
[2024-07-25T23:32:47.522+0000] {logging_mixin.py:188} INFO - [2024-07-25T23:32:47.522+0000] {dag.py:3947} INFO - Setting next_dagrun for example_complex to None, run_after=None
[2024-07-25T23:32:47.546+0000] {processor.py:183} INFO - Processing /home/airflow/.local/lib/python3.12/site-packages/airflow/example_dags/example_complex.py took 0.184 seconds
[2024-07-25T23:33:17.974+0000] {processor.py:161} INFO - Started process (PID=709) to work on /home/airflow/.local/lib/python3.12/site-packages/airflow/example_dags/example_complex.py
[2024-07-25T23:33:17.976+0000] {processor.py:830} INFO - Processing file /home/airflow/.local/lib/python3.12/site-packages/airflow/example_dags/example_complex.py for tasks to queue
[2024-07-25T23:33:17.978+0000] {logging_mixin.py:188} INFO - [2024-07-25T23:33:17.978+0000] {dagbag.py:545} INFO - Filling up the DagBag from /home/airflow/.local/lib/python3.12/site-packages/airflow/example_dags/example_complex.py
[2024-07-25T23:33:17.989+0000] {processor.py:840} INFO - DAG(s) 'example_complex' retrieved from /home/airflow/.local/lib/python3.12/site-packages/airflow/example_dags/example_complex.py
[2024-07-25T23:33:18.019+0000] {logging_mixin.py:188} INFO - [2024-07-25T23:33:18.019+0000] {dag.py:3089} INFO - Sync 1 DAGs
[2024-07-25T23:33:18.030+0000] {logging_mixin.py:188} INFO - [2024-07-25T23:33:18.030+0000] {dag.py:3947} INFO - Setting next_dagrun for example_complex to None, run_after=None
[2024-07-25T23:33:18.047+0000] {processor.py:183} INFO - Processing /home/airflow/.local/lib/python3.12/site-packages/airflow/example_dags/example_complex.py took 0.080 seconds
[2024-07-25T23:33:48.494+0000] {processor.py:161} INFO - Started process (PID=769) to work on /home/airflow/.local/lib/python3.12/site-packages/airflow/example_dags/example_complex.py
[2024-07-25T23:33:48.497+0000] {processor.py:830} INFO - Processing file /home/airflow/.local/lib/python3.12/site-packages/airflow/example_dags/example_complex.py for tasks to queue
[2024-07-25T23:33:48.499+0000] {logging_mixin.py:188} INFO - [2024-07-25T23:33:48.499+0000] {dagbag.py:545} INFO - Filling up the DagBag from /home/airflow/.local/lib/python3.12/site-packages/airflow/example_dags/example_complex.py
[2024-07-25T23:33:48.511+0000] {processor.py:840} INFO - DAG(s) 'example_complex' retrieved from /home/airflow/.local/lib/python3.12/site-packages/airflow/example_dags/example_complex.py
[2024-07-25T23:33:48.554+0000] {logging_mixin.py:188} INFO - [2024-07-25T23:33:48.554+0000] {dag.py:3089} INFO - Sync 1 DAGs
[2024-07-25T23:33:48.564+0000] {logging_mixin.py:188} INFO - [2024-07-25T23:33:48.564+0000] {dag.py:3947} INFO - Setting next_dagrun for example_complex to None, run_after=None
[2024-07-25T23:33:48.584+0000] {processor.py:183} INFO - Processing /home/airflow/.local/lib/python3.12/site-packages/airflow/example_dags/example_complex.py took 0.096 seconds
[2024-07-25T23:34:18.852+0000] {processor.py:161} INFO - Started process (PID=829) to work on /home/airflow/.local/lib/python3.12/site-packages/airflow/example_dags/example_complex.py
[2024-07-25T23:34:18.854+0000] {processor.py:830} INFO - Processing file /home/airflow/.local/lib/python3.12/site-packages/airflow/example_dags/example_complex.py for tasks to queue
[2024-07-25T23:34:18.855+0000] {logging_mixin.py:188} INFO - [2024-07-25T23:34:18.855+0000] {dagbag.py:545} INFO - Filling up the DagBag from /home/airflow/.local/lib/python3.12/site-packages/airflow/example_dags/example_complex.py
[2024-07-25T23:34:18.865+0000] {processor.py:840} INFO - DAG(s) 'example_complex' retrieved from /home/airflow/.local/lib/python3.12/site-packages/airflow/example_dags/example_complex.py
[2024-07-25T23:34:18.902+0000] {logging_mixin.py:188} INFO - [2024-07-25T23:34:18.902+0000] {dag.py:3089} INFO - Sync 1 DAGs
[2024-07-25T23:34:18.913+0000] {logging_mixin.py:188} INFO - [2024-07-25T23:34:18.913+0000] {dag.py:3947} INFO - Setting next_dagrun for example_complex to None, run_after=None
[2024-07-25T23:34:18.936+0000] {processor.py:183} INFO - Processing /home/airflow/.local/lib/python3.12/site-packages/airflow/example_dags/example_complex.py took 0.090 seconds
[2024-07-25T23:34:49.071+0000] {processor.py:161} INFO - Started process (PID=888) to work on /home/airflow/.local/lib/python3.12/site-packages/airflow/example_dags/example_complex.py
[2024-07-25T23:34:49.072+0000] {processor.py:830} INFO - Processing file /home/airflow/.local/lib/python3.12/site-packages/airflow/example_dags/example_complex.py for tasks to queue
[2024-07-25T23:34:49.075+0000] {logging_mixin.py:188} INFO - [2024-07-25T23:34:49.075+0000] {dagbag.py:545} INFO - Filling up the DagBag from /home/airflow/.local/lib/python3.12/site-packages/airflow/example_dags/example_complex.py
[2024-07-25T23:34:49.090+0000] {processor.py:840} INFO - DAG(s) 'example_complex' retrieved from /home/airflow/.local/lib/python3.12/site-packages/airflow/example_dags/example_complex.py
[2024-07-25T23:34:49.128+0000] {logging_mixin.py:188} INFO - [2024-07-25T23:34:49.128+0000] {dag.py:3089} INFO - Sync 1 DAGs
[2024-07-25T23:34:49.144+0000] {logging_mixin.py:188} INFO - [2024-07-25T23:34:49.144+0000] {dag.py:3947} INFO - Setting next_dagrun for example_complex to None, run_after=None
[2024-07-25T23:34:49.165+0000] {processor.py:183} INFO - Processing /home/airflow/.local/lib/python3.12/site-packages/airflow/example_dags/example_complex.py took 0.103 seconds
[2024-07-25T23:35:19.398+0000] {processor.py:161} INFO - Started process (PID=948) to work on /home/airflow/.local/lib/python3.12/site-packages/airflow/example_dags/example_complex.py
[2024-07-25T23:35:19.402+0000] {processor.py:830} INFO - Processing file /home/airflow/.local/lib/python3.12/site-packages/airflow/example_dags/example_complex.py for tasks to queue
[2024-07-25T23:35:19.405+0000] {logging_mixin.py:188} INFO - [2024-07-25T23:35:19.405+0000] {dagbag.py:545} INFO - Filling up the DagBag from /home/airflow/.local/lib/python3.12/site-packages/airflow/example_dags/example_complex.py
[2024-07-25T23:35:19.420+0000] {processor.py:840} INFO - DAG(s) 'example_complex' retrieved from /home/airflow/.local/lib/python3.12/site-packages/airflow/example_dags/example_complex.py
[2024-07-25T23:35:19.471+0000] {logging_mixin.py:188} INFO - [2024-07-25T23:35:19.471+0000] {dag.py:3089} INFO - Sync 1 DAGs
[2024-07-25T23:35:19.489+0000] {logging_mixin.py:188} INFO - [2024-07-25T23:35:19.489+0000] {dag.py:3947} INFO - Setting next_dagrun for example_complex to None, run_after=None
[2024-07-25T23:35:19.522+0000] {processor.py:183} INFO - Processing /home/airflow/.local/lib/python3.12/site-packages/airflow/example_dags/example_complex.py took 0.130 seconds
[2024-07-25T23:35:50.021+0000] {processor.py:161} INFO - Started process (PID=1008) to work on /home/airflow/.local/lib/python3.12/site-packages/airflow/example_dags/example_complex.py
[2024-07-25T23:35:50.022+0000] {processor.py:830} INFO - Processing file /home/airflow/.local/lib/python3.12/site-packages/airflow/example_dags/example_complex.py for tasks to queue
[2024-07-25T23:35:50.024+0000] {logging_mixin.py:188} INFO - [2024-07-25T23:35:50.024+0000] {dagbag.py:545} INFO - Filling up the DagBag from /home/airflow/.local/lib/python3.12/site-packages/airflow/example_dags/example_complex.py
[2024-07-25T23:35:50.034+0000] {processor.py:840} INFO - DAG(s) 'example_complex' retrieved from /home/airflow/.local/lib/python3.12/site-packages/airflow/example_dags/example_complex.py
[2024-07-25T23:35:50.067+0000] {logging_mixin.py:188} INFO - [2024-07-25T23:35:50.067+0000] {dag.py:3089} INFO - Sync 1 DAGs
[2024-07-25T23:35:50.084+0000] {logging_mixin.py:188} INFO - [2024-07-25T23:35:50.083+0000] {dag.py:3947} INFO - Setting next_dagrun for example_complex to None, run_after=None
[2024-07-25T23:35:50.107+0000] {processor.py:183} INFO - Processing /home/airflow/.local/lib/python3.12/site-packages/airflow/example_dags/example_complex.py took 0.091 seconds
[2024-07-25T23:36:20.409+0000] {processor.py:161} INFO - Started process (PID=1068) to work on /home/airflow/.local/lib/python3.12/site-packages/airflow/example_dags/example_complex.py
[2024-07-25T23:36:20.414+0000] {processor.py:830} INFO - Processing file /home/airflow/.local/lib/python3.12/site-packages/airflow/example_dags/example_complex.py for tasks to queue
[2024-07-25T23:36:20.417+0000] {logging_mixin.py:188} INFO - [2024-07-25T23:36:20.417+0000] {dagbag.py:545} INFO - Filling up the DagBag from /home/airflow/.local/lib/python3.12/site-packages/airflow/example_dags/example_complex.py
[2024-07-25T23:36:20.431+0000] {processor.py:840} INFO - DAG(s) 'example_complex' retrieved from /home/airflow/.local/lib/python3.12/site-packages/airflow/example_dags/example_complex.py
[2024-07-25T23:36:20.474+0000] {logging_mixin.py:188} INFO - [2024-07-25T23:36:20.472+0000] {dag.py:3089} INFO - Sync 1 DAGs
[2024-07-25T23:36:20.529+0000] {logging_mixin.py:188} INFO - [2024-07-25T23:36:20.529+0000] {dag.py:3947} INFO - Setting next_dagrun for example_complex to None, run_after=None
[2024-07-25T23:36:20.560+0000] {processor.py:183} INFO - Processing /home/airflow/.local/lib/python3.12/site-packages/airflow/example_dags/example_complex.py took 0.161 seconds
[2024-07-25T23:36:50.693+0000] {processor.py:161} INFO - Started process (PID=1127) to work on /home/airflow/.local/lib/python3.12/site-packages/airflow/example_dags/example_complex.py
[2024-07-25T23:36:50.695+0000] {processor.py:830} INFO - Processing file /home/airflow/.local/lib/python3.12/site-packages/airflow/example_dags/example_complex.py for tasks to queue
[2024-07-25T23:36:50.698+0000] {logging_mixin.py:188} INFO - [2024-07-25T23:36:50.697+0000] {dagbag.py:545} INFO - Filling up the DagBag from /home/airflow/.local/lib/python3.12/site-packages/airflow/example_dags/example_complex.py
[2024-07-25T23:36:50.719+0000] {processor.py:840} INFO - DAG(s) 'example_complex' retrieved from /home/airflow/.local/lib/python3.12/site-packages/airflow/example_dags/example_complex.py
[2024-07-25T23:36:50.814+0000] {logging_mixin.py:188} INFO - [2024-07-25T23:36:50.814+0000] {dag.py:3089} INFO - Sync 1 DAGs
[2024-07-25T23:36:50.881+0000] {logging_mixin.py:188} INFO - [2024-07-25T23:36:50.881+0000] {dag.py:3947} INFO - Setting next_dagrun for example_complex to None, run_after=None
[2024-07-25T23:36:50.958+0000] {processor.py:183} INFO - Processing /home/airflow/.local/lib/python3.12/site-packages/airflow/example_dags/example_complex.py took 0.276 seconds
[2024-07-25T23:37:21.058+0000] {processor.py:161} INFO - Started process (PID=1187) to work on /home/airflow/.local/lib/python3.12/site-packages/airflow/example_dags/example_complex.py
[2024-07-25T23:37:21.062+0000] {processor.py:830} INFO - Processing file /home/airflow/.local/lib/python3.12/site-packages/airflow/example_dags/example_complex.py for tasks to queue
[2024-07-25T23:37:21.064+0000] {logging_mixin.py:188} INFO - [2024-07-25T23:37:21.064+0000] {dagbag.py:545} INFO - Filling up the DagBag from /home/airflow/.local/lib/python3.12/site-packages/airflow/example_dags/example_complex.py
[2024-07-25T23:37:21.071+0000] {processor.py:840} INFO - DAG(s) 'example_complex' retrieved from /home/airflow/.local/lib/python3.12/site-packages/airflow/example_dags/example_complex.py
[2024-07-25T23:37:21.109+0000] {logging_mixin.py:188} INFO - [2024-07-25T23:37:21.108+0000] {dag.py:3089} INFO - Sync 1 DAGs
[2024-07-25T23:37:21.121+0000] {logging_mixin.py:188} INFO - [2024-07-25T23:37:21.121+0000] {dag.py:3947} INFO - Setting next_dagrun for example_complex to None, run_after=None
[2024-07-25T23:37:21.149+0000] {processor.py:183} INFO - Processing /home/airflow/.local/lib/python3.12/site-packages/airflow/example_dags/example_complex.py took 0.095 seconds
[2024-07-25T23:37:51.272+0000] {processor.py:161} INFO - Started process (PID=1247) to work on /home/airflow/.local/lib/python3.12/site-packages/airflow/example_dags/example_complex.py
[2024-07-25T23:37:51.274+0000] {processor.py:830} INFO - Processing file /home/airflow/.local/lib/python3.12/site-packages/airflow/example_dags/example_complex.py for tasks to queue
[2024-07-25T23:37:51.276+0000] {logging_mixin.py:188} INFO - [2024-07-25T23:37:51.276+0000] {dagbag.py:545} INFO - Filling up the DagBag from /home/airflow/.local/lib/python3.12/site-packages/airflow/example_dags/example_complex.py
[2024-07-25T23:37:51.287+0000] {processor.py:840} INFO - DAG(s) 'example_complex' retrieved from /home/airflow/.local/lib/python3.12/site-packages/airflow/example_dags/example_complex.py
[2024-07-25T23:37:51.323+0000] {logging_mixin.py:188} INFO - [2024-07-25T23:37:51.323+0000] {dag.py:3089} INFO - Sync 1 DAGs
[2024-07-25T23:37:51.339+0000] {logging_mixin.py:188} INFO - [2024-07-25T23:37:51.339+0000] {dag.py:3947} INFO - Setting next_dagrun for example_complex to None, run_after=None
[2024-07-25T23:37:51.378+0000] {processor.py:183} INFO - Processing /home/airflow/.local/lib/python3.12/site-packages/airflow/example_dags/example_complex.py took 0.110 seconds
[2024-07-25T23:38:22.111+0000] {processor.py:161} INFO - Started process (PID=1307) to work on /home/airflow/.local/lib/python3.12/site-packages/airflow/example_dags/example_complex.py
[2024-07-25T23:38:22.112+0000] {processor.py:830} INFO - Processing file /home/airflow/.local/lib/python3.12/site-packages/airflow/example_dags/example_complex.py for tasks to queue
[2024-07-25T23:38:22.114+0000] {logging_mixin.py:188} INFO - [2024-07-25T23:38:22.114+0000] {dagbag.py:545} INFO - Filling up the DagBag from /home/airflow/.local/lib/python3.12/site-packages/airflow/example_dags/example_complex.py
[2024-07-25T23:38:22.124+0000] {processor.py:840} INFO - DAG(s) 'example_complex' retrieved from /home/airflow/.local/lib/python3.12/site-packages/airflow/example_dags/example_complex.py
[2024-07-25T23:38:22.160+0000] {logging_mixin.py:188} INFO - [2024-07-25T23:38:22.160+0000] {dag.py:3089} INFO - Sync 1 DAGs
[2024-07-25T23:38:22.171+0000] {logging_mixin.py:188} INFO - [2024-07-25T23:38:22.170+0000] {dag.py:3947} INFO - Setting next_dagrun for example_complex to None, run_after=None
[2024-07-25T23:38:22.190+0000] {processor.py:183} INFO - Processing /home/airflow/.local/lib/python3.12/site-packages/airflow/example_dags/example_complex.py took 0.083 seconds
[2024-07-25T23:38:52.218+0000] {processor.py:161} INFO - Started process (PID=1367) to work on /home/airflow/.local/lib/python3.12/site-packages/airflow/example_dags/example_complex.py
[2024-07-25T23:38:52.220+0000] {processor.py:830} INFO - Processing file /home/airflow/.local/lib/python3.12/site-packages/airflow/example_dags/example_complex.py for tasks to queue
[2024-07-25T23:38:52.221+0000] {logging_mixin.py:188} INFO - [2024-07-25T23:38:52.221+0000] {dagbag.py:545} INFO - Filling up the DagBag from /home/airflow/.local/lib/python3.12/site-packages/airflow/example_dags/example_complex.py
[2024-07-25T23:38:52.232+0000] {processor.py:840} INFO - DAG(s) 'example_complex' retrieved from /home/airflow/.local/lib/python3.12/site-packages/airflow/example_dags/example_complex.py
[2024-07-25T23:38:52.259+0000] {logging_mixin.py:188} INFO - [2024-07-25T23:38:52.259+0000] {dag.py:3089} INFO - Sync 1 DAGs
[2024-07-25T23:38:52.272+0000] {logging_mixin.py:188} INFO - [2024-07-25T23:38:52.271+0000] {dag.py:3947} INFO - Setting next_dagrun for example_complex to None, run_after=None
[2024-07-25T23:38:52.292+0000] {processor.py:183} INFO - Processing /home/airflow/.local/lib/python3.12/site-packages/airflow/example_dags/example_complex.py took 0.078 seconds
[2024-07-25T23:39:22.855+0000] {processor.py:161} INFO - Started process (PID=1427) to work on /home/airflow/.local/lib/python3.12/site-packages/airflow/example_dags/example_complex.py
[2024-07-25T23:39:22.858+0000] {processor.py:830} INFO - Processing file /home/airflow/.local/lib/python3.12/site-packages/airflow/example_dags/example_complex.py for tasks to queue
[2024-07-25T23:39:22.861+0000] {logging_mixin.py:188} INFO - [2024-07-25T23:39:22.860+0000] {dagbag.py:545} INFO - Filling up the DagBag from /home/airflow/.local/lib/python3.12/site-packages/airflow/example_dags/example_complex.py
[2024-07-25T23:39:22.878+0000] {processor.py:840} INFO - DAG(s) 'example_complex' retrieved from /home/airflow/.local/lib/python3.12/site-packages/airflow/example_dags/example_complex.py
[2024-07-25T23:39:22.911+0000] {logging_mixin.py:188} INFO - [2024-07-25T23:39:22.910+0000] {dag.py:3089} INFO - Sync 1 DAGs
[2024-07-25T23:39:22.923+0000] {logging_mixin.py:188} INFO - [2024-07-25T23:39:22.922+0000] {dag.py:3947} INFO - Setting next_dagrun for example_complex to None, run_after=None
[2024-07-25T23:39:22.939+0000] {processor.py:183} INFO - Processing /home/airflow/.local/lib/python3.12/site-packages/airflow/example_dags/example_complex.py took 0.092 seconds
[2024-07-25T23:39:53.684+0000] {processor.py:161} INFO - Started process (PID=1487) to work on /home/airflow/.local/lib/python3.12/site-packages/airflow/example_dags/example_complex.py
[2024-07-25T23:39:53.685+0000] {processor.py:830} INFO - Processing file /home/airflow/.local/lib/python3.12/site-packages/airflow/example_dags/example_complex.py for tasks to queue
[2024-07-25T23:39:53.687+0000] {logging_mixin.py:188} INFO - [2024-07-25T23:39:53.687+0000] {dagbag.py:545} INFO - Filling up the DagBag from /home/airflow/.local/lib/python3.12/site-packages/airflow/example_dags/example_complex.py
[2024-07-25T23:39:53.694+0000] {processor.py:840} INFO - DAG(s) 'example_complex' retrieved from /home/airflow/.local/lib/python3.12/site-packages/airflow/example_dags/example_complex.py
[2024-07-25T23:39:53.723+0000] {logging_mixin.py:188} INFO - [2024-07-25T23:39:53.723+0000] {dag.py:3089} INFO - Sync 1 DAGs
[2024-07-25T23:39:53.734+0000] {logging_mixin.py:188} INFO - [2024-07-25T23:39:53.734+0000] {dag.py:3947} INFO - Setting next_dagrun for example_complex to None, run_after=None
[2024-07-25T23:39:53.749+0000] {processor.py:183} INFO - Processing /home/airflow/.local/lib/python3.12/site-packages/airflow/example_dags/example_complex.py took 0.069 seconds
[2024-07-25T23:40:24.798+0000] {processor.py:161} INFO - Started process (PID=1547) to work on /home/airflow/.local/lib/python3.12/site-packages/airflow/example_dags/example_complex.py
[2024-07-25T23:40:24.801+0000] {processor.py:830} INFO - Processing file /home/airflow/.local/lib/python3.12/site-packages/airflow/example_dags/example_complex.py for tasks to queue
[2024-07-25T23:40:24.802+0000] {logging_mixin.py:188} INFO - [2024-07-25T23:40:24.802+0000] {dagbag.py:545} INFO - Filling up the DagBag from /home/airflow/.local/lib/python3.12/site-packages/airflow/example_dags/example_complex.py
[2024-07-25T23:40:24.810+0000] {processor.py:840} INFO - DAG(s) 'example_complex' retrieved from /home/airflow/.local/lib/python3.12/site-packages/airflow/example_dags/example_complex.py
[2024-07-25T23:40:24.836+0000] {logging_mixin.py:188} INFO - [2024-07-25T23:40:24.836+0000] {dag.py:3089} INFO - Sync 1 DAGs
[2024-07-25T23:40:24.845+0000] {logging_mixin.py:188} INFO - [2024-07-25T23:40:24.845+0000] {dag.py:3947} INFO - Setting next_dagrun for example_complex to None, run_after=None
[2024-07-25T23:40:24.862+0000] {processor.py:183} INFO - Processing /home/airflow/.local/lib/python3.12/site-packages/airflow/example_dags/example_complex.py took 0.068 seconds
[2024-07-25T23:40:55.147+0000] {processor.py:161} INFO - Started process (PID=1607) to work on /home/airflow/.local/lib/python3.12/site-packages/airflow/example_dags/example_complex.py
[2024-07-25T23:40:55.148+0000] {processor.py:830} INFO - Processing file /home/airflow/.local/lib/python3.12/site-packages/airflow/example_dags/example_complex.py for tasks to queue
[2024-07-25T23:40:55.150+0000] {logging_mixin.py:188} INFO - [2024-07-25T23:40:55.149+0000] {dagbag.py:545} INFO - Filling up the DagBag from /home/airflow/.local/lib/python3.12/site-packages/airflow/example_dags/example_complex.py
[2024-07-25T23:40:55.160+0000] {processor.py:840} INFO - DAG(s) 'example_complex' retrieved from /home/airflow/.local/lib/python3.12/site-packages/airflow/example_dags/example_complex.py
[2024-07-25T23:40:55.230+0000] {logging_mixin.py:188} INFO - [2024-07-25T23:40:55.230+0000] {dag.py:3089} INFO - Sync 1 DAGs
[2024-07-25T23:40:55.247+0000] {logging_mixin.py:188} INFO - [2024-07-25T23:40:55.247+0000] {dag.py:3947} INFO - Setting next_dagrun for example_complex to None, run_after=None
[2024-07-25T23:40:55.271+0000] {processor.py:183} INFO - Processing /home/airflow/.local/lib/python3.12/site-packages/airflow/example_dags/example_complex.py took 0.131 seconds
[2024-07-25T23:41:25.795+0000] {processor.py:161} INFO - Started process (PID=1667) to work on /home/airflow/.local/lib/python3.12/site-packages/airflow/example_dags/example_complex.py
[2024-07-25T23:41:25.796+0000] {processor.py:830} INFO - Processing file /home/airflow/.local/lib/python3.12/site-packages/airflow/example_dags/example_complex.py for tasks to queue
[2024-07-25T23:41:25.798+0000] {logging_mixin.py:188} INFO - [2024-07-25T23:41:25.798+0000] {dagbag.py:545} INFO - Filling up the DagBag from /home/airflow/.local/lib/python3.12/site-packages/airflow/example_dags/example_complex.py
[2024-07-25T23:41:25.808+0000] {processor.py:840} INFO - DAG(s) 'example_complex' retrieved from /home/airflow/.local/lib/python3.12/site-packages/airflow/example_dags/example_complex.py
[2024-07-25T23:41:25.837+0000] {logging_mixin.py:188} INFO - [2024-07-25T23:41:25.837+0000] {dag.py:3089} INFO - Sync 1 DAGs
[2024-07-25T23:41:25.846+0000] {logging_mixin.py:188} INFO - [2024-07-25T23:41:25.846+0000] {dag.py:3947} INFO - Setting next_dagrun for example_complex to None, run_after=None
[2024-07-25T23:41:25.860+0000] {processor.py:183} INFO - Processing /home/airflow/.local/lib/python3.12/site-packages/airflow/example_dags/example_complex.py took 0.070 seconds
[2024-07-25T23:41:56.647+0000] {processor.py:161} INFO - Started process (PID=1727) to work on /home/airflow/.local/lib/python3.12/site-packages/airflow/example_dags/example_complex.py
[2024-07-25T23:41:56.648+0000] {processor.py:830} INFO - Processing file /home/airflow/.local/lib/python3.12/site-packages/airflow/example_dags/example_complex.py for tasks to queue
[2024-07-25T23:41:56.650+0000] {logging_mixin.py:188} INFO - [2024-07-25T23:41:56.650+0000] {dagbag.py:545} INFO - Filling up the DagBag from /home/airflow/.local/lib/python3.12/site-packages/airflow/example_dags/example_complex.py
[2024-07-25T23:41:56.658+0000] {processor.py:840} INFO - DAG(s) 'example_complex' retrieved from /home/airflow/.local/lib/python3.12/site-packages/airflow/example_dags/example_complex.py
[2024-07-25T23:41:56.688+0000] {logging_mixin.py:188} INFO - [2024-07-25T23:41:56.688+0000] {dag.py:3089} INFO - Sync 1 DAGs
[2024-07-25T23:41:56.702+0000] {logging_mixin.py:188} INFO - [2024-07-25T23:41:56.702+0000] {dag.py:3947} INFO - Setting next_dagrun for example_complex to None, run_after=None
[2024-07-25T23:41:56.718+0000] {processor.py:183} INFO - Processing /home/airflow/.local/lib/python3.12/site-packages/airflow/example_dags/example_complex.py took 0.077 seconds
[2024-07-25T23:42:26.756+0000] {processor.py:161} INFO - Started process (PID=1787) to work on /home/airflow/.local/lib/python3.12/site-packages/airflow/example_dags/example_complex.py
[2024-07-25T23:42:26.758+0000] {processor.py:830} INFO - Processing file /home/airflow/.local/lib/python3.12/site-packages/airflow/example_dags/example_complex.py for tasks to queue
[2024-07-25T23:42:26.760+0000] {logging_mixin.py:188} INFO - [2024-07-25T23:42:26.760+0000] {dagbag.py:545} INFO - Filling up the DagBag from /home/airflow/.local/lib/python3.12/site-packages/airflow/example_dags/example_complex.py
[2024-07-25T23:42:26.768+0000] {processor.py:840} INFO - DAG(s) 'example_complex' retrieved from /home/airflow/.local/lib/python3.12/site-packages/airflow/example_dags/example_complex.py
[2024-07-25T23:42:26.791+0000] {logging_mixin.py:188} INFO - [2024-07-25T23:42:26.791+0000] {dag.py:3089} INFO - Sync 1 DAGs
[2024-07-25T23:42:26.803+0000] {logging_mixin.py:188} INFO - [2024-07-25T23:42:26.803+0000] {dag.py:3947} INFO - Setting next_dagrun for example_complex to None, run_after=None
[2024-07-25T23:42:26.821+0000] {processor.py:183} INFO - Processing /home/airflow/.local/lib/python3.12/site-packages/airflow/example_dags/example_complex.py took 0.069 seconds
[2024-07-25T23:42:57.945+0000] {processor.py:161} INFO - Started process (PID=1845) to work on /home/airflow/.local/lib/python3.12/site-packages/airflow/example_dags/example_complex.py
[2024-07-25T23:42:57.948+0000] {processor.py:830} INFO - Processing file /home/airflow/.local/lib/python3.12/site-packages/airflow/example_dags/example_complex.py for tasks to queue
[2024-07-25T23:42:57.952+0000] {logging_mixin.py:188} INFO - [2024-07-25T23:42:57.951+0000] {dagbag.py:545} INFO - Filling up the DagBag from /home/airflow/.local/lib/python3.12/site-packages/airflow/example_dags/example_complex.py
[2024-07-25T23:42:57.969+0000] {processor.py:840} INFO - DAG(s) 'example_complex' retrieved from /home/airflow/.local/lib/python3.12/site-packages/airflow/example_dags/example_complex.py
[2024-07-25T23:42:58.005+0000] {logging_mixin.py:188} INFO - [2024-07-25T23:42:58.004+0000] {dag.py:3089} INFO - Sync 1 DAGs
[2024-07-25T23:42:58.027+0000] {logging_mixin.py:188} INFO - [2024-07-25T23:42:58.026+0000] {dag.py:3947} INFO - Setting next_dagrun for example_complex to None, run_after=None
[2024-07-25T23:42:58.426+0000] {processor.py:183} INFO - Processing /home/airflow/.local/lib/python3.12/site-packages/airflow/example_dags/example_complex.py took 0.494 seconds
[2024-07-25T23:43:29.286+0000] {processor.py:161} INFO - Started process (PID=1905) to work on /home/airflow/.local/lib/python3.12/site-packages/airflow/example_dags/example_complex.py
[2024-07-25T23:43:29.287+0000] {processor.py:830} INFO - Processing file /home/airflow/.local/lib/python3.12/site-packages/airflow/example_dags/example_complex.py for tasks to queue
[2024-07-25T23:43:29.289+0000] {logging_mixin.py:188} INFO - [2024-07-25T23:43:29.289+0000] {dagbag.py:545} INFO - Filling up the DagBag from /home/airflow/.local/lib/python3.12/site-packages/airflow/example_dags/example_complex.py
[2024-07-25T23:43:29.297+0000] {processor.py:840} INFO - DAG(s) 'example_complex' retrieved from /home/airflow/.local/lib/python3.12/site-packages/airflow/example_dags/example_complex.py
[2024-07-25T23:43:29.320+0000] {logging_mixin.py:188} INFO - [2024-07-25T23:43:29.320+0000] {dag.py:3089} INFO - Sync 1 DAGs
[2024-07-25T23:43:29.328+0000] {logging_mixin.py:188} INFO - [2024-07-25T23:43:29.328+0000] {dag.py:3947} INFO - Setting next_dagrun for example_complex to None, run_after=None
[2024-07-25T23:43:29.344+0000] {processor.py:183} INFO - Processing /home/airflow/.local/lib/python3.12/site-packages/airflow/example_dags/example_complex.py took 0.062 seconds
[2024-07-25T23:43:59.525+0000] {processor.py:161} INFO - Started process (PID=1965) to work on /home/airflow/.local/lib/python3.12/site-packages/airflow/example_dags/example_complex.py
[2024-07-25T23:43:59.526+0000] {processor.py:830} INFO - Processing file /home/airflow/.local/lib/python3.12/site-packages/airflow/example_dags/example_complex.py for tasks to queue
[2024-07-25T23:43:59.528+0000] {logging_mixin.py:188} INFO - [2024-07-25T23:43:59.527+0000] {dagbag.py:545} INFO - Filling up the DagBag from /home/airflow/.local/lib/python3.12/site-packages/airflow/example_dags/example_complex.py
[2024-07-25T23:43:59.538+0000] {processor.py:840} INFO - DAG(s) 'example_complex' retrieved from /home/airflow/.local/lib/python3.12/site-packages/airflow/example_dags/example_complex.py
[2024-07-25T23:43:59.560+0000] {logging_mixin.py:188} INFO - [2024-07-25T23:43:59.559+0000] {dag.py:3089} INFO - Sync 1 DAGs
[2024-07-25T23:43:59.575+0000] {logging_mixin.py:188} INFO - [2024-07-25T23:43:59.575+0000] {dag.py:3947} INFO - Setting next_dagrun for example_complex to None, run_after=None
[2024-07-25T23:43:59.591+0000] {processor.py:183} INFO - Processing /home/airflow/.local/lib/python3.12/site-packages/airflow/example_dags/example_complex.py took 0.070 seconds
[2024-07-25T23:44:30.550+0000] {processor.py:161} INFO - Started process (PID=2024) to work on /home/airflow/.local/lib/python3.12/site-packages/airflow/example_dags/example_complex.py
[2024-07-25T23:44:30.552+0000] {processor.py:830} INFO - Processing file /home/airflow/.local/lib/python3.12/site-packages/airflow/example_dags/example_complex.py for tasks to queue
[2024-07-25T23:44:30.555+0000] {logging_mixin.py:188} INFO - [2024-07-25T23:44:30.554+0000] {dagbag.py:545} INFO - Filling up the DagBag from /home/airflow/.local/lib/python3.12/site-packages/airflow/example_dags/example_complex.py
[2024-07-25T23:44:30.566+0000] {processor.py:840} INFO - DAG(s) 'example_complex' retrieved from /home/airflow/.local/lib/python3.12/site-packages/airflow/example_dags/example_complex.py
[2024-07-25T23:44:30.598+0000] {logging_mixin.py:188} INFO - [2024-07-25T23:44:30.598+0000] {dag.py:3089} INFO - Sync 1 DAGs
[2024-07-25T23:44:30.608+0000] {logging_mixin.py:188} INFO - [2024-07-25T23:44:30.608+0000] {dag.py:3947} INFO - Setting next_dagrun for example_complex to None, run_after=None
[2024-07-25T23:44:30.627+0000] {processor.py:183} INFO - Processing /home/airflow/.local/lib/python3.12/site-packages/airflow/example_dags/example_complex.py took 0.085 seconds
[2024-07-25T23:45:01.361+0000] {processor.py:161} INFO - Started process (PID=2084) to work on /home/airflow/.local/lib/python3.12/site-packages/airflow/example_dags/example_complex.py
[2024-07-25T23:45:01.363+0000] {processor.py:830} INFO - Processing file /home/airflow/.local/lib/python3.12/site-packages/airflow/example_dags/example_complex.py for tasks to queue
[2024-07-25T23:45:01.365+0000] {logging_mixin.py:188} INFO - [2024-07-25T23:45:01.364+0000] {dagbag.py:545} INFO - Filling up the DagBag from /home/airflow/.local/lib/python3.12/site-packages/airflow/example_dags/example_complex.py
[2024-07-25T23:45:01.377+0000] {processor.py:840} INFO - DAG(s) 'example_complex' retrieved from /home/airflow/.local/lib/python3.12/site-packages/airflow/example_dags/example_complex.py
[2024-07-25T23:45:01.407+0000] {logging_mixin.py:188} INFO - [2024-07-25T23:45:01.407+0000] {dag.py:3089} INFO - Sync 1 DAGs
[2024-07-25T23:45:01.418+0000] {logging_mixin.py:188} INFO - [2024-07-25T23:45:01.417+0000] {dag.py:3947} INFO - Setting next_dagrun for example_complex to None, run_after=None
[2024-07-25T23:45:01.436+0000] {processor.py:183} INFO - Processing /home/airflow/.local/lib/python3.12/site-packages/airflow/example_dags/example_complex.py took 0.082 seconds
[2024-07-25T23:45:32.385+0000] {processor.py:161} INFO - Started process (PID=2144) to work on /home/airflow/.local/lib/python3.12/site-packages/airflow/example_dags/example_complex.py
[2024-07-25T23:45:32.387+0000] {processor.py:830} INFO - Processing file /home/airflow/.local/lib/python3.12/site-packages/airflow/example_dags/example_complex.py for tasks to queue
[2024-07-25T23:45:32.388+0000] {logging_mixin.py:188} INFO - [2024-07-25T23:45:32.388+0000] {dagbag.py:545} INFO - Filling up the DagBag from /home/airflow/.local/lib/python3.12/site-packages/airflow/example_dags/example_complex.py
[2024-07-25T23:45:32.397+0000] {processor.py:840} INFO - DAG(s) 'example_complex' retrieved from /home/airflow/.local/lib/python3.12/site-packages/airflow/example_dags/example_complex.py
[2024-07-25T23:45:32.422+0000] {logging_mixin.py:188} INFO - [2024-07-25T23:45:32.422+0000] {dag.py:3089} INFO - Sync 1 DAGs
[2024-07-25T23:45:32.431+0000] {logging_mixin.py:188} INFO - [2024-07-25T23:45:32.431+0000] {dag.py:3947} INFO - Setting next_dagrun for example_complex to None, run_after=None
[2024-07-25T23:45:32.450+0000] {processor.py:183} INFO - Processing /home/airflow/.local/lib/python3.12/site-packages/airflow/example_dags/example_complex.py took 0.072 seconds
[2024-07-25T23:46:03.216+0000] {processor.py:161} INFO - Started process (PID=2204) to work on /home/airflow/.local/lib/python3.12/site-packages/airflow/example_dags/example_complex.py
[2024-07-25T23:46:03.219+0000] {processor.py:830} INFO - Processing file /home/airflow/.local/lib/python3.12/site-packages/airflow/example_dags/example_complex.py for tasks to queue
[2024-07-25T23:46:03.222+0000] {logging_mixin.py:188} INFO - [2024-07-25T23:46:03.221+0000] {dagbag.py:545} INFO - Filling up the DagBag from /home/airflow/.local/lib/python3.12/site-packages/airflow/example_dags/example_complex.py
[2024-07-25T23:46:03.231+0000] {processor.py:840} INFO - DAG(s) 'example_complex' retrieved from /home/airflow/.local/lib/python3.12/site-packages/airflow/example_dags/example_complex.py
[2024-07-25T23:46:03.260+0000] {logging_mixin.py:188} INFO - [2024-07-25T23:46:03.259+0000] {dag.py:3089} INFO - Sync 1 DAGs
[2024-07-25T23:46:03.268+0000] {logging_mixin.py:188} INFO - [2024-07-25T23:46:03.268+0000] {dag.py:3947} INFO - Setting next_dagrun for example_complex to None, run_after=None
[2024-07-25T23:46:03.284+0000] {processor.py:183} INFO - Processing /home/airflow/.local/lib/python3.12/site-packages/airflow/example_dags/example_complex.py took 0.076 seconds
[2024-07-25T23:46:33.621+0000] {processor.py:161} INFO - Started process (PID=2264) to work on /home/airflow/.local/lib/python3.12/site-packages/airflow/example_dags/example_complex.py
[2024-07-25T23:46:33.623+0000] {processor.py:830} INFO - Processing file /home/airflow/.local/lib/python3.12/site-packages/airflow/example_dags/example_complex.py for tasks to queue
[2024-07-25T23:46:33.625+0000] {logging_mixin.py:188} INFO - [2024-07-25T23:46:33.625+0000] {dagbag.py:545} INFO - Filling up the DagBag from /home/airflow/.local/lib/python3.12/site-packages/airflow/example_dags/example_complex.py
[2024-07-25T23:46:33.634+0000] {processor.py:840} INFO - DAG(s) 'example_complex' retrieved from /home/airflow/.local/lib/python3.12/site-packages/airflow/example_dags/example_complex.py
[2024-07-25T23:46:33.667+0000] {logging_mixin.py:188} INFO - [2024-07-25T23:46:33.667+0000] {dag.py:3089} INFO - Sync 1 DAGs
[2024-07-25T23:46:33.678+0000] {logging_mixin.py:188} INFO - [2024-07-25T23:46:33.678+0000] {dag.py:3947} INFO - Setting next_dagrun for example_complex to None, run_after=None
[2024-07-25T23:46:33.698+0000] {processor.py:183} INFO - Processing /home/airflow/.local/lib/python3.12/site-packages/airflow/example_dags/example_complex.py took 0.084 seconds
[2024-07-25T23:47:03.816+0000] {processor.py:161} INFO - Started process (PID=2324) to work on /home/airflow/.local/lib/python3.12/site-packages/airflow/example_dags/example_complex.py
[2024-07-25T23:47:03.817+0000] {processor.py:830} INFO - Processing file /home/airflow/.local/lib/python3.12/site-packages/airflow/example_dags/example_complex.py for tasks to queue
[2024-07-25T23:47:03.819+0000] {logging_mixin.py:188} INFO - [2024-07-25T23:47:03.818+0000] {dagbag.py:545} INFO - Filling up the DagBag from /home/airflow/.local/lib/python3.12/site-packages/airflow/example_dags/example_complex.py
[2024-07-25T23:47:03.830+0000] {processor.py:840} INFO - DAG(s) 'example_complex' retrieved from /home/airflow/.local/lib/python3.12/site-packages/airflow/example_dags/example_complex.py
[2024-07-25T23:47:03.859+0000] {logging_mixin.py:188} INFO - [2024-07-25T23:47:03.858+0000] {dag.py:3089} INFO - Sync 1 DAGs
[2024-07-25T23:47:03.871+0000] {logging_mixin.py:188} INFO - [2024-07-25T23:47:03.871+0000] {dag.py:3947} INFO - Setting next_dagrun for example_complex to None, run_after=None
[2024-07-25T23:47:03.887+0000] {processor.py:183} INFO - Processing /home/airflow/.local/lib/python3.12/site-packages/airflow/example_dags/example_complex.py took 0.078 seconds
[2024-07-25T23:47:34.436+0000] {processor.py:161} INFO - Started process (PID=2384) to work on /home/airflow/.local/lib/python3.12/site-packages/airflow/example_dags/example_complex.py
[2024-07-25T23:47:34.437+0000] {processor.py:830} INFO - Processing file /home/airflow/.local/lib/python3.12/site-packages/airflow/example_dags/example_complex.py for tasks to queue
[2024-07-25T23:47:34.439+0000] {logging_mixin.py:188} INFO - [2024-07-25T23:47:34.439+0000] {dagbag.py:545} INFO - Filling up the DagBag from /home/airflow/.local/lib/python3.12/site-packages/airflow/example_dags/example_complex.py
[2024-07-25T23:47:34.449+0000] {processor.py:840} INFO - DAG(s) 'example_complex' retrieved from /home/airflow/.local/lib/python3.12/site-packages/airflow/example_dags/example_complex.py
[2024-07-25T23:47:34.485+0000] {logging_mixin.py:188} INFO - [2024-07-25T23:47:34.485+0000] {dag.py:3089} INFO - Sync 1 DAGs
[2024-07-25T23:47:34.499+0000] {logging_mixin.py:188} INFO - [2024-07-25T23:47:34.498+0000] {dag.py:3947} INFO - Setting next_dagrun for example_complex to None, run_after=None
[2024-07-25T23:47:34.519+0000] {processor.py:183} INFO - Processing /home/airflow/.local/lib/python3.12/site-packages/airflow/example_dags/example_complex.py took 0.090 seconds
[2024-07-25T23:48:04.605+0000] {processor.py:161} INFO - Started process (PID=2443) to work on /home/airflow/.local/lib/python3.12/site-packages/airflow/example_dags/example_complex.py
[2024-07-25T23:48:04.607+0000] {processor.py:830} INFO - Processing file /home/airflow/.local/lib/python3.12/site-packages/airflow/example_dags/example_complex.py for tasks to queue
[2024-07-25T23:48:04.609+0000] {logging_mixin.py:188} INFO - [2024-07-25T23:48:04.608+0000] {dagbag.py:545} INFO - Filling up the DagBag from /home/airflow/.local/lib/python3.12/site-packages/airflow/example_dags/example_complex.py
[2024-07-25T23:48:04.618+0000] {processor.py:840} INFO - DAG(s) 'example_complex' retrieved from /home/airflow/.local/lib/python3.12/site-packages/airflow/example_dags/example_complex.py
[2024-07-25T23:48:04.646+0000] {logging_mixin.py:188} INFO - [2024-07-25T23:48:04.646+0000] {dag.py:3089} INFO - Sync 1 DAGs
[2024-07-25T23:48:04.660+0000] {logging_mixin.py:188} INFO - [2024-07-25T23:48:04.660+0000] {dag.py:3947} INFO - Setting next_dagrun for example_complex to None, run_after=None
[2024-07-25T23:48:04.683+0000] {processor.py:183} INFO - Processing /home/airflow/.local/lib/python3.12/site-packages/airflow/example_dags/example_complex.py took 0.083 seconds
[2024-07-25T23:48:34.803+0000] {processor.py:161} INFO - Started process (PID=2503) to work on /home/airflow/.local/lib/python3.12/site-packages/airflow/example_dags/example_complex.py
[2024-07-25T23:48:34.805+0000] {processor.py:830} INFO - Processing file /home/airflow/.local/lib/python3.12/site-packages/airflow/example_dags/example_complex.py for tasks to queue
[2024-07-25T23:48:34.807+0000] {logging_mixin.py:188} INFO - [2024-07-25T23:48:34.807+0000] {dagbag.py:545} INFO - Filling up the DagBag from /home/airflow/.local/lib/python3.12/site-packages/airflow/example_dags/example_complex.py
[2024-07-25T23:48:34.818+0000] {processor.py:840} INFO - DAG(s) 'example_complex' retrieved from /home/airflow/.local/lib/python3.12/site-packages/airflow/example_dags/example_complex.py
[2024-07-25T23:48:34.845+0000] {logging_mixin.py:188} INFO - [2024-07-25T23:48:34.845+0000] {dag.py:3089} INFO - Sync 1 DAGs
[2024-07-25T23:48:34.855+0000] {logging_mixin.py:188} INFO - [2024-07-25T23:48:34.855+0000] {dag.py:3947} INFO - Setting next_dagrun for example_complex to None, run_after=None
[2024-07-25T23:48:34.873+0000] {processor.py:183} INFO - Processing /home/airflow/.local/lib/python3.12/site-packages/airflow/example_dags/example_complex.py took 0.078 seconds
[2024-07-25T23:49:05.198+0000] {processor.py:161} INFO - Started process (PID=2563) to work on /home/airflow/.local/lib/python3.12/site-packages/airflow/example_dags/example_complex.py
[2024-07-25T23:49:05.201+0000] {processor.py:830} INFO - Processing file /home/airflow/.local/lib/python3.12/site-packages/airflow/example_dags/example_complex.py for tasks to queue
[2024-07-25T23:49:05.203+0000] {logging_mixin.py:188} INFO - [2024-07-25T23:49:05.203+0000] {dagbag.py:545} INFO - Filling up the DagBag from /home/airflow/.local/lib/python3.12/site-packages/airflow/example_dags/example_complex.py
[2024-07-25T23:49:05.218+0000] {processor.py:840} INFO - DAG(s) 'example_complex' retrieved from /home/airflow/.local/lib/python3.12/site-packages/airflow/example_dags/example_complex.py
[2024-07-25T23:49:05.252+0000] {logging_mixin.py:188} INFO - [2024-07-25T23:49:05.251+0000] {dag.py:3089} INFO - Sync 1 DAGs
[2024-07-25T23:49:05.264+0000] {logging_mixin.py:188} INFO - [2024-07-25T23:49:05.264+0000] {dag.py:3947} INFO - Setting next_dagrun for example_complex to None, run_after=None
[2024-07-25T23:49:05.287+0000] {processor.py:183} INFO - Processing /home/airflow/.local/lib/python3.12/site-packages/airflow/example_dags/example_complex.py took 0.098 seconds
[2024-07-25T23:49:35.415+0000] {processor.py:161} INFO - Started process (PID=2623) to work on /home/airflow/.local/lib/python3.12/site-packages/airflow/example_dags/example_complex.py
[2024-07-25T23:49:35.417+0000] {processor.py:830} INFO - Processing file /home/airflow/.local/lib/python3.12/site-packages/airflow/example_dags/example_complex.py for tasks to queue
[2024-07-25T23:49:35.420+0000] {logging_mixin.py:188} INFO - [2024-07-25T23:49:35.420+0000] {dagbag.py:545} INFO - Filling up the DagBag from /home/airflow/.local/lib/python3.12/site-packages/airflow/example_dags/example_complex.py
[2024-07-25T23:49:35.429+0000] {processor.py:840} INFO - DAG(s) 'example_complex' retrieved from /home/airflow/.local/lib/python3.12/site-packages/airflow/example_dags/example_complex.py
[2024-07-25T23:49:35.457+0000] {logging_mixin.py:188} INFO - [2024-07-25T23:49:35.457+0000] {dag.py:3089} INFO - Sync 1 DAGs
[2024-07-25T23:49:35.466+0000] {logging_mixin.py:188} INFO - [2024-07-25T23:49:35.466+0000] {dag.py:3947} INFO - Setting next_dagrun for example_complex to None, run_after=None
[2024-07-25T23:49:35.478+0000] {processor.py:183} INFO - Processing /home/airflow/.local/lib/python3.12/site-packages/airflow/example_dags/example_complex.py took 0.071 seconds
[2024-07-25T23:50:05.670+0000] {processor.py:161} INFO - Started process (PID=2682) to work on /home/airflow/.local/lib/python3.12/site-packages/airflow/example_dags/example_complex.py
[2024-07-25T23:50:05.676+0000] {processor.py:830} INFO - Processing file /home/airflow/.local/lib/python3.12/site-packages/airflow/example_dags/example_complex.py for tasks to queue
[2024-07-25T23:50:05.691+0000] {logging_mixin.py:188} INFO - [2024-07-25T23:50:05.688+0000] {dagbag.py:545} INFO - Filling up the DagBag from /home/airflow/.local/lib/python3.12/site-packages/airflow/example_dags/example_complex.py
[2024-07-25T23:50:05.723+0000] {processor.py:840} INFO - DAG(s) 'example_complex' retrieved from /home/airflow/.local/lib/python3.12/site-packages/airflow/example_dags/example_complex.py
[2024-07-25T23:50:05.766+0000] {logging_mixin.py:188} INFO - [2024-07-25T23:50:05.766+0000] {dag.py:3089} INFO - Sync 1 DAGs
[2024-07-25T23:50:05.779+0000] {logging_mixin.py:188} INFO - [2024-07-25T23:50:05.778+0000] {dag.py:3947} INFO - Setting next_dagrun for example_complex to None, run_after=None
[2024-07-25T23:50:05.797+0000] {processor.py:183} INFO - Processing /home/airflow/.local/lib/python3.12/site-packages/airflow/example_dags/example_complex.py took 0.140 seconds
[2024-07-25T23:50:35.853+0000] {processor.py:161} INFO - Started process (PID=2742) to work on /home/airflow/.local/lib/python3.12/site-packages/airflow/example_dags/example_complex.py
[2024-07-25T23:50:35.856+0000] {processor.py:830} INFO - Processing file /home/airflow/.local/lib/python3.12/site-packages/airflow/example_dags/example_complex.py for tasks to queue
[2024-07-25T23:50:35.859+0000] {logging_mixin.py:188} INFO - [2024-07-25T23:50:35.859+0000] {dagbag.py:545} INFO - Filling up the DagBag from /home/airflow/.local/lib/python3.12/site-packages/airflow/example_dags/example_complex.py
[2024-07-25T23:50:35.873+0000] {processor.py:840} INFO - DAG(s) 'example_complex' retrieved from /home/airflow/.local/lib/python3.12/site-packages/airflow/example_dags/example_complex.py
[2024-07-25T23:50:35.910+0000] {logging_mixin.py:188} INFO - [2024-07-25T23:50:35.909+0000] {dag.py:3089} INFO - Sync 1 DAGs
[2024-07-25T23:50:35.927+0000] {logging_mixin.py:188} INFO - [2024-07-25T23:50:35.926+0000] {dag.py:3947} INFO - Setting next_dagrun for example_complex to None, run_after=None
[2024-07-25T23:50:35.945+0000] {processor.py:183} INFO - Processing /home/airflow/.local/lib/python3.12/site-packages/airflow/example_dags/example_complex.py took 0.101 seconds
[2024-07-25T23:51:06.403+0000] {processor.py:161} INFO - Started process (PID=2802) to work on /home/airflow/.local/lib/python3.12/site-packages/airflow/example_dags/example_complex.py
[2024-07-25T23:51:06.406+0000] {processor.py:830} INFO - Processing file /home/airflow/.local/lib/python3.12/site-packages/airflow/example_dags/example_complex.py for tasks to queue
[2024-07-25T23:51:06.408+0000] {logging_mixin.py:188} INFO - [2024-07-25T23:51:06.408+0000] {dagbag.py:545} INFO - Filling up the DagBag from /home/airflow/.local/lib/python3.12/site-packages/airflow/example_dags/example_complex.py
[2024-07-25T23:51:06.420+0000] {processor.py:840} INFO - DAG(s) 'example_complex' retrieved from /home/airflow/.local/lib/python3.12/site-packages/airflow/example_dags/example_complex.py
[2024-07-25T23:51:06.462+0000] {logging_mixin.py:188} INFO - [2024-07-25T23:51:06.462+0000] {dag.py:3089} INFO - Sync 1 DAGs
[2024-07-25T23:51:06.476+0000] {logging_mixin.py:188} INFO - [2024-07-25T23:51:06.476+0000] {dag.py:3947} INFO - Setting next_dagrun for example_complex to None, run_after=None
[2024-07-25T23:51:06.494+0000] {processor.py:183} INFO - Processing /home/airflow/.local/lib/python3.12/site-packages/airflow/example_dags/example_complex.py took 0.098 seconds
[2024-07-25T23:51:38.457+0000] {processor.py:161} INFO - Started process (PID=2868) to work on /home/airflow/.local/lib/python3.12/site-packages/airflow/example_dags/example_complex.py
[2024-07-25T23:51:38.458+0000] {processor.py:830} INFO - Processing file /home/airflow/.local/lib/python3.12/site-packages/airflow/example_dags/example_complex.py for tasks to queue
[2024-07-25T23:51:38.461+0000] {logging_mixin.py:188} INFO - [2024-07-25T23:51:38.461+0000] {dagbag.py:545} INFO - Filling up the DagBag from /home/airflow/.local/lib/python3.12/site-packages/airflow/example_dags/example_complex.py
[2024-07-25T23:51:38.475+0000] {processor.py:840} INFO - DAG(s) 'example_complex' retrieved from /home/airflow/.local/lib/python3.12/site-packages/airflow/example_dags/example_complex.py
[2024-07-25T23:51:38.515+0000] {logging_mixin.py:188} INFO - [2024-07-25T23:51:38.515+0000] {dag.py:3089} INFO - Sync 1 DAGs
[2024-07-25T23:51:38.529+0000] {logging_mixin.py:188} INFO - [2024-07-25T23:51:38.529+0000] {dag.py:3947} INFO - Setting next_dagrun for example_complex to None, run_after=None
[2024-07-25T23:51:38.548+0000] {processor.py:183} INFO - Processing /home/airflow/.local/lib/python3.12/site-packages/airflow/example_dags/example_complex.py took 0.105 seconds
[2024-07-25T23:52:08.843+0000] {processor.py:161} INFO - Started process (PID=2927) to work on /home/airflow/.local/lib/python3.12/site-packages/airflow/example_dags/example_complex.py
[2024-07-25T23:52:08.844+0000] {processor.py:830} INFO - Processing file /home/airflow/.local/lib/python3.12/site-packages/airflow/example_dags/example_complex.py for tasks to queue
[2024-07-25T23:52:08.846+0000] {logging_mixin.py:188} INFO - [2024-07-25T23:52:08.845+0000] {dagbag.py:545} INFO - Filling up the DagBag from /home/airflow/.local/lib/python3.12/site-packages/airflow/example_dags/example_complex.py
[2024-07-25T23:52:08.854+0000] {processor.py:840} INFO - DAG(s) 'example_complex' retrieved from /home/airflow/.local/lib/python3.12/site-packages/airflow/example_dags/example_complex.py
[2024-07-25T23:52:08.886+0000] {logging_mixin.py:188} INFO - [2024-07-25T23:52:08.885+0000] {dag.py:3089} INFO - Sync 1 DAGs
[2024-07-25T23:52:08.896+0000] {logging_mixin.py:188} INFO - [2024-07-25T23:52:08.896+0000] {dag.py:3947} INFO - Setting next_dagrun for example_complex to None, run_after=None
[2024-07-25T23:52:08.917+0000] {processor.py:183} INFO - Processing /home/airflow/.local/lib/python3.12/site-packages/airflow/example_dags/example_complex.py took 0.078 seconds
[2024-07-25T23:52:39.230+0000] {processor.py:161} INFO - Started process (PID=2986) to work on /home/airflow/.local/lib/python3.12/site-packages/airflow/example_dags/example_complex.py
[2024-07-25T23:52:39.235+0000] {processor.py:830} INFO - Processing file /home/airflow/.local/lib/python3.12/site-packages/airflow/example_dags/example_complex.py for tasks to queue
[2024-07-25T23:52:39.239+0000] {logging_mixin.py:188} INFO - [2024-07-25T23:52:39.239+0000] {dagbag.py:545} INFO - Filling up the DagBag from /home/airflow/.local/lib/python3.12/site-packages/airflow/example_dags/example_complex.py
[2024-07-25T23:52:39.256+0000] {processor.py:840} INFO - DAG(s) 'example_complex' retrieved from /home/airflow/.local/lib/python3.12/site-packages/airflow/example_dags/example_complex.py
[2024-07-25T23:52:39.615+0000] {logging_mixin.py:188} INFO - [2024-07-25T23:52:39.614+0000] {dag.py:3089} INFO - Sync 1 DAGs
[2024-07-25T23:52:40.444+0000] {logging_mixin.py:188} INFO - [2024-07-25T23:52:40.442+0000] {dag.py:3947} INFO - Setting next_dagrun for example_complex to None, run_after=None
[2024-07-25T23:52:40.738+0000] {processor.py:183} INFO - Processing /home/airflow/.local/lib/python3.12/site-packages/airflow/example_dags/example_complex.py took 1.518 seconds
[2024-07-25T23:53:11.241+0000] {processor.py:161} INFO - Started process (PID=3045) to work on /home/airflow/.local/lib/python3.12/site-packages/airflow/example_dags/example_complex.py
[2024-07-25T23:53:11.244+0000] {processor.py:830} INFO - Processing file /home/airflow/.local/lib/python3.12/site-packages/airflow/example_dags/example_complex.py for tasks to queue
[2024-07-25T23:53:11.252+0000] {logging_mixin.py:188} INFO - [2024-07-25T23:53:11.251+0000] {dagbag.py:545} INFO - Filling up the DagBag from /home/airflow/.local/lib/python3.12/site-packages/airflow/example_dags/example_complex.py
[2024-07-25T23:53:11.274+0000] {processor.py:840} INFO - DAG(s) 'example_complex' retrieved from /home/airflow/.local/lib/python3.12/site-packages/airflow/example_dags/example_complex.py
[2024-07-25T23:53:11.339+0000] {logging_mixin.py:188} INFO - [2024-07-25T23:53:11.338+0000] {dag.py:3089} INFO - Sync 1 DAGs
[2024-07-25T23:53:11.356+0000] {logging_mixin.py:188} INFO - [2024-07-25T23:53:11.356+0000] {dag.py:3947} INFO - Setting next_dagrun for example_complex to None, run_after=None
[2024-07-25T23:53:11.379+0000] {processor.py:183} INFO - Processing /home/airflow/.local/lib/python3.12/site-packages/airflow/example_dags/example_complex.py took 0.174 seconds
[2024-07-25T23:53:41.841+0000] {processor.py:161} INFO - Started process (PID=3105) to work on /home/airflow/.local/lib/python3.12/site-packages/airflow/example_dags/example_complex.py
[2024-07-25T23:53:41.843+0000] {processor.py:830} INFO - Processing file /home/airflow/.local/lib/python3.12/site-packages/airflow/example_dags/example_complex.py for tasks to queue
[2024-07-25T23:53:41.847+0000] {logging_mixin.py:188} INFO - [2024-07-25T23:53:41.847+0000] {dagbag.py:545} INFO - Filling up the DagBag from /home/airflow/.local/lib/python3.12/site-packages/airflow/example_dags/example_complex.py
[2024-07-25T23:53:41.874+0000] {processor.py:840} INFO - DAG(s) 'example_complex' retrieved from /home/airflow/.local/lib/python3.12/site-packages/airflow/example_dags/example_complex.py
[2024-07-25T23:53:41.912+0000] {logging_mixin.py:188} INFO - [2024-07-25T23:53:41.912+0000] {dag.py:3089} INFO - Sync 1 DAGs
[2024-07-25T23:53:41.931+0000] {logging_mixin.py:188} INFO - [2024-07-25T23:53:41.931+0000] {dag.py:3947} INFO - Setting next_dagrun for example_complex to None, run_after=None
[2024-07-25T23:53:41.950+0000] {processor.py:183} INFO - Processing /home/airflow/.local/lib/python3.12/site-packages/airflow/example_dags/example_complex.py took 0.119 seconds
[2024-07-25T23:54:12.031+0000] {processor.py:161} INFO - Started process (PID=3165) to work on /home/airflow/.local/lib/python3.12/site-packages/airflow/example_dags/example_complex.py
[2024-07-25T23:54:12.033+0000] {processor.py:830} INFO - Processing file /home/airflow/.local/lib/python3.12/site-packages/airflow/example_dags/example_complex.py for tasks to queue
[2024-07-25T23:54:12.035+0000] {logging_mixin.py:188} INFO - [2024-07-25T23:54:12.035+0000] {dagbag.py:545} INFO - Filling up the DagBag from /home/airflow/.local/lib/python3.12/site-packages/airflow/example_dags/example_complex.py
[2024-07-25T23:54:12.046+0000] {processor.py:840} INFO - DAG(s) 'example_complex' retrieved from /home/airflow/.local/lib/python3.12/site-packages/airflow/example_dags/example_complex.py
[2024-07-25T23:54:12.081+0000] {logging_mixin.py:188} INFO - [2024-07-25T23:54:12.081+0000] {dag.py:3089} INFO - Sync 1 DAGs
[2024-07-25T23:54:12.113+0000] {logging_mixin.py:188} INFO - [2024-07-25T23:54:12.112+0000] {dag.py:3947} INFO - Setting next_dagrun for example_complex to None, run_after=None
[2024-07-25T23:54:12.132+0000] {processor.py:183} INFO - Processing /home/airflow/.local/lib/python3.12/site-packages/airflow/example_dags/example_complex.py took 0.110 seconds
[2024-07-25T23:54:42.265+0000] {processor.py:161} INFO - Started process (PID=3224) to work on /home/airflow/.local/lib/python3.12/site-packages/airflow/example_dags/example_complex.py
[2024-07-25T23:54:42.273+0000] {processor.py:830} INFO - Processing file /home/airflow/.local/lib/python3.12/site-packages/airflow/example_dags/example_complex.py for tasks to queue
[2024-07-25T23:54:42.283+0000] {logging_mixin.py:188} INFO - [2024-07-25T23:54:42.281+0000] {dagbag.py:545} INFO - Filling up the DagBag from /home/airflow/.local/lib/python3.12/site-packages/airflow/example_dags/example_complex.py
[2024-07-25T23:54:42.309+0000] {processor.py:840} INFO - DAG(s) 'example_complex' retrieved from /home/airflow/.local/lib/python3.12/site-packages/airflow/example_dags/example_complex.py
[2024-07-25T23:54:42.354+0000] {logging_mixin.py:188} INFO - [2024-07-25T23:54:42.354+0000] {dag.py:3089} INFO - Sync 1 DAGs
[2024-07-25T23:54:42.374+0000] {logging_mixin.py:188} INFO - [2024-07-25T23:54:42.374+0000] {dag.py:3947} INFO - Setting next_dagrun for example_complex to None, run_after=None
[2024-07-25T23:54:42.397+0000] {processor.py:183} INFO - Processing /home/airflow/.local/lib/python3.12/site-packages/airflow/example_dags/example_complex.py took 0.177 seconds
