[2024-07-25T23:17:25.135+0000] {processor.py:161} INFO - Started process (PID=106) to work on /home/airflow/.local/lib/python3.12/site-packages/airflow/example_dags/example_short_circuit_operator.py
[2024-07-25T23:17:25.136+0000] {processor.py:830} INFO - Processing file /home/airflow/.local/lib/python3.12/site-packages/airflow/example_dags/example_short_circuit_operator.py for tasks to queue
[2024-07-25T23:17:25.138+0000] {logging_mixin.py:188} INFO - [2024-07-25T23:17:25.137+0000] {dagbag.py:545} INFO - Filling up the DagBag from /home/airflow/.local/lib/python3.12/site-packages/airflow/example_dags/example_short_circuit_operator.py
[2024-07-25T23:17:25.143+0000] {processor.py:840} INFO - DAG(s) 'example_short_circuit_operator' retrieved from /home/airflow/.local/lib/python3.12/site-packages/airflow/example_dags/example_short_circuit_operator.py
[2024-07-25T23:17:25.156+0000] {logging_mixin.py:188} INFO - [2024-07-25T23:17:25.156+0000] {dag.py:3089} INFO - Sync 1 DAGs
[2024-07-25T23:17:25.181+0000] {logging_mixin.py:188} INFO - [2024-07-25T23:17:25.181+0000] {dag.py:3947} INFO - Setting next_dagrun for example_short_circuit_operator to 2024-07-24 00:00:00+00:00, run_after=2024-07-25 00:00:00+00:00
[2024-07-25T23:17:25.203+0000] {processor.py:183} INFO - Processing /home/airflow/.local/lib/python3.12/site-packages/airflow/example_dags/example_short_circuit_operator.py took 0.073 seconds
[2024-07-25T23:17:55.766+0000] {processor.py:161} INFO - Started process (PID=166) to work on /home/airflow/.local/lib/python3.12/site-packages/airflow/example_dags/example_short_circuit_operator.py
[2024-07-25T23:17:55.767+0000] {processor.py:830} INFO - Processing file /home/airflow/.local/lib/python3.12/site-packages/airflow/example_dags/example_short_circuit_operator.py for tasks to queue
[2024-07-25T23:17:55.769+0000] {logging_mixin.py:188} INFO - [2024-07-25T23:17:55.769+0000] {dagbag.py:545} INFO - Filling up the DagBag from /home/airflow/.local/lib/python3.12/site-packages/airflow/example_dags/example_short_circuit_operator.py
[2024-07-25T23:17:55.777+0000] {processor.py:840} INFO - DAG(s) 'example_short_circuit_operator' retrieved from /home/airflow/.local/lib/python3.12/site-packages/airflow/example_dags/example_short_circuit_operator.py
[2024-07-25T23:17:55.851+0000] {logging_mixin.py:188} INFO - [2024-07-25T23:17:55.851+0000] {dag.py:3089} INFO - Sync 1 DAGs
[2024-07-25T23:17:55.871+0000] {logging_mixin.py:188} INFO - [2024-07-25T23:17:55.871+0000] {dag.py:3947} INFO - Setting next_dagrun for example_short_circuit_operator to 2024-07-24 00:00:00+00:00, run_after=2024-07-25 00:00:00+00:00
[2024-07-25T23:17:55.883+0000] {processor.py:183} INFO - Processing /home/airflow/.local/lib/python3.12/site-packages/airflow/example_dags/example_short_circuit_operator.py took 0.122 seconds
[2024-07-25T23:18:26.205+0000] {processor.py:161} INFO - Started process (PID=226) to work on /home/airflow/.local/lib/python3.12/site-packages/airflow/example_dags/example_short_circuit_operator.py
[2024-07-25T23:18:26.207+0000] {processor.py:830} INFO - Processing file /home/airflow/.local/lib/python3.12/site-packages/airflow/example_dags/example_short_circuit_operator.py for tasks to queue
[2024-07-25T23:18:26.208+0000] {logging_mixin.py:188} INFO - [2024-07-25T23:18:26.208+0000] {dagbag.py:545} INFO - Filling up the DagBag from /home/airflow/.local/lib/python3.12/site-packages/airflow/example_dags/example_short_circuit_operator.py
[2024-07-25T23:18:26.213+0000] {processor.py:840} INFO - DAG(s) 'example_short_circuit_operator' retrieved from /home/airflow/.local/lib/python3.12/site-packages/airflow/example_dags/example_short_circuit_operator.py
[2024-07-25T23:18:26.229+0000] {logging_mixin.py:188} INFO - [2024-07-25T23:18:26.228+0000] {dag.py:3089} INFO - Sync 1 DAGs
[2024-07-25T23:18:26.245+0000] {logging_mixin.py:188} INFO - [2024-07-25T23:18:26.244+0000] {dag.py:3947} INFO - Setting next_dagrun for example_short_circuit_operator to 2024-07-24 00:00:00+00:00, run_after=2024-07-25 00:00:00+00:00
[2024-07-25T23:18:26.260+0000] {processor.py:183} INFO - Processing /home/airflow/.local/lib/python3.12/site-packages/airflow/example_dags/example_short_circuit_operator.py took 0.059 seconds
[2024-07-25T23:18:56.973+0000] {processor.py:161} INFO - Started process (PID=286) to work on /home/airflow/.local/lib/python3.12/site-packages/airflow/example_dags/example_short_circuit_operator.py
[2024-07-25T23:18:56.974+0000] {processor.py:830} INFO - Processing file /home/airflow/.local/lib/python3.12/site-packages/airflow/example_dags/example_short_circuit_operator.py for tasks to queue
[2024-07-25T23:18:56.977+0000] {logging_mixin.py:188} INFO - [2024-07-25T23:18:56.977+0000] {dagbag.py:545} INFO - Filling up the DagBag from /home/airflow/.local/lib/python3.12/site-packages/airflow/example_dags/example_short_circuit_operator.py
[2024-07-25T23:18:56.982+0000] {processor.py:840} INFO - DAG(s) 'example_short_circuit_operator' retrieved from /home/airflow/.local/lib/python3.12/site-packages/airflow/example_dags/example_short_circuit_operator.py
[2024-07-25T23:18:56.998+0000] {logging_mixin.py:188} INFO - [2024-07-25T23:18:56.998+0000] {dag.py:3089} INFO - Sync 1 DAGs
[2024-07-25T23:18:57.014+0000] {logging_mixin.py:188} INFO - [2024-07-25T23:18:57.014+0000] {dag.py:3947} INFO - Setting next_dagrun for example_short_circuit_operator to 2024-07-24 00:00:00+00:00, run_after=2024-07-25 00:00:00+00:00
[2024-07-25T23:18:57.029+0000] {processor.py:183} INFO - Processing /home/airflow/.local/lib/python3.12/site-packages/airflow/example_dags/example_short_circuit_operator.py took 0.060 seconds
[2024-07-25T23:19:27.954+0000] {processor.py:161} INFO - Started process (PID=346) to work on /home/airflow/.local/lib/python3.12/site-packages/airflow/example_dags/example_short_circuit_operator.py
[2024-07-25T23:19:27.955+0000] {processor.py:830} INFO - Processing file /home/airflow/.local/lib/python3.12/site-packages/airflow/example_dags/example_short_circuit_operator.py for tasks to queue
[2024-07-25T23:19:27.957+0000] {logging_mixin.py:188} INFO - [2024-07-25T23:19:27.957+0000] {dagbag.py:545} INFO - Filling up the DagBag from /home/airflow/.local/lib/python3.12/site-packages/airflow/example_dags/example_short_circuit_operator.py
[2024-07-25T23:19:27.962+0000] {processor.py:840} INFO - DAG(s) 'example_short_circuit_operator' retrieved from /home/airflow/.local/lib/python3.12/site-packages/airflow/example_dags/example_short_circuit_operator.py
[2024-07-25T23:19:27.982+0000] {logging_mixin.py:188} INFO - [2024-07-25T23:19:27.982+0000] {dag.py:3089} INFO - Sync 1 DAGs
[2024-07-25T23:19:27.997+0000] {logging_mixin.py:188} INFO - [2024-07-25T23:19:27.997+0000] {dag.py:3947} INFO - Setting next_dagrun for example_short_circuit_operator to 2024-07-24 00:00:00+00:00, run_after=2024-07-25 00:00:00+00:00
[2024-07-25T23:19:28.011+0000] {processor.py:183} INFO - Processing /home/airflow/.local/lib/python3.12/site-packages/airflow/example_dags/example_short_circuit_operator.py took 0.061 seconds
[2024-07-25T23:19:59.608+0000] {processor.py:161} INFO - Started process (PID=406) to work on /home/airflow/.local/lib/python3.12/site-packages/airflow/example_dags/example_short_circuit_operator.py
[2024-07-25T23:19:59.609+0000] {processor.py:830} INFO - Processing file /home/airflow/.local/lib/python3.12/site-packages/airflow/example_dags/example_short_circuit_operator.py for tasks to queue
[2024-07-25T23:19:59.610+0000] {logging_mixin.py:188} INFO - [2024-07-25T23:19:59.610+0000] {dagbag.py:545} INFO - Filling up the DagBag from /home/airflow/.local/lib/python3.12/site-packages/airflow/example_dags/example_short_circuit_operator.py
[2024-07-25T23:19:59.618+0000] {processor.py:840} INFO - DAG(s) 'example_short_circuit_operator' retrieved from /home/airflow/.local/lib/python3.12/site-packages/airflow/example_dags/example_short_circuit_operator.py
[2024-07-25T23:19:59.646+0000] {logging_mixin.py:188} INFO - [2024-07-25T23:19:59.646+0000] {dag.py:3089} INFO - Sync 1 DAGs
[2024-07-25T23:19:59.671+0000] {logging_mixin.py:188} INFO - [2024-07-25T23:19:59.670+0000] {dag.py:3947} INFO - Setting next_dagrun for example_short_circuit_operator to 2024-07-24 00:00:00+00:00, run_after=2024-07-25 00:00:00+00:00
[2024-07-25T23:19:59.696+0000] {processor.py:183} INFO - Processing /home/airflow/.local/lib/python3.12/site-packages/airflow/example_dags/example_short_circuit_operator.py took 0.094 seconds
[2024-07-25T23:20:30.017+0000] {processor.py:161} INFO - Started process (PID=466) to work on /home/airflow/.local/lib/python3.12/site-packages/airflow/example_dags/example_short_circuit_operator.py
[2024-07-25T23:20:30.019+0000] {processor.py:830} INFO - Processing file /home/airflow/.local/lib/python3.12/site-packages/airflow/example_dags/example_short_circuit_operator.py for tasks to queue
[2024-07-25T23:20:30.024+0000] {logging_mixin.py:188} INFO - [2024-07-25T23:20:30.023+0000] {dagbag.py:545} INFO - Filling up the DagBag from /home/airflow/.local/lib/python3.12/site-packages/airflow/example_dags/example_short_circuit_operator.py
[2024-07-25T23:20:30.065+0000] {processor.py:840} INFO - DAG(s) 'example_short_circuit_operator' retrieved from /home/airflow/.local/lib/python3.12/site-packages/airflow/example_dags/example_short_circuit_operator.py
[2024-07-25T23:20:30.146+0000] {logging_mixin.py:188} INFO - [2024-07-25T23:20:30.146+0000] {dag.py:3089} INFO - Sync 1 DAGs
[2024-07-25T23:20:30.174+0000] {logging_mixin.py:188} INFO - [2024-07-25T23:20:30.174+0000] {dag.py:3947} INFO - Setting next_dagrun for example_short_circuit_operator to 2024-07-24 00:00:00+00:00, run_after=2024-07-25 00:00:00+00:00
[2024-07-25T23:20:30.192+0000] {processor.py:183} INFO - Processing /home/airflow/.local/lib/python3.12/site-packages/airflow/example_dags/example_short_circuit_operator.py took 0.184 seconds
[2024-07-25T23:21:01.653+0000] {processor.py:161} INFO - Started process (PID=526) to work on /home/airflow/.local/lib/python3.12/site-packages/airflow/example_dags/example_short_circuit_operator.py
[2024-07-25T23:21:01.657+0000] {processor.py:830} INFO - Processing file /home/airflow/.local/lib/python3.12/site-packages/airflow/example_dags/example_short_circuit_operator.py for tasks to queue
[2024-07-25T23:21:01.660+0000] {logging_mixin.py:188} INFO - [2024-07-25T23:21:01.660+0000] {dagbag.py:545} INFO - Filling up the DagBag from /home/airflow/.local/lib/python3.12/site-packages/airflow/example_dags/example_short_circuit_operator.py
[2024-07-25T23:21:01.671+0000] {processor.py:840} INFO - DAG(s) 'example_short_circuit_operator' retrieved from /home/airflow/.local/lib/python3.12/site-packages/airflow/example_dags/example_short_circuit_operator.py
[2024-07-25T23:21:01.712+0000] {logging_mixin.py:188} INFO - [2024-07-25T23:21:01.712+0000] {dag.py:3089} INFO - Sync 1 DAGs
[2024-07-25T23:21:01.747+0000] {logging_mixin.py:188} INFO - [2024-07-25T23:21:01.746+0000] {dag.py:3947} INFO - Setting next_dagrun for example_short_circuit_operator to 2024-07-24 00:00:00+00:00, run_after=2024-07-25 00:00:00+00:00
[2024-07-25T23:21:01.774+0000] {processor.py:183} INFO - Processing /home/airflow/.local/lib/python3.12/site-packages/airflow/example_dags/example_short_circuit_operator.py took 0.126 seconds
[2024-07-25T23:21:32.364+0000] {processor.py:161} INFO - Started process (PID=586) to work on /home/airflow/.local/lib/python3.12/site-packages/airflow/example_dags/example_short_circuit_operator.py
[2024-07-25T23:21:32.366+0000] {processor.py:830} INFO - Processing file /home/airflow/.local/lib/python3.12/site-packages/airflow/example_dags/example_short_circuit_operator.py for tasks to queue
[2024-07-25T23:21:32.369+0000] {logging_mixin.py:188} INFO - [2024-07-25T23:21:32.368+0000] {dagbag.py:545} INFO - Filling up the DagBag from /home/airflow/.local/lib/python3.12/site-packages/airflow/example_dags/example_short_circuit_operator.py
[2024-07-25T23:21:32.377+0000] {processor.py:840} INFO - DAG(s) 'example_short_circuit_operator' retrieved from /home/airflow/.local/lib/python3.12/site-packages/airflow/example_dags/example_short_circuit_operator.py
[2024-07-25T23:21:32.395+0000] {logging_mixin.py:188} INFO - [2024-07-25T23:21:32.395+0000] {dag.py:3089} INFO - Sync 1 DAGs
[2024-07-25T23:21:32.416+0000] {logging_mixin.py:188} INFO - [2024-07-25T23:21:32.416+0000] {dag.py:3947} INFO - Setting next_dagrun for example_short_circuit_operator to 2024-07-24 00:00:00+00:00, run_after=2024-07-25 00:00:00+00:00
[2024-07-25T23:21:32.439+0000] {processor.py:183} INFO - Processing /home/airflow/.local/lib/python3.12/site-packages/airflow/example_dags/example_short_circuit_operator.py took 0.082 seconds
[2024-07-25T23:22:02.825+0000] {processor.py:161} INFO - Started process (PID=645) to work on /home/airflow/.local/lib/python3.12/site-packages/airflow/example_dags/example_short_circuit_operator.py
[2024-07-25T23:22:02.826+0000] {processor.py:830} INFO - Processing file /home/airflow/.local/lib/python3.12/site-packages/airflow/example_dags/example_short_circuit_operator.py for tasks to queue
[2024-07-25T23:22:02.827+0000] {logging_mixin.py:188} INFO - [2024-07-25T23:22:02.827+0000] {dagbag.py:545} INFO - Filling up the DagBag from /home/airflow/.local/lib/python3.12/site-packages/airflow/example_dags/example_short_circuit_operator.py
[2024-07-25T23:22:02.833+0000] {processor.py:840} INFO - DAG(s) 'example_short_circuit_operator' retrieved from /home/airflow/.local/lib/python3.12/site-packages/airflow/example_dags/example_short_circuit_operator.py
[2024-07-25T23:22:02.850+0000] {logging_mixin.py:188} INFO - [2024-07-25T23:22:02.850+0000] {dag.py:3089} INFO - Sync 1 DAGs
[2024-07-25T23:22:02.869+0000] {logging_mixin.py:188} INFO - [2024-07-25T23:22:02.869+0000] {dag.py:3947} INFO - Setting next_dagrun for example_short_circuit_operator to 2024-07-24 00:00:00+00:00, run_after=2024-07-25 00:00:00+00:00
[2024-07-25T23:22:02.894+0000] {processor.py:183} INFO - Processing /home/airflow/.local/lib/python3.12/site-packages/airflow/example_dags/example_short_circuit_operator.py took 0.073 seconds
[2024-07-25T23:22:33.674+0000] {processor.py:161} INFO - Started process (PID=704) to work on /home/airflow/.local/lib/python3.12/site-packages/airflow/example_dags/example_short_circuit_operator.py
[2024-07-25T23:22:33.674+0000] {processor.py:830} INFO - Processing file /home/airflow/.local/lib/python3.12/site-packages/airflow/example_dags/example_short_circuit_operator.py for tasks to queue
[2024-07-25T23:22:33.676+0000] {logging_mixin.py:188} INFO - [2024-07-25T23:22:33.675+0000] {dagbag.py:545} INFO - Filling up the DagBag from /home/airflow/.local/lib/python3.12/site-packages/airflow/example_dags/example_short_circuit_operator.py
[2024-07-25T23:22:33.680+0000] {processor.py:840} INFO - DAG(s) 'example_short_circuit_operator' retrieved from /home/airflow/.local/lib/python3.12/site-packages/airflow/example_dags/example_short_circuit_operator.py
[2024-07-25T23:22:33.695+0000] {logging_mixin.py:188} INFO - [2024-07-25T23:22:33.695+0000] {dag.py:3089} INFO - Sync 1 DAGs
[2024-07-25T23:22:33.708+0000] {logging_mixin.py:188} INFO - [2024-07-25T23:22:33.708+0000] {dag.py:3947} INFO - Setting next_dagrun for example_short_circuit_operator to 2024-07-24 00:00:00+00:00, run_after=2024-07-25 00:00:00+00:00
[2024-07-25T23:22:33.720+0000] {processor.py:183} INFO - Processing /home/airflow/.local/lib/python3.12/site-packages/airflow/example_dags/example_short_circuit_operator.py took 0.050 seconds
[2024-07-25T23:23:04.160+0000] {processor.py:161} INFO - Started process (PID=764) to work on /home/airflow/.local/lib/python3.12/site-packages/airflow/example_dags/example_short_circuit_operator.py
[2024-07-25T23:23:04.161+0000] {processor.py:830} INFO - Processing file /home/airflow/.local/lib/python3.12/site-packages/airflow/example_dags/example_short_circuit_operator.py for tasks to queue
[2024-07-25T23:23:04.165+0000] {logging_mixin.py:188} INFO - [2024-07-25T23:23:04.165+0000] {dagbag.py:545} INFO - Filling up the DagBag from /home/airflow/.local/lib/python3.12/site-packages/airflow/example_dags/example_short_circuit_operator.py
[2024-07-25T23:23:04.170+0000] {processor.py:840} INFO - DAG(s) 'example_short_circuit_operator' retrieved from /home/airflow/.local/lib/python3.12/site-packages/airflow/example_dags/example_short_circuit_operator.py
[2024-07-25T23:23:04.193+0000] {logging_mixin.py:188} INFO - [2024-07-25T23:23:04.192+0000] {dag.py:3089} INFO - Sync 1 DAGs
[2024-07-25T23:23:04.212+0000] {logging_mixin.py:188} INFO - [2024-07-25T23:23:04.212+0000] {dag.py:3947} INFO - Setting next_dagrun for example_short_circuit_operator to 2024-07-24 00:00:00+00:00, run_after=2024-07-25 00:00:00+00:00
[2024-07-25T23:23:04.228+0000] {processor.py:183} INFO - Processing /home/airflow/.local/lib/python3.12/site-packages/airflow/example_dags/example_short_circuit_operator.py took 0.072 seconds
[2024-07-25T23:23:34.917+0000] {processor.py:161} INFO - Started process (PID=824) to work on /home/airflow/.local/lib/python3.12/site-packages/airflow/example_dags/example_short_circuit_operator.py
[2024-07-25T23:23:34.918+0000] {processor.py:830} INFO - Processing file /home/airflow/.local/lib/python3.12/site-packages/airflow/example_dags/example_short_circuit_operator.py for tasks to queue
[2024-07-25T23:23:34.923+0000] {logging_mixin.py:188} INFO - [2024-07-25T23:23:34.923+0000] {dagbag.py:545} INFO - Filling up the DagBag from /home/airflow/.local/lib/python3.12/site-packages/airflow/example_dags/example_short_circuit_operator.py
[2024-07-25T23:23:34.931+0000] {processor.py:840} INFO - DAG(s) 'example_short_circuit_operator' retrieved from /home/airflow/.local/lib/python3.12/site-packages/airflow/example_dags/example_short_circuit_operator.py
[2024-07-25T23:23:34.953+0000] {logging_mixin.py:188} INFO - [2024-07-25T23:23:34.953+0000] {dag.py:3089} INFO - Sync 1 DAGs
[2024-07-25T23:23:34.970+0000] {logging_mixin.py:188} INFO - [2024-07-25T23:23:34.969+0000] {dag.py:3947} INFO - Setting next_dagrun for example_short_circuit_operator to 2024-07-24 00:00:00+00:00, run_after=2024-07-25 00:00:00+00:00
[2024-07-25T23:23:35.034+0000] {processor.py:183} INFO - Processing /home/airflow/.local/lib/python3.12/site-packages/airflow/example_dags/example_short_circuit_operator.py took 0.122 seconds
[2024-07-25T23:24:12.283+0000] {processor.py:161} INFO - Started process (PID=890) to work on /home/airflow/.local/lib/python3.12/site-packages/airflow/example_dags/example_short_circuit_operator.py
[2024-07-25T23:24:12.288+0000] {processor.py:830} INFO - Processing file /home/airflow/.local/lib/python3.12/site-packages/airflow/example_dags/example_short_circuit_operator.py for tasks to queue
[2024-07-25T23:24:12.294+0000] {logging_mixin.py:188} INFO - [2024-07-25T23:24:12.293+0000] {dagbag.py:545} INFO - Filling up the DagBag from /home/airflow/.local/lib/python3.12/site-packages/airflow/example_dags/example_short_circuit_operator.py
[2024-07-25T23:24:12.330+0000] {processor.py:840} INFO - DAG(s) 'example_short_circuit_operator' retrieved from /home/airflow/.local/lib/python3.12/site-packages/airflow/example_dags/example_short_circuit_operator.py
[2024-07-25T23:24:12.417+0000] {logging_mixin.py:188} INFO - [2024-07-25T23:24:12.415+0000] {dag.py:3089} INFO - Sync 1 DAGs
[2024-07-25T23:24:12.481+0000] {logging_mixin.py:188} INFO - [2024-07-25T23:24:12.479+0000] {dag.py:3947} INFO - Setting next_dagrun for example_short_circuit_operator to 2024-07-24 00:00:00+00:00, run_after=2024-07-25 00:00:00+00:00
[2024-07-25T23:24:12.570+0000] {processor.py:183} INFO - Processing /home/airflow/.local/lib/python3.12/site-packages/airflow/example_dags/example_short_circuit_operator.py took 0.329 seconds
[2024-07-25T23:24:43.252+0000] {processor.py:161} INFO - Started process (PID=950) to work on /home/airflow/.local/lib/python3.12/site-packages/airflow/example_dags/example_short_circuit_operator.py
[2024-07-25T23:24:43.252+0000] {processor.py:830} INFO - Processing file /home/airflow/.local/lib/python3.12/site-packages/airflow/example_dags/example_short_circuit_operator.py for tasks to queue
[2024-07-25T23:24:43.254+0000] {logging_mixin.py:188} INFO - [2024-07-25T23:24:43.253+0000] {dagbag.py:545} INFO - Filling up the DagBag from /home/airflow/.local/lib/python3.12/site-packages/airflow/example_dags/example_short_circuit_operator.py
[2024-07-25T23:24:43.259+0000] {processor.py:840} INFO - DAG(s) 'example_short_circuit_operator' retrieved from /home/airflow/.local/lib/python3.12/site-packages/airflow/example_dags/example_short_circuit_operator.py
[2024-07-25T23:24:43.273+0000] {logging_mixin.py:188} INFO - [2024-07-25T23:24:43.273+0000] {dag.py:3089} INFO - Sync 1 DAGs
[2024-07-25T23:24:43.288+0000] {logging_mixin.py:188} INFO - [2024-07-25T23:24:43.287+0000] {dag.py:3947} INFO - Setting next_dagrun for example_short_circuit_operator to 2024-07-24 00:00:00+00:00, run_after=2024-07-25 00:00:00+00:00
[2024-07-25T23:24:43.299+0000] {processor.py:183} INFO - Processing /home/airflow/.local/lib/python3.12/site-packages/airflow/example_dags/example_short_circuit_operator.py took 0.052 seconds
[2024-07-25T23:25:13.859+0000] {processor.py:161} INFO - Started process (PID=1010) to work on /home/airflow/.local/lib/python3.12/site-packages/airflow/example_dags/example_short_circuit_operator.py
[2024-07-25T23:25:13.861+0000] {processor.py:830} INFO - Processing file /home/airflow/.local/lib/python3.12/site-packages/airflow/example_dags/example_short_circuit_operator.py for tasks to queue
[2024-07-25T23:25:13.863+0000] {logging_mixin.py:188} INFO - [2024-07-25T23:25:13.862+0000] {dagbag.py:545} INFO - Filling up the DagBag from /home/airflow/.local/lib/python3.12/site-packages/airflow/example_dags/example_short_circuit_operator.py
[2024-07-25T23:25:13.871+0000] {processor.py:840} INFO - DAG(s) 'example_short_circuit_operator' retrieved from /home/airflow/.local/lib/python3.12/site-packages/airflow/example_dags/example_short_circuit_operator.py
[2024-07-25T23:25:13.899+0000] {logging_mixin.py:188} INFO - [2024-07-25T23:25:13.899+0000] {dag.py:3089} INFO - Sync 1 DAGs
[2024-07-25T23:25:13.924+0000] {logging_mixin.py:188} INFO - [2024-07-25T23:25:13.923+0000] {dag.py:3947} INFO - Setting next_dagrun for example_short_circuit_operator to 2024-07-24 00:00:00+00:00, run_after=2024-07-25 00:00:00+00:00
[2024-07-25T23:25:13.943+0000] {processor.py:183} INFO - Processing /home/airflow/.local/lib/python3.12/site-packages/airflow/example_dags/example_short_circuit_operator.py took 0.089 seconds
[2024-07-25T23:28:05.236+0000] {processor.py:161} INFO - Started process (PID=116) to work on /home/airflow/.local/lib/python3.12/site-packages/airflow/example_dags/example_short_circuit_operator.py
[2024-07-25T23:28:05.239+0000] {processor.py:830} INFO - Processing file /home/airflow/.local/lib/python3.12/site-packages/airflow/example_dags/example_short_circuit_operator.py for tasks to queue
[2024-07-25T23:28:05.243+0000] {logging_mixin.py:188} INFO - [2024-07-25T23:28:05.243+0000] {dagbag.py:545} INFO - Filling up the DagBag from /home/airflow/.local/lib/python3.12/site-packages/airflow/example_dags/example_short_circuit_operator.py
[2024-07-25T23:28:05.258+0000] {processor.py:840} INFO - DAG(s) 'example_short_circuit_operator' retrieved from /home/airflow/.local/lib/python3.12/site-packages/airflow/example_dags/example_short_circuit_operator.py
[2024-07-25T23:28:05.433+0000] {logging_mixin.py:188} INFO - [2024-07-25T23:28:05.432+0000] {dag.py:3089} INFO - Sync 1 DAGs
[2024-07-25T23:28:05.471+0000] {logging_mixin.py:188} INFO - [2024-07-25T23:28:05.471+0000] {dag.py:3947} INFO - Setting next_dagrun for example_short_circuit_operator to 2024-07-24 00:00:00+00:00, run_after=2024-07-25 00:00:00+00:00
[2024-07-25T23:28:05.517+0000] {processor.py:183} INFO - Processing /home/airflow/.local/lib/python3.12/site-packages/airflow/example_dags/example_short_circuit_operator.py took 0.289 seconds
[2024-07-25T23:28:35.691+0000] {processor.py:161} INFO - Started process (PID=176) to work on /home/airflow/.local/lib/python3.12/site-packages/airflow/example_dags/example_short_circuit_operator.py
[2024-07-25T23:28:35.692+0000] {processor.py:830} INFO - Processing file /home/airflow/.local/lib/python3.12/site-packages/airflow/example_dags/example_short_circuit_operator.py for tasks to queue
[2024-07-25T23:28:35.693+0000] {logging_mixin.py:188} INFO - [2024-07-25T23:28:35.693+0000] {dagbag.py:545} INFO - Filling up the DagBag from /home/airflow/.local/lib/python3.12/site-packages/airflow/example_dags/example_short_circuit_operator.py
[2024-07-25T23:28:35.699+0000] {processor.py:840} INFO - DAG(s) 'example_short_circuit_operator' retrieved from /home/airflow/.local/lib/python3.12/site-packages/airflow/example_dags/example_short_circuit_operator.py
[2024-07-25T23:28:35.725+0000] {logging_mixin.py:188} INFO - [2024-07-25T23:28:35.724+0000] {dag.py:3089} INFO - Sync 1 DAGs
[2024-07-25T23:28:35.743+0000] {logging_mixin.py:188} INFO - [2024-07-25T23:28:35.743+0000] {dag.py:3947} INFO - Setting next_dagrun for example_short_circuit_operator to 2024-07-24 00:00:00+00:00, run_after=2024-07-25 00:00:00+00:00
[2024-07-25T23:28:35.757+0000] {processor.py:183} INFO - Processing /home/airflow/.local/lib/python3.12/site-packages/airflow/example_dags/example_short_circuit_operator.py took 0.070 seconds
[2024-07-25T23:29:08.133+0000] {processor.py:161} INFO - Started process (PID=237) to work on /home/airflow/.local/lib/python3.12/site-packages/airflow/example_dags/example_short_circuit_operator.py
[2024-07-25T23:29:08.136+0000] {processor.py:830} INFO - Processing file /home/airflow/.local/lib/python3.12/site-packages/airflow/example_dags/example_short_circuit_operator.py for tasks to queue
[2024-07-25T23:29:08.144+0000] {logging_mixin.py:188} INFO - [2024-07-25T23:29:08.142+0000] {dagbag.py:545} INFO - Filling up the DagBag from /home/airflow/.local/lib/python3.12/site-packages/airflow/example_dags/example_short_circuit_operator.py
[2024-07-25T23:29:08.171+0000] {processor.py:840} INFO - DAG(s) 'example_short_circuit_operator' retrieved from /home/airflow/.local/lib/python3.12/site-packages/airflow/example_dags/example_short_circuit_operator.py
[2024-07-25T23:29:08.233+0000] {logging_mixin.py:188} INFO - [2024-07-25T23:29:08.233+0000] {dag.py:3089} INFO - Sync 1 DAGs
[2024-07-25T23:29:08.282+0000] {logging_mixin.py:188} INFO - [2024-07-25T23:29:08.281+0000] {dag.py:3947} INFO - Setting next_dagrun for example_short_circuit_operator to 2024-07-24 00:00:00+00:00, run_after=2024-07-25 00:00:00+00:00
[2024-07-25T23:29:08.338+0000] {processor.py:183} INFO - Processing /home/airflow/.local/lib/python3.12/site-packages/airflow/example_dags/example_short_circuit_operator.py took 0.223 seconds
[2024-07-25T23:29:45.198+0000] {processor.py:161} INFO - Started process (PID=302) to work on /home/airflow/.local/lib/python3.12/site-packages/airflow/example_dags/example_short_circuit_operator.py
[2024-07-25T23:29:45.262+0000] {processor.py:830} INFO - Processing file /home/airflow/.local/lib/python3.12/site-packages/airflow/example_dags/example_short_circuit_operator.py for tasks to queue
[2024-07-25T23:29:45.348+0000] {logging_mixin.py:188} INFO - [2024-07-25T23:29:45.339+0000] {dagbag.py:545} INFO - Filling up the DagBag from /home/airflow/.local/lib/python3.12/site-packages/airflow/example_dags/example_short_circuit_operator.py
[2024-07-25T23:29:45.539+0000] {processor.py:840} INFO - DAG(s) 'example_short_circuit_operator' retrieved from /home/airflow/.local/lib/python3.12/site-packages/airflow/example_dags/example_short_circuit_operator.py
[2024-07-25T23:29:45.681+0000] {logging_mixin.py:188} INFO - [2024-07-25T23:29:45.681+0000] {dag.py:3089} INFO - Sync 1 DAGs
[2024-07-25T23:29:45.904+0000] {logging_mixin.py:188} INFO - [2024-07-25T23:29:45.903+0000] {dag.py:3947} INFO - Setting next_dagrun for example_short_circuit_operator to 2024-07-24 00:00:00+00:00, run_after=2024-07-25 00:00:00+00:00
[2024-07-25T23:29:46.039+0000] {processor.py:183} INFO - Processing /home/airflow/.local/lib/python3.12/site-packages/airflow/example_dags/example_short_circuit_operator.py took 1.075 seconds
[2024-07-25T23:30:16.681+0000] {processor.py:161} INFO - Started process (PID=362) to work on /home/airflow/.local/lib/python3.12/site-packages/airflow/example_dags/example_short_circuit_operator.py
[2024-07-25T23:30:16.715+0000] {processor.py:830} INFO - Processing file /home/airflow/.local/lib/python3.12/site-packages/airflow/example_dags/example_short_circuit_operator.py for tasks to queue
[2024-07-25T23:30:16.757+0000] {logging_mixin.py:188} INFO - [2024-07-25T23:30:16.755+0000] {dagbag.py:545} INFO - Filling up the DagBag from /home/airflow/.local/lib/python3.12/site-packages/airflow/example_dags/example_short_circuit_operator.py
[2024-07-25T23:30:16.883+0000] {processor.py:840} INFO - DAG(s) 'example_short_circuit_operator' retrieved from /home/airflow/.local/lib/python3.12/site-packages/airflow/example_dags/example_short_circuit_operator.py
[2024-07-25T23:30:17.712+0000] {logging_mixin.py:188} INFO - [2024-07-25T23:30:17.708+0000] {dag.py:3089} INFO - Sync 1 DAGs
[2024-07-25T23:30:17.919+0000] {logging_mixin.py:188} INFO - [2024-07-25T23:30:17.919+0000] {dag.py:3947} INFO - Setting next_dagrun for example_short_circuit_operator to 2024-07-24 00:00:00+00:00, run_after=2024-07-25 00:00:00+00:00
[2024-07-25T23:30:18.096+0000] {processor.py:183} INFO - Processing /home/airflow/.local/lib/python3.12/site-packages/airflow/example_dags/example_short_circuit_operator.py took 1.779 seconds
[2024-07-25T23:30:48.965+0000] {processor.py:161} INFO - Started process (PID=422) to work on /home/airflow/.local/lib/python3.12/site-packages/airflow/example_dags/example_short_circuit_operator.py
[2024-07-25T23:30:48.968+0000] {processor.py:830} INFO - Processing file /home/airflow/.local/lib/python3.12/site-packages/airflow/example_dags/example_short_circuit_operator.py for tasks to queue
[2024-07-25T23:30:48.977+0000] {logging_mixin.py:188} INFO - [2024-07-25T23:30:48.976+0000] {dagbag.py:545} INFO - Filling up the DagBag from /home/airflow/.local/lib/python3.12/site-packages/airflow/example_dags/example_short_circuit_operator.py
[2024-07-25T23:30:48.993+0000] {processor.py:840} INFO - DAG(s) 'example_short_circuit_operator' retrieved from /home/airflow/.local/lib/python3.12/site-packages/airflow/example_dags/example_short_circuit_operator.py
[2024-07-25T23:30:49.056+0000] {logging_mixin.py:188} INFO - [2024-07-25T23:30:49.056+0000] {dag.py:3089} INFO - Sync 1 DAGs
[2024-07-25T23:30:49.087+0000] {logging_mixin.py:188} INFO - [2024-07-25T23:30:49.087+0000] {dag.py:3947} INFO - Setting next_dagrun for example_short_circuit_operator to 2024-07-24 00:00:00+00:00, run_after=2024-07-25 00:00:00+00:00
[2024-07-25T23:30:49.116+0000] {processor.py:183} INFO - Processing /home/airflow/.local/lib/python3.12/site-packages/airflow/example_dags/example_short_circuit_operator.py took 0.163 seconds
[2024-07-25T23:31:19.265+0000] {processor.py:161} INFO - Started process (PID=482) to work on /home/airflow/.local/lib/python3.12/site-packages/airflow/example_dags/example_short_circuit_operator.py
[2024-07-25T23:31:19.270+0000] {processor.py:830} INFO - Processing file /home/airflow/.local/lib/python3.12/site-packages/airflow/example_dags/example_short_circuit_operator.py for tasks to queue
[2024-07-25T23:31:19.274+0000] {logging_mixin.py:188} INFO - [2024-07-25T23:31:19.273+0000] {dagbag.py:545} INFO - Filling up the DagBag from /home/airflow/.local/lib/python3.12/site-packages/airflow/example_dags/example_short_circuit_operator.py
[2024-07-25T23:31:19.303+0000] {processor.py:840} INFO - DAG(s) 'example_short_circuit_operator' retrieved from /home/airflow/.local/lib/python3.12/site-packages/airflow/example_dags/example_short_circuit_operator.py
[2024-07-25T23:31:19.346+0000] {logging_mixin.py:188} INFO - [2024-07-25T23:31:19.346+0000] {dag.py:3089} INFO - Sync 1 DAGs
[2024-07-25T23:31:19.399+0000] {logging_mixin.py:188} INFO - [2024-07-25T23:31:19.399+0000] {dag.py:3947} INFO - Setting next_dagrun for example_short_circuit_operator to 2024-07-24 00:00:00+00:00, run_after=2024-07-25 00:00:00+00:00
[2024-07-25T23:31:19.426+0000] {processor.py:183} INFO - Processing /home/airflow/.local/lib/python3.12/site-packages/airflow/example_dags/example_short_circuit_operator.py took 0.173 seconds
[2024-07-25T23:31:49.739+0000] {processor.py:161} INFO - Started process (PID=542) to work on /home/airflow/.local/lib/python3.12/site-packages/airflow/example_dags/example_short_circuit_operator.py
[2024-07-25T23:31:49.741+0000] {processor.py:830} INFO - Processing file /home/airflow/.local/lib/python3.12/site-packages/airflow/example_dags/example_short_circuit_operator.py for tasks to queue
[2024-07-25T23:31:49.752+0000] {logging_mixin.py:188} INFO - [2024-07-25T23:31:49.752+0000] {dagbag.py:545} INFO - Filling up the DagBag from /home/airflow/.local/lib/python3.12/site-packages/airflow/example_dags/example_short_circuit_operator.py
[2024-07-25T23:31:49.766+0000] {processor.py:840} INFO - DAG(s) 'example_short_circuit_operator' retrieved from /home/airflow/.local/lib/python3.12/site-packages/airflow/example_dags/example_short_circuit_operator.py
[2024-07-25T23:31:49.828+0000] {logging_mixin.py:188} INFO - [2024-07-25T23:31:49.827+0000] {dag.py:3089} INFO - Sync 1 DAGs
[2024-07-25T23:31:49.895+0000] {logging_mixin.py:188} INFO - [2024-07-25T23:31:49.894+0000] {dag.py:3947} INFO - Setting next_dagrun for example_short_circuit_operator to 2024-07-24 00:00:00+00:00, run_after=2024-07-25 00:00:00+00:00
[2024-07-25T23:31:49.927+0000] {processor.py:183} INFO - Processing /home/airflow/.local/lib/python3.12/site-packages/airflow/example_dags/example_short_circuit_operator.py took 0.198 seconds
[2024-07-25T23:32:20.495+0000] {processor.py:161} INFO - Started process (PID=602) to work on /home/airflow/.local/lib/python3.12/site-packages/airflow/example_dags/example_short_circuit_operator.py
[2024-07-25T23:32:20.498+0000] {processor.py:830} INFO - Processing file /home/airflow/.local/lib/python3.12/site-packages/airflow/example_dags/example_short_circuit_operator.py for tasks to queue
[2024-07-25T23:32:20.504+0000] {logging_mixin.py:188} INFO - [2024-07-25T23:32:20.503+0000] {dagbag.py:545} INFO - Filling up the DagBag from /home/airflow/.local/lib/python3.12/site-packages/airflow/example_dags/example_short_circuit_operator.py
[2024-07-25T23:32:20.515+0000] {processor.py:840} INFO - DAG(s) 'example_short_circuit_operator' retrieved from /home/airflow/.local/lib/python3.12/site-packages/airflow/example_dags/example_short_circuit_operator.py
[2024-07-25T23:32:20.561+0000] {logging_mixin.py:188} INFO - [2024-07-25T23:32:20.561+0000] {dag.py:3089} INFO - Sync 1 DAGs
[2024-07-25T23:32:20.599+0000] {logging_mixin.py:188} INFO - [2024-07-25T23:32:20.599+0000] {dag.py:3947} INFO - Setting next_dagrun for example_short_circuit_operator to 2024-07-24 00:00:00+00:00, run_after=2024-07-25 00:00:00+00:00
[2024-07-25T23:32:20.627+0000] {processor.py:183} INFO - Processing /home/airflow/.local/lib/python3.12/site-packages/airflow/example_dags/example_short_circuit_operator.py took 0.141 seconds
[2024-07-25T23:32:51.091+0000] {processor.py:161} INFO - Started process (PID=662) to work on /home/airflow/.local/lib/python3.12/site-packages/airflow/example_dags/example_short_circuit_operator.py
[2024-07-25T23:32:51.096+0000] {processor.py:830} INFO - Processing file /home/airflow/.local/lib/python3.12/site-packages/airflow/example_dags/example_short_circuit_operator.py for tasks to queue
[2024-07-25T23:32:51.100+0000] {logging_mixin.py:188} INFO - [2024-07-25T23:32:51.100+0000] {dagbag.py:545} INFO - Filling up the DagBag from /home/airflow/.local/lib/python3.12/site-packages/airflow/example_dags/example_short_circuit_operator.py
[2024-07-25T23:32:51.113+0000] {processor.py:840} INFO - DAG(s) 'example_short_circuit_operator' retrieved from /home/airflow/.local/lib/python3.12/site-packages/airflow/example_dags/example_short_circuit_operator.py
[2024-07-25T23:32:51.175+0000] {logging_mixin.py:188} INFO - [2024-07-25T23:32:51.174+0000] {dag.py:3089} INFO - Sync 1 DAGs
[2024-07-25T23:32:51.223+0000] {logging_mixin.py:188} INFO - [2024-07-25T23:32:51.223+0000] {dag.py:3947} INFO - Setting next_dagrun for example_short_circuit_operator to 2024-07-24 00:00:00+00:00, run_after=2024-07-25 00:00:00+00:00
[2024-07-25T23:32:51.251+0000] {processor.py:183} INFO - Processing /home/airflow/.local/lib/python3.12/site-packages/airflow/example_dags/example_short_circuit_operator.py took 0.195 seconds
[2024-07-25T23:33:21.745+0000] {processor.py:161} INFO - Started process (PID=722) to work on /home/airflow/.local/lib/python3.12/site-packages/airflow/example_dags/example_short_circuit_operator.py
[2024-07-25T23:33:21.753+0000] {processor.py:830} INFO - Processing file /home/airflow/.local/lib/python3.12/site-packages/airflow/example_dags/example_short_circuit_operator.py for tasks to queue
[2024-07-25T23:33:21.759+0000] {logging_mixin.py:188} INFO - [2024-07-25T23:33:21.758+0000] {dagbag.py:545} INFO - Filling up the DagBag from /home/airflow/.local/lib/python3.12/site-packages/airflow/example_dags/example_short_circuit_operator.py
[2024-07-25T23:33:21.770+0000] {processor.py:840} INFO - DAG(s) 'example_short_circuit_operator' retrieved from /home/airflow/.local/lib/python3.12/site-packages/airflow/example_dags/example_short_circuit_operator.py
[2024-07-25T23:33:21.804+0000] {logging_mixin.py:188} INFO - [2024-07-25T23:33:21.804+0000] {dag.py:3089} INFO - Sync 1 DAGs
[2024-07-25T23:33:21.833+0000] {logging_mixin.py:188} INFO - [2024-07-25T23:33:21.832+0000] {dag.py:3947} INFO - Setting next_dagrun for example_short_circuit_operator to 2024-07-24 00:00:00+00:00, run_after=2024-07-25 00:00:00+00:00
[2024-07-25T23:33:21.857+0000] {processor.py:183} INFO - Processing /home/airflow/.local/lib/python3.12/site-packages/airflow/example_dags/example_short_circuit_operator.py took 0.125 seconds
[2024-07-25T23:33:52.082+0000] {processor.py:161} INFO - Started process (PID=782) to work on /home/airflow/.local/lib/python3.12/site-packages/airflow/example_dags/example_short_circuit_operator.py
[2024-07-25T23:33:52.087+0000] {processor.py:830} INFO - Processing file /home/airflow/.local/lib/python3.12/site-packages/airflow/example_dags/example_short_circuit_operator.py for tasks to queue
[2024-07-25T23:33:52.092+0000] {logging_mixin.py:188} INFO - [2024-07-25T23:33:52.091+0000] {dagbag.py:545} INFO - Filling up the DagBag from /home/airflow/.local/lib/python3.12/site-packages/airflow/example_dags/example_short_circuit_operator.py
[2024-07-25T23:33:52.104+0000] {processor.py:840} INFO - DAG(s) 'example_short_circuit_operator' retrieved from /home/airflow/.local/lib/python3.12/site-packages/airflow/example_dags/example_short_circuit_operator.py
[2024-07-25T23:33:52.195+0000] {logging_mixin.py:188} INFO - [2024-07-25T23:33:52.195+0000] {dag.py:3089} INFO - Sync 1 DAGs
[2024-07-25T23:33:52.231+0000] {logging_mixin.py:188} INFO - [2024-07-25T23:33:52.231+0000] {dag.py:3947} INFO - Setting next_dagrun for example_short_circuit_operator to 2024-07-24 00:00:00+00:00, run_after=2024-07-25 00:00:00+00:00
[2024-07-25T23:33:52.256+0000] {processor.py:183} INFO - Processing /home/airflow/.local/lib/python3.12/site-packages/airflow/example_dags/example_short_circuit_operator.py took 0.191 seconds
[2024-07-25T23:34:22.370+0000] {processor.py:161} INFO - Started process (PID=842) to work on /home/airflow/.local/lib/python3.12/site-packages/airflow/example_dags/example_short_circuit_operator.py
[2024-07-25T23:34:22.372+0000] {processor.py:830} INFO - Processing file /home/airflow/.local/lib/python3.12/site-packages/airflow/example_dags/example_short_circuit_operator.py for tasks to queue
[2024-07-25T23:34:22.381+0000] {logging_mixin.py:188} INFO - [2024-07-25T23:34:22.380+0000] {dagbag.py:545} INFO - Filling up the DagBag from /home/airflow/.local/lib/python3.12/site-packages/airflow/example_dags/example_short_circuit_operator.py
[2024-07-25T23:34:22.409+0000] {processor.py:840} INFO - DAG(s) 'example_short_circuit_operator' retrieved from /home/airflow/.local/lib/python3.12/site-packages/airflow/example_dags/example_short_circuit_operator.py
[2024-07-25T23:34:22.460+0000] {logging_mixin.py:188} INFO - [2024-07-25T23:34:22.459+0000] {dag.py:3089} INFO - Sync 1 DAGs
[2024-07-25T23:34:22.487+0000] {logging_mixin.py:188} INFO - [2024-07-25T23:34:22.487+0000] {dag.py:3947} INFO - Setting next_dagrun for example_short_circuit_operator to 2024-07-24 00:00:00+00:00, run_after=2024-07-25 00:00:00+00:00
[2024-07-25T23:34:22.515+0000] {processor.py:183} INFO - Processing /home/airflow/.local/lib/python3.12/site-packages/airflow/example_dags/example_short_circuit_operator.py took 0.158 seconds
[2024-07-25T23:34:52.615+0000] {processor.py:161} INFO - Started process (PID=899) to work on /home/airflow/.local/lib/python3.12/site-packages/airflow/example_dags/example_short_circuit_operator.py
[2024-07-25T23:34:52.624+0000] {processor.py:830} INFO - Processing file /home/airflow/.local/lib/python3.12/site-packages/airflow/example_dags/example_short_circuit_operator.py for tasks to queue
[2024-07-25T23:34:52.633+0000] {logging_mixin.py:188} INFO - [2024-07-25T23:34:52.632+0000] {dagbag.py:545} INFO - Filling up the DagBag from /home/airflow/.local/lib/python3.12/site-packages/airflow/example_dags/example_short_circuit_operator.py
[2024-07-25T23:34:52.649+0000] {processor.py:840} INFO - DAG(s) 'example_short_circuit_operator' retrieved from /home/airflow/.local/lib/python3.12/site-packages/airflow/example_dags/example_short_circuit_operator.py
[2024-07-25T23:34:52.682+0000] {logging_mixin.py:188} INFO - [2024-07-25T23:34:52.682+0000] {dag.py:3089} INFO - Sync 1 DAGs
[2024-07-25T23:34:52.713+0000] {logging_mixin.py:188} INFO - [2024-07-25T23:34:52.713+0000] {dag.py:3947} INFO - Setting next_dagrun for example_short_circuit_operator to 2024-07-24 00:00:00+00:00, run_after=2024-07-25 00:00:00+00:00
[2024-07-25T23:34:52.750+0000] {processor.py:183} INFO - Processing /home/airflow/.local/lib/python3.12/site-packages/airflow/example_dags/example_short_circuit_operator.py took 0.164 seconds
[2024-07-25T23:35:23.193+0000] {processor.py:161} INFO - Started process (PID=959) to work on /home/airflow/.local/lib/python3.12/site-packages/airflow/example_dags/example_short_circuit_operator.py
[2024-07-25T23:35:23.196+0000] {processor.py:830} INFO - Processing file /home/airflow/.local/lib/python3.12/site-packages/airflow/example_dags/example_short_circuit_operator.py for tasks to queue
[2024-07-25T23:35:23.202+0000] {logging_mixin.py:188} INFO - [2024-07-25T23:35:23.202+0000] {dagbag.py:545} INFO - Filling up the DagBag from /home/airflow/.local/lib/python3.12/site-packages/airflow/example_dags/example_short_circuit_operator.py
[2024-07-25T23:35:23.217+0000] {processor.py:840} INFO - DAG(s) 'example_short_circuit_operator' retrieved from /home/airflow/.local/lib/python3.12/site-packages/airflow/example_dags/example_short_circuit_operator.py
[2024-07-25T23:35:23.254+0000] {logging_mixin.py:188} INFO - [2024-07-25T23:35:23.254+0000] {dag.py:3089} INFO - Sync 1 DAGs
[2024-07-25T23:35:23.291+0000] {logging_mixin.py:188} INFO - [2024-07-25T23:35:23.290+0000] {dag.py:3947} INFO - Setting next_dagrun for example_short_circuit_operator to 2024-07-24 00:00:00+00:00, run_after=2024-07-25 00:00:00+00:00
[2024-07-25T23:35:23.319+0000] {processor.py:183} INFO - Processing /home/airflow/.local/lib/python3.12/site-packages/airflow/example_dags/example_short_circuit_operator.py took 0.142 seconds
[2024-07-25T23:35:53.652+0000] {processor.py:161} INFO - Started process (PID=1019) to work on /home/airflow/.local/lib/python3.12/site-packages/airflow/example_dags/example_short_circuit_operator.py
[2024-07-25T23:35:53.658+0000] {processor.py:830} INFO - Processing file /home/airflow/.local/lib/python3.12/site-packages/airflow/example_dags/example_short_circuit_operator.py for tasks to queue
[2024-07-25T23:35:53.666+0000] {logging_mixin.py:188} INFO - [2024-07-25T23:35:53.665+0000] {dagbag.py:545} INFO - Filling up the DagBag from /home/airflow/.local/lib/python3.12/site-packages/airflow/example_dags/example_short_circuit_operator.py
[2024-07-25T23:35:53.686+0000] {processor.py:840} INFO - DAG(s) 'example_short_circuit_operator' retrieved from /home/airflow/.local/lib/python3.12/site-packages/airflow/example_dags/example_short_circuit_operator.py
[2024-07-25T23:35:53.729+0000] {logging_mixin.py:188} INFO - [2024-07-25T23:35:53.729+0000] {dag.py:3089} INFO - Sync 1 DAGs
[2024-07-25T23:35:53.758+0000] {logging_mixin.py:188} INFO - [2024-07-25T23:35:53.758+0000] {dag.py:3947} INFO - Setting next_dagrun for example_short_circuit_operator to 2024-07-24 00:00:00+00:00, run_after=2024-07-25 00:00:00+00:00
[2024-07-25T23:35:53.782+0000] {processor.py:183} INFO - Processing /home/airflow/.local/lib/python3.12/site-packages/airflow/example_dags/example_short_circuit_operator.py took 0.145 seconds
[2024-07-25T23:36:24.458+0000] {processor.py:161} INFO - Started process (PID=1079) to work on /home/airflow/.local/lib/python3.12/site-packages/airflow/example_dags/example_short_circuit_operator.py
[2024-07-25T23:36:24.461+0000] {processor.py:830} INFO - Processing file /home/airflow/.local/lib/python3.12/site-packages/airflow/example_dags/example_short_circuit_operator.py for tasks to queue
[2024-07-25T23:36:24.466+0000] {logging_mixin.py:188} INFO - [2024-07-25T23:36:24.465+0000] {dagbag.py:545} INFO - Filling up the DagBag from /home/airflow/.local/lib/python3.12/site-packages/airflow/example_dags/example_short_circuit_operator.py
[2024-07-25T23:36:24.490+0000] {processor.py:840} INFO - DAG(s) 'example_short_circuit_operator' retrieved from /home/airflow/.local/lib/python3.12/site-packages/airflow/example_dags/example_short_circuit_operator.py
[2024-07-25T23:36:24.562+0000] {logging_mixin.py:188} INFO - [2024-07-25T23:36:24.562+0000] {dag.py:3089} INFO - Sync 1 DAGs
[2024-07-25T23:36:24.598+0000] {logging_mixin.py:188} INFO - [2024-07-25T23:36:24.598+0000] {dag.py:3947} INFO - Setting next_dagrun for example_short_circuit_operator to 2024-07-24 00:00:00+00:00, run_after=2024-07-25 00:00:00+00:00
[2024-07-25T23:36:24.634+0000] {processor.py:183} INFO - Processing /home/airflow/.local/lib/python3.12/site-packages/airflow/example_dags/example_short_circuit_operator.py took 0.191 seconds
[2024-07-25T23:36:54.813+0000] {processor.py:161} INFO - Started process (PID=1138) to work on /home/airflow/.local/lib/python3.12/site-packages/airflow/example_dags/example_short_circuit_operator.py
[2024-07-25T23:36:54.822+0000] {processor.py:830} INFO - Processing file /home/airflow/.local/lib/python3.12/site-packages/airflow/example_dags/example_short_circuit_operator.py for tasks to queue
[2024-07-25T23:36:54.839+0000] {logging_mixin.py:188} INFO - [2024-07-25T23:36:54.837+0000] {dagbag.py:545} INFO - Filling up the DagBag from /home/airflow/.local/lib/python3.12/site-packages/airflow/example_dags/example_short_circuit_operator.py
[2024-07-25T23:36:54.859+0000] {processor.py:840} INFO - DAG(s) 'example_short_circuit_operator' retrieved from /home/airflow/.local/lib/python3.12/site-packages/airflow/example_dags/example_short_circuit_operator.py
[2024-07-25T23:36:54.900+0000] {logging_mixin.py:188} INFO - [2024-07-25T23:36:54.899+0000] {dag.py:3089} INFO - Sync 1 DAGs
[2024-07-25T23:36:54.963+0000] {logging_mixin.py:188} INFO - [2024-07-25T23:36:54.963+0000] {dag.py:3947} INFO - Setting next_dagrun for example_short_circuit_operator to 2024-07-24 00:00:00+00:00, run_after=2024-07-25 00:00:00+00:00
[2024-07-25T23:36:55.004+0000] {processor.py:183} INFO - Processing /home/airflow/.local/lib/python3.12/site-packages/airflow/example_dags/example_short_circuit_operator.py took 0.204 seconds
[2024-07-25T23:37:25.609+0000] {processor.py:161} INFO - Started process (PID=1198) to work on /home/airflow/.local/lib/python3.12/site-packages/airflow/example_dags/example_short_circuit_operator.py
[2024-07-25T23:37:25.611+0000] {processor.py:830} INFO - Processing file /home/airflow/.local/lib/python3.12/site-packages/airflow/example_dags/example_short_circuit_operator.py for tasks to queue
[2024-07-25T23:37:25.619+0000] {logging_mixin.py:188} INFO - [2024-07-25T23:37:25.616+0000] {dagbag.py:545} INFO - Filling up the DagBag from /home/airflow/.local/lib/python3.12/site-packages/airflow/example_dags/example_short_circuit_operator.py
[2024-07-25T23:37:25.656+0000] {processor.py:840} INFO - DAG(s) 'example_short_circuit_operator' retrieved from /home/airflow/.local/lib/python3.12/site-packages/airflow/example_dags/example_short_circuit_operator.py
[2024-07-25T23:37:25.716+0000] {logging_mixin.py:188} INFO - [2024-07-25T23:37:25.716+0000] {dag.py:3089} INFO - Sync 1 DAGs
[2024-07-25T23:37:25.760+0000] {logging_mixin.py:188} INFO - [2024-07-25T23:37:25.759+0000] {dag.py:3947} INFO - Setting next_dagrun for example_short_circuit_operator to 2024-07-24 00:00:00+00:00, run_after=2024-07-25 00:00:00+00:00
[2024-07-25T23:37:25.815+0000] {processor.py:183} INFO - Processing /home/airflow/.local/lib/python3.12/site-packages/airflow/example_dags/example_short_circuit_operator.py took 0.219 seconds
[2024-07-25T23:37:55.889+0000] {processor.py:161} INFO - Started process (PID=1257) to work on /home/airflow/.local/lib/python3.12/site-packages/airflow/example_dags/example_short_circuit_operator.py
[2024-07-25T23:37:55.891+0000] {processor.py:830} INFO - Processing file /home/airflow/.local/lib/python3.12/site-packages/airflow/example_dags/example_short_circuit_operator.py for tasks to queue
[2024-07-25T23:37:55.896+0000] {logging_mixin.py:188} INFO - [2024-07-25T23:37:55.895+0000] {dagbag.py:545} INFO - Filling up the DagBag from /home/airflow/.local/lib/python3.12/site-packages/airflow/example_dags/example_short_circuit_operator.py
[2024-07-25T23:37:55.908+0000] {processor.py:840} INFO - DAG(s) 'example_short_circuit_operator' retrieved from /home/airflow/.local/lib/python3.12/site-packages/airflow/example_dags/example_short_circuit_operator.py
[2024-07-25T23:37:55.942+0000] {logging_mixin.py:188} INFO - [2024-07-25T23:37:55.942+0000] {dag.py:3089} INFO - Sync 1 DAGs
[2024-07-25T23:37:55.964+0000] {logging_mixin.py:188} INFO - [2024-07-25T23:37:55.964+0000] {dag.py:3947} INFO - Setting next_dagrun for example_short_circuit_operator to 2024-07-24 00:00:00+00:00, run_after=2024-07-25 00:00:00+00:00
[2024-07-25T23:37:55.991+0000] {processor.py:183} INFO - Processing /home/airflow/.local/lib/python3.12/site-packages/airflow/example_dags/example_short_circuit_operator.py took 0.111 seconds
[2024-07-25T23:38:26.546+0000] {processor.py:161} INFO - Started process (PID=1318) to work on /home/airflow/.local/lib/python3.12/site-packages/airflow/example_dags/example_short_circuit_operator.py
[2024-07-25T23:38:26.550+0000] {processor.py:830} INFO - Processing file /home/airflow/.local/lib/python3.12/site-packages/airflow/example_dags/example_short_circuit_operator.py for tasks to queue
[2024-07-25T23:38:26.562+0000] {logging_mixin.py:188} INFO - [2024-07-25T23:38:26.561+0000] {dagbag.py:545} INFO - Filling up the DagBag from /home/airflow/.local/lib/python3.12/site-packages/airflow/example_dags/example_short_circuit_operator.py
[2024-07-25T23:38:26.574+0000] {processor.py:840} INFO - DAG(s) 'example_short_circuit_operator' retrieved from /home/airflow/.local/lib/python3.12/site-packages/airflow/example_dags/example_short_circuit_operator.py
[2024-07-25T23:38:26.630+0000] {logging_mixin.py:188} INFO - [2024-07-25T23:38:26.630+0000] {dag.py:3089} INFO - Sync 1 DAGs
[2024-07-25T23:38:26.664+0000] {logging_mixin.py:188} INFO - [2024-07-25T23:38:26.664+0000] {dag.py:3947} INFO - Setting next_dagrun for example_short_circuit_operator to 2024-07-24 00:00:00+00:00, run_after=2024-07-25 00:00:00+00:00
[2024-07-25T23:38:26.709+0000] {processor.py:183} INFO - Processing /home/airflow/.local/lib/python3.12/site-packages/airflow/example_dags/example_short_circuit_operator.py took 0.172 seconds
[2024-07-25T23:38:57.669+0000] {processor.py:161} INFO - Started process (PID=1378) to work on /home/airflow/.local/lib/python3.12/site-packages/airflow/example_dags/example_short_circuit_operator.py
[2024-07-25T23:38:57.673+0000] {processor.py:830} INFO - Processing file /home/airflow/.local/lib/python3.12/site-packages/airflow/example_dags/example_short_circuit_operator.py for tasks to queue
[2024-07-25T23:38:57.675+0000] {logging_mixin.py:188} INFO - [2024-07-25T23:38:57.675+0000] {dagbag.py:545} INFO - Filling up the DagBag from /home/airflow/.local/lib/python3.12/site-packages/airflow/example_dags/example_short_circuit_operator.py
[2024-07-25T23:38:57.688+0000] {processor.py:840} INFO - DAG(s) 'example_short_circuit_operator' retrieved from /home/airflow/.local/lib/python3.12/site-packages/airflow/example_dags/example_short_circuit_operator.py
[2024-07-25T23:38:57.721+0000] {logging_mixin.py:188} INFO - [2024-07-25T23:38:57.721+0000] {dag.py:3089} INFO - Sync 1 DAGs
[2024-07-25T23:38:57.751+0000] {logging_mixin.py:188} INFO - [2024-07-25T23:38:57.750+0000] {dag.py:3947} INFO - Setting next_dagrun for example_short_circuit_operator to 2024-07-24 00:00:00+00:00, run_after=2024-07-25 00:00:00+00:00
[2024-07-25T23:38:57.778+0000] {processor.py:183} INFO - Processing /home/airflow/.local/lib/python3.12/site-packages/airflow/example_dags/example_short_circuit_operator.py took 0.117 seconds
[2024-07-25T23:39:28.278+0000] {processor.py:161} INFO - Started process (PID=1438) to work on /home/airflow/.local/lib/python3.12/site-packages/airflow/example_dags/example_short_circuit_operator.py
[2024-07-25T23:39:28.282+0000] {processor.py:830} INFO - Processing file /home/airflow/.local/lib/python3.12/site-packages/airflow/example_dags/example_short_circuit_operator.py for tasks to queue
[2024-07-25T23:39:28.287+0000] {logging_mixin.py:188} INFO - [2024-07-25T23:39:28.286+0000] {dagbag.py:545} INFO - Filling up the DagBag from /home/airflow/.local/lib/python3.12/site-packages/airflow/example_dags/example_short_circuit_operator.py
[2024-07-25T23:39:28.299+0000] {processor.py:840} INFO - DAG(s) 'example_short_circuit_operator' retrieved from /home/airflow/.local/lib/python3.12/site-packages/airflow/example_dags/example_short_circuit_operator.py
[2024-07-25T23:39:28.335+0000] {logging_mixin.py:188} INFO - [2024-07-25T23:39:28.334+0000] {dag.py:3089} INFO - Sync 1 DAGs
[2024-07-25T23:39:28.373+0000] {logging_mixin.py:188} INFO - [2024-07-25T23:39:28.373+0000] {dag.py:3947} INFO - Setting next_dagrun for example_short_circuit_operator to 2024-07-24 00:00:00+00:00, run_after=2024-07-25 00:00:00+00:00
[2024-07-25T23:39:28.397+0000] {processor.py:183} INFO - Processing /home/airflow/.local/lib/python3.12/site-packages/airflow/example_dags/example_short_circuit_operator.py took 0.128 seconds
[2024-07-25T23:39:59.243+0000] {processor.py:161} INFO - Started process (PID=1498) to work on /home/airflow/.local/lib/python3.12/site-packages/airflow/example_dags/example_short_circuit_operator.py
[2024-07-25T23:39:59.244+0000] {processor.py:830} INFO - Processing file /home/airflow/.local/lib/python3.12/site-packages/airflow/example_dags/example_short_circuit_operator.py for tasks to queue
[2024-07-25T23:39:59.246+0000] {logging_mixin.py:188} INFO - [2024-07-25T23:39:59.246+0000] {dagbag.py:545} INFO - Filling up the DagBag from /home/airflow/.local/lib/python3.12/site-packages/airflow/example_dags/example_short_circuit_operator.py
[2024-07-25T23:39:59.254+0000] {processor.py:840} INFO - DAG(s) 'example_short_circuit_operator' retrieved from /home/airflow/.local/lib/python3.12/site-packages/airflow/example_dags/example_short_circuit_operator.py
[2024-07-25T23:39:59.280+0000] {logging_mixin.py:188} INFO - [2024-07-25T23:39:59.280+0000] {dag.py:3089} INFO - Sync 1 DAGs
[2024-07-25T23:39:59.302+0000] {logging_mixin.py:188} INFO - [2024-07-25T23:39:59.302+0000] {dag.py:3947} INFO - Setting next_dagrun for example_short_circuit_operator to 2024-07-24 00:00:00+00:00, run_after=2024-07-25 00:00:00+00:00
[2024-07-25T23:39:59.325+0000] {processor.py:183} INFO - Processing /home/airflow/.local/lib/python3.12/site-packages/airflow/example_dags/example_short_circuit_operator.py took 0.089 seconds
[2024-07-25T23:40:29.394+0000] {processor.py:161} INFO - Started process (PID=1558) to work on /home/airflow/.local/lib/python3.12/site-packages/airflow/example_dags/example_short_circuit_operator.py
[2024-07-25T23:40:29.401+0000] {processor.py:830} INFO - Processing file /home/airflow/.local/lib/python3.12/site-packages/airflow/example_dags/example_short_circuit_operator.py for tasks to queue
[2024-07-25T23:40:29.406+0000] {logging_mixin.py:188} INFO - [2024-07-25T23:40:29.406+0000] {dagbag.py:545} INFO - Filling up the DagBag from /home/airflow/.local/lib/python3.12/site-packages/airflow/example_dags/example_short_circuit_operator.py
[2024-07-25T23:40:29.429+0000] {processor.py:840} INFO - DAG(s) 'example_short_circuit_operator' retrieved from /home/airflow/.local/lib/python3.12/site-packages/airflow/example_dags/example_short_circuit_operator.py
[2024-07-25T23:40:29.459+0000] {logging_mixin.py:188} INFO - [2024-07-25T23:40:29.458+0000] {dag.py:3089} INFO - Sync 1 DAGs
[2024-07-25T23:40:29.488+0000] {logging_mixin.py:188} INFO - [2024-07-25T23:40:29.488+0000] {dag.py:3947} INFO - Setting next_dagrun for example_short_circuit_operator to 2024-07-24 00:00:00+00:00, run_after=2024-07-25 00:00:00+00:00
[2024-07-25T23:40:29.510+0000] {processor.py:183} INFO - Processing /home/airflow/.local/lib/python3.12/site-packages/airflow/example_dags/example_short_circuit_operator.py took 0.125 seconds
[2024-07-25T23:40:59.782+0000] {processor.py:161} INFO - Started process (PID=1618) to work on /home/airflow/.local/lib/python3.12/site-packages/airflow/example_dags/example_short_circuit_operator.py
[2024-07-25T23:40:59.785+0000] {processor.py:830} INFO - Processing file /home/airflow/.local/lib/python3.12/site-packages/airflow/example_dags/example_short_circuit_operator.py for tasks to queue
[2024-07-25T23:40:59.788+0000] {logging_mixin.py:188} INFO - [2024-07-25T23:40:59.787+0000] {dagbag.py:545} INFO - Filling up the DagBag from /home/airflow/.local/lib/python3.12/site-packages/airflow/example_dags/example_short_circuit_operator.py
[2024-07-25T23:40:59.813+0000] {processor.py:840} INFO - DAG(s) 'example_short_circuit_operator' retrieved from /home/airflow/.local/lib/python3.12/site-packages/airflow/example_dags/example_short_circuit_operator.py
[2024-07-25T23:40:59.902+0000] {logging_mixin.py:188} INFO - [2024-07-25T23:40:59.901+0000] {dag.py:3089} INFO - Sync 1 DAGs
[2024-07-25T23:40:59.953+0000] {logging_mixin.py:188} INFO - [2024-07-25T23:40:59.952+0000] {dag.py:3947} INFO - Setting next_dagrun for example_short_circuit_operator to 2024-07-24 00:00:00+00:00, run_after=2024-07-25 00:00:00+00:00
[2024-07-25T23:41:00.031+0000] {processor.py:183} INFO - Processing /home/airflow/.local/lib/python3.12/site-packages/airflow/example_dags/example_short_circuit_operator.py took 0.265 seconds
[2024-07-25T23:41:30.286+0000] {processor.py:161} INFO - Started process (PID=1678) to work on /home/airflow/.local/lib/python3.12/site-packages/airflow/example_dags/example_short_circuit_operator.py
[2024-07-25T23:41:30.292+0000] {processor.py:830} INFO - Processing file /home/airflow/.local/lib/python3.12/site-packages/airflow/example_dags/example_short_circuit_operator.py for tasks to queue
[2024-07-25T23:41:30.294+0000] {logging_mixin.py:188} INFO - [2024-07-25T23:41:30.294+0000] {dagbag.py:545} INFO - Filling up the DagBag from /home/airflow/.local/lib/python3.12/site-packages/airflow/example_dags/example_short_circuit_operator.py
[2024-07-25T23:41:30.302+0000] {processor.py:840} INFO - DAG(s) 'example_short_circuit_operator' retrieved from /home/airflow/.local/lib/python3.12/site-packages/airflow/example_dags/example_short_circuit_operator.py
[2024-07-25T23:41:30.333+0000] {logging_mixin.py:188} INFO - [2024-07-25T23:41:30.333+0000] {dag.py:3089} INFO - Sync 1 DAGs
[2024-07-25T23:41:30.357+0000] {logging_mixin.py:188} INFO - [2024-07-25T23:41:30.357+0000] {dag.py:3947} INFO - Setting next_dagrun for example_short_circuit_operator to 2024-07-24 00:00:00+00:00, run_after=2024-07-25 00:00:00+00:00
[2024-07-25T23:41:30.377+0000] {processor.py:183} INFO - Processing /home/airflow/.local/lib/python3.12/site-packages/airflow/example_dags/example_short_circuit_operator.py took 0.099 seconds
[2024-07-25T23:42:01.286+0000] {processor.py:161} INFO - Started process (PID=1738) to work on /home/airflow/.local/lib/python3.12/site-packages/airflow/example_dags/example_short_circuit_operator.py
[2024-07-25T23:42:01.289+0000] {processor.py:830} INFO - Processing file /home/airflow/.local/lib/python3.12/site-packages/airflow/example_dags/example_short_circuit_operator.py for tasks to queue
[2024-07-25T23:42:01.293+0000] {logging_mixin.py:188} INFO - [2024-07-25T23:42:01.293+0000] {dagbag.py:545} INFO - Filling up the DagBag from /home/airflow/.local/lib/python3.12/site-packages/airflow/example_dags/example_short_circuit_operator.py
[2024-07-25T23:42:01.300+0000] {processor.py:840} INFO - DAG(s) 'example_short_circuit_operator' retrieved from /home/airflow/.local/lib/python3.12/site-packages/airflow/example_dags/example_short_circuit_operator.py
[2024-07-25T23:42:01.316+0000] {logging_mixin.py:188} INFO - [2024-07-25T23:42:01.316+0000] {dag.py:3089} INFO - Sync 1 DAGs
[2024-07-25T23:42:01.330+0000] {logging_mixin.py:188} INFO - [2024-07-25T23:42:01.330+0000] {dag.py:3947} INFO - Setting next_dagrun for example_short_circuit_operator to 2024-07-24 00:00:00+00:00, run_after=2024-07-25 00:00:00+00:00
[2024-07-25T23:42:01.349+0000] {processor.py:183} INFO - Processing /home/airflow/.local/lib/python3.12/site-packages/airflow/example_dags/example_short_circuit_operator.py took 0.069 seconds
[2024-07-25T23:42:32.248+0000] {processor.py:161} INFO - Started process (PID=1798) to work on /home/airflow/.local/lib/python3.12/site-packages/airflow/example_dags/example_short_circuit_operator.py
[2024-07-25T23:42:32.249+0000] {processor.py:830} INFO - Processing file /home/airflow/.local/lib/python3.12/site-packages/airflow/example_dags/example_short_circuit_operator.py for tasks to queue
[2024-07-25T23:42:32.252+0000] {logging_mixin.py:188} INFO - [2024-07-25T23:42:32.251+0000] {dagbag.py:545} INFO - Filling up the DagBag from /home/airflow/.local/lib/python3.12/site-packages/airflow/example_dags/example_short_circuit_operator.py
[2024-07-25T23:42:32.262+0000] {processor.py:840} INFO - DAG(s) 'example_short_circuit_operator' retrieved from /home/airflow/.local/lib/python3.12/site-packages/airflow/example_dags/example_short_circuit_operator.py
[2024-07-25T23:42:32.302+0000] {logging_mixin.py:188} INFO - [2024-07-25T23:42:32.302+0000] {dag.py:3089} INFO - Sync 1 DAGs
[2024-07-25T23:42:32.338+0000] {logging_mixin.py:188} INFO - [2024-07-25T23:42:32.337+0000] {dag.py:3947} INFO - Setting next_dagrun for example_short_circuit_operator to 2024-07-24 00:00:00+00:00, run_after=2024-07-25 00:00:00+00:00
[2024-07-25T23:42:32.359+0000] {processor.py:183} INFO - Processing /home/airflow/.local/lib/python3.12/site-packages/airflow/example_dags/example_short_circuit_operator.py took 0.119 seconds
[2024-07-25T23:43:02.967+0000] {processor.py:161} INFO - Started process (PID=1858) to work on /home/airflow/.local/lib/python3.12/site-packages/airflow/example_dags/example_short_circuit_operator.py
[2024-07-25T23:43:02.970+0000] {processor.py:830} INFO - Processing file /home/airflow/.local/lib/python3.12/site-packages/airflow/example_dags/example_short_circuit_operator.py for tasks to queue
[2024-07-25T23:43:02.975+0000] {logging_mixin.py:188} INFO - [2024-07-25T23:43:02.974+0000] {dagbag.py:545} INFO - Filling up the DagBag from /home/airflow/.local/lib/python3.12/site-packages/airflow/example_dags/example_short_circuit_operator.py
[2024-07-25T23:43:02.993+0000] {processor.py:840} INFO - DAG(s) 'example_short_circuit_operator' retrieved from /home/airflow/.local/lib/python3.12/site-packages/airflow/example_dags/example_short_circuit_operator.py
[2024-07-25T23:43:03.051+0000] {logging_mixin.py:188} INFO - [2024-07-25T23:43:03.051+0000] {dag.py:3089} INFO - Sync 1 DAGs
[2024-07-25T23:43:03.391+0000] {logging_mixin.py:188} INFO - [2024-07-25T23:43:03.391+0000] {dag.py:3947} INFO - Setting next_dagrun for example_short_circuit_operator to 2024-07-24 00:00:00+00:00, run_after=2024-07-25 00:00:00+00:00
[2024-07-25T23:43:03.406+0000] {processor.py:183} INFO - Processing /home/airflow/.local/lib/python3.12/site-packages/airflow/example_dags/example_short_circuit_operator.py took 0.451 seconds
[2024-07-25T23:43:34.194+0000] {processor.py:161} INFO - Started process (PID=1918) to work on /home/airflow/.local/lib/python3.12/site-packages/airflow/example_dags/example_short_circuit_operator.py
[2024-07-25T23:43:34.195+0000] {processor.py:830} INFO - Processing file /home/airflow/.local/lib/python3.12/site-packages/airflow/example_dags/example_short_circuit_operator.py for tasks to queue
[2024-07-25T23:43:34.197+0000] {logging_mixin.py:188} INFO - [2024-07-25T23:43:34.196+0000] {dagbag.py:545} INFO - Filling up the DagBag from /home/airflow/.local/lib/python3.12/site-packages/airflow/example_dags/example_short_circuit_operator.py
[2024-07-25T23:43:34.206+0000] {processor.py:840} INFO - DAG(s) 'example_short_circuit_operator' retrieved from /home/airflow/.local/lib/python3.12/site-packages/airflow/example_dags/example_short_circuit_operator.py
[2024-07-25T23:43:34.230+0000] {logging_mixin.py:188} INFO - [2024-07-25T23:43:34.230+0000] {dag.py:3089} INFO - Sync 1 DAGs
[2024-07-25T23:43:34.253+0000] {logging_mixin.py:188} INFO - [2024-07-25T23:43:34.252+0000] {dag.py:3947} INFO - Setting next_dagrun for example_short_circuit_operator to 2024-07-24 00:00:00+00:00, run_after=2024-07-25 00:00:00+00:00
[2024-07-25T23:43:34.273+0000] {processor.py:183} INFO - Processing /home/airflow/.local/lib/python3.12/site-packages/airflow/example_dags/example_short_circuit_operator.py took 0.085 seconds
[2024-07-25T23:44:04.706+0000] {processor.py:161} INFO - Started process (PID=1978) to work on /home/airflow/.local/lib/python3.12/site-packages/airflow/example_dags/example_short_circuit_operator.py
[2024-07-25T23:44:04.709+0000] {processor.py:830} INFO - Processing file /home/airflow/.local/lib/python3.12/site-packages/airflow/example_dags/example_short_circuit_operator.py for tasks to queue
[2024-07-25T23:44:04.713+0000] {logging_mixin.py:188} INFO - [2024-07-25T23:44:04.712+0000] {dagbag.py:545} INFO - Filling up the DagBag from /home/airflow/.local/lib/python3.12/site-packages/airflow/example_dags/example_short_circuit_operator.py
[2024-07-25T23:44:04.727+0000] {processor.py:840} INFO - DAG(s) 'example_short_circuit_operator' retrieved from /home/airflow/.local/lib/python3.12/site-packages/airflow/example_dags/example_short_circuit_operator.py
[2024-07-25T23:44:04.760+0000] {logging_mixin.py:188} INFO - [2024-07-25T23:44:04.760+0000] {dag.py:3089} INFO - Sync 1 DAGs
[2024-07-25T23:44:04.803+0000] {logging_mixin.py:188} INFO - [2024-07-25T23:44:04.803+0000] {dag.py:3947} INFO - Setting next_dagrun for example_short_circuit_operator to 2024-07-24 00:00:00+00:00, run_after=2024-07-25 00:00:00+00:00
[2024-07-25T23:44:04.831+0000] {processor.py:183} INFO - Processing /home/airflow/.local/lib/python3.12/site-packages/airflow/example_dags/example_short_circuit_operator.py took 0.138 seconds
[2024-07-25T23:44:35.110+0000] {processor.py:161} INFO - Started process (PID=2037) to work on /home/airflow/.local/lib/python3.12/site-packages/airflow/example_dags/example_short_circuit_operator.py
[2024-07-25T23:44:35.112+0000] {processor.py:830} INFO - Processing file /home/airflow/.local/lib/python3.12/site-packages/airflow/example_dags/example_short_circuit_operator.py for tasks to queue
[2024-07-25T23:44:35.113+0000] {logging_mixin.py:188} INFO - [2024-07-25T23:44:35.113+0000] {dagbag.py:545} INFO - Filling up the DagBag from /home/airflow/.local/lib/python3.12/site-packages/airflow/example_dags/example_short_circuit_operator.py
[2024-07-25T23:44:35.121+0000] {processor.py:840} INFO - DAG(s) 'example_short_circuit_operator' retrieved from /home/airflow/.local/lib/python3.12/site-packages/airflow/example_dags/example_short_circuit_operator.py
[2024-07-25T23:44:35.141+0000] {logging_mixin.py:188} INFO - [2024-07-25T23:44:35.141+0000] {dag.py:3089} INFO - Sync 1 DAGs
[2024-07-25T23:44:35.163+0000] {logging_mixin.py:188} INFO - [2024-07-25T23:44:35.162+0000] {dag.py:3947} INFO - Setting next_dagrun for example_short_circuit_operator to 2024-07-24 00:00:00+00:00, run_after=2024-07-25 00:00:00+00:00
[2024-07-25T23:44:35.182+0000] {processor.py:183} INFO - Processing /home/airflow/.local/lib/python3.12/site-packages/airflow/example_dags/example_short_circuit_operator.py took 0.077 seconds
[2024-07-25T23:45:05.862+0000] {processor.py:161} INFO - Started process (PID=2097) to work on /home/airflow/.local/lib/python3.12/site-packages/airflow/example_dags/example_short_circuit_operator.py
[2024-07-25T23:45:05.864+0000] {processor.py:830} INFO - Processing file /home/airflow/.local/lib/python3.12/site-packages/airflow/example_dags/example_short_circuit_operator.py for tasks to queue
[2024-07-25T23:45:05.867+0000] {logging_mixin.py:188} INFO - [2024-07-25T23:45:05.866+0000] {dagbag.py:545} INFO - Filling up the DagBag from /home/airflow/.local/lib/python3.12/site-packages/airflow/example_dags/example_short_circuit_operator.py
[2024-07-25T23:45:05.878+0000] {processor.py:840} INFO - DAG(s) 'example_short_circuit_operator' retrieved from /home/airflow/.local/lib/python3.12/site-packages/airflow/example_dags/example_short_circuit_operator.py
[2024-07-25T23:45:05.909+0000] {logging_mixin.py:188} INFO - [2024-07-25T23:45:05.908+0000] {dag.py:3089} INFO - Sync 1 DAGs
[2024-07-25T23:45:05.930+0000] {logging_mixin.py:188} INFO - [2024-07-25T23:45:05.930+0000] {dag.py:3947} INFO - Setting next_dagrun for example_short_circuit_operator to 2024-07-24 00:00:00+00:00, run_after=2024-07-25 00:00:00+00:00
[2024-07-25T23:45:05.951+0000] {processor.py:183} INFO - Processing /home/airflow/.local/lib/python3.12/site-packages/airflow/example_dags/example_short_circuit_operator.py took 0.096 seconds
[2024-07-25T23:45:36.137+0000] {processor.py:161} INFO - Started process (PID=2163) to work on /home/airflow/.local/lib/python3.12/site-packages/airflow/example_dags/example_short_circuit_operator.py
[2024-07-25T23:45:36.139+0000] {processor.py:830} INFO - Processing file /home/airflow/.local/lib/python3.12/site-packages/airflow/example_dags/example_short_circuit_operator.py for tasks to queue
[2024-07-25T23:45:36.142+0000] {logging_mixin.py:188} INFO - [2024-07-25T23:45:36.141+0000] {dagbag.py:545} INFO - Filling up the DagBag from /home/airflow/.local/lib/python3.12/site-packages/airflow/example_dags/example_short_circuit_operator.py
[2024-07-25T23:45:36.152+0000] {processor.py:840} INFO - DAG(s) 'example_short_circuit_operator' retrieved from /home/airflow/.local/lib/python3.12/site-packages/airflow/example_dags/example_short_circuit_operator.py
[2024-07-25T23:45:36.176+0000] {logging_mixin.py:188} INFO - [2024-07-25T23:45:36.176+0000] {dag.py:3089} INFO - Sync 1 DAGs
[2024-07-25T23:45:36.195+0000] {logging_mixin.py:188} INFO - [2024-07-25T23:45:36.195+0000] {dag.py:3947} INFO - Setting next_dagrun for example_short_circuit_operator to 2024-07-24 00:00:00+00:00, run_after=2024-07-25 00:00:00+00:00
[2024-07-25T23:45:36.217+0000] {processor.py:183} INFO - Processing /home/airflow/.local/lib/python3.12/site-packages/airflow/example_dags/example_short_circuit_operator.py took 0.088 seconds
[2024-07-25T23:46:06.714+0000] {processor.py:161} INFO - Started process (PID=2223) to work on /home/airflow/.local/lib/python3.12/site-packages/airflow/example_dags/example_short_circuit_operator.py
[2024-07-25T23:46:06.717+0000] {processor.py:830} INFO - Processing file /home/airflow/.local/lib/python3.12/site-packages/airflow/example_dags/example_short_circuit_operator.py for tasks to queue
[2024-07-25T23:46:06.720+0000] {logging_mixin.py:188} INFO - [2024-07-25T23:46:06.720+0000] {dagbag.py:545} INFO - Filling up the DagBag from /home/airflow/.local/lib/python3.12/site-packages/airflow/example_dags/example_short_circuit_operator.py
[2024-07-25T23:46:06.731+0000] {processor.py:840} INFO - DAG(s) 'example_short_circuit_operator' retrieved from /home/airflow/.local/lib/python3.12/site-packages/airflow/example_dags/example_short_circuit_operator.py
[2024-07-25T23:46:06.759+0000] {logging_mixin.py:188} INFO - [2024-07-25T23:46:06.758+0000] {dag.py:3089} INFO - Sync 1 DAGs
[2024-07-25T23:46:06.822+0000] {logging_mixin.py:188} INFO - [2024-07-25T23:46:06.822+0000] {dag.py:3947} INFO - Setting next_dagrun for example_short_circuit_operator to 2024-07-24 00:00:00+00:00, run_after=2024-07-25 00:00:00+00:00
[2024-07-25T23:46:06.844+0000] {processor.py:183} INFO - Processing /home/airflow/.local/lib/python3.12/site-packages/airflow/example_dags/example_short_circuit_operator.py took 0.139 seconds
[2024-07-25T23:46:37.292+0000] {processor.py:161} INFO - Started process (PID=2283) to work on /home/airflow/.local/lib/python3.12/site-packages/airflow/example_dags/example_short_circuit_operator.py
[2024-07-25T23:46:37.301+0000] {processor.py:830} INFO - Processing file /home/airflow/.local/lib/python3.12/site-packages/airflow/example_dags/example_short_circuit_operator.py for tasks to queue
[2024-07-25T23:46:37.319+0000] {logging_mixin.py:188} INFO - [2024-07-25T23:46:37.315+0000] {dagbag.py:545} INFO - Filling up the DagBag from /home/airflow/.local/lib/python3.12/site-packages/airflow/example_dags/example_short_circuit_operator.py
[2024-07-25T23:46:37.335+0000] {processor.py:840} INFO - DAG(s) 'example_short_circuit_operator' retrieved from /home/airflow/.local/lib/python3.12/site-packages/airflow/example_dags/example_short_circuit_operator.py
[2024-07-25T23:46:37.379+0000] {logging_mixin.py:188} INFO - [2024-07-25T23:46:37.379+0000] {dag.py:3089} INFO - Sync 1 DAGs
[2024-07-25T23:46:37.412+0000] {logging_mixin.py:188} INFO - [2024-07-25T23:46:37.411+0000] {dag.py:3947} INFO - Setting next_dagrun for example_short_circuit_operator to 2024-07-24 00:00:00+00:00, run_after=2024-07-25 00:00:00+00:00
[2024-07-25T23:46:37.480+0000] {processor.py:183} INFO - Processing /home/airflow/.local/lib/python3.12/site-packages/airflow/example_dags/example_short_circuit_operator.py took 0.201 seconds
[2024-07-25T23:47:07.762+0000] {processor.py:161} INFO - Started process (PID=2343) to work on /home/airflow/.local/lib/python3.12/site-packages/airflow/example_dags/example_short_circuit_operator.py
[2024-07-25T23:47:07.766+0000] {processor.py:830} INFO - Processing file /home/airflow/.local/lib/python3.12/site-packages/airflow/example_dags/example_short_circuit_operator.py for tasks to queue
[2024-07-25T23:47:07.768+0000] {logging_mixin.py:188} INFO - [2024-07-25T23:47:07.768+0000] {dagbag.py:545} INFO - Filling up the DagBag from /home/airflow/.local/lib/python3.12/site-packages/airflow/example_dags/example_short_circuit_operator.py
[2024-07-25T23:47:07.779+0000] {processor.py:840} INFO - DAG(s) 'example_short_circuit_operator' retrieved from /home/airflow/.local/lib/python3.12/site-packages/airflow/example_dags/example_short_circuit_operator.py
[2024-07-25T23:47:07.802+0000] {logging_mixin.py:188} INFO - [2024-07-25T23:47:07.802+0000] {dag.py:3089} INFO - Sync 1 DAGs
[2024-07-25T23:47:07.838+0000] {logging_mixin.py:188} INFO - [2024-07-25T23:47:07.838+0000] {dag.py:3947} INFO - Setting next_dagrun for example_short_circuit_operator to 2024-07-24 00:00:00+00:00, run_after=2024-07-25 00:00:00+00:00
[2024-07-25T23:47:07.857+0000] {processor.py:183} INFO - Processing /home/airflow/.local/lib/python3.12/site-packages/airflow/example_dags/example_short_circuit_operator.py took 0.102 seconds
[2024-07-25T23:47:38.034+0000] {processor.py:161} INFO - Started process (PID=2402) to work on /home/airflow/.local/lib/python3.12/site-packages/airflow/example_dags/example_short_circuit_operator.py
[2024-07-25T23:47:38.040+0000] {processor.py:830} INFO - Processing file /home/airflow/.local/lib/python3.12/site-packages/airflow/example_dags/example_short_circuit_operator.py for tasks to queue
[2024-07-25T23:47:38.044+0000] {logging_mixin.py:188} INFO - [2024-07-25T23:47:38.044+0000] {dagbag.py:545} INFO - Filling up the DagBag from /home/airflow/.local/lib/python3.12/site-packages/airflow/example_dags/example_short_circuit_operator.py
[2024-07-25T23:47:38.054+0000] {processor.py:840} INFO - DAG(s) 'example_short_circuit_operator' retrieved from /home/airflow/.local/lib/python3.12/site-packages/airflow/example_dags/example_short_circuit_operator.py
[2024-07-25T23:47:38.081+0000] {logging_mixin.py:188} INFO - [2024-07-25T23:47:38.081+0000] {dag.py:3089} INFO - Sync 1 DAGs
[2024-07-25T23:47:38.104+0000] {logging_mixin.py:188} INFO - [2024-07-25T23:47:38.104+0000] {dag.py:3947} INFO - Setting next_dagrun for example_short_circuit_operator to 2024-07-24 00:00:00+00:00, run_after=2024-07-25 00:00:00+00:00
[2024-07-25T23:47:38.126+0000] {processor.py:183} INFO - Processing /home/airflow/.local/lib/python3.12/site-packages/airflow/example_dags/example_short_circuit_operator.py took 0.100 seconds
[2024-07-25T23:48:08.249+0000] {processor.py:161} INFO - Started process (PID=2459) to work on /home/airflow/.local/lib/python3.12/site-packages/airflow/example_dags/example_short_circuit_operator.py
[2024-07-25T23:48:08.251+0000] {processor.py:830} INFO - Processing file /home/airflow/.local/lib/python3.12/site-packages/airflow/example_dags/example_short_circuit_operator.py for tasks to queue
[2024-07-25T23:48:08.253+0000] {logging_mixin.py:188} INFO - [2024-07-25T23:48:08.253+0000] {dagbag.py:545} INFO - Filling up the DagBag from /home/airflow/.local/lib/python3.12/site-packages/airflow/example_dags/example_short_circuit_operator.py
[2024-07-25T23:48:08.263+0000] {processor.py:840} INFO - DAG(s) 'example_short_circuit_operator' retrieved from /home/airflow/.local/lib/python3.12/site-packages/airflow/example_dags/example_short_circuit_operator.py
[2024-07-25T23:48:08.301+0000] {logging_mixin.py:188} INFO - [2024-07-25T23:48:08.301+0000] {dag.py:3089} INFO - Sync 1 DAGs
[2024-07-25T23:48:08.326+0000] {logging_mixin.py:188} INFO - [2024-07-25T23:48:08.326+0000] {dag.py:3947} INFO - Setting next_dagrun for example_short_circuit_operator to 2024-07-24 00:00:00+00:00, run_after=2024-07-25 00:00:00+00:00
[2024-07-25T23:48:08.347+0000] {processor.py:183} INFO - Processing /home/airflow/.local/lib/python3.12/site-packages/airflow/example_dags/example_short_circuit_operator.py took 0.111 seconds
[2024-07-25T23:48:39.339+0000] {processor.py:161} INFO - Started process (PID=2520) to work on /home/airflow/.local/lib/python3.12/site-packages/airflow/example_dags/example_short_circuit_operator.py
[2024-07-25T23:48:39.346+0000] {processor.py:830} INFO - Processing file /home/airflow/.local/lib/python3.12/site-packages/airflow/example_dags/example_short_circuit_operator.py for tasks to queue
[2024-07-25T23:48:39.353+0000] {logging_mixin.py:188} INFO - [2024-07-25T23:48:39.352+0000] {dagbag.py:545} INFO - Filling up the DagBag from /home/airflow/.local/lib/python3.12/site-packages/airflow/example_dags/example_short_circuit_operator.py
[2024-07-25T23:48:39.362+0000] {processor.py:840} INFO - DAG(s) 'example_short_circuit_operator' retrieved from /home/airflow/.local/lib/python3.12/site-packages/airflow/example_dags/example_short_circuit_operator.py
[2024-07-25T23:48:39.390+0000] {logging_mixin.py:188} INFO - [2024-07-25T23:48:39.390+0000] {dag.py:3089} INFO - Sync 1 DAGs
[2024-07-25T23:48:39.409+0000] {logging_mixin.py:188} INFO - [2024-07-25T23:48:39.409+0000] {dag.py:3947} INFO - Setting next_dagrun for example_short_circuit_operator to 2024-07-24 00:00:00+00:00, run_after=2024-07-25 00:00:00+00:00
[2024-07-25T23:48:39.429+0000] {processor.py:183} INFO - Processing /home/airflow/.local/lib/python3.12/site-packages/airflow/example_dags/example_short_circuit_operator.py took 0.101 seconds
[2024-07-25T23:49:09.785+0000] {processor.py:161} INFO - Started process (PID=2580) to work on /home/airflow/.local/lib/python3.12/site-packages/airflow/example_dags/example_short_circuit_operator.py
[2024-07-25T23:49:09.787+0000] {processor.py:830} INFO - Processing file /home/airflow/.local/lib/python3.12/site-packages/airflow/example_dags/example_short_circuit_operator.py for tasks to queue
[2024-07-25T23:49:09.788+0000] {logging_mixin.py:188} INFO - [2024-07-25T23:49:09.788+0000] {dagbag.py:545} INFO - Filling up the DagBag from /home/airflow/.local/lib/python3.12/site-packages/airflow/example_dags/example_short_circuit_operator.py
[2024-07-25T23:49:09.799+0000] {processor.py:840} INFO - DAG(s) 'example_short_circuit_operator' retrieved from /home/airflow/.local/lib/python3.12/site-packages/airflow/example_dags/example_short_circuit_operator.py
[2024-07-25T23:49:09.835+0000] {logging_mixin.py:188} INFO - [2024-07-25T23:49:09.835+0000] {dag.py:3089} INFO - Sync 1 DAGs
[2024-07-25T23:49:09.874+0000] {logging_mixin.py:188} INFO - [2024-07-25T23:49:09.873+0000] {dag.py:3947} INFO - Setting next_dagrun for example_short_circuit_operator to 2024-07-24 00:00:00+00:00, run_after=2024-07-25 00:00:00+00:00
[2024-07-25T23:49:09.902+0000] {processor.py:183} INFO - Processing /home/airflow/.local/lib/python3.12/site-packages/airflow/example_dags/example_short_circuit_operator.py took 0.125 seconds
[2024-07-25T23:49:40.075+0000] {processor.py:161} INFO - Started process (PID=2639) to work on /home/airflow/.local/lib/python3.12/site-packages/airflow/example_dags/example_short_circuit_operator.py
[2024-07-25T23:49:40.081+0000] {processor.py:830} INFO - Processing file /home/airflow/.local/lib/python3.12/site-packages/airflow/example_dags/example_short_circuit_operator.py for tasks to queue
[2024-07-25T23:49:40.087+0000] {logging_mixin.py:188} INFO - [2024-07-25T23:49:40.086+0000] {dagbag.py:545} INFO - Filling up the DagBag from /home/airflow/.local/lib/python3.12/site-packages/airflow/example_dags/example_short_circuit_operator.py
[2024-07-25T23:49:40.103+0000] {processor.py:840} INFO - DAG(s) 'example_short_circuit_operator' retrieved from /home/airflow/.local/lib/python3.12/site-packages/airflow/example_dags/example_short_circuit_operator.py
[2024-07-25T23:49:40.135+0000] {logging_mixin.py:188} INFO - [2024-07-25T23:49:40.135+0000] {dag.py:3089} INFO - Sync 1 DAGs
[2024-07-25T23:49:40.178+0000] {logging_mixin.py:188} INFO - [2024-07-25T23:49:40.177+0000] {dag.py:3947} INFO - Setting next_dagrun for example_short_circuit_operator to 2024-07-24 00:00:00+00:00, run_after=2024-07-25 00:00:00+00:00
[2024-07-25T23:49:40.216+0000] {processor.py:183} INFO - Processing /home/airflow/.local/lib/python3.12/site-packages/airflow/example_dags/example_short_circuit_operator.py took 0.160 seconds
[2024-07-25T23:50:10.312+0000] {processor.py:161} INFO - Started process (PID=2698) to work on /home/airflow/.local/lib/python3.12/site-packages/airflow/example_dags/example_short_circuit_operator.py
[2024-07-25T23:50:10.315+0000] {processor.py:830} INFO - Processing file /home/airflow/.local/lib/python3.12/site-packages/airflow/example_dags/example_short_circuit_operator.py for tasks to queue
[2024-07-25T23:50:10.322+0000] {logging_mixin.py:188} INFO - [2024-07-25T23:50:10.320+0000] {dagbag.py:545} INFO - Filling up the DagBag from /home/airflow/.local/lib/python3.12/site-packages/airflow/example_dags/example_short_circuit_operator.py
[2024-07-25T23:50:10.337+0000] {processor.py:840} INFO - DAG(s) 'example_short_circuit_operator' retrieved from /home/airflow/.local/lib/python3.12/site-packages/airflow/example_dags/example_short_circuit_operator.py
[2024-07-25T23:50:10.370+0000] {logging_mixin.py:188} INFO - [2024-07-25T23:50:10.369+0000] {dag.py:3089} INFO - Sync 1 DAGs
[2024-07-25T23:50:10.399+0000] {logging_mixin.py:188} INFO - [2024-07-25T23:50:10.399+0000] {dag.py:3947} INFO - Setting next_dagrun for example_short_circuit_operator to 2024-07-24 00:00:00+00:00, run_after=2024-07-25 00:00:00+00:00
[2024-07-25T23:50:10.417+0000] {processor.py:183} INFO - Processing /home/airflow/.local/lib/python3.12/site-packages/airflow/example_dags/example_short_circuit_operator.py took 0.122 seconds
[2024-07-25T23:50:40.500+0000] {processor.py:161} INFO - Started process (PID=2759) to work on /home/airflow/.local/lib/python3.12/site-packages/airflow/example_dags/example_short_circuit_operator.py
[2024-07-25T23:50:40.502+0000] {processor.py:830} INFO - Processing file /home/airflow/.local/lib/python3.12/site-packages/airflow/example_dags/example_short_circuit_operator.py for tasks to queue
[2024-07-25T23:50:40.504+0000] {logging_mixin.py:188} INFO - [2024-07-25T23:50:40.504+0000] {dagbag.py:545} INFO - Filling up the DagBag from /home/airflow/.local/lib/python3.12/site-packages/airflow/example_dags/example_short_circuit_operator.py
[2024-07-25T23:50:40.518+0000] {processor.py:840} INFO - DAG(s) 'example_short_circuit_operator' retrieved from /home/airflow/.local/lib/python3.12/site-packages/airflow/example_dags/example_short_circuit_operator.py
[2024-07-25T23:50:40.551+0000] {logging_mixin.py:188} INFO - [2024-07-25T23:50:40.550+0000] {dag.py:3089} INFO - Sync 1 DAGs
[2024-07-25T23:50:40.577+0000] {logging_mixin.py:188} INFO - [2024-07-25T23:50:40.577+0000] {dag.py:3947} INFO - Setting next_dagrun for example_short_circuit_operator to 2024-07-24 00:00:00+00:00, run_after=2024-07-25 00:00:00+00:00
[2024-07-25T23:50:40.599+0000] {processor.py:183} INFO - Processing /home/airflow/.local/lib/python3.12/site-packages/airflow/example_dags/example_short_circuit_operator.py took 0.109 seconds
[2024-07-25T23:51:11.404+0000] {processor.py:161} INFO - Started process (PID=2821) to work on /home/airflow/.local/lib/python3.12/site-packages/airflow/example_dags/example_short_circuit_operator.py
[2024-07-25T23:51:11.406+0000] {processor.py:830} INFO - Processing file /home/airflow/.local/lib/python3.12/site-packages/airflow/example_dags/example_short_circuit_operator.py for tasks to queue
[2024-07-25T23:51:11.408+0000] {logging_mixin.py:188} INFO - [2024-07-25T23:51:11.407+0000] {dagbag.py:545} INFO - Filling up the DagBag from /home/airflow/.local/lib/python3.12/site-packages/airflow/example_dags/example_short_circuit_operator.py
[2024-07-25T23:51:11.418+0000] {processor.py:840} INFO - DAG(s) 'example_short_circuit_operator' retrieved from /home/airflow/.local/lib/python3.12/site-packages/airflow/example_dags/example_short_circuit_operator.py
[2024-07-25T23:51:11.447+0000] {logging_mixin.py:188} INFO - [2024-07-25T23:51:11.447+0000] {dag.py:3089} INFO - Sync 1 DAGs
[2024-07-25T23:51:11.466+0000] {logging_mixin.py:188} INFO - [2024-07-25T23:51:11.466+0000] {dag.py:3947} INFO - Setting next_dagrun for example_short_circuit_operator to 2024-07-24 00:00:00+00:00, run_after=2024-07-25 00:00:00+00:00
[2024-07-25T23:51:11.481+0000] {processor.py:183} INFO - Processing /home/airflow/.local/lib/python3.12/site-packages/airflow/example_dags/example_short_circuit_operator.py took 0.082 seconds
[2024-07-25T23:51:42.334+0000] {processor.py:161} INFO - Started process (PID=2881) to work on /home/airflow/.local/lib/python3.12/site-packages/airflow/example_dags/example_short_circuit_operator.py
[2024-07-25T23:51:42.336+0000] {processor.py:830} INFO - Processing file /home/airflow/.local/lib/python3.12/site-packages/airflow/example_dags/example_short_circuit_operator.py for tasks to queue
[2024-07-25T23:51:42.337+0000] {logging_mixin.py:188} INFO - [2024-07-25T23:51:42.337+0000] {dagbag.py:545} INFO - Filling up the DagBag from /home/airflow/.local/lib/python3.12/site-packages/airflow/example_dags/example_short_circuit_operator.py
[2024-07-25T23:51:42.343+0000] {processor.py:840} INFO - DAG(s) 'example_short_circuit_operator' retrieved from /home/airflow/.local/lib/python3.12/site-packages/airflow/example_dags/example_short_circuit_operator.py
[2024-07-25T23:51:42.363+0000] {logging_mixin.py:188} INFO - [2024-07-25T23:51:42.363+0000] {dag.py:3089} INFO - Sync 1 DAGs
[2024-07-25T23:51:42.382+0000] {logging_mixin.py:188} INFO - [2024-07-25T23:51:42.381+0000] {dag.py:3947} INFO - Setting next_dagrun for example_short_circuit_operator to 2024-07-24 00:00:00+00:00, run_after=2024-07-25 00:00:00+00:00
[2024-07-25T23:51:42.399+0000] {processor.py:183} INFO - Processing /home/airflow/.local/lib/python3.12/site-packages/airflow/example_dags/example_short_circuit_operator.py took 0.069 seconds
[2024-07-25T23:52:12.767+0000] {processor.py:161} INFO - Started process (PID=2941) to work on /home/airflow/.local/lib/python3.12/site-packages/airflow/example_dags/example_short_circuit_operator.py
[2024-07-25T23:52:12.769+0000] {processor.py:830} INFO - Processing file /home/airflow/.local/lib/python3.12/site-packages/airflow/example_dags/example_short_circuit_operator.py for tasks to queue
[2024-07-25T23:52:12.771+0000] {logging_mixin.py:188} INFO - [2024-07-25T23:52:12.771+0000] {dagbag.py:545} INFO - Filling up the DagBag from /home/airflow/.local/lib/python3.12/site-packages/airflow/example_dags/example_short_circuit_operator.py
[2024-07-25T23:52:12.776+0000] {processor.py:840} INFO - DAG(s) 'example_short_circuit_operator' retrieved from /home/airflow/.local/lib/python3.12/site-packages/airflow/example_dags/example_short_circuit_operator.py
[2024-07-25T23:52:12.809+0000] {logging_mixin.py:188} INFO - [2024-07-25T23:52:12.809+0000] {dag.py:3089} INFO - Sync 1 DAGs
[2024-07-25T23:52:12.835+0000] {logging_mixin.py:188} INFO - [2024-07-25T23:52:12.834+0000] {dag.py:3947} INFO - Setting next_dagrun for example_short_circuit_operator to 2024-07-24 00:00:00+00:00, run_after=2024-07-25 00:00:00+00:00
[2024-07-25T23:52:12.853+0000] {processor.py:183} INFO - Processing /home/airflow/.local/lib/python3.12/site-packages/airflow/example_dags/example_short_circuit_operator.py took 0.091 seconds
[2024-07-25T23:52:43.830+0000] {processor.py:161} INFO - Started process (PID=3001) to work on /home/airflow/.local/lib/python3.12/site-packages/airflow/example_dags/example_short_circuit_operator.py
[2024-07-25T23:52:43.831+0000] {processor.py:830} INFO - Processing file /home/airflow/.local/lib/python3.12/site-packages/airflow/example_dags/example_short_circuit_operator.py for tasks to queue
[2024-07-25T23:52:43.835+0000] {logging_mixin.py:188} INFO - [2024-07-25T23:52:43.835+0000] {dagbag.py:545} INFO - Filling up the DagBag from /home/airflow/.local/lib/python3.12/site-packages/airflow/example_dags/example_short_circuit_operator.py
[2024-07-25T23:52:43.841+0000] {processor.py:840} INFO - DAG(s) 'example_short_circuit_operator' retrieved from /home/airflow/.local/lib/python3.12/site-packages/airflow/example_dags/example_short_circuit_operator.py
[2024-07-25T23:52:43.864+0000] {logging_mixin.py:188} INFO - [2024-07-25T23:52:43.864+0000] {dag.py:3089} INFO - Sync 1 DAGs
[2024-07-25T23:52:43.880+0000] {logging_mixin.py:188} INFO - [2024-07-25T23:52:43.880+0000] {dag.py:3947} INFO - Setting next_dagrun for example_short_circuit_operator to 2024-07-24 00:00:00+00:00, run_after=2024-07-25 00:00:00+00:00
[2024-07-25T23:52:43.906+0000] {processor.py:183} INFO - Processing /home/airflow/.local/lib/python3.12/site-packages/airflow/example_dags/example_short_circuit_operator.py took 0.080 seconds
[2024-07-25T23:53:14.378+0000] {processor.py:161} INFO - Started process (PID=3061) to work on /home/airflow/.local/lib/python3.12/site-packages/airflow/example_dags/example_short_circuit_operator.py
[2024-07-25T23:53:14.379+0000] {processor.py:830} INFO - Processing file /home/airflow/.local/lib/python3.12/site-packages/airflow/example_dags/example_short_circuit_operator.py for tasks to queue
[2024-07-25T23:53:14.381+0000] {logging_mixin.py:188} INFO - [2024-07-25T23:53:14.381+0000] {dagbag.py:545} INFO - Filling up the DagBag from /home/airflow/.local/lib/python3.12/site-packages/airflow/example_dags/example_short_circuit_operator.py
[2024-07-25T23:53:14.386+0000] {processor.py:840} INFO - DAG(s) 'example_short_circuit_operator' retrieved from /home/airflow/.local/lib/python3.12/site-packages/airflow/example_dags/example_short_circuit_operator.py
[2024-07-25T23:53:14.410+0000] {logging_mixin.py:188} INFO - [2024-07-25T23:53:14.410+0000] {dag.py:3089} INFO - Sync 1 DAGs
[2024-07-25T23:53:14.429+0000] {logging_mixin.py:188} INFO - [2024-07-25T23:53:14.429+0000] {dag.py:3947} INFO - Setting next_dagrun for example_short_circuit_operator to 2024-07-24 00:00:00+00:00, run_after=2024-07-25 00:00:00+00:00
[2024-07-25T23:53:14.444+0000] {processor.py:183} INFO - Processing /home/airflow/.local/lib/python3.12/site-packages/airflow/example_dags/example_short_circuit_operator.py took 0.071 seconds
[2024-07-25T23:53:44.666+0000] {processor.py:161} INFO - Started process (PID=3121) to work on /home/airflow/.local/lib/python3.12/site-packages/airflow/example_dags/example_short_circuit_operator.py
[2024-07-25T23:53:44.667+0000] {processor.py:830} INFO - Processing file /home/airflow/.local/lib/python3.12/site-packages/airflow/example_dags/example_short_circuit_operator.py for tasks to queue
[2024-07-25T23:53:44.668+0000] {logging_mixin.py:188} INFO - [2024-07-25T23:53:44.668+0000] {dagbag.py:545} INFO - Filling up the DagBag from /home/airflow/.local/lib/python3.12/site-packages/airflow/example_dags/example_short_circuit_operator.py
[2024-07-25T23:53:44.677+0000] {processor.py:840} INFO - DAG(s) 'example_short_circuit_operator' retrieved from /home/airflow/.local/lib/python3.12/site-packages/airflow/example_dags/example_short_circuit_operator.py
[2024-07-25T23:53:44.695+0000] {logging_mixin.py:188} INFO - [2024-07-25T23:53:44.695+0000] {dag.py:3089} INFO - Sync 1 DAGs
[2024-07-25T23:53:44.711+0000] {logging_mixin.py:188} INFO - [2024-07-25T23:53:44.711+0000] {dag.py:3947} INFO - Setting next_dagrun for example_short_circuit_operator to 2024-07-24 00:00:00+00:00, run_after=2024-07-25 00:00:00+00:00
[2024-07-25T23:53:44.727+0000] {processor.py:183} INFO - Processing /home/airflow/.local/lib/python3.12/site-packages/airflow/example_dags/example_short_circuit_operator.py took 0.066 seconds
[2024-07-25T23:54:14.878+0000] {processor.py:161} INFO - Started process (PID=3181) to work on /home/airflow/.local/lib/python3.12/site-packages/airflow/example_dags/example_short_circuit_operator.py
[2024-07-25T23:54:14.880+0000] {processor.py:830} INFO - Processing file /home/airflow/.local/lib/python3.12/site-packages/airflow/example_dags/example_short_circuit_operator.py for tasks to queue
[2024-07-25T23:54:14.882+0000] {logging_mixin.py:188} INFO - [2024-07-25T23:54:14.882+0000] {dagbag.py:545} INFO - Filling up the DagBag from /home/airflow/.local/lib/python3.12/site-packages/airflow/example_dags/example_short_circuit_operator.py
[2024-07-25T23:54:14.888+0000] {processor.py:840} INFO - DAG(s) 'example_short_circuit_operator' retrieved from /home/airflow/.local/lib/python3.12/site-packages/airflow/example_dags/example_short_circuit_operator.py
[2024-07-25T23:54:14.906+0000] {logging_mixin.py:188} INFO - [2024-07-25T23:54:14.906+0000] {dag.py:3089} INFO - Sync 1 DAGs
[2024-07-25T23:54:14.923+0000] {logging_mixin.py:188} INFO - [2024-07-25T23:54:14.923+0000] {dag.py:3947} INFO - Setting next_dagrun for example_short_circuit_operator to 2024-07-24 00:00:00+00:00, run_after=2024-07-25 00:00:00+00:00
[2024-07-25T23:54:14.941+0000] {processor.py:183} INFO - Processing /home/airflow/.local/lib/python3.12/site-packages/airflow/example_dags/example_short_circuit_operator.py took 0.067 seconds
[2024-07-25T23:54:46.147+0000] {processor.py:161} INFO - Started process (PID=3240) to work on /home/airflow/.local/lib/python3.12/site-packages/airflow/example_dags/example_short_circuit_operator.py
[2024-07-25T23:54:46.152+0000] {processor.py:830} INFO - Processing file /home/airflow/.local/lib/python3.12/site-packages/airflow/example_dags/example_short_circuit_operator.py for tasks to queue
[2024-07-25T23:54:46.178+0000] {logging_mixin.py:188} INFO - [2024-07-25T23:54:46.174+0000] {dagbag.py:545} INFO - Filling up the DagBag from /home/airflow/.local/lib/python3.12/site-packages/airflow/example_dags/example_short_circuit_operator.py
[2024-07-25T23:54:46.286+0000] {processor.py:840} INFO - DAG(s) 'example_short_circuit_operator' retrieved from /home/airflow/.local/lib/python3.12/site-packages/airflow/example_dags/example_short_circuit_operator.py
[2024-07-25T23:54:46.484+0000] {logging_mixin.py:188} INFO - [2024-07-25T23:54:46.483+0000] {dag.py:3089} INFO - Sync 1 DAGs
[2024-07-25T23:54:46.601+0000] {logging_mixin.py:188} INFO - [2024-07-25T23:54:46.599+0000] {dag.py:3947} INFO - Setting next_dagrun for example_short_circuit_operator to 2024-07-24 00:00:00+00:00, run_after=2024-07-25 00:00:00+00:00
[2024-07-25T23:54:46.697+0000] {processor.py:183} INFO - Processing /home/airflow/.local/lib/python3.12/site-packages/airflow/example_dags/example_short_circuit_operator.py took 0.593 seconds
