[2024-07-25T23:17:23.521+0000] {processor.py:161} INFO - Started process (PID=85) to work on /home/airflow/.local/lib/python3.12/site-packages/airflow/example_dags/example_display_name.py
[2024-07-25T23:17:23.522+0000] {processor.py:830} INFO - Processing file /home/airflow/.local/lib/python3.12/site-packages/airflow/example_dags/example_display_name.py for tasks to queue
[2024-07-25T23:17:23.525+0000] {logging_mixin.py:188} INFO - [2024-07-25T23:17:23.525+0000] {dagbag.py:545} INFO - Filling up the DagBag from /home/airflow/.local/lib/python3.12/site-packages/airflow/example_dags/example_display_name.py
[2024-07-25T23:17:23.534+0000] {processor.py:840} INFO - DAG(s) 'example_display_name' retrieved from /home/airflow/.local/lib/python3.12/site-packages/airflow/example_dags/example_display_name.py
[2024-07-25T23:17:23.555+0000] {logging_mixin.py:188} INFO - [2024-07-25T23:17:23.555+0000] {dag.py:3089} INFO - Sync 1 DAGs
[2024-07-25T23:17:23.608+0000] {logging_mixin.py:188} INFO - [2024-07-25T23:17:23.608+0000] {dag.py:3947} INFO - Setting next_dagrun for example_display_name to None, run_after=None
[2024-07-25T23:17:23.660+0000] {processor.py:183} INFO - Processing /home/airflow/.local/lib/python3.12/site-packages/airflow/example_dags/example_display_name.py took 0.148 seconds
[2024-07-25T23:17:54.202+0000] {processor.py:161} INFO - Started process (PID=145) to work on /home/airflow/.local/lib/python3.12/site-packages/airflow/example_dags/example_display_name.py
[2024-07-25T23:17:54.207+0000] {processor.py:830} INFO - Processing file /home/airflow/.local/lib/python3.12/site-packages/airflow/example_dags/example_display_name.py for tasks to queue
[2024-07-25T23:17:54.209+0000] {logging_mixin.py:188} INFO - [2024-07-25T23:17:54.208+0000] {dagbag.py:545} INFO - Filling up the DagBag from /home/airflow/.local/lib/python3.12/site-packages/airflow/example_dags/example_display_name.py
[2024-07-25T23:17:54.212+0000] {processor.py:840} INFO - DAG(s) 'example_display_name' retrieved from /home/airflow/.local/lib/python3.12/site-packages/airflow/example_dags/example_display_name.py
[2024-07-25T23:17:54.295+0000] {logging_mixin.py:188} INFO - [2024-07-25T23:17:54.294+0000] {dag.py:3089} INFO - Sync 1 DAGs
[2024-07-25T23:17:54.303+0000] {logging_mixin.py:188} INFO - [2024-07-25T23:17:54.303+0000] {dag.py:3947} INFO - Setting next_dagrun for example_display_name to None, run_after=None
[2024-07-25T23:17:54.326+0000] {processor.py:183} INFO - Processing /home/airflow/.local/lib/python3.12/site-packages/airflow/example_dags/example_display_name.py took 0.129 seconds
[2024-07-25T23:18:25.197+0000] {processor.py:161} INFO - Started process (PID=205) to work on /home/airflow/.local/lib/python3.12/site-packages/airflow/example_dags/example_display_name.py
[2024-07-25T23:18:25.198+0000] {processor.py:830} INFO - Processing file /home/airflow/.local/lib/python3.12/site-packages/airflow/example_dags/example_display_name.py for tasks to queue
[2024-07-25T23:18:25.199+0000] {logging_mixin.py:188} INFO - [2024-07-25T23:18:25.199+0000] {dagbag.py:545} INFO - Filling up the DagBag from /home/airflow/.local/lib/python3.12/site-packages/airflow/example_dags/example_display_name.py
[2024-07-25T23:18:25.205+0000] {processor.py:840} INFO - DAG(s) 'example_display_name' retrieved from /home/airflow/.local/lib/python3.12/site-packages/airflow/example_dags/example_display_name.py
[2024-07-25T23:18:25.226+0000] {logging_mixin.py:188} INFO - [2024-07-25T23:18:25.226+0000] {dag.py:3089} INFO - Sync 1 DAGs
[2024-07-25T23:18:25.240+0000] {logging_mixin.py:188} INFO - [2024-07-25T23:18:25.239+0000] {dag.py:3947} INFO - Setting next_dagrun for example_display_name to None, run_after=None
[2024-07-25T23:18:25.267+0000] {processor.py:183} INFO - Processing /home/airflow/.local/lib/python3.12/site-packages/airflow/example_dags/example_display_name.py took 0.074 seconds
[2024-07-25T23:18:55.881+0000] {processor.py:161} INFO - Started process (PID=265) to work on /home/airflow/.local/lib/python3.12/site-packages/airflow/example_dags/example_display_name.py
[2024-07-25T23:18:55.882+0000] {processor.py:830} INFO - Processing file /home/airflow/.local/lib/python3.12/site-packages/airflow/example_dags/example_display_name.py for tasks to queue
[2024-07-25T23:18:55.885+0000] {logging_mixin.py:188} INFO - [2024-07-25T23:18:55.885+0000] {dagbag.py:545} INFO - Filling up the DagBag from /home/airflow/.local/lib/python3.12/site-packages/airflow/example_dags/example_display_name.py
[2024-07-25T23:18:55.893+0000] {processor.py:840} INFO - DAG(s) 'example_display_name' retrieved from /home/airflow/.local/lib/python3.12/site-packages/airflow/example_dags/example_display_name.py
[2024-07-25T23:18:55.918+0000] {logging_mixin.py:188} INFO - [2024-07-25T23:18:55.917+0000] {dag.py:3089} INFO - Sync 1 DAGs
[2024-07-25T23:18:55.943+0000] {logging_mixin.py:188} INFO - [2024-07-25T23:18:55.943+0000] {dag.py:3947} INFO - Setting next_dagrun for example_display_name to None, run_after=None
[2024-07-25T23:18:55.970+0000] {processor.py:183} INFO - Processing /home/airflow/.local/lib/python3.12/site-packages/airflow/example_dags/example_display_name.py took 0.093 seconds
[2024-07-25T23:19:26.977+0000] {processor.py:161} INFO - Started process (PID=325) to work on /home/airflow/.local/lib/python3.12/site-packages/airflow/example_dags/example_display_name.py
[2024-07-25T23:19:26.979+0000] {processor.py:830} INFO - Processing file /home/airflow/.local/lib/python3.12/site-packages/airflow/example_dags/example_display_name.py for tasks to queue
[2024-07-25T23:19:26.981+0000] {logging_mixin.py:188} INFO - [2024-07-25T23:19:26.981+0000] {dagbag.py:545} INFO - Filling up the DagBag from /home/airflow/.local/lib/python3.12/site-packages/airflow/example_dags/example_display_name.py
[2024-07-25T23:19:26.987+0000] {processor.py:840} INFO - DAG(s) 'example_display_name' retrieved from /home/airflow/.local/lib/python3.12/site-packages/airflow/example_dags/example_display_name.py
[2024-07-25T23:19:27.020+0000] {logging_mixin.py:188} INFO - [2024-07-25T23:19:27.019+0000] {dag.py:3089} INFO - Sync 1 DAGs
[2024-07-25T23:19:27.036+0000] {logging_mixin.py:188} INFO - [2024-07-25T23:19:27.035+0000] {dag.py:3947} INFO - Setting next_dagrun for example_display_name to None, run_after=None
[2024-07-25T23:19:27.052+0000] {processor.py:183} INFO - Processing /home/airflow/.local/lib/python3.12/site-packages/airflow/example_dags/example_display_name.py took 0.079 seconds
[2024-07-25T23:19:57.750+0000] {processor.py:161} INFO - Started process (PID=385) to work on /home/airflow/.local/lib/python3.12/site-packages/airflow/example_dags/example_display_name.py
[2024-07-25T23:19:57.752+0000] {processor.py:830} INFO - Processing file /home/airflow/.local/lib/python3.12/site-packages/airflow/example_dags/example_display_name.py for tasks to queue
[2024-07-25T23:19:57.756+0000] {logging_mixin.py:188} INFO - [2024-07-25T23:19:57.755+0000] {dagbag.py:545} INFO - Filling up the DagBag from /home/airflow/.local/lib/python3.12/site-packages/airflow/example_dags/example_display_name.py
[2024-07-25T23:19:57.766+0000] {processor.py:840} INFO - DAG(s) 'example_display_name' retrieved from /home/airflow/.local/lib/python3.12/site-packages/airflow/example_dags/example_display_name.py
[2024-07-25T23:19:57.804+0000] {logging_mixin.py:188} INFO - [2024-07-25T23:19:57.804+0000] {dag.py:3089} INFO - Sync 1 DAGs
[2024-07-25T23:19:57.826+0000] {logging_mixin.py:188} INFO - [2024-07-25T23:19:57.826+0000] {dag.py:3947} INFO - Setting next_dagrun for example_display_name to None, run_after=None
[2024-07-25T23:19:57.875+0000] {processor.py:183} INFO - Processing /home/airflow/.local/lib/python3.12/site-packages/airflow/example_dags/example_display_name.py took 0.162 seconds
[2024-07-25T23:20:28.847+0000] {processor.py:161} INFO - Started process (PID=445) to work on /home/airflow/.local/lib/python3.12/site-packages/airflow/example_dags/example_display_name.py
[2024-07-25T23:20:28.848+0000] {processor.py:830} INFO - Processing file /home/airflow/.local/lib/python3.12/site-packages/airflow/example_dags/example_display_name.py for tasks to queue
[2024-07-25T23:20:28.850+0000] {logging_mixin.py:188} INFO - [2024-07-25T23:20:28.850+0000] {dagbag.py:545} INFO - Filling up the DagBag from /home/airflow/.local/lib/python3.12/site-packages/airflow/example_dags/example_display_name.py
[2024-07-25T23:20:28.856+0000] {processor.py:840} INFO - DAG(s) 'example_display_name' retrieved from /home/airflow/.local/lib/python3.12/site-packages/airflow/example_dags/example_display_name.py
[2024-07-25T23:20:28.875+0000] {logging_mixin.py:188} INFO - [2024-07-25T23:20:28.875+0000] {dag.py:3089} INFO - Sync 1 DAGs
[2024-07-25T23:20:28.893+0000] {logging_mixin.py:188} INFO - [2024-07-25T23:20:28.893+0000] {dag.py:3947} INFO - Setting next_dagrun for example_display_name to None, run_after=None
[2024-07-25T23:20:28.917+0000] {processor.py:183} INFO - Processing /home/airflow/.local/lib/python3.12/site-packages/airflow/example_dags/example_display_name.py took 0.076 seconds
[2024-07-25T23:20:59.427+0000] {processor.py:161} INFO - Started process (PID=505) to work on /home/airflow/.local/lib/python3.12/site-packages/airflow/example_dags/example_display_name.py
[2024-07-25T23:20:59.433+0000] {processor.py:830} INFO - Processing file /home/airflow/.local/lib/python3.12/site-packages/airflow/example_dags/example_display_name.py for tasks to queue
[2024-07-25T23:20:59.442+0000] {logging_mixin.py:188} INFO - [2024-07-25T23:20:59.441+0000] {dagbag.py:545} INFO - Filling up the DagBag from /home/airflow/.local/lib/python3.12/site-packages/airflow/example_dags/example_display_name.py
[2024-07-25T23:20:59.546+0000] {processor.py:840} INFO - DAG(s) 'example_display_name' retrieved from /home/airflow/.local/lib/python3.12/site-packages/airflow/example_dags/example_display_name.py
[2024-07-25T23:20:59.686+0000] {logging_mixin.py:188} INFO - [2024-07-25T23:20:59.686+0000] {dag.py:3089} INFO - Sync 1 DAGs
[2024-07-25T23:20:59.763+0000] {logging_mixin.py:188} INFO - [2024-07-25T23:20:59.762+0000] {dag.py:3947} INFO - Setting next_dagrun for example_display_name to None, run_after=None
[2024-07-25T23:20:59.794+0000] {processor.py:183} INFO - Processing /home/airflow/.local/lib/python3.12/site-packages/airflow/example_dags/example_display_name.py took 0.381 seconds
[2024-07-25T23:21:30.211+0000] {processor.py:161} INFO - Started process (PID=565) to work on /home/airflow/.local/lib/python3.12/site-packages/airflow/example_dags/example_display_name.py
[2024-07-25T23:21:30.213+0000] {processor.py:830} INFO - Processing file /home/airflow/.local/lib/python3.12/site-packages/airflow/example_dags/example_display_name.py for tasks to queue
[2024-07-25T23:21:30.215+0000] {logging_mixin.py:188} INFO - [2024-07-25T23:21:30.214+0000] {dagbag.py:545} INFO - Filling up the DagBag from /home/airflow/.local/lib/python3.12/site-packages/airflow/example_dags/example_display_name.py
[2024-07-25T23:21:30.223+0000] {processor.py:840} INFO - DAG(s) 'example_display_name' retrieved from /home/airflow/.local/lib/python3.12/site-packages/airflow/example_dags/example_display_name.py
[2024-07-25T23:21:30.243+0000] {logging_mixin.py:188} INFO - [2024-07-25T23:21:30.243+0000] {dag.py:3089} INFO - Sync 1 DAGs
[2024-07-25T23:21:30.255+0000] {logging_mixin.py:188} INFO - [2024-07-25T23:21:30.255+0000] {dag.py:3947} INFO - Setting next_dagrun for example_display_name to None, run_after=None
[2024-07-25T23:21:30.267+0000] {processor.py:183} INFO - Processing /home/airflow/.local/lib/python3.12/site-packages/airflow/example_dags/example_display_name.py took 0.061 seconds
[2024-07-25T23:22:00.771+0000] {processor.py:161} INFO - Started process (PID=624) to work on /home/airflow/.local/lib/python3.12/site-packages/airflow/example_dags/example_display_name.py
[2024-07-25T23:22:00.777+0000] {processor.py:830} INFO - Processing file /home/airflow/.local/lib/python3.12/site-packages/airflow/example_dags/example_display_name.py for tasks to queue
[2024-07-25T23:22:00.779+0000] {logging_mixin.py:188} INFO - [2024-07-25T23:22:00.779+0000] {dagbag.py:545} INFO - Filling up the DagBag from /home/airflow/.local/lib/python3.12/site-packages/airflow/example_dags/example_display_name.py
[2024-07-25T23:22:00.786+0000] {processor.py:840} INFO - DAG(s) 'example_display_name' retrieved from /home/airflow/.local/lib/python3.12/site-packages/airflow/example_dags/example_display_name.py
[2024-07-25T23:22:00.811+0000] {logging_mixin.py:188} INFO - [2024-07-25T23:22:00.811+0000] {dag.py:3089} INFO - Sync 1 DAGs
[2024-07-25T23:22:00.823+0000] {logging_mixin.py:188} INFO - [2024-07-25T23:22:00.823+0000] {dag.py:3947} INFO - Setting next_dagrun for example_display_name to None, run_after=None
[2024-07-25T23:22:00.838+0000] {processor.py:183} INFO - Processing /home/airflow/.local/lib/python3.12/site-packages/airflow/example_dags/example_display_name.py took 0.074 seconds
[2024-07-25T23:22:31.430+0000] {processor.py:161} INFO - Started process (PID=683) to work on /home/airflow/.local/lib/python3.12/site-packages/airflow/example_dags/example_display_name.py
[2024-07-25T23:22:31.434+0000] {processor.py:830} INFO - Processing file /home/airflow/.local/lib/python3.12/site-packages/airflow/example_dags/example_display_name.py for tasks to queue
[2024-07-25T23:22:31.437+0000] {logging_mixin.py:188} INFO - [2024-07-25T23:22:31.437+0000] {dagbag.py:545} INFO - Filling up the DagBag from /home/airflow/.local/lib/python3.12/site-packages/airflow/example_dags/example_display_name.py
[2024-07-25T23:22:31.449+0000] {processor.py:840} INFO - DAG(s) 'example_display_name' retrieved from /home/airflow/.local/lib/python3.12/site-packages/airflow/example_dags/example_display_name.py
[2024-07-25T23:22:31.471+0000] {logging_mixin.py:188} INFO - [2024-07-25T23:22:31.471+0000] {dag.py:3089} INFO - Sync 1 DAGs
[2024-07-25T23:22:31.482+0000] {logging_mixin.py:188} INFO - [2024-07-25T23:22:31.482+0000] {dag.py:3947} INFO - Setting next_dagrun for example_display_name to None, run_after=None
[2024-07-25T23:22:31.496+0000] {processor.py:183} INFO - Processing /home/airflow/.local/lib/python3.12/site-packages/airflow/example_dags/example_display_name.py took 0.074 seconds
[2024-07-25T23:23:01.870+0000] {processor.py:161} INFO - Started process (PID=742) to work on /home/airflow/.local/lib/python3.12/site-packages/airflow/example_dags/example_display_name.py
[2024-07-25T23:23:01.872+0000] {processor.py:830} INFO - Processing file /home/airflow/.local/lib/python3.12/site-packages/airflow/example_dags/example_display_name.py for tasks to queue
[2024-07-25T23:23:01.877+0000] {logging_mixin.py:188} INFO - [2024-07-25T23:23:01.876+0000] {dagbag.py:545} INFO - Filling up the DagBag from /home/airflow/.local/lib/python3.12/site-packages/airflow/example_dags/example_display_name.py
[2024-07-25T23:23:01.891+0000] {processor.py:840} INFO - DAG(s) 'example_display_name' retrieved from /home/airflow/.local/lib/python3.12/site-packages/airflow/example_dags/example_display_name.py
[2024-07-25T23:23:01.958+0000] {logging_mixin.py:188} INFO - [2024-07-25T23:23:01.957+0000] {dag.py:3089} INFO - Sync 1 DAGs
[2024-07-25T23:23:01.976+0000] {logging_mixin.py:188} INFO - [2024-07-25T23:23:01.976+0000] {dag.py:3947} INFO - Setting next_dagrun for example_display_name to None, run_after=None
[2024-07-25T23:23:02.030+0000] {processor.py:183} INFO - Processing /home/airflow/.local/lib/python3.12/site-packages/airflow/example_dags/example_display_name.py took 0.185 seconds
[2024-07-25T23:23:32.868+0000] {processor.py:161} INFO - Started process (PID=803) to work on /home/airflow/.local/lib/python3.12/site-packages/airflow/example_dags/example_display_name.py
[2024-07-25T23:23:32.874+0000] {processor.py:830} INFO - Processing file /home/airflow/.local/lib/python3.12/site-packages/airflow/example_dags/example_display_name.py for tasks to queue
[2024-07-25T23:23:32.876+0000] {logging_mixin.py:188} INFO - [2024-07-25T23:23:32.876+0000] {dagbag.py:545} INFO - Filling up the DagBag from /home/airflow/.local/lib/python3.12/site-packages/airflow/example_dags/example_display_name.py
[2024-07-25T23:23:32.884+0000] {processor.py:840} INFO - DAG(s) 'example_display_name' retrieved from /home/airflow/.local/lib/python3.12/site-packages/airflow/example_dags/example_display_name.py
[2024-07-25T23:23:32.908+0000] {logging_mixin.py:188} INFO - [2024-07-25T23:23:32.908+0000] {dag.py:3089} INFO - Sync 1 DAGs
[2024-07-25T23:23:32.921+0000] {logging_mixin.py:188} INFO - [2024-07-25T23:23:32.921+0000] {dag.py:3947} INFO - Setting next_dagrun for example_display_name to None, run_after=None
[2024-07-25T23:23:32.945+0000] {processor.py:183} INFO - Processing /home/airflow/.local/lib/python3.12/site-packages/airflow/example_dags/example_display_name.py took 0.083 seconds
[2024-07-25T23:24:06.729+0000] {processor.py:161} INFO - Started process (PID=863) to work on /home/airflow/.local/lib/python3.12/site-packages/airflow/example_dags/example_display_name.py
[2024-07-25T23:24:06.735+0000] {processor.py:830} INFO - Processing file /home/airflow/.local/lib/python3.12/site-packages/airflow/example_dags/example_display_name.py for tasks to queue
[2024-07-25T23:24:06.737+0000] {logging_mixin.py:188} INFO - [2024-07-25T23:24:06.737+0000] {dagbag.py:545} INFO - Filling up the DagBag from /home/airflow/.local/lib/python3.12/site-packages/airflow/example_dags/example_display_name.py
[2024-07-25T23:24:06.756+0000] {processor.py:840} INFO - DAG(s) 'example_display_name' retrieved from /home/airflow/.local/lib/python3.12/site-packages/airflow/example_dags/example_display_name.py
[2024-07-25T23:24:06.803+0000] {logging_mixin.py:188} INFO - [2024-07-25T23:24:06.803+0000] {dag.py:3089} INFO - Sync 1 DAGs
[2024-07-25T23:24:06.850+0000] {logging_mixin.py:188} INFO - [2024-07-25T23:24:06.850+0000] {dag.py:3947} INFO - Setting next_dagrun for example_display_name to None, run_after=None
[2024-07-25T23:24:06.897+0000] {processor.py:183} INFO - Processing /home/airflow/.local/lib/python3.12/site-packages/airflow/example_dags/example_display_name.py took 0.176 seconds
[2024-07-25T23:24:39.029+0000] {processor.py:161} INFO - Started process (PID=923) to work on /home/airflow/.local/lib/python3.12/site-packages/airflow/example_dags/example_display_name.py
[2024-07-25T23:24:39.038+0000] {processor.py:830} INFO - Processing file /home/airflow/.local/lib/python3.12/site-packages/airflow/example_dags/example_display_name.py for tasks to queue
[2024-07-25T23:24:39.045+0000] {logging_mixin.py:188} INFO - [2024-07-25T23:24:39.043+0000] {dagbag.py:545} INFO - Filling up the DagBag from /home/airflow/.local/lib/python3.12/site-packages/airflow/example_dags/example_display_name.py
[2024-07-25T23:24:39.068+0000] {processor.py:840} INFO - DAG(s) 'example_display_name' retrieved from /home/airflow/.local/lib/python3.12/site-packages/airflow/example_dags/example_display_name.py
[2024-07-25T23:24:39.141+0000] {logging_mixin.py:188} INFO - [2024-07-25T23:24:39.140+0000] {dag.py:3089} INFO - Sync 1 DAGs
[2024-07-25T23:24:39.257+0000] {logging_mixin.py:188} INFO - [2024-07-25T23:24:39.251+0000] {dag.py:3947} INFO - Setting next_dagrun for example_display_name to None, run_after=None
[2024-07-25T23:24:39.662+0000] {processor.py:183} INFO - Processing /home/airflow/.local/lib/python3.12/site-packages/airflow/example_dags/example_display_name.py took 0.673 seconds
[2024-07-25T23:25:10.521+0000] {processor.py:161} INFO - Started process (PID=983) to work on /home/airflow/.local/lib/python3.12/site-packages/airflow/example_dags/example_display_name.py
[2024-07-25T23:25:10.523+0000] {processor.py:830} INFO - Processing file /home/airflow/.local/lib/python3.12/site-packages/airflow/example_dags/example_display_name.py for tasks to queue
[2024-07-25T23:25:10.526+0000] {logging_mixin.py:188} INFO - [2024-07-25T23:25:10.526+0000] {dagbag.py:545} INFO - Filling up the DagBag from /home/airflow/.local/lib/python3.12/site-packages/airflow/example_dags/example_display_name.py
[2024-07-25T23:25:10.539+0000] {processor.py:840} INFO - DAG(s) 'example_display_name' retrieved from /home/airflow/.local/lib/python3.12/site-packages/airflow/example_dags/example_display_name.py
[2024-07-25T23:25:10.576+0000] {logging_mixin.py:188} INFO - [2024-07-25T23:25:10.576+0000] {dag.py:3089} INFO - Sync 1 DAGs
[2024-07-25T23:25:10.598+0000] {logging_mixin.py:188} INFO - [2024-07-25T23:25:10.598+0000] {dag.py:3947} INFO - Setting next_dagrun for example_display_name to None, run_after=None
[2024-07-25T23:25:10.638+0000] {processor.py:183} INFO - Processing /home/airflow/.local/lib/python3.12/site-packages/airflow/example_dags/example_display_name.py took 0.129 seconds
[2024-07-25T23:27:57.581+0000] {processor.py:161} INFO - Started process (PID=89) to work on /home/airflow/.local/lib/python3.12/site-packages/airflow/example_dags/example_display_name.py
[2024-07-25T23:27:57.587+0000] {processor.py:830} INFO - Processing file /home/airflow/.local/lib/python3.12/site-packages/airflow/example_dags/example_display_name.py for tasks to queue
[2024-07-25T23:27:57.597+0000] {logging_mixin.py:188} INFO - [2024-07-25T23:27:57.595+0000] {dagbag.py:545} INFO - Filling up the DagBag from /home/airflow/.local/lib/python3.12/site-packages/airflow/example_dags/example_display_name.py
[2024-07-25T23:27:57.631+0000] {processor.py:840} INFO - DAG(s) 'example_display_name' retrieved from /home/airflow/.local/lib/python3.12/site-packages/airflow/example_dags/example_display_name.py
[2024-07-25T23:27:58.325+0000] {logging_mixin.py:188} INFO - [2024-07-25T23:27:58.325+0000] {dag.py:3089} INFO - Sync 1 DAGs
[2024-07-25T23:27:58.360+0000] {logging_mixin.py:188} INFO - [2024-07-25T23:27:58.359+0000] {dag.py:3947} INFO - Setting next_dagrun for example_display_name to None, run_after=None
[2024-07-25T23:27:58.420+0000] {processor.py:183} INFO - Processing /home/airflow/.local/lib/python3.12/site-packages/airflow/example_dags/example_display_name.py took 0.857 seconds
[2024-07-25T23:28:28.597+0000] {processor.py:161} INFO - Started process (PID=149) to work on /home/airflow/.local/lib/python3.12/site-packages/airflow/example_dags/example_display_name.py
[2024-07-25T23:28:28.598+0000] {processor.py:830} INFO - Processing file /home/airflow/.local/lib/python3.12/site-packages/airflow/example_dags/example_display_name.py for tasks to queue
[2024-07-25T23:28:28.600+0000] {logging_mixin.py:188} INFO - [2024-07-25T23:28:28.600+0000] {dagbag.py:545} INFO - Filling up the DagBag from /home/airflow/.local/lib/python3.12/site-packages/airflow/example_dags/example_display_name.py
[2024-07-25T23:28:28.608+0000] {processor.py:840} INFO - DAG(s) 'example_display_name' retrieved from /home/airflow/.local/lib/python3.12/site-packages/airflow/example_dags/example_display_name.py
[2024-07-25T23:28:28.636+0000] {logging_mixin.py:188} INFO - [2024-07-25T23:28:28.635+0000] {dag.py:3089} INFO - Sync 1 DAGs
[2024-07-25T23:28:28.651+0000] {logging_mixin.py:188} INFO - [2024-07-25T23:28:28.650+0000] {dag.py:3947} INFO - Setting next_dagrun for example_display_name to None, run_after=None
[2024-07-25T23:28:28.685+0000] {processor.py:183} INFO - Processing /home/airflow/.local/lib/python3.12/site-packages/airflow/example_dags/example_display_name.py took 0.094 seconds
[2024-07-25T23:28:59.375+0000] {processor.py:161} INFO - Started process (PID=209) to work on /home/airflow/.local/lib/python3.12/site-packages/airflow/example_dags/example_display_name.py
[2024-07-25T23:28:59.379+0000] {processor.py:830} INFO - Processing file /home/airflow/.local/lib/python3.12/site-packages/airflow/example_dags/example_display_name.py for tasks to queue
[2024-07-25T23:28:59.386+0000] {logging_mixin.py:188} INFO - [2024-07-25T23:28:59.385+0000] {dagbag.py:545} INFO - Filling up the DagBag from /home/airflow/.local/lib/python3.12/site-packages/airflow/example_dags/example_display_name.py
[2024-07-25T23:28:59.396+0000] {processor.py:840} INFO - DAG(s) 'example_display_name' retrieved from /home/airflow/.local/lib/python3.12/site-packages/airflow/example_dags/example_display_name.py
[2024-07-25T23:28:59.420+0000] {logging_mixin.py:188} INFO - [2024-07-25T23:28:59.420+0000] {dag.py:3089} INFO - Sync 1 DAGs
[2024-07-25T23:28:59.445+0000] {logging_mixin.py:188} INFO - [2024-07-25T23:28:59.445+0000] {dag.py:3947} INFO - Setting next_dagrun for example_display_name to None, run_after=None
[2024-07-25T23:28:59.478+0000] {processor.py:183} INFO - Processing /home/airflow/.local/lib/python3.12/site-packages/airflow/example_dags/example_display_name.py took 0.114 seconds
[2024-07-25T23:29:30.047+0000] {processor.py:161} INFO - Started process (PID=272) to work on /home/airflow/.local/lib/python3.12/site-packages/airflow/example_dags/example_display_name.py
[2024-07-25T23:29:30.059+0000] {processor.py:830} INFO - Processing file /home/airflow/.local/lib/python3.12/site-packages/airflow/example_dags/example_display_name.py for tasks to queue
[2024-07-25T23:29:30.069+0000] {logging_mixin.py:188} INFO - [2024-07-25T23:29:30.069+0000] {dagbag.py:545} INFO - Filling up the DagBag from /home/airflow/.local/lib/python3.12/site-packages/airflow/example_dags/example_display_name.py
[2024-07-25T23:29:30.157+0000] {processor.py:840} INFO - DAG(s) 'example_display_name' retrieved from /home/airflow/.local/lib/python3.12/site-packages/airflow/example_dags/example_display_name.py
[2024-07-25T23:29:30.419+0000] {logging_mixin.py:188} INFO - [2024-07-25T23:29:30.417+0000] {dag.py:3089} INFO - Sync 1 DAGs
[2024-07-25T23:29:30.552+0000] {logging_mixin.py:188} INFO - [2024-07-25T23:29:30.552+0000] {dag.py:3947} INFO - Setting next_dagrun for example_display_name to None, run_after=None
[2024-07-25T23:29:30.711+0000] {processor.py:183} INFO - Processing /home/airflow/.local/lib/python3.12/site-packages/airflow/example_dags/example_display_name.py took 0.690 seconds
[2024-07-25T23:30:01.281+0000] {processor.py:161} INFO - Started process (PID=332) to work on /home/airflow/.local/lib/python3.12/site-packages/airflow/example_dags/example_display_name.py
[2024-07-25T23:30:01.285+0000] {processor.py:830} INFO - Processing file /home/airflow/.local/lib/python3.12/site-packages/airflow/example_dags/example_display_name.py for tasks to queue
[2024-07-25T23:30:01.288+0000] {logging_mixin.py:188} INFO - [2024-07-25T23:30:01.288+0000] {dagbag.py:545} INFO - Filling up the DagBag from /home/airflow/.local/lib/python3.12/site-packages/airflow/example_dags/example_display_name.py
[2024-07-25T23:30:01.319+0000] {processor.py:840} INFO - DAG(s) 'example_display_name' retrieved from /home/airflow/.local/lib/python3.12/site-packages/airflow/example_dags/example_display_name.py
[2024-07-25T23:30:01.355+0000] {logging_mixin.py:188} INFO - [2024-07-25T23:30:01.355+0000] {dag.py:3089} INFO - Sync 1 DAGs
[2024-07-25T23:30:01.375+0000] {logging_mixin.py:188} INFO - [2024-07-25T23:30:01.375+0000] {dag.py:3947} INFO - Setting next_dagrun for example_display_name to None, run_after=None
[2024-07-25T23:30:01.401+0000] {processor.py:183} INFO - Processing /home/airflow/.local/lib/python3.12/site-packages/airflow/example_dags/example_display_name.py took 0.128 seconds
[2024-07-25T23:30:32.015+0000] {processor.py:161} INFO - Started process (PID=392) to work on /home/airflow/.local/lib/python3.12/site-packages/airflow/example_dags/example_display_name.py
[2024-07-25T23:30:32.018+0000] {processor.py:830} INFO - Processing file /home/airflow/.local/lib/python3.12/site-packages/airflow/example_dags/example_display_name.py for tasks to queue
[2024-07-25T23:30:32.024+0000] {logging_mixin.py:188} INFO - [2024-07-25T23:30:32.023+0000] {dagbag.py:545} INFO - Filling up the DagBag from /home/airflow/.local/lib/python3.12/site-packages/airflow/example_dags/example_display_name.py
[2024-07-25T23:30:32.043+0000] {processor.py:840} INFO - DAG(s) 'example_display_name' retrieved from /home/airflow/.local/lib/python3.12/site-packages/airflow/example_dags/example_display_name.py
[2024-07-25T23:30:32.114+0000] {logging_mixin.py:188} INFO - [2024-07-25T23:30:32.114+0000] {dag.py:3089} INFO - Sync 1 DAGs
[2024-07-25T23:30:32.150+0000] {logging_mixin.py:188} INFO - [2024-07-25T23:30:32.150+0000] {dag.py:3947} INFO - Setting next_dagrun for example_display_name to None, run_after=None
[2024-07-25T23:30:32.183+0000] {processor.py:183} INFO - Processing /home/airflow/.local/lib/python3.12/site-packages/airflow/example_dags/example_display_name.py took 0.197 seconds
[2024-07-25T23:31:02.999+0000] {processor.py:161} INFO - Started process (PID=452) to work on /home/airflow/.local/lib/python3.12/site-packages/airflow/example_dags/example_display_name.py
[2024-07-25T23:31:03.003+0000] {processor.py:830} INFO - Processing file /home/airflow/.local/lib/python3.12/site-packages/airflow/example_dags/example_display_name.py for tasks to queue
[2024-07-25T23:31:03.006+0000] {logging_mixin.py:188} INFO - [2024-07-25T23:31:03.006+0000] {dagbag.py:545} INFO - Filling up the DagBag from /home/airflow/.local/lib/python3.12/site-packages/airflow/example_dags/example_display_name.py
[2024-07-25T23:31:03.018+0000] {processor.py:840} INFO - DAG(s) 'example_display_name' retrieved from /home/airflow/.local/lib/python3.12/site-packages/airflow/example_dags/example_display_name.py
[2024-07-25T23:31:03.059+0000] {logging_mixin.py:188} INFO - [2024-07-25T23:31:03.059+0000] {dag.py:3089} INFO - Sync 1 DAGs
[2024-07-25T23:31:03.087+0000] {logging_mixin.py:188} INFO - [2024-07-25T23:31:03.087+0000] {dag.py:3947} INFO - Setting next_dagrun for example_display_name to None, run_after=None
[2024-07-25T23:31:03.118+0000] {processor.py:183} INFO - Processing /home/airflow/.local/lib/python3.12/site-packages/airflow/example_dags/example_display_name.py took 0.128 seconds
[2024-07-25T23:31:33.740+0000] {processor.py:161} INFO - Started process (PID=518) to work on /home/airflow/.local/lib/python3.12/site-packages/airflow/example_dags/example_display_name.py
[2024-07-25T23:31:33.743+0000] {processor.py:830} INFO - Processing file /home/airflow/.local/lib/python3.12/site-packages/airflow/example_dags/example_display_name.py for tasks to queue
[2024-07-25T23:31:33.749+0000] {logging_mixin.py:188} INFO - [2024-07-25T23:31:33.748+0000] {dagbag.py:545} INFO - Filling up the DagBag from /home/airflow/.local/lib/python3.12/site-packages/airflow/example_dags/example_display_name.py
[2024-07-25T23:31:33.767+0000] {processor.py:840} INFO - DAG(s) 'example_display_name' retrieved from /home/airflow/.local/lib/python3.12/site-packages/airflow/example_dags/example_display_name.py
[2024-07-25T23:31:33.819+0000] {logging_mixin.py:188} INFO - [2024-07-25T23:31:33.819+0000] {dag.py:3089} INFO - Sync 1 DAGs
[2024-07-25T23:31:33.844+0000] {logging_mixin.py:188} INFO - [2024-07-25T23:31:33.844+0000] {dag.py:3947} INFO - Setting next_dagrun for example_display_name to None, run_after=None
[2024-07-25T23:31:33.873+0000] {processor.py:183} INFO - Processing /home/airflow/.local/lib/python3.12/site-packages/airflow/example_dags/example_display_name.py took 0.159 seconds
[2024-07-25T23:32:04.279+0000] {processor.py:161} INFO - Started process (PID=578) to work on /home/airflow/.local/lib/python3.12/site-packages/airflow/example_dags/example_display_name.py
[2024-07-25T23:32:04.282+0000] {processor.py:830} INFO - Processing file /home/airflow/.local/lib/python3.12/site-packages/airflow/example_dags/example_display_name.py for tasks to queue
[2024-07-25T23:32:04.288+0000] {logging_mixin.py:188} INFO - [2024-07-25T23:32:04.287+0000] {dagbag.py:545} INFO - Filling up the DagBag from /home/airflow/.local/lib/python3.12/site-packages/airflow/example_dags/example_display_name.py
[2024-07-25T23:32:04.304+0000] {processor.py:840} INFO - DAG(s) 'example_display_name' retrieved from /home/airflow/.local/lib/python3.12/site-packages/airflow/example_dags/example_display_name.py
[2024-07-25T23:32:04.359+0000] {logging_mixin.py:188} INFO - [2024-07-25T23:32:04.358+0000] {dag.py:3089} INFO - Sync 1 DAGs
[2024-07-25T23:32:04.388+0000] {logging_mixin.py:188} INFO - [2024-07-25T23:32:04.388+0000] {dag.py:3947} INFO - Setting next_dagrun for example_display_name to None, run_after=None
[2024-07-25T23:32:04.417+0000] {processor.py:183} INFO - Processing /home/airflow/.local/lib/python3.12/site-packages/airflow/example_dags/example_display_name.py took 0.151 seconds
[2024-07-25T23:32:35.439+0000] {processor.py:161} INFO - Started process (PID=638) to work on /home/airflow/.local/lib/python3.12/site-packages/airflow/example_dags/example_display_name.py
[2024-07-25T23:32:35.445+0000] {processor.py:830} INFO - Processing file /home/airflow/.local/lib/python3.12/site-packages/airflow/example_dags/example_display_name.py for tasks to queue
[2024-07-25T23:32:35.449+0000] {logging_mixin.py:188} INFO - [2024-07-25T23:32:35.449+0000] {dagbag.py:545} INFO - Filling up the DagBag from /home/airflow/.local/lib/python3.12/site-packages/airflow/example_dags/example_display_name.py
[2024-07-25T23:32:35.457+0000] {processor.py:840} INFO - DAG(s) 'example_display_name' retrieved from /home/airflow/.local/lib/python3.12/site-packages/airflow/example_dags/example_display_name.py
[2024-07-25T23:32:35.506+0000] {logging_mixin.py:188} INFO - [2024-07-25T23:32:35.506+0000] {dag.py:3089} INFO - Sync 1 DAGs
[2024-07-25T23:32:35.528+0000] {logging_mixin.py:188} INFO - [2024-07-25T23:32:35.528+0000] {dag.py:3947} INFO - Setting next_dagrun for example_display_name to None, run_after=None
[2024-07-25T23:32:35.565+0000] {processor.py:183} INFO - Processing /home/airflow/.local/lib/python3.12/site-packages/airflow/example_dags/example_display_name.py took 0.133 seconds
[2024-07-25T23:33:06.015+0000] {processor.py:161} INFO - Started process (PID=698) to work on /home/airflow/.local/lib/python3.12/site-packages/airflow/example_dags/example_display_name.py
[2024-07-25T23:33:06.017+0000] {processor.py:830} INFO - Processing file /home/airflow/.local/lib/python3.12/site-packages/airflow/example_dags/example_display_name.py for tasks to queue
[2024-07-25T23:33:06.025+0000] {logging_mixin.py:188} INFO - [2024-07-25T23:33:06.025+0000] {dagbag.py:545} INFO - Filling up the DagBag from /home/airflow/.local/lib/python3.12/site-packages/airflow/example_dags/example_display_name.py
[2024-07-25T23:33:06.042+0000] {processor.py:840} INFO - DAG(s) 'example_display_name' retrieved from /home/airflow/.local/lib/python3.12/site-packages/airflow/example_dags/example_display_name.py
[2024-07-25T23:33:06.079+0000] {logging_mixin.py:188} INFO - [2024-07-25T23:33:06.079+0000] {dag.py:3089} INFO - Sync 1 DAGs
[2024-07-25T23:33:06.136+0000] {logging_mixin.py:188} INFO - [2024-07-25T23:33:06.135+0000] {dag.py:3947} INFO - Setting next_dagrun for example_display_name to None, run_after=None
[2024-07-25T23:33:06.171+0000] {processor.py:183} INFO - Processing /home/airflow/.local/lib/python3.12/site-packages/airflow/example_dags/example_display_name.py took 0.178 seconds
[2024-07-25T23:33:36.544+0000] {processor.py:161} INFO - Started process (PID=758) to work on /home/airflow/.local/lib/python3.12/site-packages/airflow/example_dags/example_display_name.py
[2024-07-25T23:33:36.555+0000] {processor.py:830} INFO - Processing file /home/airflow/.local/lib/python3.12/site-packages/airflow/example_dags/example_display_name.py for tasks to queue
[2024-07-25T23:33:36.568+0000] {logging_mixin.py:188} INFO - [2024-07-25T23:33:36.568+0000] {dagbag.py:545} INFO - Filling up the DagBag from /home/airflow/.local/lib/python3.12/site-packages/airflow/example_dags/example_display_name.py
[2024-07-25T23:33:36.590+0000] {processor.py:840} INFO - DAG(s) 'example_display_name' retrieved from /home/airflow/.local/lib/python3.12/site-packages/airflow/example_dags/example_display_name.py
[2024-07-25T23:33:36.653+0000] {logging_mixin.py:188} INFO - [2024-07-25T23:33:36.653+0000] {dag.py:3089} INFO - Sync 1 DAGs
[2024-07-25T23:33:36.676+0000] {logging_mixin.py:188} INFO - [2024-07-25T23:33:36.675+0000] {dag.py:3947} INFO - Setting next_dagrun for example_display_name to None, run_after=None
[2024-07-25T23:33:36.708+0000] {processor.py:183} INFO - Processing /home/airflow/.local/lib/python3.12/site-packages/airflow/example_dags/example_display_name.py took 0.178 seconds
[2024-07-25T23:34:06.876+0000] {processor.py:161} INFO - Started process (PID=818) to work on /home/airflow/.local/lib/python3.12/site-packages/airflow/example_dags/example_display_name.py
[2024-07-25T23:34:06.885+0000] {processor.py:830} INFO - Processing file /home/airflow/.local/lib/python3.12/site-packages/airflow/example_dags/example_display_name.py for tasks to queue
[2024-07-25T23:34:06.902+0000] {logging_mixin.py:188} INFO - [2024-07-25T23:34:06.900+0000] {dagbag.py:545} INFO - Filling up the DagBag from /home/airflow/.local/lib/python3.12/site-packages/airflow/example_dags/example_display_name.py
[2024-07-25T23:34:06.925+0000] {processor.py:840} INFO - DAG(s) 'example_display_name' retrieved from /home/airflow/.local/lib/python3.12/site-packages/airflow/example_dags/example_display_name.py
[2024-07-25T23:34:06.994+0000] {logging_mixin.py:188} INFO - [2024-07-25T23:34:06.993+0000] {dag.py:3089} INFO - Sync 1 DAGs
[2024-07-25T23:34:07.017+0000] {logging_mixin.py:188} INFO - [2024-07-25T23:34:07.017+0000] {dag.py:3947} INFO - Setting next_dagrun for example_display_name to None, run_after=None
[2024-07-25T23:34:07.044+0000] {processor.py:183} INFO - Processing /home/airflow/.local/lib/python3.12/site-packages/airflow/example_dags/example_display_name.py took 0.176 seconds
[2024-07-25T23:34:37.172+0000] {processor.py:161} INFO - Started process (PID=877) to work on /home/airflow/.local/lib/python3.12/site-packages/airflow/example_dags/example_display_name.py
[2024-07-25T23:34:37.177+0000] {processor.py:830} INFO - Processing file /home/airflow/.local/lib/python3.12/site-packages/airflow/example_dags/example_display_name.py for tasks to queue
[2024-07-25T23:34:37.181+0000] {logging_mixin.py:188} INFO - [2024-07-25T23:34:37.181+0000] {dagbag.py:545} INFO - Filling up the DagBag from /home/airflow/.local/lib/python3.12/site-packages/airflow/example_dags/example_display_name.py
[2024-07-25T23:34:37.206+0000] {processor.py:840} INFO - DAG(s) 'example_display_name' retrieved from /home/airflow/.local/lib/python3.12/site-packages/airflow/example_dags/example_display_name.py
[2024-07-25T23:34:37.251+0000] {logging_mixin.py:188} INFO - [2024-07-25T23:34:37.250+0000] {dag.py:3089} INFO - Sync 1 DAGs
[2024-07-25T23:34:37.288+0000] {logging_mixin.py:188} INFO - [2024-07-25T23:34:37.287+0000] {dag.py:3947} INFO - Setting next_dagrun for example_display_name to None, run_after=None
[2024-07-25T23:34:37.344+0000] {processor.py:183} INFO - Processing /home/airflow/.local/lib/python3.12/site-packages/airflow/example_dags/example_display_name.py took 0.178 seconds
[2024-07-25T23:35:07.767+0000] {processor.py:161} INFO - Started process (PID=935) to work on /home/airflow/.local/lib/python3.12/site-packages/airflow/example_dags/example_display_name.py
[2024-07-25T23:35:07.773+0000] {processor.py:830} INFO - Processing file /home/airflow/.local/lib/python3.12/site-packages/airflow/example_dags/example_display_name.py for tasks to queue
[2024-07-25T23:35:07.776+0000] {logging_mixin.py:188} INFO - [2024-07-25T23:35:07.775+0000] {dagbag.py:545} INFO - Filling up the DagBag from /home/airflow/.local/lib/python3.12/site-packages/airflow/example_dags/example_display_name.py
[2024-07-25T23:35:07.793+0000] {processor.py:840} INFO - DAG(s) 'example_display_name' retrieved from /home/airflow/.local/lib/python3.12/site-packages/airflow/example_dags/example_display_name.py
[2024-07-25T23:35:07.857+0000] {logging_mixin.py:188} INFO - [2024-07-25T23:35:07.857+0000] {dag.py:3089} INFO - Sync 1 DAGs
[2024-07-25T23:35:07.881+0000] {logging_mixin.py:188} INFO - [2024-07-25T23:35:07.881+0000] {dag.py:3947} INFO - Setting next_dagrun for example_display_name to None, run_after=None
[2024-07-25T23:35:07.919+0000] {processor.py:183} INFO - Processing /home/airflow/.local/lib/python3.12/site-packages/airflow/example_dags/example_display_name.py took 0.170 seconds
[2024-07-25T23:35:38.648+0000] {processor.py:161} INFO - Started process (PID=995) to work on /home/airflow/.local/lib/python3.12/site-packages/airflow/example_dags/example_display_name.py
[2024-07-25T23:35:38.652+0000] {processor.py:830} INFO - Processing file /home/airflow/.local/lib/python3.12/site-packages/airflow/example_dags/example_display_name.py for tasks to queue
[2024-07-25T23:35:38.657+0000] {logging_mixin.py:188} INFO - [2024-07-25T23:35:38.656+0000] {dagbag.py:545} INFO - Filling up the DagBag from /home/airflow/.local/lib/python3.12/site-packages/airflow/example_dags/example_display_name.py
[2024-07-25T23:35:38.676+0000] {processor.py:840} INFO - DAG(s) 'example_display_name' retrieved from /home/airflow/.local/lib/python3.12/site-packages/airflow/example_dags/example_display_name.py
[2024-07-25T23:35:38.715+0000] {logging_mixin.py:188} INFO - [2024-07-25T23:35:38.715+0000] {dag.py:3089} INFO - Sync 1 DAGs
[2024-07-25T23:35:38.748+0000] {logging_mixin.py:188} INFO - [2024-07-25T23:35:38.748+0000] {dag.py:3947} INFO - Setting next_dagrun for example_display_name to None, run_after=None
[2024-07-25T23:35:38.778+0000] {processor.py:183} INFO - Processing /home/airflow/.local/lib/python3.12/site-packages/airflow/example_dags/example_display_name.py took 0.158 seconds
[2024-07-25T23:36:08.970+0000] {processor.py:161} INFO - Started process (PID=1055) to work on /home/airflow/.local/lib/python3.12/site-packages/airflow/example_dags/example_display_name.py
[2024-07-25T23:36:08.973+0000] {processor.py:830} INFO - Processing file /home/airflow/.local/lib/python3.12/site-packages/airflow/example_dags/example_display_name.py for tasks to queue
[2024-07-25T23:36:08.979+0000] {logging_mixin.py:188} INFO - [2024-07-25T23:36:08.978+0000] {dagbag.py:545} INFO - Filling up the DagBag from /home/airflow/.local/lib/python3.12/site-packages/airflow/example_dags/example_display_name.py
[2024-07-25T23:36:08.999+0000] {processor.py:840} INFO - DAG(s) 'example_display_name' retrieved from /home/airflow/.local/lib/python3.12/site-packages/airflow/example_dags/example_display_name.py
[2024-07-25T23:36:09.048+0000] {logging_mixin.py:188} INFO - [2024-07-25T23:36:09.048+0000] {dag.py:3089} INFO - Sync 1 DAGs
[2024-07-25T23:36:09.072+0000] {logging_mixin.py:188} INFO - [2024-07-25T23:36:09.071+0000] {dag.py:3947} INFO - Setting next_dagrun for example_display_name to None, run_after=None
[2024-07-25T23:36:09.103+0000] {processor.py:183} INFO - Processing /home/airflow/.local/lib/python3.12/site-packages/airflow/example_dags/example_display_name.py took 0.143 seconds
[2024-07-25T23:36:39.914+0000] {processor.py:161} INFO - Started process (PID=1114) to work on /home/airflow/.local/lib/python3.12/site-packages/airflow/example_dags/example_display_name.py
[2024-07-25T23:36:39.917+0000] {processor.py:830} INFO - Processing file /home/airflow/.local/lib/python3.12/site-packages/airflow/example_dags/example_display_name.py for tasks to queue
[2024-07-25T23:36:39.924+0000] {logging_mixin.py:188} INFO - [2024-07-25T23:36:39.923+0000] {dagbag.py:545} INFO - Filling up the DagBag from /home/airflow/.local/lib/python3.12/site-packages/airflow/example_dags/example_display_name.py
[2024-07-25T23:36:39.956+0000] {processor.py:840} INFO - DAG(s) 'example_display_name' retrieved from /home/airflow/.local/lib/python3.12/site-packages/airflow/example_dags/example_display_name.py
[2024-07-25T23:36:40.003+0000] {logging_mixin.py:188} INFO - [2024-07-25T23:36:40.002+0000] {dag.py:3089} INFO - Sync 1 DAGs
[2024-07-25T23:36:40.027+0000] {logging_mixin.py:188} INFO - [2024-07-25T23:36:40.026+0000] {dag.py:3947} INFO - Setting next_dagrun for example_display_name to None, run_after=None
[2024-07-25T23:36:40.064+0000] {processor.py:183} INFO - Processing /home/airflow/.local/lib/python3.12/site-packages/airflow/example_dags/example_display_name.py took 0.166 seconds
[2024-07-25T23:37:10.746+0000] {processor.py:161} INFO - Started process (PID=1174) to work on /home/airflow/.local/lib/python3.12/site-packages/airflow/example_dags/example_display_name.py
[2024-07-25T23:37:10.783+0000] {processor.py:830} INFO - Processing file /home/airflow/.local/lib/python3.12/site-packages/airflow/example_dags/example_display_name.py for tasks to queue
[2024-07-25T23:37:10.891+0000] {logging_mixin.py:188} INFO - [2024-07-25T23:37:10.887+0000] {dagbag.py:545} INFO - Filling up the DagBag from /home/airflow/.local/lib/python3.12/site-packages/airflow/example_dags/example_display_name.py
[2024-07-25T23:37:11.247+0000] {processor.py:840} INFO - DAG(s) 'example_display_name' retrieved from /home/airflow/.local/lib/python3.12/site-packages/airflow/example_dags/example_display_name.py
[2024-07-25T23:37:11.375+0000] {logging_mixin.py:188} INFO - [2024-07-25T23:37:11.374+0000] {dag.py:3089} INFO - Sync 1 DAGs
[2024-07-25T23:37:11.426+0000] {logging_mixin.py:188} INFO - [2024-07-25T23:37:11.425+0000] {dag.py:3947} INFO - Setting next_dagrun for example_display_name to None, run_after=None
[2024-07-25T23:37:11.492+0000] {processor.py:183} INFO - Processing /home/airflow/.local/lib/python3.12/site-packages/airflow/example_dags/example_display_name.py took 1.030 seconds
[2024-07-25T23:37:42.065+0000] {processor.py:161} INFO - Started process (PID=1234) to work on /home/airflow/.local/lib/python3.12/site-packages/airflow/example_dags/example_display_name.py
[2024-07-25T23:37:42.067+0000] {processor.py:830} INFO - Processing file /home/airflow/.local/lib/python3.12/site-packages/airflow/example_dags/example_display_name.py for tasks to queue
[2024-07-25T23:37:42.069+0000] {logging_mixin.py:188} INFO - [2024-07-25T23:37:42.069+0000] {dagbag.py:545} INFO - Filling up the DagBag from /home/airflow/.local/lib/python3.12/site-packages/airflow/example_dags/example_display_name.py
[2024-07-25T23:37:42.077+0000] {processor.py:840} INFO - DAG(s) 'example_display_name' retrieved from /home/airflow/.local/lib/python3.12/site-packages/airflow/example_dags/example_display_name.py
[2024-07-25T23:37:42.102+0000] {logging_mixin.py:188} INFO - [2024-07-25T23:37:42.102+0000] {dag.py:3089} INFO - Sync 1 DAGs
[2024-07-25T23:37:42.113+0000] {logging_mixin.py:188} INFO - [2024-07-25T23:37:42.113+0000] {dag.py:3947} INFO - Setting next_dagrun for example_display_name to None, run_after=None
[2024-07-25T23:37:42.133+0000] {processor.py:183} INFO - Processing /home/airflow/.local/lib/python3.12/site-packages/airflow/example_dags/example_display_name.py took 0.075 seconds
[2024-07-25T23:38:12.832+0000] {processor.py:161} INFO - Started process (PID=1294) to work on /home/airflow/.local/lib/python3.12/site-packages/airflow/example_dags/example_display_name.py
[2024-07-25T23:38:12.834+0000] {processor.py:830} INFO - Processing file /home/airflow/.local/lib/python3.12/site-packages/airflow/example_dags/example_display_name.py for tasks to queue
[2024-07-25T23:38:12.837+0000] {logging_mixin.py:188} INFO - [2024-07-25T23:38:12.836+0000] {dagbag.py:545} INFO - Filling up the DagBag from /home/airflow/.local/lib/python3.12/site-packages/airflow/example_dags/example_display_name.py
[2024-07-25T23:38:12.845+0000] {processor.py:840} INFO - DAG(s) 'example_display_name' retrieved from /home/airflow/.local/lib/python3.12/site-packages/airflow/example_dags/example_display_name.py
[2024-07-25T23:38:12.864+0000] {logging_mixin.py:188} INFO - [2024-07-25T23:38:12.864+0000] {dag.py:3089} INFO - Sync 1 DAGs
[2024-07-25T23:38:12.884+0000] {logging_mixin.py:188} INFO - [2024-07-25T23:38:12.883+0000] {dag.py:3947} INFO - Setting next_dagrun for example_display_name to None, run_after=None
[2024-07-25T23:38:12.903+0000] {processor.py:183} INFO - Processing /home/airflow/.local/lib/python3.12/site-packages/airflow/example_dags/example_display_name.py took 0.078 seconds
[2024-07-25T23:38:43.122+0000] {processor.py:161} INFO - Started process (PID=1354) to work on /home/airflow/.local/lib/python3.12/site-packages/airflow/example_dags/example_display_name.py
[2024-07-25T23:38:43.124+0000] {processor.py:830} INFO - Processing file /home/airflow/.local/lib/python3.12/site-packages/airflow/example_dags/example_display_name.py for tasks to queue
[2024-07-25T23:38:43.129+0000] {logging_mixin.py:188} INFO - [2024-07-25T23:38:43.129+0000] {dagbag.py:545} INFO - Filling up the DagBag from /home/airflow/.local/lib/python3.12/site-packages/airflow/example_dags/example_display_name.py
[2024-07-25T23:38:43.136+0000] {processor.py:840} INFO - DAG(s) 'example_display_name' retrieved from /home/airflow/.local/lib/python3.12/site-packages/airflow/example_dags/example_display_name.py
[2024-07-25T23:38:43.174+0000] {logging_mixin.py:188} INFO - [2024-07-25T23:38:43.174+0000] {dag.py:3089} INFO - Sync 1 DAGs
[2024-07-25T23:38:43.186+0000] {logging_mixin.py:188} INFO - [2024-07-25T23:38:43.186+0000] {dag.py:3947} INFO - Setting next_dagrun for example_display_name to None, run_after=None
[2024-07-25T23:38:43.210+0000] {processor.py:183} INFO - Processing /home/airflow/.local/lib/python3.12/site-packages/airflow/example_dags/example_display_name.py took 0.096 seconds
[2024-07-25T23:39:13.644+0000] {processor.py:161} INFO - Started process (PID=1414) to work on /home/airflow/.local/lib/python3.12/site-packages/airflow/example_dags/example_display_name.py
[2024-07-25T23:39:13.651+0000] {processor.py:830} INFO - Processing file /home/airflow/.local/lib/python3.12/site-packages/airflow/example_dags/example_display_name.py for tasks to queue
[2024-07-25T23:39:13.654+0000] {logging_mixin.py:188} INFO - [2024-07-25T23:39:13.653+0000] {dagbag.py:545} INFO - Filling up the DagBag from /home/airflow/.local/lib/python3.12/site-packages/airflow/example_dags/example_display_name.py
[2024-07-25T23:39:13.660+0000] {processor.py:840} INFO - DAG(s) 'example_display_name' retrieved from /home/airflow/.local/lib/python3.12/site-packages/airflow/example_dags/example_display_name.py
[2024-07-25T23:39:13.679+0000] {logging_mixin.py:188} INFO - [2024-07-25T23:39:13.679+0000] {dag.py:3089} INFO - Sync 1 DAGs
[2024-07-25T23:39:13.690+0000] {logging_mixin.py:188} INFO - [2024-07-25T23:39:13.690+0000] {dag.py:3947} INFO - Setting next_dagrun for example_display_name to None, run_after=None
[2024-07-25T23:39:13.709+0000] {processor.py:183} INFO - Processing /home/airflow/.local/lib/python3.12/site-packages/airflow/example_dags/example_display_name.py took 0.071 seconds
[2024-07-25T23:39:44.503+0000] {processor.py:161} INFO - Started process (PID=1474) to work on /home/airflow/.local/lib/python3.12/site-packages/airflow/example_dags/example_display_name.py
[2024-07-25T23:39:44.504+0000] {processor.py:830} INFO - Processing file /home/airflow/.local/lib/python3.12/site-packages/airflow/example_dags/example_display_name.py for tasks to queue
[2024-07-25T23:39:44.506+0000] {logging_mixin.py:188} INFO - [2024-07-25T23:39:44.506+0000] {dagbag.py:545} INFO - Filling up the DagBag from /home/airflow/.local/lib/python3.12/site-packages/airflow/example_dags/example_display_name.py
[2024-07-25T23:39:44.516+0000] {processor.py:840} INFO - DAG(s) 'example_display_name' retrieved from /home/airflow/.local/lib/python3.12/site-packages/airflow/example_dags/example_display_name.py
[2024-07-25T23:39:44.547+0000] {logging_mixin.py:188} INFO - [2024-07-25T23:39:44.547+0000] {dag.py:3089} INFO - Sync 1 DAGs
[2024-07-25T23:39:44.564+0000] {logging_mixin.py:188} INFO - [2024-07-25T23:39:44.563+0000] {dag.py:3947} INFO - Setting next_dagrun for example_display_name to None, run_after=None
[2024-07-25T23:39:44.587+0000] {processor.py:183} INFO - Processing /home/airflow/.local/lib/python3.12/site-packages/airflow/example_dags/example_display_name.py took 0.092 seconds
[2024-07-25T23:40:15.345+0000] {processor.py:161} INFO - Started process (PID=1534) to work on /home/airflow/.local/lib/python3.12/site-packages/airflow/example_dags/example_display_name.py
[2024-07-25T23:40:15.347+0000] {processor.py:830} INFO - Processing file /home/airflow/.local/lib/python3.12/site-packages/airflow/example_dags/example_display_name.py for tasks to queue
[2024-07-25T23:40:15.349+0000] {logging_mixin.py:188} INFO - [2024-07-25T23:40:15.349+0000] {dagbag.py:545} INFO - Filling up the DagBag from /home/airflow/.local/lib/python3.12/site-packages/airflow/example_dags/example_display_name.py
[2024-07-25T23:40:15.357+0000] {processor.py:840} INFO - DAG(s) 'example_display_name' retrieved from /home/airflow/.local/lib/python3.12/site-packages/airflow/example_dags/example_display_name.py
[2024-07-25T23:40:15.380+0000] {logging_mixin.py:188} INFO - [2024-07-25T23:40:15.380+0000] {dag.py:3089} INFO - Sync 1 DAGs
[2024-07-25T23:40:15.394+0000] {logging_mixin.py:188} INFO - [2024-07-25T23:40:15.394+0000] {dag.py:3947} INFO - Setting next_dagrun for example_display_name to None, run_after=None
[2024-07-25T23:40:15.419+0000] {processor.py:183} INFO - Processing /home/airflow/.local/lib/python3.12/site-packages/airflow/example_dags/example_display_name.py took 0.083 seconds
[2024-07-25T23:40:45.506+0000] {processor.py:161} INFO - Started process (PID=1594) to work on /home/airflow/.local/lib/python3.12/site-packages/airflow/example_dags/example_display_name.py
[2024-07-25T23:40:45.510+0000] {processor.py:830} INFO - Processing file /home/airflow/.local/lib/python3.12/site-packages/airflow/example_dags/example_display_name.py for tasks to queue
[2024-07-25T23:40:45.524+0000] {logging_mixin.py:188} INFO - [2024-07-25T23:40:45.523+0000] {dagbag.py:545} INFO - Filling up the DagBag from /home/airflow/.local/lib/python3.12/site-packages/airflow/example_dags/example_display_name.py
[2024-07-25T23:40:45.553+0000] {processor.py:840} INFO - DAG(s) 'example_display_name' retrieved from /home/airflow/.local/lib/python3.12/site-packages/airflow/example_dags/example_display_name.py
[2024-07-25T23:40:45.610+0000] {logging_mixin.py:188} INFO - [2024-07-25T23:40:45.610+0000] {dag.py:3089} INFO - Sync 1 DAGs
[2024-07-25T23:40:45.655+0000] {logging_mixin.py:188} INFO - [2024-07-25T23:40:45.655+0000] {dag.py:3947} INFO - Setting next_dagrun for example_display_name to None, run_after=None
[2024-07-25T23:40:45.698+0000] {processor.py:183} INFO - Processing /home/airflow/.local/lib/python3.12/site-packages/airflow/example_dags/example_display_name.py took 0.207 seconds
[2024-07-25T23:41:16.317+0000] {processor.py:161} INFO - Started process (PID=1654) to work on /home/airflow/.local/lib/python3.12/site-packages/airflow/example_dags/example_display_name.py
[2024-07-25T23:41:16.324+0000] {processor.py:830} INFO - Processing file /home/airflow/.local/lib/python3.12/site-packages/airflow/example_dags/example_display_name.py for tasks to queue
[2024-07-25T23:41:16.338+0000] {logging_mixin.py:188} INFO - [2024-07-25T23:41:16.337+0000] {dagbag.py:545} INFO - Filling up the DagBag from /home/airflow/.local/lib/python3.12/site-packages/airflow/example_dags/example_display_name.py
[2024-07-25T23:41:16.355+0000] {processor.py:840} INFO - DAG(s) 'example_display_name' retrieved from /home/airflow/.local/lib/python3.12/site-packages/airflow/example_dags/example_display_name.py
[2024-07-25T23:41:16.417+0000] {logging_mixin.py:188} INFO - [2024-07-25T23:41:16.416+0000] {dag.py:3089} INFO - Sync 1 DAGs
[2024-07-25T23:41:16.448+0000] {logging_mixin.py:188} INFO - [2024-07-25T23:41:16.448+0000] {dag.py:3947} INFO - Setting next_dagrun for example_display_name to None, run_after=None
[2024-07-25T23:41:16.524+0000] {processor.py:183} INFO - Processing /home/airflow/.local/lib/python3.12/site-packages/airflow/example_dags/example_display_name.py took 0.228 seconds
[2024-07-25T23:41:47.262+0000] {processor.py:161} INFO - Started process (PID=1714) to work on /home/airflow/.local/lib/python3.12/site-packages/airflow/example_dags/example_display_name.py
[2024-07-25T23:41:47.267+0000] {processor.py:830} INFO - Processing file /home/airflow/.local/lib/python3.12/site-packages/airflow/example_dags/example_display_name.py for tasks to queue
[2024-07-25T23:41:47.269+0000] {logging_mixin.py:188} INFO - [2024-07-25T23:41:47.268+0000] {dagbag.py:545} INFO - Filling up the DagBag from /home/airflow/.local/lib/python3.12/site-packages/airflow/example_dags/example_display_name.py
[2024-07-25T23:41:47.274+0000] {processor.py:840} INFO - DAG(s) 'example_display_name' retrieved from /home/airflow/.local/lib/python3.12/site-packages/airflow/example_dags/example_display_name.py
[2024-07-25T23:41:47.288+0000] {logging_mixin.py:188} INFO - [2024-07-25T23:41:47.288+0000] {dag.py:3089} INFO - Sync 1 DAGs
[2024-07-25T23:41:47.297+0000] {logging_mixin.py:188} INFO - [2024-07-25T23:41:47.297+0000] {dag.py:3947} INFO - Setting next_dagrun for example_display_name to None, run_after=None
[2024-07-25T23:41:47.438+0000] {processor.py:183} INFO - Processing /home/airflow/.local/lib/python3.12/site-packages/airflow/example_dags/example_display_name.py took 0.182 seconds
[2024-07-25T23:42:17.880+0000] {processor.py:161} INFO - Started process (PID=1774) to work on /home/airflow/.local/lib/python3.12/site-packages/airflow/example_dags/example_display_name.py
[2024-07-25T23:42:17.885+0000] {processor.py:830} INFO - Processing file /home/airflow/.local/lib/python3.12/site-packages/airflow/example_dags/example_display_name.py for tasks to queue
[2024-07-25T23:42:17.888+0000] {logging_mixin.py:188} INFO - [2024-07-25T23:42:17.887+0000] {dagbag.py:545} INFO - Filling up the DagBag from /home/airflow/.local/lib/python3.12/site-packages/airflow/example_dags/example_display_name.py
[2024-07-25T23:42:17.895+0000] {processor.py:840} INFO - DAG(s) 'example_display_name' retrieved from /home/airflow/.local/lib/python3.12/site-packages/airflow/example_dags/example_display_name.py
[2024-07-25T23:42:17.914+0000] {logging_mixin.py:188} INFO - [2024-07-25T23:42:17.914+0000] {dag.py:3089} INFO - Sync 1 DAGs
[2024-07-25T23:42:17.926+0000] {logging_mixin.py:188} INFO - [2024-07-25T23:42:17.926+0000] {dag.py:3947} INFO - Setting next_dagrun for example_display_name to None, run_after=None
[2024-07-25T23:42:17.944+0000] {processor.py:183} INFO - Processing /home/airflow/.local/lib/python3.12/site-packages/airflow/example_dags/example_display_name.py took 0.071 seconds
[2024-07-25T23:42:48.818+0000] {processor.py:161} INFO - Started process (PID=1834) to work on /home/airflow/.local/lib/python3.12/site-packages/airflow/example_dags/example_display_name.py
[2024-07-25T23:42:48.819+0000] {processor.py:830} INFO - Processing file /home/airflow/.local/lib/python3.12/site-packages/airflow/example_dags/example_display_name.py for tasks to queue
[2024-07-25T23:42:48.821+0000] {logging_mixin.py:188} INFO - [2024-07-25T23:42:48.820+0000] {dagbag.py:545} INFO - Filling up the DagBag from /home/airflow/.local/lib/python3.12/site-packages/airflow/example_dags/example_display_name.py
[2024-07-25T23:42:48.829+0000] {processor.py:840} INFO - DAG(s) 'example_display_name' retrieved from /home/airflow/.local/lib/python3.12/site-packages/airflow/example_dags/example_display_name.py
[2024-07-25T23:42:48.848+0000] {logging_mixin.py:188} INFO - [2024-07-25T23:42:48.848+0000] {dag.py:3089} INFO - Sync 1 DAGs
[2024-07-25T23:42:48.858+0000] {logging_mixin.py:188} INFO - [2024-07-25T23:42:48.858+0000] {dag.py:3947} INFO - Setting next_dagrun for example_display_name to None, run_after=None
[2024-07-25T23:42:48.875+0000] {processor.py:183} INFO - Processing /home/airflow/.local/lib/python3.12/site-packages/airflow/example_dags/example_display_name.py took 0.064 seconds
[2024-07-25T23:43:19.152+0000] {processor.py:161} INFO - Started process (PID=1894) to work on /home/airflow/.local/lib/python3.12/site-packages/airflow/example_dags/example_display_name.py
[2024-07-25T23:43:19.155+0000] {processor.py:830} INFO - Processing file /home/airflow/.local/lib/python3.12/site-packages/airflow/example_dags/example_display_name.py for tasks to queue
[2024-07-25T23:43:19.157+0000] {logging_mixin.py:188} INFO - [2024-07-25T23:43:19.157+0000] {dagbag.py:545} INFO - Filling up the DagBag from /home/airflow/.local/lib/python3.12/site-packages/airflow/example_dags/example_display_name.py
[2024-07-25T23:43:19.166+0000] {processor.py:840} INFO - DAG(s) 'example_display_name' retrieved from /home/airflow/.local/lib/python3.12/site-packages/airflow/example_dags/example_display_name.py
[2024-07-25T23:43:19.182+0000] {logging_mixin.py:188} INFO - [2024-07-25T23:43:19.182+0000] {dag.py:3089} INFO - Sync 1 DAGs
[2024-07-25T23:43:19.190+0000] {logging_mixin.py:188} INFO - [2024-07-25T23:43:19.190+0000] {dag.py:3947} INFO - Setting next_dagrun for example_display_name to None, run_after=None
[2024-07-25T23:43:19.205+0000] {processor.py:183} INFO - Processing /home/airflow/.local/lib/python3.12/site-packages/airflow/example_dags/example_display_name.py took 0.060 seconds
[2024-07-25T23:43:49.578+0000] {processor.py:161} INFO - Started process (PID=1954) to work on /home/airflow/.local/lib/python3.12/site-packages/airflow/example_dags/example_display_name.py
[2024-07-25T23:43:49.578+0000] {processor.py:830} INFO - Processing file /home/airflow/.local/lib/python3.12/site-packages/airflow/example_dags/example_display_name.py for tasks to queue
[2024-07-25T23:43:49.581+0000] {logging_mixin.py:188} INFO - [2024-07-25T23:43:49.580+0000] {dagbag.py:545} INFO - Filling up the DagBag from /home/airflow/.local/lib/python3.12/site-packages/airflow/example_dags/example_display_name.py
[2024-07-25T23:43:49.585+0000] {processor.py:840} INFO - DAG(s) 'example_display_name' retrieved from /home/airflow/.local/lib/python3.12/site-packages/airflow/example_dags/example_display_name.py
[2024-07-25T23:43:49.601+0000] {logging_mixin.py:188} INFO - [2024-07-25T23:43:49.601+0000] {dag.py:3089} INFO - Sync 1 DAGs
[2024-07-25T23:43:49.725+0000] {logging_mixin.py:188} INFO - [2024-07-25T23:43:49.724+0000] {dag.py:3947} INFO - Setting next_dagrun for example_display_name to None, run_after=None
[2024-07-25T23:43:49.739+0000] {processor.py:183} INFO - Processing /home/airflow/.local/lib/python3.12/site-packages/airflow/example_dags/example_display_name.py took 0.166 seconds
[2024-07-25T23:44:20.798+0000] {processor.py:161} INFO - Started process (PID=2012) to work on /home/airflow/.local/lib/python3.12/site-packages/airflow/example_dags/example_display_name.py
[2024-07-25T23:44:20.801+0000] {processor.py:830} INFO - Processing file /home/airflow/.local/lib/python3.12/site-packages/airflow/example_dags/example_display_name.py for tasks to queue
[2024-07-25T23:44:20.804+0000] {logging_mixin.py:188} INFO - [2024-07-25T23:44:20.804+0000] {dagbag.py:545} INFO - Filling up the DagBag from /home/airflow/.local/lib/python3.12/site-packages/airflow/example_dags/example_display_name.py
[2024-07-25T23:44:20.831+0000] {processor.py:840} INFO - DAG(s) 'example_display_name' retrieved from /home/airflow/.local/lib/python3.12/site-packages/airflow/example_dags/example_display_name.py
[2024-07-25T23:44:22.056+0000] {logging_mixin.py:188} INFO - [2024-07-25T23:44:22.021+0000] {dag.py:3089} INFO - Sync 1 DAGs
[2024-07-25T23:44:22.469+0000] {logging_mixin.py:188} INFO - [2024-07-25T23:44:22.465+0000] {dag.py:3947} INFO - Setting next_dagrun for example_display_name to None, run_after=None
[2024-07-25T23:44:22.577+0000] {processor.py:183} INFO - Processing /home/airflow/.local/lib/python3.12/site-packages/airflow/example_dags/example_display_name.py took 1.786 seconds
[2024-07-25T23:44:53.604+0000] {processor.py:161} INFO - Started process (PID=2072) to work on /home/airflow/.local/lib/python3.12/site-packages/airflow/example_dags/example_display_name.py
[2024-07-25T23:44:53.607+0000] {processor.py:830} INFO - Processing file /home/airflow/.local/lib/python3.12/site-packages/airflow/example_dags/example_display_name.py for tasks to queue
[2024-07-25T23:44:53.610+0000] {logging_mixin.py:188} INFO - [2024-07-25T23:44:53.609+0000] {dagbag.py:545} INFO - Filling up the DagBag from /home/airflow/.local/lib/python3.12/site-packages/airflow/example_dags/example_display_name.py
[2024-07-25T23:44:53.619+0000] {processor.py:840} INFO - DAG(s) 'example_display_name' retrieved from /home/airflow/.local/lib/python3.12/site-packages/airflow/example_dags/example_display_name.py
[2024-07-25T23:44:53.642+0000] {logging_mixin.py:188} INFO - [2024-07-25T23:44:53.642+0000] {dag.py:3089} INFO - Sync 1 DAGs
[2024-07-25T23:44:53.653+0000] {logging_mixin.py:188} INFO - [2024-07-25T23:44:53.652+0000] {dag.py:3947} INFO - Setting next_dagrun for example_display_name to None, run_after=None
[2024-07-25T23:44:53.668+0000] {processor.py:183} INFO - Processing /home/airflow/.local/lib/python3.12/site-packages/airflow/example_dags/example_display_name.py took 0.071 seconds
[2024-07-25T23:45:24.232+0000] {processor.py:161} INFO - Started process (PID=2132) to work on /home/airflow/.local/lib/python3.12/site-packages/airflow/example_dags/example_display_name.py
[2024-07-25T23:45:24.236+0000] {processor.py:830} INFO - Processing file /home/airflow/.local/lib/python3.12/site-packages/airflow/example_dags/example_display_name.py for tasks to queue
[2024-07-25T23:45:24.237+0000] {logging_mixin.py:188} INFO - [2024-07-25T23:45:24.237+0000] {dagbag.py:545} INFO - Filling up the DagBag from /home/airflow/.local/lib/python3.12/site-packages/airflow/example_dags/example_display_name.py
[2024-07-25T23:45:24.250+0000] {processor.py:840} INFO - DAG(s) 'example_display_name' retrieved from /home/airflow/.local/lib/python3.12/site-packages/airflow/example_dags/example_display_name.py
[2024-07-25T23:45:24.279+0000] {logging_mixin.py:188} INFO - [2024-07-25T23:45:24.278+0000] {dag.py:3089} INFO - Sync 1 DAGs
[2024-07-25T23:45:24.292+0000] {logging_mixin.py:188} INFO - [2024-07-25T23:45:24.292+0000] {dag.py:3947} INFO - Setting next_dagrun for example_display_name to None, run_after=None
[2024-07-25T23:45:24.317+0000] {processor.py:183} INFO - Processing /home/airflow/.local/lib/python3.12/site-packages/airflow/example_dags/example_display_name.py took 0.092 seconds
[2024-07-25T23:45:54.525+0000] {processor.py:161} INFO - Started process (PID=2191) to work on /home/airflow/.local/lib/python3.12/site-packages/airflow/example_dags/example_display_name.py
[2024-07-25T23:45:54.527+0000] {processor.py:830} INFO - Processing file /home/airflow/.local/lib/python3.12/site-packages/airflow/example_dags/example_display_name.py for tasks to queue
[2024-07-25T23:45:54.530+0000] {logging_mixin.py:188} INFO - [2024-07-25T23:45:54.530+0000] {dagbag.py:545} INFO - Filling up the DagBag from /home/airflow/.local/lib/python3.12/site-packages/airflow/example_dags/example_display_name.py
[2024-07-25T23:45:54.541+0000] {processor.py:840} INFO - DAG(s) 'example_display_name' retrieved from /home/airflow/.local/lib/python3.12/site-packages/airflow/example_dags/example_display_name.py
[2024-07-25T23:45:54.573+0000] {logging_mixin.py:188} INFO - [2024-07-25T23:45:54.573+0000] {dag.py:3089} INFO - Sync 1 DAGs
[2024-07-25T23:45:54.588+0000] {logging_mixin.py:188} INFO - [2024-07-25T23:45:54.588+0000] {dag.py:3947} INFO - Setting next_dagrun for example_display_name to None, run_after=None
[2024-07-25T23:45:54.605+0000] {processor.py:183} INFO - Processing /home/airflow/.local/lib/python3.12/site-packages/airflow/example_dags/example_display_name.py took 0.094 seconds
[2024-07-25T23:46:25.372+0000] {processor.py:161} INFO - Started process (PID=2252) to work on /home/airflow/.local/lib/python3.12/site-packages/airflow/example_dags/example_display_name.py
[2024-07-25T23:46:25.375+0000] {processor.py:830} INFO - Processing file /home/airflow/.local/lib/python3.12/site-packages/airflow/example_dags/example_display_name.py for tasks to queue
[2024-07-25T23:46:25.377+0000] {logging_mixin.py:188} INFO - [2024-07-25T23:46:25.377+0000] {dagbag.py:545} INFO - Filling up the DagBag from /home/airflow/.local/lib/python3.12/site-packages/airflow/example_dags/example_display_name.py
[2024-07-25T23:46:25.391+0000] {processor.py:840} INFO - DAG(s) 'example_display_name' retrieved from /home/airflow/.local/lib/python3.12/site-packages/airflow/example_dags/example_display_name.py
[2024-07-25T23:46:25.443+0000] {logging_mixin.py:188} INFO - [2024-07-25T23:46:25.443+0000] {dag.py:3089} INFO - Sync 1 DAGs
[2024-07-25T23:46:25.460+0000] {logging_mixin.py:188} INFO - [2024-07-25T23:46:25.460+0000] {dag.py:3947} INFO - Setting next_dagrun for example_display_name to None, run_after=None
[2024-07-25T23:46:25.494+0000] {processor.py:183} INFO - Processing /home/airflow/.local/lib/python3.12/site-packages/airflow/example_dags/example_display_name.py took 0.132 seconds
[2024-07-25T23:46:56.075+0000] {processor.py:161} INFO - Started process (PID=2312) to work on /home/airflow/.local/lib/python3.12/site-packages/airflow/example_dags/example_display_name.py
[2024-07-25T23:46:56.079+0000] {processor.py:830} INFO - Processing file /home/airflow/.local/lib/python3.12/site-packages/airflow/example_dags/example_display_name.py for tasks to queue
[2024-07-25T23:46:56.087+0000] {logging_mixin.py:188} INFO - [2024-07-25T23:46:56.087+0000] {dagbag.py:545} INFO - Filling up the DagBag from /home/airflow/.local/lib/python3.12/site-packages/airflow/example_dags/example_display_name.py
[2024-07-25T23:46:56.101+0000] {processor.py:840} INFO - DAG(s) 'example_display_name' retrieved from /home/airflow/.local/lib/python3.12/site-packages/airflow/example_dags/example_display_name.py
[2024-07-25T23:46:56.135+0000] {logging_mixin.py:188} INFO - [2024-07-25T23:46:56.135+0000] {dag.py:3089} INFO - Sync 1 DAGs
[2024-07-25T23:46:56.150+0000] {logging_mixin.py:188} INFO - [2024-07-25T23:46:56.150+0000] {dag.py:3947} INFO - Setting next_dagrun for example_display_name to None, run_after=None
[2024-07-25T23:46:56.171+0000] {processor.py:183} INFO - Processing /home/airflow/.local/lib/python3.12/site-packages/airflow/example_dags/example_display_name.py took 0.105 seconds
[2024-07-25T23:47:26.498+0000] {processor.py:161} INFO - Started process (PID=2371) to work on /home/airflow/.local/lib/python3.12/site-packages/airflow/example_dags/example_display_name.py
[2024-07-25T23:47:26.500+0000] {processor.py:830} INFO - Processing file /home/airflow/.local/lib/python3.12/site-packages/airflow/example_dags/example_display_name.py for tasks to queue
[2024-07-25T23:47:26.501+0000] {logging_mixin.py:188} INFO - [2024-07-25T23:47:26.501+0000] {dagbag.py:545} INFO - Filling up the DagBag from /home/airflow/.local/lib/python3.12/site-packages/airflow/example_dags/example_display_name.py
[2024-07-25T23:47:26.507+0000] {processor.py:840} INFO - DAG(s) 'example_display_name' retrieved from /home/airflow/.local/lib/python3.12/site-packages/airflow/example_dags/example_display_name.py
[2024-07-25T23:47:26.524+0000] {logging_mixin.py:188} INFO - [2024-07-25T23:47:26.524+0000] {dag.py:3089} INFO - Sync 1 DAGs
[2024-07-25T23:47:26.536+0000] {logging_mixin.py:188} INFO - [2024-07-25T23:47:26.536+0000] {dag.py:3947} INFO - Setting next_dagrun for example_display_name to None, run_after=None
[2024-07-25T23:47:26.555+0000] {processor.py:183} INFO - Processing /home/airflow/.local/lib/python3.12/site-packages/airflow/example_dags/example_display_name.py took 0.064 seconds
[2024-07-25T23:47:56.658+0000] {processor.py:161} INFO - Started process (PID=2430) to work on /home/airflow/.local/lib/python3.12/site-packages/airflow/example_dags/example_display_name.py
[2024-07-25T23:47:56.661+0000] {processor.py:830} INFO - Processing file /home/airflow/.local/lib/python3.12/site-packages/airflow/example_dags/example_display_name.py for tasks to queue
[2024-07-25T23:47:56.667+0000] {logging_mixin.py:188} INFO - [2024-07-25T23:47:56.666+0000] {dagbag.py:545} INFO - Filling up the DagBag from /home/airflow/.local/lib/python3.12/site-packages/airflow/example_dags/example_display_name.py
[2024-07-25T23:47:56.680+0000] {processor.py:840} INFO - DAG(s) 'example_display_name' retrieved from /home/airflow/.local/lib/python3.12/site-packages/airflow/example_dags/example_display_name.py
[2024-07-25T23:47:56.714+0000] {logging_mixin.py:188} INFO - [2024-07-25T23:47:56.713+0000] {dag.py:3089} INFO - Sync 1 DAGs
[2024-07-25T23:47:56.730+0000] {logging_mixin.py:188} INFO - [2024-07-25T23:47:56.730+0000] {dag.py:3947} INFO - Setting next_dagrun for example_display_name to None, run_after=None
[2024-07-25T23:47:56.752+0000] {processor.py:183} INFO - Processing /home/airflow/.local/lib/python3.12/site-packages/airflow/example_dags/example_display_name.py took 0.102 seconds
[2024-07-25T23:48:26.939+0000] {processor.py:161} INFO - Started process (PID=2490) to work on /home/airflow/.local/lib/python3.12/site-packages/airflow/example_dags/example_display_name.py
[2024-07-25T23:48:26.940+0000] {processor.py:830} INFO - Processing file /home/airflow/.local/lib/python3.12/site-packages/airflow/example_dags/example_display_name.py for tasks to queue
[2024-07-25T23:48:26.943+0000] {logging_mixin.py:188} INFO - [2024-07-25T23:48:26.942+0000] {dagbag.py:545} INFO - Filling up the DagBag from /home/airflow/.local/lib/python3.12/site-packages/airflow/example_dags/example_display_name.py
[2024-07-25T23:48:26.951+0000] {processor.py:840} INFO - DAG(s) 'example_display_name' retrieved from /home/airflow/.local/lib/python3.12/site-packages/airflow/example_dags/example_display_name.py
[2024-07-25T23:48:26.973+0000] {logging_mixin.py:188} INFO - [2024-07-25T23:48:26.973+0000] {dag.py:3089} INFO - Sync 1 DAGs
[2024-07-25T23:48:26.990+0000] {logging_mixin.py:188} INFO - [2024-07-25T23:48:26.990+0000] {dag.py:3947} INFO - Setting next_dagrun for example_display_name to None, run_after=None
[2024-07-25T23:48:27.013+0000] {processor.py:183} INFO - Processing /home/airflow/.local/lib/python3.12/site-packages/airflow/example_dags/example_display_name.py took 0.082 seconds
[2024-07-25T23:48:57.123+0000] {processor.py:161} INFO - Started process (PID=2550) to work on /home/airflow/.local/lib/python3.12/site-packages/airflow/example_dags/example_display_name.py
[2024-07-25T23:48:57.125+0000] {processor.py:830} INFO - Processing file /home/airflow/.local/lib/python3.12/site-packages/airflow/example_dags/example_display_name.py for tasks to queue
[2024-07-25T23:48:57.130+0000] {logging_mixin.py:188} INFO - [2024-07-25T23:48:57.129+0000] {dagbag.py:545} INFO - Filling up the DagBag from /home/airflow/.local/lib/python3.12/site-packages/airflow/example_dags/example_display_name.py
[2024-07-25T23:48:57.144+0000] {processor.py:840} INFO - DAG(s) 'example_display_name' retrieved from /home/airflow/.local/lib/python3.12/site-packages/airflow/example_dags/example_display_name.py
[2024-07-25T23:48:57.194+0000] {logging_mixin.py:188} INFO - [2024-07-25T23:48:57.194+0000] {dag.py:3089} INFO - Sync 1 DAGs
[2024-07-25T23:48:57.210+0000] {logging_mixin.py:188} INFO - [2024-07-25T23:48:57.210+0000] {dag.py:3947} INFO - Setting next_dagrun for example_display_name to None, run_after=None
[2024-07-25T23:48:57.230+0000] {processor.py:183} INFO - Processing /home/airflow/.local/lib/python3.12/site-packages/airflow/example_dags/example_display_name.py took 0.117 seconds
[2024-07-25T23:49:28.008+0000] {processor.py:161} INFO - Started process (PID=2610) to work on /home/airflow/.local/lib/python3.12/site-packages/airflow/example_dags/example_display_name.py
[2024-07-25T23:49:28.012+0000] {processor.py:830} INFO - Processing file /home/airflow/.local/lib/python3.12/site-packages/airflow/example_dags/example_display_name.py for tasks to queue
[2024-07-25T23:49:28.018+0000] {logging_mixin.py:188} INFO - [2024-07-25T23:49:28.018+0000] {dagbag.py:545} INFO - Filling up the DagBag from /home/airflow/.local/lib/python3.12/site-packages/airflow/example_dags/example_display_name.py
[2024-07-25T23:49:28.034+0000] {processor.py:840} INFO - DAG(s) 'example_display_name' retrieved from /home/airflow/.local/lib/python3.12/site-packages/airflow/example_dags/example_display_name.py
[2024-07-25T23:49:28.073+0000] {logging_mixin.py:188} INFO - [2024-07-25T23:49:28.073+0000] {dag.py:3089} INFO - Sync 1 DAGs
[2024-07-25T23:49:28.092+0000] {logging_mixin.py:188} INFO - [2024-07-25T23:49:28.092+0000] {dag.py:3947} INFO - Setting next_dagrun for example_display_name to None, run_after=None
[2024-07-25T23:49:28.121+0000] {processor.py:183} INFO - Processing /home/airflow/.local/lib/python3.12/site-packages/airflow/example_dags/example_display_name.py took 0.150 seconds
[2024-07-25T23:49:58.958+0000] {processor.py:161} INFO - Started process (PID=2669) to work on /home/airflow/.local/lib/python3.12/site-packages/airflow/example_dags/example_display_name.py
[2024-07-25T23:49:58.960+0000] {processor.py:830} INFO - Processing file /home/airflow/.local/lib/python3.12/site-packages/airflow/example_dags/example_display_name.py for tasks to queue
[2024-07-25T23:49:58.962+0000] {logging_mixin.py:188} INFO - [2024-07-25T23:49:58.961+0000] {dagbag.py:545} INFO - Filling up the DagBag from /home/airflow/.local/lib/python3.12/site-packages/airflow/example_dags/example_display_name.py
[2024-07-25T23:49:58.970+0000] {processor.py:840} INFO - DAG(s) 'example_display_name' retrieved from /home/airflow/.local/lib/python3.12/site-packages/airflow/example_dags/example_display_name.py
[2024-07-25T23:49:58.994+0000] {logging_mixin.py:188} INFO - [2024-07-25T23:49:58.994+0000] {dag.py:3089} INFO - Sync 1 DAGs
[2024-07-25T23:49:59.004+0000] {logging_mixin.py:188} INFO - [2024-07-25T23:49:59.004+0000] {dag.py:3947} INFO - Setting next_dagrun for example_display_name to None, run_after=None
[2024-07-25T23:49:59.023+0000] {processor.py:183} INFO - Processing /home/airflow/.local/lib/python3.12/site-packages/airflow/example_dags/example_display_name.py took 0.073 seconds
[2024-07-25T23:50:29.233+0000] {processor.py:161} INFO - Started process (PID=2729) to work on /home/airflow/.local/lib/python3.12/site-packages/airflow/example_dags/example_display_name.py
[2024-07-25T23:50:29.236+0000] {processor.py:830} INFO - Processing file /home/airflow/.local/lib/python3.12/site-packages/airflow/example_dags/example_display_name.py for tasks to queue
[2024-07-25T23:50:29.242+0000] {logging_mixin.py:188} INFO - [2024-07-25T23:50:29.242+0000] {dagbag.py:545} INFO - Filling up the DagBag from /home/airflow/.local/lib/python3.12/site-packages/airflow/example_dags/example_display_name.py
[2024-07-25T23:50:29.252+0000] {processor.py:840} INFO - DAG(s) 'example_display_name' retrieved from /home/airflow/.local/lib/python3.12/site-packages/airflow/example_dags/example_display_name.py
[2024-07-25T23:50:29.270+0000] {logging_mixin.py:188} INFO - [2024-07-25T23:50:29.269+0000] {dag.py:3089} INFO - Sync 1 DAGs
[2024-07-25T23:50:29.279+0000] {logging_mixin.py:188} INFO - [2024-07-25T23:50:29.279+0000] {dag.py:3947} INFO - Setting next_dagrun for example_display_name to None, run_after=None
[2024-07-25T23:50:29.294+0000] {processor.py:183} INFO - Processing /home/airflow/.local/lib/python3.12/site-packages/airflow/example_dags/example_display_name.py took 0.069 seconds
[2024-07-25T23:50:59.443+0000] {processor.py:161} INFO - Started process (PID=2789) to work on /home/airflow/.local/lib/python3.12/site-packages/airflow/example_dags/example_display_name.py
[2024-07-25T23:50:59.446+0000] {processor.py:830} INFO - Processing file /home/airflow/.local/lib/python3.12/site-packages/airflow/example_dags/example_display_name.py for tasks to queue
[2024-07-25T23:50:59.452+0000] {logging_mixin.py:188} INFO - [2024-07-25T23:50:59.451+0000] {dagbag.py:545} INFO - Filling up the DagBag from /home/airflow/.local/lib/python3.12/site-packages/airflow/example_dags/example_display_name.py
[2024-07-25T23:50:59.465+0000] {processor.py:840} INFO - DAG(s) 'example_display_name' retrieved from /home/airflow/.local/lib/python3.12/site-packages/airflow/example_dags/example_display_name.py
[2024-07-25T23:50:59.491+0000] {logging_mixin.py:188} INFO - [2024-07-25T23:50:59.491+0000] {dag.py:3089} INFO - Sync 1 DAGs
[2024-07-25T23:50:59.503+0000] {logging_mixin.py:188} INFO - [2024-07-25T23:50:59.503+0000] {dag.py:3947} INFO - Setting next_dagrun for example_display_name to None, run_after=None
[2024-07-25T23:50:59.526+0000] {processor.py:183} INFO - Processing /home/airflow/.local/lib/python3.12/site-packages/airflow/example_dags/example_display_name.py took 0.098 seconds
[2024-07-25T23:51:29.669+0000] {processor.py:161} INFO - Started process (PID=2849) to work on /home/airflow/.local/lib/python3.12/site-packages/airflow/example_dags/example_display_name.py
[2024-07-25T23:51:29.672+0000] {processor.py:830} INFO - Processing file /home/airflow/.local/lib/python3.12/site-packages/airflow/example_dags/example_display_name.py for tasks to queue
[2024-07-25T23:51:29.676+0000] {logging_mixin.py:188} INFO - [2024-07-25T23:51:29.676+0000] {dagbag.py:545} INFO - Filling up the DagBag from /home/airflow/.local/lib/python3.12/site-packages/airflow/example_dags/example_display_name.py
[2024-07-25T23:51:29.699+0000] {processor.py:840} INFO - DAG(s) 'example_display_name' retrieved from /home/airflow/.local/lib/python3.12/site-packages/airflow/example_dags/example_display_name.py
[2024-07-25T23:51:29.734+0000] {logging_mixin.py:188} INFO - [2024-07-25T23:51:29.733+0000] {dag.py:3089} INFO - Sync 1 DAGs
[2024-07-25T23:51:29.749+0000] {logging_mixin.py:188} INFO - [2024-07-25T23:51:29.749+0000] {dag.py:3947} INFO - Setting next_dagrun for example_display_name to None, run_after=None
[2024-07-25T23:51:29.769+0000] {processor.py:183} INFO - Processing /home/airflow/.local/lib/python3.12/site-packages/airflow/example_dags/example_display_name.py took 0.112 seconds
[2024-07-25T23:51:59.828+0000] {processor.py:161} INFO - Started process (PID=2909) to work on /home/airflow/.local/lib/python3.12/site-packages/airflow/example_dags/example_display_name.py
[2024-07-25T23:51:59.832+0000] {processor.py:830} INFO - Processing file /home/airflow/.local/lib/python3.12/site-packages/airflow/example_dags/example_display_name.py for tasks to queue
[2024-07-25T23:51:59.841+0000] {logging_mixin.py:188} INFO - [2024-07-25T23:51:59.841+0000] {dagbag.py:545} INFO - Filling up the DagBag from /home/airflow/.local/lib/python3.12/site-packages/airflow/example_dags/example_display_name.py
[2024-07-25T23:51:59.863+0000] {processor.py:840} INFO - DAG(s) 'example_display_name' retrieved from /home/airflow/.local/lib/python3.12/site-packages/airflow/example_dags/example_display_name.py
[2024-07-25T23:51:59.908+0000] {logging_mixin.py:188} INFO - [2024-07-25T23:51:59.908+0000] {dag.py:3089} INFO - Sync 1 DAGs
[2024-07-25T23:51:59.937+0000] {logging_mixin.py:188} INFO - [2024-07-25T23:51:59.937+0000] {dag.py:3947} INFO - Setting next_dagrun for example_display_name to None, run_after=None
[2024-07-25T23:51:59.965+0000] {processor.py:183} INFO - Processing /home/airflow/.local/lib/python3.12/site-packages/airflow/example_dags/example_display_name.py took 0.147 seconds
[2024-07-25T23:52:30.315+0000] {processor.py:161} INFO - Started process (PID=2969) to work on /home/airflow/.local/lib/python3.12/site-packages/airflow/example_dags/example_display_name.py
[2024-07-25T23:52:30.320+0000] {processor.py:830} INFO - Processing file /home/airflow/.local/lib/python3.12/site-packages/airflow/example_dags/example_display_name.py for tasks to queue
[2024-07-25T23:52:30.330+0000] {logging_mixin.py:188} INFO - [2024-07-25T23:52:30.329+0000] {dagbag.py:545} INFO - Filling up the DagBag from /home/airflow/.local/lib/python3.12/site-packages/airflow/example_dags/example_display_name.py
[2024-07-25T23:52:30.354+0000] {processor.py:840} INFO - DAG(s) 'example_display_name' retrieved from /home/airflow/.local/lib/python3.12/site-packages/airflow/example_dags/example_display_name.py
[2024-07-25T23:52:30.412+0000] {logging_mixin.py:188} INFO - [2024-07-25T23:52:30.411+0000] {dag.py:3089} INFO - Sync 1 DAGs
[2024-07-25T23:52:30.439+0000] {logging_mixin.py:188} INFO - [2024-07-25T23:52:30.439+0000] {dag.py:3947} INFO - Setting next_dagrun for example_display_name to None, run_after=None
[2024-07-25T23:52:30.481+0000] {processor.py:183} INFO - Processing /home/airflow/.local/lib/python3.12/site-packages/airflow/example_dags/example_display_name.py took 0.195 seconds
[2024-07-25T23:53:00.573+0000] {processor.py:161} INFO - Started process (PID=3029) to work on /home/airflow/.local/lib/python3.12/site-packages/airflow/example_dags/example_display_name.py
[2024-07-25T23:53:00.577+0000] {processor.py:830} INFO - Processing file /home/airflow/.local/lib/python3.12/site-packages/airflow/example_dags/example_display_name.py for tasks to queue
[2024-07-25T23:53:00.579+0000] {logging_mixin.py:188} INFO - [2024-07-25T23:53:00.579+0000] {dagbag.py:545} INFO - Filling up the DagBag from /home/airflow/.local/lib/python3.12/site-packages/airflow/example_dags/example_display_name.py
[2024-07-25T23:53:00.585+0000] {processor.py:840} INFO - DAG(s) 'example_display_name' retrieved from /home/airflow/.local/lib/python3.12/site-packages/airflow/example_dags/example_display_name.py
[2024-07-25T23:53:00.608+0000] {logging_mixin.py:188} INFO - [2024-07-25T23:53:00.608+0000] {dag.py:3089} INFO - Sync 1 DAGs
[2024-07-25T23:53:00.620+0000] {logging_mixin.py:188} INFO - [2024-07-25T23:53:00.620+0000] {dag.py:3947} INFO - Setting next_dagrun for example_display_name to None, run_after=None
[2024-07-25T23:53:00.638+0000] {processor.py:183} INFO - Processing /home/airflow/.local/lib/python3.12/site-packages/airflow/example_dags/example_display_name.py took 0.071 seconds
[2024-07-25T23:53:31.167+0000] {processor.py:161} INFO - Started process (PID=3089) to work on /home/airflow/.local/lib/python3.12/site-packages/airflow/example_dags/example_display_name.py
[2024-07-25T23:53:31.170+0000] {processor.py:830} INFO - Processing file /home/airflow/.local/lib/python3.12/site-packages/airflow/example_dags/example_display_name.py for tasks to queue
[2024-07-25T23:53:31.173+0000] {logging_mixin.py:188} INFO - [2024-07-25T23:53:31.172+0000] {dagbag.py:545} INFO - Filling up the DagBag from /home/airflow/.local/lib/python3.12/site-packages/airflow/example_dags/example_display_name.py
[2024-07-25T23:53:31.183+0000] {processor.py:840} INFO - DAG(s) 'example_display_name' retrieved from /home/airflow/.local/lib/python3.12/site-packages/airflow/example_dags/example_display_name.py
[2024-07-25T23:53:31.208+0000] {logging_mixin.py:188} INFO - [2024-07-25T23:53:31.208+0000] {dag.py:3089} INFO - Sync 1 DAGs
[2024-07-25T23:53:31.218+0000] {logging_mixin.py:188} INFO - [2024-07-25T23:53:31.218+0000] {dag.py:3947} INFO - Setting next_dagrun for example_display_name to None, run_after=None
[2024-07-25T23:53:31.236+0000] {processor.py:183} INFO - Processing /home/airflow/.local/lib/python3.12/site-packages/airflow/example_dags/example_display_name.py took 0.079 seconds
[2024-07-25T23:54:01.335+0000] {processor.py:161} INFO - Started process (PID=3149) to work on /home/airflow/.local/lib/python3.12/site-packages/airflow/example_dags/example_display_name.py
[2024-07-25T23:54:01.338+0000] {processor.py:830} INFO - Processing file /home/airflow/.local/lib/python3.12/site-packages/airflow/example_dags/example_display_name.py for tasks to queue
[2024-07-25T23:54:01.341+0000] {logging_mixin.py:188} INFO - [2024-07-25T23:54:01.341+0000] {dagbag.py:545} INFO - Filling up the DagBag from /home/airflow/.local/lib/python3.12/site-packages/airflow/example_dags/example_display_name.py
[2024-07-25T23:54:01.350+0000] {processor.py:840} INFO - DAG(s) 'example_display_name' retrieved from /home/airflow/.local/lib/python3.12/site-packages/airflow/example_dags/example_display_name.py
[2024-07-25T23:54:01.374+0000] {logging_mixin.py:188} INFO - [2024-07-25T23:54:01.373+0000] {dag.py:3089} INFO - Sync 1 DAGs
[2024-07-25T23:54:01.385+0000] {logging_mixin.py:188} INFO - [2024-07-25T23:54:01.385+0000] {dag.py:3947} INFO - Setting next_dagrun for example_display_name to None, run_after=None
[2024-07-25T23:54:01.406+0000] {processor.py:183} INFO - Processing /home/airflow/.local/lib/python3.12/site-packages/airflow/example_dags/example_display_name.py took 0.079 seconds
[2024-07-25T23:54:31.576+0000] {processor.py:161} INFO - Started process (PID=3209) to work on /home/airflow/.local/lib/python3.12/site-packages/airflow/example_dags/example_display_name.py
[2024-07-25T23:54:31.578+0000] {processor.py:830} INFO - Processing file /home/airflow/.local/lib/python3.12/site-packages/airflow/example_dags/example_display_name.py for tasks to queue
[2024-07-25T23:54:31.582+0000] {logging_mixin.py:188} INFO - [2024-07-25T23:54:31.582+0000] {dagbag.py:545} INFO - Filling up the DagBag from /home/airflow/.local/lib/python3.12/site-packages/airflow/example_dags/example_display_name.py
[2024-07-25T23:54:31.592+0000] {processor.py:840} INFO - DAG(s) 'example_display_name' retrieved from /home/airflow/.local/lib/python3.12/site-packages/airflow/example_dags/example_display_name.py
[2024-07-25T23:54:31.612+0000] {logging_mixin.py:188} INFO - [2024-07-25T23:54:31.612+0000] {dag.py:3089} INFO - Sync 1 DAGs
[2024-07-25T23:54:31.627+0000] {logging_mixin.py:188} INFO - [2024-07-25T23:54:31.627+0000] {dag.py:3947} INFO - Setting next_dagrun for example_display_name to None, run_after=None
[2024-07-25T23:54:31.643+0000] {processor.py:183} INFO - Processing /home/airflow/.local/lib/python3.12/site-packages/airflow/example_dags/example_display_name.py took 0.075 seconds
