[2024-07-25T23:17:24.823+0000] {processor.py:161} INFO - Started process (PID=101) to work on /home/airflow/.local/lib/python3.12/site-packages/airflow/example_dags/example_task_group.py
[2024-07-25T23:17:24.827+0000] {processor.py:830} INFO - Processing file /home/airflow/.local/lib/python3.12/site-packages/airflow/example_dags/example_task_group.py for tasks to queue
[2024-07-25T23:17:24.828+0000] {logging_mixin.py:188} INFO - [2024-07-25T23:17:24.828+0000] {dagbag.py:545} INFO - Filling up the DagBag from /home/airflow/.local/lib/python3.12/site-packages/airflow/example_dags/example_task_group.py
[2024-07-25T23:17:24.835+0000] {processor.py:840} INFO - DAG(s) 'example_task_group' retrieved from /home/airflow/.local/lib/python3.12/site-packages/airflow/example_dags/example_task_group.py
[2024-07-25T23:17:24.854+0000] {logging_mixin.py:188} INFO - [2024-07-25T23:17:24.854+0000] {dag.py:3089} INFO - Sync 1 DAGs
[2024-07-25T23:17:24.878+0000] {logging_mixin.py:188} INFO - [2024-07-25T23:17:24.878+0000] {dag.py:3947} INFO - Setting next_dagrun for example_task_group to 2024-07-24 00:00:00+00:00, run_after=2024-07-25 00:00:00+00:00
[2024-07-25T23:17:24.898+0000] {processor.py:183} INFO - Processing /home/airflow/.local/lib/python3.12/site-packages/airflow/example_dags/example_task_group.py took 0.087 seconds
[2024-07-25T23:17:55.384+0000] {processor.py:161} INFO - Started process (PID=161) to work on /home/airflow/.local/lib/python3.12/site-packages/airflow/example_dags/example_task_group.py
[2024-07-25T23:17:55.385+0000] {processor.py:830} INFO - Processing file /home/airflow/.local/lib/python3.12/site-packages/airflow/example_dags/example_task_group.py for tasks to queue
[2024-07-25T23:17:55.387+0000] {logging_mixin.py:188} INFO - [2024-07-25T23:17:55.386+0000] {dagbag.py:545} INFO - Filling up the DagBag from /home/airflow/.local/lib/python3.12/site-packages/airflow/example_dags/example_task_group.py
[2024-07-25T23:17:55.391+0000] {processor.py:840} INFO - DAG(s) 'example_task_group' retrieved from /home/airflow/.local/lib/python3.12/site-packages/airflow/example_dags/example_task_group.py
[2024-07-25T23:17:55.463+0000] {logging_mixin.py:188} INFO - [2024-07-25T23:17:55.463+0000] {dag.py:3089} INFO - Sync 1 DAGs
[2024-07-25T23:17:55.478+0000] {logging_mixin.py:188} INFO - [2024-07-25T23:17:55.477+0000] {dag.py:3947} INFO - Setting next_dagrun for example_task_group to 2024-07-24 00:00:00+00:00, run_after=2024-07-25 00:00:00+00:00
[2024-07-25T23:17:55.491+0000] {processor.py:183} INFO - Processing /home/airflow/.local/lib/python3.12/site-packages/airflow/example_dags/example_task_group.py took 0.110 seconds
[2024-07-25T23:18:25.997+0000] {processor.py:161} INFO - Started process (PID=221) to work on /home/airflow/.local/lib/python3.12/site-packages/airflow/example_dags/example_task_group.py
[2024-07-25T23:18:25.997+0000] {processor.py:830} INFO - Processing file /home/airflow/.local/lib/python3.12/site-packages/airflow/example_dags/example_task_group.py for tasks to queue
[2024-07-25T23:18:25.999+0000] {logging_mixin.py:188} INFO - [2024-07-25T23:18:25.998+0000] {dagbag.py:545} INFO - Filling up the DagBag from /home/airflow/.local/lib/python3.12/site-packages/airflow/example_dags/example_task_group.py
[2024-07-25T23:18:26.004+0000] {processor.py:840} INFO - DAG(s) 'example_task_group' retrieved from /home/airflow/.local/lib/python3.12/site-packages/airflow/example_dags/example_task_group.py
[2024-07-25T23:18:26.026+0000] {logging_mixin.py:188} INFO - [2024-07-25T23:18:26.026+0000] {dag.py:3089} INFO - Sync 1 DAGs
[2024-07-25T23:18:26.041+0000] {logging_mixin.py:188} INFO - [2024-07-25T23:18:26.041+0000] {dag.py:3947} INFO - Setting next_dagrun for example_task_group to 2024-07-24 00:00:00+00:00, run_after=2024-07-25 00:00:00+00:00
[2024-07-25T23:18:26.056+0000] {processor.py:183} INFO - Processing /home/airflow/.local/lib/python3.12/site-packages/airflow/example_dags/example_task_group.py took 0.063 seconds
[2024-07-25T23:18:56.750+0000] {processor.py:161} INFO - Started process (PID=281) to work on /home/airflow/.local/lib/python3.12/site-packages/airflow/example_dags/example_task_group.py
[2024-07-25T23:18:56.751+0000] {processor.py:830} INFO - Processing file /home/airflow/.local/lib/python3.12/site-packages/airflow/example_dags/example_task_group.py for tasks to queue
[2024-07-25T23:18:56.752+0000] {logging_mixin.py:188} INFO - [2024-07-25T23:18:56.751+0000] {dagbag.py:545} INFO - Filling up the DagBag from /home/airflow/.local/lib/python3.12/site-packages/airflow/example_dags/example_task_group.py
[2024-07-25T23:18:56.756+0000] {processor.py:840} INFO - DAG(s) 'example_task_group' retrieved from /home/airflow/.local/lib/python3.12/site-packages/airflow/example_dags/example_task_group.py
[2024-07-25T23:18:56.771+0000] {logging_mixin.py:188} INFO - [2024-07-25T23:18:56.770+0000] {dag.py:3089} INFO - Sync 1 DAGs
[2024-07-25T23:18:56.784+0000] {logging_mixin.py:188} INFO - [2024-07-25T23:18:56.784+0000] {dag.py:3947} INFO - Setting next_dagrun for example_task_group to 2024-07-24 00:00:00+00:00, run_after=2024-07-25 00:00:00+00:00
[2024-07-25T23:18:56.795+0000] {processor.py:183} INFO - Processing /home/airflow/.local/lib/python3.12/site-packages/airflow/example_dags/example_task_group.py took 0.049 seconds
[2024-07-25T23:19:27.739+0000] {processor.py:161} INFO - Started process (PID=341) to work on /home/airflow/.local/lib/python3.12/site-packages/airflow/example_dags/example_task_group.py
[2024-07-25T23:19:27.740+0000] {processor.py:830} INFO - Processing file /home/airflow/.local/lib/python3.12/site-packages/airflow/example_dags/example_task_group.py for tasks to queue
[2024-07-25T23:19:27.741+0000] {logging_mixin.py:188} INFO - [2024-07-25T23:19:27.741+0000] {dagbag.py:545} INFO - Filling up the DagBag from /home/airflow/.local/lib/python3.12/site-packages/airflow/example_dags/example_task_group.py
[2024-07-25T23:19:27.747+0000] {processor.py:840} INFO - DAG(s) 'example_task_group' retrieved from /home/airflow/.local/lib/python3.12/site-packages/airflow/example_dags/example_task_group.py
[2024-07-25T23:19:27.763+0000] {logging_mixin.py:188} INFO - [2024-07-25T23:19:27.763+0000] {dag.py:3089} INFO - Sync 1 DAGs
[2024-07-25T23:19:27.779+0000] {logging_mixin.py:188} INFO - [2024-07-25T23:19:27.779+0000] {dag.py:3947} INFO - Setting next_dagrun for example_task_group to 2024-07-24 00:00:00+00:00, run_after=2024-07-25 00:00:00+00:00
[2024-07-25T23:19:27.792+0000] {processor.py:183} INFO - Processing /home/airflow/.local/lib/python3.12/site-packages/airflow/example_dags/example_task_group.py took 0.057 seconds
[2024-07-25T23:19:59.309+0000] {processor.py:161} INFO - Started process (PID=401) to work on /home/airflow/.local/lib/python3.12/site-packages/airflow/example_dags/example_task_group.py
[2024-07-25T23:19:59.313+0000] {processor.py:830} INFO - Processing file /home/airflow/.local/lib/python3.12/site-packages/airflow/example_dags/example_task_group.py for tasks to queue
[2024-07-25T23:19:59.316+0000] {logging_mixin.py:188} INFO - [2024-07-25T23:19:59.316+0000] {dagbag.py:545} INFO - Filling up the DagBag from /home/airflow/.local/lib/python3.12/site-packages/airflow/example_dags/example_task_group.py
[2024-07-25T23:19:59.327+0000] {processor.py:840} INFO - DAG(s) 'example_task_group' retrieved from /home/airflow/.local/lib/python3.12/site-packages/airflow/example_dags/example_task_group.py
[2024-07-25T23:19:59.349+0000] {logging_mixin.py:188} INFO - [2024-07-25T23:19:59.349+0000] {dag.py:3089} INFO - Sync 1 DAGs
[2024-07-25T23:19:59.371+0000] {logging_mixin.py:188} INFO - [2024-07-25T23:19:59.371+0000] {dag.py:3947} INFO - Setting next_dagrun for example_task_group to 2024-07-24 00:00:00+00:00, run_after=2024-07-25 00:00:00+00:00
[2024-07-25T23:19:59.392+0000] {processor.py:183} INFO - Processing /home/airflow/.local/lib/python3.12/site-packages/airflow/example_dags/example_task_group.py took 0.093 seconds
[2024-07-25T23:20:29.704+0000] {processor.py:161} INFO - Started process (PID=461) to work on /home/airflow/.local/lib/python3.12/site-packages/airflow/example_dags/example_task_group.py
[2024-07-25T23:20:29.706+0000] {processor.py:830} INFO - Processing file /home/airflow/.local/lib/python3.12/site-packages/airflow/example_dags/example_task_group.py for tasks to queue
[2024-07-25T23:20:29.707+0000] {logging_mixin.py:188} INFO - [2024-07-25T23:20:29.707+0000] {dagbag.py:545} INFO - Filling up the DagBag from /home/airflow/.local/lib/python3.12/site-packages/airflow/example_dags/example_task_group.py
[2024-07-25T23:20:29.714+0000] {processor.py:840} INFO - DAG(s) 'example_task_group' retrieved from /home/airflow/.local/lib/python3.12/site-packages/airflow/example_dags/example_task_group.py
[2024-07-25T23:20:29.731+0000] {logging_mixin.py:188} INFO - [2024-07-25T23:20:29.731+0000] {dag.py:3089} INFO - Sync 1 DAGs
[2024-07-25T23:20:29.750+0000] {logging_mixin.py:188} INFO - [2024-07-25T23:20:29.750+0000] {dag.py:3947} INFO - Setting next_dagrun for example_task_group to 2024-07-24 00:00:00+00:00, run_after=2024-07-25 00:00:00+00:00
[2024-07-25T23:20:29.767+0000] {processor.py:183} INFO - Processing /home/airflow/.local/lib/python3.12/site-packages/airflow/example_dags/example_task_group.py took 0.067 seconds
[2024-07-25T23:21:01.323+0000] {processor.py:161} INFO - Started process (PID=521) to work on /home/airflow/.local/lib/python3.12/site-packages/airflow/example_dags/example_task_group.py
[2024-07-25T23:21:01.327+0000] {processor.py:830} INFO - Processing file /home/airflow/.local/lib/python3.12/site-packages/airflow/example_dags/example_task_group.py for tasks to queue
[2024-07-25T23:21:01.329+0000] {logging_mixin.py:188} INFO - [2024-07-25T23:21:01.329+0000] {dagbag.py:545} INFO - Filling up the DagBag from /home/airflow/.local/lib/python3.12/site-packages/airflow/example_dags/example_task_group.py
[2024-07-25T23:21:01.338+0000] {processor.py:840} INFO - DAG(s) 'example_task_group' retrieved from /home/airflow/.local/lib/python3.12/site-packages/airflow/example_dags/example_task_group.py
[2024-07-25T23:21:01.365+0000] {logging_mixin.py:188} INFO - [2024-07-25T23:21:01.365+0000] {dag.py:3089} INFO - Sync 1 DAGs
[2024-07-25T23:21:01.395+0000] {logging_mixin.py:188} INFO - [2024-07-25T23:21:01.395+0000] {dag.py:3947} INFO - Setting next_dagrun for example_task_group to 2024-07-24 00:00:00+00:00, run_after=2024-07-25 00:00:00+00:00
[2024-07-25T23:21:01.422+0000] {processor.py:183} INFO - Processing /home/airflow/.local/lib/python3.12/site-packages/airflow/example_dags/example_task_group.py took 0.106 seconds
[2024-07-25T23:21:32.108+0000] {processor.py:161} INFO - Started process (PID=581) to work on /home/airflow/.local/lib/python3.12/site-packages/airflow/example_dags/example_task_group.py
[2024-07-25T23:21:32.109+0000] {processor.py:830} INFO - Processing file /home/airflow/.local/lib/python3.12/site-packages/airflow/example_dags/example_task_group.py for tasks to queue
[2024-07-25T23:21:32.111+0000] {logging_mixin.py:188} INFO - [2024-07-25T23:21:32.110+0000] {dagbag.py:545} INFO - Filling up the DagBag from /home/airflow/.local/lib/python3.12/site-packages/airflow/example_dags/example_task_group.py
[2024-07-25T23:21:32.116+0000] {processor.py:840} INFO - DAG(s) 'example_task_group' retrieved from /home/airflow/.local/lib/python3.12/site-packages/airflow/example_dags/example_task_group.py
[2024-07-25T23:21:32.143+0000] {logging_mixin.py:188} INFO - [2024-07-25T23:21:32.143+0000] {dag.py:3089} INFO - Sync 1 DAGs
[2024-07-25T23:21:32.161+0000] {logging_mixin.py:188} INFO - [2024-07-25T23:21:32.161+0000] {dag.py:3947} INFO - Setting next_dagrun for example_task_group to 2024-07-24 00:00:00+00:00, run_after=2024-07-25 00:00:00+00:00
[2024-07-25T23:21:32.183+0000] {processor.py:183} INFO - Processing /home/airflow/.local/lib/python3.12/site-packages/airflow/example_dags/example_task_group.py took 0.079 seconds
[2024-07-25T23:22:02.604+0000] {processor.py:161} INFO - Started process (PID=640) to work on /home/airflow/.local/lib/python3.12/site-packages/airflow/example_dags/example_task_group.py
[2024-07-25T23:22:02.605+0000] {processor.py:830} INFO - Processing file /home/airflow/.local/lib/python3.12/site-packages/airflow/example_dags/example_task_group.py for tasks to queue
[2024-07-25T23:22:02.606+0000] {logging_mixin.py:188} INFO - [2024-07-25T23:22:02.606+0000] {dagbag.py:545} INFO - Filling up the DagBag from /home/airflow/.local/lib/python3.12/site-packages/airflow/example_dags/example_task_group.py
[2024-07-25T23:22:02.611+0000] {processor.py:840} INFO - DAG(s) 'example_task_group' retrieved from /home/airflow/.local/lib/python3.12/site-packages/airflow/example_dags/example_task_group.py
[2024-07-25T23:22:02.625+0000] {logging_mixin.py:188} INFO - [2024-07-25T23:22:02.625+0000] {dag.py:3089} INFO - Sync 1 DAGs
[2024-07-25T23:22:02.638+0000] {logging_mixin.py:188} INFO - [2024-07-25T23:22:02.638+0000] {dag.py:3947} INFO - Setting next_dagrun for example_task_group to 2024-07-24 00:00:00+00:00, run_after=2024-07-25 00:00:00+00:00
[2024-07-25T23:22:02.649+0000] {processor.py:183} INFO - Processing /home/airflow/.local/lib/python3.12/site-packages/airflow/example_dags/example_task_group.py took 0.049 seconds
[2024-07-25T23:22:33.414+0000] {processor.py:161} INFO - Started process (PID=699) to work on /home/airflow/.local/lib/python3.12/site-packages/airflow/example_dags/example_task_group.py
[2024-07-25T23:22:33.416+0000] {processor.py:830} INFO - Processing file /home/airflow/.local/lib/python3.12/site-packages/airflow/example_dags/example_task_group.py for tasks to queue
[2024-07-25T23:22:33.419+0000] {logging_mixin.py:188} INFO - [2024-07-25T23:22:33.419+0000] {dagbag.py:545} INFO - Filling up the DagBag from /home/airflow/.local/lib/python3.12/site-packages/airflow/example_dags/example_task_group.py
[2024-07-25T23:22:33.423+0000] {processor.py:840} INFO - DAG(s) 'example_task_group' retrieved from /home/airflow/.local/lib/python3.12/site-packages/airflow/example_dags/example_task_group.py
[2024-07-25T23:22:33.442+0000] {logging_mixin.py:188} INFO - [2024-07-25T23:22:33.442+0000] {dag.py:3089} INFO - Sync 1 DAGs
[2024-07-25T23:22:33.463+0000] {logging_mixin.py:188} INFO - [2024-07-25T23:22:33.462+0000] {dag.py:3947} INFO - Setting next_dagrun for example_task_group to 2024-07-24 00:00:00+00:00, run_after=2024-07-25 00:00:00+00:00
[2024-07-25T23:22:33.481+0000] {processor.py:183} INFO - Processing /home/airflow/.local/lib/python3.12/site-packages/airflow/example_dags/example_task_group.py took 0.071 seconds
[2024-07-25T23:23:03.951+0000] {processor.py:161} INFO - Started process (PID=759) to work on /home/airflow/.local/lib/python3.12/site-packages/airflow/example_dags/example_task_group.py
[2024-07-25T23:23:03.953+0000] {processor.py:830} INFO - Processing file /home/airflow/.local/lib/python3.12/site-packages/airflow/example_dags/example_task_group.py for tasks to queue
[2024-07-25T23:23:03.954+0000] {logging_mixin.py:188} INFO - [2024-07-25T23:23:03.954+0000] {dagbag.py:545} INFO - Filling up the DagBag from /home/airflow/.local/lib/python3.12/site-packages/airflow/example_dags/example_task_group.py
[2024-07-25T23:23:03.959+0000] {processor.py:840} INFO - DAG(s) 'example_task_group' retrieved from /home/airflow/.local/lib/python3.12/site-packages/airflow/example_dags/example_task_group.py
[2024-07-25T23:23:03.983+0000] {logging_mixin.py:188} INFO - [2024-07-25T23:23:03.983+0000] {dag.py:3089} INFO - Sync 1 DAGs
[2024-07-25T23:23:04.003+0000] {logging_mixin.py:188} INFO - [2024-07-25T23:23:04.003+0000] {dag.py:3947} INFO - Setting next_dagrun for example_task_group to 2024-07-24 00:00:00+00:00, run_after=2024-07-25 00:00:00+00:00
[2024-07-25T23:23:04.022+0000] {processor.py:183} INFO - Processing /home/airflow/.local/lib/python3.12/site-packages/airflow/example_dags/example_task_group.py took 0.074 seconds
[2024-07-25T23:23:34.659+0000] {processor.py:161} INFO - Started process (PID=819) to work on /home/airflow/.local/lib/python3.12/site-packages/airflow/example_dags/example_task_group.py
[2024-07-25T23:23:34.660+0000] {processor.py:830} INFO - Processing file /home/airflow/.local/lib/python3.12/site-packages/airflow/example_dags/example_task_group.py for tasks to queue
[2024-07-25T23:23:34.661+0000] {logging_mixin.py:188} INFO - [2024-07-25T23:23:34.661+0000] {dagbag.py:545} INFO - Filling up the DagBag from /home/airflow/.local/lib/python3.12/site-packages/airflow/example_dags/example_task_group.py
[2024-07-25T23:23:34.666+0000] {processor.py:840} INFO - DAG(s) 'example_task_group' retrieved from /home/airflow/.local/lib/python3.12/site-packages/airflow/example_dags/example_task_group.py
[2024-07-25T23:23:34.690+0000] {logging_mixin.py:188} INFO - [2024-07-25T23:23:34.690+0000] {dag.py:3089} INFO - Sync 1 DAGs
[2024-07-25T23:23:34.707+0000] {logging_mixin.py:188} INFO - [2024-07-25T23:23:34.707+0000] {dag.py:3947} INFO - Setting next_dagrun for example_task_group to 2024-07-24 00:00:00+00:00, run_after=2024-07-25 00:00:00+00:00
[2024-07-25T23:23:34.724+0000] {processor.py:183} INFO - Processing /home/airflow/.local/lib/python3.12/site-packages/airflow/example_dags/example_task_group.py took 0.069 seconds
[2024-07-25T23:24:11.116+0000] {processor.py:161} INFO - Started process (PID=885) to work on /home/airflow/.local/lib/python3.12/site-packages/airflow/example_dags/example_task_group.py
[2024-07-25T23:24:11.118+0000] {processor.py:830} INFO - Processing file /home/airflow/.local/lib/python3.12/site-packages/airflow/example_dags/example_task_group.py for tasks to queue
[2024-07-25T23:24:11.124+0000] {logging_mixin.py:188} INFO - [2024-07-25T23:24:11.123+0000] {dagbag.py:545} INFO - Filling up the DagBag from /home/airflow/.local/lib/python3.12/site-packages/airflow/example_dags/example_task_group.py
[2024-07-25T23:24:11.146+0000] {processor.py:840} INFO - DAG(s) 'example_task_group' retrieved from /home/airflow/.local/lib/python3.12/site-packages/airflow/example_dags/example_task_group.py
[2024-07-25T23:24:11.197+0000] {logging_mixin.py:188} INFO - [2024-07-25T23:24:11.196+0000] {dag.py:3089} INFO - Sync 1 DAGs
[2024-07-25T23:24:11.245+0000] {logging_mixin.py:188} INFO - [2024-07-25T23:24:11.245+0000] {dag.py:3947} INFO - Setting next_dagrun for example_task_group to 2024-07-24 00:00:00+00:00, run_after=2024-07-25 00:00:00+00:00
[2024-07-25T23:24:11.278+0000] {processor.py:183} INFO - Processing /home/airflow/.local/lib/python3.12/site-packages/airflow/example_dags/example_task_group.py took 0.170 seconds
[2024-07-25T23:24:42.986+0000] {processor.py:161} INFO - Started process (PID=945) to work on /home/airflow/.local/lib/python3.12/site-packages/airflow/example_dags/example_task_group.py
[2024-07-25T23:24:42.987+0000] {processor.py:830} INFO - Processing file /home/airflow/.local/lib/python3.12/site-packages/airflow/example_dags/example_task_group.py for tasks to queue
[2024-07-25T23:24:42.989+0000] {logging_mixin.py:188} INFO - [2024-07-25T23:24:42.988+0000] {dagbag.py:545} INFO - Filling up the DagBag from /home/airflow/.local/lib/python3.12/site-packages/airflow/example_dags/example_task_group.py
[2024-07-25T23:24:42.995+0000] {processor.py:840} INFO - DAG(s) 'example_task_group' retrieved from /home/airflow/.local/lib/python3.12/site-packages/airflow/example_dags/example_task_group.py
[2024-07-25T23:24:43.015+0000] {logging_mixin.py:188} INFO - [2024-07-25T23:24:43.015+0000] {dag.py:3089} INFO - Sync 1 DAGs
[2024-07-25T23:24:43.030+0000] {logging_mixin.py:188} INFO - [2024-07-25T23:24:43.030+0000] {dag.py:3947} INFO - Setting next_dagrun for example_task_group to 2024-07-24 00:00:00+00:00, run_after=2024-07-25 00:00:00+00:00
[2024-07-25T23:24:43.042+0000] {processor.py:183} INFO - Processing /home/airflow/.local/lib/python3.12/site-packages/airflow/example_dags/example_task_group.py took 0.062 seconds
[2024-07-25T23:25:13.559+0000] {processor.py:161} INFO - Started process (PID=1005) to work on /home/airflow/.local/lib/python3.12/site-packages/airflow/example_dags/example_task_group.py
[2024-07-25T23:25:13.560+0000] {processor.py:830} INFO - Processing file /home/airflow/.local/lib/python3.12/site-packages/airflow/example_dags/example_task_group.py for tasks to queue
[2024-07-25T23:25:13.561+0000] {logging_mixin.py:188} INFO - [2024-07-25T23:25:13.561+0000] {dagbag.py:545} INFO - Filling up the DagBag from /home/airflow/.local/lib/python3.12/site-packages/airflow/example_dags/example_task_group.py
[2024-07-25T23:25:13.568+0000] {processor.py:840} INFO - DAG(s) 'example_task_group' retrieved from /home/airflow/.local/lib/python3.12/site-packages/airflow/example_dags/example_task_group.py
[2024-07-25T23:25:13.584+0000] {logging_mixin.py:188} INFO - [2024-07-25T23:25:13.583+0000] {dag.py:3089} INFO - Sync 1 DAGs
[2024-07-25T23:25:13.601+0000] {logging_mixin.py:188} INFO - [2024-07-25T23:25:13.601+0000] {dag.py:3947} INFO - Setting next_dagrun for example_task_group to 2024-07-24 00:00:00+00:00, run_after=2024-07-25 00:00:00+00:00
[2024-07-25T23:25:13.613+0000] {processor.py:183} INFO - Processing /home/airflow/.local/lib/python3.12/site-packages/airflow/example_dags/example_task_group.py took 0.060 seconds
[2024-07-25T23:28:04.425+0000] {processor.py:161} INFO - Started process (PID=111) to work on /home/airflow/.local/lib/python3.12/site-packages/airflow/example_dags/example_task_group.py
[2024-07-25T23:28:04.428+0000] {processor.py:830} INFO - Processing file /home/airflow/.local/lib/python3.12/site-packages/airflow/example_dags/example_task_group.py for tasks to queue
[2024-07-25T23:28:04.430+0000] {logging_mixin.py:188} INFO - [2024-07-25T23:28:04.430+0000] {dagbag.py:545} INFO - Filling up the DagBag from /home/airflow/.local/lib/python3.12/site-packages/airflow/example_dags/example_task_group.py
[2024-07-25T23:28:04.440+0000] {processor.py:840} INFO - DAG(s) 'example_task_group' retrieved from /home/airflow/.local/lib/python3.12/site-packages/airflow/example_dags/example_task_group.py
[2024-07-25T23:28:04.549+0000] {logging_mixin.py:188} INFO - [2024-07-25T23:28:04.549+0000] {dag.py:3089} INFO - Sync 1 DAGs
[2024-07-25T23:28:04.570+0000] {logging_mixin.py:188} INFO - [2024-07-25T23:28:04.570+0000] {dag.py:3947} INFO - Setting next_dagrun for example_task_group to 2024-07-24 00:00:00+00:00, run_after=2024-07-25 00:00:00+00:00
[2024-07-25T23:28:04.592+0000] {processor.py:183} INFO - Processing /home/airflow/.local/lib/python3.12/site-packages/airflow/example_dags/example_task_group.py took 0.173 seconds
[2024-07-25T23:28:35.346+0000] {processor.py:161} INFO - Started process (PID=171) to work on /home/airflow/.local/lib/python3.12/site-packages/airflow/example_dags/example_task_group.py
[2024-07-25T23:28:35.347+0000] {processor.py:830} INFO - Processing file /home/airflow/.local/lib/python3.12/site-packages/airflow/example_dags/example_task_group.py for tasks to queue
[2024-07-25T23:28:35.348+0000] {logging_mixin.py:188} INFO - [2024-07-25T23:28:35.348+0000] {dagbag.py:545} INFO - Filling up the DagBag from /home/airflow/.local/lib/python3.12/site-packages/airflow/example_dags/example_task_group.py
[2024-07-25T23:28:35.357+0000] {processor.py:840} INFO - DAG(s) 'example_task_group' retrieved from /home/airflow/.local/lib/python3.12/site-packages/airflow/example_dags/example_task_group.py
[2024-07-25T23:28:35.381+0000] {logging_mixin.py:188} INFO - [2024-07-25T23:28:35.381+0000] {dag.py:3089} INFO - Sync 1 DAGs
[2024-07-25T23:28:35.412+0000] {logging_mixin.py:188} INFO - [2024-07-25T23:28:35.412+0000] {dag.py:3947} INFO - Setting next_dagrun for example_task_group to 2024-07-24 00:00:00+00:00, run_after=2024-07-25 00:00:00+00:00
[2024-07-25T23:28:35.436+0000] {processor.py:183} INFO - Processing /home/airflow/.local/lib/python3.12/site-packages/airflow/example_dags/example_task_group.py took 0.096 seconds
[2024-07-25T23:29:07.225+0000] {processor.py:161} INFO - Started process (PID=232) to work on /home/airflow/.local/lib/python3.12/site-packages/airflow/example_dags/example_task_group.py
[2024-07-25T23:29:07.230+0000] {processor.py:830} INFO - Processing file /home/airflow/.local/lib/python3.12/site-packages/airflow/example_dags/example_task_group.py for tasks to queue
[2024-07-25T23:29:07.243+0000] {logging_mixin.py:188} INFO - [2024-07-25T23:29:07.241+0000] {dagbag.py:545} INFO - Filling up the DagBag from /home/airflow/.local/lib/python3.12/site-packages/airflow/example_dags/example_task_group.py
[2024-07-25T23:29:07.287+0000] {processor.py:840} INFO - DAG(s) 'example_task_group' retrieved from /home/airflow/.local/lib/python3.12/site-packages/airflow/example_dags/example_task_group.py
[2024-07-25T23:29:07.394+0000] {logging_mixin.py:188} INFO - [2024-07-25T23:29:07.393+0000] {dag.py:3089} INFO - Sync 1 DAGs
[2024-07-25T23:29:07.488+0000] {logging_mixin.py:188} INFO - [2024-07-25T23:29:07.487+0000] {dag.py:3947} INFO - Setting next_dagrun for example_task_group to 2024-07-24 00:00:00+00:00, run_after=2024-07-25 00:00:00+00:00
[2024-07-25T23:29:07.554+0000] {processor.py:183} INFO - Processing /home/airflow/.local/lib/python3.12/site-packages/airflow/example_dags/example_task_group.py took 0.380 seconds
[2024-07-25T23:29:43.435+0000] {processor.py:161} INFO - Started process (PID=297) to work on /home/airflow/.local/lib/python3.12/site-packages/airflow/example_dags/example_task_group.py
[2024-07-25T23:29:43.439+0000] {processor.py:830} INFO - Processing file /home/airflow/.local/lib/python3.12/site-packages/airflow/example_dags/example_task_group.py for tasks to queue
[2024-07-25T23:29:43.446+0000] {logging_mixin.py:188} INFO - [2024-07-25T23:29:43.446+0000] {dagbag.py:545} INFO - Filling up the DagBag from /home/airflow/.local/lib/python3.12/site-packages/airflow/example_dags/example_task_group.py
[2024-07-25T23:29:43.472+0000] {processor.py:840} INFO - DAG(s) 'example_task_group' retrieved from /home/airflow/.local/lib/python3.12/site-packages/airflow/example_dags/example_task_group.py
[2024-07-25T23:29:43.559+0000] {logging_mixin.py:188} INFO - [2024-07-25T23:29:43.558+0000] {dag.py:3089} INFO - Sync 1 DAGs
[2024-07-25T23:29:43.751+0000] {logging_mixin.py:188} INFO - [2024-07-25T23:29:43.750+0000] {dag.py:3947} INFO - Setting next_dagrun for example_task_group to 2024-07-24 00:00:00+00:00, run_after=2024-07-25 00:00:00+00:00
[2024-07-25T23:29:43.929+0000] {processor.py:183} INFO - Processing /home/airflow/.local/lib/python3.12/site-packages/airflow/example_dags/example_task_group.py took 0.508 seconds
[2024-07-25T23:30:14.830+0000] {processor.py:161} INFO - Started process (PID=357) to work on /home/airflow/.local/lib/python3.12/site-packages/airflow/example_dags/example_task_group.py
[2024-07-25T23:30:14.831+0000] {processor.py:830} INFO - Processing file /home/airflow/.local/lib/python3.12/site-packages/airflow/example_dags/example_task_group.py for tasks to queue
[2024-07-25T23:30:14.833+0000] {logging_mixin.py:188} INFO - [2024-07-25T23:30:14.833+0000] {dagbag.py:545} INFO - Filling up the DagBag from /home/airflow/.local/lib/python3.12/site-packages/airflow/example_dags/example_task_group.py
[2024-07-25T23:30:14.839+0000] {processor.py:840} INFO - DAG(s) 'example_task_group' retrieved from /home/airflow/.local/lib/python3.12/site-packages/airflow/example_dags/example_task_group.py
[2024-07-25T23:30:14.861+0000] {logging_mixin.py:188} INFO - [2024-07-25T23:30:14.860+0000] {dag.py:3089} INFO - Sync 1 DAGs
[2024-07-25T23:30:14.885+0000] {logging_mixin.py:188} INFO - [2024-07-25T23:30:14.885+0000] {dag.py:3947} INFO - Setting next_dagrun for example_task_group to 2024-07-24 00:00:00+00:00, run_after=2024-07-25 00:00:00+00:00
[2024-07-25T23:30:14.912+0000] {processor.py:183} INFO - Processing /home/airflow/.local/lib/python3.12/site-packages/airflow/example_dags/example_task_group.py took 0.089 seconds
[2024-07-25T23:30:45.587+0000] {processor.py:161} INFO - Started process (PID=417) to work on /home/airflow/.local/lib/python3.12/site-packages/airflow/example_dags/example_task_group.py
[2024-07-25T23:30:45.590+0000] {processor.py:830} INFO - Processing file /home/airflow/.local/lib/python3.12/site-packages/airflow/example_dags/example_task_group.py for tasks to queue
[2024-07-25T23:30:45.597+0000] {logging_mixin.py:188} INFO - [2024-07-25T23:30:45.597+0000] {dagbag.py:545} INFO - Filling up the DagBag from /home/airflow/.local/lib/python3.12/site-packages/airflow/example_dags/example_task_group.py
[2024-07-25T23:30:45.619+0000] {processor.py:840} INFO - DAG(s) 'example_task_group' retrieved from /home/airflow/.local/lib/python3.12/site-packages/airflow/example_dags/example_task_group.py
[2024-07-25T23:30:45.666+0000] {logging_mixin.py:188} INFO - [2024-07-25T23:30:45.666+0000] {dag.py:3089} INFO - Sync 1 DAGs
[2024-07-25T23:30:45.698+0000] {logging_mixin.py:188} INFO - [2024-07-25T23:30:45.698+0000] {dag.py:3947} INFO - Setting next_dagrun for example_task_group to 2024-07-24 00:00:00+00:00, run_after=2024-07-25 00:00:00+00:00
[2024-07-25T23:30:45.729+0000] {processor.py:183} INFO - Processing /home/airflow/.local/lib/python3.12/site-packages/airflow/example_dags/example_task_group.py took 0.176 seconds
[2024-07-25T23:31:15.851+0000] {processor.py:161} INFO - Started process (PID=477) to work on /home/airflow/.local/lib/python3.12/site-packages/airflow/example_dags/example_task_group.py
[2024-07-25T23:31:15.856+0000] {processor.py:830} INFO - Processing file /home/airflow/.local/lib/python3.12/site-packages/airflow/example_dags/example_task_group.py for tasks to queue
[2024-07-25T23:31:15.861+0000] {logging_mixin.py:188} INFO - [2024-07-25T23:31:15.860+0000] {dagbag.py:545} INFO - Filling up the DagBag from /home/airflow/.local/lib/python3.12/site-packages/airflow/example_dags/example_task_group.py
[2024-07-25T23:31:15.870+0000] {processor.py:840} INFO - DAG(s) 'example_task_group' retrieved from /home/airflow/.local/lib/python3.12/site-packages/airflow/example_dags/example_task_group.py
[2024-07-25T23:31:15.920+0000] {logging_mixin.py:188} INFO - [2024-07-25T23:31:15.919+0000] {dag.py:3089} INFO - Sync 1 DAGs
[2024-07-25T23:31:15.956+0000] {logging_mixin.py:188} INFO - [2024-07-25T23:31:15.956+0000] {dag.py:3947} INFO - Setting next_dagrun for example_task_group to 2024-07-24 00:00:00+00:00, run_after=2024-07-25 00:00:00+00:00
[2024-07-25T23:31:15.984+0000] {processor.py:183} INFO - Processing /home/airflow/.local/lib/python3.12/site-packages/airflow/example_dags/example_task_group.py took 0.138 seconds
[2024-07-25T23:31:46.375+0000] {processor.py:161} INFO - Started process (PID=537) to work on /home/airflow/.local/lib/python3.12/site-packages/airflow/example_dags/example_task_group.py
[2024-07-25T23:31:46.376+0000] {processor.py:830} INFO - Processing file /home/airflow/.local/lib/python3.12/site-packages/airflow/example_dags/example_task_group.py for tasks to queue
[2024-07-25T23:31:46.378+0000] {logging_mixin.py:188} INFO - [2024-07-25T23:31:46.377+0000] {dagbag.py:545} INFO - Filling up the DagBag from /home/airflow/.local/lib/python3.12/site-packages/airflow/example_dags/example_task_group.py
[2024-07-25T23:31:46.383+0000] {processor.py:840} INFO - DAG(s) 'example_task_group' retrieved from /home/airflow/.local/lib/python3.12/site-packages/airflow/example_dags/example_task_group.py
[2024-07-25T23:31:46.406+0000] {logging_mixin.py:188} INFO - [2024-07-25T23:31:46.406+0000] {dag.py:3089} INFO - Sync 1 DAGs
[2024-07-25T23:31:46.430+0000] {logging_mixin.py:188} INFO - [2024-07-25T23:31:46.429+0000] {dag.py:3947} INFO - Setting next_dagrun for example_task_group to 2024-07-24 00:00:00+00:00, run_after=2024-07-25 00:00:00+00:00
[2024-07-25T23:31:46.472+0000] {processor.py:183} INFO - Processing /home/airflow/.local/lib/python3.12/site-packages/airflow/example_dags/example_task_group.py took 0.102 seconds
[2024-07-25T23:32:17.177+0000] {processor.py:161} INFO - Started process (PID=597) to work on /home/airflow/.local/lib/python3.12/site-packages/airflow/example_dags/example_task_group.py
[2024-07-25T23:32:17.178+0000] {processor.py:830} INFO - Processing file /home/airflow/.local/lib/python3.12/site-packages/airflow/example_dags/example_task_group.py for tasks to queue
[2024-07-25T23:32:17.179+0000] {logging_mixin.py:188} INFO - [2024-07-25T23:32:17.179+0000] {dagbag.py:545} INFO - Filling up the DagBag from /home/airflow/.local/lib/python3.12/site-packages/airflow/example_dags/example_task_group.py
[2024-07-25T23:32:17.185+0000] {processor.py:840} INFO - DAG(s) 'example_task_group' retrieved from /home/airflow/.local/lib/python3.12/site-packages/airflow/example_dags/example_task_group.py
[2024-07-25T23:32:17.205+0000] {logging_mixin.py:188} INFO - [2024-07-25T23:32:17.205+0000] {dag.py:3089} INFO - Sync 1 DAGs
[2024-07-25T23:32:17.227+0000] {logging_mixin.py:188} INFO - [2024-07-25T23:32:17.227+0000] {dag.py:3947} INFO - Setting next_dagrun for example_task_group to 2024-07-24 00:00:00+00:00, run_after=2024-07-25 00:00:00+00:00
[2024-07-25T23:32:17.251+0000] {processor.py:183} INFO - Processing /home/airflow/.local/lib/python3.12/site-packages/airflow/example_dags/example_task_group.py took 0.078 seconds
[2024-07-25T23:32:48.449+0000] {processor.py:161} INFO - Started process (PID=657) to work on /home/airflow/.local/lib/python3.12/site-packages/airflow/example_dags/example_task_group.py
[2024-07-25T23:32:48.451+0000] {processor.py:830} INFO - Processing file /home/airflow/.local/lib/python3.12/site-packages/airflow/example_dags/example_task_group.py for tasks to queue
[2024-07-25T23:32:48.454+0000] {logging_mixin.py:188} INFO - [2024-07-25T23:32:48.454+0000] {dagbag.py:545} INFO - Filling up the DagBag from /home/airflow/.local/lib/python3.12/site-packages/airflow/example_dags/example_task_group.py
[2024-07-25T23:32:48.464+0000] {processor.py:840} INFO - DAG(s) 'example_task_group' retrieved from /home/airflow/.local/lib/python3.12/site-packages/airflow/example_dags/example_task_group.py
[2024-07-25T23:32:48.505+0000] {logging_mixin.py:188} INFO - [2024-07-25T23:32:48.504+0000] {dag.py:3089} INFO - Sync 1 DAGs
[2024-07-25T23:32:48.688+0000] {logging_mixin.py:188} INFO - [2024-07-25T23:32:48.688+0000] {dag.py:3947} INFO - Setting next_dagrun for example_task_group to 2024-07-24 00:00:00+00:00, run_after=2024-07-25 00:00:00+00:00
[2024-07-25T23:32:48.748+0000] {processor.py:183} INFO - Processing /home/airflow/.local/lib/python3.12/site-packages/airflow/example_dags/example_task_group.py took 0.312 seconds
[2024-07-25T23:33:19.282+0000] {processor.py:161} INFO - Started process (PID=717) to work on /home/airflow/.local/lib/python3.12/site-packages/airflow/example_dags/example_task_group.py
[2024-07-25T23:33:19.284+0000] {processor.py:830} INFO - Processing file /home/airflow/.local/lib/python3.12/site-packages/airflow/example_dags/example_task_group.py for tasks to queue
[2024-07-25T23:33:19.285+0000] {logging_mixin.py:188} INFO - [2024-07-25T23:33:19.285+0000] {dagbag.py:545} INFO - Filling up the DagBag from /home/airflow/.local/lib/python3.12/site-packages/airflow/example_dags/example_task_group.py
[2024-07-25T23:33:19.294+0000] {processor.py:840} INFO - DAG(s) 'example_task_group' retrieved from /home/airflow/.local/lib/python3.12/site-packages/airflow/example_dags/example_task_group.py
[2024-07-25T23:33:19.312+0000] {logging_mixin.py:188} INFO - [2024-07-25T23:33:19.312+0000] {dag.py:3089} INFO - Sync 1 DAGs
[2024-07-25T23:33:19.330+0000] {logging_mixin.py:188} INFO - [2024-07-25T23:33:19.329+0000] {dag.py:3947} INFO - Setting next_dagrun for example_task_group to 2024-07-24 00:00:00+00:00, run_after=2024-07-25 00:00:00+00:00
[2024-07-25T23:33:19.344+0000] {processor.py:183} INFO - Processing /home/airflow/.local/lib/python3.12/site-packages/airflow/example_dags/example_task_group.py took 0.067 seconds
[2024-07-25T23:33:49.772+0000] {processor.py:161} INFO - Started process (PID=775) to work on /home/airflow/.local/lib/python3.12/site-packages/airflow/example_dags/example_task_group.py
[2024-07-25T23:33:49.776+0000] {processor.py:830} INFO - Processing file /home/airflow/.local/lib/python3.12/site-packages/airflow/example_dags/example_task_group.py for tasks to queue
[2024-07-25T23:33:49.779+0000] {logging_mixin.py:188} INFO - [2024-07-25T23:33:49.779+0000] {dagbag.py:545} INFO - Filling up the DagBag from /home/airflow/.local/lib/python3.12/site-packages/airflow/example_dags/example_task_group.py
[2024-07-25T23:33:49.790+0000] {processor.py:840} INFO - DAG(s) 'example_task_group' retrieved from /home/airflow/.local/lib/python3.12/site-packages/airflow/example_dags/example_task_group.py
[2024-07-25T23:33:49.811+0000] {logging_mixin.py:188} INFO - [2024-07-25T23:33:49.811+0000] {dag.py:3089} INFO - Sync 1 DAGs
[2024-07-25T23:33:49.825+0000] {logging_mixin.py:188} INFO - [2024-07-25T23:33:49.825+0000] {dag.py:3947} INFO - Setting next_dagrun for example_task_group to 2024-07-24 00:00:00+00:00, run_after=2024-07-25 00:00:00+00:00
[2024-07-25T23:33:49.842+0000] {processor.py:183} INFO - Processing /home/airflow/.local/lib/python3.12/site-packages/airflow/example_dags/example_task_group.py took 0.077 seconds
[2024-07-25T23:34:20.078+0000] {processor.py:161} INFO - Started process (PID=835) to work on /home/airflow/.local/lib/python3.12/site-packages/airflow/example_dags/example_task_group.py
[2024-07-25T23:34:20.079+0000] {processor.py:830} INFO - Processing file /home/airflow/.local/lib/python3.12/site-packages/airflow/example_dags/example_task_group.py for tasks to queue
[2024-07-25T23:34:20.081+0000] {logging_mixin.py:188} INFO - [2024-07-25T23:34:20.081+0000] {dagbag.py:545} INFO - Filling up the DagBag from /home/airflow/.local/lib/python3.12/site-packages/airflow/example_dags/example_task_group.py
[2024-07-25T23:34:20.088+0000] {processor.py:840} INFO - DAG(s) 'example_task_group' retrieved from /home/airflow/.local/lib/python3.12/site-packages/airflow/example_dags/example_task_group.py
[2024-07-25T23:34:20.106+0000] {logging_mixin.py:188} INFO - [2024-07-25T23:34:20.106+0000] {dag.py:3089} INFO - Sync 1 DAGs
[2024-07-25T23:34:20.124+0000] {logging_mixin.py:188} INFO - [2024-07-25T23:34:20.123+0000] {dag.py:3947} INFO - Setting next_dagrun for example_task_group to 2024-07-24 00:00:00+00:00, run_after=2024-07-25 00:00:00+00:00
[2024-07-25T23:34:20.141+0000] {processor.py:183} INFO - Processing /home/airflow/.local/lib/python3.12/site-packages/airflow/example_dags/example_task_group.py took 0.069 seconds
[2024-07-25T23:34:50.340+0000] {processor.py:161} INFO - Started process (PID=894) to work on /home/airflow/.local/lib/python3.12/site-packages/airflow/example_dags/example_task_group.py
[2024-07-25T23:34:50.346+0000] {processor.py:830} INFO - Processing file /home/airflow/.local/lib/python3.12/site-packages/airflow/example_dags/example_task_group.py for tasks to queue
[2024-07-25T23:34:50.349+0000] {logging_mixin.py:188} INFO - [2024-07-25T23:34:50.349+0000] {dagbag.py:545} INFO - Filling up the DagBag from /home/airflow/.local/lib/python3.12/site-packages/airflow/example_dags/example_task_group.py
[2024-07-25T23:34:50.356+0000] {processor.py:840} INFO - DAG(s) 'example_task_group' retrieved from /home/airflow/.local/lib/python3.12/site-packages/airflow/example_dags/example_task_group.py
[2024-07-25T23:34:50.380+0000] {logging_mixin.py:188} INFO - [2024-07-25T23:34:50.380+0000] {dag.py:3089} INFO - Sync 1 DAGs
[2024-07-25T23:34:50.402+0000] {logging_mixin.py:188} INFO - [2024-07-25T23:34:50.401+0000] {dag.py:3947} INFO - Setting next_dagrun for example_task_group to 2024-07-24 00:00:00+00:00, run_after=2024-07-25 00:00:00+00:00
[2024-07-25T23:34:50.419+0000] {processor.py:183} INFO - Processing /home/airflow/.local/lib/python3.12/site-packages/airflow/example_dags/example_task_group.py took 0.086 seconds
[2024-07-25T23:35:20.928+0000] {processor.py:161} INFO - Started process (PID=954) to work on /home/airflow/.local/lib/python3.12/site-packages/airflow/example_dags/example_task_group.py
[2024-07-25T23:35:20.933+0000] {processor.py:830} INFO - Processing file /home/airflow/.local/lib/python3.12/site-packages/airflow/example_dags/example_task_group.py for tasks to queue
[2024-07-25T23:35:20.936+0000] {logging_mixin.py:188} INFO - [2024-07-25T23:35:20.935+0000] {dagbag.py:545} INFO - Filling up the DagBag from /home/airflow/.local/lib/python3.12/site-packages/airflow/example_dags/example_task_group.py
[2024-07-25T23:35:20.944+0000] {processor.py:840} INFO - DAG(s) 'example_task_group' retrieved from /home/airflow/.local/lib/python3.12/site-packages/airflow/example_dags/example_task_group.py
[2024-07-25T23:35:20.966+0000] {logging_mixin.py:188} INFO - [2024-07-25T23:35:20.966+0000] {dag.py:3089} INFO - Sync 1 DAGs
[2024-07-25T23:35:20.984+0000] {logging_mixin.py:188} INFO - [2024-07-25T23:35:20.983+0000] {dag.py:3947} INFO - Setting next_dagrun for example_task_group to 2024-07-24 00:00:00+00:00, run_after=2024-07-25 00:00:00+00:00
[2024-07-25T23:35:20.998+0000] {processor.py:183} INFO - Processing /home/airflow/.local/lib/python3.12/site-packages/airflow/example_dags/example_task_group.py took 0.078 seconds
[2024-07-25T23:35:51.334+0000] {processor.py:161} INFO - Started process (PID=1014) to work on /home/airflow/.local/lib/python3.12/site-packages/airflow/example_dags/example_task_group.py
[2024-07-25T23:35:51.338+0000] {processor.py:830} INFO - Processing file /home/airflow/.local/lib/python3.12/site-packages/airflow/example_dags/example_task_group.py for tasks to queue
[2024-07-25T23:35:51.339+0000] {logging_mixin.py:188} INFO - [2024-07-25T23:35:51.339+0000] {dagbag.py:545} INFO - Filling up the DagBag from /home/airflow/.local/lib/python3.12/site-packages/airflow/example_dags/example_task_group.py
[2024-07-25T23:35:51.348+0000] {processor.py:840} INFO - DAG(s) 'example_task_group' retrieved from /home/airflow/.local/lib/python3.12/site-packages/airflow/example_dags/example_task_group.py
[2024-07-25T23:35:51.378+0000] {logging_mixin.py:188} INFO - [2024-07-25T23:35:51.378+0000] {dag.py:3089} INFO - Sync 1 DAGs
[2024-07-25T23:35:51.410+0000] {logging_mixin.py:188} INFO - [2024-07-25T23:35:51.410+0000] {dag.py:3947} INFO - Setting next_dagrun for example_task_group to 2024-07-24 00:00:00+00:00, run_after=2024-07-25 00:00:00+00:00
[2024-07-25T23:35:51.432+0000] {processor.py:183} INFO - Processing /home/airflow/.local/lib/python3.12/site-packages/airflow/example_dags/example_task_group.py took 0.103 seconds
[2024-07-25T23:36:21.921+0000] {processor.py:161} INFO - Started process (PID=1074) to work on /home/airflow/.local/lib/python3.12/site-packages/airflow/example_dags/example_task_group.py
[2024-07-25T23:36:21.925+0000] {processor.py:830} INFO - Processing file /home/airflow/.local/lib/python3.12/site-packages/airflow/example_dags/example_task_group.py for tasks to queue
[2024-07-25T23:36:21.938+0000] {logging_mixin.py:188} INFO - [2024-07-25T23:36:21.937+0000] {dagbag.py:545} INFO - Filling up the DagBag from /home/airflow/.local/lib/python3.12/site-packages/airflow/example_dags/example_task_group.py
[2024-07-25T23:36:21.977+0000] {processor.py:840} INFO - DAG(s) 'example_task_group' retrieved from /home/airflow/.local/lib/python3.12/site-packages/airflow/example_dags/example_task_group.py
[2024-07-25T23:36:22.085+0000] {logging_mixin.py:188} INFO - [2024-07-25T23:36:22.085+0000] {dag.py:3089} INFO - Sync 1 DAGs
[2024-07-25T23:36:22.146+0000] {logging_mixin.py:188} INFO - [2024-07-25T23:36:22.145+0000] {dag.py:3947} INFO - Setting next_dagrun for example_task_group to 2024-07-24 00:00:00+00:00, run_after=2024-07-25 00:00:00+00:00
[2024-07-25T23:36:22.189+0000] {processor.py:183} INFO - Processing /home/airflow/.local/lib/python3.12/site-packages/airflow/example_dags/example_task_group.py took 0.282 seconds
[2024-07-25T23:36:52.400+0000] {processor.py:161} INFO - Started process (PID=1133) to work on /home/airflow/.local/lib/python3.12/site-packages/airflow/example_dags/example_task_group.py
[2024-07-25T23:36:52.402+0000] {processor.py:830} INFO - Processing file /home/airflow/.local/lib/python3.12/site-packages/airflow/example_dags/example_task_group.py for tasks to queue
[2024-07-25T23:36:52.405+0000] {logging_mixin.py:188} INFO - [2024-07-25T23:36:52.405+0000] {dagbag.py:545} INFO - Filling up the DagBag from /home/airflow/.local/lib/python3.12/site-packages/airflow/example_dags/example_task_group.py
[2024-07-25T23:36:52.417+0000] {processor.py:840} INFO - DAG(s) 'example_task_group' retrieved from /home/airflow/.local/lib/python3.12/site-packages/airflow/example_dags/example_task_group.py
[2024-07-25T23:36:52.478+0000] {logging_mixin.py:188} INFO - [2024-07-25T23:36:52.477+0000] {dag.py:3089} INFO - Sync 1 DAGs
[2024-07-25T23:36:52.541+0000] {logging_mixin.py:188} INFO - [2024-07-25T23:36:52.541+0000] {dag.py:3947} INFO - Setting next_dagrun for example_task_group to 2024-07-24 00:00:00+00:00, run_after=2024-07-25 00:00:00+00:00
[2024-07-25T23:36:52.569+0000] {processor.py:183} INFO - Processing /home/airflow/.local/lib/python3.12/site-packages/airflow/example_dags/example_task_group.py took 0.177 seconds
[2024-07-25T23:37:23.226+0000] {processor.py:161} INFO - Started process (PID=1193) to work on /home/airflow/.local/lib/python3.12/site-packages/airflow/example_dags/example_task_group.py
[2024-07-25T23:37:23.230+0000] {processor.py:830} INFO - Processing file /home/airflow/.local/lib/python3.12/site-packages/airflow/example_dags/example_task_group.py for tasks to queue
[2024-07-25T23:37:23.232+0000] {logging_mixin.py:188} INFO - [2024-07-25T23:37:23.231+0000] {dagbag.py:545} INFO - Filling up the DagBag from /home/airflow/.local/lib/python3.12/site-packages/airflow/example_dags/example_task_group.py
[2024-07-25T23:37:23.254+0000] {processor.py:840} INFO - DAG(s) 'example_task_group' retrieved from /home/airflow/.local/lib/python3.12/site-packages/airflow/example_dags/example_task_group.py
[2024-07-25T23:37:23.305+0000] {logging_mixin.py:188} INFO - [2024-07-25T23:37:23.305+0000] {dag.py:3089} INFO - Sync 1 DAGs
[2024-07-25T23:37:23.339+0000] {logging_mixin.py:188} INFO - [2024-07-25T23:37:23.339+0000] {dag.py:3947} INFO - Setting next_dagrun for example_task_group to 2024-07-24 00:00:00+00:00, run_after=2024-07-25 00:00:00+00:00
[2024-07-25T23:37:23.365+0000] {processor.py:183} INFO - Processing /home/airflow/.local/lib/python3.12/site-packages/airflow/example_dags/example_task_group.py took 0.145 seconds
[2024-07-25T23:37:53.657+0000] {processor.py:161} INFO - Started process (PID=1253) to work on /home/airflow/.local/lib/python3.12/site-packages/airflow/example_dags/example_task_group.py
[2024-07-25T23:37:53.664+0000] {processor.py:830} INFO - Processing file /home/airflow/.local/lib/python3.12/site-packages/airflow/example_dags/example_task_group.py for tasks to queue
[2024-07-25T23:37:53.666+0000] {logging_mixin.py:188} INFO - [2024-07-25T23:37:53.666+0000] {dagbag.py:545} INFO - Filling up the DagBag from /home/airflow/.local/lib/python3.12/site-packages/airflow/example_dags/example_task_group.py
[2024-07-25T23:37:53.674+0000] {processor.py:840} INFO - DAG(s) 'example_task_group' retrieved from /home/airflow/.local/lib/python3.12/site-packages/airflow/example_dags/example_task_group.py
[2024-07-25T23:37:53.698+0000] {logging_mixin.py:188} INFO - [2024-07-25T23:37:53.698+0000] {dag.py:3089} INFO - Sync 1 DAGs
[2024-07-25T23:37:53.715+0000] {logging_mixin.py:188} INFO - [2024-07-25T23:37:53.714+0000] {dag.py:3947} INFO - Setting next_dagrun for example_task_group to 2024-07-24 00:00:00+00:00, run_after=2024-07-25 00:00:00+00:00
[2024-07-25T23:37:53.733+0000] {processor.py:183} INFO - Processing /home/airflow/.local/lib/python3.12/site-packages/airflow/example_dags/example_task_group.py took 0.082 seconds
[2024-07-25T23:38:24.254+0000] {processor.py:161} INFO - Started process (PID=1313) to work on /home/airflow/.local/lib/python3.12/site-packages/airflow/example_dags/example_task_group.py
[2024-07-25T23:38:24.259+0000] {processor.py:830} INFO - Processing file /home/airflow/.local/lib/python3.12/site-packages/airflow/example_dags/example_task_group.py for tasks to queue
[2024-07-25T23:38:24.262+0000] {logging_mixin.py:188} INFO - [2024-07-25T23:38:24.262+0000] {dagbag.py:545} INFO - Filling up the DagBag from /home/airflow/.local/lib/python3.12/site-packages/airflow/example_dags/example_task_group.py
[2024-07-25T23:38:24.272+0000] {processor.py:840} INFO - DAG(s) 'example_task_group' retrieved from /home/airflow/.local/lib/python3.12/site-packages/airflow/example_dags/example_task_group.py
[2024-07-25T23:38:24.300+0000] {logging_mixin.py:188} INFO - [2024-07-25T23:38:24.299+0000] {dag.py:3089} INFO - Sync 1 DAGs
[2024-07-25T23:38:24.323+0000] {logging_mixin.py:188} INFO - [2024-07-25T23:38:24.322+0000] {dag.py:3947} INFO - Setting next_dagrun for example_task_group to 2024-07-24 00:00:00+00:00, run_after=2024-07-25 00:00:00+00:00
[2024-07-25T23:38:24.345+0000] {processor.py:183} INFO - Processing /home/airflow/.local/lib/python3.12/site-packages/airflow/example_dags/example_task_group.py took 0.098 seconds
[2024-07-25T23:38:54.431+0000] {processor.py:161} INFO - Started process (PID=1373) to work on /home/airflow/.local/lib/python3.12/site-packages/airflow/example_dags/example_task_group.py
[2024-07-25T23:38:54.435+0000] {processor.py:830} INFO - Processing file /home/airflow/.local/lib/python3.12/site-packages/airflow/example_dags/example_task_group.py for tasks to queue
[2024-07-25T23:38:54.437+0000] {logging_mixin.py:188} INFO - [2024-07-25T23:38:54.437+0000] {dagbag.py:545} INFO - Filling up the DagBag from /home/airflow/.local/lib/python3.12/site-packages/airflow/example_dags/example_task_group.py
[2024-07-25T23:38:54.443+0000] {processor.py:840} INFO - DAG(s) 'example_task_group' retrieved from /home/airflow/.local/lib/python3.12/site-packages/airflow/example_dags/example_task_group.py
[2024-07-25T23:38:54.465+0000] {logging_mixin.py:188} INFO - [2024-07-25T23:38:54.464+0000] {dag.py:3089} INFO - Sync 1 DAGs
[2024-07-25T23:38:54.481+0000] {logging_mixin.py:188} INFO - [2024-07-25T23:38:54.481+0000] {dag.py:3947} INFO - Setting next_dagrun for example_task_group to 2024-07-24 00:00:00+00:00, run_after=2024-07-25 00:00:00+00:00
[2024-07-25T23:38:54.498+0000] {processor.py:183} INFO - Processing /home/airflow/.local/lib/python3.12/site-packages/airflow/example_dags/example_task_group.py took 0.074 seconds
[2024-07-25T23:39:25.032+0000] {processor.py:161} INFO - Started process (PID=1433) to work on /home/airflow/.local/lib/python3.12/site-packages/airflow/example_dags/example_task_group.py
[2024-07-25T23:39:25.036+0000] {processor.py:830} INFO - Processing file /home/airflow/.local/lib/python3.12/site-packages/airflow/example_dags/example_task_group.py for tasks to queue
[2024-07-25T23:39:25.039+0000] {logging_mixin.py:188} INFO - [2024-07-25T23:39:25.038+0000] {dagbag.py:545} INFO - Filling up the DagBag from /home/airflow/.local/lib/python3.12/site-packages/airflow/example_dags/example_task_group.py
[2024-07-25T23:39:25.047+0000] {processor.py:840} INFO - DAG(s) 'example_task_group' retrieved from /home/airflow/.local/lib/python3.12/site-packages/airflow/example_dags/example_task_group.py
[2024-07-25T23:39:25.076+0000] {logging_mixin.py:188} INFO - [2024-07-25T23:39:25.075+0000] {dag.py:3089} INFO - Sync 1 DAGs
[2024-07-25T23:39:25.102+0000] {logging_mixin.py:188} INFO - [2024-07-25T23:39:25.102+0000] {dag.py:3947} INFO - Setting next_dagrun for example_task_group to 2024-07-24 00:00:00+00:00, run_after=2024-07-25 00:00:00+00:00
[2024-07-25T23:39:25.122+0000] {processor.py:183} INFO - Processing /home/airflow/.local/lib/python3.12/site-packages/airflow/example_dags/example_task_group.py took 0.098 seconds
[2024-07-25T23:39:55.905+0000] {processor.py:161} INFO - Started process (PID=1493) to work on /home/airflow/.local/lib/python3.12/site-packages/airflow/example_dags/example_task_group.py
[2024-07-25T23:39:55.910+0000] {processor.py:830} INFO - Processing file /home/airflow/.local/lib/python3.12/site-packages/airflow/example_dags/example_task_group.py for tasks to queue
[2024-07-25T23:39:55.912+0000] {logging_mixin.py:188} INFO - [2024-07-25T23:39:55.912+0000] {dagbag.py:545} INFO - Filling up the DagBag from /home/airflow/.local/lib/python3.12/site-packages/airflow/example_dags/example_task_group.py
[2024-07-25T23:39:55.920+0000] {processor.py:840} INFO - DAG(s) 'example_task_group' retrieved from /home/airflow/.local/lib/python3.12/site-packages/airflow/example_dags/example_task_group.py
[2024-07-25T23:39:55.943+0000] {logging_mixin.py:188} INFO - [2024-07-25T23:39:55.943+0000] {dag.py:3089} INFO - Sync 1 DAGs
[2024-07-25T23:39:55.969+0000] {logging_mixin.py:188} INFO - [2024-07-25T23:39:55.969+0000] {dag.py:3947} INFO - Setting next_dagrun for example_task_group to 2024-07-24 00:00:00+00:00, run_after=2024-07-25 00:00:00+00:00
[2024-07-25T23:39:56.006+0000] {processor.py:183} INFO - Processing /home/airflow/.local/lib/python3.12/site-packages/airflow/example_dags/example_task_group.py took 0.107 seconds
[2024-07-25T23:40:26.082+0000] {processor.py:161} INFO - Started process (PID=1553) to work on /home/airflow/.local/lib/python3.12/site-packages/airflow/example_dags/example_task_group.py
[2024-07-25T23:40:26.083+0000] {processor.py:830} INFO - Processing file /home/airflow/.local/lib/python3.12/site-packages/airflow/example_dags/example_task_group.py for tasks to queue
[2024-07-25T23:40:26.086+0000] {logging_mixin.py:188} INFO - [2024-07-25T23:40:26.086+0000] {dagbag.py:545} INFO - Filling up the DagBag from /home/airflow/.local/lib/python3.12/site-packages/airflow/example_dags/example_task_group.py
[2024-07-25T23:40:26.092+0000] {processor.py:840} INFO - DAG(s) 'example_task_group' retrieved from /home/airflow/.local/lib/python3.12/site-packages/airflow/example_dags/example_task_group.py
[2024-07-25T23:40:26.109+0000] {logging_mixin.py:188} INFO - [2024-07-25T23:40:26.109+0000] {dag.py:3089} INFO - Sync 1 DAGs
[2024-07-25T23:40:26.124+0000] {logging_mixin.py:188} INFO - [2024-07-25T23:40:26.124+0000] {dag.py:3947} INFO - Setting next_dagrun for example_task_group to 2024-07-24 00:00:00+00:00, run_after=2024-07-25 00:00:00+00:00
[2024-07-25T23:40:26.139+0000] {processor.py:183} INFO - Processing /home/airflow/.local/lib/python3.12/site-packages/airflow/example_dags/example_task_group.py took 0.061 seconds
[2024-07-25T23:40:56.470+0000] {processor.py:161} INFO - Started process (PID=1613) to work on /home/airflow/.local/lib/python3.12/site-packages/airflow/example_dags/example_task_group.py
[2024-07-25T23:40:56.473+0000] {processor.py:830} INFO - Processing file /home/airflow/.local/lib/python3.12/site-packages/airflow/example_dags/example_task_group.py for tasks to queue
[2024-07-25T23:40:56.475+0000] {logging_mixin.py:188} INFO - [2024-07-25T23:40:56.475+0000] {dagbag.py:545} INFO - Filling up the DagBag from /home/airflow/.local/lib/python3.12/site-packages/airflow/example_dags/example_task_group.py
[2024-07-25T23:40:56.484+0000] {processor.py:840} INFO - DAG(s) 'example_task_group' retrieved from /home/airflow/.local/lib/python3.12/site-packages/airflow/example_dags/example_task_group.py
[2024-07-25T23:40:56.504+0000] {logging_mixin.py:188} INFO - [2024-07-25T23:40:56.504+0000] {dag.py:3089} INFO - Sync 1 DAGs
[2024-07-25T23:40:56.524+0000] {logging_mixin.py:188} INFO - [2024-07-25T23:40:56.524+0000] {dag.py:3947} INFO - Setting next_dagrun for example_task_group to 2024-07-24 00:00:00+00:00, run_after=2024-07-25 00:00:00+00:00
[2024-07-25T23:40:56.544+0000] {processor.py:183} INFO - Processing /home/airflow/.local/lib/python3.12/site-packages/airflow/example_dags/example_task_group.py took 0.079 seconds
[2024-07-25T23:41:27.060+0000] {processor.py:161} INFO - Started process (PID=1673) to work on /home/airflow/.local/lib/python3.12/site-packages/airflow/example_dags/example_task_group.py
[2024-07-25T23:41:27.061+0000] {processor.py:830} INFO - Processing file /home/airflow/.local/lib/python3.12/site-packages/airflow/example_dags/example_task_group.py for tasks to queue
[2024-07-25T23:41:27.065+0000] {logging_mixin.py:188} INFO - [2024-07-25T23:41:27.065+0000] {dagbag.py:545} INFO - Filling up the DagBag from /home/airflow/.local/lib/python3.12/site-packages/airflow/example_dags/example_task_group.py
[2024-07-25T23:41:27.074+0000] {processor.py:840} INFO - DAG(s) 'example_task_group' retrieved from /home/airflow/.local/lib/python3.12/site-packages/airflow/example_dags/example_task_group.py
[2024-07-25T23:41:27.098+0000] {logging_mixin.py:188} INFO - [2024-07-25T23:41:27.098+0000] {dag.py:3089} INFO - Sync 1 DAGs
[2024-07-25T23:41:27.122+0000] {logging_mixin.py:188} INFO - [2024-07-25T23:41:27.122+0000] {dag.py:3947} INFO - Setting next_dagrun for example_task_group to 2024-07-24 00:00:00+00:00, run_after=2024-07-25 00:00:00+00:00
[2024-07-25T23:41:27.140+0000] {processor.py:183} INFO - Processing /home/airflow/.local/lib/python3.12/site-packages/airflow/example_dags/example_task_group.py took 0.089 seconds
[2024-07-25T23:41:57.976+0000] {processor.py:161} INFO - Started process (PID=1733) to work on /home/airflow/.local/lib/python3.12/site-packages/airflow/example_dags/example_task_group.py
[2024-07-25T23:41:57.978+0000] {processor.py:830} INFO - Processing file /home/airflow/.local/lib/python3.12/site-packages/airflow/example_dags/example_task_group.py for tasks to queue
[2024-07-25T23:41:57.980+0000] {logging_mixin.py:188} INFO - [2024-07-25T23:41:57.979+0000] {dagbag.py:545} INFO - Filling up the DagBag from /home/airflow/.local/lib/python3.12/site-packages/airflow/example_dags/example_task_group.py
[2024-07-25T23:41:57.991+0000] {processor.py:840} INFO - DAG(s) 'example_task_group' retrieved from /home/airflow/.local/lib/python3.12/site-packages/airflow/example_dags/example_task_group.py
[2024-07-25T23:41:58.025+0000] {logging_mixin.py:188} INFO - [2024-07-25T23:41:58.024+0000] {dag.py:3089} INFO - Sync 1 DAGs
[2024-07-25T23:41:58.046+0000] {logging_mixin.py:188} INFO - [2024-07-25T23:41:58.046+0000] {dag.py:3947} INFO - Setting next_dagrun for example_task_group to 2024-07-24 00:00:00+00:00, run_after=2024-07-25 00:00:00+00:00
[2024-07-25T23:41:58.061+0000] {processor.py:183} INFO - Processing /home/airflow/.local/lib/python3.12/site-packages/airflow/example_dags/example_task_group.py took 0.092 seconds
[2024-07-25T23:42:28.968+0000] {processor.py:161} INFO - Started process (PID=1793) to work on /home/airflow/.local/lib/python3.12/site-packages/airflow/example_dags/example_task_group.py
[2024-07-25T23:42:28.970+0000] {processor.py:830} INFO - Processing file /home/airflow/.local/lib/python3.12/site-packages/airflow/example_dags/example_task_group.py for tasks to queue
[2024-07-25T23:42:28.972+0000] {logging_mixin.py:188} INFO - [2024-07-25T23:42:28.972+0000] {dagbag.py:545} INFO - Filling up the DagBag from /home/airflow/.local/lib/python3.12/site-packages/airflow/example_dags/example_task_group.py
[2024-07-25T23:42:28.981+0000] {processor.py:840} INFO - DAG(s) 'example_task_group' retrieved from /home/airflow/.local/lib/python3.12/site-packages/airflow/example_dags/example_task_group.py
[2024-07-25T23:42:29.003+0000] {logging_mixin.py:188} INFO - [2024-07-25T23:42:29.003+0000] {dag.py:3089} INFO - Sync 1 DAGs
[2024-07-25T23:42:29.021+0000] {logging_mixin.py:188} INFO - [2024-07-25T23:42:29.020+0000] {dag.py:3947} INFO - Setting next_dagrun for example_task_group to 2024-07-24 00:00:00+00:00, run_after=2024-07-25 00:00:00+00:00
[2024-07-25T23:42:29.035+0000] {processor.py:183} INFO - Processing /home/airflow/.local/lib/python3.12/site-packages/airflow/example_dags/example_task_group.py took 0.074 seconds
[2024-07-25T23:42:59.360+0000] {processor.py:161} INFO - Started process (PID=1853) to work on /home/airflow/.local/lib/python3.12/site-packages/airflow/example_dags/example_task_group.py
[2024-07-25T23:42:59.361+0000] {processor.py:830} INFO - Processing file /home/airflow/.local/lib/python3.12/site-packages/airflow/example_dags/example_task_group.py for tasks to queue
[2024-07-25T23:42:59.363+0000] {logging_mixin.py:188} INFO - [2024-07-25T23:42:59.363+0000] {dagbag.py:545} INFO - Filling up the DagBag from /home/airflow/.local/lib/python3.12/site-packages/airflow/example_dags/example_task_group.py
[2024-07-25T23:42:59.369+0000] {processor.py:840} INFO - DAG(s) 'example_task_group' retrieved from /home/airflow/.local/lib/python3.12/site-packages/airflow/example_dags/example_task_group.py
[2024-07-25T23:42:59.396+0000] {logging_mixin.py:188} INFO - [2024-07-25T23:42:59.396+0000] {dag.py:3089} INFO - Sync 1 DAGs
[2024-07-25T23:42:59.533+0000] {logging_mixin.py:188} INFO - [2024-07-25T23:42:59.533+0000] {dag.py:3947} INFO - Setting next_dagrun for example_task_group to 2024-07-24 00:00:00+00:00, run_after=2024-07-25 00:00:00+00:00
[2024-07-25T23:42:59.546+0000] {processor.py:183} INFO - Processing /home/airflow/.local/lib/python3.12/site-packages/airflow/example_dags/example_task_group.py took 0.191 seconds
[2024-07-25T23:43:29.761+0000] {processor.py:161} INFO - Started process (PID=1913) to work on /home/airflow/.local/lib/python3.12/site-packages/airflow/example_dags/example_task_group.py
[2024-07-25T23:43:29.762+0000] {processor.py:830} INFO - Processing file /home/airflow/.local/lib/python3.12/site-packages/airflow/example_dags/example_task_group.py for tasks to queue
[2024-07-25T23:43:29.764+0000] {logging_mixin.py:188} INFO - [2024-07-25T23:43:29.764+0000] {dagbag.py:545} INFO - Filling up the DagBag from /home/airflow/.local/lib/python3.12/site-packages/airflow/example_dags/example_task_group.py
[2024-07-25T23:43:29.771+0000] {processor.py:840} INFO - DAG(s) 'example_task_group' retrieved from /home/airflow/.local/lib/python3.12/site-packages/airflow/example_dags/example_task_group.py
[2024-07-25T23:43:29.793+0000] {logging_mixin.py:188} INFO - [2024-07-25T23:43:29.793+0000] {dag.py:3089} INFO - Sync 1 DAGs
[2024-07-25T23:43:29.822+0000] {logging_mixin.py:188} INFO - [2024-07-25T23:43:29.821+0000] {dag.py:3947} INFO - Setting next_dagrun for example_task_group to 2024-07-24 00:00:00+00:00, run_after=2024-07-25 00:00:00+00:00
[2024-07-25T23:43:29.843+0000] {processor.py:183} INFO - Processing /home/airflow/.local/lib/python3.12/site-packages/airflow/example_dags/example_task_group.py took 0.089 seconds
[2024-07-25T23:44:00.816+0000] {processor.py:161} INFO - Started process (PID=1971) to work on /home/airflow/.local/lib/python3.12/site-packages/airflow/example_dags/example_task_group.py
[2024-07-25T23:44:00.818+0000] {processor.py:830} INFO - Processing file /home/airflow/.local/lib/python3.12/site-packages/airflow/example_dags/example_task_group.py for tasks to queue
[2024-07-25T23:44:00.824+0000] {logging_mixin.py:188} INFO - [2024-07-25T23:44:00.824+0000] {dagbag.py:545} INFO - Filling up the DagBag from /home/airflow/.local/lib/python3.12/site-packages/airflow/example_dags/example_task_group.py
[2024-07-25T23:44:00.839+0000] {processor.py:840} INFO - DAG(s) 'example_task_group' retrieved from /home/airflow/.local/lib/python3.12/site-packages/airflow/example_dags/example_task_group.py
[2024-07-25T23:44:00.868+0000] {logging_mixin.py:188} INFO - [2024-07-25T23:44:00.868+0000] {dag.py:3089} INFO - Sync 1 DAGs
[2024-07-25T23:44:00.893+0000] {logging_mixin.py:188} INFO - [2024-07-25T23:44:00.893+0000] {dag.py:3947} INFO - Setting next_dagrun for example_task_group to 2024-07-24 00:00:00+00:00, run_after=2024-07-25 00:00:00+00:00
[2024-07-25T23:44:00.912+0000] {processor.py:183} INFO - Processing /home/airflow/.local/lib/python3.12/site-packages/airflow/example_dags/example_task_group.py took 0.105 seconds
[2024-07-25T23:44:31.838+0000] {processor.py:161} INFO - Started process (PID=2030) to work on /home/airflow/.local/lib/python3.12/site-packages/airflow/example_dags/example_task_group.py
[2024-07-25T23:44:31.839+0000] {processor.py:830} INFO - Processing file /home/airflow/.local/lib/python3.12/site-packages/airflow/example_dags/example_task_group.py for tasks to queue
[2024-07-25T23:44:31.841+0000] {logging_mixin.py:188} INFO - [2024-07-25T23:44:31.841+0000] {dagbag.py:545} INFO - Filling up the DagBag from /home/airflow/.local/lib/python3.12/site-packages/airflow/example_dags/example_task_group.py
[2024-07-25T23:44:31.850+0000] {processor.py:840} INFO - DAG(s) 'example_task_group' retrieved from /home/airflow/.local/lib/python3.12/site-packages/airflow/example_dags/example_task_group.py
[2024-07-25T23:44:31.873+0000] {logging_mixin.py:188} INFO - [2024-07-25T23:44:31.873+0000] {dag.py:3089} INFO - Sync 1 DAGs
[2024-07-25T23:44:31.890+0000] {logging_mixin.py:188} INFO - [2024-07-25T23:44:31.890+0000] {dag.py:3947} INFO - Setting next_dagrun for example_task_group to 2024-07-24 00:00:00+00:00, run_after=2024-07-25 00:00:00+00:00
[2024-07-25T23:44:31.904+0000] {processor.py:183} INFO - Processing /home/airflow/.local/lib/python3.12/site-packages/airflow/example_dags/example_task_group.py took 0.075 seconds
[2024-07-25T23:45:02.652+0000] {processor.py:161} INFO - Started process (PID=2090) to work on /home/airflow/.local/lib/python3.12/site-packages/airflow/example_dags/example_task_group.py
[2024-07-25T23:45:02.654+0000] {processor.py:830} INFO - Processing file /home/airflow/.local/lib/python3.12/site-packages/airflow/example_dags/example_task_group.py for tasks to queue
[2024-07-25T23:45:02.656+0000] {logging_mixin.py:188} INFO - [2024-07-25T23:45:02.655+0000] {dagbag.py:545} INFO - Filling up the DagBag from /home/airflow/.local/lib/python3.12/site-packages/airflow/example_dags/example_task_group.py
[2024-07-25T23:45:02.665+0000] {processor.py:840} INFO - DAG(s) 'example_task_group' retrieved from /home/airflow/.local/lib/python3.12/site-packages/airflow/example_dags/example_task_group.py
[2024-07-25T23:45:02.686+0000] {logging_mixin.py:188} INFO - [2024-07-25T23:45:02.685+0000] {dag.py:3089} INFO - Sync 1 DAGs
[2024-07-25T23:45:02.704+0000] {logging_mixin.py:188} INFO - [2024-07-25T23:45:02.704+0000] {dag.py:3947} INFO - Setting next_dagrun for example_task_group to 2024-07-24 00:00:00+00:00, run_after=2024-07-25 00:00:00+00:00
[2024-07-25T23:45:02.721+0000] {processor.py:183} INFO - Processing /home/airflow/.local/lib/python3.12/site-packages/airflow/example_dags/example_task_group.py took 0.077 seconds
[2024-07-25T23:45:33.654+0000] {processor.py:161} INFO - Started process (PID=2150) to work on /home/airflow/.local/lib/python3.12/site-packages/airflow/example_dags/example_task_group.py
[2024-07-25T23:45:33.656+0000] {processor.py:830} INFO - Processing file /home/airflow/.local/lib/python3.12/site-packages/airflow/example_dags/example_task_group.py for tasks to queue
[2024-07-25T23:45:33.658+0000] {logging_mixin.py:188} INFO - [2024-07-25T23:45:33.658+0000] {dagbag.py:545} INFO - Filling up the DagBag from /home/airflow/.local/lib/python3.12/site-packages/airflow/example_dags/example_task_group.py
[2024-07-25T23:45:33.666+0000] {processor.py:840} INFO - DAG(s) 'example_task_group' retrieved from /home/airflow/.local/lib/python3.12/site-packages/airflow/example_dags/example_task_group.py
[2024-07-25T23:45:33.689+0000] {logging_mixin.py:188} INFO - [2024-07-25T23:45:33.689+0000] {dag.py:3089} INFO - Sync 1 DAGs
[2024-07-25T23:45:33.711+0000] {logging_mixin.py:188} INFO - [2024-07-25T23:45:33.711+0000] {dag.py:3947} INFO - Setting next_dagrun for example_task_group to 2024-07-24 00:00:00+00:00, run_after=2024-07-25 00:00:00+00:00
[2024-07-25T23:45:33.726+0000] {processor.py:183} INFO - Processing /home/airflow/.local/lib/python3.12/site-packages/airflow/example_dags/example_task_group.py took 0.080 seconds
[2024-07-25T23:46:04.473+0000] {processor.py:161} INFO - Started process (PID=2210) to work on /home/airflow/.local/lib/python3.12/site-packages/airflow/example_dags/example_task_group.py
[2024-07-25T23:46:04.475+0000] {processor.py:830} INFO - Processing file /home/airflow/.local/lib/python3.12/site-packages/airflow/example_dags/example_task_group.py for tasks to queue
[2024-07-25T23:46:04.478+0000] {logging_mixin.py:188} INFO - [2024-07-25T23:46:04.477+0000] {dagbag.py:545} INFO - Filling up the DagBag from /home/airflow/.local/lib/python3.12/site-packages/airflow/example_dags/example_task_group.py
[2024-07-25T23:46:04.485+0000] {processor.py:840} INFO - DAG(s) 'example_task_group' retrieved from /home/airflow/.local/lib/python3.12/site-packages/airflow/example_dags/example_task_group.py
[2024-07-25T23:46:04.509+0000] {logging_mixin.py:188} INFO - [2024-07-25T23:46:04.509+0000] {dag.py:3089} INFO - Sync 1 DAGs
[2024-07-25T23:46:04.526+0000] {logging_mixin.py:188} INFO - [2024-07-25T23:46:04.526+0000] {dag.py:3947} INFO - Setting next_dagrun for example_task_group to 2024-07-24 00:00:00+00:00, run_after=2024-07-25 00:00:00+00:00
[2024-07-25T23:46:04.544+0000] {processor.py:183} INFO - Processing /home/airflow/.local/lib/python3.12/site-packages/airflow/example_dags/example_task_group.py took 0.078 seconds
[2024-07-25T23:46:34.989+0000] {processor.py:161} INFO - Started process (PID=2270) to work on /home/airflow/.local/lib/python3.12/site-packages/airflow/example_dags/example_task_group.py
[2024-07-25T23:46:34.991+0000] {processor.py:830} INFO - Processing file /home/airflow/.local/lib/python3.12/site-packages/airflow/example_dags/example_task_group.py for tasks to queue
[2024-07-25T23:46:34.993+0000] {logging_mixin.py:188} INFO - [2024-07-25T23:46:34.992+0000] {dagbag.py:545} INFO - Filling up the DagBag from /home/airflow/.local/lib/python3.12/site-packages/airflow/example_dags/example_task_group.py
[2024-07-25T23:46:35.004+0000] {processor.py:840} INFO - DAG(s) 'example_task_group' retrieved from /home/airflow/.local/lib/python3.12/site-packages/airflow/example_dags/example_task_group.py
[2024-07-25T23:46:35.032+0000] {logging_mixin.py:188} INFO - [2024-07-25T23:46:35.032+0000] {dag.py:3089} INFO - Sync 1 DAGs
[2024-07-25T23:46:35.054+0000] {logging_mixin.py:188} INFO - [2024-07-25T23:46:35.054+0000] {dag.py:3947} INFO - Setting next_dagrun for example_task_group to 2024-07-24 00:00:00+00:00, run_after=2024-07-25 00:00:00+00:00
[2024-07-25T23:46:35.074+0000] {processor.py:183} INFO - Processing /home/airflow/.local/lib/python3.12/site-packages/airflow/example_dags/example_task_group.py took 0.093 seconds
[2024-07-25T23:47:05.123+0000] {processor.py:161} INFO - Started process (PID=2330) to work on /home/airflow/.local/lib/python3.12/site-packages/airflow/example_dags/example_task_group.py
[2024-07-25T23:47:05.125+0000] {processor.py:830} INFO - Processing file /home/airflow/.local/lib/python3.12/site-packages/airflow/example_dags/example_task_group.py for tasks to queue
[2024-07-25T23:47:05.128+0000] {logging_mixin.py:188} INFO - [2024-07-25T23:47:05.127+0000] {dagbag.py:545} INFO - Filling up the DagBag from /home/airflow/.local/lib/python3.12/site-packages/airflow/example_dags/example_task_group.py
[2024-07-25T23:47:05.135+0000] {processor.py:840} INFO - DAG(s) 'example_task_group' retrieved from /home/airflow/.local/lib/python3.12/site-packages/airflow/example_dags/example_task_group.py
[2024-07-25T23:47:05.160+0000] {logging_mixin.py:188} INFO - [2024-07-25T23:47:05.160+0000] {dag.py:3089} INFO - Sync 1 DAGs
[2024-07-25T23:47:05.174+0000] {logging_mixin.py:188} INFO - [2024-07-25T23:47:05.173+0000] {dag.py:3947} INFO - Setting next_dagrun for example_task_group to 2024-07-24 00:00:00+00:00, run_after=2024-07-25 00:00:00+00:00
[2024-07-25T23:47:05.190+0000] {processor.py:183} INFO - Processing /home/airflow/.local/lib/python3.12/site-packages/airflow/example_dags/example_task_group.py took 0.074 seconds
[2024-07-25T23:47:35.765+0000] {processor.py:161} INFO - Started process (PID=2390) to work on /home/airflow/.local/lib/python3.12/site-packages/airflow/example_dags/example_task_group.py
[2024-07-25T23:47:35.768+0000] {processor.py:830} INFO - Processing file /home/airflow/.local/lib/python3.12/site-packages/airflow/example_dags/example_task_group.py for tasks to queue
[2024-07-25T23:47:35.770+0000] {logging_mixin.py:188} INFO - [2024-07-25T23:47:35.769+0000] {dagbag.py:545} INFO - Filling up the DagBag from /home/airflow/.local/lib/python3.12/site-packages/airflow/example_dags/example_task_group.py
[2024-07-25T23:47:35.778+0000] {processor.py:840} INFO - DAG(s) 'example_task_group' retrieved from /home/airflow/.local/lib/python3.12/site-packages/airflow/example_dags/example_task_group.py
[2024-07-25T23:47:35.800+0000] {logging_mixin.py:188} INFO - [2024-07-25T23:47:35.800+0000] {dag.py:3089} INFO - Sync 1 DAGs
[2024-07-25T23:47:35.817+0000] {logging_mixin.py:188} INFO - [2024-07-25T23:47:35.817+0000] {dag.py:3947} INFO - Setting next_dagrun for example_task_group to 2024-07-24 00:00:00+00:00, run_after=2024-07-25 00:00:00+00:00
[2024-07-25T23:47:35.834+0000] {processor.py:183} INFO - Processing /home/airflow/.local/lib/python3.12/site-packages/airflow/example_dags/example_task_group.py took 0.076 seconds
[2024-07-25T23:48:05.960+0000] {processor.py:161} INFO - Started process (PID=2449) to work on /home/airflow/.local/lib/python3.12/site-packages/airflow/example_dags/example_task_group.py
[2024-07-25T23:48:05.963+0000] {processor.py:830} INFO - Processing file /home/airflow/.local/lib/python3.12/site-packages/airflow/example_dags/example_task_group.py for tasks to queue
[2024-07-25T23:48:05.964+0000] {logging_mixin.py:188} INFO - [2024-07-25T23:48:05.964+0000] {dagbag.py:545} INFO - Filling up the DagBag from /home/airflow/.local/lib/python3.12/site-packages/airflow/example_dags/example_task_group.py
[2024-07-25T23:48:05.975+0000] {processor.py:840} INFO - DAG(s) 'example_task_group' retrieved from /home/airflow/.local/lib/python3.12/site-packages/airflow/example_dags/example_task_group.py
[2024-07-25T23:48:05.997+0000] {logging_mixin.py:188} INFO - [2024-07-25T23:48:05.996+0000] {dag.py:3089} INFO - Sync 1 DAGs
[2024-07-25T23:48:06.015+0000] {logging_mixin.py:188} INFO - [2024-07-25T23:48:06.015+0000] {dag.py:3947} INFO - Setting next_dagrun for example_task_group to 2024-07-24 00:00:00+00:00, run_after=2024-07-25 00:00:00+00:00
[2024-07-25T23:48:06.031+0000] {processor.py:183} INFO - Processing /home/airflow/.local/lib/python3.12/site-packages/airflow/example_dags/example_task_group.py took 0.081 seconds
[2024-07-25T23:48:36.101+0000] {processor.py:161} INFO - Started process (PID=2509) to work on /home/airflow/.local/lib/python3.12/site-packages/airflow/example_dags/example_task_group.py
[2024-07-25T23:48:36.103+0000] {processor.py:830} INFO - Processing file /home/airflow/.local/lib/python3.12/site-packages/airflow/example_dags/example_task_group.py for tasks to queue
[2024-07-25T23:48:36.105+0000] {logging_mixin.py:188} INFO - [2024-07-25T23:48:36.105+0000] {dagbag.py:545} INFO - Filling up the DagBag from /home/airflow/.local/lib/python3.12/site-packages/airflow/example_dags/example_task_group.py
[2024-07-25T23:48:36.115+0000] {processor.py:840} INFO - DAG(s) 'example_task_group' retrieved from /home/airflow/.local/lib/python3.12/site-packages/airflow/example_dags/example_task_group.py
[2024-07-25T23:48:36.136+0000] {logging_mixin.py:188} INFO - [2024-07-25T23:48:36.136+0000] {dag.py:3089} INFO - Sync 1 DAGs
[2024-07-25T23:48:36.161+0000] {logging_mixin.py:188} INFO - [2024-07-25T23:48:36.160+0000] {dag.py:3947} INFO - Setting next_dagrun for example_task_group to 2024-07-24 00:00:00+00:00, run_after=2024-07-25 00:00:00+00:00
[2024-07-25T23:48:36.179+0000] {processor.py:183} INFO - Processing /home/airflow/.local/lib/python3.12/site-packages/airflow/example_dags/example_task_group.py took 0.088 seconds
[2024-07-25T23:49:06.538+0000] {processor.py:161} INFO - Started process (PID=2569) to work on /home/airflow/.local/lib/python3.12/site-packages/airflow/example_dags/example_task_group.py
[2024-07-25T23:49:06.541+0000] {processor.py:830} INFO - Processing file /home/airflow/.local/lib/python3.12/site-packages/airflow/example_dags/example_task_group.py for tasks to queue
[2024-07-25T23:49:06.542+0000] {logging_mixin.py:188} INFO - [2024-07-25T23:49:06.542+0000] {dagbag.py:545} INFO - Filling up the DagBag from /home/airflow/.local/lib/python3.12/site-packages/airflow/example_dags/example_task_group.py
[2024-07-25T23:49:06.549+0000] {processor.py:840} INFO - DAG(s) 'example_task_group' retrieved from /home/airflow/.local/lib/python3.12/site-packages/airflow/example_dags/example_task_group.py
[2024-07-25T23:49:06.570+0000] {logging_mixin.py:188} INFO - [2024-07-25T23:49:06.570+0000] {dag.py:3089} INFO - Sync 1 DAGs
[2024-07-25T23:49:06.587+0000] {logging_mixin.py:188} INFO - [2024-07-25T23:49:06.586+0000] {dag.py:3947} INFO - Setting next_dagrun for example_task_group to 2024-07-24 00:00:00+00:00, run_after=2024-07-25 00:00:00+00:00
[2024-07-25T23:49:06.604+0000] {processor.py:183} INFO - Processing /home/airflow/.local/lib/python3.12/site-packages/airflow/example_dags/example_task_group.py took 0.072 seconds
[2024-07-25T23:49:36.703+0000] {processor.py:161} INFO - Started process (PID=2629) to work on /home/airflow/.local/lib/python3.12/site-packages/airflow/example_dags/example_task_group.py
[2024-07-25T23:49:36.707+0000] {processor.py:830} INFO - Processing file /home/airflow/.local/lib/python3.12/site-packages/airflow/example_dags/example_task_group.py for tasks to queue
[2024-07-25T23:49:36.712+0000] {logging_mixin.py:188} INFO - [2024-07-25T23:49:36.711+0000] {dagbag.py:545} INFO - Filling up the DagBag from /home/airflow/.local/lib/python3.12/site-packages/airflow/example_dags/example_task_group.py
[2024-07-25T23:49:36.721+0000] {processor.py:840} INFO - DAG(s) 'example_task_group' retrieved from /home/airflow/.local/lib/python3.12/site-packages/airflow/example_dags/example_task_group.py
[2024-07-25T23:49:36.739+0000] {logging_mixin.py:188} INFO - [2024-07-25T23:49:36.739+0000] {dag.py:3089} INFO - Sync 1 DAGs
[2024-07-25T23:49:36.770+0000] {logging_mixin.py:188} INFO - [2024-07-25T23:49:36.769+0000] {dag.py:3947} INFO - Setting next_dagrun for example_task_group to 2024-07-24 00:00:00+00:00, run_after=2024-07-25 00:00:00+00:00
[2024-07-25T23:49:36.806+0000] {processor.py:183} INFO - Processing /home/airflow/.local/lib/python3.12/site-packages/airflow/example_dags/example_task_group.py took 0.116 seconds
[2024-07-25T23:50:06.995+0000] {processor.py:161} INFO - Started process (PID=2694) to work on /home/airflow/.local/lib/python3.12/site-packages/airflow/example_dags/example_task_group.py
[2024-07-25T23:50:06.997+0000] {processor.py:830} INFO - Processing file /home/airflow/.local/lib/python3.12/site-packages/airflow/example_dags/example_task_group.py for tasks to queue
[2024-07-25T23:50:06.999+0000] {logging_mixin.py:188} INFO - [2024-07-25T23:50:06.999+0000] {dagbag.py:545} INFO - Filling up the DagBag from /home/airflow/.local/lib/python3.12/site-packages/airflow/example_dags/example_task_group.py
[2024-07-25T23:50:07.038+0000] {processor.py:840} INFO - DAG(s) 'example_task_group' retrieved from /home/airflow/.local/lib/python3.12/site-packages/airflow/example_dags/example_task_group.py
[2024-07-25T23:50:07.067+0000] {logging_mixin.py:188} INFO - [2024-07-25T23:50:07.067+0000] {dag.py:3089} INFO - Sync 1 DAGs
[2024-07-25T23:50:07.088+0000] {logging_mixin.py:188} INFO - [2024-07-25T23:50:07.087+0000] {dag.py:3947} INFO - Setting next_dagrun for example_task_group to 2024-07-24 00:00:00+00:00, run_after=2024-07-25 00:00:00+00:00
[2024-07-25T23:50:07.107+0000] {processor.py:183} INFO - Processing /home/airflow/.local/lib/python3.12/site-packages/airflow/example_dags/example_task_group.py took 0.118 seconds
[2024-07-25T23:50:37.187+0000] {processor.py:161} INFO - Started process (PID=2754) to work on /home/airflow/.local/lib/python3.12/site-packages/airflow/example_dags/example_task_group.py
[2024-07-25T23:50:37.189+0000] {processor.py:830} INFO - Processing file /home/airflow/.local/lib/python3.12/site-packages/airflow/example_dags/example_task_group.py for tasks to queue
[2024-07-25T23:50:37.196+0000] {logging_mixin.py:188} INFO - [2024-07-25T23:50:37.195+0000] {dagbag.py:545} INFO - Filling up the DagBag from /home/airflow/.local/lib/python3.12/site-packages/airflow/example_dags/example_task_group.py
[2024-07-25T23:50:37.215+0000] {processor.py:840} INFO - DAG(s) 'example_task_group' retrieved from /home/airflow/.local/lib/python3.12/site-packages/airflow/example_dags/example_task_group.py
[2024-07-25T23:50:37.244+0000] {logging_mixin.py:188} INFO - [2024-07-25T23:50:37.244+0000] {dag.py:3089} INFO - Sync 1 DAGs
[2024-07-25T23:50:37.276+0000] {logging_mixin.py:188} INFO - [2024-07-25T23:50:37.275+0000] {dag.py:3947} INFO - Setting next_dagrun for example_task_group to 2024-07-24 00:00:00+00:00, run_after=2024-07-25 00:00:00+00:00
[2024-07-25T23:50:37.301+0000] {processor.py:183} INFO - Processing /home/airflow/.local/lib/python3.12/site-packages/airflow/example_dags/example_task_group.py took 0.126 seconds
[2024-07-25T23:51:07.754+0000] {processor.py:161} INFO - Started process (PID=2814) to work on /home/airflow/.local/lib/python3.12/site-packages/airflow/example_dags/example_task_group.py
[2024-07-25T23:51:07.757+0000] {processor.py:830} INFO - Processing file /home/airflow/.local/lib/python3.12/site-packages/airflow/example_dags/example_task_group.py for tasks to queue
[2024-07-25T23:51:07.761+0000] {logging_mixin.py:188} INFO - [2024-07-25T23:51:07.760+0000] {dagbag.py:545} INFO - Filling up the DagBag from /home/airflow/.local/lib/python3.12/site-packages/airflow/example_dags/example_task_group.py
[2024-07-25T23:51:07.773+0000] {processor.py:840} INFO - DAG(s) 'example_task_group' retrieved from /home/airflow/.local/lib/python3.12/site-packages/airflow/example_dags/example_task_group.py
[2024-07-25T23:51:07.822+0000] {logging_mixin.py:188} INFO - [2024-07-25T23:51:07.821+0000] {dag.py:3089} INFO - Sync 1 DAGs
[2024-07-25T23:51:07.876+0000] {logging_mixin.py:188} INFO - [2024-07-25T23:51:07.876+0000] {dag.py:3947} INFO - Setting next_dagrun for example_task_group to 2024-07-24 00:00:00+00:00, run_after=2024-07-25 00:00:00+00:00
[2024-07-25T23:51:07.907+0000] {processor.py:183} INFO - Processing /home/airflow/.local/lib/python3.12/site-packages/airflow/example_dags/example_task_group.py took 0.166 seconds
[2024-07-25T23:51:38.861+0000] {processor.py:161} INFO - Started process (PID=2874) to work on /home/airflow/.local/lib/python3.12/site-packages/airflow/example_dags/example_task_group.py
[2024-07-25T23:51:38.863+0000] {processor.py:830} INFO - Processing file /home/airflow/.local/lib/python3.12/site-packages/airflow/example_dags/example_task_group.py for tasks to queue
[2024-07-25T23:51:38.864+0000] {logging_mixin.py:188} INFO - [2024-07-25T23:51:38.864+0000] {dagbag.py:545} INFO - Filling up the DagBag from /home/airflow/.local/lib/python3.12/site-packages/airflow/example_dags/example_task_group.py
[2024-07-25T23:51:38.870+0000] {processor.py:840} INFO - DAG(s) 'example_task_group' retrieved from /home/airflow/.local/lib/python3.12/site-packages/airflow/example_dags/example_task_group.py
[2024-07-25T23:51:38.890+0000] {logging_mixin.py:188} INFO - [2024-07-25T23:51:38.890+0000] {dag.py:3089} INFO - Sync 1 DAGs
[2024-07-25T23:51:38.911+0000] {logging_mixin.py:188} INFO - [2024-07-25T23:51:38.911+0000] {dag.py:3947} INFO - Setting next_dagrun for example_task_group to 2024-07-24 00:00:00+00:00, run_after=2024-07-25 00:00:00+00:00
[2024-07-25T23:51:38.931+0000] {processor.py:183} INFO - Processing /home/airflow/.local/lib/python3.12/site-packages/airflow/example_dags/example_task_group.py took 0.075 seconds
[2024-07-25T23:52:09.277+0000] {processor.py:161} INFO - Started process (PID=2934) to work on /home/airflow/.local/lib/python3.12/site-packages/airflow/example_dags/example_task_group.py
[2024-07-25T23:52:09.279+0000] {processor.py:830} INFO - Processing file /home/airflow/.local/lib/python3.12/site-packages/airflow/example_dags/example_task_group.py for tasks to queue
[2024-07-25T23:52:09.280+0000] {logging_mixin.py:188} INFO - [2024-07-25T23:52:09.280+0000] {dagbag.py:545} INFO - Filling up the DagBag from /home/airflow/.local/lib/python3.12/site-packages/airflow/example_dags/example_task_group.py
[2024-07-25T23:52:09.285+0000] {processor.py:840} INFO - DAG(s) 'example_task_group' retrieved from /home/airflow/.local/lib/python3.12/site-packages/airflow/example_dags/example_task_group.py
[2024-07-25T23:52:09.303+0000] {logging_mixin.py:188} INFO - [2024-07-25T23:52:09.303+0000] {dag.py:3089} INFO - Sync 1 DAGs
[2024-07-25T23:52:09.319+0000] {logging_mixin.py:188} INFO - [2024-07-25T23:52:09.319+0000] {dag.py:3947} INFO - Setting next_dagrun for example_task_group to 2024-07-24 00:00:00+00:00, run_after=2024-07-25 00:00:00+00:00
[2024-07-25T23:52:09.337+0000] {processor.py:183} INFO - Processing /home/airflow/.local/lib/python3.12/site-packages/airflow/example_dags/example_task_group.py took 0.065 seconds
[2024-07-25T23:52:42.406+0000] {processor.py:161} INFO - Started process (PID=2994) to work on /home/airflow/.local/lib/python3.12/site-packages/airflow/example_dags/example_task_group.py
[2024-07-25T23:52:42.407+0000] {processor.py:830} INFO - Processing file /home/airflow/.local/lib/python3.12/site-packages/airflow/example_dags/example_task_group.py for tasks to queue
[2024-07-25T23:52:42.409+0000] {logging_mixin.py:188} INFO - [2024-07-25T23:52:42.409+0000] {dagbag.py:545} INFO - Filling up the DagBag from /home/airflow/.local/lib/python3.12/site-packages/airflow/example_dags/example_task_group.py
[2024-07-25T23:52:42.416+0000] {processor.py:840} INFO - DAG(s) 'example_task_group' retrieved from /home/airflow/.local/lib/python3.12/site-packages/airflow/example_dags/example_task_group.py
[2024-07-25T23:52:42.441+0000] {logging_mixin.py:188} INFO - [2024-07-25T23:52:42.441+0000] {dag.py:3089} INFO - Sync 1 DAGs
[2024-07-25T23:52:42.472+0000] {logging_mixin.py:188} INFO - [2024-07-25T23:52:42.472+0000] {dag.py:3947} INFO - Setting next_dagrun for example_task_group to 2024-07-24 00:00:00+00:00, run_after=2024-07-25 00:00:00+00:00
[2024-07-25T23:52:42.494+0000] {processor.py:183} INFO - Processing /home/airflow/.local/lib/python3.12/site-packages/airflow/example_dags/example_task_group.py took 0.093 seconds
[2024-07-25T23:53:12.943+0000] {processor.py:161} INFO - Started process (PID=3054) to work on /home/airflow/.local/lib/python3.12/site-packages/airflow/example_dags/example_task_group.py
[2024-07-25T23:53:12.944+0000] {processor.py:830} INFO - Processing file /home/airflow/.local/lib/python3.12/site-packages/airflow/example_dags/example_task_group.py for tasks to queue
[2024-07-25T23:53:12.946+0000] {logging_mixin.py:188} INFO - [2024-07-25T23:53:12.945+0000] {dagbag.py:545} INFO - Filling up the DagBag from /home/airflow/.local/lib/python3.12/site-packages/airflow/example_dags/example_task_group.py
[2024-07-25T23:53:12.953+0000] {processor.py:840} INFO - DAG(s) 'example_task_group' retrieved from /home/airflow/.local/lib/python3.12/site-packages/airflow/example_dags/example_task_group.py
[2024-07-25T23:53:12.976+0000] {logging_mixin.py:188} INFO - [2024-07-25T23:53:12.976+0000] {dag.py:3089} INFO - Sync 1 DAGs
[2024-07-25T23:53:12.994+0000] {logging_mixin.py:188} INFO - [2024-07-25T23:53:12.994+0000] {dag.py:3947} INFO - Setting next_dagrun for example_task_group to 2024-07-24 00:00:00+00:00, run_after=2024-07-25 00:00:00+00:00
[2024-07-25T23:53:13.017+0000] {processor.py:183} INFO - Processing /home/airflow/.local/lib/python3.12/site-packages/airflow/example_dags/example_task_group.py took 0.079 seconds
[2024-07-25T23:53:43.325+0000] {processor.py:161} INFO - Started process (PID=3114) to work on /home/airflow/.local/lib/python3.12/site-packages/airflow/example_dags/example_task_group.py
[2024-07-25T23:53:43.326+0000] {processor.py:830} INFO - Processing file /home/airflow/.local/lib/python3.12/site-packages/airflow/example_dags/example_task_group.py for tasks to queue
[2024-07-25T23:53:43.327+0000] {logging_mixin.py:188} INFO - [2024-07-25T23:53:43.327+0000] {dagbag.py:545} INFO - Filling up the DagBag from /home/airflow/.local/lib/python3.12/site-packages/airflow/example_dags/example_task_group.py
[2024-07-25T23:53:43.333+0000] {processor.py:840} INFO - DAG(s) 'example_task_group' retrieved from /home/airflow/.local/lib/python3.12/site-packages/airflow/example_dags/example_task_group.py
[2024-07-25T23:53:43.348+0000] {logging_mixin.py:188} INFO - [2024-07-25T23:53:43.348+0000] {dag.py:3089} INFO - Sync 1 DAGs
[2024-07-25T23:53:43.362+0000] {logging_mixin.py:188} INFO - [2024-07-25T23:53:43.362+0000] {dag.py:3947} INFO - Setting next_dagrun for example_task_group to 2024-07-24 00:00:00+00:00, run_after=2024-07-25 00:00:00+00:00
[2024-07-25T23:53:43.373+0000] {processor.py:183} INFO - Processing /home/airflow/.local/lib/python3.12/site-packages/airflow/example_dags/example_task_group.py took 0.053 seconds
[2024-07-25T23:54:13.462+0000] {processor.py:161} INFO - Started process (PID=3172) to work on /home/airflow/.local/lib/python3.12/site-packages/airflow/example_dags/example_task_group.py
[2024-07-25T23:54:13.467+0000] {processor.py:830} INFO - Processing file /home/airflow/.local/lib/python3.12/site-packages/airflow/example_dags/example_task_group.py for tasks to queue
[2024-07-25T23:54:13.469+0000] {logging_mixin.py:188} INFO - [2024-07-25T23:54:13.469+0000] {dagbag.py:545} INFO - Filling up the DagBag from /home/airflow/.local/lib/python3.12/site-packages/airflow/example_dags/example_task_group.py
[2024-07-25T23:54:13.475+0000] {processor.py:840} INFO - DAG(s) 'example_task_group' retrieved from /home/airflow/.local/lib/python3.12/site-packages/airflow/example_dags/example_task_group.py
[2024-07-25T23:54:13.493+0000] {logging_mixin.py:188} INFO - [2024-07-25T23:54:13.492+0000] {dag.py:3089} INFO - Sync 1 DAGs
[2024-07-25T23:54:13.509+0000] {logging_mixin.py:188} INFO - [2024-07-25T23:54:13.509+0000] {dag.py:3947} INFO - Setting next_dagrun for example_task_group to 2024-07-24 00:00:00+00:00, run_after=2024-07-25 00:00:00+00:00
[2024-07-25T23:54:13.528+0000] {processor.py:183} INFO - Processing /home/airflow/.local/lib/python3.12/site-packages/airflow/example_dags/example_task_group.py took 0.071 seconds
[2024-07-25T23:54:43.662+0000] {processor.py:161} INFO - Started process (PID=3231) to work on /home/airflow/.local/lib/python3.12/site-packages/airflow/example_dags/example_task_group.py
[2024-07-25T23:54:43.663+0000] {processor.py:830} INFO - Processing file /home/airflow/.local/lib/python3.12/site-packages/airflow/example_dags/example_task_group.py for tasks to queue
[2024-07-25T23:54:43.665+0000] {logging_mixin.py:188} INFO - [2024-07-25T23:54:43.665+0000] {dagbag.py:545} INFO - Filling up the DagBag from /home/airflow/.local/lib/python3.12/site-packages/airflow/example_dags/example_task_group.py
[2024-07-25T23:54:43.671+0000] {processor.py:840} INFO - DAG(s) 'example_task_group' retrieved from /home/airflow/.local/lib/python3.12/site-packages/airflow/example_dags/example_task_group.py
[2024-07-25T23:54:43.693+0000] {logging_mixin.py:188} INFO - [2024-07-25T23:54:43.693+0000] {dag.py:3089} INFO - Sync 1 DAGs
[2024-07-25T23:54:43.717+0000] {logging_mixin.py:188} INFO - [2024-07-25T23:54:43.717+0000] {dag.py:3947} INFO - Setting next_dagrun for example_task_group to 2024-07-24 00:00:00+00:00, run_after=2024-07-25 00:00:00+00:00
[2024-07-25T23:54:43.740+0000] {processor.py:183} INFO - Processing /home/airflow/.local/lib/python3.12/site-packages/airflow/example_dags/example_task_group.py took 0.083 seconds
