[2024-07-25T23:17:18.398+0000] {processor.py:161} INFO - Started process (PID=66) to work on /home/airflow/.local/lib/python3.12/site-packages/airflow/example_dags/example_python_decorator.py
[2024-07-25T23:17:18.402+0000] {processor.py:830} INFO - Processing file /home/airflow/.local/lib/python3.12/site-packages/airflow/example_dags/example_python_decorator.py for tasks to queue
[2024-07-25T23:17:18.404+0000] {logging_mixin.py:188} INFO - [2024-07-25T23:17:18.404+0000] {dagbag.py:545} INFO - Filling up the DagBag from /home/airflow/.local/lib/python3.12/site-packages/airflow/example_dags/example_python_decorator.py
[2024-07-25T23:17:18.461+0000] {processor.py:840} INFO - DAG(s) 'example_python_decorator' retrieved from /home/airflow/.local/lib/python3.12/site-packages/airflow/example_dags/example_python_decorator.py
[2024-07-25T23:17:18.662+0000] {logging_mixin.py:188} INFO - [2024-07-25T23:17:18.662+0000] {dag.py:3089} INFO - Sync 1 DAGs
[2024-07-25T23:17:18.678+0000] {logging_mixin.py:188} INFO - [2024-07-25T23:17:18.678+0000] {dag.py:3947} INFO - Setting next_dagrun for example_python_decorator to None, run_after=None
[2024-07-25T23:17:19.468+0000] {processor.py:183} INFO - Processing /home/airflow/.local/lib/python3.12/site-packages/airflow/example_dags/example_python_decorator.py took 1.080 seconds
[2024-07-25T23:17:49.599+0000] {processor.py:161} INFO - Started process (PID=126) to work on /home/airflow/.local/lib/python3.12/site-packages/airflow/example_dags/example_python_decorator.py
[2024-07-25T23:17:49.601+0000] {processor.py:830} INFO - Processing file /home/airflow/.local/lib/python3.12/site-packages/airflow/example_dags/example_python_decorator.py for tasks to queue
[2024-07-25T23:17:49.603+0000] {logging_mixin.py:188} INFO - [2024-07-25T23:17:49.603+0000] {dagbag.py:545} INFO - Filling up the DagBag from /home/airflow/.local/lib/python3.12/site-packages/airflow/example_dags/example_python_decorator.py
[2024-07-25T23:17:49.616+0000] {processor.py:840} INFO - DAG(s) 'example_python_decorator' retrieved from /home/airflow/.local/lib/python3.12/site-packages/airflow/example_dags/example_python_decorator.py
[2024-07-25T23:17:49.642+0000] {logging_mixin.py:188} INFO - [2024-07-25T23:17:49.642+0000] {dag.py:3089} INFO - Sync 1 DAGs
[2024-07-25T23:17:49.655+0000] {logging_mixin.py:188} INFO - [2024-07-25T23:17:49.654+0000] {dag.py:3947} INFO - Setting next_dagrun for example_python_decorator to None, run_after=None
[2024-07-25T23:17:49.677+0000] {processor.py:183} INFO - Processing /home/airflow/.local/lib/python3.12/site-packages/airflow/example_dags/example_python_decorator.py took 0.085 seconds
[2024-07-25T23:18:20.243+0000] {processor.py:161} INFO - Started process (PID=186) to work on /home/airflow/.local/lib/python3.12/site-packages/airflow/example_dags/example_python_decorator.py
[2024-07-25T23:18:20.246+0000] {processor.py:830} INFO - Processing file /home/airflow/.local/lib/python3.12/site-packages/airflow/example_dags/example_python_decorator.py for tasks to queue
[2024-07-25T23:18:20.250+0000] {logging_mixin.py:188} INFO - [2024-07-25T23:18:20.250+0000] {dagbag.py:545} INFO - Filling up the DagBag from /home/airflow/.local/lib/python3.12/site-packages/airflow/example_dags/example_python_decorator.py
[2024-07-25T23:18:20.262+0000] {processor.py:840} INFO - DAG(s) 'example_python_decorator' retrieved from /home/airflow/.local/lib/python3.12/site-packages/airflow/example_dags/example_python_decorator.py
[2024-07-25T23:18:20.282+0000] {logging_mixin.py:188} INFO - [2024-07-25T23:18:20.282+0000] {dag.py:3089} INFO - Sync 1 DAGs
[2024-07-25T23:18:20.293+0000] {logging_mixin.py:188} INFO - [2024-07-25T23:18:20.293+0000] {dag.py:3947} INFO - Setting next_dagrun for example_python_decorator to None, run_after=None
[2024-07-25T23:18:20.312+0000] {processor.py:183} INFO - Processing /home/airflow/.local/lib/python3.12/site-packages/airflow/example_dags/example_python_decorator.py took 0.075 seconds
[2024-07-25T23:18:50.683+0000] {processor.py:161} INFO - Started process (PID=246) to work on /home/airflow/.local/lib/python3.12/site-packages/airflow/example_dags/example_python_decorator.py
[2024-07-25T23:18:50.689+0000] {processor.py:830} INFO - Processing file /home/airflow/.local/lib/python3.12/site-packages/airflow/example_dags/example_python_decorator.py for tasks to queue
[2024-07-25T23:18:50.690+0000] {logging_mixin.py:188} INFO - [2024-07-25T23:18:50.690+0000] {dagbag.py:545} INFO - Filling up the DagBag from /home/airflow/.local/lib/python3.12/site-packages/airflow/example_dags/example_python_decorator.py
[2024-07-25T23:18:50.702+0000] {processor.py:840} INFO - DAG(s) 'example_python_decorator' retrieved from /home/airflow/.local/lib/python3.12/site-packages/airflow/example_dags/example_python_decorator.py
[2024-07-25T23:18:50.723+0000] {logging_mixin.py:188} INFO - [2024-07-25T23:18:50.723+0000] {dag.py:3089} INFO - Sync 1 DAGs
[2024-07-25T23:18:50.734+0000] {logging_mixin.py:188} INFO - [2024-07-25T23:18:50.734+0000] {dag.py:3947} INFO - Setting next_dagrun for example_python_decorator to None, run_after=None
[2024-07-25T23:18:50.755+0000] {processor.py:183} INFO - Processing /home/airflow/.local/lib/python3.12/site-packages/airflow/example_dags/example_python_decorator.py took 0.078 seconds
[2024-07-25T23:19:21.021+0000] {processor.py:161} INFO - Started process (PID=306) to work on /home/airflow/.local/lib/python3.12/site-packages/airflow/example_dags/example_python_decorator.py
[2024-07-25T23:19:21.026+0000] {processor.py:830} INFO - Processing file /home/airflow/.local/lib/python3.12/site-packages/airflow/example_dags/example_python_decorator.py for tasks to queue
[2024-07-25T23:19:21.029+0000] {logging_mixin.py:188} INFO - [2024-07-25T23:19:21.029+0000] {dagbag.py:545} INFO - Filling up the DagBag from /home/airflow/.local/lib/python3.12/site-packages/airflow/example_dags/example_python_decorator.py
[2024-07-25T23:19:21.042+0000] {processor.py:840} INFO - DAG(s) 'example_python_decorator' retrieved from /home/airflow/.local/lib/python3.12/site-packages/airflow/example_dags/example_python_decorator.py
[2024-07-25T23:19:21.060+0000] {logging_mixin.py:188} INFO - [2024-07-25T23:19:21.060+0000] {dag.py:3089} INFO - Sync 1 DAGs
[2024-07-25T23:19:21.069+0000] {logging_mixin.py:188} INFO - [2024-07-25T23:19:21.069+0000] {dag.py:3947} INFO - Setting next_dagrun for example_python_decorator to None, run_after=None
[2024-07-25T23:19:21.085+0000] {processor.py:183} INFO - Processing /home/airflow/.local/lib/python3.12/site-packages/airflow/example_dags/example_python_decorator.py took 0.070 seconds
[2024-07-25T23:19:51.733+0000] {processor.py:161} INFO - Started process (PID=366) to work on /home/airflow/.local/lib/python3.12/site-packages/airflow/example_dags/example_python_decorator.py
[2024-07-25T23:19:51.744+0000] {processor.py:830} INFO - Processing file /home/airflow/.local/lib/python3.12/site-packages/airflow/example_dags/example_python_decorator.py for tasks to queue
[2024-07-25T23:19:51.790+0000] {logging_mixin.py:188} INFO - [2024-07-25T23:19:51.786+0000] {dagbag.py:545} INFO - Filling up the DagBag from /home/airflow/.local/lib/python3.12/site-packages/airflow/example_dags/example_python_decorator.py
[2024-07-25T23:19:51.865+0000] {processor.py:840} INFO - DAG(s) 'example_python_decorator' retrieved from /home/airflow/.local/lib/python3.12/site-packages/airflow/example_dags/example_python_decorator.py
[2024-07-25T23:19:52.000+0000] {logging_mixin.py:188} INFO - [2024-07-25T23:19:51.996+0000] {dag.py:3089} INFO - Sync 1 DAGs
[2024-07-25T23:19:52.092+0000] {logging_mixin.py:188} INFO - [2024-07-25T23:19:52.091+0000] {dag.py:3947} INFO - Setting next_dagrun for example_python_decorator to None, run_after=None
[2024-07-25T23:19:52.242+0000] {processor.py:183} INFO - Processing /home/airflow/.local/lib/python3.12/site-packages/airflow/example_dags/example_python_decorator.py took 0.610 seconds
[2024-07-25T23:20:23.054+0000] {processor.py:161} INFO - Started process (PID=426) to work on /home/airflow/.local/lib/python3.12/site-packages/airflow/example_dags/example_python_decorator.py
[2024-07-25T23:20:23.059+0000] {processor.py:830} INFO - Processing file /home/airflow/.local/lib/python3.12/site-packages/airflow/example_dags/example_python_decorator.py for tasks to queue
[2024-07-25T23:20:23.064+0000] {logging_mixin.py:188} INFO - [2024-07-25T23:20:23.063+0000] {dagbag.py:545} INFO - Filling up the DagBag from /home/airflow/.local/lib/python3.12/site-packages/airflow/example_dags/example_python_decorator.py
[2024-07-25T23:20:23.189+0000] {processor.py:840} INFO - DAG(s) 'example_python_decorator' retrieved from /home/airflow/.local/lib/python3.12/site-packages/airflow/example_dags/example_python_decorator.py
[2024-07-25T23:20:23.499+0000] {logging_mixin.py:188} INFO - [2024-07-25T23:20:23.489+0000] {dag.py:3089} INFO - Sync 1 DAGs
[2024-07-25T23:20:23.709+0000] {logging_mixin.py:188} INFO - [2024-07-25T23:20:23.707+0000] {dag.py:3947} INFO - Setting next_dagrun for example_python_decorator to None, run_after=None
[2024-07-25T23:20:23.811+0000] {processor.py:183} INFO - Processing /home/airflow/.local/lib/python3.12/site-packages/airflow/example_dags/example_python_decorator.py took 0.787 seconds
[2024-07-25T23:20:54.451+0000] {processor.py:161} INFO - Started process (PID=486) to work on /home/airflow/.local/lib/python3.12/site-packages/airflow/example_dags/example_python_decorator.py
[2024-07-25T23:20:54.453+0000] {processor.py:830} INFO - Processing file /home/airflow/.local/lib/python3.12/site-packages/airflow/example_dags/example_python_decorator.py for tasks to queue
[2024-07-25T23:20:54.454+0000] {logging_mixin.py:188} INFO - [2024-07-25T23:20:54.454+0000] {dagbag.py:545} INFO - Filling up the DagBag from /home/airflow/.local/lib/python3.12/site-packages/airflow/example_dags/example_python_decorator.py
[2024-07-25T23:20:54.467+0000] {processor.py:840} INFO - DAG(s) 'example_python_decorator' retrieved from /home/airflow/.local/lib/python3.12/site-packages/airflow/example_dags/example_python_decorator.py
[2024-07-25T23:20:54.485+0000] {logging_mixin.py:188} INFO - [2024-07-25T23:20:54.485+0000] {dag.py:3089} INFO - Sync 1 DAGs
[2024-07-25T23:20:54.493+0000] {logging_mixin.py:188} INFO - [2024-07-25T23:20:54.493+0000] {dag.py:3947} INFO - Setting next_dagrun for example_python_decorator to None, run_after=None
[2024-07-25T23:20:54.514+0000] {processor.py:183} INFO - Processing /home/airflow/.local/lib/python3.12/site-packages/airflow/example_dags/example_python_decorator.py took 0.068 seconds
[2024-07-25T23:21:24.993+0000] {processor.py:161} INFO - Started process (PID=546) to work on /home/airflow/.local/lib/python3.12/site-packages/airflow/example_dags/example_python_decorator.py
[2024-07-25T23:21:24.994+0000] {processor.py:830} INFO - Processing file /home/airflow/.local/lib/python3.12/site-packages/airflow/example_dags/example_python_decorator.py for tasks to queue
[2024-07-25T23:21:24.998+0000] {logging_mixin.py:188} INFO - [2024-07-25T23:21:24.998+0000] {dagbag.py:545} INFO - Filling up the DagBag from /home/airflow/.local/lib/python3.12/site-packages/airflow/example_dags/example_python_decorator.py
[2024-07-25T23:21:25.010+0000] {processor.py:840} INFO - DAG(s) 'example_python_decorator' retrieved from /home/airflow/.local/lib/python3.12/site-packages/airflow/example_dags/example_python_decorator.py
[2024-07-25T23:21:25.031+0000] {logging_mixin.py:188} INFO - [2024-07-25T23:21:25.031+0000] {dag.py:3089} INFO - Sync 1 DAGs
[2024-07-25T23:21:25.041+0000] {logging_mixin.py:188} INFO - [2024-07-25T23:21:25.041+0000] {dag.py:3947} INFO - Setting next_dagrun for example_python_decorator to None, run_after=None
[2024-07-25T23:21:25.062+0000] {processor.py:183} INFO - Processing /home/airflow/.local/lib/python3.12/site-packages/airflow/example_dags/example_python_decorator.py took 0.075 seconds
[2024-07-25T23:21:55.774+0000] {processor.py:161} INFO - Started process (PID=605) to work on /home/airflow/.local/lib/python3.12/site-packages/airflow/example_dags/example_python_decorator.py
[2024-07-25T23:21:55.779+0000] {processor.py:830} INFO - Processing file /home/airflow/.local/lib/python3.12/site-packages/airflow/example_dags/example_python_decorator.py for tasks to queue
[2024-07-25T23:21:55.783+0000] {logging_mixin.py:188} INFO - [2024-07-25T23:21:55.783+0000] {dagbag.py:545} INFO - Filling up the DagBag from /home/airflow/.local/lib/python3.12/site-packages/airflow/example_dags/example_python_decorator.py
[2024-07-25T23:21:55.793+0000] {processor.py:840} INFO - DAG(s) 'example_python_decorator' retrieved from /home/airflow/.local/lib/python3.12/site-packages/airflow/example_dags/example_python_decorator.py
[2024-07-25T23:21:55.813+0000] {logging_mixin.py:188} INFO - [2024-07-25T23:21:55.813+0000] {dag.py:3089} INFO - Sync 1 DAGs
[2024-07-25T23:21:55.822+0000] {logging_mixin.py:188} INFO - [2024-07-25T23:21:55.822+0000] {dag.py:3947} INFO - Setting next_dagrun for example_python_decorator to None, run_after=None
[2024-07-25T23:21:55.843+0000] {processor.py:183} INFO - Processing /home/airflow/.local/lib/python3.12/site-packages/airflow/example_dags/example_python_decorator.py took 0.073 seconds
[2024-07-25T23:22:26.139+0000] {processor.py:161} INFO - Started process (PID=664) to work on /home/airflow/.local/lib/python3.12/site-packages/airflow/example_dags/example_python_decorator.py
[2024-07-25T23:22:26.141+0000] {processor.py:830} INFO - Processing file /home/airflow/.local/lib/python3.12/site-packages/airflow/example_dags/example_python_decorator.py for tasks to queue
[2024-07-25T23:22:26.143+0000] {logging_mixin.py:188} INFO - [2024-07-25T23:22:26.142+0000] {dagbag.py:545} INFO - Filling up the DagBag from /home/airflow/.local/lib/python3.12/site-packages/airflow/example_dags/example_python_decorator.py
[2024-07-25T23:22:26.156+0000] {processor.py:840} INFO - DAG(s) 'example_python_decorator' retrieved from /home/airflow/.local/lib/python3.12/site-packages/airflow/example_dags/example_python_decorator.py
[2024-07-25T23:22:26.177+0000] {logging_mixin.py:188} INFO - [2024-07-25T23:22:26.177+0000] {dag.py:3089} INFO - Sync 1 DAGs
[2024-07-25T23:22:26.188+0000] {logging_mixin.py:188} INFO - [2024-07-25T23:22:26.188+0000] {dag.py:3947} INFO - Setting next_dagrun for example_python_decorator to None, run_after=None
[2024-07-25T23:22:26.297+0000] {processor.py:183} INFO - Processing /home/airflow/.local/lib/python3.12/site-packages/airflow/example_dags/example_python_decorator.py took 0.162 seconds
[2024-07-25T23:22:57.274+0000] {processor.py:161} INFO - Started process (PID=724) to work on /home/airflow/.local/lib/python3.12/site-packages/airflow/example_dags/example_python_decorator.py
[2024-07-25T23:22:57.276+0000] {processor.py:830} INFO - Processing file /home/airflow/.local/lib/python3.12/site-packages/airflow/example_dags/example_python_decorator.py for tasks to queue
[2024-07-25T23:22:57.278+0000] {logging_mixin.py:188} INFO - [2024-07-25T23:22:57.278+0000] {dagbag.py:545} INFO - Filling up the DagBag from /home/airflow/.local/lib/python3.12/site-packages/airflow/example_dags/example_python_decorator.py
[2024-07-25T23:22:57.296+0000] {processor.py:840} INFO - DAG(s) 'example_python_decorator' retrieved from /home/airflow/.local/lib/python3.12/site-packages/airflow/example_dags/example_python_decorator.py
[2024-07-25T23:22:57.330+0000] {logging_mixin.py:188} INFO - [2024-07-25T23:22:57.330+0000] {dag.py:3089} INFO - Sync 1 DAGs
[2024-07-25T23:22:57.355+0000] {logging_mixin.py:188} INFO - [2024-07-25T23:22:57.354+0000] {dag.py:3947} INFO - Setting next_dagrun for example_python_decorator to None, run_after=None
[2024-07-25T23:22:57.381+0000] {processor.py:183} INFO - Processing /home/airflow/.local/lib/python3.12/site-packages/airflow/example_dags/example_python_decorator.py took 0.116 seconds
[2024-07-25T23:23:27.950+0000] {processor.py:161} INFO - Started process (PID=784) to work on /home/airflow/.local/lib/python3.12/site-packages/airflow/example_dags/example_python_decorator.py
[2024-07-25T23:23:27.956+0000] {processor.py:830} INFO - Processing file /home/airflow/.local/lib/python3.12/site-packages/airflow/example_dags/example_python_decorator.py for tasks to queue
[2024-07-25T23:23:27.957+0000] {logging_mixin.py:188} INFO - [2024-07-25T23:23:27.957+0000] {dagbag.py:545} INFO - Filling up the DagBag from /home/airflow/.local/lib/python3.12/site-packages/airflow/example_dags/example_python_decorator.py
[2024-07-25T23:23:27.967+0000] {processor.py:840} INFO - DAG(s) 'example_python_decorator' retrieved from /home/airflow/.local/lib/python3.12/site-packages/airflow/example_dags/example_python_decorator.py
[2024-07-25T23:23:27.986+0000] {logging_mixin.py:188} INFO - [2024-07-25T23:23:27.986+0000] {dag.py:3089} INFO - Sync 1 DAGs
[2024-07-25T23:23:27.997+0000] {logging_mixin.py:188} INFO - [2024-07-25T23:23:27.997+0000] {dag.py:3947} INFO - Setting next_dagrun for example_python_decorator to None, run_after=None
[2024-07-25T23:23:28.020+0000] {processor.py:183} INFO - Processing /home/airflow/.local/lib/python3.12/site-packages/airflow/example_dags/example_python_decorator.py took 0.076 seconds
[2024-07-25T23:24:03.502+0000] {processor.py:161} INFO - Started process (PID=844) to work on /home/airflow/.local/lib/python3.12/site-packages/airflow/example_dags/example_python_decorator.py
[2024-07-25T23:24:03.506+0000] {processor.py:830} INFO - Processing file /home/airflow/.local/lib/python3.12/site-packages/airflow/example_dags/example_python_decorator.py for tasks to queue
[2024-07-25T23:24:03.534+0000] {logging_mixin.py:188} INFO - [2024-07-25T23:24:03.533+0000] {dagbag.py:545} INFO - Filling up the DagBag from /home/airflow/.local/lib/python3.12/site-packages/airflow/example_dags/example_python_decorator.py
[2024-07-25T23:24:03.733+0000] {processor.py:840} INFO - DAG(s) 'example_python_decorator' retrieved from /home/airflow/.local/lib/python3.12/site-packages/airflow/example_dags/example_python_decorator.py
[2024-07-25T23:24:03.958+0000] {logging_mixin.py:188} INFO - [2024-07-25T23:24:03.956+0000] {dag.py:3089} INFO - Sync 1 DAGs
[2024-07-25T23:24:04.140+0000] {logging_mixin.py:188} INFO - [2024-07-25T23:24:04.137+0000] {dag.py:3947} INFO - Setting next_dagrun for example_python_decorator to None, run_after=None
[2024-07-25T23:24:04.237+0000] {processor.py:183} INFO - Processing /home/airflow/.local/lib/python3.12/site-packages/airflow/example_dags/example_python_decorator.py took 0.792 seconds
[2024-07-25T23:24:34.713+0000] {processor.py:161} INFO - Started process (PID=904) to work on /home/airflow/.local/lib/python3.12/site-packages/airflow/example_dags/example_python_decorator.py
[2024-07-25T23:24:34.715+0000] {processor.py:830} INFO - Processing file /home/airflow/.local/lib/python3.12/site-packages/airflow/example_dags/example_python_decorator.py for tasks to queue
[2024-07-25T23:24:34.717+0000] {logging_mixin.py:188} INFO - [2024-07-25T23:24:34.717+0000] {dagbag.py:545} INFO - Filling up the DagBag from /home/airflow/.local/lib/python3.12/site-packages/airflow/example_dags/example_python_decorator.py
[2024-07-25T23:24:34.729+0000] {processor.py:840} INFO - DAG(s) 'example_python_decorator' retrieved from /home/airflow/.local/lib/python3.12/site-packages/airflow/example_dags/example_python_decorator.py
[2024-07-25T23:24:34.765+0000] {logging_mixin.py:188} INFO - [2024-07-25T23:24:34.764+0000] {dag.py:3089} INFO - Sync 1 DAGs
[2024-07-25T23:24:34.786+0000] {logging_mixin.py:188} INFO - [2024-07-25T23:24:34.785+0000] {dag.py:3947} INFO - Setting next_dagrun for example_python_decorator to None, run_after=None
[2024-07-25T23:24:34.808+0000] {processor.py:183} INFO - Processing /home/airflow/.local/lib/python3.12/site-packages/airflow/example_dags/example_python_decorator.py took 0.103 seconds
[2024-07-25T23:25:05.706+0000] {processor.py:161} INFO - Started process (PID=964) to work on /home/airflow/.local/lib/python3.12/site-packages/airflow/example_dags/example_python_decorator.py
[2024-07-25T23:25:05.707+0000] {processor.py:830} INFO - Processing file /home/airflow/.local/lib/python3.12/site-packages/airflow/example_dags/example_python_decorator.py for tasks to queue
[2024-07-25T23:25:05.710+0000] {logging_mixin.py:188} INFO - [2024-07-25T23:25:05.710+0000] {dagbag.py:545} INFO - Filling up the DagBag from /home/airflow/.local/lib/python3.12/site-packages/airflow/example_dags/example_python_decorator.py
[2024-07-25T23:25:05.733+0000] {processor.py:840} INFO - DAG(s) 'example_python_decorator' retrieved from /home/airflow/.local/lib/python3.12/site-packages/airflow/example_dags/example_python_decorator.py
[2024-07-25T23:25:05.793+0000] {logging_mixin.py:188} INFO - [2024-07-25T23:25:05.792+0000] {dag.py:3089} INFO - Sync 1 DAGs
[2024-07-25T23:25:05.810+0000] {logging_mixin.py:188} INFO - [2024-07-25T23:25:05.809+0000] {dag.py:3947} INFO - Setting next_dagrun for example_python_decorator to None, run_after=None
[2024-07-25T23:25:05.834+0000] {processor.py:183} INFO - Processing /home/airflow/.local/lib/python3.12/site-packages/airflow/example_dags/example_python_decorator.py took 0.139 seconds
[2024-07-25T23:27:27.129+0000] {processor.py:161} INFO - Started process (PID=64) to work on /home/airflow/.local/lib/python3.12/site-packages/airflow/example_dags/example_python_decorator.py
[2024-07-25T23:27:27.137+0000] {processor.py:830} INFO - Processing file /home/airflow/.local/lib/python3.12/site-packages/airflow/example_dags/example_python_decorator.py for tasks to queue
[2024-07-25T23:27:27.160+0000] {logging_mixin.py:188} INFO - [2024-07-25T23:27:27.157+0000] {dagbag.py:545} INFO - Filling up the DagBag from /home/airflow/.local/lib/python3.12/site-packages/airflow/example_dags/example_python_decorator.py
[2024-07-25T23:27:27.202+0000] {processor.py:840} INFO - DAG(s) 'example_python_decorator' retrieved from /home/airflow/.local/lib/python3.12/site-packages/airflow/example_dags/example_python_decorator.py
[2024-07-25T23:27:27.480+0000] {logging_mixin.py:188} INFO - [2024-07-25T23:27:27.478+0000] {dag.py:3089} INFO - Sync 1 DAGs
[2024-07-25T23:27:27.512+0000] {logging_mixin.py:188} INFO - [2024-07-25T23:27:27.512+0000] {dag.py:3947} INFO - Setting next_dagrun for example_python_decorator to None, run_after=None
[2024-07-25T23:27:30.423+0000] {processor.py:183} INFO - Processing /home/airflow/.local/lib/python3.12/site-packages/airflow/example_dags/example_python_decorator.py took 3.339 seconds
[2024-07-25T23:28:13.398+0000] {processor.py:161} INFO - Started process (PID=130) to work on /home/airflow/.local/lib/python3.12/site-packages/airflow/example_dags/example_python_decorator.py
[2024-07-25T23:28:13.400+0000] {processor.py:830} INFO - Processing file /home/airflow/.local/lib/python3.12/site-packages/airflow/example_dags/example_python_decorator.py for tasks to queue
[2024-07-25T23:28:13.404+0000] {logging_mixin.py:188} INFO - [2024-07-25T23:28:13.404+0000] {dagbag.py:545} INFO - Filling up the DagBag from /home/airflow/.local/lib/python3.12/site-packages/airflow/example_dags/example_python_decorator.py
[2024-07-25T23:28:13.465+0000] {processor.py:840} INFO - DAG(s) 'example_python_decorator' retrieved from /home/airflow/.local/lib/python3.12/site-packages/airflow/example_dags/example_python_decorator.py
[2024-07-25T23:28:13.523+0000] {logging_mixin.py:188} INFO - [2024-07-25T23:28:13.522+0000] {dag.py:3089} INFO - Sync 1 DAGs
[2024-07-25T23:28:13.587+0000] {logging_mixin.py:188} INFO - [2024-07-25T23:28:13.586+0000] {dag.py:3947} INFO - Setting next_dagrun for example_python_decorator to None, run_after=None
[2024-07-25T23:28:13.829+0000] {processor.py:183} INFO - Processing /home/airflow/.local/lib/python3.12/site-packages/airflow/example_dags/example_python_decorator.py took 0.455 seconds
[2024-07-25T23:28:44.463+0000] {processor.py:161} INFO - Started process (PID=190) to work on /home/airflow/.local/lib/python3.12/site-packages/airflow/example_dags/example_python_decorator.py
[2024-07-25T23:28:44.464+0000] {processor.py:830} INFO - Processing file /home/airflow/.local/lib/python3.12/site-packages/airflow/example_dags/example_python_decorator.py for tasks to queue
[2024-07-25T23:28:44.465+0000] {logging_mixin.py:188} INFO - [2024-07-25T23:28:44.465+0000] {dagbag.py:545} INFO - Filling up the DagBag from /home/airflow/.local/lib/python3.12/site-packages/airflow/example_dags/example_python_decorator.py
[2024-07-25T23:28:44.484+0000] {processor.py:840} INFO - DAG(s) 'example_python_decorator' retrieved from /home/airflow/.local/lib/python3.12/site-packages/airflow/example_dags/example_python_decorator.py
[2024-07-25T23:28:44.520+0000] {logging_mixin.py:188} INFO - [2024-07-25T23:28:44.520+0000] {dag.py:3089} INFO - Sync 1 DAGs
[2024-07-25T23:28:44.537+0000] {logging_mixin.py:188} INFO - [2024-07-25T23:28:44.537+0000] {dag.py:3947} INFO - Setting next_dagrun for example_python_decorator to None, run_after=None
[2024-07-25T23:28:44.558+0000] {processor.py:183} INFO - Processing /home/airflow/.local/lib/python3.12/site-packages/airflow/example_dags/example_python_decorator.py took 0.100 seconds
[2024-07-25T23:29:15.430+0000] {processor.py:161} INFO - Started process (PID=247) to work on /home/airflow/.local/lib/python3.12/site-packages/airflow/example_dags/example_python_decorator.py
[2024-07-25T23:29:15.431+0000] {processor.py:830} INFO - Processing file /home/airflow/.local/lib/python3.12/site-packages/airflow/example_dags/example_python_decorator.py for tasks to queue
[2024-07-25T23:29:15.432+0000] {logging_mixin.py:188} INFO - [2024-07-25T23:29:15.432+0000] {dagbag.py:545} INFO - Filling up the DagBag from /home/airflow/.local/lib/python3.12/site-packages/airflow/example_dags/example_python_decorator.py
[2024-07-25T23:29:15.445+0000] {processor.py:840} INFO - DAG(s) 'example_python_decorator' retrieved from /home/airflow/.local/lib/python3.12/site-packages/airflow/example_dags/example_python_decorator.py
[2024-07-25T23:29:15.466+0000] {logging_mixin.py:188} INFO - [2024-07-25T23:29:15.466+0000] {dag.py:3089} INFO - Sync 1 DAGs
[2024-07-25T23:29:15.485+0000] {logging_mixin.py:188} INFO - [2024-07-25T23:29:15.485+0000] {dag.py:3947} INFO - Setting next_dagrun for example_python_decorator to None, run_after=None
[2024-07-25T23:29:15.508+0000] {processor.py:183} INFO - Processing /home/airflow/.local/lib/python3.12/site-packages/airflow/example_dags/example_python_decorator.py took 0.083 seconds
[2024-07-25T23:29:47.958+0000] {processor.py:161} INFO - Started process (PID=312) to work on /home/airflow/.local/lib/python3.12/site-packages/airflow/example_dags/example_python_decorator.py
[2024-07-25T23:29:47.965+0000] {processor.py:830} INFO - Processing file /home/airflow/.local/lib/python3.12/site-packages/airflow/example_dags/example_python_decorator.py for tasks to queue
[2024-07-25T23:29:47.977+0000] {logging_mixin.py:188} INFO - [2024-07-25T23:29:47.974+0000] {dagbag.py:545} INFO - Filling up the DagBag from /home/airflow/.local/lib/python3.12/site-packages/airflow/example_dags/example_python_decorator.py
[2024-07-25T23:29:48.061+0000] {processor.py:840} INFO - DAG(s) 'example_python_decorator' retrieved from /home/airflow/.local/lib/python3.12/site-packages/airflow/example_dags/example_python_decorator.py
[2024-07-25T23:29:48.333+0000] {logging_mixin.py:188} INFO - [2024-07-25T23:29:48.330+0000] {dag.py:3089} INFO - Sync 1 DAGs
[2024-07-25T23:29:48.537+0000] {logging_mixin.py:188} INFO - [2024-07-25T23:29:48.513+0000] {dag.py:3947} INFO - Setting next_dagrun for example_python_decorator to None, run_after=None
[2024-07-25T23:29:49.079+0000] {processor.py:183} INFO - Processing /home/airflow/.local/lib/python3.12/site-packages/airflow/example_dags/example_python_decorator.py took 1.129 seconds
[2024-07-25T23:30:20.933+0000] {processor.py:161} INFO - Started process (PID=372) to work on /home/airflow/.local/lib/python3.12/site-packages/airflow/example_dags/example_python_decorator.py
[2024-07-25T23:30:20.959+0000] {processor.py:830} INFO - Processing file /home/airflow/.local/lib/python3.12/site-packages/airflow/example_dags/example_python_decorator.py for tasks to queue
[2024-07-25T23:30:20.989+0000] {logging_mixin.py:188} INFO - [2024-07-25T23:30:20.986+0000] {dagbag.py:545} INFO - Filling up the DagBag from /home/airflow/.local/lib/python3.12/site-packages/airflow/example_dags/example_python_decorator.py
[2024-07-25T23:30:21.356+0000] {processor.py:840} INFO - DAG(s) 'example_python_decorator' retrieved from /home/airflow/.local/lib/python3.12/site-packages/airflow/example_dags/example_python_decorator.py
[2024-07-25T23:30:21.984+0000] {logging_mixin.py:188} INFO - [2024-07-25T23:30:21.983+0000] {dag.py:3089} INFO - Sync 1 DAGs
[2024-07-25T23:30:22.109+0000] {logging_mixin.py:188} INFO - [2024-07-25T23:30:22.106+0000] {dag.py:3947} INFO - Setting next_dagrun for example_python_decorator to None, run_after=None
[2024-07-25T23:30:22.316+0000] {processor.py:183} INFO - Processing /home/airflow/.local/lib/python3.12/site-packages/airflow/example_dags/example_python_decorator.py took 1.520 seconds
[2024-07-25T23:30:52.677+0000] {processor.py:161} INFO - Started process (PID=432) to work on /home/airflow/.local/lib/python3.12/site-packages/airflow/example_dags/example_python_decorator.py
[2024-07-25T23:30:52.683+0000] {processor.py:830} INFO - Processing file /home/airflow/.local/lib/python3.12/site-packages/airflow/example_dags/example_python_decorator.py for tasks to queue
[2024-07-25T23:30:52.685+0000] {logging_mixin.py:188} INFO - [2024-07-25T23:30:52.685+0000] {dagbag.py:545} INFO - Filling up the DagBag from /home/airflow/.local/lib/python3.12/site-packages/airflow/example_dags/example_python_decorator.py
[2024-07-25T23:30:52.704+0000] {processor.py:840} INFO - DAG(s) 'example_python_decorator' retrieved from /home/airflow/.local/lib/python3.12/site-packages/airflow/example_dags/example_python_decorator.py
[2024-07-25T23:30:52.730+0000] {logging_mixin.py:188} INFO - [2024-07-25T23:30:52.730+0000] {dag.py:3089} INFO - Sync 1 DAGs
[2024-07-25T23:30:52.742+0000] {logging_mixin.py:188} INFO - [2024-07-25T23:30:52.741+0000] {dag.py:3947} INFO - Setting next_dagrun for example_python_decorator to None, run_after=None
[2024-07-25T23:30:52.763+0000] {processor.py:183} INFO - Processing /home/airflow/.local/lib/python3.12/site-packages/airflow/example_dags/example_python_decorator.py took 0.095 seconds
[2024-07-25T23:31:22.840+0000] {processor.py:161} INFO - Started process (PID=492) to work on /home/airflow/.local/lib/python3.12/site-packages/airflow/example_dags/example_python_decorator.py
[2024-07-25T23:31:22.844+0000] {processor.py:830} INFO - Processing file /home/airflow/.local/lib/python3.12/site-packages/airflow/example_dags/example_python_decorator.py for tasks to queue
[2024-07-25T23:31:22.846+0000] {logging_mixin.py:188} INFO - [2024-07-25T23:31:22.846+0000] {dagbag.py:545} INFO - Filling up the DagBag from /home/airflow/.local/lib/python3.12/site-packages/airflow/example_dags/example_python_decorator.py
[2024-07-25T23:31:22.859+0000] {processor.py:840} INFO - DAG(s) 'example_python_decorator' retrieved from /home/airflow/.local/lib/python3.12/site-packages/airflow/example_dags/example_python_decorator.py
[2024-07-25T23:31:22.878+0000] {logging_mixin.py:188} INFO - [2024-07-25T23:31:22.878+0000] {dag.py:3089} INFO - Sync 1 DAGs
[2024-07-25T23:31:22.894+0000] {logging_mixin.py:188} INFO - [2024-07-25T23:31:22.894+0000] {dag.py:3947} INFO - Setting next_dagrun for example_python_decorator to None, run_after=None
[2024-07-25T23:31:22.931+0000] {processor.py:183} INFO - Processing /home/airflow/.local/lib/python3.12/site-packages/airflow/example_dags/example_python_decorator.py took 0.097 seconds
[2024-07-25T23:31:53.177+0000] {processor.py:161} INFO - Started process (PID=548) to work on /home/airflow/.local/lib/python3.12/site-packages/airflow/example_dags/example_python_decorator.py
[2024-07-25T23:31:53.179+0000] {processor.py:830} INFO - Processing file /home/airflow/.local/lib/python3.12/site-packages/airflow/example_dags/example_python_decorator.py for tasks to queue
[2024-07-25T23:31:53.182+0000] {logging_mixin.py:188} INFO - [2024-07-25T23:31:53.182+0000] {dagbag.py:545} INFO - Filling up the DagBag from /home/airflow/.local/lib/python3.12/site-packages/airflow/example_dags/example_python_decorator.py
[2024-07-25T23:31:53.223+0000] {processor.py:840} INFO - DAG(s) 'example_python_decorator' retrieved from /home/airflow/.local/lib/python3.12/site-packages/airflow/example_dags/example_python_decorator.py
[2024-07-25T23:31:53.266+0000] {logging_mixin.py:188} INFO - [2024-07-25T23:31:53.266+0000] {dag.py:3089} INFO - Sync 1 DAGs
[2024-07-25T23:31:53.289+0000] {logging_mixin.py:188} INFO - [2024-07-25T23:31:53.288+0000] {dag.py:3947} INFO - Setting next_dagrun for example_python_decorator to None, run_after=None
[2024-07-25T23:31:53.309+0000] {processor.py:183} INFO - Processing /home/airflow/.local/lib/python3.12/site-packages/airflow/example_dags/example_python_decorator.py took 0.141 seconds
[2024-07-25T23:32:24.297+0000] {processor.py:161} INFO - Started process (PID=608) to work on /home/airflow/.local/lib/python3.12/site-packages/airflow/example_dags/example_python_decorator.py
[2024-07-25T23:32:24.299+0000] {processor.py:830} INFO - Processing file /home/airflow/.local/lib/python3.12/site-packages/airflow/example_dags/example_python_decorator.py for tasks to queue
[2024-07-25T23:32:24.304+0000] {logging_mixin.py:188} INFO - [2024-07-25T23:32:24.303+0000] {dagbag.py:545} INFO - Filling up the DagBag from /home/airflow/.local/lib/python3.12/site-packages/airflow/example_dags/example_python_decorator.py
[2024-07-25T23:32:24.345+0000] {processor.py:840} INFO - DAG(s) 'example_python_decorator' retrieved from /home/airflow/.local/lib/python3.12/site-packages/airflow/example_dags/example_python_decorator.py
[2024-07-25T23:32:24.387+0000] {logging_mixin.py:188} INFO - [2024-07-25T23:32:24.387+0000] {dag.py:3089} INFO - Sync 1 DAGs
[2024-07-25T23:32:24.412+0000] {logging_mixin.py:188} INFO - [2024-07-25T23:32:24.412+0000] {dag.py:3947} INFO - Setting next_dagrun for example_python_decorator to None, run_after=None
[2024-07-25T23:32:24.461+0000] {processor.py:183} INFO - Processing /home/airflow/.local/lib/python3.12/site-packages/airflow/example_dags/example_python_decorator.py took 0.180 seconds
[2024-07-25T23:32:55.505+0000] {processor.py:161} INFO - Started process (PID=668) to work on /home/airflow/.local/lib/python3.12/site-packages/airflow/example_dags/example_python_decorator.py
[2024-07-25T23:32:55.508+0000] {processor.py:830} INFO - Processing file /home/airflow/.local/lib/python3.12/site-packages/airflow/example_dags/example_python_decorator.py for tasks to queue
[2024-07-25T23:32:55.515+0000] {logging_mixin.py:188} INFO - [2024-07-25T23:32:55.514+0000] {dagbag.py:545} INFO - Filling up the DagBag from /home/airflow/.local/lib/python3.12/site-packages/airflow/example_dags/example_python_decorator.py
[2024-07-25T23:32:55.546+0000] {processor.py:840} INFO - DAG(s) 'example_python_decorator' retrieved from /home/airflow/.local/lib/python3.12/site-packages/airflow/example_dags/example_python_decorator.py
[2024-07-25T23:32:55.604+0000] {logging_mixin.py:188} INFO - [2024-07-25T23:32:55.603+0000] {dag.py:3089} INFO - Sync 1 DAGs
[2024-07-25T23:32:55.626+0000] {logging_mixin.py:188} INFO - [2024-07-25T23:32:55.626+0000] {dag.py:3947} INFO - Setting next_dagrun for example_python_decorator to None, run_after=None
[2024-07-25T23:32:55.659+0000] {processor.py:183} INFO - Processing /home/airflow/.local/lib/python3.12/site-packages/airflow/example_dags/example_python_decorator.py took 0.169 seconds
[2024-07-25T23:33:26.171+0000] {processor.py:161} INFO - Started process (PID=728) to work on /home/airflow/.local/lib/python3.12/site-packages/airflow/example_dags/example_python_decorator.py
[2024-07-25T23:33:26.173+0000] {processor.py:830} INFO - Processing file /home/airflow/.local/lib/python3.12/site-packages/airflow/example_dags/example_python_decorator.py for tasks to queue
[2024-07-25T23:33:26.176+0000] {logging_mixin.py:188} INFO - [2024-07-25T23:33:26.175+0000] {dagbag.py:545} INFO - Filling up the DagBag from /home/airflow/.local/lib/python3.12/site-packages/airflow/example_dags/example_python_decorator.py
[2024-07-25T23:33:26.194+0000] {processor.py:840} INFO - DAG(s) 'example_python_decorator' retrieved from /home/airflow/.local/lib/python3.12/site-packages/airflow/example_dags/example_python_decorator.py
[2024-07-25T23:33:26.225+0000] {logging_mixin.py:188} INFO - [2024-07-25T23:33:26.225+0000] {dag.py:3089} INFO - Sync 1 DAGs
[2024-07-25T23:33:26.240+0000] {logging_mixin.py:188} INFO - [2024-07-25T23:33:26.240+0000] {dag.py:3947} INFO - Setting next_dagrun for example_python_decorator to None, run_after=None
[2024-07-25T23:33:26.262+0000] {processor.py:183} INFO - Processing /home/airflow/.local/lib/python3.12/site-packages/airflow/example_dags/example_python_decorator.py took 0.106 seconds
[2024-07-25T23:33:56.517+0000] {processor.py:161} INFO - Started process (PID=788) to work on /home/airflow/.local/lib/python3.12/site-packages/airflow/example_dags/example_python_decorator.py
[2024-07-25T23:33:56.522+0000] {processor.py:830} INFO - Processing file /home/airflow/.local/lib/python3.12/site-packages/airflow/example_dags/example_python_decorator.py for tasks to queue
[2024-07-25T23:33:56.532+0000] {logging_mixin.py:188} INFO - [2024-07-25T23:33:56.532+0000] {dagbag.py:545} INFO - Filling up the DagBag from /home/airflow/.local/lib/python3.12/site-packages/airflow/example_dags/example_python_decorator.py
[2024-07-25T23:33:56.562+0000] {processor.py:840} INFO - DAG(s) 'example_python_decorator' retrieved from /home/airflow/.local/lib/python3.12/site-packages/airflow/example_dags/example_python_decorator.py
[2024-07-25T23:33:56.595+0000] {logging_mixin.py:188} INFO - [2024-07-25T23:33:56.595+0000] {dag.py:3089} INFO - Sync 1 DAGs
[2024-07-25T23:33:56.618+0000] {logging_mixin.py:188} INFO - [2024-07-25T23:33:56.618+0000] {dag.py:3947} INFO - Setting next_dagrun for example_python_decorator to None, run_after=None
[2024-07-25T23:33:56.644+0000] {processor.py:183} INFO - Processing /home/airflow/.local/lib/python3.12/site-packages/airflow/example_dags/example_python_decorator.py took 0.138 seconds
[2024-07-25T23:34:26.922+0000] {processor.py:161} INFO - Started process (PID=848) to work on /home/airflow/.local/lib/python3.12/site-packages/airflow/example_dags/example_python_decorator.py
[2024-07-25T23:34:26.927+0000] {processor.py:830} INFO - Processing file /home/airflow/.local/lib/python3.12/site-packages/airflow/example_dags/example_python_decorator.py for tasks to queue
[2024-07-25T23:34:26.943+0000] {logging_mixin.py:188} INFO - [2024-07-25T23:34:26.942+0000] {dagbag.py:545} INFO - Filling up the DagBag from /home/airflow/.local/lib/python3.12/site-packages/airflow/example_dags/example_python_decorator.py
[2024-07-25T23:34:27.004+0000] {processor.py:840} INFO - DAG(s) 'example_python_decorator' retrieved from /home/airflow/.local/lib/python3.12/site-packages/airflow/example_dags/example_python_decorator.py
[2024-07-25T23:34:27.060+0000] {logging_mixin.py:188} INFO - [2024-07-25T23:34:27.060+0000] {dag.py:3089} INFO - Sync 1 DAGs
[2024-07-25T23:34:27.111+0000] {logging_mixin.py:188} INFO - [2024-07-25T23:34:27.111+0000] {dag.py:3947} INFO - Setting next_dagrun for example_python_decorator to None, run_after=None
[2024-07-25T23:34:27.149+0000] {processor.py:183} INFO - Processing /home/airflow/.local/lib/python3.12/site-packages/airflow/example_dags/example_python_decorator.py took 0.240 seconds
[2024-07-25T23:34:57.283+0000] {processor.py:161} INFO - Started process (PID=907) to work on /home/airflow/.local/lib/python3.12/site-packages/airflow/example_dags/example_python_decorator.py
[2024-07-25T23:34:57.292+0000] {processor.py:830} INFO - Processing file /home/airflow/.local/lib/python3.12/site-packages/airflow/example_dags/example_python_decorator.py for tasks to queue
[2024-07-25T23:34:57.297+0000] {logging_mixin.py:188} INFO - [2024-07-25T23:34:57.296+0000] {dagbag.py:545} INFO - Filling up the DagBag from /home/airflow/.local/lib/python3.12/site-packages/airflow/example_dags/example_python_decorator.py
[2024-07-25T23:34:57.327+0000] {processor.py:840} INFO - DAG(s) 'example_python_decorator' retrieved from /home/airflow/.local/lib/python3.12/site-packages/airflow/example_dags/example_python_decorator.py
[2024-07-25T23:34:57.364+0000] {logging_mixin.py:188} INFO - [2024-07-25T23:34:57.364+0000] {dag.py:3089} INFO - Sync 1 DAGs
[2024-07-25T23:34:57.385+0000] {logging_mixin.py:188} INFO - [2024-07-25T23:34:57.385+0000] {dag.py:3947} INFO - Setting next_dagrun for example_python_decorator to None, run_after=None
[2024-07-25T23:34:57.440+0000] {processor.py:183} INFO - Processing /home/airflow/.local/lib/python3.12/site-packages/airflow/example_dags/example_python_decorator.py took 0.186 seconds
[2024-07-25T23:35:28.127+0000] {processor.py:161} INFO - Started process (PID=967) to work on /home/airflow/.local/lib/python3.12/site-packages/airflow/example_dags/example_python_decorator.py
[2024-07-25T23:35:28.131+0000] {processor.py:830} INFO - Processing file /home/airflow/.local/lib/python3.12/site-packages/airflow/example_dags/example_python_decorator.py for tasks to queue
[2024-07-25T23:35:28.141+0000] {logging_mixin.py:188} INFO - [2024-07-25T23:35:28.140+0000] {dagbag.py:545} INFO - Filling up the DagBag from /home/airflow/.local/lib/python3.12/site-packages/airflow/example_dags/example_python_decorator.py
[2024-07-25T23:35:28.193+0000] {processor.py:840} INFO - DAG(s) 'example_python_decorator' retrieved from /home/airflow/.local/lib/python3.12/site-packages/airflow/example_dags/example_python_decorator.py
[2024-07-25T23:35:28.250+0000] {logging_mixin.py:188} INFO - [2024-07-25T23:35:28.249+0000] {dag.py:3089} INFO - Sync 1 DAGs
[2024-07-25T23:35:28.305+0000] {logging_mixin.py:188} INFO - [2024-07-25T23:35:28.304+0000] {dag.py:3947} INFO - Setting next_dagrun for example_python_decorator to None, run_after=None
[2024-07-25T23:35:28.332+0000] {processor.py:183} INFO - Processing /home/airflow/.local/lib/python3.12/site-packages/airflow/example_dags/example_python_decorator.py took 0.250 seconds
[2024-07-25T23:35:58.646+0000] {processor.py:161} INFO - Started process (PID=1027) to work on /home/airflow/.local/lib/python3.12/site-packages/airflow/example_dags/example_python_decorator.py
[2024-07-25T23:35:58.652+0000] {processor.py:830} INFO - Processing file /home/airflow/.local/lib/python3.12/site-packages/airflow/example_dags/example_python_decorator.py for tasks to queue
[2024-07-25T23:35:58.663+0000] {logging_mixin.py:188} INFO - [2024-07-25T23:35:58.663+0000] {dagbag.py:545} INFO - Filling up the DagBag from /home/airflow/.local/lib/python3.12/site-packages/airflow/example_dags/example_python_decorator.py
[2024-07-25T23:35:58.693+0000] {processor.py:840} INFO - DAG(s) 'example_python_decorator' retrieved from /home/airflow/.local/lib/python3.12/site-packages/airflow/example_dags/example_python_decorator.py
[2024-07-25T23:35:58.732+0000] {logging_mixin.py:188} INFO - [2024-07-25T23:35:58.731+0000] {dag.py:3089} INFO - Sync 1 DAGs
[2024-07-25T23:35:58.775+0000] {logging_mixin.py:188} INFO - [2024-07-25T23:35:58.775+0000] {dag.py:3947} INFO - Setting next_dagrun for example_python_decorator to None, run_after=None
[2024-07-25T23:35:58.801+0000] {processor.py:183} INFO - Processing /home/airflow/.local/lib/python3.12/site-packages/airflow/example_dags/example_python_decorator.py took 0.181 seconds
[2024-07-25T23:36:30.324+0000] {processor.py:161} INFO - Started process (PID=1087) to work on /home/airflow/.local/lib/python3.12/site-packages/airflow/example_dags/example_python_decorator.py
[2024-07-25T23:36:30.325+0000] {processor.py:830} INFO - Processing file /home/airflow/.local/lib/python3.12/site-packages/airflow/example_dags/example_python_decorator.py for tasks to queue
[2024-07-25T23:36:30.326+0000] {logging_mixin.py:188} INFO - [2024-07-25T23:36:30.326+0000] {dagbag.py:545} INFO - Filling up the DagBag from /home/airflow/.local/lib/python3.12/site-packages/airflow/example_dags/example_python_decorator.py
[2024-07-25T23:36:30.338+0000] {processor.py:840} INFO - DAG(s) 'example_python_decorator' retrieved from /home/airflow/.local/lib/python3.12/site-packages/airflow/example_dags/example_python_decorator.py
[2024-07-25T23:36:30.358+0000] {logging_mixin.py:188} INFO - [2024-07-25T23:36:30.358+0000] {dag.py:3089} INFO - Sync 1 DAGs
[2024-07-25T23:36:30.370+0000] {logging_mixin.py:188} INFO - [2024-07-25T23:36:30.370+0000] {dag.py:3947} INFO - Setting next_dagrun for example_python_decorator to None, run_after=None
[2024-07-25T23:36:30.388+0000] {processor.py:183} INFO - Processing /home/airflow/.local/lib/python3.12/site-packages/airflow/example_dags/example_python_decorator.py took 0.071 seconds
[2024-07-25T23:37:01.439+0000] {processor.py:161} INFO - Started process (PID=1146) to work on /home/airflow/.local/lib/python3.12/site-packages/airflow/example_dags/example_python_decorator.py
[2024-07-25T23:37:01.441+0000] {processor.py:830} INFO - Processing file /home/airflow/.local/lib/python3.12/site-packages/airflow/example_dags/example_python_decorator.py for tasks to queue
[2024-07-25T23:37:01.444+0000] {logging_mixin.py:188} INFO - [2024-07-25T23:37:01.444+0000] {dagbag.py:545} INFO - Filling up the DagBag from /home/airflow/.local/lib/python3.12/site-packages/airflow/example_dags/example_python_decorator.py
[2024-07-25T23:37:01.458+0000] {processor.py:840} INFO - DAG(s) 'example_python_decorator' retrieved from /home/airflow/.local/lib/python3.12/site-packages/airflow/example_dags/example_python_decorator.py
[2024-07-25T23:37:01.486+0000] {logging_mixin.py:188} INFO - [2024-07-25T23:37:01.485+0000] {dag.py:3089} INFO - Sync 1 DAGs
[2024-07-25T23:37:01.512+0000] {logging_mixin.py:188} INFO - [2024-07-25T23:37:01.511+0000] {dag.py:3947} INFO - Setting next_dagrun for example_python_decorator to None, run_after=None
[2024-07-25T23:37:01.532+0000] {processor.py:183} INFO - Processing /home/airflow/.local/lib/python3.12/site-packages/airflow/example_dags/example_python_decorator.py took 0.101 seconds
[2024-07-25T23:37:32.358+0000] {processor.py:161} INFO - Started process (PID=1206) to work on /home/airflow/.local/lib/python3.12/site-packages/airflow/example_dags/example_python_decorator.py
[2024-07-25T23:37:32.359+0000] {processor.py:830} INFO - Processing file /home/airflow/.local/lib/python3.12/site-packages/airflow/example_dags/example_python_decorator.py for tasks to queue
[2024-07-25T23:37:32.361+0000] {logging_mixin.py:188} INFO - [2024-07-25T23:37:32.360+0000] {dagbag.py:545} INFO - Filling up the DagBag from /home/airflow/.local/lib/python3.12/site-packages/airflow/example_dags/example_python_decorator.py
[2024-07-25T23:37:32.371+0000] {processor.py:840} INFO - DAG(s) 'example_python_decorator' retrieved from /home/airflow/.local/lib/python3.12/site-packages/airflow/example_dags/example_python_decorator.py
[2024-07-25T23:37:32.393+0000] {logging_mixin.py:188} INFO - [2024-07-25T23:37:32.393+0000] {dag.py:3089} INFO - Sync 1 DAGs
[2024-07-25T23:37:32.411+0000] {logging_mixin.py:188} INFO - [2024-07-25T23:37:32.411+0000] {dag.py:3947} INFO - Setting next_dagrun for example_python_decorator to None, run_after=None
[2024-07-25T23:37:32.427+0000] {processor.py:183} INFO - Processing /home/airflow/.local/lib/python3.12/site-packages/airflow/example_dags/example_python_decorator.py took 0.075 seconds
[2024-07-25T23:38:03.501+0000] {processor.py:161} INFO - Started process (PID=1266) to work on /home/airflow/.local/lib/python3.12/site-packages/airflow/example_dags/example_python_decorator.py
[2024-07-25T23:38:03.503+0000] {processor.py:830} INFO - Processing file /home/airflow/.local/lib/python3.12/site-packages/airflow/example_dags/example_python_decorator.py for tasks to queue
[2024-07-25T23:38:03.506+0000] {logging_mixin.py:188} INFO - [2024-07-25T23:38:03.506+0000] {dagbag.py:545} INFO - Filling up the DagBag from /home/airflow/.local/lib/python3.12/site-packages/airflow/example_dags/example_python_decorator.py
[2024-07-25T23:38:03.522+0000] {processor.py:840} INFO - DAG(s) 'example_python_decorator' retrieved from /home/airflow/.local/lib/python3.12/site-packages/airflow/example_dags/example_python_decorator.py
[2024-07-25T23:38:03.545+0000] {logging_mixin.py:188} INFO - [2024-07-25T23:38:03.545+0000] {dag.py:3089} INFO - Sync 1 DAGs
[2024-07-25T23:38:03.557+0000] {logging_mixin.py:188} INFO - [2024-07-25T23:38:03.556+0000] {dag.py:3947} INFO - Setting next_dagrun for example_python_decorator to None, run_after=None
[2024-07-25T23:38:03.573+0000] {processor.py:183} INFO - Processing /home/airflow/.local/lib/python3.12/site-packages/airflow/example_dags/example_python_decorator.py took 0.081 seconds
[2024-07-25T23:38:34.067+0000] {processor.py:161} INFO - Started process (PID=1324) to work on /home/airflow/.local/lib/python3.12/site-packages/airflow/example_dags/example_python_decorator.py
[2024-07-25T23:38:34.069+0000] {processor.py:830} INFO - Processing file /home/airflow/.local/lib/python3.12/site-packages/airflow/example_dags/example_python_decorator.py for tasks to queue
[2024-07-25T23:38:34.077+0000] {logging_mixin.py:188} INFO - [2024-07-25T23:38:34.077+0000] {dagbag.py:545} INFO - Filling up the DagBag from /home/airflow/.local/lib/python3.12/site-packages/airflow/example_dags/example_python_decorator.py
[2024-07-25T23:38:34.108+0000] {processor.py:840} INFO - DAG(s) 'example_python_decorator' retrieved from /home/airflow/.local/lib/python3.12/site-packages/airflow/example_dags/example_python_decorator.py
[2024-07-25T23:38:34.137+0000] {logging_mixin.py:188} INFO - [2024-07-25T23:38:34.136+0000] {dag.py:3089} INFO - Sync 1 DAGs
[2024-07-25T23:38:34.169+0000] {logging_mixin.py:188} INFO - [2024-07-25T23:38:34.168+0000] {dag.py:3947} INFO - Setting next_dagrun for example_python_decorator to None, run_after=None
[2024-07-25T23:38:34.199+0000] {processor.py:183} INFO - Processing /home/airflow/.local/lib/python3.12/site-packages/airflow/example_dags/example_python_decorator.py took 0.144 seconds
[2024-07-25T23:39:05.007+0000] {processor.py:161} INFO - Started process (PID=1390) to work on /home/airflow/.local/lib/python3.12/site-packages/airflow/example_dags/example_python_decorator.py
[2024-07-25T23:39:05.011+0000] {processor.py:830} INFO - Processing file /home/airflow/.local/lib/python3.12/site-packages/airflow/example_dags/example_python_decorator.py for tasks to queue
[2024-07-25T23:39:05.017+0000] {logging_mixin.py:188} INFO - [2024-07-25T23:39:05.016+0000] {dagbag.py:545} INFO - Filling up the DagBag from /home/airflow/.local/lib/python3.12/site-packages/airflow/example_dags/example_python_decorator.py
[2024-07-25T23:39:05.036+0000] {processor.py:840} INFO - DAG(s) 'example_python_decorator' retrieved from /home/airflow/.local/lib/python3.12/site-packages/airflow/example_dags/example_python_decorator.py
[2024-07-25T23:39:05.067+0000] {logging_mixin.py:188} INFO - [2024-07-25T23:39:05.067+0000] {dag.py:3089} INFO - Sync 1 DAGs
[2024-07-25T23:39:05.089+0000] {logging_mixin.py:188} INFO - [2024-07-25T23:39:05.089+0000] {dag.py:3947} INFO - Setting next_dagrun for example_python_decorator to None, run_after=None
[2024-07-25T23:39:05.110+0000] {processor.py:183} INFO - Processing /home/airflow/.local/lib/python3.12/site-packages/airflow/example_dags/example_python_decorator.py took 0.113 seconds
[2024-07-25T23:39:35.682+0000] {processor.py:161} INFO - Started process (PID=1450) to work on /home/airflow/.local/lib/python3.12/site-packages/airflow/example_dags/example_python_decorator.py
[2024-07-25T23:39:35.684+0000] {processor.py:830} INFO - Processing file /home/airflow/.local/lib/python3.12/site-packages/airflow/example_dags/example_python_decorator.py for tasks to queue
[2024-07-25T23:39:35.689+0000] {logging_mixin.py:188} INFO - [2024-07-25T23:39:35.688+0000] {dagbag.py:545} INFO - Filling up the DagBag from /home/airflow/.local/lib/python3.12/site-packages/airflow/example_dags/example_python_decorator.py
[2024-07-25T23:39:35.739+0000] {processor.py:840} INFO - DAG(s) 'example_python_decorator' retrieved from /home/airflow/.local/lib/python3.12/site-packages/airflow/example_dags/example_python_decorator.py
[2024-07-25T23:39:35.793+0000] {logging_mixin.py:188} INFO - [2024-07-25T23:39:35.793+0000] {dag.py:3089} INFO - Sync 1 DAGs
[2024-07-25T23:39:35.815+0000] {logging_mixin.py:188} INFO - [2024-07-25T23:39:35.815+0000] {dag.py:3947} INFO - Setting next_dagrun for example_python_decorator to None, run_after=None
[2024-07-25T23:39:35.871+0000] {processor.py:183} INFO - Processing /home/airflow/.local/lib/python3.12/site-packages/airflow/example_dags/example_python_decorator.py took 0.197 seconds
[2024-07-25T23:40:06.579+0000] {processor.py:161} INFO - Started process (PID=1510) to work on /home/airflow/.local/lib/python3.12/site-packages/airflow/example_dags/example_python_decorator.py
[2024-07-25T23:40:06.581+0000] {processor.py:830} INFO - Processing file /home/airflow/.local/lib/python3.12/site-packages/airflow/example_dags/example_python_decorator.py for tasks to queue
[2024-07-25T23:40:06.584+0000] {logging_mixin.py:188} INFO - [2024-07-25T23:40:06.584+0000] {dagbag.py:545} INFO - Filling up the DagBag from /home/airflow/.local/lib/python3.12/site-packages/airflow/example_dags/example_python_decorator.py
[2024-07-25T23:40:06.608+0000] {processor.py:840} INFO - DAG(s) 'example_python_decorator' retrieved from /home/airflow/.local/lib/python3.12/site-packages/airflow/example_dags/example_python_decorator.py
[2024-07-25T23:40:06.639+0000] {logging_mixin.py:188} INFO - [2024-07-25T23:40:06.639+0000] {dag.py:3089} INFO - Sync 1 DAGs
[2024-07-25T23:40:06.654+0000] {logging_mixin.py:188} INFO - [2024-07-25T23:40:06.654+0000] {dag.py:3947} INFO - Setting next_dagrun for example_python_decorator to None, run_after=None
[2024-07-25T23:40:06.682+0000] {processor.py:183} INFO - Processing /home/airflow/.local/lib/python3.12/site-packages/airflow/example_dags/example_python_decorator.py took 0.110 seconds
[2024-07-25T23:40:36.767+0000] {processor.py:161} INFO - Started process (PID=1569) to work on /home/airflow/.local/lib/python3.12/site-packages/airflow/example_dags/example_python_decorator.py
[2024-07-25T23:40:36.771+0000] {processor.py:830} INFO - Processing file /home/airflow/.local/lib/python3.12/site-packages/airflow/example_dags/example_python_decorator.py for tasks to queue
[2024-07-25T23:40:36.775+0000] {logging_mixin.py:188} INFO - [2024-07-25T23:40:36.774+0000] {dagbag.py:545} INFO - Filling up the DagBag from /home/airflow/.local/lib/python3.12/site-packages/airflow/example_dags/example_python_decorator.py
[2024-07-25T23:40:36.818+0000] {processor.py:840} INFO - DAG(s) 'example_python_decorator' retrieved from /home/airflow/.local/lib/python3.12/site-packages/airflow/example_dags/example_python_decorator.py
[2024-07-25T23:40:36.857+0000] {logging_mixin.py:188} INFO - [2024-07-25T23:40:36.857+0000] {dag.py:3089} INFO - Sync 1 DAGs
[2024-07-25T23:40:36.876+0000] {logging_mixin.py:188} INFO - [2024-07-25T23:40:36.876+0000] {dag.py:3947} INFO - Setting next_dagrun for example_python_decorator to None, run_after=None
[2024-07-25T23:40:36.905+0000] {processor.py:183} INFO - Processing /home/airflow/.local/lib/python3.12/site-packages/airflow/example_dags/example_python_decorator.py took 0.152 seconds
[2024-07-25T23:41:07.410+0000] {processor.py:161} INFO - Started process (PID=1630) to work on /home/airflow/.local/lib/python3.12/site-packages/airflow/example_dags/example_python_decorator.py
[2024-07-25T23:41:07.411+0000] {processor.py:830} INFO - Processing file /home/airflow/.local/lib/python3.12/site-packages/airflow/example_dags/example_python_decorator.py for tasks to queue
[2024-07-25T23:41:07.417+0000] {logging_mixin.py:188} INFO - [2024-07-25T23:41:07.417+0000] {dagbag.py:545} INFO - Filling up the DagBag from /home/airflow/.local/lib/python3.12/site-packages/airflow/example_dags/example_python_decorator.py
[2024-07-25T23:41:07.471+0000] {processor.py:840} INFO - DAG(s) 'example_python_decorator' retrieved from /home/airflow/.local/lib/python3.12/site-packages/airflow/example_dags/example_python_decorator.py
[2024-07-25T23:41:07.515+0000] {logging_mixin.py:188} INFO - [2024-07-25T23:41:07.515+0000] {dag.py:3089} INFO - Sync 1 DAGs
[2024-07-25T23:41:07.536+0000] {logging_mixin.py:188} INFO - [2024-07-25T23:41:07.536+0000] {dag.py:3947} INFO - Setting next_dagrun for example_python_decorator to None, run_after=None
[2024-07-25T23:41:07.575+0000] {processor.py:183} INFO - Processing /home/airflow/.local/lib/python3.12/site-packages/airflow/example_dags/example_python_decorator.py took 0.176 seconds
[2024-07-25T23:41:37.640+0000] {processor.py:161} INFO - Started process (PID=1689) to work on /home/airflow/.local/lib/python3.12/site-packages/airflow/example_dags/example_python_decorator.py
[2024-07-25T23:41:37.641+0000] {processor.py:830} INFO - Processing file /home/airflow/.local/lib/python3.12/site-packages/airflow/example_dags/example_python_decorator.py for tasks to queue
[2024-07-25T23:41:37.644+0000] {logging_mixin.py:188} INFO - [2024-07-25T23:41:37.643+0000] {dagbag.py:545} INFO - Filling up the DagBag from /home/airflow/.local/lib/python3.12/site-packages/airflow/example_dags/example_python_decorator.py
[2024-07-25T23:41:37.659+0000] {processor.py:840} INFO - DAG(s) 'example_python_decorator' retrieved from /home/airflow/.local/lib/python3.12/site-packages/airflow/example_dags/example_python_decorator.py
[2024-07-25T23:41:37.686+0000] {logging_mixin.py:188} INFO - [2024-07-25T23:41:37.686+0000] {dag.py:3089} INFO - Sync 1 DAGs
[2024-07-25T23:41:37.699+0000] {logging_mixin.py:188} INFO - [2024-07-25T23:41:37.699+0000] {dag.py:3947} INFO - Setting next_dagrun for example_python_decorator to None, run_after=None
[2024-07-25T23:41:37.717+0000] {processor.py:183} INFO - Processing /home/airflow/.local/lib/python3.12/site-packages/airflow/example_dags/example_python_decorator.py took 0.089 seconds
[2024-07-25T23:42:08.671+0000] {processor.py:161} INFO - Started process (PID=1749) to work on /home/airflow/.local/lib/python3.12/site-packages/airflow/example_dags/example_python_decorator.py
[2024-07-25T23:42:08.673+0000] {processor.py:830} INFO - Processing file /home/airflow/.local/lib/python3.12/site-packages/airflow/example_dags/example_python_decorator.py for tasks to queue
[2024-07-25T23:42:08.677+0000] {logging_mixin.py:188} INFO - [2024-07-25T23:42:08.676+0000] {dagbag.py:545} INFO - Filling up the DagBag from /home/airflow/.local/lib/python3.12/site-packages/airflow/example_dags/example_python_decorator.py
[2024-07-25T23:42:08.695+0000] {processor.py:840} INFO - DAG(s) 'example_python_decorator' retrieved from /home/airflow/.local/lib/python3.12/site-packages/airflow/example_dags/example_python_decorator.py
[2024-07-25T23:42:08.721+0000] {logging_mixin.py:188} INFO - [2024-07-25T23:42:08.721+0000] {dag.py:3089} INFO - Sync 1 DAGs
[2024-07-25T23:42:08.738+0000] {logging_mixin.py:188} INFO - [2024-07-25T23:42:08.738+0000] {dag.py:3947} INFO - Setting next_dagrun for example_python_decorator to None, run_after=None
[2024-07-25T23:42:08.768+0000] {processor.py:183} INFO - Processing /home/airflow/.local/lib/python3.12/site-packages/airflow/example_dags/example_python_decorator.py took 0.107 seconds
[2024-07-25T23:42:39.663+0000] {processor.py:161} INFO - Started process (PID=1809) to work on /home/airflow/.local/lib/python3.12/site-packages/airflow/example_dags/example_python_decorator.py
[2024-07-25T23:42:39.665+0000] {processor.py:830} INFO - Processing file /home/airflow/.local/lib/python3.12/site-packages/airflow/example_dags/example_python_decorator.py for tasks to queue
[2024-07-25T23:42:39.669+0000] {logging_mixin.py:188} INFO - [2024-07-25T23:42:39.668+0000] {dagbag.py:545} INFO - Filling up the DagBag from /home/airflow/.local/lib/python3.12/site-packages/airflow/example_dags/example_python_decorator.py
[2024-07-25T23:42:39.715+0000] {processor.py:840} INFO - DAG(s) 'example_python_decorator' retrieved from /home/airflow/.local/lib/python3.12/site-packages/airflow/example_dags/example_python_decorator.py
[2024-07-25T23:42:39.754+0000] {logging_mixin.py:188} INFO - [2024-07-25T23:42:39.754+0000] {dag.py:3089} INFO - Sync 1 DAGs
[2024-07-25T23:42:39.773+0000] {logging_mixin.py:188} INFO - [2024-07-25T23:42:39.773+0000] {dag.py:3947} INFO - Setting next_dagrun for example_python_decorator to None, run_after=None
[2024-07-25T23:42:39.794+0000] {processor.py:183} INFO - Processing /home/airflow/.local/lib/python3.12/site-packages/airflow/example_dags/example_python_decorator.py took 0.141 seconds
[2024-07-25T23:43:10.133+0000] {processor.py:161} INFO - Started process (PID=1869) to work on /home/airflow/.local/lib/python3.12/site-packages/airflow/example_dags/example_python_decorator.py
[2024-07-25T23:43:10.135+0000] {processor.py:830} INFO - Processing file /home/airflow/.local/lib/python3.12/site-packages/airflow/example_dags/example_python_decorator.py for tasks to queue
[2024-07-25T23:43:10.140+0000] {logging_mixin.py:188} INFO - [2024-07-25T23:43:10.139+0000] {dagbag.py:545} INFO - Filling up the DagBag from /home/airflow/.local/lib/python3.12/site-packages/airflow/example_dags/example_python_decorator.py
[2024-07-25T23:43:10.183+0000] {processor.py:840} INFO - DAG(s) 'example_python_decorator' retrieved from /home/airflow/.local/lib/python3.12/site-packages/airflow/example_dags/example_python_decorator.py
[2024-07-25T23:43:10.225+0000] {logging_mixin.py:188} INFO - [2024-07-25T23:43:10.224+0000] {dag.py:3089} INFO - Sync 1 DAGs
[2024-07-25T23:43:10.243+0000] {logging_mixin.py:188} INFO - [2024-07-25T23:43:10.243+0000] {dag.py:3947} INFO - Setting next_dagrun for example_python_decorator to None, run_after=None
[2024-07-25T23:43:10.262+0000] {processor.py:183} INFO - Processing /home/airflow/.local/lib/python3.12/site-packages/airflow/example_dags/example_python_decorator.py took 0.144 seconds
[2024-07-25T23:43:40.954+0000] {processor.py:161} INFO - Started process (PID=1929) to work on /home/airflow/.local/lib/python3.12/site-packages/airflow/example_dags/example_python_decorator.py
[2024-07-25T23:43:40.956+0000] {processor.py:830} INFO - Processing file /home/airflow/.local/lib/python3.12/site-packages/airflow/example_dags/example_python_decorator.py for tasks to queue
[2024-07-25T23:43:40.961+0000] {logging_mixin.py:188} INFO - [2024-07-25T23:43:40.961+0000] {dagbag.py:545} INFO - Filling up the DagBag from /home/airflow/.local/lib/python3.12/site-packages/airflow/example_dags/example_python_decorator.py
[2024-07-25T23:43:40.989+0000] {processor.py:840} INFO - DAG(s) 'example_python_decorator' retrieved from /home/airflow/.local/lib/python3.12/site-packages/airflow/example_dags/example_python_decorator.py
[2024-07-25T23:43:41.024+0000] {logging_mixin.py:188} INFO - [2024-07-25T23:43:41.024+0000] {dag.py:3089} INFO - Sync 1 DAGs
[2024-07-25T23:43:41.042+0000] {logging_mixin.py:188} INFO - [2024-07-25T23:43:41.042+0000] {dag.py:3947} INFO - Setting next_dagrun for example_python_decorator to None, run_after=None
[2024-07-25T23:43:41.330+0000] {processor.py:183} INFO - Processing /home/airflow/.local/lib/python3.12/site-packages/airflow/example_dags/example_python_decorator.py took 0.411 seconds
[2024-07-25T23:44:12.199+0000] {processor.py:161} INFO - Started process (PID=1989) to work on /home/airflow/.local/lib/python3.12/site-packages/airflow/example_dags/example_python_decorator.py
[2024-07-25T23:44:12.202+0000] {processor.py:830} INFO - Processing file /home/airflow/.local/lib/python3.12/site-packages/airflow/example_dags/example_python_decorator.py for tasks to queue
[2024-07-25T23:44:12.204+0000] {logging_mixin.py:188} INFO - [2024-07-25T23:44:12.204+0000] {dagbag.py:545} INFO - Filling up the DagBag from /home/airflow/.local/lib/python3.12/site-packages/airflow/example_dags/example_python_decorator.py
[2024-07-25T23:44:12.244+0000] {processor.py:840} INFO - DAG(s) 'example_python_decorator' retrieved from /home/airflow/.local/lib/python3.12/site-packages/airflow/example_dags/example_python_decorator.py
[2024-07-25T23:44:12.273+0000] {logging_mixin.py:188} INFO - [2024-07-25T23:44:12.273+0000] {dag.py:3089} INFO - Sync 1 DAGs
[2024-07-25T23:44:12.294+0000] {logging_mixin.py:188} INFO - [2024-07-25T23:44:12.294+0000] {dag.py:3947} INFO - Setting next_dagrun for example_python_decorator to None, run_after=None
[2024-07-25T23:44:12.317+0000] {processor.py:183} INFO - Processing /home/airflow/.local/lib/python3.12/site-packages/airflow/example_dags/example_python_decorator.py took 0.127 seconds
[2024-07-25T23:44:42.646+0000] {processor.py:161} INFO - Started process (PID=2049) to work on /home/airflow/.local/lib/python3.12/site-packages/airflow/example_dags/example_python_decorator.py
[2024-07-25T23:44:42.649+0000] {processor.py:830} INFO - Processing file /home/airflow/.local/lib/python3.12/site-packages/airflow/example_dags/example_python_decorator.py for tasks to queue
[2024-07-25T23:44:42.653+0000] {logging_mixin.py:188} INFO - [2024-07-25T23:44:42.652+0000] {dagbag.py:545} INFO - Filling up the DagBag from /home/airflow/.local/lib/python3.12/site-packages/airflow/example_dags/example_python_decorator.py
[2024-07-25T23:44:42.679+0000] {processor.py:840} INFO - DAG(s) 'example_python_decorator' retrieved from /home/airflow/.local/lib/python3.12/site-packages/airflow/example_dags/example_python_decorator.py
[2024-07-25T23:44:42.708+0000] {logging_mixin.py:188} INFO - [2024-07-25T23:44:42.708+0000] {dag.py:3089} INFO - Sync 1 DAGs
[2024-07-25T23:44:42.723+0000] {logging_mixin.py:188} INFO - [2024-07-25T23:44:42.723+0000] {dag.py:3947} INFO - Setting next_dagrun for example_python_decorator to None, run_after=None
[2024-07-25T23:44:42.747+0000] {processor.py:183} INFO - Processing /home/airflow/.local/lib/python3.12/site-packages/airflow/example_dags/example_python_decorator.py took 0.118 seconds
[2024-07-25T23:45:13.192+0000] {processor.py:161} INFO - Started process (PID=2109) to work on /home/airflow/.local/lib/python3.12/site-packages/airflow/example_dags/example_python_decorator.py
[2024-07-25T23:45:13.194+0000] {processor.py:830} INFO - Processing file /home/airflow/.local/lib/python3.12/site-packages/airflow/example_dags/example_python_decorator.py for tasks to queue
[2024-07-25T23:45:13.196+0000] {logging_mixin.py:188} INFO - [2024-07-25T23:45:13.196+0000] {dagbag.py:545} INFO - Filling up the DagBag from /home/airflow/.local/lib/python3.12/site-packages/airflow/example_dags/example_python_decorator.py
[2024-07-25T23:45:13.215+0000] {processor.py:840} INFO - DAG(s) 'example_python_decorator' retrieved from /home/airflow/.local/lib/python3.12/site-packages/airflow/example_dags/example_python_decorator.py
[2024-07-25T23:45:13.237+0000] {logging_mixin.py:188} INFO - [2024-07-25T23:45:13.236+0000] {dag.py:3089} INFO - Sync 1 DAGs
[2024-07-25T23:45:13.249+0000] {logging_mixin.py:188} INFO - [2024-07-25T23:45:13.249+0000] {dag.py:3947} INFO - Setting next_dagrun for example_python_decorator to None, run_after=None
[2024-07-25T23:45:13.267+0000] {processor.py:183} INFO - Processing /home/airflow/.local/lib/python3.12/site-packages/airflow/example_dags/example_python_decorator.py took 0.081 seconds
[2024-07-25T23:45:43.385+0000] {processor.py:161} INFO - Started process (PID=2169) to work on /home/airflow/.local/lib/python3.12/site-packages/airflow/example_dags/example_python_decorator.py
[2024-07-25T23:45:43.387+0000] {processor.py:830} INFO - Processing file /home/airflow/.local/lib/python3.12/site-packages/airflow/example_dags/example_python_decorator.py for tasks to queue
[2024-07-25T23:45:43.391+0000] {logging_mixin.py:188} INFO - [2024-07-25T23:45:43.390+0000] {dagbag.py:545} INFO - Filling up the DagBag from /home/airflow/.local/lib/python3.12/site-packages/airflow/example_dags/example_python_decorator.py
[2024-07-25T23:45:43.417+0000] {processor.py:840} INFO - DAG(s) 'example_python_decorator' retrieved from /home/airflow/.local/lib/python3.12/site-packages/airflow/example_dags/example_python_decorator.py
[2024-07-25T23:45:43.449+0000] {logging_mixin.py:188} INFO - [2024-07-25T23:45:43.449+0000] {dag.py:3089} INFO - Sync 1 DAGs
[2024-07-25T23:45:43.462+0000] {logging_mixin.py:188} INFO - [2024-07-25T23:45:43.462+0000] {dag.py:3947} INFO - Setting next_dagrun for example_python_decorator to None, run_after=None
[2024-07-25T23:45:43.487+0000] {processor.py:183} INFO - Processing /home/airflow/.local/lib/python3.12/site-packages/airflow/example_dags/example_python_decorator.py took 0.110 seconds
[2024-07-25T23:46:14.068+0000] {processor.py:161} INFO - Started process (PID=2229) to work on /home/airflow/.local/lib/python3.12/site-packages/airflow/example_dags/example_python_decorator.py
[2024-07-25T23:46:14.071+0000] {processor.py:830} INFO - Processing file /home/airflow/.local/lib/python3.12/site-packages/airflow/example_dags/example_python_decorator.py for tasks to queue
[2024-07-25T23:46:14.075+0000] {logging_mixin.py:188} INFO - [2024-07-25T23:46:14.075+0000] {dagbag.py:545} INFO - Filling up the DagBag from /home/airflow/.local/lib/python3.12/site-packages/airflow/example_dags/example_python_decorator.py
[2024-07-25T23:46:14.112+0000] {processor.py:840} INFO - DAG(s) 'example_python_decorator' retrieved from /home/airflow/.local/lib/python3.12/site-packages/airflow/example_dags/example_python_decorator.py
[2024-07-25T23:46:14.154+0000] {logging_mixin.py:188} INFO - [2024-07-25T23:46:14.154+0000] {dag.py:3089} INFO - Sync 1 DAGs
[2024-07-25T23:46:14.175+0000] {logging_mixin.py:188} INFO - [2024-07-25T23:46:14.175+0000] {dag.py:3947} INFO - Setting next_dagrun for example_python_decorator to None, run_after=None
[2024-07-25T23:46:14.205+0000] {processor.py:183} INFO - Processing /home/airflow/.local/lib/python3.12/site-packages/airflow/example_dags/example_python_decorator.py took 0.149 seconds
[2024-07-25T23:46:44.850+0000] {processor.py:161} INFO - Started process (PID=2289) to work on /home/airflow/.local/lib/python3.12/site-packages/airflow/example_dags/example_python_decorator.py
[2024-07-25T23:46:44.853+0000] {processor.py:830} INFO - Processing file /home/airflow/.local/lib/python3.12/site-packages/airflow/example_dags/example_python_decorator.py for tasks to queue
[2024-07-25T23:46:44.855+0000] {logging_mixin.py:188} INFO - [2024-07-25T23:46:44.855+0000] {dagbag.py:545} INFO - Filling up the DagBag from /home/airflow/.local/lib/python3.12/site-packages/airflow/example_dags/example_python_decorator.py
[2024-07-25T23:46:44.880+0000] {processor.py:840} INFO - DAG(s) 'example_python_decorator' retrieved from /home/airflow/.local/lib/python3.12/site-packages/airflow/example_dags/example_python_decorator.py
[2024-07-25T23:46:44.921+0000] {logging_mixin.py:188} INFO - [2024-07-25T23:46:44.921+0000] {dag.py:3089} INFO - Sync 1 DAGs
[2024-07-25T23:46:44.943+0000] {logging_mixin.py:188} INFO - [2024-07-25T23:46:44.943+0000] {dag.py:3947} INFO - Setting next_dagrun for example_python_decorator to None, run_after=None
[2024-07-25T23:46:44.968+0000] {processor.py:183} INFO - Processing /home/airflow/.local/lib/python3.12/site-packages/airflow/example_dags/example_python_decorator.py took 0.129 seconds
[2024-07-25T23:47:15.230+0000] {processor.py:161} INFO - Started process (PID=2349) to work on /home/airflow/.local/lib/python3.12/site-packages/airflow/example_dags/example_python_decorator.py
[2024-07-25T23:47:15.236+0000] {processor.py:830} INFO - Processing file /home/airflow/.local/lib/python3.12/site-packages/airflow/example_dags/example_python_decorator.py for tasks to queue
[2024-07-25T23:47:15.241+0000] {logging_mixin.py:188} INFO - [2024-07-25T23:47:15.240+0000] {dagbag.py:545} INFO - Filling up the DagBag from /home/airflow/.local/lib/python3.12/site-packages/airflow/example_dags/example_python_decorator.py
[2024-07-25T23:47:15.265+0000] {processor.py:840} INFO - DAG(s) 'example_python_decorator' retrieved from /home/airflow/.local/lib/python3.12/site-packages/airflow/example_dags/example_python_decorator.py
[2024-07-25T23:47:15.296+0000] {logging_mixin.py:188} INFO - [2024-07-25T23:47:15.296+0000] {dag.py:3089} INFO - Sync 1 DAGs
[2024-07-25T23:47:15.312+0000] {logging_mixin.py:188} INFO - [2024-07-25T23:47:15.312+0000] {dag.py:3947} INFO - Setting next_dagrun for example_python_decorator to None, run_after=None
[2024-07-25T23:47:15.331+0000] {processor.py:183} INFO - Processing /home/airflow/.local/lib/python3.12/site-packages/airflow/example_dags/example_python_decorator.py took 0.111 seconds
[2024-07-25T23:47:45.430+0000] {processor.py:161} INFO - Started process (PID=2408) to work on /home/airflow/.local/lib/python3.12/site-packages/airflow/example_dags/example_python_decorator.py
[2024-07-25T23:47:45.438+0000] {processor.py:830} INFO - Processing file /home/airflow/.local/lib/python3.12/site-packages/airflow/example_dags/example_python_decorator.py for tasks to queue
[2024-07-25T23:47:45.442+0000] {logging_mixin.py:188} INFO - [2024-07-25T23:47:45.442+0000] {dagbag.py:545} INFO - Filling up the DagBag from /home/airflow/.local/lib/python3.12/site-packages/airflow/example_dags/example_python_decorator.py
[2024-07-25T23:47:45.466+0000] {processor.py:840} INFO - DAG(s) 'example_python_decorator' retrieved from /home/airflow/.local/lib/python3.12/site-packages/airflow/example_dags/example_python_decorator.py
[2024-07-25T23:47:45.496+0000] {logging_mixin.py:188} INFO - [2024-07-25T23:47:45.495+0000] {dag.py:3089} INFO - Sync 1 DAGs
[2024-07-25T23:47:45.512+0000] {logging_mixin.py:188} INFO - [2024-07-25T23:47:45.511+0000] {dag.py:3947} INFO - Setting next_dagrun for example_python_decorator to None, run_after=None
[2024-07-25T23:47:45.535+0000] {processor.py:183} INFO - Processing /home/airflow/.local/lib/python3.12/site-packages/airflow/example_dags/example_python_decorator.py took 0.119 seconds
[2024-07-25T23:48:15.799+0000] {processor.py:161} INFO - Started process (PID=2468) to work on /home/airflow/.local/lib/python3.12/site-packages/airflow/example_dags/example_python_decorator.py
[2024-07-25T23:48:15.800+0000] {processor.py:830} INFO - Processing file /home/airflow/.local/lib/python3.12/site-packages/airflow/example_dags/example_python_decorator.py for tasks to queue
[2024-07-25T23:48:15.807+0000] {logging_mixin.py:188} INFO - [2024-07-25T23:48:15.807+0000] {dagbag.py:545} INFO - Filling up the DagBag from /home/airflow/.local/lib/python3.12/site-packages/airflow/example_dags/example_python_decorator.py
[2024-07-25T23:48:15.822+0000] {processor.py:840} INFO - DAG(s) 'example_python_decorator' retrieved from /home/airflow/.local/lib/python3.12/site-packages/airflow/example_dags/example_python_decorator.py
[2024-07-25T23:48:15.844+0000] {logging_mixin.py:188} INFO - [2024-07-25T23:48:15.844+0000] {dag.py:3089} INFO - Sync 1 DAGs
[2024-07-25T23:48:15.858+0000] {logging_mixin.py:188} INFO - [2024-07-25T23:48:15.858+0000] {dag.py:3947} INFO - Setting next_dagrun for example_python_decorator to None, run_after=None
[2024-07-25T23:48:15.881+0000] {processor.py:183} INFO - Processing /home/airflow/.local/lib/python3.12/site-packages/airflow/example_dags/example_python_decorator.py took 0.089 seconds
[2024-07-25T23:48:46.075+0000] {processor.py:161} INFO - Started process (PID=2528) to work on /home/airflow/.local/lib/python3.12/site-packages/airflow/example_dags/example_python_decorator.py
[2024-07-25T23:48:46.078+0000] {processor.py:830} INFO - Processing file /home/airflow/.local/lib/python3.12/site-packages/airflow/example_dags/example_python_decorator.py for tasks to queue
[2024-07-25T23:48:46.081+0000] {logging_mixin.py:188} INFO - [2024-07-25T23:48:46.081+0000] {dagbag.py:545} INFO - Filling up the DagBag from /home/airflow/.local/lib/python3.12/site-packages/airflow/example_dags/example_python_decorator.py
[2024-07-25T23:48:46.095+0000] {processor.py:840} INFO - DAG(s) 'example_python_decorator' retrieved from /home/airflow/.local/lib/python3.12/site-packages/airflow/example_dags/example_python_decorator.py
[2024-07-25T23:48:46.113+0000] {logging_mixin.py:188} INFO - [2024-07-25T23:48:46.112+0000] {dag.py:3089} INFO - Sync 1 DAGs
[2024-07-25T23:48:46.124+0000] {logging_mixin.py:188} INFO - [2024-07-25T23:48:46.124+0000] {dag.py:3947} INFO - Setting next_dagrun for example_python_decorator to None, run_after=None
[2024-07-25T23:48:46.143+0000] {processor.py:183} INFO - Processing /home/airflow/.local/lib/python3.12/site-packages/airflow/example_dags/example_python_decorator.py took 0.076 seconds
[2024-07-25T23:49:16.623+0000] {processor.py:161} INFO - Started process (PID=2588) to work on /home/airflow/.local/lib/python3.12/site-packages/airflow/example_dags/example_python_decorator.py
[2024-07-25T23:49:16.625+0000] {processor.py:830} INFO - Processing file /home/airflow/.local/lib/python3.12/site-packages/airflow/example_dags/example_python_decorator.py for tasks to queue
[2024-07-25T23:49:16.629+0000] {logging_mixin.py:188} INFO - [2024-07-25T23:49:16.628+0000] {dagbag.py:545} INFO - Filling up the DagBag from /home/airflow/.local/lib/python3.12/site-packages/airflow/example_dags/example_python_decorator.py
[2024-07-25T23:49:16.658+0000] {processor.py:840} INFO - DAG(s) 'example_python_decorator' retrieved from /home/airflow/.local/lib/python3.12/site-packages/airflow/example_dags/example_python_decorator.py
[2024-07-25T23:49:16.690+0000] {logging_mixin.py:188} INFO - [2024-07-25T23:49:16.690+0000] {dag.py:3089} INFO - Sync 1 DAGs
[2024-07-25T23:49:16.707+0000] {logging_mixin.py:188} INFO - [2024-07-25T23:49:16.707+0000] {dag.py:3947} INFO - Setting next_dagrun for example_python_decorator to None, run_after=None
[2024-07-25T23:49:16.743+0000] {processor.py:183} INFO - Processing /home/airflow/.local/lib/python3.12/site-packages/airflow/example_dags/example_python_decorator.py took 0.129 seconds
[2024-07-25T23:49:46.832+0000] {processor.py:161} INFO - Started process (PID=2647) to work on /home/airflow/.local/lib/python3.12/site-packages/airflow/example_dags/example_python_decorator.py
[2024-07-25T23:49:46.834+0000] {processor.py:830} INFO - Processing file /home/airflow/.local/lib/python3.12/site-packages/airflow/example_dags/example_python_decorator.py for tasks to queue
[2024-07-25T23:49:46.836+0000] {logging_mixin.py:188} INFO - [2024-07-25T23:49:46.836+0000] {dagbag.py:545} INFO - Filling up the DagBag from /home/airflow/.local/lib/python3.12/site-packages/airflow/example_dags/example_python_decorator.py
[2024-07-25T23:49:46.849+0000] {processor.py:840} INFO - DAG(s) 'example_python_decorator' retrieved from /home/airflow/.local/lib/python3.12/site-packages/airflow/example_dags/example_python_decorator.py
[2024-07-25T23:49:46.871+0000] {logging_mixin.py:188} INFO - [2024-07-25T23:49:46.871+0000] {dag.py:3089} INFO - Sync 1 DAGs
[2024-07-25T23:49:46.881+0000] {logging_mixin.py:188} INFO - [2024-07-25T23:49:46.881+0000] {dag.py:3947} INFO - Setting next_dagrun for example_python_decorator to None, run_after=None
[2024-07-25T23:49:46.900+0000] {processor.py:183} INFO - Processing /home/airflow/.local/lib/python3.12/site-packages/airflow/example_dags/example_python_decorator.py took 0.076 seconds
[2024-07-25T23:50:17.086+0000] {processor.py:161} INFO - Started process (PID=2707) to work on /home/airflow/.local/lib/python3.12/site-packages/airflow/example_dags/example_python_decorator.py
[2024-07-25T23:50:17.090+0000] {processor.py:830} INFO - Processing file /home/airflow/.local/lib/python3.12/site-packages/airflow/example_dags/example_python_decorator.py for tasks to queue
[2024-07-25T23:50:17.094+0000] {logging_mixin.py:188} INFO - [2024-07-25T23:50:17.094+0000] {dagbag.py:545} INFO - Filling up the DagBag from /home/airflow/.local/lib/python3.12/site-packages/airflow/example_dags/example_python_decorator.py
[2024-07-25T23:50:17.117+0000] {processor.py:840} INFO - DAG(s) 'example_python_decorator' retrieved from /home/airflow/.local/lib/python3.12/site-packages/airflow/example_dags/example_python_decorator.py
[2024-07-25T23:50:17.139+0000] {logging_mixin.py:188} INFO - [2024-07-25T23:50:17.139+0000] {dag.py:3089} INFO - Sync 1 DAGs
[2024-07-25T23:50:17.154+0000] {logging_mixin.py:188} INFO - [2024-07-25T23:50:17.154+0000] {dag.py:3947} INFO - Setting next_dagrun for example_python_decorator to None, run_after=None
[2024-07-25T23:50:17.174+0000] {processor.py:183} INFO - Processing /home/airflow/.local/lib/python3.12/site-packages/airflow/example_dags/example_python_decorator.py took 0.098 seconds
[2024-07-25T23:50:47.224+0000] {processor.py:161} INFO - Started process (PID=2766) to work on /home/airflow/.local/lib/python3.12/site-packages/airflow/example_dags/example_python_decorator.py
[2024-07-25T23:50:47.226+0000] {processor.py:830} INFO - Processing file /home/airflow/.local/lib/python3.12/site-packages/airflow/example_dags/example_python_decorator.py for tasks to queue
[2024-07-25T23:50:47.228+0000] {logging_mixin.py:188} INFO - [2024-07-25T23:50:47.228+0000] {dagbag.py:545} INFO - Filling up the DagBag from /home/airflow/.local/lib/python3.12/site-packages/airflow/example_dags/example_python_decorator.py
[2024-07-25T23:50:47.244+0000] {processor.py:840} INFO - DAG(s) 'example_python_decorator' retrieved from /home/airflow/.local/lib/python3.12/site-packages/airflow/example_dags/example_python_decorator.py
[2024-07-25T23:50:47.265+0000] {logging_mixin.py:188} INFO - [2024-07-25T23:50:47.265+0000] {dag.py:3089} INFO - Sync 1 DAGs
[2024-07-25T23:50:47.276+0000] {logging_mixin.py:188} INFO - [2024-07-25T23:50:47.275+0000] {dag.py:3947} INFO - Setting next_dagrun for example_python_decorator to None, run_after=None
[2024-07-25T23:50:47.290+0000] {processor.py:183} INFO - Processing /home/airflow/.local/lib/python3.12/site-packages/airflow/example_dags/example_python_decorator.py took 0.074 seconds
[2024-07-25T23:51:17.548+0000] {processor.py:161} INFO - Started process (PID=2827) to work on /home/airflow/.local/lib/python3.12/site-packages/airflow/example_dags/example_python_decorator.py
[2024-07-25T23:51:17.550+0000] {processor.py:830} INFO - Processing file /home/airflow/.local/lib/python3.12/site-packages/airflow/example_dags/example_python_decorator.py for tasks to queue
[2024-07-25T23:51:17.553+0000] {logging_mixin.py:188} INFO - [2024-07-25T23:51:17.552+0000] {dagbag.py:545} INFO - Filling up the DagBag from /home/airflow/.local/lib/python3.12/site-packages/airflow/example_dags/example_python_decorator.py
[2024-07-25T23:51:17.570+0000] {processor.py:840} INFO - DAG(s) 'example_python_decorator' retrieved from /home/airflow/.local/lib/python3.12/site-packages/airflow/example_dags/example_python_decorator.py
[2024-07-25T23:51:17.589+0000] {logging_mixin.py:188} INFO - [2024-07-25T23:51:17.589+0000] {dag.py:3089} INFO - Sync 1 DAGs
[2024-07-25T23:51:17.598+0000] {logging_mixin.py:188} INFO - [2024-07-25T23:51:17.598+0000] {dag.py:3947} INFO - Setting next_dagrun for example_python_decorator to None, run_after=None
[2024-07-25T23:51:17.613+0000] {processor.py:183} INFO - Processing /home/airflow/.local/lib/python3.12/site-packages/airflow/example_dags/example_python_decorator.py took 0.073 seconds
[2024-07-25T23:51:49.670+0000] {processor.py:161} INFO - Started process (PID=2887) to work on /home/airflow/.local/lib/python3.12/site-packages/airflow/example_dags/example_python_decorator.py
[2024-07-25T23:51:49.676+0000] {processor.py:830} INFO - Processing file /home/airflow/.local/lib/python3.12/site-packages/airflow/example_dags/example_python_decorator.py for tasks to queue
[2024-07-25T23:51:49.685+0000] {logging_mixin.py:188} INFO - [2024-07-25T23:51:49.684+0000] {dagbag.py:545} INFO - Filling up the DagBag from /home/airflow/.local/lib/python3.12/site-packages/airflow/example_dags/example_python_decorator.py
[2024-07-25T23:51:49.739+0000] {processor.py:840} INFO - DAG(s) 'example_python_decorator' retrieved from /home/airflow/.local/lib/python3.12/site-packages/airflow/example_dags/example_python_decorator.py
[2024-07-25T23:51:49.815+0000] {logging_mixin.py:188} INFO - [2024-07-25T23:51:49.814+0000] {dag.py:3089} INFO - Sync 1 DAGs
[2024-07-25T23:51:49.841+0000] {logging_mixin.py:188} INFO - [2024-07-25T23:51:49.840+0000] {dag.py:3947} INFO - Setting next_dagrun for example_python_decorator to None, run_after=None
[2024-07-25T23:51:49.893+0000] {processor.py:183} INFO - Processing /home/airflow/.local/lib/python3.12/site-packages/airflow/example_dags/example_python_decorator.py took 0.242 seconds
[2024-07-25T23:52:20.101+0000] {processor.py:161} INFO - Started process (PID=2947) to work on /home/airflow/.local/lib/python3.12/site-packages/airflow/example_dags/example_python_decorator.py
[2024-07-25T23:52:20.102+0000] {processor.py:830} INFO - Processing file /home/airflow/.local/lib/python3.12/site-packages/airflow/example_dags/example_python_decorator.py for tasks to queue
[2024-07-25T23:52:20.104+0000] {logging_mixin.py:188} INFO - [2024-07-25T23:52:20.103+0000] {dagbag.py:545} INFO - Filling up the DagBag from /home/airflow/.local/lib/python3.12/site-packages/airflow/example_dags/example_python_decorator.py
[2024-07-25T23:52:20.115+0000] {processor.py:840} INFO - DAG(s) 'example_python_decorator' retrieved from /home/airflow/.local/lib/python3.12/site-packages/airflow/example_dags/example_python_decorator.py
[2024-07-25T23:52:20.131+0000] {logging_mixin.py:188} INFO - [2024-07-25T23:52:20.131+0000] {dag.py:3089} INFO - Sync 1 DAGs
[2024-07-25T23:52:20.142+0000] {logging_mixin.py:188} INFO - [2024-07-25T23:52:20.141+0000] {dag.py:3947} INFO - Setting next_dagrun for example_python_decorator to None, run_after=None
[2024-07-25T23:52:20.161+0000] {processor.py:183} INFO - Processing /home/airflow/.local/lib/python3.12/site-packages/airflow/example_dags/example_python_decorator.py took 0.066 seconds
[2024-07-25T23:52:51.078+0000] {processor.py:161} INFO - Started process (PID=3005) to work on /home/airflow/.local/lib/python3.12/site-packages/airflow/example_dags/example_python_decorator.py
[2024-07-25T23:52:51.080+0000] {processor.py:830} INFO - Processing file /home/airflow/.local/lib/python3.12/site-packages/airflow/example_dags/example_python_decorator.py for tasks to queue
[2024-07-25T23:52:51.084+0000] {logging_mixin.py:188} INFO - [2024-07-25T23:52:51.084+0000] {dagbag.py:545} INFO - Filling up the DagBag from /home/airflow/.local/lib/python3.12/site-packages/airflow/example_dags/example_python_decorator.py
[2024-07-25T23:52:51.124+0000] {processor.py:840} INFO - DAG(s) 'example_python_decorator' retrieved from /home/airflow/.local/lib/python3.12/site-packages/airflow/example_dags/example_python_decorator.py
[2024-07-25T23:52:51.159+0000] {logging_mixin.py:188} INFO - [2024-07-25T23:52:51.159+0000] {dag.py:3089} INFO - Sync 1 DAGs
[2024-07-25T23:52:51.174+0000] {logging_mixin.py:188} INFO - [2024-07-25T23:52:51.174+0000] {dag.py:3947} INFO - Setting next_dagrun for example_python_decorator to None, run_after=None
[2024-07-25T23:52:51.196+0000] {processor.py:183} INFO - Processing /home/airflow/.local/lib/python3.12/site-packages/airflow/example_dags/example_python_decorator.py took 0.124 seconds
[2024-07-25T23:53:21.576+0000] {processor.py:161} INFO - Started process (PID=3065) to work on /home/airflow/.local/lib/python3.12/site-packages/airflow/example_dags/example_python_decorator.py
[2024-07-25T23:53:21.579+0000] {processor.py:830} INFO - Processing file /home/airflow/.local/lib/python3.12/site-packages/airflow/example_dags/example_python_decorator.py for tasks to queue
[2024-07-25T23:53:21.583+0000] {logging_mixin.py:188} INFO - [2024-07-25T23:53:21.582+0000] {dagbag.py:545} INFO - Filling up the DagBag from /home/airflow/.local/lib/python3.12/site-packages/airflow/example_dags/example_python_decorator.py
[2024-07-25T23:53:21.604+0000] {processor.py:840} INFO - DAG(s) 'example_python_decorator' retrieved from /home/airflow/.local/lib/python3.12/site-packages/airflow/example_dags/example_python_decorator.py
[2024-07-25T23:53:21.629+0000] {logging_mixin.py:188} INFO - [2024-07-25T23:53:21.629+0000] {dag.py:3089} INFO - Sync 1 DAGs
[2024-07-25T23:53:21.662+0000] {logging_mixin.py:188} INFO - [2024-07-25T23:53:21.662+0000] {dag.py:3947} INFO - Setting next_dagrun for example_python_decorator to None, run_after=None
[2024-07-25T23:53:21.686+0000] {processor.py:183} INFO - Processing /home/airflow/.local/lib/python3.12/site-packages/airflow/example_dags/example_python_decorator.py took 0.116 seconds
[2024-07-25T23:53:51.899+0000] {processor.py:161} INFO - Started process (PID=3125) to work on /home/airflow/.local/lib/python3.12/site-packages/airflow/example_dags/example_python_decorator.py
[2024-07-25T23:53:51.900+0000] {processor.py:830} INFO - Processing file /home/airflow/.local/lib/python3.12/site-packages/airflow/example_dags/example_python_decorator.py for tasks to queue
[2024-07-25T23:53:51.903+0000] {logging_mixin.py:188} INFO - [2024-07-25T23:53:51.903+0000] {dagbag.py:545} INFO - Filling up the DagBag from /home/airflow/.local/lib/python3.12/site-packages/airflow/example_dags/example_python_decorator.py
[2024-07-25T23:53:51.923+0000] {processor.py:840} INFO - DAG(s) 'example_python_decorator' retrieved from /home/airflow/.local/lib/python3.12/site-packages/airflow/example_dags/example_python_decorator.py
[2024-07-25T23:53:51.961+0000] {logging_mixin.py:188} INFO - [2024-07-25T23:53:51.960+0000] {dag.py:3089} INFO - Sync 1 DAGs
[2024-07-25T23:53:51.979+0000] {logging_mixin.py:188} INFO - [2024-07-25T23:53:51.978+0000] {dag.py:3947} INFO - Setting next_dagrun for example_python_decorator to None, run_after=None
[2024-07-25T23:53:51.997+0000] {processor.py:183} INFO - Processing /home/airflow/.local/lib/python3.12/site-packages/airflow/example_dags/example_python_decorator.py took 0.104 seconds
[2024-07-25T23:54:22.148+0000] {processor.py:161} INFO - Started process (PID=3185) to work on /home/airflow/.local/lib/python3.12/site-packages/airflow/example_dags/example_python_decorator.py
[2024-07-25T23:54:22.153+0000] {processor.py:830} INFO - Processing file /home/airflow/.local/lib/python3.12/site-packages/airflow/example_dags/example_python_decorator.py for tasks to queue
[2024-07-25T23:54:22.156+0000] {logging_mixin.py:188} INFO - [2024-07-25T23:54:22.156+0000] {dagbag.py:545} INFO - Filling up the DagBag from /home/airflow/.local/lib/python3.12/site-packages/airflow/example_dags/example_python_decorator.py
[2024-07-25T23:54:22.179+0000] {processor.py:840} INFO - DAG(s) 'example_python_decorator' retrieved from /home/airflow/.local/lib/python3.12/site-packages/airflow/example_dags/example_python_decorator.py
[2024-07-25T23:54:22.202+0000] {logging_mixin.py:188} INFO - [2024-07-25T23:54:22.201+0000] {dag.py:3089} INFO - Sync 1 DAGs
[2024-07-25T23:54:22.219+0000] {logging_mixin.py:188} INFO - [2024-07-25T23:54:22.219+0000] {dag.py:3947} INFO - Setting next_dagrun for example_python_decorator to None, run_after=None
[2024-07-25T23:54:22.268+0000] {processor.py:183} INFO - Processing /home/airflow/.local/lib/python3.12/site-packages/airflow/example_dags/example_python_decorator.py took 0.127 seconds
