[2024-07-25T23:17:24.426+0000] {processor.py:161} INFO - Started process (PID=93) to work on /home/airflow/.local/lib/python3.12/site-packages/airflow/example_dags/example_sensor_decorator.py
[2024-07-25T23:17:24.427+0000] {processor.py:830} INFO - Processing file /home/airflow/.local/lib/python3.12/site-packages/airflow/example_dags/example_sensor_decorator.py for tasks to queue
[2024-07-25T23:17:24.428+0000] {logging_mixin.py:188} INFO - [2024-07-25T23:17:24.428+0000] {dagbag.py:545} INFO - Filling up the DagBag from /home/airflow/.local/lib/python3.12/site-packages/airflow/example_dags/example_sensor_decorator.py
[2024-07-25T23:17:24.434+0000] {processor.py:840} INFO - DAG(s) 'example_sensor_decorator' retrieved from /home/airflow/.local/lib/python3.12/site-packages/airflow/example_dags/example_sensor_decorator.py
[2024-07-25T23:17:24.442+0000] {logging_mixin.py:188} INFO - [2024-07-25T23:17:24.442+0000] {dag.py:3089} INFO - Sync 1 DAGs
[2024-07-25T23:17:24.451+0000] {logging_mixin.py:188} INFO - [2024-07-25T23:17:24.451+0000] {dag.py:3947} INFO - Setting next_dagrun for example_sensor_decorator to None, run_after=None
[2024-07-25T23:17:24.464+0000] {processor.py:183} INFO - Processing /home/airflow/.local/lib/python3.12/site-packages/airflow/example_dags/example_sensor_decorator.py took 0.043 seconds
[2024-07-25T23:17:54.820+0000] {processor.py:161} INFO - Started process (PID=153) to work on /home/airflow/.local/lib/python3.12/site-packages/airflow/example_dags/example_sensor_decorator.py
[2024-07-25T23:17:54.821+0000] {processor.py:830} INFO - Processing file /home/airflow/.local/lib/python3.12/site-packages/airflow/example_dags/example_sensor_decorator.py for tasks to queue
[2024-07-25T23:17:54.823+0000] {logging_mixin.py:188} INFO - [2024-07-25T23:17:54.823+0000] {dagbag.py:545} INFO - Filling up the DagBag from /home/airflow/.local/lib/python3.12/site-packages/airflow/example_dags/example_sensor_decorator.py
[2024-07-25T23:17:54.828+0000] {processor.py:840} INFO - DAG(s) 'example_sensor_decorator' retrieved from /home/airflow/.local/lib/python3.12/site-packages/airflow/example_dags/example_sensor_decorator.py
[2024-07-25T23:17:54.901+0000] {logging_mixin.py:188} INFO - [2024-07-25T23:17:54.901+0000] {dag.py:3089} INFO - Sync 1 DAGs
[2024-07-25T23:17:54.909+0000] {logging_mixin.py:188} INFO - [2024-07-25T23:17:54.909+0000] {dag.py:3947} INFO - Setting next_dagrun for example_sensor_decorator to None, run_after=None
[2024-07-25T23:17:54.927+0000] {processor.py:183} INFO - Processing /home/airflow/.local/lib/python3.12/site-packages/airflow/example_dags/example_sensor_decorator.py took 0.112 seconds
[2024-07-25T23:18:25.588+0000] {processor.py:161} INFO - Started process (PID=213) to work on /home/airflow/.local/lib/python3.12/site-packages/airflow/example_dags/example_sensor_decorator.py
[2024-07-25T23:18:25.589+0000] {processor.py:830} INFO - Processing file /home/airflow/.local/lib/python3.12/site-packages/airflow/example_dags/example_sensor_decorator.py for tasks to queue
[2024-07-25T23:18:25.590+0000] {logging_mixin.py:188} INFO - [2024-07-25T23:18:25.590+0000] {dagbag.py:545} INFO - Filling up the DagBag from /home/airflow/.local/lib/python3.12/site-packages/airflow/example_dags/example_sensor_decorator.py
[2024-07-25T23:18:25.597+0000] {processor.py:840} INFO - DAG(s) 'example_sensor_decorator' retrieved from /home/airflow/.local/lib/python3.12/site-packages/airflow/example_dags/example_sensor_decorator.py
[2024-07-25T23:18:25.617+0000] {logging_mixin.py:188} INFO - [2024-07-25T23:18:25.617+0000] {dag.py:3089} INFO - Sync 1 DAGs
[2024-07-25T23:18:25.627+0000] {logging_mixin.py:188} INFO - [2024-07-25T23:18:25.626+0000] {dag.py:3947} INFO - Setting next_dagrun for example_sensor_decorator to None, run_after=None
[2024-07-25T23:18:25.644+0000] {processor.py:183} INFO - Processing /home/airflow/.local/lib/python3.12/site-packages/airflow/example_dags/example_sensor_decorator.py took 0.060 seconds
[2024-07-25T23:18:56.383+0000] {processor.py:161} INFO - Started process (PID=273) to work on /home/airflow/.local/lib/python3.12/site-packages/airflow/example_dags/example_sensor_decorator.py
[2024-07-25T23:18:56.384+0000] {processor.py:830} INFO - Processing file /home/airflow/.local/lib/python3.12/site-packages/airflow/example_dags/example_sensor_decorator.py for tasks to queue
[2024-07-25T23:18:56.386+0000] {logging_mixin.py:188} INFO - [2024-07-25T23:18:56.385+0000] {dagbag.py:545} INFO - Filling up the DagBag from /home/airflow/.local/lib/python3.12/site-packages/airflow/example_dags/example_sensor_decorator.py
[2024-07-25T23:18:56.390+0000] {processor.py:840} INFO - DAG(s) 'example_sensor_decorator' retrieved from /home/airflow/.local/lib/python3.12/site-packages/airflow/example_dags/example_sensor_decorator.py
[2024-07-25T23:18:56.409+0000] {logging_mixin.py:188} INFO - [2024-07-25T23:18:56.409+0000] {dag.py:3089} INFO - Sync 1 DAGs
[2024-07-25T23:18:56.421+0000] {logging_mixin.py:188} INFO - [2024-07-25T23:18:56.421+0000] {dag.py:3947} INFO - Setting next_dagrun for example_sensor_decorator to None, run_after=None
[2024-07-25T23:18:56.440+0000] {processor.py:183} INFO - Processing /home/airflow/.local/lib/python3.12/site-packages/airflow/example_dags/example_sensor_decorator.py took 0.061 seconds
[2024-07-25T23:19:27.396+0000] {processor.py:161} INFO - Started process (PID=333) to work on /home/airflow/.local/lib/python3.12/site-packages/airflow/example_dags/example_sensor_decorator.py
[2024-07-25T23:19:27.397+0000] {processor.py:830} INFO - Processing file /home/airflow/.local/lib/python3.12/site-packages/airflow/example_dags/example_sensor_decorator.py for tasks to queue
[2024-07-25T23:19:27.398+0000] {logging_mixin.py:188} INFO - [2024-07-25T23:19:27.398+0000] {dagbag.py:545} INFO - Filling up the DagBag from /home/airflow/.local/lib/python3.12/site-packages/airflow/example_dags/example_sensor_decorator.py
[2024-07-25T23:19:27.402+0000] {processor.py:840} INFO - DAG(s) 'example_sensor_decorator' retrieved from /home/airflow/.local/lib/python3.12/site-packages/airflow/example_dags/example_sensor_decorator.py
[2024-07-25T23:19:27.418+0000] {logging_mixin.py:188} INFO - [2024-07-25T23:19:27.418+0000] {dag.py:3089} INFO - Sync 1 DAGs
[2024-07-25T23:19:27.426+0000] {logging_mixin.py:188} INFO - [2024-07-25T23:19:27.426+0000] {dag.py:3947} INFO - Setting next_dagrun for example_sensor_decorator to None, run_after=None
[2024-07-25T23:19:27.442+0000] {processor.py:183} INFO - Processing /home/airflow/.local/lib/python3.12/site-packages/airflow/example_dags/example_sensor_decorator.py took 0.050 seconds
[2024-07-25T23:19:58.631+0000] {processor.py:161} INFO - Started process (PID=393) to work on /home/airflow/.local/lib/python3.12/site-packages/airflow/example_dags/example_sensor_decorator.py
[2024-07-25T23:19:58.633+0000] {processor.py:830} INFO - Processing file /home/airflow/.local/lib/python3.12/site-packages/airflow/example_dags/example_sensor_decorator.py for tasks to queue
[2024-07-25T23:19:58.635+0000] {logging_mixin.py:188} INFO - [2024-07-25T23:19:58.635+0000] {dagbag.py:545} INFO - Filling up the DagBag from /home/airflow/.local/lib/python3.12/site-packages/airflow/example_dags/example_sensor_decorator.py
[2024-07-25T23:19:58.651+0000] {processor.py:840} INFO - DAG(s) 'example_sensor_decorator' retrieved from /home/airflow/.local/lib/python3.12/site-packages/airflow/example_dags/example_sensor_decorator.py
[2024-07-25T23:19:58.671+0000] {logging_mixin.py:188} INFO - [2024-07-25T23:19:58.671+0000] {dag.py:3089} INFO - Sync 1 DAGs
[2024-07-25T23:19:58.684+0000] {logging_mixin.py:188} INFO - [2024-07-25T23:19:58.684+0000] {dag.py:3947} INFO - Setting next_dagrun for example_sensor_decorator to None, run_after=None
[2024-07-25T23:19:58.712+0000] {processor.py:183} INFO - Processing /home/airflow/.local/lib/python3.12/site-packages/airflow/example_dags/example_sensor_decorator.py took 0.086 seconds
[2024-07-25T23:20:29.392+0000] {processor.py:161} INFO - Started process (PID=453) to work on /home/airflow/.local/lib/python3.12/site-packages/airflow/example_dags/example_sensor_decorator.py
[2024-07-25T23:20:29.394+0000] {processor.py:830} INFO - Processing file /home/airflow/.local/lib/python3.12/site-packages/airflow/example_dags/example_sensor_decorator.py for tasks to queue
[2024-07-25T23:20:29.396+0000] {logging_mixin.py:188} INFO - [2024-07-25T23:20:29.396+0000] {dagbag.py:545} INFO - Filling up the DagBag from /home/airflow/.local/lib/python3.12/site-packages/airflow/example_dags/example_sensor_decorator.py
[2024-07-25T23:20:29.401+0000] {processor.py:840} INFO - DAG(s) 'example_sensor_decorator' retrieved from /home/airflow/.local/lib/python3.12/site-packages/airflow/example_dags/example_sensor_decorator.py
[2024-07-25T23:20:29.417+0000] {logging_mixin.py:188} INFO - [2024-07-25T23:20:29.417+0000] {dag.py:3089} INFO - Sync 1 DAGs
[2024-07-25T23:20:29.427+0000] {logging_mixin.py:188} INFO - [2024-07-25T23:20:29.427+0000] {dag.py:3947} INFO - Setting next_dagrun for example_sensor_decorator to None, run_after=None
[2024-07-25T23:20:29.439+0000] {processor.py:183} INFO - Processing /home/airflow/.local/lib/python3.12/site-packages/airflow/example_dags/example_sensor_decorator.py took 0.051 seconds
[2024-07-25T23:21:00.752+0000] {processor.py:161} INFO - Started process (PID=513) to work on /home/airflow/.local/lib/python3.12/site-packages/airflow/example_dags/example_sensor_decorator.py
[2024-07-25T23:21:00.754+0000] {processor.py:830} INFO - Processing file /home/airflow/.local/lib/python3.12/site-packages/airflow/example_dags/example_sensor_decorator.py for tasks to queue
[2024-07-25T23:21:00.756+0000] {logging_mixin.py:188} INFO - [2024-07-25T23:21:00.756+0000] {dagbag.py:545} INFO - Filling up the DagBag from /home/airflow/.local/lib/python3.12/site-packages/airflow/example_dags/example_sensor_decorator.py
[2024-07-25T23:21:00.767+0000] {processor.py:840} INFO - DAG(s) 'example_sensor_decorator' retrieved from /home/airflow/.local/lib/python3.12/site-packages/airflow/example_dags/example_sensor_decorator.py
[2024-07-25T23:21:00.814+0000] {logging_mixin.py:188} INFO - [2024-07-25T23:21:00.813+0000] {dag.py:3089} INFO - Sync 1 DAGs
[2024-07-25T23:21:00.834+0000] {logging_mixin.py:188} INFO - [2024-07-25T23:21:00.834+0000] {dag.py:3947} INFO - Setting next_dagrun for example_sensor_decorator to None, run_after=None
[2024-07-25T23:21:00.859+0000] {processor.py:183} INFO - Processing /home/airflow/.local/lib/python3.12/site-packages/airflow/example_dags/example_sensor_decorator.py took 0.112 seconds
[2024-07-25T23:21:31.693+0000] {processor.py:161} INFO - Started process (PID=573) to work on /home/airflow/.local/lib/python3.12/site-packages/airflow/example_dags/example_sensor_decorator.py
[2024-07-25T23:21:31.694+0000] {processor.py:830} INFO - Processing file /home/airflow/.local/lib/python3.12/site-packages/airflow/example_dags/example_sensor_decorator.py for tasks to queue
[2024-07-25T23:21:31.695+0000] {logging_mixin.py:188} INFO - [2024-07-25T23:21:31.695+0000] {dagbag.py:545} INFO - Filling up the DagBag from /home/airflow/.local/lib/python3.12/site-packages/airflow/example_dags/example_sensor_decorator.py
[2024-07-25T23:21:31.700+0000] {processor.py:840} INFO - DAG(s) 'example_sensor_decorator' retrieved from /home/airflow/.local/lib/python3.12/site-packages/airflow/example_dags/example_sensor_decorator.py
[2024-07-25T23:21:31.718+0000] {logging_mixin.py:188} INFO - [2024-07-25T23:21:31.718+0000] {dag.py:3089} INFO - Sync 1 DAGs
[2024-07-25T23:21:31.730+0000] {logging_mixin.py:188} INFO - [2024-07-25T23:21:31.730+0000] {dag.py:3947} INFO - Setting next_dagrun for example_sensor_decorator to None, run_after=None
[2024-07-25T23:21:31.748+0000] {processor.py:183} INFO - Processing /home/airflow/.local/lib/python3.12/site-packages/airflow/example_dags/example_sensor_decorator.py took 0.059 seconds
[2024-07-25T23:22:02.287+0000] {processor.py:161} INFO - Started process (PID=632) to work on /home/airflow/.local/lib/python3.12/site-packages/airflow/example_dags/example_sensor_decorator.py
[2024-07-25T23:22:02.289+0000] {processor.py:830} INFO - Processing file /home/airflow/.local/lib/python3.12/site-packages/airflow/example_dags/example_sensor_decorator.py for tasks to queue
[2024-07-25T23:22:02.291+0000] {logging_mixin.py:188} INFO - [2024-07-25T23:22:02.291+0000] {dagbag.py:545} INFO - Filling up the DagBag from /home/airflow/.local/lib/python3.12/site-packages/airflow/example_dags/example_sensor_decorator.py
[2024-07-25T23:22:02.296+0000] {processor.py:840} INFO - DAG(s) 'example_sensor_decorator' retrieved from /home/airflow/.local/lib/python3.12/site-packages/airflow/example_dags/example_sensor_decorator.py
[2024-07-25T23:22:02.310+0000] {logging_mixin.py:188} INFO - [2024-07-25T23:22:02.309+0000] {dag.py:3089} INFO - Sync 1 DAGs
[2024-07-25T23:22:02.319+0000] {logging_mixin.py:188} INFO - [2024-07-25T23:22:02.319+0000] {dag.py:3947} INFO - Setting next_dagrun for example_sensor_decorator to None, run_after=None
[2024-07-25T23:22:02.330+0000] {processor.py:183} INFO - Processing /home/airflow/.local/lib/python3.12/site-packages/airflow/example_dags/example_sensor_decorator.py took 0.048 seconds
[2024-07-25T23:22:33.113+0000] {processor.py:161} INFO - Started process (PID=691) to work on /home/airflow/.local/lib/python3.12/site-packages/airflow/example_dags/example_sensor_decorator.py
[2024-07-25T23:22:33.113+0000] {processor.py:830} INFO - Processing file /home/airflow/.local/lib/python3.12/site-packages/airflow/example_dags/example_sensor_decorator.py for tasks to queue
[2024-07-25T23:22:33.115+0000] {logging_mixin.py:188} INFO - [2024-07-25T23:22:33.115+0000] {dagbag.py:545} INFO - Filling up the DagBag from /home/airflow/.local/lib/python3.12/site-packages/airflow/example_dags/example_sensor_decorator.py
[2024-07-25T23:22:33.119+0000] {processor.py:840} INFO - DAG(s) 'example_sensor_decorator' retrieved from /home/airflow/.local/lib/python3.12/site-packages/airflow/example_dags/example_sensor_decorator.py
[2024-07-25T23:22:33.134+0000] {logging_mixin.py:188} INFO - [2024-07-25T23:22:33.134+0000] {dag.py:3089} INFO - Sync 1 DAGs
[2024-07-25T23:22:33.145+0000] {logging_mixin.py:188} INFO - [2024-07-25T23:22:33.145+0000] {dag.py:3947} INFO - Setting next_dagrun for example_sensor_decorator to None, run_after=None
[2024-07-25T23:22:33.165+0000] {processor.py:183} INFO - Processing /home/airflow/.local/lib/python3.12/site-packages/airflow/example_dags/example_sensor_decorator.py took 0.057 seconds
[2024-07-25T23:23:03.625+0000] {processor.py:161} INFO - Started process (PID=751) to work on /home/airflow/.local/lib/python3.12/site-packages/airflow/example_dags/example_sensor_decorator.py
[2024-07-25T23:23:03.626+0000] {processor.py:830} INFO - Processing file /home/airflow/.local/lib/python3.12/site-packages/airflow/example_dags/example_sensor_decorator.py for tasks to queue
[2024-07-25T23:23:03.628+0000] {logging_mixin.py:188} INFO - [2024-07-25T23:23:03.628+0000] {dagbag.py:545} INFO - Filling up the DagBag from /home/airflow/.local/lib/python3.12/site-packages/airflow/example_dags/example_sensor_decorator.py
[2024-07-25T23:23:03.634+0000] {processor.py:840} INFO - DAG(s) 'example_sensor_decorator' retrieved from /home/airflow/.local/lib/python3.12/site-packages/airflow/example_dags/example_sensor_decorator.py
[2024-07-25T23:23:03.648+0000] {logging_mixin.py:188} INFO - [2024-07-25T23:23:03.648+0000] {dag.py:3089} INFO - Sync 1 DAGs
[2024-07-25T23:23:03.662+0000] {logging_mixin.py:188} INFO - [2024-07-25T23:23:03.662+0000] {dag.py:3947} INFO - Setting next_dagrun for example_sensor_decorator to None, run_after=None
[2024-07-25T23:23:03.674+0000] {processor.py:183} INFO - Processing /home/airflow/.local/lib/python3.12/site-packages/airflow/example_dags/example_sensor_decorator.py took 0.053 seconds
[2024-07-25T23:23:34.341+0000] {processor.py:161} INFO - Started process (PID=811) to work on /home/airflow/.local/lib/python3.12/site-packages/airflow/example_dags/example_sensor_decorator.py
[2024-07-25T23:23:34.343+0000] {processor.py:830} INFO - Processing file /home/airflow/.local/lib/python3.12/site-packages/airflow/example_dags/example_sensor_decorator.py for tasks to queue
[2024-07-25T23:23:34.344+0000] {logging_mixin.py:188} INFO - [2024-07-25T23:23:34.344+0000] {dagbag.py:545} INFO - Filling up the DagBag from /home/airflow/.local/lib/python3.12/site-packages/airflow/example_dags/example_sensor_decorator.py
[2024-07-25T23:23:34.349+0000] {processor.py:840} INFO - DAG(s) 'example_sensor_decorator' retrieved from /home/airflow/.local/lib/python3.12/site-packages/airflow/example_dags/example_sensor_decorator.py
[2024-07-25T23:23:34.363+0000] {logging_mixin.py:188} INFO - [2024-07-25T23:23:34.363+0000] {dag.py:3089} INFO - Sync 1 DAGs
[2024-07-25T23:23:34.374+0000] {logging_mixin.py:188} INFO - [2024-07-25T23:23:34.373+0000] {dag.py:3947} INFO - Setting next_dagrun for example_sensor_decorator to None, run_after=None
[2024-07-25T23:23:34.395+0000] {processor.py:183} INFO - Processing /home/airflow/.local/lib/python3.12/site-packages/airflow/example_dags/example_sensor_decorator.py took 0.058 seconds
[2024-07-25T23:24:08.300+0000] {processor.py:161} INFO - Started process (PID=871) to work on /home/airflow/.local/lib/python3.12/site-packages/airflow/example_dags/example_sensor_decorator.py
[2024-07-25T23:24:08.316+0000] {processor.py:830} INFO - Processing file /home/airflow/.local/lib/python3.12/site-packages/airflow/example_dags/example_sensor_decorator.py for tasks to queue
[2024-07-25T23:24:08.337+0000] {logging_mixin.py:188} INFO - [2024-07-25T23:24:08.336+0000] {dagbag.py:545} INFO - Filling up the DagBag from /home/airflow/.local/lib/python3.12/site-packages/airflow/example_dags/example_sensor_decorator.py
[2024-07-25T23:24:08.383+0000] {processor.py:840} INFO - DAG(s) 'example_sensor_decorator' retrieved from /home/airflow/.local/lib/python3.12/site-packages/airflow/example_dags/example_sensor_decorator.py
[2024-07-25T23:24:08.497+0000] {logging_mixin.py:188} INFO - [2024-07-25T23:24:08.497+0000] {dag.py:3089} INFO - Sync 1 DAGs
[2024-07-25T23:24:08.560+0000] {logging_mixin.py:188} INFO - [2024-07-25T23:24:08.558+0000] {dag.py:3947} INFO - Setting next_dagrun for example_sensor_decorator to None, run_after=None
[2024-07-25T23:24:08.737+0000] {processor.py:183} INFO - Processing /home/airflow/.local/lib/python3.12/site-packages/airflow/example_dags/example_sensor_decorator.py took 0.567 seconds
[2024-07-25T23:24:41.952+0000] {processor.py:161} INFO - Started process (PID=937) to work on /home/airflow/.local/lib/python3.12/site-packages/airflow/example_dags/example_sensor_decorator.py
[2024-07-25T23:24:41.956+0000] {processor.py:830} INFO - Processing file /home/airflow/.local/lib/python3.12/site-packages/airflow/example_dags/example_sensor_decorator.py for tasks to queue
[2024-07-25T23:24:41.967+0000] {logging_mixin.py:188} INFO - [2024-07-25T23:24:41.966+0000] {dagbag.py:545} INFO - Filling up the DagBag from /home/airflow/.local/lib/python3.12/site-packages/airflow/example_dags/example_sensor_decorator.py
[2024-07-25T23:24:42.009+0000] {processor.py:840} INFO - DAG(s) 'example_sensor_decorator' retrieved from /home/airflow/.local/lib/python3.12/site-packages/airflow/example_dags/example_sensor_decorator.py
[2024-07-25T23:24:42.213+0000] {logging_mixin.py:188} INFO - [2024-07-25T23:24:42.211+0000] {dag.py:3089} INFO - Sync 1 DAGs
[2024-07-25T23:24:42.317+0000] {logging_mixin.py:188} INFO - [2024-07-25T23:24:42.316+0000] {dag.py:3947} INFO - Setting next_dagrun for example_sensor_decorator to None, run_after=None
[2024-07-25T23:24:42.372+0000] {processor.py:183} INFO - Processing /home/airflow/.local/lib/python3.12/site-packages/airflow/example_dags/example_sensor_decorator.py took 0.436 seconds
[2024-07-25T23:25:13.100+0000] {processor.py:161} INFO - Started process (PID=997) to work on /home/airflow/.local/lib/python3.12/site-packages/airflow/example_dags/example_sensor_decorator.py
[2024-07-25T23:25:13.101+0000] {processor.py:830} INFO - Processing file /home/airflow/.local/lib/python3.12/site-packages/airflow/example_dags/example_sensor_decorator.py for tasks to queue
[2024-07-25T23:25:13.104+0000] {logging_mixin.py:188} INFO - [2024-07-25T23:25:13.104+0000] {dagbag.py:545} INFO - Filling up the DagBag from /home/airflow/.local/lib/python3.12/site-packages/airflow/example_dags/example_sensor_decorator.py
[2024-07-25T23:25:13.114+0000] {processor.py:840} INFO - DAG(s) 'example_sensor_decorator' retrieved from /home/airflow/.local/lib/python3.12/site-packages/airflow/example_dags/example_sensor_decorator.py
[2024-07-25T23:25:13.149+0000] {logging_mixin.py:188} INFO - [2024-07-25T23:25:13.149+0000] {dag.py:3089} INFO - Sync 1 DAGs
[2024-07-25T23:25:13.172+0000] {logging_mixin.py:188} INFO - [2024-07-25T23:25:13.171+0000] {dag.py:3947} INFO - Setting next_dagrun for example_sensor_decorator to None, run_after=None
[2024-07-25T23:25:13.197+0000] {processor.py:183} INFO - Processing /home/airflow/.local/lib/python3.12/site-packages/airflow/example_dags/example_sensor_decorator.py took 0.104 seconds
[2024-07-25T23:28:02.494+0000] {processor.py:161} INFO - Started process (PID=103) to work on /home/airflow/.local/lib/python3.12/site-packages/airflow/example_dags/example_sensor_decorator.py
[2024-07-25T23:28:02.503+0000] {processor.py:830} INFO - Processing file /home/airflow/.local/lib/python3.12/site-packages/airflow/example_dags/example_sensor_decorator.py for tasks to queue
[2024-07-25T23:28:02.518+0000] {logging_mixin.py:188} INFO - [2024-07-25T23:28:02.517+0000] {dagbag.py:545} INFO - Filling up the DagBag from /home/airflow/.local/lib/python3.12/site-packages/airflow/example_dags/example_sensor_decorator.py
[2024-07-25T23:28:02.568+0000] {processor.py:840} INFO - DAG(s) 'example_sensor_decorator' retrieved from /home/airflow/.local/lib/python3.12/site-packages/airflow/example_dags/example_sensor_decorator.py
[2024-07-25T23:28:02.923+0000] {logging_mixin.py:188} INFO - [2024-07-25T23:28:02.923+0000] {dag.py:3089} INFO - Sync 1 DAGs
[2024-07-25T23:28:02.994+0000] {logging_mixin.py:188} INFO - [2024-07-25T23:28:02.994+0000] {dag.py:3947} INFO - Setting next_dagrun for example_sensor_decorator to None, run_after=None
[2024-07-25T23:28:03.108+0000] {processor.py:183} INFO - Processing /home/airflow/.local/lib/python3.12/site-packages/airflow/example_dags/example_sensor_decorator.py took 0.626 seconds
[2024-07-25T23:28:33.748+0000] {processor.py:161} INFO - Started process (PID=163) to work on /home/airflow/.local/lib/python3.12/site-packages/airflow/example_dags/example_sensor_decorator.py
[2024-07-25T23:28:33.750+0000] {processor.py:830} INFO - Processing file /home/airflow/.local/lib/python3.12/site-packages/airflow/example_dags/example_sensor_decorator.py for tasks to queue
[2024-07-25T23:28:33.752+0000] {logging_mixin.py:188} INFO - [2024-07-25T23:28:33.752+0000] {dagbag.py:545} INFO - Filling up the DagBag from /home/airflow/.local/lib/python3.12/site-packages/airflow/example_dags/example_sensor_decorator.py
[2024-07-25T23:28:33.778+0000] {processor.py:840} INFO - DAG(s) 'example_sensor_decorator' retrieved from /home/airflow/.local/lib/python3.12/site-packages/airflow/example_dags/example_sensor_decorator.py
[2024-07-25T23:28:33.824+0000] {logging_mixin.py:188} INFO - [2024-07-25T23:28:33.824+0000] {dag.py:3089} INFO - Sync 1 DAGs
[2024-07-25T23:28:33.868+0000] {logging_mixin.py:188} INFO - [2024-07-25T23:28:33.868+0000] {dag.py:3947} INFO - Setting next_dagrun for example_sensor_decorator to None, run_after=None
[2024-07-25T23:28:33.890+0000] {processor.py:183} INFO - Processing /home/airflow/.local/lib/python3.12/site-packages/airflow/example_dags/example_sensor_decorator.py took 0.152 seconds
[2024-07-25T23:29:04.786+0000] {processor.py:161} INFO - Started process (PID=224) to work on /home/airflow/.local/lib/python3.12/site-packages/airflow/example_dags/example_sensor_decorator.py
[2024-07-25T23:29:04.787+0000] {processor.py:830} INFO - Processing file /home/airflow/.local/lib/python3.12/site-packages/airflow/example_dags/example_sensor_decorator.py for tasks to queue
[2024-07-25T23:29:04.789+0000] {logging_mixin.py:188} INFO - [2024-07-25T23:29:04.789+0000] {dagbag.py:545} INFO - Filling up the DagBag from /home/airflow/.local/lib/python3.12/site-packages/airflow/example_dags/example_sensor_decorator.py
[2024-07-25T23:29:04.797+0000] {processor.py:840} INFO - DAG(s) 'example_sensor_decorator' retrieved from /home/airflow/.local/lib/python3.12/site-packages/airflow/example_dags/example_sensor_decorator.py
[2024-07-25T23:29:04.821+0000] {logging_mixin.py:188} INFO - [2024-07-25T23:29:04.821+0000] {dag.py:3089} INFO - Sync 1 DAGs
[2024-07-25T23:29:04.836+0000] {logging_mixin.py:188} INFO - [2024-07-25T23:29:04.836+0000] {dag.py:3947} INFO - Setting next_dagrun for example_sensor_decorator to None, run_after=None
[2024-07-25T23:29:04.865+0000] {processor.py:183} INFO - Processing /home/airflow/.local/lib/python3.12/site-packages/airflow/example_dags/example_sensor_decorator.py took 0.087 seconds
[2024-07-25T23:29:39.744+0000] {processor.py:161} INFO - Started process (PID=289) to work on /home/airflow/.local/lib/python3.12/site-packages/airflow/example_dags/example_sensor_decorator.py
[2024-07-25T23:29:39.754+0000] {processor.py:830} INFO - Processing file /home/airflow/.local/lib/python3.12/site-packages/airflow/example_dags/example_sensor_decorator.py for tasks to queue
[2024-07-25T23:29:39.785+0000] {logging_mixin.py:188} INFO - [2024-07-25T23:29:39.782+0000] {dagbag.py:545} INFO - Filling up the DagBag from /home/airflow/.local/lib/python3.12/site-packages/airflow/example_dags/example_sensor_decorator.py
[2024-07-25T23:29:39.888+0000] {processor.py:840} INFO - DAG(s) 'example_sensor_decorator' retrieved from /home/airflow/.local/lib/python3.12/site-packages/airflow/example_dags/example_sensor_decorator.py
[2024-07-25T23:29:40.081+0000] {logging_mixin.py:188} INFO - [2024-07-25T23:29:40.080+0000] {dag.py:3089} INFO - Sync 1 DAGs
[2024-07-25T23:29:40.309+0000] {logging_mixin.py:188} INFO - [2024-07-25T23:29:40.278+0000] {dag.py:3947} INFO - Setting next_dagrun for example_sensor_decorator to None, run_after=None
[2024-07-25T23:29:40.428+0000] {processor.py:183} INFO - Processing /home/airflow/.local/lib/python3.12/site-packages/airflow/example_dags/example_sensor_decorator.py took 0.731 seconds
[2024-07-25T23:30:11.112+0000] {processor.py:161} INFO - Started process (PID=349) to work on /home/airflow/.local/lib/python3.12/site-packages/airflow/example_dags/example_sensor_decorator.py
[2024-07-25T23:30:11.115+0000] {processor.py:830} INFO - Processing file /home/airflow/.local/lib/python3.12/site-packages/airflow/example_dags/example_sensor_decorator.py for tasks to queue
[2024-07-25T23:30:11.119+0000] {logging_mixin.py:188} INFO - [2024-07-25T23:30:11.119+0000] {dagbag.py:545} INFO - Filling up the DagBag from /home/airflow/.local/lib/python3.12/site-packages/airflow/example_dags/example_sensor_decorator.py
[2024-07-25T23:30:11.133+0000] {processor.py:840} INFO - DAG(s) 'example_sensor_decorator' retrieved from /home/airflow/.local/lib/python3.12/site-packages/airflow/example_dags/example_sensor_decorator.py
[2024-07-25T23:30:11.159+0000] {logging_mixin.py:188} INFO - [2024-07-25T23:30:11.158+0000] {dag.py:3089} INFO - Sync 1 DAGs
[2024-07-25T23:30:11.172+0000] {logging_mixin.py:188} INFO - [2024-07-25T23:30:11.172+0000] {dag.py:3947} INFO - Setting next_dagrun for example_sensor_decorator to None, run_after=None
[2024-07-25T23:30:11.198+0000] {processor.py:183} INFO - Processing /home/airflow/.local/lib/python3.12/site-packages/airflow/example_dags/example_sensor_decorator.py took 0.096 seconds
[2024-07-25T23:30:41.854+0000] {processor.py:161} INFO - Started process (PID=409) to work on /home/airflow/.local/lib/python3.12/site-packages/airflow/example_dags/example_sensor_decorator.py
[2024-07-25T23:30:41.856+0000] {processor.py:830} INFO - Processing file /home/airflow/.local/lib/python3.12/site-packages/airflow/example_dags/example_sensor_decorator.py for tasks to queue
[2024-07-25T23:30:41.861+0000] {logging_mixin.py:188} INFO - [2024-07-25T23:30:41.860+0000] {dagbag.py:545} INFO - Filling up the DagBag from /home/airflow/.local/lib/python3.12/site-packages/airflow/example_dags/example_sensor_decorator.py
[2024-07-25T23:30:41.879+0000] {processor.py:840} INFO - DAG(s) 'example_sensor_decorator' retrieved from /home/airflow/.local/lib/python3.12/site-packages/airflow/example_dags/example_sensor_decorator.py
[2024-07-25T23:30:41.912+0000] {logging_mixin.py:188} INFO - [2024-07-25T23:30:41.912+0000] {dag.py:3089} INFO - Sync 1 DAGs
[2024-07-25T23:30:41.925+0000] {logging_mixin.py:188} INFO - [2024-07-25T23:30:41.924+0000] {dag.py:3947} INFO - Setting next_dagrun for example_sensor_decorator to None, run_after=None
[2024-07-25T23:30:41.951+0000] {processor.py:183} INFO - Processing /home/airflow/.local/lib/python3.12/site-packages/airflow/example_dags/example_sensor_decorator.py took 0.116 seconds
[2024-07-25T23:31:14.014+0000] {processor.py:161} INFO - Started process (PID=469) to work on /home/airflow/.local/lib/python3.12/site-packages/airflow/example_dags/example_sensor_decorator.py
[2024-07-25T23:31:14.015+0000] {processor.py:830} INFO - Processing file /home/airflow/.local/lib/python3.12/site-packages/airflow/example_dags/example_sensor_decorator.py for tasks to queue
[2024-07-25T23:31:14.017+0000] {logging_mixin.py:188} INFO - [2024-07-25T23:31:14.017+0000] {dagbag.py:545} INFO - Filling up the DagBag from /home/airflow/.local/lib/python3.12/site-packages/airflow/example_dags/example_sensor_decorator.py
[2024-07-25T23:31:14.025+0000] {processor.py:840} INFO - DAG(s) 'example_sensor_decorator' retrieved from /home/airflow/.local/lib/python3.12/site-packages/airflow/example_dags/example_sensor_decorator.py
[2024-07-25T23:31:14.050+0000] {logging_mixin.py:188} INFO - [2024-07-25T23:31:14.050+0000] {dag.py:3089} INFO - Sync 1 DAGs
[2024-07-25T23:31:14.066+0000] {logging_mixin.py:188} INFO - [2024-07-25T23:31:14.066+0000] {dag.py:3947} INFO - Setting next_dagrun for example_sensor_decorator to None, run_after=None
[2024-07-25T23:31:14.085+0000] {processor.py:183} INFO - Processing /home/airflow/.local/lib/python3.12/site-packages/airflow/example_dags/example_sensor_decorator.py took 0.079 seconds
[2024-07-25T23:31:44.681+0000] {processor.py:161} INFO - Started process (PID=527) to work on /home/airflow/.local/lib/python3.12/site-packages/airflow/example_dags/example_sensor_decorator.py
[2024-07-25T23:31:44.682+0000] {processor.py:830} INFO - Processing file /home/airflow/.local/lib/python3.12/site-packages/airflow/example_dags/example_sensor_decorator.py for tasks to queue
[2024-07-25T23:31:44.685+0000] {logging_mixin.py:188} INFO - [2024-07-25T23:31:44.685+0000] {dagbag.py:545} INFO - Filling up the DagBag from /home/airflow/.local/lib/python3.12/site-packages/airflow/example_dags/example_sensor_decorator.py
[2024-07-25T23:31:44.695+0000] {processor.py:840} INFO - DAG(s) 'example_sensor_decorator' retrieved from /home/airflow/.local/lib/python3.12/site-packages/airflow/example_dags/example_sensor_decorator.py
[2024-07-25T23:31:44.737+0000] {logging_mixin.py:188} INFO - [2024-07-25T23:31:44.737+0000] {dag.py:3089} INFO - Sync 1 DAGs
[2024-07-25T23:31:44.747+0000] {logging_mixin.py:188} INFO - [2024-07-25T23:31:44.746+0000] {dag.py:3947} INFO - Setting next_dagrun for example_sensor_decorator to None, run_after=None
[2024-07-25T23:31:44.768+0000] {processor.py:183} INFO - Processing /home/airflow/.local/lib/python3.12/site-packages/airflow/example_dags/example_sensor_decorator.py took 0.093 seconds
[2024-07-25T23:32:15.543+0000] {processor.py:161} INFO - Started process (PID=587) to work on /home/airflow/.local/lib/python3.12/site-packages/airflow/example_dags/example_sensor_decorator.py
[2024-07-25T23:32:15.548+0000] {processor.py:830} INFO - Processing file /home/airflow/.local/lib/python3.12/site-packages/airflow/example_dags/example_sensor_decorator.py for tasks to queue
[2024-07-25T23:32:15.550+0000] {logging_mixin.py:188} INFO - [2024-07-25T23:32:15.550+0000] {dagbag.py:545} INFO - Filling up the DagBag from /home/airflow/.local/lib/python3.12/site-packages/airflow/example_dags/example_sensor_decorator.py
[2024-07-25T23:32:15.555+0000] {processor.py:840} INFO - DAG(s) 'example_sensor_decorator' retrieved from /home/airflow/.local/lib/python3.12/site-packages/airflow/example_dags/example_sensor_decorator.py
[2024-07-25T23:32:15.578+0000] {logging_mixin.py:188} INFO - [2024-07-25T23:32:15.578+0000] {dag.py:3089} INFO - Sync 1 DAGs
[2024-07-25T23:32:15.589+0000] {logging_mixin.py:188} INFO - [2024-07-25T23:32:15.589+0000] {dag.py:3947} INFO - Setting next_dagrun for example_sensor_decorator to None, run_after=None
[2024-07-25T23:32:15.607+0000] {processor.py:183} INFO - Processing /home/airflow/.local/lib/python3.12/site-packages/airflow/example_dags/example_sensor_decorator.py took 0.068 seconds
[2024-07-25T23:32:46.200+0000] {processor.py:161} INFO - Started process (PID=647) to work on /home/airflow/.local/lib/python3.12/site-packages/airflow/example_dags/example_sensor_decorator.py
[2024-07-25T23:32:46.202+0000] {processor.py:830} INFO - Processing file /home/airflow/.local/lib/python3.12/site-packages/airflow/example_dags/example_sensor_decorator.py for tasks to queue
[2024-07-25T23:32:46.205+0000] {logging_mixin.py:188} INFO - [2024-07-25T23:32:46.205+0000] {dagbag.py:545} INFO - Filling up the DagBag from /home/airflow/.local/lib/python3.12/site-packages/airflow/example_dags/example_sensor_decorator.py
[2024-07-25T23:32:46.214+0000] {processor.py:840} INFO - DAG(s) 'example_sensor_decorator' retrieved from /home/airflow/.local/lib/python3.12/site-packages/airflow/example_dags/example_sensor_decorator.py
[2024-07-25T23:32:46.251+0000] {logging_mixin.py:188} INFO - [2024-07-25T23:32:46.251+0000] {dag.py:3089} INFO - Sync 1 DAGs
[2024-07-25T23:32:46.270+0000] {logging_mixin.py:188} INFO - [2024-07-25T23:32:46.270+0000] {dag.py:3947} INFO - Setting next_dagrun for example_sensor_decorator to None, run_after=None
[2024-07-25T23:32:46.293+0000] {processor.py:183} INFO - Processing /home/airflow/.local/lib/python3.12/site-packages/airflow/example_dags/example_sensor_decorator.py took 0.099 seconds
[2024-07-25T23:33:16.802+0000] {processor.py:161} INFO - Started process (PID=707) to work on /home/airflow/.local/lib/python3.12/site-packages/airflow/example_dags/example_sensor_decorator.py
[2024-07-25T23:33:16.804+0000] {processor.py:830} INFO - Processing file /home/airflow/.local/lib/python3.12/site-packages/airflow/example_dags/example_sensor_decorator.py for tasks to queue
[2024-07-25T23:33:16.811+0000] {logging_mixin.py:188} INFO - [2024-07-25T23:33:16.811+0000] {dagbag.py:545} INFO - Filling up the DagBag from /home/airflow/.local/lib/python3.12/site-packages/airflow/example_dags/example_sensor_decorator.py
[2024-07-25T23:33:16.822+0000] {processor.py:840} INFO - DAG(s) 'example_sensor_decorator' retrieved from /home/airflow/.local/lib/python3.12/site-packages/airflow/example_dags/example_sensor_decorator.py
[2024-07-25T23:33:16.867+0000] {logging_mixin.py:188} INFO - [2024-07-25T23:33:16.867+0000] {dag.py:3089} INFO - Sync 1 DAGs
[2024-07-25T23:33:16.890+0000] {logging_mixin.py:188} INFO - [2024-07-25T23:33:16.889+0000] {dag.py:3947} INFO - Setting next_dagrun for example_sensor_decorator to None, run_after=None
[2024-07-25T23:33:16.925+0000] {processor.py:183} INFO - Processing /home/airflow/.local/lib/python3.12/site-packages/airflow/example_dags/example_sensor_decorator.py took 0.130 seconds
[2024-07-25T23:33:47.348+0000] {processor.py:161} INFO - Started process (PID=767) to work on /home/airflow/.local/lib/python3.12/site-packages/airflow/example_dags/example_sensor_decorator.py
[2024-07-25T23:33:47.350+0000] {processor.py:830} INFO - Processing file /home/airflow/.local/lib/python3.12/site-packages/airflow/example_dags/example_sensor_decorator.py for tasks to queue
[2024-07-25T23:33:47.352+0000] {logging_mixin.py:188} INFO - [2024-07-25T23:33:47.352+0000] {dagbag.py:545} INFO - Filling up the DagBag from /home/airflow/.local/lib/python3.12/site-packages/airflow/example_dags/example_sensor_decorator.py
[2024-07-25T23:33:47.361+0000] {processor.py:840} INFO - DAG(s) 'example_sensor_decorator' retrieved from /home/airflow/.local/lib/python3.12/site-packages/airflow/example_dags/example_sensor_decorator.py
[2024-07-25T23:33:47.398+0000] {logging_mixin.py:188} INFO - [2024-07-25T23:33:47.397+0000] {dag.py:3089} INFO - Sync 1 DAGs
[2024-07-25T23:33:47.416+0000] {logging_mixin.py:188} INFO - [2024-07-25T23:33:47.416+0000] {dag.py:3947} INFO - Setting next_dagrun for example_sensor_decorator to None, run_after=None
[2024-07-25T23:33:47.444+0000] {processor.py:183} INFO - Processing /home/airflow/.local/lib/python3.12/site-packages/airflow/example_dags/example_sensor_decorator.py took 0.105 seconds
[2024-07-25T23:34:17.703+0000] {processor.py:161} INFO - Started process (PID=827) to work on /home/airflow/.local/lib/python3.12/site-packages/airflow/example_dags/example_sensor_decorator.py
[2024-07-25T23:34:17.706+0000] {processor.py:830} INFO - Processing file /home/airflow/.local/lib/python3.12/site-packages/airflow/example_dags/example_sensor_decorator.py for tasks to queue
[2024-07-25T23:34:17.708+0000] {logging_mixin.py:188} INFO - [2024-07-25T23:34:17.708+0000] {dagbag.py:545} INFO - Filling up the DagBag from /home/airflow/.local/lib/python3.12/site-packages/airflow/example_dags/example_sensor_decorator.py
[2024-07-25T23:34:17.720+0000] {processor.py:840} INFO - DAG(s) 'example_sensor_decorator' retrieved from /home/airflow/.local/lib/python3.12/site-packages/airflow/example_dags/example_sensor_decorator.py
[2024-07-25T23:34:17.756+0000] {logging_mixin.py:188} INFO - [2024-07-25T23:34:17.755+0000] {dag.py:3089} INFO - Sync 1 DAGs
[2024-07-25T23:34:17.787+0000] {logging_mixin.py:188} INFO - [2024-07-25T23:34:17.787+0000] {dag.py:3947} INFO - Setting next_dagrun for example_sensor_decorator to None, run_after=None
[2024-07-25T23:34:17.808+0000] {processor.py:183} INFO - Processing /home/airflow/.local/lib/python3.12/site-packages/airflow/example_dags/example_sensor_decorator.py took 0.111 seconds
[2024-07-25T23:34:47.949+0000] {processor.py:161} INFO - Started process (PID=886) to work on /home/airflow/.local/lib/python3.12/site-packages/airflow/example_dags/example_sensor_decorator.py
[2024-07-25T23:34:47.951+0000] {processor.py:830} INFO - Processing file /home/airflow/.local/lib/python3.12/site-packages/airflow/example_dags/example_sensor_decorator.py for tasks to queue
[2024-07-25T23:34:47.954+0000] {logging_mixin.py:188} INFO - [2024-07-25T23:34:47.954+0000] {dagbag.py:545} INFO - Filling up the DagBag from /home/airflow/.local/lib/python3.12/site-packages/airflow/example_dags/example_sensor_decorator.py
[2024-07-25T23:34:47.961+0000] {processor.py:840} INFO - DAG(s) 'example_sensor_decorator' retrieved from /home/airflow/.local/lib/python3.12/site-packages/airflow/example_dags/example_sensor_decorator.py
[2024-07-25T23:34:47.994+0000] {logging_mixin.py:188} INFO - [2024-07-25T23:34:47.993+0000] {dag.py:3089} INFO - Sync 1 DAGs
[2024-07-25T23:34:48.005+0000] {logging_mixin.py:188} INFO - [2024-07-25T23:34:48.004+0000] {dag.py:3947} INFO - Setting next_dagrun for example_sensor_decorator to None, run_after=None
[2024-07-25T23:34:48.024+0000] {processor.py:183} INFO - Processing /home/airflow/.local/lib/python3.12/site-packages/airflow/example_dags/example_sensor_decorator.py took 0.085 seconds
[2024-07-25T23:35:18.249+0000] {processor.py:161} INFO - Started process (PID=946) to work on /home/airflow/.local/lib/python3.12/site-packages/airflow/example_dags/example_sensor_decorator.py
[2024-07-25T23:35:18.251+0000] {processor.py:830} INFO - Processing file /home/airflow/.local/lib/python3.12/site-packages/airflow/example_dags/example_sensor_decorator.py for tasks to queue
[2024-07-25T23:35:18.253+0000] {logging_mixin.py:188} INFO - [2024-07-25T23:35:18.253+0000] {dagbag.py:545} INFO - Filling up the DagBag from /home/airflow/.local/lib/python3.12/site-packages/airflow/example_dags/example_sensor_decorator.py
[2024-07-25T23:35:18.263+0000] {processor.py:840} INFO - DAG(s) 'example_sensor_decorator' retrieved from /home/airflow/.local/lib/python3.12/site-packages/airflow/example_dags/example_sensor_decorator.py
[2024-07-25T23:35:18.315+0000] {logging_mixin.py:188} INFO - [2024-07-25T23:35:18.315+0000] {dag.py:3089} INFO - Sync 1 DAGs
[2024-07-25T23:35:18.336+0000] {logging_mixin.py:188} INFO - [2024-07-25T23:35:18.336+0000] {dag.py:3947} INFO - Setting next_dagrun for example_sensor_decorator to None, run_after=None
[2024-07-25T23:35:18.364+0000] {processor.py:183} INFO - Processing /home/airflow/.local/lib/python3.12/site-packages/airflow/example_dags/example_sensor_decorator.py took 0.122 seconds
[2024-07-25T23:35:48.895+0000] {processor.py:161} INFO - Started process (PID=1006) to work on /home/airflow/.local/lib/python3.12/site-packages/airflow/example_dags/example_sensor_decorator.py
[2024-07-25T23:35:48.899+0000] {processor.py:830} INFO - Processing file /home/airflow/.local/lib/python3.12/site-packages/airflow/example_dags/example_sensor_decorator.py for tasks to queue
[2024-07-25T23:35:48.903+0000] {logging_mixin.py:188} INFO - [2024-07-25T23:35:48.902+0000] {dagbag.py:545} INFO - Filling up the DagBag from /home/airflow/.local/lib/python3.12/site-packages/airflow/example_dags/example_sensor_decorator.py
[2024-07-25T23:35:48.916+0000] {processor.py:840} INFO - DAG(s) 'example_sensor_decorator' retrieved from /home/airflow/.local/lib/python3.12/site-packages/airflow/example_dags/example_sensor_decorator.py
[2024-07-25T23:35:48.947+0000] {logging_mixin.py:188} INFO - [2024-07-25T23:35:48.947+0000] {dag.py:3089} INFO - Sync 1 DAGs
[2024-07-25T23:35:48.959+0000] {logging_mixin.py:188} INFO - [2024-07-25T23:35:48.958+0000] {dag.py:3947} INFO - Setting next_dagrun for example_sensor_decorator to None, run_after=None
[2024-07-25T23:35:48.981+0000] {processor.py:183} INFO - Processing /home/airflow/.local/lib/python3.12/site-packages/airflow/example_dags/example_sensor_decorator.py took 0.091 seconds
[2024-07-25T23:36:19.277+0000] {processor.py:161} INFO - Started process (PID=1066) to work on /home/airflow/.local/lib/python3.12/site-packages/airflow/example_dags/example_sensor_decorator.py
[2024-07-25T23:36:19.282+0000] {processor.py:830} INFO - Processing file /home/airflow/.local/lib/python3.12/site-packages/airflow/example_dags/example_sensor_decorator.py for tasks to queue
[2024-07-25T23:36:19.286+0000] {logging_mixin.py:188} INFO - [2024-07-25T23:36:19.286+0000] {dagbag.py:545} INFO - Filling up the DagBag from /home/airflow/.local/lib/python3.12/site-packages/airflow/example_dags/example_sensor_decorator.py
[2024-07-25T23:36:19.294+0000] {processor.py:840} INFO - DAG(s) 'example_sensor_decorator' retrieved from /home/airflow/.local/lib/python3.12/site-packages/airflow/example_dags/example_sensor_decorator.py
[2024-07-25T23:36:19.319+0000] {logging_mixin.py:188} INFO - [2024-07-25T23:36:19.319+0000] {dag.py:3089} INFO - Sync 1 DAGs
[2024-07-25T23:36:19.331+0000] {logging_mixin.py:188} INFO - [2024-07-25T23:36:19.331+0000] {dag.py:3947} INFO - Setting next_dagrun for example_sensor_decorator to None, run_after=None
[2024-07-25T23:36:19.357+0000] {processor.py:183} INFO - Processing /home/airflow/.local/lib/python3.12/site-packages/airflow/example_dags/example_sensor_decorator.py took 0.088 seconds
[2024-07-25T23:36:50.164+0000] {processor.py:161} INFO - Started process (PID=1125) to work on /home/airflow/.local/lib/python3.12/site-packages/airflow/example_dags/example_sensor_decorator.py
[2024-07-25T23:36:50.168+0000] {processor.py:830} INFO - Processing file /home/airflow/.local/lib/python3.12/site-packages/airflow/example_dags/example_sensor_decorator.py for tasks to queue
[2024-07-25T23:36:50.171+0000] {logging_mixin.py:188} INFO - [2024-07-25T23:36:50.170+0000] {dagbag.py:545} INFO - Filling up the DagBag from /home/airflow/.local/lib/python3.12/site-packages/airflow/example_dags/example_sensor_decorator.py
[2024-07-25T23:36:50.191+0000] {processor.py:840} INFO - DAG(s) 'example_sensor_decorator' retrieved from /home/airflow/.local/lib/python3.12/site-packages/airflow/example_dags/example_sensor_decorator.py
[2024-07-25T23:36:50.257+0000] {logging_mixin.py:188} INFO - [2024-07-25T23:36:50.257+0000] {dag.py:3089} INFO - Sync 1 DAGs
[2024-07-25T23:36:50.314+0000] {logging_mixin.py:188} INFO - [2024-07-25T23:36:50.314+0000] {dag.py:3947} INFO - Setting next_dagrun for example_sensor_decorator to None, run_after=None
[2024-07-25T23:36:50.360+0000] {processor.py:183} INFO - Processing /home/airflow/.local/lib/python3.12/site-packages/airflow/example_dags/example_sensor_decorator.py took 0.236 seconds
[2024-07-25T23:37:20.859+0000] {processor.py:161} INFO - Started process (PID=1185) to work on /home/airflow/.local/lib/python3.12/site-packages/airflow/example_dags/example_sensor_decorator.py
[2024-07-25T23:37:20.865+0000] {processor.py:830} INFO - Processing file /home/airflow/.local/lib/python3.12/site-packages/airflow/example_dags/example_sensor_decorator.py for tasks to queue
[2024-07-25T23:37:20.871+0000] {logging_mixin.py:188} INFO - [2024-07-25T23:37:20.871+0000] {dagbag.py:545} INFO - Filling up the DagBag from /home/airflow/.local/lib/python3.12/site-packages/airflow/example_dags/example_sensor_decorator.py
[2024-07-25T23:37:20.884+0000] {processor.py:840} INFO - DAG(s) 'example_sensor_decorator' retrieved from /home/airflow/.local/lib/python3.12/site-packages/airflow/example_dags/example_sensor_decorator.py
[2024-07-25T23:37:20.914+0000] {logging_mixin.py:188} INFO - [2024-07-25T23:37:20.913+0000] {dag.py:3089} INFO - Sync 1 DAGs
[2024-07-25T23:37:20.944+0000] {logging_mixin.py:188} INFO - [2024-07-25T23:37:20.944+0000] {dag.py:3947} INFO - Setting next_dagrun for example_sensor_decorator to None, run_after=None
[2024-07-25T23:37:20.977+0000] {processor.py:183} INFO - Processing /home/airflow/.local/lib/python3.12/site-packages/airflow/example_dags/example_sensor_decorator.py took 0.125 seconds
[2024-07-25T23:37:51.125+0000] {processor.py:161} INFO - Started process (PID=1245) to work on /home/airflow/.local/lib/python3.12/site-packages/airflow/example_dags/example_sensor_decorator.py
[2024-07-25T23:37:51.129+0000] {processor.py:830} INFO - Processing file /home/airflow/.local/lib/python3.12/site-packages/airflow/example_dags/example_sensor_decorator.py for tasks to queue
[2024-07-25T23:37:51.132+0000] {logging_mixin.py:188} INFO - [2024-07-25T23:37:51.132+0000] {dagbag.py:545} INFO - Filling up the DagBag from /home/airflow/.local/lib/python3.12/site-packages/airflow/example_dags/example_sensor_decorator.py
[2024-07-25T23:37:51.142+0000] {processor.py:840} INFO - DAG(s) 'example_sensor_decorator' retrieved from /home/airflow/.local/lib/python3.12/site-packages/airflow/example_dags/example_sensor_decorator.py
[2024-07-25T23:37:51.161+0000] {logging_mixin.py:188} INFO - [2024-07-25T23:37:51.161+0000] {dag.py:3089} INFO - Sync 1 DAGs
[2024-07-25T23:37:51.172+0000] {logging_mixin.py:188} INFO - [2024-07-25T23:37:51.171+0000] {dag.py:3947} INFO - Setting next_dagrun for example_sensor_decorator to None, run_after=None
[2024-07-25T23:37:51.190+0000] {processor.py:183} INFO - Processing /home/airflow/.local/lib/python3.12/site-packages/airflow/example_dags/example_sensor_decorator.py took 0.072 seconds
[2024-07-25T23:38:21.894+0000] {processor.py:161} INFO - Started process (PID=1305) to work on /home/airflow/.local/lib/python3.12/site-packages/airflow/example_dags/example_sensor_decorator.py
[2024-07-25T23:38:21.898+0000] {processor.py:830} INFO - Processing file /home/airflow/.local/lib/python3.12/site-packages/airflow/example_dags/example_sensor_decorator.py for tasks to queue
[2024-07-25T23:38:21.903+0000] {logging_mixin.py:188} INFO - [2024-07-25T23:38:21.903+0000] {dagbag.py:545} INFO - Filling up the DagBag from /home/airflow/.local/lib/python3.12/site-packages/airflow/example_dags/example_sensor_decorator.py
[2024-07-25T23:38:21.914+0000] {processor.py:840} INFO - DAG(s) 'example_sensor_decorator' retrieved from /home/airflow/.local/lib/python3.12/site-packages/airflow/example_dags/example_sensor_decorator.py
[2024-07-25T23:38:21.962+0000] {logging_mixin.py:188} INFO - [2024-07-25T23:38:21.962+0000] {dag.py:3089} INFO - Sync 1 DAGs
[2024-07-25T23:38:21.984+0000] {logging_mixin.py:188} INFO - [2024-07-25T23:38:21.984+0000] {dag.py:3947} INFO - Setting next_dagrun for example_sensor_decorator to None, run_after=None
[2024-07-25T23:38:22.014+0000] {processor.py:183} INFO - Processing /home/airflow/.local/lib/python3.12/site-packages/airflow/example_dags/example_sensor_decorator.py took 0.129 seconds
[2024-07-25T23:38:52.069+0000] {processor.py:161} INFO - Started process (PID=1365) to work on /home/airflow/.local/lib/python3.12/site-packages/airflow/example_dags/example_sensor_decorator.py
[2024-07-25T23:38:52.076+0000] {processor.py:830} INFO - Processing file /home/airflow/.local/lib/python3.12/site-packages/airflow/example_dags/example_sensor_decorator.py for tasks to queue
[2024-07-25T23:38:52.078+0000] {logging_mixin.py:188} INFO - [2024-07-25T23:38:52.078+0000] {dagbag.py:545} INFO - Filling up the DagBag from /home/airflow/.local/lib/python3.12/site-packages/airflow/example_dags/example_sensor_decorator.py
[2024-07-25T23:38:52.085+0000] {processor.py:840} INFO - DAG(s) 'example_sensor_decorator' retrieved from /home/airflow/.local/lib/python3.12/site-packages/airflow/example_dags/example_sensor_decorator.py
[2024-07-25T23:38:52.110+0000] {logging_mixin.py:188} INFO - [2024-07-25T23:38:52.110+0000] {dag.py:3089} INFO - Sync 1 DAGs
[2024-07-25T23:38:52.122+0000] {logging_mixin.py:188} INFO - [2024-07-25T23:38:52.122+0000] {dag.py:3947} INFO - Setting next_dagrun for example_sensor_decorator to None, run_after=None
[2024-07-25T23:38:52.140+0000] {processor.py:183} INFO - Processing /home/airflow/.local/lib/python3.12/site-packages/airflow/example_dags/example_sensor_decorator.py took 0.079 seconds
[2024-07-25T23:39:22.625+0000] {processor.py:161} INFO - Started process (PID=1425) to work on /home/airflow/.local/lib/python3.12/site-packages/airflow/example_dags/example_sensor_decorator.py
[2024-07-25T23:39:22.631+0000] {processor.py:830} INFO - Processing file /home/airflow/.local/lib/python3.12/site-packages/airflow/example_dags/example_sensor_decorator.py for tasks to queue
[2024-07-25T23:39:22.634+0000] {logging_mixin.py:188} INFO - [2024-07-25T23:39:22.633+0000] {dagbag.py:545} INFO - Filling up the DagBag from /home/airflow/.local/lib/python3.12/site-packages/airflow/example_dags/example_sensor_decorator.py
[2024-07-25T23:39:22.644+0000] {processor.py:840} INFO - DAG(s) 'example_sensor_decorator' retrieved from /home/airflow/.local/lib/python3.12/site-packages/airflow/example_dags/example_sensor_decorator.py
[2024-07-25T23:39:22.692+0000] {logging_mixin.py:188} INFO - [2024-07-25T23:39:22.692+0000] {dag.py:3089} INFO - Sync 1 DAGs
[2024-07-25T23:39:22.727+0000] {logging_mixin.py:188} INFO - [2024-07-25T23:39:22.727+0000] {dag.py:3947} INFO - Setting next_dagrun for example_sensor_decorator to None, run_after=None
[2024-07-25T23:39:22.750+0000] {processor.py:183} INFO - Processing /home/airflow/.local/lib/python3.12/site-packages/airflow/example_dags/example_sensor_decorator.py took 0.132 seconds
[2024-07-25T23:39:53.565+0000] {processor.py:161} INFO - Started process (PID=1485) to work on /home/airflow/.local/lib/python3.12/site-packages/airflow/example_dags/example_sensor_decorator.py
[2024-07-25T23:39:53.567+0000] {processor.py:830} INFO - Processing file /home/airflow/.local/lib/python3.12/site-packages/airflow/example_dags/example_sensor_decorator.py for tasks to queue
[2024-07-25T23:39:53.570+0000] {logging_mixin.py:188} INFO - [2024-07-25T23:39:53.570+0000] {dagbag.py:545} INFO - Filling up the DagBag from /home/airflow/.local/lib/python3.12/site-packages/airflow/example_dags/example_sensor_decorator.py
[2024-07-25T23:39:53.582+0000] {processor.py:840} INFO - DAG(s) 'example_sensor_decorator' retrieved from /home/airflow/.local/lib/python3.12/site-packages/airflow/example_dags/example_sensor_decorator.py
[2024-07-25T23:39:53.604+0000] {logging_mixin.py:188} INFO - [2024-07-25T23:39:53.604+0000] {dag.py:3089} INFO - Sync 1 DAGs
[2024-07-25T23:39:53.630+0000] {logging_mixin.py:188} INFO - [2024-07-25T23:39:53.630+0000] {dag.py:3947} INFO - Setting next_dagrun for example_sensor_decorator to None, run_after=None
[2024-07-25T23:39:53.655+0000] {processor.py:183} INFO - Processing /home/airflow/.local/lib/python3.12/site-packages/airflow/example_dags/example_sensor_decorator.py took 0.099 seconds
[2024-07-25T23:40:24.601+0000] {processor.py:161} INFO - Started process (PID=1545) to work on /home/airflow/.local/lib/python3.12/site-packages/airflow/example_dags/example_sensor_decorator.py
[2024-07-25T23:40:24.608+0000] {processor.py:830} INFO - Processing file /home/airflow/.local/lib/python3.12/site-packages/airflow/example_dags/example_sensor_decorator.py for tasks to queue
[2024-07-25T23:40:24.610+0000] {logging_mixin.py:188} INFO - [2024-07-25T23:40:24.610+0000] {dagbag.py:545} INFO - Filling up the DagBag from /home/airflow/.local/lib/python3.12/site-packages/airflow/example_dags/example_sensor_decorator.py
[2024-07-25T23:40:24.625+0000] {processor.py:840} INFO - DAG(s) 'example_sensor_decorator' retrieved from /home/airflow/.local/lib/python3.12/site-packages/airflow/example_dags/example_sensor_decorator.py
[2024-07-25T23:40:24.651+0000] {logging_mixin.py:188} INFO - [2024-07-25T23:40:24.651+0000] {dag.py:3089} INFO - Sync 1 DAGs
[2024-07-25T23:40:24.669+0000] {logging_mixin.py:188} INFO - [2024-07-25T23:40:24.668+0000] {dag.py:3947} INFO - Setting next_dagrun for example_sensor_decorator to None, run_after=None
[2024-07-25T23:40:24.706+0000] {processor.py:183} INFO - Processing /home/airflow/.local/lib/python3.12/site-packages/airflow/example_dags/example_sensor_decorator.py took 0.111 seconds
[2024-07-25T23:40:54.844+0000] {processor.py:161} INFO - Started process (PID=1605) to work on /home/airflow/.local/lib/python3.12/site-packages/airflow/example_dags/example_sensor_decorator.py
[2024-07-25T23:40:54.846+0000] {processor.py:830} INFO - Processing file /home/airflow/.local/lib/python3.12/site-packages/airflow/example_dags/example_sensor_decorator.py for tasks to queue
[2024-07-25T23:40:54.851+0000] {logging_mixin.py:188} INFO - [2024-07-25T23:40:54.850+0000] {dagbag.py:545} INFO - Filling up the DagBag from /home/airflow/.local/lib/python3.12/site-packages/airflow/example_dags/example_sensor_decorator.py
[2024-07-25T23:40:54.870+0000] {processor.py:840} INFO - DAG(s) 'example_sensor_decorator' retrieved from /home/airflow/.local/lib/python3.12/site-packages/airflow/example_dags/example_sensor_decorator.py
[2024-07-25T23:40:54.922+0000] {logging_mixin.py:188} INFO - [2024-07-25T23:40:54.921+0000] {dag.py:3089} INFO - Sync 1 DAGs
[2024-07-25T23:40:54.946+0000] {logging_mixin.py:188} INFO - [2024-07-25T23:40:54.945+0000] {dag.py:3947} INFO - Setting next_dagrun for example_sensor_decorator to None, run_after=None
[2024-07-25T23:40:55.003+0000] {processor.py:183} INFO - Processing /home/airflow/.local/lib/python3.12/site-packages/airflow/example_dags/example_sensor_decorator.py took 0.170 seconds
[2024-07-25T23:41:25.652+0000] {processor.py:161} INFO - Started process (PID=1665) to work on /home/airflow/.local/lib/python3.12/site-packages/airflow/example_dags/example_sensor_decorator.py
[2024-07-25T23:41:25.656+0000] {processor.py:830} INFO - Processing file /home/airflow/.local/lib/python3.12/site-packages/airflow/example_dags/example_sensor_decorator.py for tasks to queue
[2024-07-25T23:41:25.663+0000] {logging_mixin.py:188} INFO - [2024-07-25T23:41:25.663+0000] {dagbag.py:545} INFO - Filling up the DagBag from /home/airflow/.local/lib/python3.12/site-packages/airflow/example_dags/example_sensor_decorator.py
[2024-07-25T23:41:25.670+0000] {processor.py:840} INFO - DAG(s) 'example_sensor_decorator' retrieved from /home/airflow/.local/lib/python3.12/site-packages/airflow/example_dags/example_sensor_decorator.py
[2024-07-25T23:41:25.693+0000] {logging_mixin.py:188} INFO - [2024-07-25T23:41:25.693+0000] {dag.py:3089} INFO - Sync 1 DAGs
[2024-07-25T23:41:25.703+0000] {logging_mixin.py:188} INFO - [2024-07-25T23:41:25.703+0000] {dag.py:3947} INFO - Setting next_dagrun for example_sensor_decorator to None, run_after=None
[2024-07-25T23:41:25.719+0000] {processor.py:183} INFO - Processing /home/airflow/.local/lib/python3.12/site-packages/airflow/example_dags/example_sensor_decorator.py took 0.074 seconds
[2024-07-25T23:41:56.447+0000] {processor.py:161} INFO - Started process (PID=1725) to work on /home/airflow/.local/lib/python3.12/site-packages/airflow/example_dags/example_sensor_decorator.py
[2024-07-25T23:41:56.452+0000] {processor.py:830} INFO - Processing file /home/airflow/.local/lib/python3.12/site-packages/airflow/example_dags/example_sensor_decorator.py for tasks to queue
[2024-07-25T23:41:56.454+0000] {logging_mixin.py:188} INFO - [2024-07-25T23:41:56.453+0000] {dagbag.py:545} INFO - Filling up the DagBag from /home/airflow/.local/lib/python3.12/site-packages/airflow/example_dags/example_sensor_decorator.py
[2024-07-25T23:41:56.459+0000] {processor.py:840} INFO - DAG(s) 'example_sensor_decorator' retrieved from /home/airflow/.local/lib/python3.12/site-packages/airflow/example_dags/example_sensor_decorator.py
[2024-07-25T23:41:56.485+0000] {logging_mixin.py:188} INFO - [2024-07-25T23:41:56.485+0000] {dag.py:3089} INFO - Sync 1 DAGs
[2024-07-25T23:41:56.499+0000] {logging_mixin.py:188} INFO - [2024-07-25T23:41:56.499+0000] {dag.py:3947} INFO - Setting next_dagrun for example_sensor_decorator to None, run_after=None
[2024-07-25T23:41:56.524+0000] {processor.py:183} INFO - Processing /home/airflow/.local/lib/python3.12/site-packages/airflow/example_dags/example_sensor_decorator.py took 0.084 seconds
[2024-07-25T23:42:26.644+0000] {processor.py:161} INFO - Started process (PID=1785) to work on /home/airflow/.local/lib/python3.12/site-packages/airflow/example_dags/example_sensor_decorator.py
[2024-07-25T23:42:26.645+0000] {processor.py:830} INFO - Processing file /home/airflow/.local/lib/python3.12/site-packages/airflow/example_dags/example_sensor_decorator.py for tasks to queue
[2024-07-25T23:42:26.646+0000] {logging_mixin.py:188} INFO - [2024-07-25T23:42:26.646+0000] {dagbag.py:545} INFO - Filling up the DagBag from /home/airflow/.local/lib/python3.12/site-packages/airflow/example_dags/example_sensor_decorator.py
[2024-07-25T23:42:26.652+0000] {processor.py:840} INFO - DAG(s) 'example_sensor_decorator' retrieved from /home/airflow/.local/lib/python3.12/site-packages/airflow/example_dags/example_sensor_decorator.py
[2024-07-25T23:42:26.669+0000] {logging_mixin.py:188} INFO - [2024-07-25T23:42:26.669+0000] {dag.py:3089} INFO - Sync 1 DAGs
[2024-07-25T23:42:26.682+0000] {logging_mixin.py:188} INFO - [2024-07-25T23:42:26.682+0000] {dag.py:3947} INFO - Setting next_dagrun for example_sensor_decorator to None, run_after=None
[2024-07-25T23:42:26.699+0000] {processor.py:183} INFO - Processing /home/airflow/.local/lib/python3.12/site-packages/airflow/example_dags/example_sensor_decorator.py took 0.060 seconds
[2024-07-25T23:42:57.449+0000] {processor.py:161} INFO - Started process (PID=1843) to work on /home/airflow/.local/lib/python3.12/site-packages/airflow/example_dags/example_sensor_decorator.py
[2024-07-25T23:42:57.453+0000] {processor.py:830} INFO - Processing file /home/airflow/.local/lib/python3.12/site-packages/airflow/example_dags/example_sensor_decorator.py for tasks to queue
[2024-07-25T23:42:57.456+0000] {logging_mixin.py:188} INFO - [2024-07-25T23:42:57.456+0000] {dagbag.py:545} INFO - Filling up the DagBag from /home/airflow/.local/lib/python3.12/site-packages/airflow/example_dags/example_sensor_decorator.py
[2024-07-25T23:42:57.471+0000] {processor.py:840} INFO - DAG(s) 'example_sensor_decorator' retrieved from /home/airflow/.local/lib/python3.12/site-packages/airflow/example_dags/example_sensor_decorator.py
[2024-07-25T23:42:57.518+0000] {logging_mixin.py:188} INFO - [2024-07-25T23:42:57.518+0000] {dag.py:3089} INFO - Sync 1 DAGs
[2024-07-25T23:42:57.536+0000] {logging_mixin.py:188} INFO - [2024-07-25T23:42:57.535+0000] {dag.py:3947} INFO - Setting next_dagrun for example_sensor_decorator to None, run_after=None
[2024-07-25T23:42:57.567+0000] {processor.py:183} INFO - Processing /home/airflow/.local/lib/python3.12/site-packages/airflow/example_dags/example_sensor_decorator.py took 0.126 seconds
[2024-07-25T23:43:27.954+0000] {processor.py:161} INFO - Started process (PID=1902) to work on /home/airflow/.local/lib/python3.12/site-packages/airflow/example_dags/example_sensor_decorator.py
[2024-07-25T23:43:27.956+0000] {processor.py:830} INFO - Processing file /home/airflow/.local/lib/python3.12/site-packages/airflow/example_dags/example_sensor_decorator.py for tasks to queue
[2024-07-25T23:43:27.959+0000] {logging_mixin.py:188} INFO - [2024-07-25T23:43:27.958+0000] {dagbag.py:545} INFO - Filling up the DagBag from /home/airflow/.local/lib/python3.12/site-packages/airflow/example_dags/example_sensor_decorator.py
[2024-07-25T23:43:27.971+0000] {processor.py:840} INFO - DAG(s) 'example_sensor_decorator' retrieved from /home/airflow/.local/lib/python3.12/site-packages/airflow/example_dags/example_sensor_decorator.py
[2024-07-25T23:43:28.013+0000] {logging_mixin.py:188} INFO - [2024-07-25T23:43:28.013+0000] {dag.py:3089} INFO - Sync 1 DAGs
[2024-07-25T23:43:28.027+0000] {logging_mixin.py:188} INFO - [2024-07-25T23:43:28.026+0000] {dag.py:3947} INFO - Setting next_dagrun for example_sensor_decorator to None, run_after=None
[2024-07-25T23:43:28.045+0000] {processor.py:183} INFO - Processing /home/airflow/.local/lib/python3.12/site-packages/airflow/example_dags/example_sensor_decorator.py took 0.100 seconds
[2024-07-25T23:43:59.097+0000] {processor.py:161} INFO - Started process (PID=1963) to work on /home/airflow/.local/lib/python3.12/site-packages/airflow/example_dags/example_sensor_decorator.py
[2024-07-25T23:43:59.098+0000] {processor.py:830} INFO - Processing file /home/airflow/.local/lib/python3.12/site-packages/airflow/example_dags/example_sensor_decorator.py for tasks to queue
[2024-07-25T23:43:59.101+0000] {logging_mixin.py:188} INFO - [2024-07-25T23:43:59.100+0000] {dagbag.py:545} INFO - Filling up the DagBag from /home/airflow/.local/lib/python3.12/site-packages/airflow/example_dags/example_sensor_decorator.py
[2024-07-25T23:43:59.233+0000] {processor.py:840} INFO - DAG(s) 'example_sensor_decorator' retrieved from /home/airflow/.local/lib/python3.12/site-packages/airflow/example_dags/example_sensor_decorator.py
[2024-07-25T23:43:59.244+0000] {logging_mixin.py:188} INFO - [2024-07-25T23:43:59.244+0000] {dag.py:3089} INFO - Sync 1 DAGs
[2024-07-25T23:43:59.252+0000] {logging_mixin.py:188} INFO - [2024-07-25T23:43:59.252+0000] {dag.py:3947} INFO - Setting next_dagrun for example_sensor_decorator to None, run_after=None
[2024-07-25T23:43:59.267+0000] {processor.py:183} INFO - Processing /home/airflow/.local/lib/python3.12/site-packages/airflow/example_dags/example_sensor_decorator.py took 0.174 seconds
[2024-07-25T23:44:29.381+0000] {processor.py:161} INFO - Started process (PID=2022) to work on /home/airflow/.local/lib/python3.12/site-packages/airflow/example_dags/example_sensor_decorator.py
[2024-07-25T23:44:29.382+0000] {processor.py:830} INFO - Processing file /home/airflow/.local/lib/python3.12/site-packages/airflow/example_dags/example_sensor_decorator.py for tasks to queue
[2024-07-25T23:44:29.384+0000] {logging_mixin.py:188} INFO - [2024-07-25T23:44:29.384+0000] {dagbag.py:545} INFO - Filling up the DagBag from /home/airflow/.local/lib/python3.12/site-packages/airflow/example_dags/example_sensor_decorator.py
[2024-07-25T23:44:29.389+0000] {processor.py:840} INFO - DAG(s) 'example_sensor_decorator' retrieved from /home/airflow/.local/lib/python3.12/site-packages/airflow/example_dags/example_sensor_decorator.py
[2024-07-25T23:44:29.403+0000] {logging_mixin.py:188} INFO - [2024-07-25T23:44:29.403+0000] {dag.py:3089} INFO - Sync 1 DAGs
[2024-07-25T23:44:29.413+0000] {logging_mixin.py:188} INFO - [2024-07-25T23:44:29.413+0000] {dag.py:3947} INFO - Setting next_dagrun for example_sensor_decorator to None, run_after=None
[2024-07-25T23:44:29.428+0000] {processor.py:183} INFO - Processing /home/airflow/.local/lib/python3.12/site-packages/airflow/example_dags/example_sensor_decorator.py took 0.051 seconds
[2024-07-25T23:45:00.209+0000] {processor.py:161} INFO - Started process (PID=2082) to work on /home/airflow/.local/lib/python3.12/site-packages/airflow/example_dags/example_sensor_decorator.py
[2024-07-25T23:45:00.210+0000] {processor.py:830} INFO - Processing file /home/airflow/.local/lib/python3.12/site-packages/airflow/example_dags/example_sensor_decorator.py for tasks to queue
[2024-07-25T23:45:00.212+0000] {logging_mixin.py:188} INFO - [2024-07-25T23:45:00.212+0000] {dagbag.py:545} INFO - Filling up the DagBag from /home/airflow/.local/lib/python3.12/site-packages/airflow/example_dags/example_sensor_decorator.py
[2024-07-25T23:45:00.217+0000] {processor.py:840} INFO - DAG(s) 'example_sensor_decorator' retrieved from /home/airflow/.local/lib/python3.12/site-packages/airflow/example_dags/example_sensor_decorator.py
[2024-07-25T23:45:00.233+0000] {logging_mixin.py:188} INFO - [2024-07-25T23:45:00.233+0000] {dag.py:3089} INFO - Sync 1 DAGs
[2024-07-25T23:45:00.245+0000] {logging_mixin.py:188} INFO - [2024-07-25T23:45:00.245+0000] {dag.py:3947} INFO - Setting next_dagrun for example_sensor_decorator to None, run_after=None
[2024-07-25T23:45:00.258+0000] {processor.py:183} INFO - Processing /home/airflow/.local/lib/python3.12/site-packages/airflow/example_dags/example_sensor_decorator.py took 0.053 seconds
[2024-07-25T23:45:31.191+0000] {processor.py:161} INFO - Started process (PID=2142) to work on /home/airflow/.local/lib/python3.12/site-packages/airflow/example_dags/example_sensor_decorator.py
[2024-07-25T23:45:31.193+0000] {processor.py:830} INFO - Processing file /home/airflow/.local/lib/python3.12/site-packages/airflow/example_dags/example_sensor_decorator.py for tasks to queue
[2024-07-25T23:45:31.195+0000] {logging_mixin.py:188} INFO - [2024-07-25T23:45:31.194+0000] {dagbag.py:545} INFO - Filling up the DagBag from /home/airflow/.local/lib/python3.12/site-packages/airflow/example_dags/example_sensor_decorator.py
[2024-07-25T23:45:31.202+0000] {processor.py:840} INFO - DAG(s) 'example_sensor_decorator' retrieved from /home/airflow/.local/lib/python3.12/site-packages/airflow/example_dags/example_sensor_decorator.py
[2024-07-25T23:45:31.220+0000] {logging_mixin.py:188} INFO - [2024-07-25T23:45:31.220+0000] {dag.py:3089} INFO - Sync 1 DAGs
[2024-07-25T23:45:31.236+0000] {logging_mixin.py:188} INFO - [2024-07-25T23:45:31.235+0000] {dag.py:3947} INFO - Setting next_dagrun for example_sensor_decorator to None, run_after=None
[2024-07-25T23:45:31.260+0000] {processor.py:183} INFO - Processing /home/airflow/.local/lib/python3.12/site-packages/airflow/example_dags/example_sensor_decorator.py took 0.073 seconds
[2024-07-25T23:46:02.099+0000] {processor.py:161} INFO - Started process (PID=2202) to work on /home/airflow/.local/lib/python3.12/site-packages/airflow/example_dags/example_sensor_decorator.py
[2024-07-25T23:46:02.100+0000] {processor.py:830} INFO - Processing file /home/airflow/.local/lib/python3.12/site-packages/airflow/example_dags/example_sensor_decorator.py for tasks to queue
[2024-07-25T23:46:02.102+0000] {logging_mixin.py:188} INFO - [2024-07-25T23:46:02.102+0000] {dagbag.py:545} INFO - Filling up the DagBag from /home/airflow/.local/lib/python3.12/site-packages/airflow/example_dags/example_sensor_decorator.py
[2024-07-25T23:46:02.107+0000] {processor.py:840} INFO - DAG(s) 'example_sensor_decorator' retrieved from /home/airflow/.local/lib/python3.12/site-packages/airflow/example_dags/example_sensor_decorator.py
[2024-07-25T23:46:02.124+0000] {logging_mixin.py:188} INFO - [2024-07-25T23:46:02.124+0000] {dag.py:3089} INFO - Sync 1 DAGs
[2024-07-25T23:46:02.138+0000] {logging_mixin.py:188} INFO - [2024-07-25T23:46:02.137+0000] {dag.py:3947} INFO - Setting next_dagrun for example_sensor_decorator to None, run_after=None
[2024-07-25T23:46:02.159+0000] {processor.py:183} INFO - Processing /home/airflow/.local/lib/python3.12/site-packages/airflow/example_dags/example_sensor_decorator.py took 0.065 seconds
[2024-07-25T23:46:32.346+0000] {processor.py:161} INFO - Started process (PID=2262) to work on /home/airflow/.local/lib/python3.12/site-packages/airflow/example_dags/example_sensor_decorator.py
[2024-07-25T23:46:32.351+0000] {processor.py:830} INFO - Processing file /home/airflow/.local/lib/python3.12/site-packages/airflow/example_dags/example_sensor_decorator.py for tasks to queue
[2024-07-25T23:46:32.352+0000] {logging_mixin.py:188} INFO - [2024-07-25T23:46:32.352+0000] {dagbag.py:545} INFO - Filling up the DagBag from /home/airflow/.local/lib/python3.12/site-packages/airflow/example_dags/example_sensor_decorator.py
[2024-07-25T23:46:32.360+0000] {processor.py:840} INFO - DAG(s) 'example_sensor_decorator' retrieved from /home/airflow/.local/lib/python3.12/site-packages/airflow/example_dags/example_sensor_decorator.py
[2024-07-25T23:46:32.438+0000] {logging_mixin.py:188} INFO - [2024-07-25T23:46:32.437+0000] {dag.py:3089} INFO - Sync 1 DAGs
[2024-07-25T23:46:32.467+0000] {logging_mixin.py:188} INFO - [2024-07-25T23:46:32.467+0000] {dag.py:3947} INFO - Setting next_dagrun for example_sensor_decorator to None, run_after=None
[2024-07-25T23:46:32.484+0000] {processor.py:183} INFO - Processing /home/airflow/.local/lib/python3.12/site-packages/airflow/example_dags/example_sensor_decorator.py took 0.142 seconds
[2024-07-25T23:47:02.651+0000] {processor.py:161} INFO - Started process (PID=2321) to work on /home/airflow/.local/lib/python3.12/site-packages/airflow/example_dags/example_sensor_decorator.py
[2024-07-25T23:47:02.653+0000] {processor.py:830} INFO - Processing file /home/airflow/.local/lib/python3.12/site-packages/airflow/example_dags/example_sensor_decorator.py for tasks to queue
[2024-07-25T23:47:02.654+0000] {logging_mixin.py:188} INFO - [2024-07-25T23:47:02.654+0000] {dagbag.py:545} INFO - Filling up the DagBag from /home/airflow/.local/lib/python3.12/site-packages/airflow/example_dags/example_sensor_decorator.py
[2024-07-25T23:47:02.661+0000] {processor.py:840} INFO - DAG(s) 'example_sensor_decorator' retrieved from /home/airflow/.local/lib/python3.12/site-packages/airflow/example_dags/example_sensor_decorator.py
[2024-07-25T23:47:02.678+0000] {logging_mixin.py:188} INFO - [2024-07-25T23:47:02.678+0000] {dag.py:3089} INFO - Sync 1 DAGs
[2024-07-25T23:47:02.689+0000] {logging_mixin.py:188} INFO - [2024-07-25T23:47:02.689+0000] {dag.py:3947} INFO - Setting next_dagrun for example_sensor_decorator to None, run_after=None
[2024-07-25T23:47:02.706+0000] {processor.py:183} INFO - Processing /home/airflow/.local/lib/python3.12/site-packages/airflow/example_dags/example_sensor_decorator.py took 0.061 seconds
[2024-07-25T23:47:33.207+0000] {processor.py:161} INFO - Started process (PID=2382) to work on /home/airflow/.local/lib/python3.12/site-packages/airflow/example_dags/example_sensor_decorator.py
[2024-07-25T23:47:33.208+0000] {processor.py:830} INFO - Processing file /home/airflow/.local/lib/python3.12/site-packages/airflow/example_dags/example_sensor_decorator.py for tasks to queue
[2024-07-25T23:47:33.210+0000] {logging_mixin.py:188} INFO - [2024-07-25T23:47:33.210+0000] {dagbag.py:545} INFO - Filling up the DagBag from /home/airflow/.local/lib/python3.12/site-packages/airflow/example_dags/example_sensor_decorator.py
[2024-07-25T23:47:33.216+0000] {processor.py:840} INFO - DAG(s) 'example_sensor_decorator' retrieved from /home/airflow/.local/lib/python3.12/site-packages/airflow/example_dags/example_sensor_decorator.py
[2024-07-25T23:47:33.240+0000] {logging_mixin.py:188} INFO - [2024-07-25T23:47:33.239+0000] {dag.py:3089} INFO - Sync 1 DAGs
[2024-07-25T23:47:33.263+0000] {logging_mixin.py:188} INFO - [2024-07-25T23:47:33.263+0000] {dag.py:3947} INFO - Setting next_dagrun for example_sensor_decorator to None, run_after=None
[2024-07-25T23:47:33.287+0000] {processor.py:183} INFO - Processing /home/airflow/.local/lib/python3.12/site-packages/airflow/example_dags/example_sensor_decorator.py took 0.086 seconds
[2024-07-25T23:48:03.398+0000] {processor.py:161} INFO - Started process (PID=2440) to work on /home/airflow/.local/lib/python3.12/site-packages/airflow/example_dags/example_sensor_decorator.py
[2024-07-25T23:48:03.399+0000] {processor.py:830} INFO - Processing file /home/airflow/.local/lib/python3.12/site-packages/airflow/example_dags/example_sensor_decorator.py for tasks to queue
[2024-07-25T23:48:03.401+0000] {logging_mixin.py:188} INFO - [2024-07-25T23:48:03.401+0000] {dagbag.py:545} INFO - Filling up the DagBag from /home/airflow/.local/lib/python3.12/site-packages/airflow/example_dags/example_sensor_decorator.py
[2024-07-25T23:48:03.407+0000] {processor.py:840} INFO - DAG(s) 'example_sensor_decorator' retrieved from /home/airflow/.local/lib/python3.12/site-packages/airflow/example_dags/example_sensor_decorator.py
[2024-07-25T23:48:03.426+0000] {logging_mixin.py:188} INFO - [2024-07-25T23:48:03.426+0000] {dag.py:3089} INFO - Sync 1 DAGs
[2024-07-25T23:48:03.437+0000] {logging_mixin.py:188} INFO - [2024-07-25T23:48:03.436+0000] {dag.py:3947} INFO - Setting next_dagrun for example_sensor_decorator to None, run_after=None
[2024-07-25T23:48:03.451+0000] {processor.py:183} INFO - Processing /home/airflow/.local/lib/python3.12/site-packages/airflow/example_dags/example_sensor_decorator.py took 0.061 seconds
[2024-07-25T23:48:33.615+0000] {processor.py:161} INFO - Started process (PID=2500) to work on /home/airflow/.local/lib/python3.12/site-packages/airflow/example_dags/example_sensor_decorator.py
[2024-07-25T23:48:33.616+0000] {processor.py:830} INFO - Processing file /home/airflow/.local/lib/python3.12/site-packages/airflow/example_dags/example_sensor_decorator.py for tasks to queue
[2024-07-25T23:48:33.618+0000] {logging_mixin.py:188} INFO - [2024-07-25T23:48:33.618+0000] {dagbag.py:545} INFO - Filling up the DagBag from /home/airflow/.local/lib/python3.12/site-packages/airflow/example_dags/example_sensor_decorator.py
[2024-07-25T23:48:33.625+0000] {processor.py:840} INFO - DAG(s) 'example_sensor_decorator' retrieved from /home/airflow/.local/lib/python3.12/site-packages/airflow/example_dags/example_sensor_decorator.py
[2024-07-25T23:48:33.644+0000] {logging_mixin.py:188} INFO - [2024-07-25T23:48:33.644+0000] {dag.py:3089} INFO - Sync 1 DAGs
[2024-07-25T23:48:33.656+0000] {logging_mixin.py:188} INFO - [2024-07-25T23:48:33.656+0000] {dag.py:3947} INFO - Setting next_dagrun for example_sensor_decorator to None, run_after=None
[2024-07-25T23:48:33.675+0000] {processor.py:183} INFO - Processing /home/airflow/.local/lib/python3.12/site-packages/airflow/example_dags/example_sensor_decorator.py took 0.066 seconds
[2024-07-25T23:49:03.944+0000] {processor.py:161} INFO - Started process (PID=2560) to work on /home/airflow/.local/lib/python3.12/site-packages/airflow/example_dags/example_sensor_decorator.py
[2024-07-25T23:49:03.947+0000] {processor.py:830} INFO - Processing file /home/airflow/.local/lib/python3.12/site-packages/airflow/example_dags/example_sensor_decorator.py for tasks to queue
[2024-07-25T23:49:03.951+0000] {logging_mixin.py:188} INFO - [2024-07-25T23:49:03.951+0000] {dagbag.py:545} INFO - Filling up the DagBag from /home/airflow/.local/lib/python3.12/site-packages/airflow/example_dags/example_sensor_decorator.py
[2024-07-25T23:49:03.966+0000] {processor.py:840} INFO - DAG(s) 'example_sensor_decorator' retrieved from /home/airflow/.local/lib/python3.12/site-packages/airflow/example_dags/example_sensor_decorator.py
[2024-07-25T23:49:04.008+0000] {logging_mixin.py:188} INFO - [2024-07-25T23:49:04.008+0000] {dag.py:3089} INFO - Sync 1 DAGs
[2024-07-25T23:49:04.034+0000] {logging_mixin.py:188} INFO - [2024-07-25T23:49:04.034+0000] {dag.py:3947} INFO - Setting next_dagrun for example_sensor_decorator to None, run_after=None
[2024-07-25T23:49:04.061+0000] {processor.py:183} INFO - Processing /home/airflow/.local/lib/python3.12/site-packages/airflow/example_dags/example_sensor_decorator.py took 0.144 seconds
[2024-07-25T23:49:34.239+0000] {processor.py:161} INFO - Started process (PID=2620) to work on /home/airflow/.local/lib/python3.12/site-packages/airflow/example_dags/example_sensor_decorator.py
[2024-07-25T23:49:34.240+0000] {processor.py:830} INFO - Processing file /home/airflow/.local/lib/python3.12/site-packages/airflow/example_dags/example_sensor_decorator.py for tasks to queue
[2024-07-25T23:49:34.242+0000] {logging_mixin.py:188} INFO - [2024-07-25T23:49:34.242+0000] {dagbag.py:545} INFO - Filling up the DagBag from /home/airflow/.local/lib/python3.12/site-packages/airflow/example_dags/example_sensor_decorator.py
[2024-07-25T23:49:34.250+0000] {processor.py:840} INFO - DAG(s) 'example_sensor_decorator' retrieved from /home/airflow/.local/lib/python3.12/site-packages/airflow/example_dags/example_sensor_decorator.py
[2024-07-25T23:49:34.269+0000] {logging_mixin.py:188} INFO - [2024-07-25T23:49:34.268+0000] {dag.py:3089} INFO - Sync 1 DAGs
[2024-07-25T23:49:34.277+0000] {logging_mixin.py:188} INFO - [2024-07-25T23:49:34.277+0000] {dag.py:3947} INFO - Setting next_dagrun for example_sensor_decorator to None, run_after=None
[2024-07-25T23:49:34.293+0000] {processor.py:183} INFO - Processing /home/airflow/.local/lib/python3.12/site-packages/airflow/example_dags/example_sensor_decorator.py took 0.062 seconds
[2024-07-25T23:50:04.459+0000] {processor.py:161} INFO - Started process (PID=2679) to work on /home/airflow/.local/lib/python3.12/site-packages/airflow/example_dags/example_sensor_decorator.py
[2024-07-25T23:50:04.460+0000] {processor.py:830} INFO - Processing file /home/airflow/.local/lib/python3.12/site-packages/airflow/example_dags/example_sensor_decorator.py for tasks to queue
[2024-07-25T23:50:04.462+0000] {logging_mixin.py:188} INFO - [2024-07-25T23:50:04.462+0000] {dagbag.py:545} INFO - Filling up the DagBag from /home/airflow/.local/lib/python3.12/site-packages/airflow/example_dags/example_sensor_decorator.py
[2024-07-25T23:50:04.470+0000] {processor.py:840} INFO - DAG(s) 'example_sensor_decorator' retrieved from /home/airflow/.local/lib/python3.12/site-packages/airflow/example_dags/example_sensor_decorator.py
[2024-07-25T23:50:04.487+0000] {logging_mixin.py:188} INFO - [2024-07-25T23:50:04.487+0000] {dag.py:3089} INFO - Sync 1 DAGs
[2024-07-25T23:50:04.498+0000] {logging_mixin.py:188} INFO - [2024-07-25T23:50:04.498+0000] {dag.py:3947} INFO - Setting next_dagrun for example_sensor_decorator to None, run_after=None
[2024-07-25T23:50:04.515+0000] {processor.py:183} INFO - Processing /home/airflow/.local/lib/python3.12/site-packages/airflow/example_dags/example_sensor_decorator.py took 0.062 seconds
[2024-07-25T23:50:34.663+0000] {processor.py:161} INFO - Started process (PID=2739) to work on /home/airflow/.local/lib/python3.12/site-packages/airflow/example_dags/example_sensor_decorator.py
[2024-07-25T23:50:34.664+0000] {processor.py:830} INFO - Processing file /home/airflow/.local/lib/python3.12/site-packages/airflow/example_dags/example_sensor_decorator.py for tasks to queue
[2024-07-25T23:50:34.666+0000] {logging_mixin.py:188} INFO - [2024-07-25T23:50:34.666+0000] {dagbag.py:545} INFO - Filling up the DagBag from /home/airflow/.local/lib/python3.12/site-packages/airflow/example_dags/example_sensor_decorator.py
[2024-07-25T23:50:34.672+0000] {processor.py:840} INFO - DAG(s) 'example_sensor_decorator' retrieved from /home/airflow/.local/lib/python3.12/site-packages/airflow/example_dags/example_sensor_decorator.py
[2024-07-25T23:50:34.699+0000] {logging_mixin.py:188} INFO - [2024-07-25T23:50:34.698+0000] {dag.py:3089} INFO - Sync 1 DAGs
[2024-07-25T23:50:34.713+0000] {logging_mixin.py:188} INFO - [2024-07-25T23:50:34.713+0000] {dag.py:3947} INFO - Setting next_dagrun for example_sensor_decorator to None, run_after=None
[2024-07-25T23:50:34.731+0000] {processor.py:183} INFO - Processing /home/airflow/.local/lib/python3.12/site-packages/airflow/example_dags/example_sensor_decorator.py took 0.074 seconds
[2024-07-25T23:51:05.083+0000] {processor.py:161} INFO - Started process (PID=2799) to work on /home/airflow/.local/lib/python3.12/site-packages/airflow/example_dags/example_sensor_decorator.py
[2024-07-25T23:51:05.085+0000] {processor.py:830} INFO - Processing file /home/airflow/.local/lib/python3.12/site-packages/airflow/example_dags/example_sensor_decorator.py for tasks to queue
[2024-07-25T23:51:05.087+0000] {logging_mixin.py:188} INFO - [2024-07-25T23:51:05.087+0000] {dagbag.py:545} INFO - Filling up the DagBag from /home/airflow/.local/lib/python3.12/site-packages/airflow/example_dags/example_sensor_decorator.py
[2024-07-25T23:51:05.094+0000] {processor.py:840} INFO - DAG(s) 'example_sensor_decorator' retrieved from /home/airflow/.local/lib/python3.12/site-packages/airflow/example_dags/example_sensor_decorator.py
[2024-07-25T23:51:05.110+0000] {logging_mixin.py:188} INFO - [2024-07-25T23:51:05.110+0000] {dag.py:3089} INFO - Sync 1 DAGs
[2024-07-25T23:51:05.121+0000] {logging_mixin.py:188} INFO - [2024-07-25T23:51:05.121+0000] {dag.py:3947} INFO - Setting next_dagrun for example_sensor_decorator to None, run_after=None
[2024-07-25T23:51:05.135+0000] {processor.py:183} INFO - Processing /home/airflow/.local/lib/python3.12/site-packages/airflow/example_dags/example_sensor_decorator.py took 0.056 seconds
[2024-07-25T23:51:35.168+0000] {processor.py:161} INFO - Started process (PID=2857) to work on /home/airflow/.local/lib/python3.12/site-packages/airflow/example_dags/example_sensor_decorator.py
[2024-07-25T23:51:35.169+0000] {processor.py:830} INFO - Processing file /home/airflow/.local/lib/python3.12/site-packages/airflow/example_dags/example_sensor_decorator.py for tasks to queue
[2024-07-25T23:51:35.170+0000] {logging_mixin.py:188} INFO - [2024-07-25T23:51:35.170+0000] {dagbag.py:545} INFO - Filling up the DagBag from /home/airflow/.local/lib/python3.12/site-packages/airflow/example_dags/example_sensor_decorator.py
[2024-07-25T23:51:35.175+0000] {processor.py:840} INFO - DAG(s) 'example_sensor_decorator' retrieved from /home/airflow/.local/lib/python3.12/site-packages/airflow/example_dags/example_sensor_decorator.py
[2024-07-25T23:51:35.188+0000] {logging_mixin.py:188} INFO - [2024-07-25T23:51:35.188+0000] {dag.py:3089} INFO - Sync 1 DAGs
[2024-07-25T23:51:35.196+0000] {logging_mixin.py:188} INFO - [2024-07-25T23:51:35.196+0000] {dag.py:3947} INFO - Setting next_dagrun for example_sensor_decorator to None, run_after=None
[2024-07-25T23:51:35.208+0000] {processor.py:183} INFO - Processing /home/airflow/.local/lib/python3.12/site-packages/airflow/example_dags/example_sensor_decorator.py took 0.044 seconds
[2024-07-25T23:52:05.355+0000] {processor.py:161} INFO - Started process (PID=2917) to work on /home/airflow/.local/lib/python3.12/site-packages/airflow/example_dags/example_sensor_decorator.py
[2024-07-25T23:52:05.361+0000] {processor.py:830} INFO - Processing file /home/airflow/.local/lib/python3.12/site-packages/airflow/example_dags/example_sensor_decorator.py for tasks to queue
[2024-07-25T23:52:05.363+0000] {logging_mixin.py:188} INFO - [2024-07-25T23:52:05.363+0000] {dagbag.py:545} INFO - Filling up the DagBag from /home/airflow/.local/lib/python3.12/site-packages/airflow/example_dags/example_sensor_decorator.py
[2024-07-25T23:52:05.371+0000] {processor.py:840} INFO - DAG(s) 'example_sensor_decorator' retrieved from /home/airflow/.local/lib/python3.12/site-packages/airflow/example_dags/example_sensor_decorator.py
[2024-07-25T23:52:05.401+0000] {logging_mixin.py:188} INFO - [2024-07-25T23:52:05.401+0000] {dag.py:3089} INFO - Sync 1 DAGs
[2024-07-25T23:52:05.417+0000] {logging_mixin.py:188} INFO - [2024-07-25T23:52:05.417+0000] {dag.py:3947} INFO - Setting next_dagrun for example_sensor_decorator to None, run_after=None
[2024-07-25T23:52:05.442+0000] {processor.py:183} INFO - Processing /home/airflow/.local/lib/python3.12/site-packages/airflow/example_dags/example_sensor_decorator.py took 0.094 seconds
[2024-07-25T23:52:36.005+0000] {processor.py:161} INFO - Started process (PID=2977) to work on /home/airflow/.local/lib/python3.12/site-packages/airflow/example_dags/example_sensor_decorator.py
[2024-07-25T23:52:36.008+0000] {processor.py:830} INFO - Processing file /home/airflow/.local/lib/python3.12/site-packages/airflow/example_dags/example_sensor_decorator.py for tasks to queue
[2024-07-25T23:52:36.014+0000] {logging_mixin.py:188} INFO - [2024-07-25T23:52:36.013+0000] {dagbag.py:545} INFO - Filling up the DagBag from /home/airflow/.local/lib/python3.12/site-packages/airflow/example_dags/example_sensor_decorator.py
[2024-07-25T23:52:36.030+0000] {processor.py:840} INFO - DAG(s) 'example_sensor_decorator' retrieved from /home/airflow/.local/lib/python3.12/site-packages/airflow/example_dags/example_sensor_decorator.py
[2024-07-25T23:52:36.054+0000] {logging_mixin.py:188} INFO - [2024-07-25T23:52:36.054+0000] {dag.py:3089} INFO - Sync 1 DAGs
[2024-07-25T23:52:36.068+0000] {logging_mixin.py:188} INFO - [2024-07-25T23:52:36.068+0000] {dag.py:3947} INFO - Setting next_dagrun for example_sensor_decorator to None, run_after=None
[2024-07-25T23:52:36.089+0000] {processor.py:183} INFO - Processing /home/airflow/.local/lib/python3.12/site-packages/airflow/example_dags/example_sensor_decorator.py took 0.102 seconds
[2024-07-25T23:53:06.984+0000] {processor.py:161} INFO - Started process (PID=3037) to work on /home/airflow/.local/lib/python3.12/site-packages/airflow/example_dags/example_sensor_decorator.py
[2024-07-25T23:53:06.987+0000] {processor.py:830} INFO - Processing file /home/airflow/.local/lib/python3.12/site-packages/airflow/example_dags/example_sensor_decorator.py for tasks to queue
[2024-07-25T23:53:06.991+0000] {logging_mixin.py:188} INFO - [2024-07-25T23:53:06.990+0000] {dagbag.py:545} INFO - Filling up the DagBag from /home/airflow/.local/lib/python3.12/site-packages/airflow/example_dags/example_sensor_decorator.py
[2024-07-25T23:53:07.002+0000] {processor.py:840} INFO - DAG(s) 'example_sensor_decorator' retrieved from /home/airflow/.local/lib/python3.12/site-packages/airflow/example_dags/example_sensor_decorator.py
[2024-07-25T23:53:07.027+0000] {logging_mixin.py:188} INFO - [2024-07-25T23:53:07.027+0000] {dag.py:3089} INFO - Sync 1 DAGs
[2024-07-25T23:53:07.042+0000] {logging_mixin.py:188} INFO - [2024-07-25T23:53:07.042+0000] {dag.py:3947} INFO - Setting next_dagrun for example_sensor_decorator to None, run_after=None
[2024-07-25T23:53:07.063+0000] {processor.py:183} INFO - Processing /home/airflow/.local/lib/python3.12/site-packages/airflow/example_dags/example_sensor_decorator.py took 0.091 seconds
[2024-07-25T23:53:37.661+0000] {processor.py:161} INFO - Started process (PID=3097) to work on /home/airflow/.local/lib/python3.12/site-packages/airflow/example_dags/example_sensor_decorator.py
[2024-07-25T23:53:37.664+0000] {processor.py:830} INFO - Processing file /home/airflow/.local/lib/python3.12/site-packages/airflow/example_dags/example_sensor_decorator.py for tasks to queue
[2024-07-25T23:53:37.666+0000] {logging_mixin.py:188} INFO - [2024-07-25T23:53:37.666+0000] {dagbag.py:545} INFO - Filling up the DagBag from /home/airflow/.local/lib/python3.12/site-packages/airflow/example_dags/example_sensor_decorator.py
[2024-07-25T23:53:37.673+0000] {processor.py:840} INFO - DAG(s) 'example_sensor_decorator' retrieved from /home/airflow/.local/lib/python3.12/site-packages/airflow/example_dags/example_sensor_decorator.py
[2024-07-25T23:53:37.698+0000] {logging_mixin.py:188} INFO - [2024-07-25T23:53:37.698+0000] {dag.py:3089} INFO - Sync 1 DAGs
[2024-07-25T23:53:37.709+0000] {logging_mixin.py:188} INFO - [2024-07-25T23:53:37.709+0000] {dag.py:3947} INFO - Setting next_dagrun for example_sensor_decorator to None, run_after=None
[2024-07-25T23:53:37.726+0000] {processor.py:183} INFO - Processing /home/airflow/.local/lib/python3.12/site-packages/airflow/example_dags/example_sensor_decorator.py took 0.074 seconds
[2024-07-25T23:54:07.801+0000] {processor.py:161} INFO - Started process (PID=3157) to work on /home/airflow/.local/lib/python3.12/site-packages/airflow/example_dags/example_sensor_decorator.py
[2024-07-25T23:54:07.804+0000] {processor.py:830} INFO - Processing file /home/airflow/.local/lib/python3.12/site-packages/airflow/example_dags/example_sensor_decorator.py for tasks to queue
[2024-07-25T23:54:07.807+0000] {logging_mixin.py:188} INFO - [2024-07-25T23:54:07.807+0000] {dagbag.py:545} INFO - Filling up the DagBag from /home/airflow/.local/lib/python3.12/site-packages/airflow/example_dags/example_sensor_decorator.py
[2024-07-25T23:54:07.817+0000] {processor.py:840} INFO - DAG(s) 'example_sensor_decorator' retrieved from /home/airflow/.local/lib/python3.12/site-packages/airflow/example_dags/example_sensor_decorator.py
[2024-07-25T23:54:07.839+0000] {logging_mixin.py:188} INFO - [2024-07-25T23:54:07.839+0000] {dag.py:3089} INFO - Sync 1 DAGs
[2024-07-25T23:54:07.852+0000] {logging_mixin.py:188} INFO - [2024-07-25T23:54:07.852+0000] {dag.py:3947} INFO - Setting next_dagrun for example_sensor_decorator to None, run_after=None
[2024-07-25T23:54:07.870+0000] {processor.py:183} INFO - Processing /home/airflow/.local/lib/python3.12/site-packages/airflow/example_dags/example_sensor_decorator.py took 0.076 seconds
[2024-07-25T23:54:37.987+0000] {processor.py:161} INFO - Started process (PID=3217) to work on /home/airflow/.local/lib/python3.12/site-packages/airflow/example_dags/example_sensor_decorator.py
[2024-07-25T23:54:37.988+0000] {processor.py:830} INFO - Processing file /home/airflow/.local/lib/python3.12/site-packages/airflow/example_dags/example_sensor_decorator.py for tasks to queue
[2024-07-25T23:54:37.991+0000] {logging_mixin.py:188} INFO - [2024-07-25T23:54:37.991+0000] {dagbag.py:545} INFO - Filling up the DagBag from /home/airflow/.local/lib/python3.12/site-packages/airflow/example_dags/example_sensor_decorator.py
[2024-07-25T23:54:38.001+0000] {processor.py:840} INFO - DAG(s) 'example_sensor_decorator' retrieved from /home/airflow/.local/lib/python3.12/site-packages/airflow/example_dags/example_sensor_decorator.py
[2024-07-25T23:54:38.029+0000] {logging_mixin.py:188} INFO - [2024-07-25T23:54:38.029+0000] {dag.py:3089} INFO - Sync 1 DAGs
[2024-07-25T23:54:38.045+0000] {logging_mixin.py:188} INFO - [2024-07-25T23:54:38.045+0000] {dag.py:3947} INFO - Setting next_dagrun for example_sensor_decorator to None, run_after=None
[2024-07-25T23:54:38.110+0000] {processor.py:183} INFO - Processing /home/airflow/.local/lib/python3.12/site-packages/airflow/example_dags/example_sensor_decorator.py took 0.130 seconds
