[2024-07-25T23:17:24.570+0000] {processor.py:161} INFO - Started process (PID=96) to work on /home/airflow/.local/lib/python3.12/site-packages/airflow/example_dags/example_sla_dag.py
[2024-07-25T23:17:24.571+0000] {processor.py:830} INFO - Processing file /home/airflow/.local/lib/python3.12/site-packages/airflow/example_dags/example_sla_dag.py for tasks to queue
[2024-07-25T23:17:24.573+0000] {logging_mixin.py:188} INFO - [2024-07-25T23:17:24.573+0000] {dagbag.py:545} INFO - Filling up the DagBag from /home/airflow/.local/lib/python3.12/site-packages/airflow/example_dags/example_sla_dag.py
[2024-07-25T23:17:24.581+0000] {processor.py:840} INFO - DAG(s) 'example_sla_dag' retrieved from /home/airflow/.local/lib/python3.12/site-packages/airflow/example_dags/example_sla_dag.py
[2024-07-25T23:17:24.591+0000] {logging_mixin.py:188} INFO - [2024-07-25T23:17:24.591+0000] {dag.py:3089} INFO - Sync 1 DAGs
[2024-07-25T23:17:24.615+0000] {logging_mixin.py:188} INFO - [2024-07-25T23:17:24.614+0000] {dag.py:3947} INFO - Setting next_dagrun for example_sla_dag to 2024-07-25 23:14:00+00:00, run_after=2024-07-25 23:16:00+00:00
[2024-07-25T23:17:24.635+0000] {processor.py:183} INFO - Processing /home/airflow/.local/lib/python3.12/site-packages/airflow/example_dags/example_sla_dag.py took 0.070 seconds
[2024-07-25T23:17:55.048+0000] {processor.py:161} INFO - Started process (PID=156) to work on /home/airflow/.local/lib/python3.12/site-packages/airflow/example_dags/example_sla_dag.py
[2024-07-25T23:17:55.051+0000] {processor.py:830} INFO - Processing file /home/airflow/.local/lib/python3.12/site-packages/airflow/example_dags/example_sla_dag.py for tasks to queue
[2024-07-25T23:17:55.053+0000] {logging_mixin.py:188} INFO - [2024-07-25T23:17:55.053+0000] {dagbag.py:545} INFO - Filling up the DagBag from /home/airflow/.local/lib/python3.12/site-packages/airflow/example_dags/example_sla_dag.py
[2024-07-25T23:17:55.064+0000] {processor.py:840} INFO - DAG(s) 'example_sla_dag' retrieved from /home/airflow/.local/lib/python3.12/site-packages/airflow/example_dags/example_sla_dag.py
[2024-07-25T23:17:55.152+0000] {logging_mixin.py:188} INFO - [2024-07-25T23:17:55.152+0000] {dag.py:3089} INFO - Sync 1 DAGs
[2024-07-25T23:17:55.166+0000] {logging_mixin.py:188} INFO - [2024-07-25T23:17:55.166+0000] {dag.py:3947} INFO - Setting next_dagrun for example_sla_dag to 2024-07-25 23:14:00+00:00, run_after=2024-07-25 23:16:00+00:00
[2024-07-25T23:17:55.177+0000] {processor.py:183} INFO - Processing /home/airflow/.local/lib/python3.12/site-packages/airflow/example_dags/example_sla_dag.py took 0.133 seconds
[2024-07-25T23:18:25.715+0000] {processor.py:161} INFO - Started process (PID=216) to work on /home/airflow/.local/lib/python3.12/site-packages/airflow/example_dags/example_sla_dag.py
[2024-07-25T23:18:25.720+0000] {processor.py:830} INFO - Processing file /home/airflow/.local/lib/python3.12/site-packages/airflow/example_dags/example_sla_dag.py for tasks to queue
[2024-07-25T23:18:25.721+0000] {logging_mixin.py:188} INFO - [2024-07-25T23:18:25.721+0000] {dagbag.py:545} INFO - Filling up the DagBag from /home/airflow/.local/lib/python3.12/site-packages/airflow/example_dags/example_sla_dag.py
[2024-07-25T23:18:25.726+0000] {processor.py:840} INFO - DAG(s) 'example_sla_dag' retrieved from /home/airflow/.local/lib/python3.12/site-packages/airflow/example_dags/example_sla_dag.py
[2024-07-25T23:18:25.743+0000] {logging_mixin.py:188} INFO - [2024-07-25T23:18:25.743+0000] {dag.py:3089} INFO - Sync 1 DAGs
[2024-07-25T23:18:25.760+0000] {logging_mixin.py:188} INFO - [2024-07-25T23:18:25.760+0000] {dag.py:3947} INFO - Setting next_dagrun for example_sla_dag to 2024-07-25 23:16:00+00:00, run_after=2024-07-25 23:18:00+00:00
[2024-07-25T23:18:25.775+0000] {processor.py:183} INFO - Processing /home/airflow/.local/lib/python3.12/site-packages/airflow/example_dags/example_sla_dag.py took 0.064 seconds
[2024-07-25T23:18:56.527+0000] {processor.py:161} INFO - Started process (PID=276) to work on /home/airflow/.local/lib/python3.12/site-packages/airflow/example_dags/example_sla_dag.py
[2024-07-25T23:18:56.529+0000] {processor.py:830} INFO - Processing file /home/airflow/.local/lib/python3.12/site-packages/airflow/example_dags/example_sla_dag.py for tasks to queue
[2024-07-25T23:18:56.532+0000] {logging_mixin.py:188} INFO - [2024-07-25T23:18:56.531+0000] {dagbag.py:545} INFO - Filling up the DagBag from /home/airflow/.local/lib/python3.12/site-packages/airflow/example_dags/example_sla_dag.py
[2024-07-25T23:18:56.541+0000] {processor.py:840} INFO - DAG(s) 'example_sla_dag' retrieved from /home/airflow/.local/lib/python3.12/site-packages/airflow/example_dags/example_sla_dag.py
[2024-07-25T23:18:56.557+0000] {logging_mixin.py:188} INFO - [2024-07-25T23:18:56.557+0000] {dag.py:3089} INFO - Sync 1 DAGs
[2024-07-25T23:18:56.574+0000] {logging_mixin.py:188} INFO - [2024-07-25T23:18:56.574+0000] {dag.py:3947} INFO - Setting next_dagrun for example_sla_dag to 2024-07-25 23:16:00+00:00, run_after=2024-07-25 23:18:00+00:00
[2024-07-25T23:18:56.589+0000] {processor.py:183} INFO - Processing /home/airflow/.local/lib/python3.12/site-packages/airflow/example_dags/example_sla_dag.py took 0.066 seconds
[2024-07-25T23:19:27.520+0000] {processor.py:161} INFO - Started process (PID=336) to work on /home/airflow/.local/lib/python3.12/site-packages/airflow/example_dags/example_sla_dag.py
[2024-07-25T23:19:27.521+0000] {processor.py:830} INFO - Processing file /home/airflow/.local/lib/python3.12/site-packages/airflow/example_dags/example_sla_dag.py for tasks to queue
[2024-07-25T23:19:27.524+0000] {logging_mixin.py:188} INFO - [2024-07-25T23:19:27.523+0000] {dagbag.py:545} INFO - Filling up the DagBag from /home/airflow/.local/lib/python3.12/site-packages/airflow/example_dags/example_sla_dag.py
[2024-07-25T23:19:27.529+0000] {processor.py:840} INFO - DAG(s) 'example_sla_dag' retrieved from /home/airflow/.local/lib/python3.12/site-packages/airflow/example_dags/example_sla_dag.py
[2024-07-25T23:19:27.544+0000] {logging_mixin.py:188} INFO - [2024-07-25T23:19:27.543+0000] {dag.py:3089} INFO - Sync 1 DAGs
[2024-07-25T23:19:27.562+0000] {logging_mixin.py:188} INFO - [2024-07-25T23:19:27.562+0000] {dag.py:3947} INFO - Setting next_dagrun for example_sla_dag to 2024-07-25 23:16:00+00:00, run_after=2024-07-25 23:18:00+00:00
[2024-07-25T23:19:27.577+0000] {processor.py:183} INFO - Processing /home/airflow/.local/lib/python3.12/site-packages/airflow/example_dags/example_sla_dag.py took 0.062 seconds
[2024-07-25T23:19:58.788+0000] {processor.py:161} INFO - Started process (PID=396) to work on /home/airflow/.local/lib/python3.12/site-packages/airflow/example_dags/example_sla_dag.py
[2024-07-25T23:19:58.789+0000] {processor.py:830} INFO - Processing file /home/airflow/.local/lib/python3.12/site-packages/airflow/example_dags/example_sla_dag.py for tasks to queue
[2024-07-25T23:19:58.794+0000] {logging_mixin.py:188} INFO - [2024-07-25T23:19:58.793+0000] {dagbag.py:545} INFO - Filling up the DagBag from /home/airflow/.local/lib/python3.12/site-packages/airflow/example_dags/example_sla_dag.py
[2024-07-25T23:19:58.804+0000] {processor.py:840} INFO - DAG(s) 'example_sla_dag' retrieved from /home/airflow/.local/lib/python3.12/site-packages/airflow/example_dags/example_sla_dag.py
[2024-07-25T23:19:58.822+0000] {logging_mixin.py:188} INFO - [2024-07-25T23:19:58.822+0000] {dag.py:3089} INFO - Sync 1 DAGs
[2024-07-25T23:19:58.849+0000] {logging_mixin.py:188} INFO - [2024-07-25T23:19:58.849+0000] {dag.py:3947} INFO - Setting next_dagrun for example_sla_dag to 2024-07-25 23:16:00+00:00, run_after=2024-07-25 23:18:00+00:00
[2024-07-25T23:19:58.955+0000] {processor.py:183} INFO - Processing /home/airflow/.local/lib/python3.12/site-packages/airflow/example_dags/example_sla_dag.py took 0.172 seconds
[2024-07-25T23:20:29.494+0000] {processor.py:161} INFO - Started process (PID=456) to work on /home/airflow/.local/lib/python3.12/site-packages/airflow/example_dags/example_sla_dag.py
[2024-07-25T23:20:29.495+0000] {processor.py:830} INFO - Processing file /home/airflow/.local/lib/python3.12/site-packages/airflow/example_dags/example_sla_dag.py for tasks to queue
[2024-07-25T23:20:29.497+0000] {logging_mixin.py:188} INFO - [2024-07-25T23:20:29.496+0000] {dagbag.py:545} INFO - Filling up the DagBag from /home/airflow/.local/lib/python3.12/site-packages/airflow/example_dags/example_sla_dag.py
[2024-07-25T23:20:29.502+0000] {processor.py:840} INFO - DAG(s) 'example_sla_dag' retrieved from /home/airflow/.local/lib/python3.12/site-packages/airflow/example_dags/example_sla_dag.py
[2024-07-25T23:20:29.520+0000] {logging_mixin.py:188} INFO - [2024-07-25T23:20:29.520+0000] {dag.py:3089} INFO - Sync 1 DAGs
[2024-07-25T23:20:29.538+0000] {logging_mixin.py:188} INFO - [2024-07-25T23:20:29.538+0000] {dag.py:3947} INFO - Setting next_dagrun for example_sla_dag to 2024-07-25 23:18:00+00:00, run_after=2024-07-25 23:20:00+00:00
[2024-07-25T23:20:29.556+0000] {processor.py:183} INFO - Processing /home/airflow/.local/lib/python3.12/site-packages/airflow/example_dags/example_sla_dag.py took 0.066 seconds
[2024-07-25T23:21:00.937+0000] {processor.py:161} INFO - Started process (PID=516) to work on /home/airflow/.local/lib/python3.12/site-packages/airflow/example_dags/example_sla_dag.py
[2024-07-25T23:21:00.939+0000] {processor.py:830} INFO - Processing file /home/airflow/.local/lib/python3.12/site-packages/airflow/example_dags/example_sla_dag.py for tasks to queue
[2024-07-25T23:21:00.941+0000] {logging_mixin.py:188} INFO - [2024-07-25T23:21:00.941+0000] {dagbag.py:545} INFO - Filling up the DagBag from /home/airflow/.local/lib/python3.12/site-packages/airflow/example_dags/example_sla_dag.py
[2024-07-25T23:21:00.953+0000] {processor.py:840} INFO - DAG(s) 'example_sla_dag' retrieved from /home/airflow/.local/lib/python3.12/site-packages/airflow/example_dags/example_sla_dag.py
[2024-07-25T23:21:00.976+0000] {logging_mixin.py:188} INFO - [2024-07-25T23:21:00.975+0000] {dag.py:3089} INFO - Sync 1 DAGs
[2024-07-25T23:21:01.010+0000] {logging_mixin.py:188} INFO - [2024-07-25T23:21:01.010+0000] {dag.py:3947} INFO - Setting next_dagrun for example_sla_dag to 2024-07-25 23:18:00+00:00, run_after=2024-07-25 23:20:00+00:00
[2024-07-25T23:21:01.030+0000] {processor.py:183} INFO - Processing /home/airflow/.local/lib/python3.12/site-packages/airflow/example_dags/example_sla_dag.py took 0.099 seconds
[2024-07-25T23:21:31.824+0000] {processor.py:161} INFO - Started process (PID=576) to work on /home/airflow/.local/lib/python3.12/site-packages/airflow/example_dags/example_sla_dag.py
[2024-07-25T23:21:31.825+0000] {processor.py:830} INFO - Processing file /home/airflow/.local/lib/python3.12/site-packages/airflow/example_dags/example_sla_dag.py for tasks to queue
[2024-07-25T23:21:31.829+0000] {logging_mixin.py:188} INFO - [2024-07-25T23:21:31.829+0000] {dagbag.py:545} INFO - Filling up the DagBag from /home/airflow/.local/lib/python3.12/site-packages/airflow/example_dags/example_sla_dag.py
[2024-07-25T23:21:31.841+0000] {processor.py:840} INFO - DAG(s) 'example_sla_dag' retrieved from /home/airflow/.local/lib/python3.12/site-packages/airflow/example_dags/example_sla_dag.py
[2024-07-25T23:21:31.863+0000] {logging_mixin.py:188} INFO - [2024-07-25T23:21:31.863+0000] {dag.py:3089} INFO - Sync 1 DAGs
[2024-07-25T23:21:31.888+0000] {logging_mixin.py:188} INFO - [2024-07-25T23:21:31.888+0000] {dag.py:3947} INFO - Setting next_dagrun for example_sla_dag to 2024-07-25 23:18:00+00:00, run_after=2024-07-25 23:20:00+00:00
[2024-07-25T23:21:31.926+0000] {processor.py:183} INFO - Processing /home/airflow/.local/lib/python3.12/site-packages/airflow/example_dags/example_sla_dag.py took 0.107 seconds
[2024-07-25T23:22:02.371+0000] {processor.py:161} INFO - Started process (PID=635) to work on /home/airflow/.local/lib/python3.12/site-packages/airflow/example_dags/example_sla_dag.py
[2024-07-25T23:22:02.372+0000] {processor.py:830} INFO - Processing file /home/airflow/.local/lib/python3.12/site-packages/airflow/example_dags/example_sla_dag.py for tasks to queue
[2024-07-25T23:22:02.373+0000] {logging_mixin.py:188} INFO - [2024-07-25T23:22:02.373+0000] {dagbag.py:545} INFO - Filling up the DagBag from /home/airflow/.local/lib/python3.12/site-packages/airflow/example_dags/example_sla_dag.py
[2024-07-25T23:22:02.379+0000] {processor.py:840} INFO - DAG(s) 'example_sla_dag' retrieved from /home/airflow/.local/lib/python3.12/site-packages/airflow/example_dags/example_sla_dag.py
[2024-07-25T23:22:02.394+0000] {logging_mixin.py:188} INFO - [2024-07-25T23:22:02.394+0000] {dag.py:3089} INFO - Sync 1 DAGs
[2024-07-25T23:22:02.419+0000] {logging_mixin.py:188} INFO - [2024-07-25T23:22:02.419+0000] {dag.py:3947} INFO - Setting next_dagrun for example_sla_dag to 2024-07-25 23:20:00+00:00, run_after=2024-07-25 23:22:00+00:00
[2024-07-25T23:22:02.436+0000] {processor.py:183} INFO - Processing /home/airflow/.local/lib/python3.12/site-packages/airflow/example_dags/example_sla_dag.py took 0.070 seconds
[2024-07-25T23:22:33.210+0000] {processor.py:161} INFO - Started process (PID=694) to work on /home/airflow/.local/lib/python3.12/site-packages/airflow/example_dags/example_sla_dag.py
[2024-07-25T23:22:33.211+0000] {processor.py:830} INFO - Processing file /home/airflow/.local/lib/python3.12/site-packages/airflow/example_dags/example_sla_dag.py for tasks to queue
[2024-07-25T23:22:33.212+0000] {logging_mixin.py:188} INFO - [2024-07-25T23:22:33.212+0000] {dagbag.py:545} INFO - Filling up the DagBag from /home/airflow/.local/lib/python3.12/site-packages/airflow/example_dags/example_sla_dag.py
[2024-07-25T23:22:33.218+0000] {processor.py:840} INFO - DAG(s) 'example_sla_dag' retrieved from /home/airflow/.local/lib/python3.12/site-packages/airflow/example_dags/example_sla_dag.py
[2024-07-25T23:22:33.234+0000] {logging_mixin.py:188} INFO - [2024-07-25T23:22:33.234+0000] {dag.py:3089} INFO - Sync 1 DAGs
[2024-07-25T23:22:33.254+0000] {logging_mixin.py:188} INFO - [2024-07-25T23:22:33.254+0000] {dag.py:3947} INFO - Setting next_dagrun for example_sla_dag to 2024-07-25 23:20:00+00:00, run_after=2024-07-25 23:22:00+00:00
[2024-07-25T23:22:33.266+0000] {processor.py:183} INFO - Processing /home/airflow/.local/lib/python3.12/site-packages/airflow/example_dags/example_sla_dag.py took 0.060 seconds
[2024-07-25T23:23:03.720+0000] {processor.py:161} INFO - Started process (PID=754) to work on /home/airflow/.local/lib/python3.12/site-packages/airflow/example_dags/example_sla_dag.py
[2024-07-25T23:23:03.721+0000] {processor.py:830} INFO - Processing file /home/airflow/.local/lib/python3.12/site-packages/airflow/example_dags/example_sla_dag.py for tasks to queue
[2024-07-25T23:23:03.724+0000] {logging_mixin.py:188} INFO - [2024-07-25T23:23:03.724+0000] {dagbag.py:545} INFO - Filling up the DagBag from /home/airflow/.local/lib/python3.12/site-packages/airflow/example_dags/example_sla_dag.py
[2024-07-25T23:23:03.733+0000] {processor.py:840} INFO - DAG(s) 'example_sla_dag' retrieved from /home/airflow/.local/lib/python3.12/site-packages/airflow/example_dags/example_sla_dag.py
[2024-07-25T23:23:03.747+0000] {logging_mixin.py:188} INFO - [2024-07-25T23:23:03.747+0000] {dag.py:3089} INFO - Sync 1 DAGs
[2024-07-25T23:23:03.768+0000] {logging_mixin.py:188} INFO - [2024-07-25T23:23:03.768+0000] {dag.py:3947} INFO - Setting next_dagrun for example_sla_dag to 2024-07-25 23:20:00+00:00, run_after=2024-07-25 23:22:00+00:00
[2024-07-25T23:23:03.780+0000] {processor.py:183} INFO - Processing /home/airflow/.local/lib/python3.12/site-packages/airflow/example_dags/example_sla_dag.py took 0.064 seconds
[2024-07-25T23:23:34.439+0000] {processor.py:161} INFO - Started process (PID=814) to work on /home/airflow/.local/lib/python3.12/site-packages/airflow/example_dags/example_sla_dag.py
[2024-07-25T23:23:34.442+0000] {processor.py:830} INFO - Processing file /home/airflow/.local/lib/python3.12/site-packages/airflow/example_dags/example_sla_dag.py for tasks to queue
[2024-07-25T23:23:34.444+0000] {logging_mixin.py:188} INFO - [2024-07-25T23:23:34.443+0000] {dagbag.py:545} INFO - Filling up the DagBag from /home/airflow/.local/lib/python3.12/site-packages/airflow/example_dags/example_sla_dag.py
[2024-07-25T23:23:34.449+0000] {processor.py:840} INFO - DAG(s) 'example_sla_dag' retrieved from /home/airflow/.local/lib/python3.12/site-packages/airflow/example_dags/example_sla_dag.py
[2024-07-25T23:23:34.467+0000] {logging_mixin.py:188} INFO - [2024-07-25T23:23:34.467+0000] {dag.py:3089} INFO - Sync 1 DAGs
[2024-07-25T23:23:34.484+0000] {logging_mixin.py:188} INFO - [2024-07-25T23:23:34.484+0000] {dag.py:3947} INFO - Setting next_dagrun for example_sla_dag to 2024-07-25 23:20:00+00:00, run_after=2024-07-25 23:22:00+00:00
[2024-07-25T23:23:34.497+0000] {processor.py:183} INFO - Processing /home/airflow/.local/lib/python3.12/site-packages/airflow/example_dags/example_sla_dag.py took 0.061 seconds
[2024-07-25T23:24:09.468+0000] {processor.py:161} INFO - Started process (PID=874) to work on /home/airflow/.local/lib/python3.12/site-packages/airflow/example_dags/example_sla_dag.py
[2024-07-25T23:24:09.474+0000] {processor.py:830} INFO - Processing file /home/airflow/.local/lib/python3.12/site-packages/airflow/example_dags/example_sla_dag.py for tasks to queue
[2024-07-25T23:24:09.480+0000] {logging_mixin.py:188} INFO - [2024-07-25T23:24:09.479+0000] {dagbag.py:545} INFO - Filling up the DagBag from /home/airflow/.local/lib/python3.12/site-packages/airflow/example_dags/example_sla_dag.py
[2024-07-25T23:24:09.544+0000] {processor.py:840} INFO - DAG(s) 'example_sla_dag' retrieved from /home/airflow/.local/lib/python3.12/site-packages/airflow/example_dags/example_sla_dag.py
[2024-07-25T23:24:09.942+0000] {logging_mixin.py:188} INFO - [2024-07-25T23:24:09.928+0000] {dag.py:3089} INFO - Sync 1 DAGs
[2024-07-25T23:24:10.357+0000] {logging_mixin.py:188} INFO - [2024-07-25T23:24:10.354+0000] {dag.py:3947} INFO - Setting next_dagrun for example_sla_dag to 2024-07-25 23:22:00+00:00, run_after=2024-07-25 23:24:00+00:00
[2024-07-25T23:24:10.457+0000] {processor.py:183} INFO - Processing /home/airflow/.local/lib/python3.12/site-packages/airflow/example_dags/example_sla_dag.py took 1.004 seconds
[2024-07-25T23:24:42.686+0000] {processor.py:161} INFO - Started process (PID=940) to work on /home/airflow/.local/lib/python3.12/site-packages/airflow/example_dags/example_sla_dag.py
[2024-07-25T23:24:42.689+0000] {processor.py:830} INFO - Processing file /home/airflow/.local/lib/python3.12/site-packages/airflow/example_dags/example_sla_dag.py for tasks to queue
[2024-07-25T23:24:42.692+0000] {logging_mixin.py:188} INFO - [2024-07-25T23:24:42.691+0000] {dagbag.py:545} INFO - Filling up the DagBag from /home/airflow/.local/lib/python3.12/site-packages/airflow/example_dags/example_sla_dag.py
[2024-07-25T23:24:42.708+0000] {processor.py:840} INFO - DAG(s) 'example_sla_dag' retrieved from /home/airflow/.local/lib/python3.12/site-packages/airflow/example_dags/example_sla_dag.py
[2024-07-25T23:24:42.743+0000] {logging_mixin.py:188} INFO - [2024-07-25T23:24:42.742+0000] {dag.py:3089} INFO - Sync 1 DAGs
[2024-07-25T23:24:42.769+0000] {logging_mixin.py:188} INFO - [2024-07-25T23:24:42.769+0000] {dag.py:3947} INFO - Setting next_dagrun for example_sla_dag to 2024-07-25 23:22:00+00:00, run_after=2024-07-25 23:24:00+00:00
[2024-07-25T23:24:42.794+0000] {processor.py:183} INFO - Processing /home/airflow/.local/lib/python3.12/site-packages/airflow/example_dags/example_sla_dag.py took 0.115 seconds
[2024-07-25T23:25:13.232+0000] {processor.py:161} INFO - Started process (PID=1000) to work on /home/airflow/.local/lib/python3.12/site-packages/airflow/example_dags/example_sla_dag.py
[2024-07-25T23:25:13.238+0000] {processor.py:830} INFO - Processing file /home/airflow/.local/lib/python3.12/site-packages/airflow/example_dags/example_sla_dag.py for tasks to queue
[2024-07-25T23:25:13.242+0000] {logging_mixin.py:188} INFO - [2024-07-25T23:25:13.242+0000] {dagbag.py:545} INFO - Filling up the DagBag from /home/airflow/.local/lib/python3.12/site-packages/airflow/example_dags/example_sla_dag.py
[2024-07-25T23:25:13.252+0000] {processor.py:840} INFO - DAG(s) 'example_sla_dag' retrieved from /home/airflow/.local/lib/python3.12/site-packages/airflow/example_dags/example_sla_dag.py
[2024-07-25T23:25:13.276+0000] {logging_mixin.py:188} INFO - [2024-07-25T23:25:13.276+0000] {dag.py:3089} INFO - Sync 1 DAGs
[2024-07-25T23:25:13.297+0000] {logging_mixin.py:188} INFO - [2024-07-25T23:25:13.297+0000] {dag.py:3947} INFO - Setting next_dagrun for example_sla_dag to 2024-07-25 23:22:00+00:00, run_after=2024-07-25 23:24:00+00:00
[2024-07-25T23:25:13.316+0000] {processor.py:183} INFO - Processing /home/airflow/.local/lib/python3.12/site-packages/airflow/example_dags/example_sla_dag.py took 0.090 seconds
[2024-07-25T23:28:03.465+0000] {processor.py:161} INFO - Started process (PID=106) to work on /home/airflow/.local/lib/python3.12/site-packages/airflow/example_dags/example_sla_dag.py
[2024-07-25T23:28:03.466+0000] {processor.py:830} INFO - Processing file /home/airflow/.local/lib/python3.12/site-packages/airflow/example_dags/example_sla_dag.py for tasks to queue
[2024-07-25T23:28:03.468+0000] {logging_mixin.py:188} INFO - [2024-07-25T23:28:03.468+0000] {dagbag.py:545} INFO - Filling up the DagBag from /home/airflow/.local/lib/python3.12/site-packages/airflow/example_dags/example_sla_dag.py
[2024-07-25T23:28:03.479+0000] {processor.py:840} INFO - DAG(s) 'example_sla_dag' retrieved from /home/airflow/.local/lib/python3.12/site-packages/airflow/example_dags/example_sla_dag.py
[2024-07-25T23:28:03.700+0000] {logging_mixin.py:188} INFO - [2024-07-25T23:28:03.700+0000] {dag.py:3089} INFO - Sync 1 DAGs
[2024-07-25T23:28:03.752+0000] {logging_mixin.py:188} INFO - [2024-07-25T23:28:03.751+0000] {dag.py:3947} INFO - Setting next_dagrun for example_sla_dag to 2024-07-25 23:26:00+00:00, run_after=2024-07-25 23:28:00+00:00
[2024-07-25T23:28:03.784+0000] {processor.py:183} INFO - Processing /home/airflow/.local/lib/python3.12/site-packages/airflow/example_dags/example_sla_dag.py took 0.324 seconds
[2024-07-25T23:28:34.015+0000] {processor.py:161} INFO - Started process (PID=166) to work on /home/airflow/.local/lib/python3.12/site-packages/airflow/example_dags/example_sla_dag.py
[2024-07-25T23:28:34.016+0000] {processor.py:830} INFO - Processing file /home/airflow/.local/lib/python3.12/site-packages/airflow/example_dags/example_sla_dag.py for tasks to queue
[2024-07-25T23:28:34.018+0000] {logging_mixin.py:188} INFO - [2024-07-25T23:28:34.017+0000] {dagbag.py:545} INFO - Filling up the DagBag from /home/airflow/.local/lib/python3.12/site-packages/airflow/example_dags/example_sla_dag.py
[2024-07-25T23:28:34.027+0000] {processor.py:840} INFO - DAG(s) 'example_sla_dag' retrieved from /home/airflow/.local/lib/python3.12/site-packages/airflow/example_dags/example_sla_dag.py
[2024-07-25T23:28:34.046+0000] {logging_mixin.py:188} INFO - [2024-07-25T23:28:34.046+0000] {dag.py:3089} INFO - Sync 1 DAGs
[2024-07-25T23:28:34.094+0000] {logging_mixin.py:188} INFO - [2024-07-25T23:28:34.094+0000] {dag.py:3947} INFO - Setting next_dagrun for example_sla_dag to 2024-07-25 23:26:00+00:00, run_after=2024-07-25 23:28:00+00:00
[2024-07-25T23:28:34.124+0000] {processor.py:183} INFO - Processing /home/airflow/.local/lib/python3.12/site-packages/airflow/example_dags/example_sla_dag.py took 0.114 seconds
[2024-07-25T23:29:04.907+0000] {processor.py:161} INFO - Started process (PID=227) to work on /home/airflow/.local/lib/python3.12/site-packages/airflow/example_dags/example_sla_dag.py
[2024-07-25T23:29:04.909+0000] {processor.py:830} INFO - Processing file /home/airflow/.local/lib/python3.12/site-packages/airflow/example_dags/example_sla_dag.py for tasks to queue
[2024-07-25T23:29:04.912+0000] {logging_mixin.py:188} INFO - [2024-07-25T23:29:04.911+0000] {dagbag.py:545} INFO - Filling up the DagBag from /home/airflow/.local/lib/python3.12/site-packages/airflow/example_dags/example_sla_dag.py
[2024-07-25T23:29:04.932+0000] {processor.py:840} INFO - DAG(s) 'example_sla_dag' retrieved from /home/airflow/.local/lib/python3.12/site-packages/airflow/example_dags/example_sla_dag.py
[2024-07-25T23:29:04.957+0000] {logging_mixin.py:188} INFO - [2024-07-25T23:29:04.956+0000] {dag.py:3089} INFO - Sync 1 DAGs
[2024-07-25T23:29:04.979+0000] {logging_mixin.py:188} INFO - [2024-07-25T23:29:04.979+0000] {dag.py:3947} INFO - Setting next_dagrun for example_sla_dag to 2024-07-25 23:26:00+00:00, run_after=2024-07-25 23:28:00+00:00
[2024-07-25T23:29:04.999+0000] {processor.py:183} INFO - Processing /home/airflow/.local/lib/python3.12/site-packages/airflow/example_dags/example_sla_dag.py took 0.099 seconds
[2024-07-25T23:29:40.815+0000] {processor.py:161} INFO - Started process (PID=292) to work on /home/airflow/.local/lib/python3.12/site-packages/airflow/example_dags/example_sla_dag.py
[2024-07-25T23:29:40.821+0000] {processor.py:830} INFO - Processing file /home/airflow/.local/lib/python3.12/site-packages/airflow/example_dags/example_sla_dag.py for tasks to queue
[2024-07-25T23:29:40.838+0000] {logging_mixin.py:188} INFO - [2024-07-25T23:29:40.833+0000] {dagbag.py:545} INFO - Filling up the DagBag from /home/airflow/.local/lib/python3.12/site-packages/airflow/example_dags/example_sla_dag.py
[2024-07-25T23:29:41.011+0000] {processor.py:840} INFO - DAG(s) 'example_sla_dag' retrieved from /home/airflow/.local/lib/python3.12/site-packages/airflow/example_dags/example_sla_dag.py
[2024-07-25T23:29:41.775+0000] {logging_mixin.py:188} INFO - [2024-07-25T23:29:41.762+0000] {dag.py:3089} INFO - Sync 1 DAGs
[2024-07-25T23:29:41.977+0000] {logging_mixin.py:188} INFO - [2024-07-25T23:29:41.976+0000] {dag.py:3947} INFO - Setting next_dagrun for example_sla_dag to 2024-07-25 23:26:00+00:00, run_after=2024-07-25 23:28:00+00:00
[2024-07-25T23:29:42.365+0000] {processor.py:183} INFO - Processing /home/airflow/.local/lib/python3.12/site-packages/airflow/example_dags/example_sla_dag.py took 1.593 seconds
[2024-07-25T23:30:13.338+0000] {processor.py:161} INFO - Started process (PID=352) to work on /home/airflow/.local/lib/python3.12/site-packages/airflow/example_dags/example_sla_dag.py
[2024-07-25T23:30:13.341+0000] {processor.py:830} INFO - Processing file /home/airflow/.local/lib/python3.12/site-packages/airflow/example_dags/example_sla_dag.py for tasks to queue
[2024-07-25T23:30:13.345+0000] {logging_mixin.py:188} INFO - [2024-07-25T23:30:13.345+0000] {dagbag.py:545} INFO - Filling up the DagBag from /home/airflow/.local/lib/python3.12/site-packages/airflow/example_dags/example_sla_dag.py
[2024-07-25T23:30:13.362+0000] {processor.py:840} INFO - DAG(s) 'example_sla_dag' retrieved from /home/airflow/.local/lib/python3.12/site-packages/airflow/example_dags/example_sla_dag.py
[2024-07-25T23:30:13.395+0000] {logging_mixin.py:188} INFO - [2024-07-25T23:30:13.394+0000] {dag.py:3089} INFO - Sync 1 DAGs
[2024-07-25T23:30:13.427+0000] {logging_mixin.py:188} INFO - [2024-07-25T23:30:13.427+0000] {dag.py:3947} INFO - Setting next_dagrun for example_sla_dag to 2024-07-25 23:28:00+00:00, run_after=2024-07-25 23:30:00+00:00
[2024-07-25T23:30:13.453+0000] {processor.py:183} INFO - Processing /home/airflow/.local/lib/python3.12/site-packages/airflow/example_dags/example_sla_dag.py took 0.129 seconds
[2024-07-25T23:30:44.112+0000] {processor.py:161} INFO - Started process (PID=412) to work on /home/airflow/.local/lib/python3.12/site-packages/airflow/example_dags/example_sla_dag.py
[2024-07-25T23:30:44.123+0000] {processor.py:830} INFO - Processing file /home/airflow/.local/lib/python3.12/site-packages/airflow/example_dags/example_sla_dag.py for tasks to queue
[2024-07-25T23:30:44.136+0000] {logging_mixin.py:188} INFO - [2024-07-25T23:30:44.135+0000] {dagbag.py:545} INFO - Filling up the DagBag from /home/airflow/.local/lib/python3.12/site-packages/airflow/example_dags/example_sla_dag.py
[2024-07-25T23:30:44.152+0000] {processor.py:840} INFO - DAG(s) 'example_sla_dag' retrieved from /home/airflow/.local/lib/python3.12/site-packages/airflow/example_dags/example_sla_dag.py
[2024-07-25T23:30:44.210+0000] {logging_mixin.py:188} INFO - [2024-07-25T23:30:44.210+0000] {dag.py:3089} INFO - Sync 1 DAGs
[2024-07-25T23:30:44.246+0000] {logging_mixin.py:188} INFO - [2024-07-25T23:30:44.246+0000] {dag.py:3947} INFO - Setting next_dagrun for example_sla_dag to 2024-07-25 23:28:00+00:00, run_after=2024-07-25 23:30:00+00:00
[2024-07-25T23:30:44.263+0000] {processor.py:183} INFO - Processing /home/airflow/.local/lib/python3.12/site-packages/airflow/example_dags/example_sla_dag.py took 0.173 seconds
[2024-07-25T23:31:15.141+0000] {processor.py:161} INFO - Started process (PID=472) to work on /home/airflow/.local/lib/python3.12/site-packages/airflow/example_dags/example_sla_dag.py
[2024-07-25T23:31:15.148+0000] {processor.py:830} INFO - Processing file /home/airflow/.local/lib/python3.12/site-packages/airflow/example_dags/example_sla_dag.py for tasks to queue
[2024-07-25T23:31:15.164+0000] {logging_mixin.py:188} INFO - [2024-07-25T23:31:15.163+0000] {dagbag.py:545} INFO - Filling up the DagBag from /home/airflow/.local/lib/python3.12/site-packages/airflow/example_dags/example_sla_dag.py
[2024-07-25T23:31:15.198+0000] {processor.py:840} INFO - DAG(s) 'example_sla_dag' retrieved from /home/airflow/.local/lib/python3.12/site-packages/airflow/example_dags/example_sla_dag.py
[2024-07-25T23:31:15.293+0000] {logging_mixin.py:188} INFO - [2024-07-25T23:31:15.292+0000] {dag.py:3089} INFO - Sync 1 DAGs
[2024-07-25T23:31:15.394+0000] {logging_mixin.py:188} INFO - [2024-07-25T23:31:15.394+0000] {dag.py:3947} INFO - Setting next_dagrun for example_sla_dag to 2024-07-25 23:28:00+00:00, run_after=2024-07-25 23:30:00+00:00
[2024-07-25T23:31:15.432+0000] {processor.py:183} INFO - Processing /home/airflow/.local/lib/python3.12/site-packages/airflow/example_dags/example_sla_dag.py took 0.317 seconds
[2024-07-25T23:31:45.911+0000] {processor.py:161} INFO - Started process (PID=532) to work on /home/airflow/.local/lib/python3.12/site-packages/airflow/example_dags/example_sla_dag.py
[2024-07-25T23:31:45.912+0000] {processor.py:830} INFO - Processing file /home/airflow/.local/lib/python3.12/site-packages/airflow/example_dags/example_sla_dag.py for tasks to queue
[2024-07-25T23:31:45.914+0000] {logging_mixin.py:188} INFO - [2024-07-25T23:31:45.914+0000] {dagbag.py:545} INFO - Filling up the DagBag from /home/airflow/.local/lib/python3.12/site-packages/airflow/example_dags/example_sla_dag.py
[2024-07-25T23:31:45.921+0000] {processor.py:840} INFO - DAG(s) 'example_sla_dag' retrieved from /home/airflow/.local/lib/python3.12/site-packages/airflow/example_dags/example_sla_dag.py
[2024-07-25T23:31:45.937+0000] {logging_mixin.py:188} INFO - [2024-07-25T23:31:45.936+0000] {dag.py:3089} INFO - Sync 1 DAGs
[2024-07-25T23:31:45.958+0000] {logging_mixin.py:188} INFO - [2024-07-25T23:31:45.958+0000] {dag.py:3947} INFO - Setting next_dagrun for example_sla_dag to 2024-07-25 23:28:00+00:00, run_after=2024-07-25 23:30:00+00:00
[2024-07-25T23:31:45.973+0000] {processor.py:183} INFO - Processing /home/airflow/.local/lib/python3.12/site-packages/airflow/example_dags/example_sla_dag.py took 0.068 seconds
[2024-07-25T23:32:16.725+0000] {processor.py:161} INFO - Started process (PID=592) to work on /home/airflow/.local/lib/python3.12/site-packages/airflow/example_dags/example_sla_dag.py
[2024-07-25T23:32:16.727+0000] {processor.py:830} INFO - Processing file /home/airflow/.local/lib/python3.12/site-packages/airflow/example_dags/example_sla_dag.py for tasks to queue
[2024-07-25T23:32:16.728+0000] {logging_mixin.py:188} INFO - [2024-07-25T23:32:16.728+0000] {dagbag.py:545} INFO - Filling up the DagBag from /home/airflow/.local/lib/python3.12/site-packages/airflow/example_dags/example_sla_dag.py
[2024-07-25T23:32:16.735+0000] {processor.py:840} INFO - DAG(s) 'example_sla_dag' retrieved from /home/airflow/.local/lib/python3.12/site-packages/airflow/example_dags/example_sla_dag.py
[2024-07-25T23:32:16.750+0000] {logging_mixin.py:188} INFO - [2024-07-25T23:32:16.750+0000] {dag.py:3089} INFO - Sync 1 DAGs
[2024-07-25T23:32:16.776+0000] {logging_mixin.py:188} INFO - [2024-07-25T23:32:16.775+0000] {dag.py:3947} INFO - Setting next_dagrun for example_sla_dag to 2024-07-25 23:30:00+00:00, run_after=2024-07-25 23:32:00+00:00
[2024-07-25T23:32:16.793+0000] {processor.py:183} INFO - Processing /home/airflow/.local/lib/python3.12/site-packages/airflow/example_dags/example_sla_dag.py took 0.073 seconds
[2024-07-25T23:32:47.573+0000] {processor.py:161} INFO - Started process (PID=652) to work on /home/airflow/.local/lib/python3.12/site-packages/airflow/example_dags/example_sla_dag.py
[2024-07-25T23:32:47.577+0000] {processor.py:830} INFO - Processing file /home/airflow/.local/lib/python3.12/site-packages/airflow/example_dags/example_sla_dag.py for tasks to queue
[2024-07-25T23:32:47.580+0000] {logging_mixin.py:188} INFO - [2024-07-25T23:32:47.579+0000] {dagbag.py:545} INFO - Filling up the DagBag from /home/airflow/.local/lib/python3.12/site-packages/airflow/example_dags/example_sla_dag.py
[2024-07-25T23:32:47.594+0000] {processor.py:840} INFO - DAG(s) 'example_sla_dag' retrieved from /home/airflow/.local/lib/python3.12/site-packages/airflow/example_dags/example_sla_dag.py
[2024-07-25T23:32:47.614+0000] {logging_mixin.py:188} INFO - [2024-07-25T23:32:47.614+0000] {dag.py:3089} INFO - Sync 1 DAGs
[2024-07-25T23:32:47.637+0000] {logging_mixin.py:188} INFO - [2024-07-25T23:32:47.637+0000] {dag.py:3947} INFO - Setting next_dagrun for example_sla_dag to 2024-07-25 23:30:00+00:00, run_after=2024-07-25 23:32:00+00:00
[2024-07-25T23:32:47.651+0000] {processor.py:183} INFO - Processing /home/airflow/.local/lib/python3.12/site-packages/airflow/example_dags/example_sla_dag.py took 0.086 seconds
[2024-07-25T23:33:17.977+0000] {processor.py:161} INFO - Started process (PID=710) to work on /home/airflow/.local/lib/python3.12/site-packages/airflow/example_dags/example_sla_dag.py
[2024-07-25T23:33:17.979+0000] {processor.py:830} INFO - Processing file /home/airflow/.local/lib/python3.12/site-packages/airflow/example_dags/example_sla_dag.py for tasks to queue
[2024-07-25T23:33:17.983+0000] {logging_mixin.py:188} INFO - [2024-07-25T23:33:17.983+0000] {dagbag.py:545} INFO - Filling up the DagBag from /home/airflow/.local/lib/python3.12/site-packages/airflow/example_dags/example_sla_dag.py
[2024-07-25T23:33:17.993+0000] {processor.py:840} INFO - DAG(s) 'example_sla_dag' retrieved from /home/airflow/.local/lib/python3.12/site-packages/airflow/example_dags/example_sla_dag.py
[2024-07-25T23:33:18.015+0000] {logging_mixin.py:188} INFO - [2024-07-25T23:33:18.015+0000] {dag.py:3089} INFO - Sync 1 DAGs
[2024-07-25T23:33:18.035+0000] {logging_mixin.py:188} INFO - [2024-07-25T23:33:18.035+0000] {dag.py:3947} INFO - Setting next_dagrun for example_sla_dag to 2024-07-25 23:30:00+00:00, run_after=2024-07-25 23:32:00+00:00
[2024-07-25T23:33:18.056+0000] {processor.py:183} INFO - Processing /home/airflow/.local/lib/python3.12/site-packages/airflow/example_dags/example_sla_dag.py took 0.084 seconds
[2024-07-25T23:33:48.494+0000] {processor.py:161} INFO - Started process (PID=770) to work on /home/airflow/.local/lib/python3.12/site-packages/airflow/example_dags/example_sla_dag.py
[2024-07-25T23:33:48.495+0000] {processor.py:830} INFO - Processing file /home/airflow/.local/lib/python3.12/site-packages/airflow/example_dags/example_sla_dag.py for tasks to queue
[2024-07-25T23:33:48.498+0000] {logging_mixin.py:188} INFO - [2024-07-25T23:33:48.498+0000] {dagbag.py:545} INFO - Filling up the DagBag from /home/airflow/.local/lib/python3.12/site-packages/airflow/example_dags/example_sla_dag.py
[2024-07-25T23:33:48.510+0000] {processor.py:840} INFO - DAG(s) 'example_sla_dag' retrieved from /home/airflow/.local/lib/python3.12/site-packages/airflow/example_dags/example_sla_dag.py
[2024-07-25T23:33:48.543+0000] {logging_mixin.py:188} INFO - [2024-07-25T23:33:48.542+0000] {dag.py:3089} INFO - Sync 1 DAGs
[2024-07-25T23:33:48.566+0000] {logging_mixin.py:188} INFO - [2024-07-25T23:33:48.566+0000] {dag.py:3947} INFO - Setting next_dagrun for example_sla_dag to 2024-07-25 23:30:00+00:00, run_after=2024-07-25 23:32:00+00:00
[2024-07-25T23:33:48.583+0000] {processor.py:183} INFO - Processing /home/airflow/.local/lib/python3.12/site-packages/airflow/example_dags/example_sla_dag.py took 0.095 seconds
[2024-07-25T23:34:18.859+0000] {processor.py:161} INFO - Started process (PID=830) to work on /home/airflow/.local/lib/python3.12/site-packages/airflow/example_dags/example_sla_dag.py
[2024-07-25T23:34:18.864+0000] {processor.py:830} INFO - Processing file /home/airflow/.local/lib/python3.12/site-packages/airflow/example_dags/example_sla_dag.py for tasks to queue
[2024-07-25T23:34:18.866+0000] {logging_mixin.py:188} INFO - [2024-07-25T23:34:18.866+0000] {dagbag.py:545} INFO - Filling up the DagBag from /home/airflow/.local/lib/python3.12/site-packages/airflow/example_dags/example_sla_dag.py
[2024-07-25T23:34:18.879+0000] {processor.py:840} INFO - DAG(s) 'example_sla_dag' retrieved from /home/airflow/.local/lib/python3.12/site-packages/airflow/example_dags/example_sla_dag.py
[2024-07-25T23:34:18.903+0000] {logging_mixin.py:188} INFO - [2024-07-25T23:34:18.902+0000] {dag.py:3089} INFO - Sync 1 DAGs
[2024-07-25T23:34:18.925+0000] {logging_mixin.py:188} INFO - [2024-07-25T23:34:18.925+0000] {dag.py:3947} INFO - Setting next_dagrun for example_sla_dag to 2024-07-25 23:32:00+00:00, run_after=2024-07-25 23:34:00+00:00
[2024-07-25T23:34:18.945+0000] {processor.py:183} INFO - Processing /home/airflow/.local/lib/python3.12/site-packages/airflow/example_dags/example_sla_dag.py took 0.091 seconds
[2024-07-25T23:34:49.076+0000] {processor.py:161} INFO - Started process (PID=889) to work on /home/airflow/.local/lib/python3.12/site-packages/airflow/example_dags/example_sla_dag.py
[2024-07-25T23:34:49.081+0000] {processor.py:830} INFO - Processing file /home/airflow/.local/lib/python3.12/site-packages/airflow/example_dags/example_sla_dag.py for tasks to queue
[2024-07-25T23:34:49.084+0000] {logging_mixin.py:188} INFO - [2024-07-25T23:34:49.083+0000] {dagbag.py:545} INFO - Filling up the DagBag from /home/airflow/.local/lib/python3.12/site-packages/airflow/example_dags/example_sla_dag.py
[2024-07-25T23:34:49.093+0000] {processor.py:840} INFO - DAG(s) 'example_sla_dag' retrieved from /home/airflow/.local/lib/python3.12/site-packages/airflow/example_dags/example_sla_dag.py
[2024-07-25T23:34:49.119+0000] {logging_mixin.py:188} INFO - [2024-07-25T23:34:49.119+0000] {dag.py:3089} INFO - Sync 1 DAGs
[2024-07-25T23:34:49.148+0000] {logging_mixin.py:188} INFO - [2024-07-25T23:34:49.148+0000] {dag.py:3947} INFO - Setting next_dagrun for example_sla_dag to 2024-07-25 23:32:00+00:00, run_after=2024-07-25 23:34:00+00:00
[2024-07-25T23:34:49.165+0000] {processor.py:183} INFO - Processing /home/airflow/.local/lib/python3.12/site-packages/airflow/example_dags/example_sla_dag.py took 0.097 seconds
[2024-07-25T23:35:19.402+0000] {processor.py:161} INFO - Started process (PID=949) to work on /home/airflow/.local/lib/python3.12/site-packages/airflow/example_dags/example_sla_dag.py
[2024-07-25T23:35:19.403+0000] {processor.py:830} INFO - Processing file /home/airflow/.local/lib/python3.12/site-packages/airflow/example_dags/example_sla_dag.py for tasks to queue
[2024-07-25T23:35:19.406+0000] {logging_mixin.py:188} INFO - [2024-07-25T23:35:19.406+0000] {dagbag.py:545} INFO - Filling up the DagBag from /home/airflow/.local/lib/python3.12/site-packages/airflow/example_dags/example_sla_dag.py
[2024-07-25T23:35:19.416+0000] {processor.py:840} INFO - DAG(s) 'example_sla_dag' retrieved from /home/airflow/.local/lib/python3.12/site-packages/airflow/example_dags/example_sla_dag.py
[2024-07-25T23:35:19.461+0000] {logging_mixin.py:188} INFO - [2024-07-25T23:35:19.461+0000] {dag.py:3089} INFO - Sync 1 DAGs
[2024-07-25T23:35:19.498+0000] {logging_mixin.py:188} INFO - [2024-07-25T23:35:19.497+0000] {dag.py:3947} INFO - Setting next_dagrun for example_sla_dag to 2024-07-25 23:32:00+00:00, run_after=2024-07-25 23:34:00+00:00
[2024-07-25T23:35:19.525+0000] {processor.py:183} INFO - Processing /home/airflow/.local/lib/python3.12/site-packages/airflow/example_dags/example_sla_dag.py took 0.128 seconds
[2024-07-25T23:35:50.024+0000] {processor.py:161} INFO - Started process (PID=1009) to work on /home/airflow/.local/lib/python3.12/site-packages/airflow/example_dags/example_sla_dag.py
[2024-07-25T23:35:50.030+0000] {processor.py:830} INFO - Processing file /home/airflow/.local/lib/python3.12/site-packages/airflow/example_dags/example_sla_dag.py for tasks to queue
[2024-07-25T23:35:50.033+0000] {logging_mixin.py:188} INFO - [2024-07-25T23:35:50.032+0000] {dagbag.py:545} INFO - Filling up the DagBag from /home/airflow/.local/lib/python3.12/site-packages/airflow/example_dags/example_sla_dag.py
[2024-07-25T23:35:50.042+0000] {processor.py:840} INFO - DAG(s) 'example_sla_dag' retrieved from /home/airflow/.local/lib/python3.12/site-packages/airflow/example_dags/example_sla_dag.py
[2024-07-25T23:35:50.064+0000] {logging_mixin.py:188} INFO - [2024-07-25T23:35:50.064+0000] {dag.py:3089} INFO - Sync 1 DAGs
[2024-07-25T23:35:50.086+0000] {logging_mixin.py:188} INFO - [2024-07-25T23:35:50.086+0000] {dag.py:3947} INFO - Setting next_dagrun for example_sla_dag to 2024-07-25 23:32:00+00:00, run_after=2024-07-25 23:34:00+00:00
[2024-07-25T23:35:50.111+0000] {processor.py:183} INFO - Processing /home/airflow/.local/lib/python3.12/site-packages/airflow/example_dags/example_sla_dag.py took 0.092 seconds
[2024-07-25T23:36:20.413+0000] {processor.py:161} INFO - Started process (PID=1069) to work on /home/airflow/.local/lib/python3.12/site-packages/airflow/example_dags/example_sla_dag.py
[2024-07-25T23:36:20.415+0000] {processor.py:830} INFO - Processing file /home/airflow/.local/lib/python3.12/site-packages/airflow/example_dags/example_sla_dag.py for tasks to queue
[2024-07-25T23:36:20.418+0000] {logging_mixin.py:188} INFO - [2024-07-25T23:36:20.418+0000] {dagbag.py:545} INFO - Filling up the DagBag from /home/airflow/.local/lib/python3.12/site-packages/airflow/example_dags/example_sla_dag.py
[2024-07-25T23:36:20.429+0000] {processor.py:840} INFO - DAG(s) 'example_sla_dag' retrieved from /home/airflow/.local/lib/python3.12/site-packages/airflow/example_dags/example_sla_dag.py
[2024-07-25T23:36:20.459+0000] {logging_mixin.py:188} INFO - [2024-07-25T23:36:20.458+0000] {dag.py:3089} INFO - Sync 1 DAGs
[2024-07-25T23:36:20.530+0000] {logging_mixin.py:188} INFO - [2024-07-25T23:36:20.529+0000] {dag.py:3947} INFO - Setting next_dagrun for example_sla_dag to 2024-07-25 23:34:00+00:00, run_after=2024-07-25 23:36:00+00:00
[2024-07-25T23:36:20.560+0000] {processor.py:183} INFO - Processing /home/airflow/.local/lib/python3.12/site-packages/airflow/example_dags/example_sla_dag.py took 0.154 seconds
[2024-07-25T23:36:50.710+0000] {processor.py:161} INFO - Started process (PID=1128) to work on /home/airflow/.local/lib/python3.12/site-packages/airflow/example_dags/example_sla_dag.py
[2024-07-25T23:36:50.713+0000] {processor.py:830} INFO - Processing file /home/airflow/.local/lib/python3.12/site-packages/airflow/example_dags/example_sla_dag.py for tasks to queue
[2024-07-25T23:36:50.724+0000] {logging_mixin.py:188} INFO - [2024-07-25T23:36:50.723+0000] {dagbag.py:545} INFO - Filling up the DagBag from /home/airflow/.local/lib/python3.12/site-packages/airflow/example_dags/example_sla_dag.py
[2024-07-25T23:36:50.746+0000] {processor.py:840} INFO - DAG(s) 'example_sla_dag' retrieved from /home/airflow/.local/lib/python3.12/site-packages/airflow/example_dags/example_sla_dag.py
[2024-07-25T23:36:50.808+0000] {logging_mixin.py:188} INFO - [2024-07-25T23:36:50.807+0000] {dag.py:3089} INFO - Sync 1 DAGs
[2024-07-25T23:36:50.892+0000] {logging_mixin.py:188} INFO - [2024-07-25T23:36:50.892+0000] {dag.py:3947} INFO - Setting next_dagrun for example_sla_dag to 2024-07-25 23:34:00+00:00, run_after=2024-07-25 23:36:00+00:00
[2024-07-25T23:36:50.960+0000] {processor.py:183} INFO - Processing /home/airflow/.local/lib/python3.12/site-packages/airflow/example_dags/example_sla_dag.py took 0.261 seconds
[2024-07-25T23:37:21.061+0000] {processor.py:161} INFO - Started process (PID=1188) to work on /home/airflow/.local/lib/python3.12/site-packages/airflow/example_dags/example_sla_dag.py
[2024-07-25T23:37:21.063+0000] {processor.py:830} INFO - Processing file /home/airflow/.local/lib/python3.12/site-packages/airflow/example_dags/example_sla_dag.py for tasks to queue
[2024-07-25T23:37:21.064+0000] {logging_mixin.py:188} INFO - [2024-07-25T23:37:21.064+0000] {dagbag.py:545} INFO - Filling up the DagBag from /home/airflow/.local/lib/python3.12/site-packages/airflow/example_dags/example_sla_dag.py
[2024-07-25T23:37:21.071+0000] {processor.py:840} INFO - DAG(s) 'example_sla_dag' retrieved from /home/airflow/.local/lib/python3.12/site-packages/airflow/example_dags/example_sla_dag.py
[2024-07-25T23:37:21.099+0000] {logging_mixin.py:188} INFO - [2024-07-25T23:37:21.099+0000] {dag.py:3089} INFO - Sync 1 DAGs
[2024-07-25T23:37:21.125+0000] {logging_mixin.py:188} INFO - [2024-07-25T23:37:21.125+0000] {dag.py:3947} INFO - Setting next_dagrun for example_sla_dag to 2024-07-25 23:34:00+00:00, run_after=2024-07-25 23:36:00+00:00
[2024-07-25T23:37:21.149+0000] {processor.py:183} INFO - Processing /home/airflow/.local/lib/python3.12/site-packages/airflow/example_dags/example_sla_dag.py took 0.092 seconds
[2024-07-25T23:37:51.284+0000] {processor.py:161} INFO - Started process (PID=1248) to work on /home/airflow/.local/lib/python3.12/site-packages/airflow/example_dags/example_sla_dag.py
[2024-07-25T23:37:51.287+0000] {processor.py:830} INFO - Processing file /home/airflow/.local/lib/python3.12/site-packages/airflow/example_dags/example_sla_dag.py for tasks to queue
[2024-07-25T23:37:51.291+0000] {logging_mixin.py:188} INFO - [2024-07-25T23:37:51.290+0000] {dagbag.py:545} INFO - Filling up the DagBag from /home/airflow/.local/lib/python3.12/site-packages/airflow/example_dags/example_sla_dag.py
[2024-07-25T23:37:51.299+0000] {processor.py:840} INFO - DAG(s) 'example_sla_dag' retrieved from /home/airflow/.local/lib/python3.12/site-packages/airflow/example_dags/example_sla_dag.py
[2024-07-25T23:37:51.322+0000] {logging_mixin.py:188} INFO - [2024-07-25T23:37:51.322+0000] {dag.py:3089} INFO - Sync 1 DAGs
[2024-07-25T23:37:51.363+0000] {logging_mixin.py:188} INFO - [2024-07-25T23:37:51.363+0000] {dag.py:3947} INFO - Setting next_dagrun for example_sla_dag to 2024-07-25 23:34:00+00:00, run_after=2024-07-25 23:36:00+00:00
[2024-07-25T23:37:51.399+0000] {processor.py:183} INFO - Processing /home/airflow/.local/lib/python3.12/site-packages/airflow/example_dags/example_sla_dag.py took 0.123 seconds
[2024-07-25T23:38:22.115+0000] {processor.py:161} INFO - Started process (PID=1308) to work on /home/airflow/.local/lib/python3.12/site-packages/airflow/example_dags/example_sla_dag.py
[2024-07-25T23:38:22.120+0000] {processor.py:830} INFO - Processing file /home/airflow/.local/lib/python3.12/site-packages/airflow/example_dags/example_sla_dag.py for tasks to queue
[2024-07-25T23:38:22.121+0000] {logging_mixin.py:188} INFO - [2024-07-25T23:38:22.121+0000] {dagbag.py:545} INFO - Filling up the DagBag from /home/airflow/.local/lib/python3.12/site-packages/airflow/example_dags/example_sla_dag.py
[2024-07-25T23:38:22.130+0000] {processor.py:840} INFO - DAG(s) 'example_sla_dag' retrieved from /home/airflow/.local/lib/python3.12/site-packages/airflow/example_dags/example_sla_dag.py
[2024-07-25T23:38:22.154+0000] {logging_mixin.py:188} INFO - [2024-07-25T23:38:22.154+0000] {dag.py:3089} INFO - Sync 1 DAGs
[2024-07-25T23:38:22.173+0000] {logging_mixin.py:188} INFO - [2024-07-25T23:38:22.173+0000] {dag.py:3947} INFO - Setting next_dagrun for example_sla_dag to 2024-07-25 23:36:00+00:00, run_after=2024-07-25 23:38:00+00:00
[2024-07-25T23:38:22.189+0000] {processor.py:183} INFO - Processing /home/airflow/.local/lib/python3.12/site-packages/airflow/example_dags/example_sla_dag.py took 0.079 seconds
[2024-07-25T23:38:52.222+0000] {processor.py:161} INFO - Started process (PID=1368) to work on /home/airflow/.local/lib/python3.12/site-packages/airflow/example_dags/example_sla_dag.py
[2024-07-25T23:38:52.227+0000] {processor.py:830} INFO - Processing file /home/airflow/.local/lib/python3.12/site-packages/airflow/example_dags/example_sla_dag.py for tasks to queue
[2024-07-25T23:38:52.229+0000] {logging_mixin.py:188} INFO - [2024-07-25T23:38:52.228+0000] {dagbag.py:545} INFO - Filling up the DagBag from /home/airflow/.local/lib/python3.12/site-packages/airflow/example_dags/example_sla_dag.py
[2024-07-25T23:38:52.237+0000] {processor.py:840} INFO - DAG(s) 'example_sla_dag' retrieved from /home/airflow/.local/lib/python3.12/site-packages/airflow/example_dags/example_sla_dag.py
[2024-07-25T23:38:52.256+0000] {logging_mixin.py:188} INFO - [2024-07-25T23:38:52.256+0000] {dag.py:3089} INFO - Sync 1 DAGs
[2024-07-25T23:38:52.274+0000] {logging_mixin.py:188} INFO - [2024-07-25T23:38:52.274+0000] {dag.py:3947} INFO - Setting next_dagrun for example_sla_dag to 2024-07-25 23:36:00+00:00, run_after=2024-07-25 23:38:00+00:00
[2024-07-25T23:38:52.293+0000] {processor.py:183} INFO - Processing /home/airflow/.local/lib/python3.12/site-packages/airflow/example_dags/example_sla_dag.py took 0.076 seconds
[2024-07-25T23:39:22.862+0000] {processor.py:161} INFO - Started process (PID=1428) to work on /home/airflow/.local/lib/python3.12/site-packages/airflow/example_dags/example_sla_dag.py
[2024-07-25T23:39:22.865+0000] {processor.py:830} INFO - Processing file /home/airflow/.local/lib/python3.12/site-packages/airflow/example_dags/example_sla_dag.py for tasks to queue
[2024-07-25T23:39:22.870+0000] {logging_mixin.py:188} INFO - [2024-07-25T23:39:22.870+0000] {dagbag.py:545} INFO - Filling up the DagBag from /home/airflow/.local/lib/python3.12/site-packages/airflow/example_dags/example_sla_dag.py
[2024-07-25T23:39:22.887+0000] {processor.py:840} INFO - DAG(s) 'example_sla_dag' retrieved from /home/airflow/.local/lib/python3.12/site-packages/airflow/example_dags/example_sla_dag.py
[2024-07-25T23:39:22.907+0000] {logging_mixin.py:188} INFO - [2024-07-25T23:39:22.907+0000] {dag.py:3089} INFO - Sync 1 DAGs
[2024-07-25T23:39:22.925+0000] {logging_mixin.py:188} INFO - [2024-07-25T23:39:22.925+0000] {dag.py:3947} INFO - Setting next_dagrun for example_sla_dag to 2024-07-25 23:36:00+00:00, run_after=2024-07-25 23:38:00+00:00
[2024-07-25T23:39:22.939+0000] {processor.py:183} INFO - Processing /home/airflow/.local/lib/python3.12/site-packages/airflow/example_dags/example_sla_dag.py took 0.085 seconds
[2024-07-25T23:39:53.757+0000] {processor.py:161} INFO - Started process (PID=1488) to work on /home/airflow/.local/lib/python3.12/site-packages/airflow/example_dags/example_sla_dag.py
[2024-07-25T23:39:53.758+0000] {processor.py:830} INFO - Processing file /home/airflow/.local/lib/python3.12/site-packages/airflow/example_dags/example_sla_dag.py for tasks to queue
[2024-07-25T23:39:53.759+0000] {logging_mixin.py:188} INFO - [2024-07-25T23:39:53.759+0000] {dagbag.py:545} INFO - Filling up the DagBag from /home/airflow/.local/lib/python3.12/site-packages/airflow/example_dags/example_sla_dag.py
[2024-07-25T23:39:53.765+0000] {processor.py:840} INFO - DAG(s) 'example_sla_dag' retrieved from /home/airflow/.local/lib/python3.12/site-packages/airflow/example_dags/example_sla_dag.py
[2024-07-25T23:39:53.778+0000] {logging_mixin.py:188} INFO - [2024-07-25T23:39:53.777+0000] {dag.py:3089} INFO - Sync 1 DAGs
[2024-07-25T23:39:53.793+0000] {logging_mixin.py:188} INFO - [2024-07-25T23:39:53.793+0000] {dag.py:3947} INFO - Setting next_dagrun for example_sla_dag to 2024-07-25 23:36:00+00:00, run_after=2024-07-25 23:38:00+00:00
[2024-07-25T23:39:53.804+0000] {processor.py:183} INFO - Processing /home/airflow/.local/lib/python3.12/site-packages/airflow/example_dags/example_sla_dag.py took 0.051 seconds
[2024-07-25T23:40:24.801+0000] {processor.py:161} INFO - Started process (PID=1548) to work on /home/airflow/.local/lib/python3.12/site-packages/airflow/example_dags/example_sla_dag.py
[2024-07-25T23:40:24.802+0000] {processor.py:830} INFO - Processing file /home/airflow/.local/lib/python3.12/site-packages/airflow/example_dags/example_sla_dag.py for tasks to queue
[2024-07-25T23:40:24.805+0000] {logging_mixin.py:188} INFO - [2024-07-25T23:40:24.804+0000] {dagbag.py:545} INFO - Filling up the DagBag from /home/airflow/.local/lib/python3.12/site-packages/airflow/example_dags/example_sla_dag.py
[2024-07-25T23:40:24.813+0000] {processor.py:840} INFO - DAG(s) 'example_sla_dag' retrieved from /home/airflow/.local/lib/python3.12/site-packages/airflow/example_dags/example_sla_dag.py
[2024-07-25T23:40:24.829+0000] {logging_mixin.py:188} INFO - [2024-07-25T23:40:24.829+0000] {dag.py:3089} INFO - Sync 1 DAGs
[2024-07-25T23:40:24.846+0000] {logging_mixin.py:188} INFO - [2024-07-25T23:40:24.846+0000] {dag.py:3947} INFO - Setting next_dagrun for example_sla_dag to 2024-07-25 23:38:00+00:00, run_after=2024-07-25 23:40:00+00:00
[2024-07-25T23:40:24.863+0000] {processor.py:183} INFO - Processing /home/airflow/.local/lib/python3.12/site-packages/airflow/example_dags/example_sla_dag.py took 0.065 seconds
[2024-07-25T23:40:55.150+0000] {processor.py:161} INFO - Started process (PID=1608) to work on /home/airflow/.local/lib/python3.12/site-packages/airflow/example_dags/example_sla_dag.py
[2024-07-25T23:40:55.154+0000] {processor.py:830} INFO - Processing file /home/airflow/.local/lib/python3.12/site-packages/airflow/example_dags/example_sla_dag.py for tasks to queue
[2024-07-25T23:40:55.159+0000] {logging_mixin.py:188} INFO - [2024-07-25T23:40:55.158+0000] {dagbag.py:545} INFO - Filling up the DagBag from /home/airflow/.local/lib/python3.12/site-packages/airflow/example_dags/example_sla_dag.py
[2024-07-25T23:40:55.168+0000] {processor.py:840} INFO - DAG(s) 'example_sla_dag' retrieved from /home/airflow/.local/lib/python3.12/site-packages/airflow/example_dags/example_sla_dag.py
[2024-07-25T23:40:55.226+0000] {logging_mixin.py:188} INFO - [2024-07-25T23:40:55.226+0000] {dag.py:3089} INFO - Sync 1 DAGs
[2024-07-25T23:40:55.259+0000] {logging_mixin.py:188} INFO - [2024-07-25T23:40:55.259+0000] {dag.py:3947} INFO - Setting next_dagrun for example_sla_dag to 2024-07-25 23:38:00+00:00, run_after=2024-07-25 23:40:00+00:00
[2024-07-25T23:40:55.282+0000] {processor.py:183} INFO - Processing /home/airflow/.local/lib/python3.12/site-packages/airflow/example_dags/example_sla_dag.py took 0.137 seconds
[2024-07-25T23:41:25.799+0000] {processor.py:161} INFO - Started process (PID=1668) to work on /home/airflow/.local/lib/python3.12/site-packages/airflow/example_dags/example_sla_dag.py
[2024-07-25T23:41:25.802+0000] {processor.py:830} INFO - Processing file /home/airflow/.local/lib/python3.12/site-packages/airflow/example_dags/example_sla_dag.py for tasks to queue
[2024-07-25T23:41:25.805+0000] {logging_mixin.py:188} INFO - [2024-07-25T23:41:25.804+0000] {dagbag.py:545} INFO - Filling up the DagBag from /home/airflow/.local/lib/python3.12/site-packages/airflow/example_dags/example_sla_dag.py
[2024-07-25T23:41:25.812+0000] {processor.py:840} INFO - DAG(s) 'example_sla_dag' retrieved from /home/airflow/.local/lib/python3.12/site-packages/airflow/example_dags/example_sla_dag.py
[2024-07-25T23:41:25.830+0000] {logging_mixin.py:188} INFO - [2024-07-25T23:41:25.830+0000] {dag.py:3089} INFO - Sync 1 DAGs
[2024-07-25T23:41:25.846+0000] {logging_mixin.py:188} INFO - [2024-07-25T23:41:25.846+0000] {dag.py:3947} INFO - Setting next_dagrun for example_sla_dag to 2024-07-25 23:38:00+00:00, run_after=2024-07-25 23:40:00+00:00
[2024-07-25T23:41:25.863+0000] {processor.py:183} INFO - Processing /home/airflow/.local/lib/python3.12/site-packages/airflow/example_dags/example_sla_dag.py took 0.069 seconds
[2024-07-25T23:41:56.650+0000] {processor.py:161} INFO - Started process (PID=1728) to work on /home/airflow/.local/lib/python3.12/site-packages/airflow/example_dags/example_sla_dag.py
[2024-07-25T23:41:56.651+0000] {processor.py:830} INFO - Processing file /home/airflow/.local/lib/python3.12/site-packages/airflow/example_dags/example_sla_dag.py for tasks to queue
[2024-07-25T23:41:56.654+0000] {logging_mixin.py:188} INFO - [2024-07-25T23:41:56.654+0000] {dagbag.py:545} INFO - Filling up the DagBag from /home/airflow/.local/lib/python3.12/site-packages/airflow/example_dags/example_sla_dag.py
[2024-07-25T23:41:56.663+0000] {processor.py:840} INFO - DAG(s) 'example_sla_dag' retrieved from /home/airflow/.local/lib/python3.12/site-packages/airflow/example_dags/example_sla_dag.py
[2024-07-25T23:41:56.683+0000] {logging_mixin.py:188} INFO - [2024-07-25T23:41:56.683+0000] {dag.py:3089} INFO - Sync 1 DAGs
[2024-07-25T23:41:56.708+0000] {logging_mixin.py:188} INFO - [2024-07-25T23:41:56.707+0000] {dag.py:3947} INFO - Setting next_dagrun for example_sla_dag to 2024-07-25 23:38:00+00:00, run_after=2024-07-25 23:40:00+00:00
[2024-07-25T23:41:56.722+0000] {processor.py:183} INFO - Processing /home/airflow/.local/lib/python3.12/site-packages/airflow/example_dags/example_sla_dag.py took 0.077 seconds
[2024-07-25T23:42:26.760+0000] {processor.py:161} INFO - Started process (PID=1788) to work on /home/airflow/.local/lib/python3.12/site-packages/airflow/example_dags/example_sla_dag.py
[2024-07-25T23:42:26.761+0000] {processor.py:830} INFO - Processing file /home/airflow/.local/lib/python3.12/site-packages/airflow/example_dags/example_sla_dag.py for tasks to queue
[2024-07-25T23:42:26.763+0000] {logging_mixin.py:188} INFO - [2024-07-25T23:42:26.762+0000] {dagbag.py:545} INFO - Filling up the DagBag from /home/airflow/.local/lib/python3.12/site-packages/airflow/example_dags/example_sla_dag.py
[2024-07-25T23:42:26.770+0000] {processor.py:840} INFO - DAG(s) 'example_sla_dag' retrieved from /home/airflow/.local/lib/python3.12/site-packages/airflow/example_dags/example_sla_dag.py
[2024-07-25T23:42:26.784+0000] {logging_mixin.py:188} INFO - [2024-07-25T23:42:26.784+0000] {dag.py:3089} INFO - Sync 1 DAGs
[2024-07-25T23:42:26.800+0000] {logging_mixin.py:188} INFO - [2024-07-25T23:42:26.800+0000] {dag.py:3947} INFO - Setting next_dagrun for example_sla_dag to 2024-07-25 23:40:00+00:00, run_after=2024-07-25 23:42:00+00:00
[2024-07-25T23:42:26.817+0000] {processor.py:183} INFO - Processing /home/airflow/.local/lib/python3.12/site-packages/airflow/example_dags/example_sla_dag.py took 0.062 seconds
[2024-07-25T23:42:58.153+0000] {processor.py:161} INFO - Started process (PID=1846) to work on /home/airflow/.local/lib/python3.12/site-packages/airflow/example_dags/example_sla_dag.py
[2024-07-25T23:42:58.156+0000] {processor.py:830} INFO - Processing file /home/airflow/.local/lib/python3.12/site-packages/airflow/example_dags/example_sla_dag.py for tasks to queue
[2024-07-25T23:42:58.168+0000] {logging_mixin.py:188} INFO - [2024-07-25T23:42:58.164+0000] {dagbag.py:545} INFO - Filling up the DagBag from /home/airflow/.local/lib/python3.12/site-packages/airflow/example_dags/example_sla_dag.py
[2024-07-25T23:42:58.217+0000] {processor.py:840} INFO - DAG(s) 'example_sla_dag' retrieved from /home/airflow/.local/lib/python3.12/site-packages/airflow/example_dags/example_sla_dag.py
[2024-07-25T23:42:58.261+0000] {logging_mixin.py:188} INFO - [2024-07-25T23:42:58.260+0000] {dag.py:3089} INFO - Sync 1 DAGs
[2024-07-25T23:42:58.299+0000] {logging_mixin.py:188} INFO - [2024-07-25T23:42:58.299+0000] {dag.py:3947} INFO - Setting next_dagrun for example_sla_dag to 2024-07-25 23:40:00+00:00, run_after=2024-07-25 23:42:00+00:00
[2024-07-25T23:42:58.723+0000] {processor.py:183} INFO - Processing /home/airflow/.local/lib/python3.12/site-packages/airflow/example_dags/example_sla_dag.py took 0.593 seconds
[2024-07-25T23:43:29.287+0000] {processor.py:161} INFO - Started process (PID=1906) to work on /home/airflow/.local/lib/python3.12/site-packages/airflow/example_dags/example_sla_dag.py
[2024-07-25T23:43:29.288+0000] {processor.py:830} INFO - Processing file /home/airflow/.local/lib/python3.12/site-packages/airflow/example_dags/example_sla_dag.py for tasks to queue
[2024-07-25T23:43:29.290+0000] {logging_mixin.py:188} INFO - [2024-07-25T23:43:29.289+0000] {dagbag.py:545} INFO - Filling up the DagBag from /home/airflow/.local/lib/python3.12/site-packages/airflow/example_dags/example_sla_dag.py
[2024-07-25T23:43:29.298+0000] {processor.py:840} INFO - DAG(s) 'example_sla_dag' retrieved from /home/airflow/.local/lib/python3.12/site-packages/airflow/example_dags/example_sla_dag.py
[2024-07-25T23:43:29.312+0000] {logging_mixin.py:188} INFO - [2024-07-25T23:43:29.312+0000] {dag.py:3089} INFO - Sync 1 DAGs
[2024-07-25T23:43:29.330+0000] {logging_mixin.py:188} INFO - [2024-07-25T23:43:29.330+0000] {dag.py:3947} INFO - Setting next_dagrun for example_sla_dag to 2024-07-25 23:40:00+00:00, run_after=2024-07-25 23:42:00+00:00
[2024-07-25T23:43:29.344+0000] {processor.py:183} INFO - Processing /home/airflow/.local/lib/python3.12/site-packages/airflow/example_dags/example_sla_dag.py took 0.062 seconds
[2024-07-25T23:43:59.532+0000] {processor.py:161} INFO - Started process (PID=1966) to work on /home/airflow/.local/lib/python3.12/site-packages/airflow/example_dags/example_sla_dag.py
[2024-07-25T23:43:59.535+0000] {processor.py:830} INFO - Processing file /home/airflow/.local/lib/python3.12/site-packages/airflow/example_dags/example_sla_dag.py for tasks to queue
[2024-07-25T23:43:59.538+0000] {logging_mixin.py:188} INFO - [2024-07-25T23:43:59.538+0000] {dagbag.py:545} INFO - Filling up the DagBag from /home/airflow/.local/lib/python3.12/site-packages/airflow/example_dags/example_sla_dag.py
[2024-07-25T23:43:59.546+0000] {processor.py:840} INFO - DAG(s) 'example_sla_dag' retrieved from /home/airflow/.local/lib/python3.12/site-packages/airflow/example_dags/example_sla_dag.py
[2024-07-25T23:43:59.559+0000] {logging_mixin.py:188} INFO - [2024-07-25T23:43:59.559+0000] {dag.py:3089} INFO - Sync 1 DAGs
[2024-07-25T23:43:59.578+0000] {logging_mixin.py:188} INFO - [2024-07-25T23:43:59.577+0000] {dag.py:3947} INFO - Setting next_dagrun for example_sla_dag to 2024-07-25 23:40:00+00:00, run_after=2024-07-25 23:42:00+00:00
[2024-07-25T23:43:59.592+0000] {processor.py:183} INFO - Processing /home/airflow/.local/lib/python3.12/site-packages/airflow/example_dags/example_sla_dag.py took 0.064 seconds
[2024-07-25T23:44:30.557+0000] {processor.py:161} INFO - Started process (PID=2025) to work on /home/airflow/.local/lib/python3.12/site-packages/airflow/example_dags/example_sla_dag.py
[2024-07-25T23:44:30.561+0000] {processor.py:830} INFO - Processing file /home/airflow/.local/lib/python3.12/site-packages/airflow/example_dags/example_sla_dag.py for tasks to queue
[2024-07-25T23:44:30.564+0000] {logging_mixin.py:188} INFO - [2024-07-25T23:44:30.563+0000] {dagbag.py:545} INFO - Filling up the DagBag from /home/airflow/.local/lib/python3.12/site-packages/airflow/example_dags/example_sla_dag.py
[2024-07-25T23:44:30.573+0000] {processor.py:840} INFO - DAG(s) 'example_sla_dag' retrieved from /home/airflow/.local/lib/python3.12/site-packages/airflow/example_dags/example_sla_dag.py
[2024-07-25T23:44:30.591+0000] {logging_mixin.py:188} INFO - [2024-07-25T23:44:30.591+0000] {dag.py:3089} INFO - Sync 1 DAGs
[2024-07-25T23:44:30.612+0000] {logging_mixin.py:188} INFO - [2024-07-25T23:44:30.612+0000] {dag.py:3947} INFO - Setting next_dagrun for example_sla_dag to 2024-07-25 23:42:00+00:00, run_after=2024-07-25 23:44:00+00:00
[2024-07-25T23:44:30.627+0000] {processor.py:183} INFO - Processing /home/airflow/.local/lib/python3.12/site-packages/airflow/example_dags/example_sla_dag.py took 0.078 seconds
[2024-07-25T23:45:01.366+0000] {processor.py:161} INFO - Started process (PID=2085) to work on /home/airflow/.local/lib/python3.12/site-packages/airflow/example_dags/example_sla_dag.py
[2024-07-25T23:45:01.369+0000] {processor.py:830} INFO - Processing file /home/airflow/.local/lib/python3.12/site-packages/airflow/example_dags/example_sla_dag.py for tasks to queue
[2024-07-25T23:45:01.373+0000] {logging_mixin.py:188} INFO - [2024-07-25T23:45:01.373+0000] {dagbag.py:545} INFO - Filling up the DagBag from /home/airflow/.local/lib/python3.12/site-packages/airflow/example_dags/example_sla_dag.py
[2024-07-25T23:45:01.383+0000] {processor.py:840} INFO - DAG(s) 'example_sla_dag' retrieved from /home/airflow/.local/lib/python3.12/site-packages/airflow/example_dags/example_sla_dag.py
[2024-07-25T23:45:01.401+0000] {logging_mixin.py:188} INFO - [2024-07-25T23:45:01.401+0000] {dag.py:3089} INFO - Sync 1 DAGs
[2024-07-25T23:45:01.420+0000] {logging_mixin.py:188} INFO - [2024-07-25T23:45:01.420+0000] {dag.py:3947} INFO - Setting next_dagrun for example_sla_dag to 2024-07-25 23:42:00+00:00, run_after=2024-07-25 23:44:00+00:00
[2024-07-25T23:45:01.438+0000] {processor.py:183} INFO - Processing /home/airflow/.local/lib/python3.12/site-packages/airflow/example_dags/example_sla_dag.py took 0.078 seconds
[2024-07-25T23:45:32.388+0000] {processor.py:161} INFO - Started process (PID=2145) to work on /home/airflow/.local/lib/python3.12/site-packages/airflow/example_dags/example_sla_dag.py
[2024-07-25T23:45:32.389+0000] {processor.py:830} INFO - Processing file /home/airflow/.local/lib/python3.12/site-packages/airflow/example_dags/example_sla_dag.py for tasks to queue
[2024-07-25T23:45:32.391+0000] {logging_mixin.py:188} INFO - [2024-07-25T23:45:32.391+0000] {dagbag.py:545} INFO - Filling up the DagBag from /home/airflow/.local/lib/python3.12/site-packages/airflow/example_dags/example_sla_dag.py
[2024-07-25T23:45:32.397+0000] {processor.py:840} INFO - DAG(s) 'example_sla_dag' retrieved from /home/airflow/.local/lib/python3.12/site-packages/airflow/example_dags/example_sla_dag.py
[2024-07-25T23:45:32.413+0000] {logging_mixin.py:188} INFO - [2024-07-25T23:45:32.413+0000] {dag.py:3089} INFO - Sync 1 DAGs
[2024-07-25T23:45:32.429+0000] {logging_mixin.py:188} INFO - [2024-07-25T23:45:32.429+0000] {dag.py:3947} INFO - Setting next_dagrun for example_sla_dag to 2024-07-25 23:42:00+00:00, run_after=2024-07-25 23:44:00+00:00
[2024-07-25T23:45:32.446+0000] {processor.py:183} INFO - Processing /home/airflow/.local/lib/python3.12/site-packages/airflow/example_dags/example_sla_dag.py took 0.064 seconds
[2024-07-25T23:46:03.217+0000] {processor.py:161} INFO - Started process (PID=2205) to work on /home/airflow/.local/lib/python3.12/site-packages/airflow/example_dags/example_sla_dag.py
[2024-07-25T23:46:03.220+0000] {processor.py:830} INFO - Processing file /home/airflow/.local/lib/python3.12/site-packages/airflow/example_dags/example_sla_dag.py for tasks to queue
[2024-07-25T23:46:03.222+0000] {logging_mixin.py:188} INFO - [2024-07-25T23:46:03.222+0000] {dagbag.py:545} INFO - Filling up the DagBag from /home/airflow/.local/lib/python3.12/site-packages/airflow/example_dags/example_sla_dag.py
[2024-07-25T23:46:03.230+0000] {processor.py:840} INFO - DAG(s) 'example_sla_dag' retrieved from /home/airflow/.local/lib/python3.12/site-packages/airflow/example_dags/example_sla_dag.py
[2024-07-25T23:46:03.250+0000] {logging_mixin.py:188} INFO - [2024-07-25T23:46:03.249+0000] {dag.py:3089} INFO - Sync 1 DAGs
[2024-07-25T23:46:03.270+0000] {logging_mixin.py:188} INFO - [2024-07-25T23:46:03.270+0000] {dag.py:3947} INFO - Setting next_dagrun for example_sla_dag to 2024-07-25 23:44:00+00:00, run_after=2024-07-25 23:46:00+00:00
[2024-07-25T23:46:03.285+0000] {processor.py:183} INFO - Processing /home/airflow/.local/lib/python3.12/site-packages/airflow/example_dags/example_sla_dag.py took 0.074 seconds
[2024-07-25T23:46:33.628+0000] {processor.py:161} INFO - Started process (PID=2265) to work on /home/airflow/.local/lib/python3.12/site-packages/airflow/example_dags/example_sla_dag.py
[2024-07-25T23:46:33.634+0000] {processor.py:830} INFO - Processing file /home/airflow/.local/lib/python3.12/site-packages/airflow/example_dags/example_sla_dag.py for tasks to queue
[2024-07-25T23:46:33.637+0000] {logging_mixin.py:188} INFO - [2024-07-25T23:46:33.636+0000] {dagbag.py:545} INFO - Filling up the DagBag from /home/airflow/.local/lib/python3.12/site-packages/airflow/example_dags/example_sla_dag.py
[2024-07-25T23:46:33.646+0000] {processor.py:840} INFO - DAG(s) 'example_sla_dag' retrieved from /home/airflow/.local/lib/python3.12/site-packages/airflow/example_dags/example_sla_dag.py
[2024-07-25T23:46:33.666+0000] {logging_mixin.py:188} INFO - [2024-07-25T23:46:33.666+0000] {dag.py:3089} INFO - Sync 1 DAGs
[2024-07-25T23:46:33.688+0000] {logging_mixin.py:188} INFO - [2024-07-25T23:46:33.688+0000] {dag.py:3947} INFO - Setting next_dagrun for example_sla_dag to 2024-07-25 23:44:00+00:00, run_after=2024-07-25 23:46:00+00:00
[2024-07-25T23:46:33.707+0000] {processor.py:183} INFO - Processing /home/airflow/.local/lib/python3.12/site-packages/airflow/example_dags/example_sla_dag.py took 0.087 seconds
[2024-07-25T23:47:03.818+0000] {processor.py:161} INFO - Started process (PID=2325) to work on /home/airflow/.local/lib/python3.12/site-packages/airflow/example_dags/example_sla_dag.py
[2024-07-25T23:47:03.825+0000] {processor.py:830} INFO - Processing file /home/airflow/.local/lib/python3.12/site-packages/airflow/example_dags/example_sla_dag.py for tasks to queue
[2024-07-25T23:47:03.827+0000] {logging_mixin.py:188} INFO - [2024-07-25T23:47:03.827+0000] {dagbag.py:545} INFO - Filling up the DagBag from /home/airflow/.local/lib/python3.12/site-packages/airflow/example_dags/example_sla_dag.py
[2024-07-25T23:47:03.838+0000] {processor.py:840} INFO - DAG(s) 'example_sla_dag' retrieved from /home/airflow/.local/lib/python3.12/site-packages/airflow/example_dags/example_sla_dag.py
[2024-07-25T23:47:03.857+0000] {logging_mixin.py:188} INFO - [2024-07-25T23:47:03.857+0000] {dag.py:3089} INFO - Sync 1 DAGs
[2024-07-25T23:47:03.875+0000] {logging_mixin.py:188} INFO - [2024-07-25T23:47:03.874+0000] {dag.py:3947} INFO - Setting next_dagrun for example_sla_dag to 2024-07-25 23:44:00+00:00, run_after=2024-07-25 23:46:00+00:00
[2024-07-25T23:47:03.892+0000] {processor.py:183} INFO - Processing /home/airflow/.local/lib/python3.12/site-packages/airflow/example_dags/example_sla_dag.py took 0.079 seconds
[2024-07-25T23:47:34.442+0000] {processor.py:161} INFO - Started process (PID=2385) to work on /home/airflow/.local/lib/python3.12/site-packages/airflow/example_dags/example_sla_dag.py
[2024-07-25T23:47:34.449+0000] {processor.py:830} INFO - Processing file /home/airflow/.local/lib/python3.12/site-packages/airflow/example_dags/example_sla_dag.py for tasks to queue
[2024-07-25T23:47:34.452+0000] {logging_mixin.py:188} INFO - [2024-07-25T23:47:34.452+0000] {dagbag.py:545} INFO - Filling up the DagBag from /home/airflow/.local/lib/python3.12/site-packages/airflow/example_dags/example_sla_dag.py
[2024-07-25T23:47:34.462+0000] {processor.py:840} INFO - DAG(s) 'example_sla_dag' retrieved from /home/airflow/.local/lib/python3.12/site-packages/airflow/example_dags/example_sla_dag.py
[2024-07-25T23:47:34.484+0000] {logging_mixin.py:188} INFO - [2024-07-25T23:47:34.484+0000] {dag.py:3089} INFO - Sync 1 DAGs
[2024-07-25T23:47:34.506+0000] {logging_mixin.py:188} INFO - [2024-07-25T23:47:34.505+0000] {dag.py:3947} INFO - Setting next_dagrun for example_sla_dag to 2024-07-25 23:44:00+00:00, run_after=2024-07-25 23:46:00+00:00
[2024-07-25T23:47:34.527+0000] {processor.py:183} INFO - Processing /home/airflow/.local/lib/python3.12/site-packages/airflow/example_dags/example_sla_dag.py took 0.091 seconds
[2024-07-25T23:48:04.607+0000] {processor.py:161} INFO - Started process (PID=2444) to work on /home/airflow/.local/lib/python3.12/site-packages/airflow/example_dags/example_sla_dag.py
[2024-07-25T23:48:04.609+0000] {processor.py:830} INFO - Processing file /home/airflow/.local/lib/python3.12/site-packages/airflow/example_dags/example_sla_dag.py for tasks to queue
[2024-07-25T23:48:04.613+0000] {logging_mixin.py:188} INFO - [2024-07-25T23:48:04.613+0000] {dagbag.py:545} INFO - Filling up the DagBag from /home/airflow/.local/lib/python3.12/site-packages/airflow/example_dags/example_sla_dag.py
[2024-07-25T23:48:04.623+0000] {processor.py:840} INFO - DAG(s) 'example_sla_dag' retrieved from /home/airflow/.local/lib/python3.12/site-packages/airflow/example_dags/example_sla_dag.py
[2024-07-25T23:48:04.645+0000] {logging_mixin.py:188} INFO - [2024-07-25T23:48:04.645+0000] {dag.py:3089} INFO - Sync 1 DAGs
[2024-07-25T23:48:04.664+0000] {logging_mixin.py:188} INFO - [2024-07-25T23:48:04.663+0000] {dag.py:3947} INFO - Setting next_dagrun for example_sla_dag to 2024-07-25 23:46:00+00:00, run_after=2024-07-25 23:48:00+00:00
[2024-07-25T23:48:04.681+0000] {processor.py:183} INFO - Processing /home/airflow/.local/lib/python3.12/site-packages/airflow/example_dags/example_sla_dag.py took 0.078 seconds
[2024-07-25T23:48:34.807+0000] {processor.py:161} INFO - Started process (PID=2504) to work on /home/airflow/.local/lib/python3.12/site-packages/airflow/example_dags/example_sla_dag.py
[2024-07-25T23:48:34.813+0000] {processor.py:830} INFO - Processing file /home/airflow/.local/lib/python3.12/site-packages/airflow/example_dags/example_sla_dag.py for tasks to queue
[2024-07-25T23:48:34.814+0000] {logging_mixin.py:188} INFO - [2024-07-25T23:48:34.814+0000] {dagbag.py:545} INFO - Filling up the DagBag from /home/airflow/.local/lib/python3.12/site-packages/airflow/example_dags/example_sla_dag.py
[2024-07-25T23:48:34.822+0000] {processor.py:840} INFO - DAG(s) 'example_sla_dag' retrieved from /home/airflow/.local/lib/python3.12/site-packages/airflow/example_dags/example_sla_dag.py
[2024-07-25T23:48:34.839+0000] {logging_mixin.py:188} INFO - [2024-07-25T23:48:34.839+0000] {dag.py:3089} INFO - Sync 1 DAGs
[2024-07-25T23:48:34.862+0000] {logging_mixin.py:188} INFO - [2024-07-25T23:48:34.862+0000] {dag.py:3947} INFO - Setting next_dagrun for example_sla_dag to 2024-07-25 23:46:00+00:00, run_after=2024-07-25 23:48:00+00:00
[2024-07-25T23:48:34.879+0000] {processor.py:183} INFO - Processing /home/airflow/.local/lib/python3.12/site-packages/airflow/example_dags/example_sla_dag.py took 0.079 seconds
[2024-07-25T23:49:05.203+0000] {processor.py:161} INFO - Started process (PID=2564) to work on /home/airflow/.local/lib/python3.12/site-packages/airflow/example_dags/example_sla_dag.py
[2024-07-25T23:49:05.204+0000] {processor.py:830} INFO - Processing file /home/airflow/.local/lib/python3.12/site-packages/airflow/example_dags/example_sla_dag.py for tasks to queue
[2024-07-25T23:49:05.207+0000] {logging_mixin.py:188} INFO - [2024-07-25T23:49:05.207+0000] {dagbag.py:545} INFO - Filling up the DagBag from /home/airflow/.local/lib/python3.12/site-packages/airflow/example_dags/example_sla_dag.py
[2024-07-25T23:49:05.218+0000] {processor.py:840} INFO - DAG(s) 'example_sla_dag' retrieved from /home/airflow/.local/lib/python3.12/site-packages/airflow/example_dags/example_sla_dag.py
[2024-07-25T23:49:05.242+0000] {logging_mixin.py:188} INFO - [2024-07-25T23:49:05.242+0000] {dag.py:3089} INFO - Sync 1 DAGs
[2024-07-25T23:49:05.269+0000] {logging_mixin.py:188} INFO - [2024-07-25T23:49:05.269+0000] {dag.py:3947} INFO - Setting next_dagrun for example_sla_dag to 2024-07-25 23:46:00+00:00, run_after=2024-07-25 23:48:00+00:00
[2024-07-25T23:49:05.292+0000] {processor.py:183} INFO - Processing /home/airflow/.local/lib/python3.12/site-packages/airflow/example_dags/example_sla_dag.py took 0.097 seconds
[2024-07-25T23:49:35.426+0000] {processor.py:161} INFO - Started process (PID=2624) to work on /home/airflow/.local/lib/python3.12/site-packages/airflow/example_dags/example_sla_dag.py
[2024-07-25T23:49:35.429+0000] {processor.py:830} INFO - Processing file /home/airflow/.local/lib/python3.12/site-packages/airflow/example_dags/example_sla_dag.py for tasks to queue
[2024-07-25T23:49:35.432+0000] {logging_mixin.py:188} INFO - [2024-07-25T23:49:35.432+0000] {dagbag.py:545} INFO - Filling up the DagBag from /home/airflow/.local/lib/python3.12/site-packages/airflow/example_dags/example_sla_dag.py
[2024-07-25T23:49:35.441+0000] {processor.py:840} INFO - DAG(s) 'example_sla_dag' retrieved from /home/airflow/.local/lib/python3.12/site-packages/airflow/example_dags/example_sla_dag.py
[2024-07-25T23:49:35.460+0000] {logging_mixin.py:188} INFO - [2024-07-25T23:49:35.460+0000] {dag.py:3089} INFO - Sync 1 DAGs
[2024-07-25T23:49:35.479+0000] {logging_mixin.py:188} INFO - [2024-07-25T23:49:35.479+0000] {dag.py:3947} INFO - Setting next_dagrun for example_sla_dag to 2024-07-25 23:46:00+00:00, run_after=2024-07-25 23:48:00+00:00
[2024-07-25T23:49:35.494+0000] {processor.py:183} INFO - Processing /home/airflow/.local/lib/python3.12/site-packages/airflow/example_dags/example_sla_dag.py took 0.076 seconds
[2024-07-25T23:50:05.670+0000] {processor.py:161} INFO - Started process (PID=2683) to work on /home/airflow/.local/lib/python3.12/site-packages/airflow/example_dags/example_sla_dag.py
[2024-07-25T23:50:05.676+0000] {processor.py:830} INFO - Processing file /home/airflow/.local/lib/python3.12/site-packages/airflow/example_dags/example_sla_dag.py for tasks to queue
[2024-07-25T23:50:05.691+0000] {logging_mixin.py:188} INFO - [2024-07-25T23:50:05.689+0000] {dagbag.py:545} INFO - Filling up the DagBag from /home/airflow/.local/lib/python3.12/site-packages/airflow/example_dags/example_sla_dag.py
[2024-07-25T23:50:05.722+0000] {processor.py:840} INFO - DAG(s) 'example_sla_dag' retrieved from /home/airflow/.local/lib/python3.12/site-packages/airflow/example_dags/example_sla_dag.py
[2024-07-25T23:50:05.759+0000] {logging_mixin.py:188} INFO - [2024-07-25T23:50:05.759+0000] {dag.py:3089} INFO - Sync 1 DAGs
[2024-07-25T23:50:05.783+0000] {logging_mixin.py:188} INFO - [2024-07-25T23:50:05.783+0000] {dag.py:3947} INFO - Setting next_dagrun for example_sla_dag to 2024-07-25 23:48:00+00:00, run_after=2024-07-25 23:50:00+00:00
[2024-07-25T23:50:05.804+0000] {processor.py:183} INFO - Processing /home/airflow/.local/lib/python3.12/site-packages/airflow/example_dags/example_sla_dag.py took 0.146 seconds
[2024-07-25T23:50:35.856+0000] {processor.py:161} INFO - Started process (PID=2743) to work on /home/airflow/.local/lib/python3.12/site-packages/airflow/example_dags/example_sla_dag.py
[2024-07-25T23:50:35.858+0000] {processor.py:830} INFO - Processing file /home/airflow/.local/lib/python3.12/site-packages/airflow/example_dags/example_sla_dag.py for tasks to queue
[2024-07-25T23:50:35.860+0000] {logging_mixin.py:188} INFO - [2024-07-25T23:50:35.859+0000] {dagbag.py:545} INFO - Filling up the DagBag from /home/airflow/.local/lib/python3.12/site-packages/airflow/example_dags/example_sla_dag.py
[2024-07-25T23:50:35.873+0000] {processor.py:840} INFO - DAG(s) 'example_sla_dag' retrieved from /home/airflow/.local/lib/python3.12/site-packages/airflow/example_dags/example_sla_dag.py
[2024-07-25T23:50:35.897+0000] {logging_mixin.py:188} INFO - [2024-07-25T23:50:35.897+0000] {dag.py:3089} INFO - Sync 1 DAGs
[2024-07-25T23:50:35.930+0000] {logging_mixin.py:188} INFO - [2024-07-25T23:50:35.930+0000] {dag.py:3947} INFO - Setting next_dagrun for example_sla_dag to 2024-07-25 23:48:00+00:00, run_after=2024-07-25 23:50:00+00:00
[2024-07-25T23:50:35.950+0000] {processor.py:183} INFO - Processing /home/airflow/.local/lib/python3.12/site-packages/airflow/example_dags/example_sla_dag.py took 0.101 seconds
[2024-07-25T23:51:06.404+0000] {processor.py:161} INFO - Started process (PID=2803) to work on /home/airflow/.local/lib/python3.12/site-packages/airflow/example_dags/example_sla_dag.py
[2024-07-25T23:51:06.407+0000] {processor.py:830} INFO - Processing file /home/airflow/.local/lib/python3.12/site-packages/airflow/example_dags/example_sla_dag.py for tasks to queue
[2024-07-25T23:51:06.412+0000] {logging_mixin.py:188} INFO - [2024-07-25T23:51:06.412+0000] {dagbag.py:545} INFO - Filling up the DagBag from /home/airflow/.local/lib/python3.12/site-packages/airflow/example_dags/example_sla_dag.py
[2024-07-25T23:51:06.422+0000] {processor.py:840} INFO - DAG(s) 'example_sla_dag' retrieved from /home/airflow/.local/lib/python3.12/site-packages/airflow/example_dags/example_sla_dag.py
[2024-07-25T23:51:06.451+0000] {logging_mixin.py:188} INFO - [2024-07-25T23:51:06.450+0000] {dag.py:3089} INFO - Sync 1 DAGs
[2024-07-25T23:51:06.472+0000] {logging_mixin.py:188} INFO - [2024-07-25T23:51:06.472+0000] {dag.py:3947} INFO - Setting next_dagrun for example_sla_dag to 2024-07-25 23:48:00+00:00, run_after=2024-07-25 23:50:00+00:00
[2024-07-25T23:51:06.488+0000] {processor.py:183} INFO - Processing /home/airflow/.local/lib/python3.12/site-packages/airflow/example_dags/example_sla_dag.py took 0.091 seconds
[2024-07-25T23:51:38.569+0000] {processor.py:161} INFO - Started process (PID=2869) to work on /home/airflow/.local/lib/python3.12/site-packages/airflow/example_dags/example_sla_dag.py
[2024-07-25T23:51:38.570+0000] {processor.py:830} INFO - Processing file /home/airflow/.local/lib/python3.12/site-packages/airflow/example_dags/example_sla_dag.py for tasks to queue
[2024-07-25T23:51:38.571+0000] {logging_mixin.py:188} INFO - [2024-07-25T23:51:38.571+0000] {dagbag.py:545} INFO - Filling up the DagBag from /home/airflow/.local/lib/python3.12/site-packages/airflow/example_dags/example_sla_dag.py
[2024-07-25T23:51:38.580+0000] {processor.py:840} INFO - DAG(s) 'example_sla_dag' retrieved from /home/airflow/.local/lib/python3.12/site-packages/airflow/example_dags/example_sla_dag.py
[2024-07-25T23:51:38.597+0000] {logging_mixin.py:188} INFO - [2024-07-25T23:51:38.597+0000] {dag.py:3089} INFO - Sync 1 DAGs
[2024-07-25T23:51:38.619+0000] {logging_mixin.py:188} INFO - [2024-07-25T23:51:38.618+0000] {dag.py:3947} INFO - Setting next_dagrun for example_sla_dag to 2024-07-25 23:48:00+00:00, run_after=2024-07-25 23:50:00+00:00
[2024-07-25T23:51:38.632+0000] {processor.py:183} INFO - Processing /home/airflow/.local/lib/python3.12/site-packages/airflow/example_dags/example_sla_dag.py took 0.069 seconds
[2024-07-25T23:52:08.934+0000] {processor.py:161} INFO - Started process (PID=2929) to work on /home/airflow/.local/lib/python3.12/site-packages/airflow/example_dags/example_sla_dag.py
[2024-07-25T23:52:08.935+0000] {processor.py:830} INFO - Processing file /home/airflow/.local/lib/python3.12/site-packages/airflow/example_dags/example_sla_dag.py for tasks to queue
[2024-07-25T23:52:08.937+0000] {logging_mixin.py:188} INFO - [2024-07-25T23:52:08.937+0000] {dagbag.py:545} INFO - Filling up the DagBag from /home/airflow/.local/lib/python3.12/site-packages/airflow/example_dags/example_sla_dag.py
[2024-07-25T23:52:08.943+0000] {processor.py:840} INFO - DAG(s) 'example_sla_dag' retrieved from /home/airflow/.local/lib/python3.12/site-packages/airflow/example_dags/example_sla_dag.py
[2024-07-25T23:52:08.960+0000] {logging_mixin.py:188} INFO - [2024-07-25T23:52:08.959+0000] {dag.py:3089} INFO - Sync 1 DAGs
[2024-07-25T23:52:08.980+0000] {logging_mixin.py:188} INFO - [2024-07-25T23:52:08.980+0000] {dag.py:3947} INFO - Setting next_dagrun for example_sla_dag to 2024-07-25 23:50:00+00:00, run_after=2024-07-25 23:52:00+00:00
[2024-07-25T23:52:08.995+0000] {processor.py:183} INFO - Processing /home/airflow/.local/lib/python3.12/site-packages/airflow/example_dags/example_sla_dag.py took 0.066 seconds
[2024-07-25T23:52:40.963+0000] {processor.py:161} INFO - Started process (PID=2987) to work on /home/airflow/.local/lib/python3.12/site-packages/airflow/example_dags/example_sla_dag.py
[2024-07-25T23:52:40.973+0000] {processor.py:830} INFO - Processing file /home/airflow/.local/lib/python3.12/site-packages/airflow/example_dags/example_sla_dag.py for tasks to queue
[2024-07-25T23:52:40.983+0000] {logging_mixin.py:188} INFO - [2024-07-25T23:52:40.982+0000] {dagbag.py:545} INFO - Filling up the DagBag from /home/airflow/.local/lib/python3.12/site-packages/airflow/example_dags/example_sla_dag.py
[2024-07-25T23:52:41.013+0000] {processor.py:840} INFO - DAG(s) 'example_sla_dag' retrieved from /home/airflow/.local/lib/python3.12/site-packages/airflow/example_dags/example_sla_dag.py
[2024-07-25T23:52:41.255+0000] {logging_mixin.py:188} INFO - [2024-07-25T23:52:41.244+0000] {dag.py:3089} INFO - Sync 1 DAGs
[2024-07-25T23:52:41.786+0000] {logging_mixin.py:188} INFO - [2024-07-25T23:52:41.783+0000] {dag.py:3947} INFO - Setting next_dagrun for example_sla_dag to 2024-07-25 23:50:00+00:00, run_after=2024-07-25 23:52:00+00:00
[2024-07-25T23:52:41.870+0000] {processor.py:183} INFO - Processing /home/airflow/.local/lib/python3.12/site-packages/airflow/example_dags/example_sla_dag.py took 0.941 seconds
[2024-07-25T23:53:12.255+0000] {processor.py:161} INFO - Started process (PID=3047) to work on /home/airflow/.local/lib/python3.12/site-packages/airflow/example_dags/example_sla_dag.py
[2024-07-25T23:53:12.256+0000] {processor.py:830} INFO - Processing file /home/airflow/.local/lib/python3.12/site-packages/airflow/example_dags/example_sla_dag.py for tasks to queue
[2024-07-25T23:53:12.262+0000] {logging_mixin.py:188} INFO - [2024-07-25T23:53:12.262+0000] {dagbag.py:545} INFO - Filling up the DagBag from /home/airflow/.local/lib/python3.12/site-packages/airflow/example_dags/example_sla_dag.py
[2024-07-25T23:53:12.274+0000] {processor.py:840} INFO - DAG(s) 'example_sla_dag' retrieved from /home/airflow/.local/lib/python3.12/site-packages/airflow/example_dags/example_sla_dag.py
[2024-07-25T23:53:12.326+0000] {logging_mixin.py:188} INFO - [2024-07-25T23:53:12.326+0000] {dag.py:3089} INFO - Sync 1 DAGs
[2024-07-25T23:53:12.362+0000] {logging_mixin.py:188} INFO - [2024-07-25T23:53:12.362+0000] {dag.py:3947} INFO - Setting next_dagrun for example_sla_dag to 2024-07-25 23:50:00+00:00, run_after=2024-07-25 23:52:00+00:00
[2024-07-25T23:53:12.378+0000] {processor.py:183} INFO - Processing /home/airflow/.local/lib/python3.12/site-packages/airflow/example_dags/example_sla_dag.py took 0.129 seconds
[2024-07-25T23:53:42.894+0000] {processor.py:161} INFO - Started process (PID=3107) to work on /home/airflow/.local/lib/python3.12/site-packages/airflow/example_dags/example_sla_dag.py
[2024-07-25T23:53:42.899+0000] {processor.py:830} INFO - Processing file /home/airflow/.local/lib/python3.12/site-packages/airflow/example_dags/example_sla_dag.py for tasks to queue
[2024-07-25T23:53:42.900+0000] {logging_mixin.py:188} INFO - [2024-07-25T23:53:42.900+0000] {dagbag.py:545} INFO - Filling up the DagBag from /home/airflow/.local/lib/python3.12/site-packages/airflow/example_dags/example_sla_dag.py
[2024-07-25T23:53:42.911+0000] {processor.py:840} INFO - DAG(s) 'example_sla_dag' retrieved from /home/airflow/.local/lib/python3.12/site-packages/airflow/example_dags/example_sla_dag.py
[2024-07-25T23:53:42.947+0000] {logging_mixin.py:188} INFO - [2024-07-25T23:53:42.947+0000] {dag.py:3089} INFO - Sync 1 DAGs
[2024-07-25T23:53:42.970+0000] {logging_mixin.py:188} INFO - [2024-07-25T23:53:42.970+0000] {dag.py:3947} INFO - Setting next_dagrun for example_sla_dag to 2024-07-25 23:50:00+00:00, run_after=2024-07-25 23:52:00+00:00
[2024-07-25T23:53:42.985+0000] {processor.py:183} INFO - Processing /home/airflow/.local/lib/python3.12/site-packages/airflow/example_dags/example_sla_dag.py took 0.101 seconds
[2024-07-25T23:54:13.073+0000] {processor.py:161} INFO - Started process (PID=3166) to work on /home/airflow/.local/lib/python3.12/site-packages/airflow/example_dags/example_sla_dag.py
[2024-07-25T23:54:13.076+0000] {processor.py:830} INFO - Processing file /home/airflow/.local/lib/python3.12/site-packages/airflow/example_dags/example_sla_dag.py for tasks to queue
[2024-07-25T23:54:13.081+0000] {logging_mixin.py:188} INFO - [2024-07-25T23:54:13.081+0000] {dagbag.py:545} INFO - Filling up the DagBag from /home/airflow/.local/lib/python3.12/site-packages/airflow/example_dags/example_sla_dag.py
[2024-07-25T23:54:13.095+0000] {processor.py:840} INFO - DAG(s) 'example_sla_dag' retrieved from /home/airflow/.local/lib/python3.12/site-packages/airflow/example_dags/example_sla_dag.py
[2024-07-25T23:54:13.128+0000] {logging_mixin.py:188} INFO - [2024-07-25T23:54:13.128+0000] {dag.py:3089} INFO - Sync 1 DAGs
[2024-07-25T23:54:13.155+0000] {logging_mixin.py:188} INFO - [2024-07-25T23:54:13.154+0000] {dag.py:3947} INFO - Setting next_dagrun for example_sla_dag to 2024-07-25 23:52:00+00:00, run_after=2024-07-25 23:54:00+00:00
[2024-07-25T23:54:13.177+0000] {processor.py:183} INFO - Processing /home/airflow/.local/lib/python3.12/site-packages/airflow/example_dags/example_sla_dag.py took 0.116 seconds
[2024-07-25T23:54:43.308+0000] {processor.py:161} INFO - Started process (PID=3225) to work on /home/airflow/.local/lib/python3.12/site-packages/airflow/example_dags/example_sla_dag.py
[2024-07-25T23:54:43.312+0000] {processor.py:830} INFO - Processing file /home/airflow/.local/lib/python3.12/site-packages/airflow/example_dags/example_sla_dag.py for tasks to queue
[2024-07-25T23:54:43.315+0000] {logging_mixin.py:188} INFO - [2024-07-25T23:54:43.315+0000] {dagbag.py:545} INFO - Filling up the DagBag from /home/airflow/.local/lib/python3.12/site-packages/airflow/example_dags/example_sla_dag.py
[2024-07-25T23:54:43.329+0000] {processor.py:840} INFO - DAG(s) 'example_sla_dag' retrieved from /home/airflow/.local/lib/python3.12/site-packages/airflow/example_dags/example_sla_dag.py
[2024-07-25T23:54:43.356+0000] {logging_mixin.py:188} INFO - [2024-07-25T23:54:43.356+0000] {dag.py:3089} INFO - Sync 1 DAGs
[2024-07-25T23:54:43.385+0000] {logging_mixin.py:188} INFO - [2024-07-25T23:54:43.385+0000] {dag.py:3947} INFO - Setting next_dagrun for example_sla_dag to 2024-07-25 23:52:00+00:00, run_after=2024-07-25 23:54:00+00:00
[2024-07-25T23:54:43.405+0000] {processor.py:183} INFO - Processing /home/airflow/.local/lib/python3.12/site-packages/airflow/example_dags/example_sla_dag.py took 0.106 seconds
