[2024-07-25T23:17:25.226+0000] {processor.py:161} INFO - Started process (PID=108) to work on /home/airflow/.local/lib/python3.12/site-packages/airflow/example_dags/example_nested_branch_dag.py
[2024-07-25T23:17:25.227+0000] {processor.py:830} INFO - Processing file /home/airflow/.local/lib/python3.12/site-packages/airflow/example_dags/example_nested_branch_dag.py for tasks to queue
[2024-07-25T23:17:25.228+0000] {logging_mixin.py:188} INFO - [2024-07-25T23:17:25.228+0000] {dagbag.py:545} INFO - Filling up the DagBag from /home/airflow/.local/lib/python3.12/site-packages/airflow/example_dags/example_nested_branch_dag.py
[2024-07-25T23:17:25.238+0000] {processor.py:840} INFO - DAG(s) 'example_nested_branch_dag' retrieved from /home/airflow/.local/lib/python3.12/site-packages/airflow/example_dags/example_nested_branch_dag.py
[2024-07-25T23:17:25.247+0000] {logging_mixin.py:188} INFO - [2024-07-25T23:17:25.247+0000] {dag.py:3089} INFO - Sync 1 DAGs
[2024-07-25T23:17:25.265+0000] {logging_mixin.py:188} INFO - [2024-07-25T23:17:25.265+0000] {dag.py:3947} INFO - Setting next_dagrun for example_nested_branch_dag to 2024-07-24 00:00:00+00:00, run_after=2024-07-25 00:00:00+00:00
[2024-07-25T23:17:25.278+0000] {processor.py:183} INFO - Processing /home/airflow/.local/lib/python3.12/site-packages/airflow/example_dags/example_nested_branch_dag.py took 0.056 seconds
[2024-07-25T23:17:55.901+0000] {processor.py:161} INFO - Started process (PID=168) to work on /home/airflow/.local/lib/python3.12/site-packages/airflow/example_dags/example_nested_branch_dag.py
[2024-07-25T23:17:55.904+0000] {processor.py:830} INFO - Processing file /home/airflow/.local/lib/python3.12/site-packages/airflow/example_dags/example_nested_branch_dag.py for tasks to queue
[2024-07-25T23:17:55.906+0000] {logging_mixin.py:188} INFO - [2024-07-25T23:17:55.906+0000] {dagbag.py:545} INFO - Filling up the DagBag from /home/airflow/.local/lib/python3.12/site-packages/airflow/example_dags/example_nested_branch_dag.py
[2024-07-25T23:17:55.913+0000] {processor.py:840} INFO - DAG(s) 'example_nested_branch_dag' retrieved from /home/airflow/.local/lib/python3.12/site-packages/airflow/example_dags/example_nested_branch_dag.py
[2024-07-25T23:17:55.981+0000] {logging_mixin.py:188} INFO - [2024-07-25T23:17:55.981+0000] {dag.py:3089} INFO - Sync 1 DAGs
[2024-07-25T23:17:55.996+0000] {logging_mixin.py:188} INFO - [2024-07-25T23:17:55.996+0000] {dag.py:3947} INFO - Setting next_dagrun for example_nested_branch_dag to 2024-07-24 00:00:00+00:00, run_after=2024-07-25 00:00:00+00:00
[2024-07-25T23:17:56.012+0000] {processor.py:183} INFO - Processing /home/airflow/.local/lib/python3.12/site-packages/airflow/example_dags/example_nested_branch_dag.py took 0.115 seconds
[2024-07-25T23:18:26.279+0000] {processor.py:161} INFO - Started process (PID=228) to work on /home/airflow/.local/lib/python3.12/site-packages/airflow/example_dags/example_nested_branch_dag.py
[2024-07-25T23:18:26.280+0000] {processor.py:830} INFO - Processing file /home/airflow/.local/lib/python3.12/site-packages/airflow/example_dags/example_nested_branch_dag.py for tasks to queue
[2024-07-25T23:18:26.281+0000] {logging_mixin.py:188} INFO - [2024-07-25T23:18:26.281+0000] {dagbag.py:545} INFO - Filling up the DagBag from /home/airflow/.local/lib/python3.12/site-packages/airflow/example_dags/example_nested_branch_dag.py
[2024-07-25T23:18:26.288+0000] {processor.py:840} INFO - DAG(s) 'example_nested_branch_dag' retrieved from /home/airflow/.local/lib/python3.12/site-packages/airflow/example_dags/example_nested_branch_dag.py
[2024-07-25T23:18:26.309+0000] {logging_mixin.py:188} INFO - [2024-07-25T23:18:26.309+0000] {dag.py:3089} INFO - Sync 1 DAGs
[2024-07-25T23:18:26.331+0000] {logging_mixin.py:188} INFO - [2024-07-25T23:18:26.331+0000] {dag.py:3947} INFO - Setting next_dagrun for example_nested_branch_dag to 2024-07-24 00:00:00+00:00, run_after=2024-07-25 00:00:00+00:00
[2024-07-25T23:18:26.349+0000] {processor.py:183} INFO - Processing /home/airflow/.local/lib/python3.12/site-packages/airflow/example_dags/example_nested_branch_dag.py took 0.074 seconds
[2024-07-25T23:18:57.103+0000] {processor.py:161} INFO - Started process (PID=288) to work on /home/airflow/.local/lib/python3.12/site-packages/airflow/example_dags/example_nested_branch_dag.py
[2024-07-25T23:18:57.104+0000] {processor.py:830} INFO - Processing file /home/airflow/.local/lib/python3.12/site-packages/airflow/example_dags/example_nested_branch_dag.py for tasks to queue
[2024-07-25T23:18:57.106+0000] {logging_mixin.py:188} INFO - [2024-07-25T23:18:57.105+0000] {dagbag.py:545} INFO - Filling up the DagBag from /home/airflow/.local/lib/python3.12/site-packages/airflow/example_dags/example_nested_branch_dag.py
[2024-07-25T23:18:57.114+0000] {processor.py:840} INFO - DAG(s) 'example_nested_branch_dag' retrieved from /home/airflow/.local/lib/python3.12/site-packages/airflow/example_dags/example_nested_branch_dag.py
[2024-07-25T23:18:57.130+0000] {logging_mixin.py:188} INFO - [2024-07-25T23:18:57.130+0000] {dag.py:3089} INFO - Sync 1 DAGs
[2024-07-25T23:18:57.145+0000] {logging_mixin.py:188} INFO - [2024-07-25T23:18:57.145+0000] {dag.py:3947} INFO - Setting next_dagrun for example_nested_branch_dag to 2024-07-24 00:00:00+00:00, run_after=2024-07-25 00:00:00+00:00
[2024-07-25T23:18:57.163+0000] {processor.py:183} INFO - Processing /home/airflow/.local/lib/python3.12/site-packages/airflow/example_dags/example_nested_branch_dag.py took 0.064 seconds
[2024-07-25T23:19:28.030+0000] {processor.py:161} INFO - Started process (PID=348) to work on /home/airflow/.local/lib/python3.12/site-packages/airflow/example_dags/example_nested_branch_dag.py
[2024-07-25T23:19:28.032+0000] {processor.py:830} INFO - Processing file /home/airflow/.local/lib/python3.12/site-packages/airflow/example_dags/example_nested_branch_dag.py for tasks to queue
[2024-07-25T23:19:28.034+0000] {logging_mixin.py:188} INFO - [2024-07-25T23:19:28.034+0000] {dagbag.py:545} INFO - Filling up the DagBag from /home/airflow/.local/lib/python3.12/site-packages/airflow/example_dags/example_nested_branch_dag.py
[2024-07-25T23:19:28.041+0000] {processor.py:840} INFO - DAG(s) 'example_nested_branch_dag' retrieved from /home/airflow/.local/lib/python3.12/site-packages/airflow/example_dags/example_nested_branch_dag.py
[2024-07-25T23:19:28.064+0000] {logging_mixin.py:188} INFO - [2024-07-25T23:19:28.064+0000] {dag.py:3089} INFO - Sync 1 DAGs
[2024-07-25T23:19:28.079+0000] {logging_mixin.py:188} INFO - [2024-07-25T23:19:28.079+0000] {dag.py:3947} INFO - Setting next_dagrun for example_nested_branch_dag to 2024-07-24 00:00:00+00:00, run_after=2024-07-25 00:00:00+00:00
[2024-07-25T23:19:28.098+0000] {processor.py:183} INFO - Processing /home/airflow/.local/lib/python3.12/site-packages/airflow/example_dags/example_nested_branch_dag.py took 0.071 seconds
[2024-07-25T23:19:59.732+0000] {processor.py:161} INFO - Started process (PID=408) to work on /home/airflow/.local/lib/python3.12/site-packages/airflow/example_dags/example_nested_branch_dag.py
[2024-07-25T23:19:59.734+0000] {processor.py:830} INFO - Processing file /home/airflow/.local/lib/python3.12/site-packages/airflow/example_dags/example_nested_branch_dag.py for tasks to queue
[2024-07-25T23:19:59.737+0000] {logging_mixin.py:188} INFO - [2024-07-25T23:19:59.736+0000] {dagbag.py:545} INFO - Filling up the DagBag from /home/airflow/.local/lib/python3.12/site-packages/airflow/example_dags/example_nested_branch_dag.py
[2024-07-25T23:19:59.749+0000] {processor.py:840} INFO - DAG(s) 'example_nested_branch_dag' retrieved from /home/airflow/.local/lib/python3.12/site-packages/airflow/example_dags/example_nested_branch_dag.py
[2024-07-25T23:19:59.807+0000] {logging_mixin.py:188} INFO - [2024-07-25T23:19:59.807+0000] {dag.py:3089} INFO - Sync 1 DAGs
[2024-07-25T23:19:59.851+0000] {logging_mixin.py:188} INFO - [2024-07-25T23:19:59.851+0000] {dag.py:3947} INFO - Setting next_dagrun for example_nested_branch_dag to 2024-07-24 00:00:00+00:00, run_after=2024-07-25 00:00:00+00:00
[2024-07-25T23:19:59.883+0000] {processor.py:183} INFO - Processing /home/airflow/.local/lib/python3.12/site-packages/airflow/example_dags/example_nested_branch_dag.py took 0.162 seconds
[2024-07-25T23:20:30.212+0000] {processor.py:161} INFO - Started process (PID=468) to work on /home/airflow/.local/lib/python3.12/site-packages/airflow/example_dags/example_nested_branch_dag.py
[2024-07-25T23:20:30.213+0000] {processor.py:830} INFO - Processing file /home/airflow/.local/lib/python3.12/site-packages/airflow/example_dags/example_nested_branch_dag.py for tasks to queue
[2024-07-25T23:20:30.214+0000] {logging_mixin.py:188} INFO - [2024-07-25T23:20:30.214+0000] {dagbag.py:545} INFO - Filling up the DagBag from /home/airflow/.local/lib/python3.12/site-packages/airflow/example_dags/example_nested_branch_dag.py
[2024-07-25T23:20:30.223+0000] {processor.py:840} INFO - DAG(s) 'example_nested_branch_dag' retrieved from /home/airflow/.local/lib/python3.12/site-packages/airflow/example_dags/example_nested_branch_dag.py
[2024-07-25T23:20:30.242+0000] {logging_mixin.py:188} INFO - [2024-07-25T23:20:30.241+0000] {dag.py:3089} INFO - Sync 1 DAGs
[2024-07-25T23:20:30.284+0000] {logging_mixin.py:188} INFO - [2024-07-25T23:20:30.284+0000] {dag.py:3947} INFO - Setting next_dagrun for example_nested_branch_dag to 2024-07-24 00:00:00+00:00, run_after=2024-07-25 00:00:00+00:00
[2024-07-25T23:20:30.305+0000] {processor.py:183} INFO - Processing /home/airflow/.local/lib/python3.12/site-packages/airflow/example_dags/example_nested_branch_dag.py took 0.097 seconds
[2024-07-25T23:21:01.837+0000] {processor.py:161} INFO - Started process (PID=528) to work on /home/airflow/.local/lib/python3.12/site-packages/airflow/example_dags/example_nested_branch_dag.py
[2024-07-25T23:21:01.840+0000] {processor.py:830} INFO - Processing file /home/airflow/.local/lib/python3.12/site-packages/airflow/example_dags/example_nested_branch_dag.py for tasks to queue
[2024-07-25T23:21:01.843+0000] {logging_mixin.py:188} INFO - [2024-07-25T23:21:01.843+0000] {dagbag.py:545} INFO - Filling up the DagBag from /home/airflow/.local/lib/python3.12/site-packages/airflow/example_dags/example_nested_branch_dag.py
[2024-07-25T23:21:01.857+0000] {processor.py:840} INFO - DAG(s) 'example_nested_branch_dag' retrieved from /home/airflow/.local/lib/python3.12/site-packages/airflow/example_dags/example_nested_branch_dag.py
[2024-07-25T23:21:01.891+0000] {logging_mixin.py:188} INFO - [2024-07-25T23:21:01.890+0000] {dag.py:3089} INFO - Sync 1 DAGs
[2024-07-25T23:21:01.923+0000] {logging_mixin.py:188} INFO - [2024-07-25T23:21:01.922+0000] {dag.py:3947} INFO - Setting next_dagrun for example_nested_branch_dag to 2024-07-24 00:00:00+00:00, run_after=2024-07-25 00:00:00+00:00
[2024-07-25T23:21:01.947+0000] {processor.py:183} INFO - Processing /home/airflow/.local/lib/python3.12/site-packages/airflow/example_dags/example_nested_branch_dag.py took 0.129 seconds
[2024-07-25T23:21:32.458+0000] {processor.py:161} INFO - Started process (PID=588) to work on /home/airflow/.local/lib/python3.12/site-packages/airflow/example_dags/example_nested_branch_dag.py
[2024-07-25T23:21:32.460+0000] {processor.py:830} INFO - Processing file /home/airflow/.local/lib/python3.12/site-packages/airflow/example_dags/example_nested_branch_dag.py for tasks to queue
[2024-07-25T23:21:32.462+0000] {logging_mixin.py:188} INFO - [2024-07-25T23:21:32.462+0000] {dagbag.py:545} INFO - Filling up the DagBag from /home/airflow/.local/lib/python3.12/site-packages/airflow/example_dags/example_nested_branch_dag.py
[2024-07-25T23:21:32.470+0000] {processor.py:840} INFO - DAG(s) 'example_nested_branch_dag' retrieved from /home/airflow/.local/lib/python3.12/site-packages/airflow/example_dags/example_nested_branch_dag.py
[2024-07-25T23:21:32.485+0000] {logging_mixin.py:188} INFO - [2024-07-25T23:21:32.485+0000] {dag.py:3089} INFO - Sync 1 DAGs
[2024-07-25T23:21:32.500+0000] {logging_mixin.py:188} INFO - [2024-07-25T23:21:32.500+0000] {dag.py:3947} INFO - Setting next_dagrun for example_nested_branch_dag to 2024-07-24 00:00:00+00:00, run_after=2024-07-25 00:00:00+00:00
[2024-07-25T23:21:32.512+0000] {processor.py:183} INFO - Processing /home/airflow/.local/lib/python3.12/site-packages/airflow/example_dags/example_nested_branch_dag.py took 0.058 seconds
[2024-07-25T23:22:03.009+0000] {processor.py:161} INFO - Started process (PID=648) to work on /home/airflow/.local/lib/python3.12/site-packages/airflow/example_dags/example_nested_branch_dag.py
[2024-07-25T23:22:03.010+0000] {processor.py:830} INFO - Processing file /home/airflow/.local/lib/python3.12/site-packages/airflow/example_dags/example_nested_branch_dag.py for tasks to queue
[2024-07-25T23:22:03.011+0000] {logging_mixin.py:188} INFO - [2024-07-25T23:22:03.011+0000] {dagbag.py:545} INFO - Filling up the DagBag from /home/airflow/.local/lib/python3.12/site-packages/airflow/example_dags/example_nested_branch_dag.py
[2024-07-25T23:22:03.023+0000] {processor.py:840} INFO - DAG(s) 'example_nested_branch_dag' retrieved from /home/airflow/.local/lib/python3.12/site-packages/airflow/example_dags/example_nested_branch_dag.py
[2024-07-25T23:22:03.075+0000] {logging_mixin.py:188} INFO - [2024-07-25T23:22:03.075+0000] {dag.py:3089} INFO - Sync 1 DAGs
[2024-07-25T23:22:03.105+0000] {logging_mixin.py:188} INFO - [2024-07-25T23:22:03.105+0000] {dag.py:3947} INFO - Setting next_dagrun for example_nested_branch_dag to 2024-07-24 00:00:00+00:00, run_after=2024-07-25 00:00:00+00:00
[2024-07-25T23:22:03.125+0000] {processor.py:183} INFO - Processing /home/airflow/.local/lib/python3.12/site-packages/airflow/example_dags/example_nested_branch_dag.py took 0.122 seconds
[2024-07-25T23:22:33.738+0000] {processor.py:161} INFO - Started process (PID=706) to work on /home/airflow/.local/lib/python3.12/site-packages/airflow/example_dags/example_nested_branch_dag.py
[2024-07-25T23:22:33.740+0000] {processor.py:830} INFO - Processing file /home/airflow/.local/lib/python3.12/site-packages/airflow/example_dags/example_nested_branch_dag.py for tasks to queue
[2024-07-25T23:22:33.742+0000] {logging_mixin.py:188} INFO - [2024-07-25T23:22:33.742+0000] {dagbag.py:545} INFO - Filling up the DagBag from /home/airflow/.local/lib/python3.12/site-packages/airflow/example_dags/example_nested_branch_dag.py
[2024-07-25T23:22:33.751+0000] {processor.py:840} INFO - DAG(s) 'example_nested_branch_dag' retrieved from /home/airflow/.local/lib/python3.12/site-packages/airflow/example_dags/example_nested_branch_dag.py
[2024-07-25T23:22:33.767+0000] {logging_mixin.py:188} INFO - [2024-07-25T23:22:33.767+0000] {dag.py:3089} INFO - Sync 1 DAGs
[2024-07-25T23:22:33.789+0000] {logging_mixin.py:188} INFO - [2024-07-25T23:22:33.789+0000] {dag.py:3947} INFO - Setting next_dagrun for example_nested_branch_dag to 2024-07-24 00:00:00+00:00, run_after=2024-07-25 00:00:00+00:00
[2024-07-25T23:22:33.806+0000] {processor.py:183} INFO - Processing /home/airflow/.local/lib/python3.12/site-packages/airflow/example_dags/example_nested_branch_dag.py took 0.072 seconds
[2024-07-25T23:23:04.257+0000] {processor.py:161} INFO - Started process (PID=766) to work on /home/airflow/.local/lib/python3.12/site-packages/airflow/example_dags/example_nested_branch_dag.py
[2024-07-25T23:23:04.261+0000] {processor.py:830} INFO - Processing file /home/airflow/.local/lib/python3.12/site-packages/airflow/example_dags/example_nested_branch_dag.py for tasks to queue
[2024-07-25T23:23:04.262+0000] {logging_mixin.py:188} INFO - [2024-07-25T23:23:04.262+0000] {dagbag.py:545} INFO - Filling up the DagBag from /home/airflow/.local/lib/python3.12/site-packages/airflow/example_dags/example_nested_branch_dag.py
[2024-07-25T23:23:04.275+0000] {processor.py:840} INFO - DAG(s) 'example_nested_branch_dag' retrieved from /home/airflow/.local/lib/python3.12/site-packages/airflow/example_dags/example_nested_branch_dag.py
[2024-07-25T23:23:04.317+0000] {logging_mixin.py:188} INFO - [2024-07-25T23:23:04.317+0000] {dag.py:3089} INFO - Sync 1 DAGs
[2024-07-25T23:23:04.344+0000] {logging_mixin.py:188} INFO - [2024-07-25T23:23:04.344+0000] {dag.py:3947} INFO - Setting next_dagrun for example_nested_branch_dag to 2024-07-24 00:00:00+00:00, run_after=2024-07-25 00:00:00+00:00
[2024-07-25T23:23:04.359+0000] {processor.py:183} INFO - Processing /home/airflow/.local/lib/python3.12/site-packages/airflow/example_dags/example_nested_branch_dag.py took 0.108 seconds
[2024-07-25T23:23:35.287+0000] {processor.py:161} INFO - Started process (PID=826) to work on /home/airflow/.local/lib/python3.12/site-packages/airflow/example_dags/example_nested_branch_dag.py
[2024-07-25T23:23:35.288+0000] {processor.py:830} INFO - Processing file /home/airflow/.local/lib/python3.12/site-packages/airflow/example_dags/example_nested_branch_dag.py for tasks to queue
[2024-07-25T23:23:35.290+0000] {logging_mixin.py:188} INFO - [2024-07-25T23:23:35.290+0000] {dagbag.py:545} INFO - Filling up the DagBag from /home/airflow/.local/lib/python3.12/site-packages/airflow/example_dags/example_nested_branch_dag.py
[2024-07-25T23:23:35.304+0000] {processor.py:840} INFO - DAG(s) 'example_nested_branch_dag' retrieved from /home/airflow/.local/lib/python3.12/site-packages/airflow/example_dags/example_nested_branch_dag.py
[2024-07-25T23:23:35.328+0000] {logging_mixin.py:188} INFO - [2024-07-25T23:23:35.328+0000] {dag.py:3089} INFO - Sync 1 DAGs
[2024-07-25T23:23:35.383+0000] {logging_mixin.py:188} INFO - [2024-07-25T23:23:35.383+0000] {dag.py:3947} INFO - Setting next_dagrun for example_nested_branch_dag to 2024-07-24 00:00:00+00:00, run_after=2024-07-25 00:00:00+00:00
[2024-07-25T23:23:35.413+0000] {processor.py:183} INFO - Processing /home/airflow/.local/lib/python3.12/site-packages/airflow/example_dags/example_nested_branch_dag.py took 0.132 seconds
[2024-07-25T23:24:12.655+0000] {processor.py:161} INFO - Started process (PID=892) to work on /home/airflow/.local/lib/python3.12/site-packages/airflow/example_dags/example_nested_branch_dag.py
[2024-07-25T23:24:12.657+0000] {processor.py:830} INFO - Processing file /home/airflow/.local/lib/python3.12/site-packages/airflow/example_dags/example_nested_branch_dag.py for tasks to queue
[2024-07-25T23:24:12.662+0000] {logging_mixin.py:188} INFO - [2024-07-25T23:24:12.661+0000] {dagbag.py:545} INFO - Filling up the DagBag from /home/airflow/.local/lib/python3.12/site-packages/airflow/example_dags/example_nested_branch_dag.py
[2024-07-25T23:24:12.680+0000] {processor.py:840} INFO - DAG(s) 'example_nested_branch_dag' retrieved from /home/airflow/.local/lib/python3.12/site-packages/airflow/example_dags/example_nested_branch_dag.py
[2024-07-25T23:24:12.750+0000] {logging_mixin.py:188} INFO - [2024-07-25T23:24:12.749+0000] {dag.py:3089} INFO - Sync 1 DAGs
[2024-07-25T23:24:12.807+0000] {logging_mixin.py:188} INFO - [2024-07-25T23:24:12.806+0000] {dag.py:3947} INFO - Setting next_dagrun for example_nested_branch_dag to 2024-07-24 00:00:00+00:00, run_after=2024-07-25 00:00:00+00:00
[2024-07-25T23:24:12.840+0000] {processor.py:183} INFO - Processing /home/airflow/.local/lib/python3.12/site-packages/airflow/example_dags/example_nested_branch_dag.py took 0.199 seconds
[2024-07-25T23:24:43.323+0000] {processor.py:161} INFO - Started process (PID=952) to work on /home/airflow/.local/lib/python3.12/site-packages/airflow/example_dags/example_nested_branch_dag.py
[2024-07-25T23:24:43.325+0000] {processor.py:830} INFO - Processing file /home/airflow/.local/lib/python3.12/site-packages/airflow/example_dags/example_nested_branch_dag.py for tasks to queue
[2024-07-25T23:24:43.327+0000] {logging_mixin.py:188} INFO - [2024-07-25T23:24:43.327+0000] {dagbag.py:545} INFO - Filling up the DagBag from /home/airflow/.local/lib/python3.12/site-packages/airflow/example_dags/example_nested_branch_dag.py
[2024-07-25T23:24:43.336+0000] {processor.py:840} INFO - DAG(s) 'example_nested_branch_dag' retrieved from /home/airflow/.local/lib/python3.12/site-packages/airflow/example_dags/example_nested_branch_dag.py
[2024-07-25T23:24:43.353+0000] {logging_mixin.py:188} INFO - [2024-07-25T23:24:43.353+0000] {dag.py:3089} INFO - Sync 1 DAGs
[2024-07-25T23:24:43.370+0000] {logging_mixin.py:188} INFO - [2024-07-25T23:24:43.370+0000] {dag.py:3947} INFO - Setting next_dagrun for example_nested_branch_dag to 2024-07-24 00:00:00+00:00, run_after=2024-07-25 00:00:00+00:00
[2024-07-25T23:24:43.387+0000] {processor.py:183} INFO - Processing /home/airflow/.local/lib/python3.12/site-packages/airflow/example_dags/example_nested_branch_dag.py took 0.068 seconds
[2024-07-25T23:25:14.129+0000] {processor.py:161} INFO - Started process (PID=1012) to work on /home/airflow/.local/lib/python3.12/site-packages/airflow/example_dags/example_nested_branch_dag.py
[2024-07-25T23:25:14.137+0000] {processor.py:830} INFO - Processing file /home/airflow/.local/lib/python3.12/site-packages/airflow/example_dags/example_nested_branch_dag.py for tasks to queue
[2024-07-25T23:25:14.140+0000] {logging_mixin.py:188} INFO - [2024-07-25T23:25:14.140+0000] {dagbag.py:545} INFO - Filling up the DagBag from /home/airflow/.local/lib/python3.12/site-packages/airflow/example_dags/example_nested_branch_dag.py
[2024-07-25T23:25:14.160+0000] {processor.py:840} INFO - DAG(s) 'example_nested_branch_dag' retrieved from /home/airflow/.local/lib/python3.12/site-packages/airflow/example_dags/example_nested_branch_dag.py
[2024-07-25T23:25:14.225+0000] {logging_mixin.py:188} INFO - [2024-07-25T23:25:14.224+0000] {dag.py:3089} INFO - Sync 1 DAGs
[2024-07-25T23:25:14.253+0000] {logging_mixin.py:188} INFO - [2024-07-25T23:25:14.252+0000] {dag.py:3947} INFO - Setting next_dagrun for example_nested_branch_dag to 2024-07-24 00:00:00+00:00, run_after=2024-07-25 00:00:00+00:00
[2024-07-25T23:25:14.281+0000] {processor.py:183} INFO - Processing /home/airflow/.local/lib/python3.12/site-packages/airflow/example_dags/example_nested_branch_dag.py took 0.205 seconds
[2024-07-25T23:28:05.716+0000] {processor.py:161} INFO - Started process (PID=118) to work on /home/airflow/.local/lib/python3.12/site-packages/airflow/example_dags/example_nested_branch_dag.py
[2024-07-25T23:28:05.722+0000] {processor.py:830} INFO - Processing file /home/airflow/.local/lib/python3.12/site-packages/airflow/example_dags/example_nested_branch_dag.py for tasks to queue
[2024-07-25T23:28:05.723+0000] {logging_mixin.py:188} INFO - [2024-07-25T23:28:05.723+0000] {dagbag.py:545} INFO - Filling up the DagBag from /home/airflow/.local/lib/python3.12/site-packages/airflow/example_dags/example_nested_branch_dag.py
[2024-07-25T23:28:05.734+0000] {processor.py:840} INFO - DAG(s) 'example_nested_branch_dag' retrieved from /home/airflow/.local/lib/python3.12/site-packages/airflow/example_dags/example_nested_branch_dag.py
[2024-07-25T23:28:05.851+0000] {logging_mixin.py:188} INFO - [2024-07-25T23:28:05.851+0000] {dag.py:3089} INFO - Sync 1 DAGs
[2024-07-25T23:28:05.967+0000] {logging_mixin.py:188} INFO - [2024-07-25T23:28:05.967+0000] {dag.py:3947} INFO - Setting next_dagrun for example_nested_branch_dag to 2024-07-24 00:00:00+00:00, run_after=2024-07-25 00:00:00+00:00
[2024-07-25T23:28:06.008+0000] {processor.py:183} INFO - Processing /home/airflow/.local/lib/python3.12/site-packages/airflow/example_dags/example_nested_branch_dag.py took 0.295 seconds
[2024-07-25T23:28:37.046+0000] {processor.py:161} INFO - Started process (PID=180) to work on /home/airflow/.local/lib/python3.12/site-packages/airflow/example_dags/example_nested_branch_dag.py
[2024-07-25T23:28:37.070+0000] {processor.py:830} INFO - Processing file /home/airflow/.local/lib/python3.12/site-packages/airflow/example_dags/example_nested_branch_dag.py for tasks to queue
[2024-07-25T23:28:37.100+0000] {logging_mixin.py:188} INFO - [2024-07-25T23:28:37.097+0000] {dagbag.py:545} INFO - Filling up the DagBag from /home/airflow/.local/lib/python3.12/site-packages/airflow/example_dags/example_nested_branch_dag.py
[2024-07-25T23:28:37.174+0000] {processor.py:840} INFO - DAG(s) 'example_nested_branch_dag' retrieved from /home/airflow/.local/lib/python3.12/site-packages/airflow/example_dags/example_nested_branch_dag.py
[2024-07-25T23:28:37.230+0000] {logging_mixin.py:188} INFO - [2024-07-25T23:28:37.230+0000] {dag.py:3089} INFO - Sync 1 DAGs
[2024-07-25T23:28:37.284+0000] {logging_mixin.py:188} INFO - [2024-07-25T23:28:37.283+0000] {dag.py:3947} INFO - Setting next_dagrun for example_nested_branch_dag to 2024-07-24 00:00:00+00:00, run_after=2024-07-25 00:00:00+00:00
[2024-07-25T23:28:37.343+0000] {processor.py:183} INFO - Processing /home/airflow/.local/lib/python3.12/site-packages/airflow/example_dags/example_nested_branch_dag.py took 0.410 seconds
[2024-07-25T23:29:08.556+0000] {processor.py:161} INFO - Started process (PID=241) to work on /home/airflow/.local/lib/python3.12/site-packages/airflow/example_dags/example_nested_branch_dag.py
[2024-07-25T23:29:08.559+0000] {processor.py:830} INFO - Processing file /home/airflow/.local/lib/python3.12/site-packages/airflow/example_dags/example_nested_branch_dag.py for tasks to queue
[2024-07-25T23:29:08.566+0000] {logging_mixin.py:188} INFO - [2024-07-25T23:29:08.565+0000] {dagbag.py:545} INFO - Filling up the DagBag from /home/airflow/.local/lib/python3.12/site-packages/airflow/example_dags/example_nested_branch_dag.py
[2024-07-25T23:29:08.604+0000] {processor.py:840} INFO - DAG(s) 'example_nested_branch_dag' retrieved from /home/airflow/.local/lib/python3.12/site-packages/airflow/example_dags/example_nested_branch_dag.py
[2024-07-25T23:29:08.679+0000] {logging_mixin.py:188} INFO - [2024-07-25T23:29:08.678+0000] {dag.py:3089} INFO - Sync 1 DAGs
[2024-07-25T23:29:08.756+0000] {logging_mixin.py:188} INFO - [2024-07-25T23:29:08.756+0000] {dag.py:3947} INFO - Setting next_dagrun for example_nested_branch_dag to 2024-07-24 00:00:00+00:00, run_after=2024-07-25 00:00:00+00:00
[2024-07-25T23:29:08.793+0000] {processor.py:183} INFO - Processing /home/airflow/.local/lib/python3.12/site-packages/airflow/example_dags/example_nested_branch_dag.py took 0.248 seconds
[2024-07-25T23:29:46.198+0000] {processor.py:161} INFO - Started process (PID=304) to work on /home/airflow/.local/lib/python3.12/site-packages/airflow/example_dags/example_nested_branch_dag.py
[2024-07-25T23:29:46.211+0000] {processor.py:830} INFO - Processing file /home/airflow/.local/lib/python3.12/site-packages/airflow/example_dags/example_nested_branch_dag.py for tasks to queue
[2024-07-25T23:29:46.219+0000] {logging_mixin.py:188} INFO - [2024-07-25T23:29:46.218+0000] {dagbag.py:545} INFO - Filling up the DagBag from /home/airflow/.local/lib/python3.12/site-packages/airflow/example_dags/example_nested_branch_dag.py
[2024-07-25T23:29:46.276+0000] {processor.py:840} INFO - DAG(s) 'example_nested_branch_dag' retrieved from /home/airflow/.local/lib/python3.12/site-packages/airflow/example_dags/example_nested_branch_dag.py
[2024-07-25T23:29:46.474+0000] {logging_mixin.py:188} INFO - [2024-07-25T23:29:46.473+0000] {dag.py:3089} INFO - Sync 1 DAGs
[2024-07-25T23:29:46.646+0000] {logging_mixin.py:188} INFO - [2024-07-25T23:29:46.646+0000] {dag.py:3947} INFO - Setting next_dagrun for example_nested_branch_dag to 2024-07-24 00:00:00+00:00, run_after=2024-07-25 00:00:00+00:00
[2024-07-25T23:29:46.726+0000] {processor.py:183} INFO - Processing /home/airflow/.local/lib/python3.12/site-packages/airflow/example_dags/example_nested_branch_dag.py took 0.599 seconds
[2024-07-25T23:30:20.263+0000] {processor.py:161} INFO - Started process (PID=366) to work on /home/airflow/.local/lib/python3.12/site-packages/airflow/example_dags/example_nested_branch_dag.py
[2024-07-25T23:30:20.268+0000] {processor.py:830} INFO - Processing file /home/airflow/.local/lib/python3.12/site-packages/airflow/example_dags/example_nested_branch_dag.py for tasks to queue
[2024-07-25T23:30:20.277+0000] {logging_mixin.py:188} INFO - [2024-07-25T23:30:20.276+0000] {dagbag.py:545} INFO - Filling up the DagBag from /home/airflow/.local/lib/python3.12/site-packages/airflow/example_dags/example_nested_branch_dag.py
[2024-07-25T23:30:20.331+0000] {processor.py:840} INFO - DAG(s) 'example_nested_branch_dag' retrieved from /home/airflow/.local/lib/python3.12/site-packages/airflow/example_dags/example_nested_branch_dag.py
[2024-07-25T23:30:20.418+0000] {logging_mixin.py:188} INFO - [2024-07-25T23:30:20.417+0000] {dag.py:3089} INFO - Sync 1 DAGs
[2024-07-25T23:30:20.495+0000] {logging_mixin.py:188} INFO - [2024-07-25T23:30:20.493+0000] {dag.py:3947} INFO - Setting next_dagrun for example_nested_branch_dag to 2024-07-24 00:00:00+00:00, run_after=2024-07-25 00:00:00+00:00
[2024-07-25T23:30:20.566+0000] {processor.py:183} INFO - Processing /home/airflow/.local/lib/python3.12/site-packages/airflow/example_dags/example_nested_branch_dag.py took 0.351 seconds
[2024-07-25T23:30:51.399+0000] {processor.py:161} INFO - Started process (PID=426) to work on /home/airflow/.local/lib/python3.12/site-packages/airflow/example_dags/example_nested_branch_dag.py
[2024-07-25T23:30:51.403+0000] {processor.py:830} INFO - Processing file /home/airflow/.local/lib/python3.12/site-packages/airflow/example_dags/example_nested_branch_dag.py for tasks to queue
[2024-07-25T23:30:51.427+0000] {logging_mixin.py:188} INFO - [2024-07-25T23:30:51.425+0000] {dagbag.py:545} INFO - Filling up the DagBag from /home/airflow/.local/lib/python3.12/site-packages/airflow/example_dags/example_nested_branch_dag.py
[2024-07-25T23:30:51.467+0000] {processor.py:840} INFO - DAG(s) 'example_nested_branch_dag' retrieved from /home/airflow/.local/lib/python3.12/site-packages/airflow/example_dags/example_nested_branch_dag.py
[2024-07-25T23:30:51.528+0000] {logging_mixin.py:188} INFO - [2024-07-25T23:30:51.527+0000] {dag.py:3089} INFO - Sync 1 DAGs
[2024-07-25T23:30:51.575+0000] {logging_mixin.py:188} INFO - [2024-07-25T23:30:51.575+0000] {dag.py:3947} INFO - Setting next_dagrun for example_nested_branch_dag to 2024-07-24 00:00:00+00:00, run_after=2024-07-25 00:00:00+00:00
[2024-07-25T23:30:51.600+0000] {processor.py:183} INFO - Processing /home/airflow/.local/lib/python3.12/site-packages/airflow/example_dags/example_nested_branch_dag.py took 0.216 seconds
[2024-07-25T23:31:22.624+0000] {processor.py:161} INFO - Started process (PID=487) to work on /home/airflow/.local/lib/python3.12/site-packages/airflow/example_dags/example_nested_branch_dag.py
[2024-07-25T23:31:22.626+0000] {processor.py:830} INFO - Processing file /home/airflow/.local/lib/python3.12/site-packages/airflow/example_dags/example_nested_branch_dag.py for tasks to queue
[2024-07-25T23:31:22.630+0000] {logging_mixin.py:188} INFO - [2024-07-25T23:31:22.630+0000] {dagbag.py:545} INFO - Filling up the DagBag from /home/airflow/.local/lib/python3.12/site-packages/airflow/example_dags/example_nested_branch_dag.py
[2024-07-25T23:31:22.676+0000] {processor.py:840} INFO - DAG(s) 'example_nested_branch_dag' retrieved from /home/airflow/.local/lib/python3.12/site-packages/airflow/example_dags/example_nested_branch_dag.py
[2024-07-25T23:31:22.721+0000] {logging_mixin.py:188} INFO - [2024-07-25T23:31:22.720+0000] {dag.py:3089} INFO - Sync 1 DAGs
[2024-07-25T23:31:22.768+0000] {logging_mixin.py:188} INFO - [2024-07-25T23:31:22.768+0000] {dag.py:3947} INFO - Setting next_dagrun for example_nested_branch_dag to 2024-07-24 00:00:00+00:00, run_after=2024-07-25 00:00:00+00:00
[2024-07-25T23:31:22.788+0000] {processor.py:183} INFO - Processing /home/airflow/.local/lib/python3.12/site-packages/airflow/example_dags/example_nested_branch_dag.py took 0.178 seconds
[2024-07-25T23:31:53.328+0000] {processor.py:161} INFO - Started process (PID=549) to work on /home/airflow/.local/lib/python3.12/site-packages/airflow/example_dags/example_nested_branch_dag.py
[2024-07-25T23:31:53.330+0000] {processor.py:830} INFO - Processing file /home/airflow/.local/lib/python3.12/site-packages/airflow/example_dags/example_nested_branch_dag.py for tasks to queue
[2024-07-25T23:31:53.332+0000] {logging_mixin.py:188} INFO - [2024-07-25T23:31:53.332+0000] {dagbag.py:545} INFO - Filling up the DagBag from /home/airflow/.local/lib/python3.12/site-packages/airflow/example_dags/example_nested_branch_dag.py
[2024-07-25T23:31:53.340+0000] {processor.py:840} INFO - DAG(s) 'example_nested_branch_dag' retrieved from /home/airflow/.local/lib/python3.12/site-packages/airflow/example_dags/example_nested_branch_dag.py
[2024-07-25T23:31:53.356+0000] {logging_mixin.py:188} INFO - [2024-07-25T23:31:53.356+0000] {dag.py:3089} INFO - Sync 1 DAGs
[2024-07-25T23:31:53.373+0000] {logging_mixin.py:188} INFO - [2024-07-25T23:31:53.372+0000] {dag.py:3947} INFO - Setting next_dagrun for example_nested_branch_dag to 2024-07-24 00:00:00+00:00, run_after=2024-07-25 00:00:00+00:00
[2024-07-25T23:31:53.396+0000] {processor.py:183} INFO - Processing /home/airflow/.local/lib/python3.12/site-packages/airflow/example_dags/example_nested_branch_dag.py took 0.073 seconds
[2024-07-25T23:32:24.528+0000] {processor.py:161} INFO - Started process (PID=609) to work on /home/airflow/.local/lib/python3.12/site-packages/airflow/example_dags/example_nested_branch_dag.py
[2024-07-25T23:32:24.532+0000] {processor.py:830} INFO - Processing file /home/airflow/.local/lib/python3.12/site-packages/airflow/example_dags/example_nested_branch_dag.py for tasks to queue
[2024-07-25T23:32:24.536+0000] {logging_mixin.py:188} INFO - [2024-07-25T23:32:24.535+0000] {dagbag.py:545} INFO - Filling up the DagBag from /home/airflow/.local/lib/python3.12/site-packages/airflow/example_dags/example_nested_branch_dag.py
[2024-07-25T23:32:24.565+0000] {processor.py:840} INFO - DAG(s) 'example_nested_branch_dag' retrieved from /home/airflow/.local/lib/python3.12/site-packages/airflow/example_dags/example_nested_branch_dag.py
[2024-07-25T23:32:24.638+0000] {logging_mixin.py:188} INFO - [2024-07-25T23:32:24.638+0000] {dag.py:3089} INFO - Sync 1 DAGs
[2024-07-25T23:32:24.671+0000] {logging_mixin.py:188} INFO - [2024-07-25T23:32:24.670+0000] {dag.py:3947} INFO - Setting next_dagrun for example_nested_branch_dag to 2024-07-24 00:00:00+00:00, run_after=2024-07-25 00:00:00+00:00
[2024-07-25T23:32:24.705+0000] {processor.py:183} INFO - Processing /home/airflow/.local/lib/python3.12/site-packages/airflow/example_dags/example_nested_branch_dag.py took 0.202 seconds
[2024-07-25T23:32:56.071+0000] {processor.py:161} INFO - Started process (PID=674) to work on /home/airflow/.local/lib/python3.12/site-packages/airflow/example_dags/example_nested_branch_dag.py
[2024-07-25T23:32:56.078+0000] {processor.py:830} INFO - Processing file /home/airflow/.local/lib/python3.12/site-packages/airflow/example_dags/example_nested_branch_dag.py for tasks to queue
[2024-07-25T23:32:56.081+0000] {logging_mixin.py:188} INFO - [2024-07-25T23:32:56.081+0000] {dagbag.py:545} INFO - Filling up the DagBag from /home/airflow/.local/lib/python3.12/site-packages/airflow/example_dags/example_nested_branch_dag.py
[2024-07-25T23:32:56.100+0000] {processor.py:840} INFO - DAG(s) 'example_nested_branch_dag' retrieved from /home/airflow/.local/lib/python3.12/site-packages/airflow/example_dags/example_nested_branch_dag.py
[2024-07-25T23:32:56.139+0000] {logging_mixin.py:188} INFO - [2024-07-25T23:32:56.139+0000] {dag.py:3089} INFO - Sync 1 DAGs
[2024-07-25T23:32:56.185+0000] {logging_mixin.py:188} INFO - [2024-07-25T23:32:56.185+0000] {dag.py:3947} INFO - Setting next_dagrun for example_nested_branch_dag to 2024-07-24 00:00:00+00:00, run_after=2024-07-25 00:00:00+00:00
[2024-07-25T23:32:56.216+0000] {processor.py:183} INFO - Processing /home/airflow/.local/lib/python3.12/site-packages/airflow/example_dags/example_nested_branch_dag.py took 0.154 seconds
[2024-07-25T23:33:26.746+0000] {processor.py:161} INFO - Started process (PID=737) to work on /home/airflow/.local/lib/python3.12/site-packages/airflow/example_dags/example_nested_branch_dag.py
[2024-07-25T23:33:26.749+0000] {processor.py:830} INFO - Processing file /home/airflow/.local/lib/python3.12/site-packages/airflow/example_dags/example_nested_branch_dag.py for tasks to queue
[2024-07-25T23:33:26.753+0000] {logging_mixin.py:188} INFO - [2024-07-25T23:33:26.753+0000] {dagbag.py:545} INFO - Filling up the DagBag from /home/airflow/.local/lib/python3.12/site-packages/airflow/example_dags/example_nested_branch_dag.py
[2024-07-25T23:33:26.762+0000] {processor.py:840} INFO - DAG(s) 'example_nested_branch_dag' retrieved from /home/airflow/.local/lib/python3.12/site-packages/airflow/example_dags/example_nested_branch_dag.py
[2024-07-25T23:33:26.783+0000] {logging_mixin.py:188} INFO - [2024-07-25T23:33:26.783+0000] {dag.py:3089} INFO - Sync 1 DAGs
[2024-07-25T23:33:26.802+0000] {logging_mixin.py:188} INFO - [2024-07-25T23:33:26.802+0000] {dag.py:3947} INFO - Setting next_dagrun for example_nested_branch_dag to 2024-07-24 00:00:00+00:00, run_after=2024-07-25 00:00:00+00:00
[2024-07-25T23:33:26.825+0000] {processor.py:183} INFO - Processing /home/airflow/.local/lib/python3.12/site-packages/airflow/example_dags/example_nested_branch_dag.py took 0.083 seconds
[2024-07-25T23:33:57.111+0000] {processor.py:161} INFO - Started process (PID=799) to work on /home/airflow/.local/lib/python3.12/site-packages/airflow/example_dags/example_nested_branch_dag.py
[2024-07-25T23:33:57.113+0000] {processor.py:830} INFO - Processing file /home/airflow/.local/lib/python3.12/site-packages/airflow/example_dags/example_nested_branch_dag.py for tasks to queue
[2024-07-25T23:33:57.115+0000] {logging_mixin.py:188} INFO - [2024-07-25T23:33:57.115+0000] {dagbag.py:545} INFO - Filling up the DagBag from /home/airflow/.local/lib/python3.12/site-packages/airflow/example_dags/example_nested_branch_dag.py
[2024-07-25T23:33:57.122+0000] {processor.py:840} INFO - DAG(s) 'example_nested_branch_dag' retrieved from /home/airflow/.local/lib/python3.12/site-packages/airflow/example_dags/example_nested_branch_dag.py
[2024-07-25T23:33:57.141+0000] {logging_mixin.py:188} INFO - [2024-07-25T23:33:57.141+0000] {dag.py:3089} INFO - Sync 1 DAGs
[2024-07-25T23:33:57.161+0000] {logging_mixin.py:188} INFO - [2024-07-25T23:33:57.161+0000] {dag.py:3947} INFO - Setting next_dagrun for example_nested_branch_dag to 2024-07-24 00:00:00+00:00, run_after=2024-07-25 00:00:00+00:00
[2024-07-25T23:33:57.173+0000] {processor.py:183} INFO - Processing /home/airflow/.local/lib/python3.12/site-packages/airflow/example_dags/example_nested_branch_dag.py took 0.066 seconds
[2024-07-25T23:34:27.608+0000] {processor.py:161} INFO - Started process (PID=859) to work on /home/airflow/.local/lib/python3.12/site-packages/airflow/example_dags/example_nested_branch_dag.py
[2024-07-25T23:34:27.612+0000] {processor.py:830} INFO - Processing file /home/airflow/.local/lib/python3.12/site-packages/airflow/example_dags/example_nested_branch_dag.py for tasks to queue
[2024-07-25T23:34:27.614+0000] {logging_mixin.py:188} INFO - [2024-07-25T23:34:27.614+0000] {dagbag.py:545} INFO - Filling up the DagBag from /home/airflow/.local/lib/python3.12/site-packages/airflow/example_dags/example_nested_branch_dag.py
[2024-07-25T23:34:27.621+0000] {processor.py:840} INFO - DAG(s) 'example_nested_branch_dag' retrieved from /home/airflow/.local/lib/python3.12/site-packages/airflow/example_dags/example_nested_branch_dag.py
[2024-07-25T23:34:27.638+0000] {logging_mixin.py:188} INFO - [2024-07-25T23:34:27.638+0000] {dag.py:3089} INFO - Sync 1 DAGs
[2024-07-25T23:34:27.655+0000] {logging_mixin.py:188} INFO - [2024-07-25T23:34:27.655+0000] {dag.py:3947} INFO - Setting next_dagrun for example_nested_branch_dag to 2024-07-24 00:00:00+00:00, run_after=2024-07-25 00:00:00+00:00
[2024-07-25T23:34:27.670+0000] {processor.py:183} INFO - Processing /home/airflow/.local/lib/python3.12/site-packages/airflow/example_dags/example_nested_branch_dag.py took 0.066 seconds
[2024-07-25T23:34:58.085+0000] {processor.py:161} INFO - Started process (PID=920) to work on /home/airflow/.local/lib/python3.12/site-packages/airflow/example_dags/example_nested_branch_dag.py
[2024-07-25T23:34:58.087+0000] {processor.py:830} INFO - Processing file /home/airflow/.local/lib/python3.12/site-packages/airflow/example_dags/example_nested_branch_dag.py for tasks to queue
[2024-07-25T23:34:58.091+0000] {logging_mixin.py:188} INFO - [2024-07-25T23:34:58.090+0000] {dagbag.py:545} INFO - Filling up the DagBag from /home/airflow/.local/lib/python3.12/site-packages/airflow/example_dags/example_nested_branch_dag.py
[2024-07-25T23:34:58.100+0000] {processor.py:840} INFO - DAG(s) 'example_nested_branch_dag' retrieved from /home/airflow/.local/lib/python3.12/site-packages/airflow/example_dags/example_nested_branch_dag.py
[2024-07-25T23:34:58.126+0000] {logging_mixin.py:188} INFO - [2024-07-25T23:34:58.126+0000] {dag.py:3089} INFO - Sync 1 DAGs
[2024-07-25T23:34:58.149+0000] {logging_mixin.py:188} INFO - [2024-07-25T23:34:58.149+0000] {dag.py:3947} INFO - Setting next_dagrun for example_nested_branch_dag to 2024-07-24 00:00:00+00:00, run_after=2024-07-25 00:00:00+00:00
[2024-07-25T23:34:58.173+0000] {processor.py:183} INFO - Processing /home/airflow/.local/lib/python3.12/site-packages/airflow/example_dags/example_nested_branch_dag.py took 0.092 seconds
[2024-07-25T23:35:28.894+0000] {processor.py:161} INFO - Started process (PID=980) to work on /home/airflow/.local/lib/python3.12/site-packages/airflow/example_dags/example_nested_branch_dag.py
[2024-07-25T23:35:28.897+0000] {processor.py:830} INFO - Processing file /home/airflow/.local/lib/python3.12/site-packages/airflow/example_dags/example_nested_branch_dag.py for tasks to queue
[2024-07-25T23:35:28.898+0000] {logging_mixin.py:188} INFO - [2024-07-25T23:35:28.898+0000] {dagbag.py:545} INFO - Filling up the DagBag from /home/airflow/.local/lib/python3.12/site-packages/airflow/example_dags/example_nested_branch_dag.py
[2024-07-25T23:35:28.905+0000] {processor.py:840} INFO - DAG(s) 'example_nested_branch_dag' retrieved from /home/airflow/.local/lib/python3.12/site-packages/airflow/example_dags/example_nested_branch_dag.py
[2024-07-25T23:35:28.921+0000] {logging_mixin.py:188} INFO - [2024-07-25T23:35:28.920+0000] {dag.py:3089} INFO - Sync 1 DAGs
[2024-07-25T23:35:28.937+0000] {logging_mixin.py:188} INFO - [2024-07-25T23:35:28.937+0000] {dag.py:3947} INFO - Setting next_dagrun for example_nested_branch_dag to 2024-07-24 00:00:00+00:00, run_after=2024-07-25 00:00:00+00:00
[2024-07-25T23:35:28.952+0000] {processor.py:183} INFO - Processing /home/airflow/.local/lib/python3.12/site-packages/airflow/example_dags/example_nested_branch_dag.py took 0.063 seconds
[2024-07-25T23:35:59.350+0000] {processor.py:161} INFO - Started process (PID=1040) to work on /home/airflow/.local/lib/python3.12/site-packages/airflow/example_dags/example_nested_branch_dag.py
[2024-07-25T23:35:59.353+0000] {processor.py:830} INFO - Processing file /home/airflow/.local/lib/python3.12/site-packages/airflow/example_dags/example_nested_branch_dag.py for tasks to queue
[2024-07-25T23:35:59.355+0000] {logging_mixin.py:188} INFO - [2024-07-25T23:35:59.355+0000] {dagbag.py:545} INFO - Filling up the DagBag from /home/airflow/.local/lib/python3.12/site-packages/airflow/example_dags/example_nested_branch_dag.py
[2024-07-25T23:35:59.362+0000] {processor.py:840} INFO - DAG(s) 'example_nested_branch_dag' retrieved from /home/airflow/.local/lib/python3.12/site-packages/airflow/example_dags/example_nested_branch_dag.py
[2024-07-25T23:35:59.382+0000] {logging_mixin.py:188} INFO - [2024-07-25T23:35:59.382+0000] {dag.py:3089} INFO - Sync 1 DAGs
[2024-07-25T23:35:59.401+0000] {logging_mixin.py:188} INFO - [2024-07-25T23:35:59.401+0000] {dag.py:3947} INFO - Setting next_dagrun for example_nested_branch_dag to 2024-07-24 00:00:00+00:00, run_after=2024-07-25 00:00:00+00:00
[2024-07-25T23:35:59.421+0000] {processor.py:183} INFO - Processing /home/airflow/.local/lib/python3.12/site-packages/airflow/example_dags/example_nested_branch_dag.py took 0.075 seconds
[2024-07-25T23:36:31.182+0000] {processor.py:161} INFO - Started process (PID=1100) to work on /home/airflow/.local/lib/python3.12/site-packages/airflow/example_dags/example_nested_branch_dag.py
[2024-07-25T23:36:31.184+0000] {processor.py:830} INFO - Processing file /home/airflow/.local/lib/python3.12/site-packages/airflow/example_dags/example_nested_branch_dag.py for tasks to queue
[2024-07-25T23:36:31.185+0000] {logging_mixin.py:188} INFO - [2024-07-25T23:36:31.185+0000] {dagbag.py:545} INFO - Filling up the DagBag from /home/airflow/.local/lib/python3.12/site-packages/airflow/example_dags/example_nested_branch_dag.py
[2024-07-25T23:36:31.199+0000] {processor.py:840} INFO - DAG(s) 'example_nested_branch_dag' retrieved from /home/airflow/.local/lib/python3.12/site-packages/airflow/example_dags/example_nested_branch_dag.py
[2024-07-25T23:36:31.221+0000] {logging_mixin.py:188} INFO - [2024-07-25T23:36:31.221+0000] {dag.py:3089} INFO - Sync 1 DAGs
[2024-07-25T23:36:31.244+0000] {logging_mixin.py:188} INFO - [2024-07-25T23:36:31.243+0000] {dag.py:3947} INFO - Setting next_dagrun for example_nested_branch_dag to 2024-07-24 00:00:00+00:00, run_after=2024-07-25 00:00:00+00:00
[2024-07-25T23:36:31.261+0000] {processor.py:183} INFO - Processing /home/airflow/.local/lib/python3.12/site-packages/airflow/example_dags/example_nested_branch_dag.py took 0.084 seconds
[2024-07-25T23:37:02.415+0000] {processor.py:161} INFO - Started process (PID=1159) to work on /home/airflow/.local/lib/python3.12/site-packages/airflow/example_dags/example_nested_branch_dag.py
[2024-07-25T23:37:02.418+0000] {processor.py:830} INFO - Processing file /home/airflow/.local/lib/python3.12/site-packages/airflow/example_dags/example_nested_branch_dag.py for tasks to queue
[2024-07-25T23:37:02.419+0000] {logging_mixin.py:188} INFO - [2024-07-25T23:37:02.419+0000] {dagbag.py:545} INFO - Filling up the DagBag from /home/airflow/.local/lib/python3.12/site-packages/airflow/example_dags/example_nested_branch_dag.py
[2024-07-25T23:37:02.426+0000] {processor.py:840} INFO - DAG(s) 'example_nested_branch_dag' retrieved from /home/airflow/.local/lib/python3.12/site-packages/airflow/example_dags/example_nested_branch_dag.py
[2024-07-25T23:37:02.444+0000] {logging_mixin.py:188} INFO - [2024-07-25T23:37:02.444+0000] {dag.py:3089} INFO - Sync 1 DAGs
[2024-07-25T23:37:02.463+0000] {logging_mixin.py:188} INFO - [2024-07-25T23:37:02.463+0000] {dag.py:3947} INFO - Setting next_dagrun for example_nested_branch_dag to 2024-07-24 00:00:00+00:00, run_after=2024-07-25 00:00:00+00:00
[2024-07-25T23:37:02.480+0000] {processor.py:183} INFO - Processing /home/airflow/.local/lib/python3.12/site-packages/airflow/example_dags/example_nested_branch_dag.py took 0.069 seconds
[2024-07-25T23:37:33.532+0000] {processor.py:161} INFO - Started process (PID=1219) to work on /home/airflow/.local/lib/python3.12/site-packages/airflow/example_dags/example_nested_branch_dag.py
[2024-07-25T23:37:33.537+0000] {processor.py:830} INFO - Processing file /home/airflow/.local/lib/python3.12/site-packages/airflow/example_dags/example_nested_branch_dag.py for tasks to queue
[2024-07-25T23:37:33.539+0000] {logging_mixin.py:188} INFO - [2024-07-25T23:37:33.539+0000] {dagbag.py:545} INFO - Filling up the DagBag from /home/airflow/.local/lib/python3.12/site-packages/airflow/example_dags/example_nested_branch_dag.py
[2024-07-25T23:37:33.550+0000] {processor.py:840} INFO - DAG(s) 'example_nested_branch_dag' retrieved from /home/airflow/.local/lib/python3.12/site-packages/airflow/example_dags/example_nested_branch_dag.py
[2024-07-25T23:37:33.576+0000] {logging_mixin.py:188} INFO - [2024-07-25T23:37:33.576+0000] {dag.py:3089} INFO - Sync 1 DAGs
[2024-07-25T23:37:33.603+0000] {logging_mixin.py:188} INFO - [2024-07-25T23:37:33.602+0000] {dag.py:3947} INFO - Setting next_dagrun for example_nested_branch_dag to 2024-07-24 00:00:00+00:00, run_after=2024-07-25 00:00:00+00:00
[2024-07-25T23:37:33.620+0000] {processor.py:183} INFO - Processing /home/airflow/.local/lib/python3.12/site-packages/airflow/example_dags/example_nested_branch_dag.py took 0.094 seconds
[2024-07-25T23:38:04.257+0000] {processor.py:161} INFO - Started process (PID=1279) to work on /home/airflow/.local/lib/python3.12/site-packages/airflow/example_dags/example_nested_branch_dag.py
[2024-07-25T23:38:04.259+0000] {processor.py:830} INFO - Processing file /home/airflow/.local/lib/python3.12/site-packages/airflow/example_dags/example_nested_branch_dag.py for tasks to queue
[2024-07-25T23:38:04.263+0000] {logging_mixin.py:188} INFO - [2024-07-25T23:38:04.262+0000] {dagbag.py:545} INFO - Filling up the DagBag from /home/airflow/.local/lib/python3.12/site-packages/airflow/example_dags/example_nested_branch_dag.py
[2024-07-25T23:38:04.273+0000] {processor.py:840} INFO - DAG(s) 'example_nested_branch_dag' retrieved from /home/airflow/.local/lib/python3.12/site-packages/airflow/example_dags/example_nested_branch_dag.py
[2024-07-25T23:38:04.291+0000] {logging_mixin.py:188} INFO - [2024-07-25T23:38:04.291+0000] {dag.py:3089} INFO - Sync 1 DAGs
[2024-07-25T23:38:04.309+0000] {logging_mixin.py:188} INFO - [2024-07-25T23:38:04.309+0000] {dag.py:3947} INFO - Setting next_dagrun for example_nested_branch_dag to 2024-07-24 00:00:00+00:00, run_after=2024-07-25 00:00:00+00:00
[2024-07-25T23:38:04.322+0000] {processor.py:183} INFO - Processing /home/airflow/.local/lib/python3.12/site-packages/airflow/example_dags/example_nested_branch_dag.py took 0.068 seconds
[2024-07-25T23:38:35.582+0000] {processor.py:161} INFO - Started process (PID=1345) to work on /home/airflow/.local/lib/python3.12/site-packages/airflow/example_dags/example_nested_branch_dag.py
[2024-07-25T23:38:35.587+0000] {processor.py:830} INFO - Processing file /home/airflow/.local/lib/python3.12/site-packages/airflow/example_dags/example_nested_branch_dag.py for tasks to queue
[2024-07-25T23:38:35.592+0000] {logging_mixin.py:188} INFO - [2024-07-25T23:38:35.591+0000] {dagbag.py:545} INFO - Filling up the DagBag from /home/airflow/.local/lib/python3.12/site-packages/airflow/example_dags/example_nested_branch_dag.py
[2024-07-25T23:38:35.602+0000] {processor.py:840} INFO - DAG(s) 'example_nested_branch_dag' retrieved from /home/airflow/.local/lib/python3.12/site-packages/airflow/example_dags/example_nested_branch_dag.py
[2024-07-25T23:38:35.623+0000] {logging_mixin.py:188} INFO - [2024-07-25T23:38:35.623+0000] {dag.py:3089} INFO - Sync 1 DAGs
[2024-07-25T23:38:35.650+0000] {logging_mixin.py:188} INFO - [2024-07-25T23:38:35.649+0000] {dag.py:3947} INFO - Setting next_dagrun for example_nested_branch_dag to 2024-07-24 00:00:00+00:00, run_after=2024-07-25 00:00:00+00:00
[2024-07-25T23:38:35.666+0000] {processor.py:183} INFO - Processing /home/airflow/.local/lib/python3.12/site-packages/airflow/example_dags/example_nested_branch_dag.py took 0.089 seconds
[2024-07-25T23:39:06.151+0000] {processor.py:161} INFO - Started process (PID=1405) to work on /home/airflow/.local/lib/python3.12/site-packages/airflow/example_dags/example_nested_branch_dag.py
[2024-07-25T23:39:06.152+0000] {processor.py:830} INFO - Processing file /home/airflow/.local/lib/python3.12/site-packages/airflow/example_dags/example_nested_branch_dag.py for tasks to queue
[2024-07-25T23:39:06.154+0000] {logging_mixin.py:188} INFO - [2024-07-25T23:39:06.154+0000] {dagbag.py:545} INFO - Filling up the DagBag from /home/airflow/.local/lib/python3.12/site-packages/airflow/example_dags/example_nested_branch_dag.py
[2024-07-25T23:39:06.161+0000] {processor.py:840} INFO - DAG(s) 'example_nested_branch_dag' retrieved from /home/airflow/.local/lib/python3.12/site-packages/airflow/example_dags/example_nested_branch_dag.py
[2024-07-25T23:39:06.183+0000] {logging_mixin.py:188} INFO - [2024-07-25T23:39:06.183+0000] {dag.py:3089} INFO - Sync 1 DAGs
[2024-07-25T23:39:06.199+0000] {logging_mixin.py:188} INFO - [2024-07-25T23:39:06.199+0000] {dag.py:3947} INFO - Setting next_dagrun for example_nested_branch_dag to 2024-07-24 00:00:00+00:00, run_after=2024-07-25 00:00:00+00:00
[2024-07-25T23:39:06.219+0000] {processor.py:183} INFO - Processing /home/airflow/.local/lib/python3.12/site-packages/airflow/example_dags/example_nested_branch_dag.py took 0.072 seconds
[2024-07-25T23:39:36.937+0000] {processor.py:161} INFO - Started process (PID=1465) to work on /home/airflow/.local/lib/python3.12/site-packages/airflow/example_dags/example_nested_branch_dag.py
[2024-07-25T23:39:36.940+0000] {processor.py:830} INFO - Processing file /home/airflow/.local/lib/python3.12/site-packages/airflow/example_dags/example_nested_branch_dag.py for tasks to queue
[2024-07-25T23:39:36.942+0000] {logging_mixin.py:188} INFO - [2024-07-25T23:39:36.941+0000] {dagbag.py:545} INFO - Filling up the DagBag from /home/airflow/.local/lib/python3.12/site-packages/airflow/example_dags/example_nested_branch_dag.py
[2024-07-25T23:39:36.953+0000] {processor.py:840} INFO - DAG(s) 'example_nested_branch_dag' retrieved from /home/airflow/.local/lib/python3.12/site-packages/airflow/example_dags/example_nested_branch_dag.py
[2024-07-25T23:39:36.979+0000] {logging_mixin.py:188} INFO - [2024-07-25T23:39:36.979+0000] {dag.py:3089} INFO - Sync 1 DAGs
[2024-07-25T23:39:37.002+0000] {logging_mixin.py:188} INFO - [2024-07-25T23:39:37.002+0000] {dag.py:3947} INFO - Setting next_dagrun for example_nested_branch_dag to 2024-07-24 00:00:00+00:00, run_after=2024-07-25 00:00:00+00:00
[2024-07-25T23:39:37.015+0000] {processor.py:183} INFO - Processing /home/airflow/.local/lib/python3.12/site-packages/airflow/example_dags/example_nested_branch_dag.py took 0.084 seconds
[2024-07-25T23:40:07.791+0000] {processor.py:161} INFO - Started process (PID=1525) to work on /home/airflow/.local/lib/python3.12/site-packages/airflow/example_dags/example_nested_branch_dag.py
[2024-07-25T23:40:07.801+0000] {processor.py:830} INFO - Processing file /home/airflow/.local/lib/python3.12/site-packages/airflow/example_dags/example_nested_branch_dag.py for tasks to queue
[2024-07-25T23:40:07.807+0000] {logging_mixin.py:188} INFO - [2024-07-25T23:40:07.806+0000] {dagbag.py:545} INFO - Filling up the DagBag from /home/airflow/.local/lib/python3.12/site-packages/airflow/example_dags/example_nested_branch_dag.py
[2024-07-25T23:40:07.832+0000] {processor.py:840} INFO - DAG(s) 'example_nested_branch_dag' retrieved from /home/airflow/.local/lib/python3.12/site-packages/airflow/example_dags/example_nested_branch_dag.py
[2024-07-25T23:40:07.863+0000] {logging_mixin.py:188} INFO - [2024-07-25T23:40:07.862+0000] {dag.py:3089} INFO - Sync 1 DAGs
[2024-07-25T23:40:07.899+0000] {logging_mixin.py:188} INFO - [2024-07-25T23:40:07.899+0000] {dag.py:3947} INFO - Setting next_dagrun for example_nested_branch_dag to 2024-07-24 00:00:00+00:00, run_after=2024-07-25 00:00:00+00:00
[2024-07-25T23:40:07.932+0000] {processor.py:183} INFO - Processing /home/airflow/.local/lib/python3.12/site-packages/airflow/example_dags/example_nested_branch_dag.py took 0.163 seconds
[2024-07-25T23:40:42.086+0000] {processor.py:161} INFO - Started process (PID=1585) to work on /home/airflow/.local/lib/python3.12/site-packages/airflow/example_dags/example_nested_branch_dag.py
[2024-07-25T23:40:42.094+0000] {processor.py:830} INFO - Processing file /home/airflow/.local/lib/python3.12/site-packages/airflow/example_dags/example_nested_branch_dag.py for tasks to queue
[2024-07-25T23:40:42.106+0000] {logging_mixin.py:188} INFO - [2024-07-25T23:40:42.104+0000] {dagbag.py:545} INFO - Filling up the DagBag from /home/airflow/.local/lib/python3.12/site-packages/airflow/example_dags/example_nested_branch_dag.py
[2024-07-25T23:40:42.175+0000] {processor.py:840} INFO - DAG(s) 'example_nested_branch_dag' retrieved from /home/airflow/.local/lib/python3.12/site-packages/airflow/example_dags/example_nested_branch_dag.py
[2024-07-25T23:40:42.380+0000] {logging_mixin.py:188} INFO - [2024-07-25T23:40:42.377+0000] {dag.py:3089} INFO - Sync 1 DAGs
[2024-07-25T23:40:42.636+0000] {logging_mixin.py:188} INFO - [2024-07-25T23:40:42.631+0000] {dag.py:3947} INFO - Setting next_dagrun for example_nested_branch_dag to 2024-07-24 00:00:00+00:00, run_after=2024-07-25 00:00:00+00:00
[2024-07-25T23:40:42.869+0000] {processor.py:183} INFO - Processing /home/airflow/.local/lib/python3.12/site-packages/airflow/example_dags/example_nested_branch_dag.py took 0.835 seconds
[2024-07-25T23:41:13.494+0000] {processor.py:161} INFO - Started process (PID=1643) to work on /home/airflow/.local/lib/python3.12/site-packages/airflow/example_dags/example_nested_branch_dag.py
[2024-07-25T23:41:13.496+0000] {processor.py:830} INFO - Processing file /home/airflow/.local/lib/python3.12/site-packages/airflow/example_dags/example_nested_branch_dag.py for tasks to queue
[2024-07-25T23:41:13.499+0000] {logging_mixin.py:188} INFO - [2024-07-25T23:41:13.499+0000] {dagbag.py:545} INFO - Filling up the DagBag from /home/airflow/.local/lib/python3.12/site-packages/airflow/example_dags/example_nested_branch_dag.py
[2024-07-25T23:41:13.512+0000] {processor.py:840} INFO - DAG(s) 'example_nested_branch_dag' retrieved from /home/airflow/.local/lib/python3.12/site-packages/airflow/example_dags/example_nested_branch_dag.py
[2024-07-25T23:41:13.568+0000] {logging_mixin.py:188} INFO - [2024-07-25T23:41:13.567+0000] {dag.py:3089} INFO - Sync 1 DAGs
[2024-07-25T23:41:13.591+0000] {logging_mixin.py:188} INFO - [2024-07-25T23:41:13.591+0000] {dag.py:3947} INFO - Setting next_dagrun for example_nested_branch_dag to 2024-07-24 00:00:00+00:00, run_after=2024-07-25 00:00:00+00:00
[2024-07-25T23:41:13.606+0000] {processor.py:183} INFO - Processing /home/airflow/.local/lib/python3.12/site-packages/airflow/example_dags/example_nested_branch_dag.py took 0.121 seconds
[2024-07-25T23:41:44.410+0000] {processor.py:161} INFO - Started process (PID=1703) to work on /home/airflow/.local/lib/python3.12/site-packages/airflow/example_dags/example_nested_branch_dag.py
[2024-07-25T23:41:44.412+0000] {processor.py:830} INFO - Processing file /home/airflow/.local/lib/python3.12/site-packages/airflow/example_dags/example_nested_branch_dag.py for tasks to queue
[2024-07-25T23:41:44.414+0000] {logging_mixin.py:188} INFO - [2024-07-25T23:41:44.414+0000] {dagbag.py:545} INFO - Filling up the DagBag from /home/airflow/.local/lib/python3.12/site-packages/airflow/example_dags/example_nested_branch_dag.py
[2024-07-25T23:41:44.424+0000] {processor.py:840} INFO - DAG(s) 'example_nested_branch_dag' retrieved from /home/airflow/.local/lib/python3.12/site-packages/airflow/example_dags/example_nested_branch_dag.py
[2024-07-25T23:41:44.442+0000] {logging_mixin.py:188} INFO - [2024-07-25T23:41:44.442+0000] {dag.py:3089} INFO - Sync 1 DAGs
[2024-07-25T23:41:44.459+0000] {logging_mixin.py:188} INFO - [2024-07-25T23:41:44.459+0000] {dag.py:3947} INFO - Setting next_dagrun for example_nested_branch_dag to 2024-07-24 00:00:00+00:00, run_after=2024-07-25 00:00:00+00:00
[2024-07-25T23:41:44.475+0000] {processor.py:183} INFO - Processing /home/airflow/.local/lib/python3.12/site-packages/airflow/example_dags/example_nested_branch_dag.py took 0.071 seconds
[2024-07-25T23:42:15.283+0000] {processor.py:161} INFO - Started process (PID=1763) to work on /home/airflow/.local/lib/python3.12/site-packages/airflow/example_dags/example_nested_branch_dag.py
[2024-07-25T23:42:15.286+0000] {processor.py:830} INFO - Processing file /home/airflow/.local/lib/python3.12/site-packages/airflow/example_dags/example_nested_branch_dag.py for tasks to queue
[2024-07-25T23:42:15.289+0000] {logging_mixin.py:188} INFO - [2024-07-25T23:42:15.288+0000] {dagbag.py:545} INFO - Filling up the DagBag from /home/airflow/.local/lib/python3.12/site-packages/airflow/example_dags/example_nested_branch_dag.py
[2024-07-25T23:42:15.299+0000] {processor.py:840} INFO - DAG(s) 'example_nested_branch_dag' retrieved from /home/airflow/.local/lib/python3.12/site-packages/airflow/example_dags/example_nested_branch_dag.py
[2024-07-25T23:42:15.316+0000] {logging_mixin.py:188} INFO - [2024-07-25T23:42:15.316+0000] {dag.py:3089} INFO - Sync 1 DAGs
[2024-07-25T23:42:15.331+0000] {logging_mixin.py:188} INFO - [2024-07-25T23:42:15.331+0000] {dag.py:3947} INFO - Setting next_dagrun for example_nested_branch_dag to 2024-07-24 00:00:00+00:00, run_after=2024-07-25 00:00:00+00:00
[2024-07-25T23:42:15.343+0000] {processor.py:183} INFO - Processing /home/airflow/.local/lib/python3.12/site-packages/airflow/example_dags/example_nested_branch_dag.py took 0.067 seconds
[2024-07-25T23:42:46.251+0000] {processor.py:161} INFO - Started process (PID=1823) to work on /home/airflow/.local/lib/python3.12/site-packages/airflow/example_dags/example_nested_branch_dag.py
[2024-07-25T23:42:46.253+0000] {processor.py:830} INFO - Processing file /home/airflow/.local/lib/python3.12/site-packages/airflow/example_dags/example_nested_branch_dag.py for tasks to queue
[2024-07-25T23:42:46.255+0000] {logging_mixin.py:188} INFO - [2024-07-25T23:42:46.255+0000] {dagbag.py:545} INFO - Filling up the DagBag from /home/airflow/.local/lib/python3.12/site-packages/airflow/example_dags/example_nested_branch_dag.py
[2024-07-25T23:42:46.265+0000] {processor.py:840} INFO - DAG(s) 'example_nested_branch_dag' retrieved from /home/airflow/.local/lib/python3.12/site-packages/airflow/example_dags/example_nested_branch_dag.py
[2024-07-25T23:42:46.283+0000] {logging_mixin.py:188} INFO - [2024-07-25T23:42:46.283+0000] {dag.py:3089} INFO - Sync 1 DAGs
[2024-07-25T23:42:46.298+0000] {logging_mixin.py:188} INFO - [2024-07-25T23:42:46.298+0000] {dag.py:3947} INFO - Setting next_dagrun for example_nested_branch_dag to 2024-07-24 00:00:00+00:00, run_after=2024-07-25 00:00:00+00:00
[2024-07-25T23:42:46.309+0000] {processor.py:183} INFO - Processing /home/airflow/.local/lib/python3.12/site-packages/airflow/example_dags/example_nested_branch_dag.py took 0.065 seconds
[2024-07-25T23:43:16.829+0000] {processor.py:161} INFO - Started process (PID=1883) to work on /home/airflow/.local/lib/python3.12/site-packages/airflow/example_dags/example_nested_branch_dag.py
[2024-07-25T23:43:16.831+0000] {processor.py:830} INFO - Processing file /home/airflow/.local/lib/python3.12/site-packages/airflow/example_dags/example_nested_branch_dag.py for tasks to queue
[2024-07-25T23:43:16.833+0000] {logging_mixin.py:188} INFO - [2024-07-25T23:43:16.833+0000] {dagbag.py:545} INFO - Filling up the DagBag from /home/airflow/.local/lib/python3.12/site-packages/airflow/example_dags/example_nested_branch_dag.py
[2024-07-25T23:43:16.843+0000] {processor.py:840} INFO - DAG(s) 'example_nested_branch_dag' retrieved from /home/airflow/.local/lib/python3.12/site-packages/airflow/example_dags/example_nested_branch_dag.py
[2024-07-25T23:43:16.859+0000] {logging_mixin.py:188} INFO - [2024-07-25T23:43:16.858+0000] {dag.py:3089} INFO - Sync 1 DAGs
[2024-07-25T23:43:16.878+0000] {logging_mixin.py:188} INFO - [2024-07-25T23:43:16.878+0000] {dag.py:3947} INFO - Setting next_dagrun for example_nested_branch_dag to 2024-07-24 00:00:00+00:00, run_after=2024-07-25 00:00:00+00:00
[2024-07-25T23:43:16.893+0000] {processor.py:183} INFO - Processing /home/airflow/.local/lib/python3.12/site-packages/airflow/example_dags/example_nested_branch_dag.py took 0.070 seconds
[2024-07-25T23:43:47.449+0000] {processor.py:161} INFO - Started process (PID=1943) to work on /home/airflow/.local/lib/python3.12/site-packages/airflow/example_dags/example_nested_branch_dag.py
[2024-07-25T23:43:47.451+0000] {processor.py:830} INFO - Processing file /home/airflow/.local/lib/python3.12/site-packages/airflow/example_dags/example_nested_branch_dag.py for tasks to queue
[2024-07-25T23:43:47.454+0000] {logging_mixin.py:188} INFO - [2024-07-25T23:43:47.454+0000] {dagbag.py:545} INFO - Filling up the DagBag from /home/airflow/.local/lib/python3.12/site-packages/airflow/example_dags/example_nested_branch_dag.py
[2024-07-25T23:43:47.469+0000] {processor.py:840} INFO - DAG(s) 'example_nested_branch_dag' retrieved from /home/airflow/.local/lib/python3.12/site-packages/airflow/example_dags/example_nested_branch_dag.py
[2024-07-25T23:43:47.490+0000] {logging_mixin.py:188} INFO - [2024-07-25T23:43:47.490+0000] {dag.py:3089} INFO - Sync 1 DAGs
[2024-07-25T23:43:47.636+0000] {logging_mixin.py:188} INFO - [2024-07-25T23:43:47.636+0000] {dag.py:3947} INFO - Setting next_dagrun for example_nested_branch_dag to 2024-07-24 00:00:00+00:00, run_after=2024-07-25 00:00:00+00:00
[2024-07-25T23:43:47.658+0000] {processor.py:183} INFO - Processing /home/airflow/.local/lib/python3.12/site-packages/airflow/example_dags/example_nested_branch_dag.py took 0.220 seconds
[2024-07-25T23:44:18.269+0000] {processor.py:161} INFO - Started process (PID=2002) to work on /home/airflow/.local/lib/python3.12/site-packages/airflow/example_dags/example_nested_branch_dag.py
[2024-07-25T23:44:18.272+0000] {processor.py:830} INFO - Processing file /home/airflow/.local/lib/python3.12/site-packages/airflow/example_dags/example_nested_branch_dag.py for tasks to queue
[2024-07-25T23:44:18.276+0000] {logging_mixin.py:188} INFO - [2024-07-25T23:44:18.275+0000] {dagbag.py:545} INFO - Filling up the DagBag from /home/airflow/.local/lib/python3.12/site-packages/airflow/example_dags/example_nested_branch_dag.py
[2024-07-25T23:44:18.302+0000] {processor.py:840} INFO - DAG(s) 'example_nested_branch_dag' retrieved from /home/airflow/.local/lib/python3.12/site-packages/airflow/example_dags/example_nested_branch_dag.py
[2024-07-25T23:44:18.335+0000] {logging_mixin.py:188} INFO - [2024-07-25T23:44:18.334+0000] {dag.py:3089} INFO - Sync 1 DAGs
[2024-07-25T23:44:18.370+0000] {logging_mixin.py:188} INFO - [2024-07-25T23:44:18.370+0000] {dag.py:3947} INFO - Setting next_dagrun for example_nested_branch_dag to 2024-07-24 00:00:00+00:00, run_after=2024-07-25 00:00:00+00:00
[2024-07-25T23:44:18.387+0000] {processor.py:183} INFO - Processing /home/airflow/.local/lib/python3.12/site-packages/airflow/example_dags/example_nested_branch_dag.py took 0.128 seconds
[2024-07-25T23:44:49.225+0000] {processor.py:161} INFO - Started process (PID=2062) to work on /home/airflow/.local/lib/python3.12/site-packages/airflow/example_dags/example_nested_branch_dag.py
[2024-07-25T23:44:49.228+0000] {processor.py:830} INFO - Processing file /home/airflow/.local/lib/python3.12/site-packages/airflow/example_dags/example_nested_branch_dag.py for tasks to queue
[2024-07-25T23:44:49.230+0000] {logging_mixin.py:188} INFO - [2024-07-25T23:44:49.229+0000] {dagbag.py:545} INFO - Filling up the DagBag from /home/airflow/.local/lib/python3.12/site-packages/airflow/example_dags/example_nested_branch_dag.py
[2024-07-25T23:44:49.239+0000] {processor.py:840} INFO - DAG(s) 'example_nested_branch_dag' retrieved from /home/airflow/.local/lib/python3.12/site-packages/airflow/example_dags/example_nested_branch_dag.py
[2024-07-25T23:44:49.257+0000] {logging_mixin.py:188} INFO - [2024-07-25T23:44:49.257+0000] {dag.py:3089} INFO - Sync 1 DAGs
[2024-07-25T23:44:49.271+0000] {logging_mixin.py:188} INFO - [2024-07-25T23:44:49.271+0000] {dag.py:3947} INFO - Setting next_dagrun for example_nested_branch_dag to 2024-07-24 00:00:00+00:00, run_after=2024-07-25 00:00:00+00:00
[2024-07-25T23:44:49.283+0000] {processor.py:183} INFO - Processing /home/airflow/.local/lib/python3.12/site-packages/airflow/example_dags/example_nested_branch_dag.py took 0.065 seconds
[2024-07-25T23:45:19.806+0000] {processor.py:161} INFO - Started process (PID=2122) to work on /home/airflow/.local/lib/python3.12/site-packages/airflow/example_dags/example_nested_branch_dag.py
[2024-07-25T23:45:19.807+0000] {processor.py:830} INFO - Processing file /home/airflow/.local/lib/python3.12/site-packages/airflow/example_dags/example_nested_branch_dag.py for tasks to queue
[2024-07-25T23:45:19.809+0000] {logging_mixin.py:188} INFO - [2024-07-25T23:45:19.809+0000] {dagbag.py:545} INFO - Filling up the DagBag from /home/airflow/.local/lib/python3.12/site-packages/airflow/example_dags/example_nested_branch_dag.py
[2024-07-25T23:45:19.820+0000] {processor.py:840} INFO - DAG(s) 'example_nested_branch_dag' retrieved from /home/airflow/.local/lib/python3.12/site-packages/airflow/example_dags/example_nested_branch_dag.py
[2024-07-25T23:45:19.837+0000] {logging_mixin.py:188} INFO - [2024-07-25T23:45:19.837+0000] {dag.py:3089} INFO - Sync 1 DAGs
[2024-07-25T23:45:19.852+0000] {logging_mixin.py:188} INFO - [2024-07-25T23:45:19.852+0000] {dag.py:3947} INFO - Setting next_dagrun for example_nested_branch_dag to 2024-07-24 00:00:00+00:00, run_after=2024-07-25 00:00:00+00:00
[2024-07-25T23:45:19.863+0000] {processor.py:183} INFO - Processing /home/airflow/.local/lib/python3.12/site-packages/airflow/example_dags/example_nested_branch_dag.py took 0.066 seconds
[2024-07-25T23:45:50.094+0000] {processor.py:161} INFO - Started process (PID=2182) to work on /home/airflow/.local/lib/python3.12/site-packages/airflow/example_dags/example_nested_branch_dag.py
[2024-07-25T23:45:50.096+0000] {processor.py:830} INFO - Processing file /home/airflow/.local/lib/python3.12/site-packages/airflow/example_dags/example_nested_branch_dag.py for tasks to queue
[2024-07-25T23:45:50.097+0000] {logging_mixin.py:188} INFO - [2024-07-25T23:45:50.097+0000] {dagbag.py:545} INFO - Filling up the DagBag from /home/airflow/.local/lib/python3.12/site-packages/airflow/example_dags/example_nested_branch_dag.py
[2024-07-25T23:45:50.107+0000] {processor.py:840} INFO - DAG(s) 'example_nested_branch_dag' retrieved from /home/airflow/.local/lib/python3.12/site-packages/airflow/example_dags/example_nested_branch_dag.py
[2024-07-25T23:45:50.125+0000] {logging_mixin.py:188} INFO - [2024-07-25T23:45:50.124+0000] {dag.py:3089} INFO - Sync 1 DAGs
[2024-07-25T23:45:50.140+0000] {logging_mixin.py:188} INFO - [2024-07-25T23:45:50.140+0000] {dag.py:3947} INFO - Setting next_dagrun for example_nested_branch_dag to 2024-07-24 00:00:00+00:00, run_after=2024-07-25 00:00:00+00:00
[2024-07-25T23:45:50.151+0000] {processor.py:183} INFO - Processing /home/airflow/.local/lib/python3.12/site-packages/airflow/example_dags/example_nested_branch_dag.py took 0.064 seconds
[2024-07-25T23:46:20.863+0000] {processor.py:161} INFO - Started process (PID=2242) to work on /home/airflow/.local/lib/python3.12/site-packages/airflow/example_dags/example_nested_branch_dag.py
[2024-07-25T23:46:20.865+0000] {processor.py:830} INFO - Processing file /home/airflow/.local/lib/python3.12/site-packages/airflow/example_dags/example_nested_branch_dag.py for tasks to queue
[2024-07-25T23:46:20.868+0000] {logging_mixin.py:188} INFO - [2024-07-25T23:46:20.867+0000] {dagbag.py:545} INFO - Filling up the DagBag from /home/airflow/.local/lib/python3.12/site-packages/airflow/example_dags/example_nested_branch_dag.py
[2024-07-25T23:46:20.879+0000] {processor.py:840} INFO - DAG(s) 'example_nested_branch_dag' retrieved from /home/airflow/.local/lib/python3.12/site-packages/airflow/example_dags/example_nested_branch_dag.py
[2024-07-25T23:46:20.895+0000] {logging_mixin.py:188} INFO - [2024-07-25T23:46:20.895+0000] {dag.py:3089} INFO - Sync 1 DAGs
[2024-07-25T23:46:20.915+0000] {logging_mixin.py:188} INFO - [2024-07-25T23:46:20.915+0000] {dag.py:3947} INFO - Setting next_dagrun for example_nested_branch_dag to 2024-07-24 00:00:00+00:00, run_after=2024-07-25 00:00:00+00:00
[2024-07-25T23:46:20.931+0000] {processor.py:183} INFO - Processing /home/airflow/.local/lib/python3.12/site-packages/airflow/example_dags/example_nested_branch_dag.py took 0.075 seconds
[2024-07-25T23:46:51.650+0000] {processor.py:161} INFO - Started process (PID=2302) to work on /home/airflow/.local/lib/python3.12/site-packages/airflow/example_dags/example_nested_branch_dag.py
[2024-07-25T23:46:51.652+0000] {processor.py:830} INFO - Processing file /home/airflow/.local/lib/python3.12/site-packages/airflow/example_dags/example_nested_branch_dag.py for tasks to queue
[2024-07-25T23:46:51.655+0000] {logging_mixin.py:188} INFO - [2024-07-25T23:46:51.654+0000] {dagbag.py:545} INFO - Filling up the DagBag from /home/airflow/.local/lib/python3.12/site-packages/airflow/example_dags/example_nested_branch_dag.py
[2024-07-25T23:46:51.665+0000] {processor.py:840} INFO - DAG(s) 'example_nested_branch_dag' retrieved from /home/airflow/.local/lib/python3.12/site-packages/airflow/example_dags/example_nested_branch_dag.py
[2024-07-25T23:46:51.684+0000] {logging_mixin.py:188} INFO - [2024-07-25T23:46:51.684+0000] {dag.py:3089} INFO - Sync 1 DAGs
[2024-07-25T23:46:51.701+0000] {logging_mixin.py:188} INFO - [2024-07-25T23:46:51.701+0000] {dag.py:3947} INFO - Setting next_dagrun for example_nested_branch_dag to 2024-07-24 00:00:00+00:00, run_after=2024-07-25 00:00:00+00:00
[2024-07-25T23:46:51.713+0000] {processor.py:183} INFO - Processing /home/airflow/.local/lib/python3.12/site-packages/airflow/example_dags/example_nested_branch_dag.py took 0.069 seconds
[2024-07-25T23:47:22.077+0000] {processor.py:161} INFO - Started process (PID=2362) to work on /home/airflow/.local/lib/python3.12/site-packages/airflow/example_dags/example_nested_branch_dag.py
[2024-07-25T23:47:22.079+0000] {processor.py:830} INFO - Processing file /home/airflow/.local/lib/python3.12/site-packages/airflow/example_dags/example_nested_branch_dag.py for tasks to queue
[2024-07-25T23:47:22.084+0000] {logging_mixin.py:188} INFO - [2024-07-25T23:47:22.083+0000] {dagbag.py:545} INFO - Filling up the DagBag from /home/airflow/.local/lib/python3.12/site-packages/airflow/example_dags/example_nested_branch_dag.py
[2024-07-25T23:47:22.102+0000] {processor.py:840} INFO - DAG(s) 'example_nested_branch_dag' retrieved from /home/airflow/.local/lib/python3.12/site-packages/airflow/example_dags/example_nested_branch_dag.py
[2024-07-25T23:47:22.134+0000] {logging_mixin.py:188} INFO - [2024-07-25T23:47:22.134+0000] {dag.py:3089} INFO - Sync 1 DAGs
[2024-07-25T23:47:22.158+0000] {logging_mixin.py:188} INFO - [2024-07-25T23:47:22.158+0000] {dag.py:3947} INFO - Setting next_dagrun for example_nested_branch_dag to 2024-07-24 00:00:00+00:00, run_after=2024-07-25 00:00:00+00:00
[2024-07-25T23:47:22.185+0000] {processor.py:183} INFO - Processing /home/airflow/.local/lib/python3.12/site-packages/airflow/example_dags/example_nested_branch_dag.py took 0.121 seconds
[2024-07-25T23:47:53.085+0000] {processor.py:161} INFO - Started process (PID=2421) to work on /home/airflow/.local/lib/python3.12/site-packages/airflow/example_dags/example_nested_branch_dag.py
[2024-07-25T23:47:53.087+0000] {processor.py:830} INFO - Processing file /home/airflow/.local/lib/python3.12/site-packages/airflow/example_dags/example_nested_branch_dag.py for tasks to queue
[2024-07-25T23:47:53.088+0000] {logging_mixin.py:188} INFO - [2024-07-25T23:47:53.088+0000] {dagbag.py:545} INFO - Filling up the DagBag from /home/airflow/.local/lib/python3.12/site-packages/airflow/example_dags/example_nested_branch_dag.py
[2024-07-25T23:47:53.097+0000] {processor.py:840} INFO - DAG(s) 'example_nested_branch_dag' retrieved from /home/airflow/.local/lib/python3.12/site-packages/airflow/example_dags/example_nested_branch_dag.py
[2024-07-25T23:47:53.118+0000] {logging_mixin.py:188} INFO - [2024-07-25T23:47:53.118+0000] {dag.py:3089} INFO - Sync 1 DAGs
[2024-07-25T23:47:53.137+0000] {logging_mixin.py:188} INFO - [2024-07-25T23:47:53.136+0000] {dag.py:3947} INFO - Setting next_dagrun for example_nested_branch_dag to 2024-07-24 00:00:00+00:00, run_after=2024-07-25 00:00:00+00:00
[2024-07-25T23:47:53.151+0000] {processor.py:183} INFO - Processing /home/airflow/.local/lib/python3.12/site-packages/airflow/example_dags/example_nested_branch_dag.py took 0.072 seconds
[2024-07-25T23:48:23.399+0000] {processor.py:161} INFO - Started process (PID=2481) to work on /home/airflow/.local/lib/python3.12/site-packages/airflow/example_dags/example_nested_branch_dag.py
[2024-07-25T23:48:23.401+0000] {processor.py:830} INFO - Processing file /home/airflow/.local/lib/python3.12/site-packages/airflow/example_dags/example_nested_branch_dag.py for tasks to queue
[2024-07-25T23:48:23.402+0000] {logging_mixin.py:188} INFO - [2024-07-25T23:48:23.402+0000] {dagbag.py:545} INFO - Filling up the DagBag from /home/airflow/.local/lib/python3.12/site-packages/airflow/example_dags/example_nested_branch_dag.py
[2024-07-25T23:48:23.413+0000] {processor.py:840} INFO - DAG(s) 'example_nested_branch_dag' retrieved from /home/airflow/.local/lib/python3.12/site-packages/airflow/example_dags/example_nested_branch_dag.py
[2024-07-25T23:48:23.434+0000] {logging_mixin.py:188} INFO - [2024-07-25T23:48:23.434+0000] {dag.py:3089} INFO - Sync 1 DAGs
[2024-07-25T23:48:23.454+0000] {logging_mixin.py:188} INFO - [2024-07-25T23:48:23.454+0000] {dag.py:3947} INFO - Setting next_dagrun for example_nested_branch_dag to 2024-07-24 00:00:00+00:00, run_after=2024-07-25 00:00:00+00:00
[2024-07-25T23:48:23.468+0000] {processor.py:183} INFO - Processing /home/airflow/.local/lib/python3.12/site-packages/airflow/example_dags/example_nested_branch_dag.py took 0.074 seconds
[2024-07-25T23:48:53.749+0000] {processor.py:161} INFO - Started process (PID=2541) to work on /home/airflow/.local/lib/python3.12/site-packages/airflow/example_dags/example_nested_branch_dag.py
[2024-07-25T23:48:53.751+0000] {processor.py:830} INFO - Processing file /home/airflow/.local/lib/python3.12/site-packages/airflow/example_dags/example_nested_branch_dag.py for tasks to queue
[2024-07-25T23:48:53.753+0000] {logging_mixin.py:188} INFO - [2024-07-25T23:48:53.752+0000] {dagbag.py:545} INFO - Filling up the DagBag from /home/airflow/.local/lib/python3.12/site-packages/airflow/example_dags/example_nested_branch_dag.py
[2024-07-25T23:48:53.766+0000] {processor.py:840} INFO - DAG(s) 'example_nested_branch_dag' retrieved from /home/airflow/.local/lib/python3.12/site-packages/airflow/example_dags/example_nested_branch_dag.py
[2024-07-25T23:48:53.786+0000] {logging_mixin.py:188} INFO - [2024-07-25T23:48:53.786+0000] {dag.py:3089} INFO - Sync 1 DAGs
[2024-07-25T23:48:53.804+0000] {logging_mixin.py:188} INFO - [2024-07-25T23:48:53.804+0000] {dag.py:3947} INFO - Setting next_dagrun for example_nested_branch_dag to 2024-07-24 00:00:00+00:00, run_after=2024-07-25 00:00:00+00:00
[2024-07-25T23:48:53.818+0000] {processor.py:183} INFO - Processing /home/airflow/.local/lib/python3.12/site-packages/airflow/example_dags/example_nested_branch_dag.py took 0.077 seconds
[2024-07-25T23:49:24.377+0000] {processor.py:161} INFO - Started process (PID=2601) to work on /home/airflow/.local/lib/python3.12/site-packages/airflow/example_dags/example_nested_branch_dag.py
[2024-07-25T23:49:24.379+0000] {processor.py:830} INFO - Processing file /home/airflow/.local/lib/python3.12/site-packages/airflow/example_dags/example_nested_branch_dag.py for tasks to queue
[2024-07-25T23:49:24.382+0000] {logging_mixin.py:188} INFO - [2024-07-25T23:49:24.381+0000] {dagbag.py:545} INFO - Filling up the DagBag from /home/airflow/.local/lib/python3.12/site-packages/airflow/example_dags/example_nested_branch_dag.py
[2024-07-25T23:49:24.395+0000] {processor.py:840} INFO - DAG(s) 'example_nested_branch_dag' retrieved from /home/airflow/.local/lib/python3.12/site-packages/airflow/example_dags/example_nested_branch_dag.py
[2024-07-25T23:49:24.424+0000] {logging_mixin.py:188} INFO - [2024-07-25T23:49:24.424+0000] {dag.py:3089} INFO - Sync 1 DAGs
[2024-07-25T23:49:24.441+0000] {logging_mixin.py:188} INFO - [2024-07-25T23:49:24.441+0000] {dag.py:3947} INFO - Setting next_dagrun for example_nested_branch_dag to 2024-07-24 00:00:00+00:00, run_after=2024-07-25 00:00:00+00:00
[2024-07-25T23:49:24.454+0000] {processor.py:183} INFO - Processing /home/airflow/.local/lib/python3.12/site-packages/airflow/example_dags/example_nested_branch_dag.py took 0.087 seconds
[2024-07-25T23:49:54.524+0000] {processor.py:161} INFO - Started process (PID=2660) to work on /home/airflow/.local/lib/python3.12/site-packages/airflow/example_dags/example_nested_branch_dag.py
[2024-07-25T23:49:54.527+0000] {processor.py:830} INFO - Processing file /home/airflow/.local/lib/python3.12/site-packages/airflow/example_dags/example_nested_branch_dag.py for tasks to queue
[2024-07-25T23:49:54.529+0000] {logging_mixin.py:188} INFO - [2024-07-25T23:49:54.529+0000] {dagbag.py:545} INFO - Filling up the DagBag from /home/airflow/.local/lib/python3.12/site-packages/airflow/example_dags/example_nested_branch_dag.py
[2024-07-25T23:49:54.540+0000] {processor.py:840} INFO - DAG(s) 'example_nested_branch_dag' retrieved from /home/airflow/.local/lib/python3.12/site-packages/airflow/example_dags/example_nested_branch_dag.py
[2024-07-25T23:49:54.560+0000] {logging_mixin.py:188} INFO - [2024-07-25T23:49:54.559+0000] {dag.py:3089} INFO - Sync 1 DAGs
[2024-07-25T23:49:54.575+0000] {logging_mixin.py:188} INFO - [2024-07-25T23:49:54.575+0000] {dag.py:3947} INFO - Setting next_dagrun for example_nested_branch_dag to 2024-07-24 00:00:00+00:00, run_after=2024-07-25 00:00:00+00:00
[2024-07-25T23:49:54.587+0000] {processor.py:183} INFO - Processing /home/airflow/.local/lib/python3.12/site-packages/airflow/example_dags/example_nested_branch_dag.py took 0.071 seconds
[2024-07-25T23:50:24.814+0000] {processor.py:161} INFO - Started process (PID=2720) to work on /home/airflow/.local/lib/python3.12/site-packages/airflow/example_dags/example_nested_branch_dag.py
[2024-07-25T23:50:24.817+0000] {processor.py:830} INFO - Processing file /home/airflow/.local/lib/python3.12/site-packages/airflow/example_dags/example_nested_branch_dag.py for tasks to queue
[2024-07-25T23:50:24.821+0000] {logging_mixin.py:188} INFO - [2024-07-25T23:50:24.821+0000] {dagbag.py:545} INFO - Filling up the DagBag from /home/airflow/.local/lib/python3.12/site-packages/airflow/example_dags/example_nested_branch_dag.py
[2024-07-25T23:50:24.836+0000] {processor.py:840} INFO - DAG(s) 'example_nested_branch_dag' retrieved from /home/airflow/.local/lib/python3.12/site-packages/airflow/example_dags/example_nested_branch_dag.py
[2024-07-25T23:50:24.865+0000] {logging_mixin.py:188} INFO - [2024-07-25T23:50:24.864+0000] {dag.py:3089} INFO - Sync 1 DAGs
[2024-07-25T23:50:24.886+0000] {logging_mixin.py:188} INFO - [2024-07-25T23:50:24.886+0000] {dag.py:3947} INFO - Setting next_dagrun for example_nested_branch_dag to 2024-07-24 00:00:00+00:00, run_after=2024-07-25 00:00:00+00:00
[2024-07-25T23:50:24.901+0000] {processor.py:183} INFO - Processing /home/airflow/.local/lib/python3.12/site-packages/airflow/example_dags/example_nested_branch_dag.py took 0.098 seconds
[2024-07-25T23:50:54.932+0000] {processor.py:161} INFO - Started process (PID=2780) to work on /home/airflow/.local/lib/python3.12/site-packages/airflow/example_dags/example_nested_branch_dag.py
[2024-07-25T23:50:54.934+0000] {processor.py:830} INFO - Processing file /home/airflow/.local/lib/python3.12/site-packages/airflow/example_dags/example_nested_branch_dag.py for tasks to queue
[2024-07-25T23:50:54.936+0000] {logging_mixin.py:188} INFO - [2024-07-25T23:50:54.936+0000] {dagbag.py:545} INFO - Filling up the DagBag from /home/airflow/.local/lib/python3.12/site-packages/airflow/example_dags/example_nested_branch_dag.py
[2024-07-25T23:50:54.947+0000] {processor.py:840} INFO - DAG(s) 'example_nested_branch_dag' retrieved from /home/airflow/.local/lib/python3.12/site-packages/airflow/example_dags/example_nested_branch_dag.py
[2024-07-25T23:50:54.965+0000] {logging_mixin.py:188} INFO - [2024-07-25T23:50:54.965+0000] {dag.py:3089} INFO - Sync 1 DAGs
[2024-07-25T23:50:54.981+0000] {logging_mixin.py:188} INFO - [2024-07-25T23:50:54.981+0000] {dag.py:3947} INFO - Setting next_dagrun for example_nested_branch_dag to 2024-07-24 00:00:00+00:00, run_after=2024-07-25 00:00:00+00:00
[2024-07-25T23:50:54.992+0000] {processor.py:183} INFO - Processing /home/airflow/.local/lib/python3.12/site-packages/airflow/example_dags/example_nested_branch_dag.py took 0.067 seconds
[2024-07-25T23:51:25.101+0000] {processor.py:161} INFO - Started process (PID=2840) to work on /home/airflow/.local/lib/python3.12/site-packages/airflow/example_dags/example_nested_branch_dag.py
[2024-07-25T23:51:25.102+0000] {processor.py:830} INFO - Processing file /home/airflow/.local/lib/python3.12/site-packages/airflow/example_dags/example_nested_branch_dag.py for tasks to queue
[2024-07-25T23:51:25.105+0000] {logging_mixin.py:188} INFO - [2024-07-25T23:51:25.104+0000] {dagbag.py:545} INFO - Filling up the DagBag from /home/airflow/.local/lib/python3.12/site-packages/airflow/example_dags/example_nested_branch_dag.py
[2024-07-25T23:51:25.115+0000] {processor.py:840} INFO - DAG(s) 'example_nested_branch_dag' retrieved from /home/airflow/.local/lib/python3.12/site-packages/airflow/example_dags/example_nested_branch_dag.py
[2024-07-25T23:51:25.133+0000] {logging_mixin.py:188} INFO - [2024-07-25T23:51:25.132+0000] {dag.py:3089} INFO - Sync 1 DAGs
[2024-07-25T23:51:25.148+0000] {logging_mixin.py:188} INFO - [2024-07-25T23:51:25.148+0000] {dag.py:3947} INFO - Setting next_dagrun for example_nested_branch_dag to 2024-07-24 00:00:00+00:00, run_after=2024-07-25 00:00:00+00:00
[2024-07-25T23:51:25.160+0000] {processor.py:183} INFO - Processing /home/airflow/.local/lib/python3.12/site-packages/airflow/example_dags/example_nested_branch_dag.py took 0.066 seconds
[2024-07-25T23:51:55.424+0000] {processor.py:161} INFO - Started process (PID=2900) to work on /home/airflow/.local/lib/python3.12/site-packages/airflow/example_dags/example_nested_branch_dag.py
[2024-07-25T23:51:55.426+0000] {processor.py:830} INFO - Processing file /home/airflow/.local/lib/python3.12/site-packages/airflow/example_dags/example_nested_branch_dag.py for tasks to queue
[2024-07-25T23:51:55.429+0000] {logging_mixin.py:188} INFO - [2024-07-25T23:51:55.428+0000] {dagbag.py:545} INFO - Filling up the DagBag from /home/airflow/.local/lib/python3.12/site-packages/airflow/example_dags/example_nested_branch_dag.py
[2024-07-25T23:51:55.439+0000] {processor.py:840} INFO - DAG(s) 'example_nested_branch_dag' retrieved from /home/airflow/.local/lib/python3.12/site-packages/airflow/example_dags/example_nested_branch_dag.py
[2024-07-25T23:51:55.456+0000] {logging_mixin.py:188} INFO - [2024-07-25T23:51:55.455+0000] {dag.py:3089} INFO - Sync 1 DAGs
[2024-07-25T23:51:55.473+0000] {logging_mixin.py:188} INFO - [2024-07-25T23:51:55.473+0000] {dag.py:3947} INFO - Setting next_dagrun for example_nested_branch_dag to 2024-07-24 00:00:00+00:00, run_after=2024-07-25 00:00:00+00:00
[2024-07-25T23:51:55.489+0000] {processor.py:183} INFO - Processing /home/airflow/.local/lib/python3.12/site-packages/airflow/example_dags/example_nested_branch_dag.py took 0.075 seconds
[2024-07-25T23:52:25.870+0000] {processor.py:161} INFO - Started process (PID=2960) to work on /home/airflow/.local/lib/python3.12/site-packages/airflow/example_dags/example_nested_branch_dag.py
[2024-07-25T23:52:25.872+0000] {processor.py:830} INFO - Processing file /home/airflow/.local/lib/python3.12/site-packages/airflow/example_dags/example_nested_branch_dag.py for tasks to queue
[2024-07-25T23:52:25.875+0000] {logging_mixin.py:188} INFO - [2024-07-25T23:52:25.874+0000] {dagbag.py:545} INFO - Filling up the DagBag from /home/airflow/.local/lib/python3.12/site-packages/airflow/example_dags/example_nested_branch_dag.py
[2024-07-25T23:52:25.888+0000] {processor.py:840} INFO - DAG(s) 'example_nested_branch_dag' retrieved from /home/airflow/.local/lib/python3.12/site-packages/airflow/example_dags/example_nested_branch_dag.py
[2024-07-25T23:52:25.910+0000] {logging_mixin.py:188} INFO - [2024-07-25T23:52:25.909+0000] {dag.py:3089} INFO - Sync 1 DAGs
[2024-07-25T23:52:25.925+0000] {logging_mixin.py:188} INFO - [2024-07-25T23:52:25.924+0000] {dag.py:3947} INFO - Setting next_dagrun for example_nested_branch_dag to 2024-07-24 00:00:00+00:00, run_after=2024-07-25 00:00:00+00:00
[2024-07-25T23:52:25.937+0000] {processor.py:183} INFO - Processing /home/airflow/.local/lib/python3.12/site-packages/airflow/example_dags/example_nested_branch_dag.py took 0.078 seconds
[2024-07-25T23:52:56.185+0000] {processor.py:161} INFO - Started process (PID=3020) to work on /home/airflow/.local/lib/python3.12/site-packages/airflow/example_dags/example_nested_branch_dag.py
[2024-07-25T23:52:56.186+0000] {processor.py:830} INFO - Processing file /home/airflow/.local/lib/python3.12/site-packages/airflow/example_dags/example_nested_branch_dag.py for tasks to queue
[2024-07-25T23:52:56.189+0000] {logging_mixin.py:188} INFO - [2024-07-25T23:52:56.189+0000] {dagbag.py:545} INFO - Filling up the DagBag from /home/airflow/.local/lib/python3.12/site-packages/airflow/example_dags/example_nested_branch_dag.py
[2024-07-25T23:52:56.200+0000] {processor.py:840} INFO - DAG(s) 'example_nested_branch_dag' retrieved from /home/airflow/.local/lib/python3.12/site-packages/airflow/example_dags/example_nested_branch_dag.py
[2024-07-25T23:52:56.217+0000] {logging_mixin.py:188} INFO - [2024-07-25T23:52:56.217+0000] {dag.py:3089} INFO - Sync 1 DAGs
[2024-07-25T23:52:56.232+0000] {logging_mixin.py:188} INFO - [2024-07-25T23:52:56.232+0000] {dag.py:3947} INFO - Setting next_dagrun for example_nested_branch_dag to 2024-07-24 00:00:00+00:00, run_after=2024-07-25 00:00:00+00:00
[2024-07-25T23:52:56.244+0000] {processor.py:183} INFO - Processing /home/airflow/.local/lib/python3.12/site-packages/airflow/example_dags/example_nested_branch_dag.py took 0.065 seconds
[2024-07-25T23:53:26.732+0000] {processor.py:161} INFO - Started process (PID=3080) to work on /home/airflow/.local/lib/python3.12/site-packages/airflow/example_dags/example_nested_branch_dag.py
[2024-07-25T23:53:26.733+0000] {processor.py:830} INFO - Processing file /home/airflow/.local/lib/python3.12/site-packages/airflow/example_dags/example_nested_branch_dag.py for tasks to queue
[2024-07-25T23:53:26.736+0000] {logging_mixin.py:188} INFO - [2024-07-25T23:53:26.735+0000] {dagbag.py:545} INFO - Filling up the DagBag from /home/airflow/.local/lib/python3.12/site-packages/airflow/example_dags/example_nested_branch_dag.py
[2024-07-25T23:53:26.746+0000] {processor.py:840} INFO - DAG(s) 'example_nested_branch_dag' retrieved from /home/airflow/.local/lib/python3.12/site-packages/airflow/example_dags/example_nested_branch_dag.py
[2024-07-25T23:53:26.768+0000] {logging_mixin.py:188} INFO - [2024-07-25T23:53:26.768+0000] {dag.py:3089} INFO - Sync 1 DAGs
[2024-07-25T23:53:26.783+0000] {logging_mixin.py:188} INFO - [2024-07-25T23:53:26.783+0000] {dag.py:3947} INFO - Setting next_dagrun for example_nested_branch_dag to 2024-07-24 00:00:00+00:00, run_after=2024-07-25 00:00:00+00:00
[2024-07-25T23:53:26.796+0000] {processor.py:183} INFO - Processing /home/airflow/.local/lib/python3.12/site-packages/airflow/example_dags/example_nested_branch_dag.py took 0.072 seconds
[2024-07-25T23:53:56.927+0000] {processor.py:161} INFO - Started process (PID=3140) to work on /home/airflow/.local/lib/python3.12/site-packages/airflow/example_dags/example_nested_branch_dag.py
[2024-07-25T23:53:56.928+0000] {processor.py:830} INFO - Processing file /home/airflow/.local/lib/python3.12/site-packages/airflow/example_dags/example_nested_branch_dag.py for tasks to queue
[2024-07-25T23:53:56.930+0000] {logging_mixin.py:188} INFO - [2024-07-25T23:53:56.930+0000] {dagbag.py:545} INFO - Filling up the DagBag from /home/airflow/.local/lib/python3.12/site-packages/airflow/example_dags/example_nested_branch_dag.py
[2024-07-25T23:53:56.943+0000] {processor.py:840} INFO - DAG(s) 'example_nested_branch_dag' retrieved from /home/airflow/.local/lib/python3.12/site-packages/airflow/example_dags/example_nested_branch_dag.py
[2024-07-25T23:53:56.966+0000] {logging_mixin.py:188} INFO - [2024-07-25T23:53:56.966+0000] {dag.py:3089} INFO - Sync 1 DAGs
[2024-07-25T23:53:56.987+0000] {logging_mixin.py:188} INFO - [2024-07-25T23:53:56.987+0000] {dag.py:3947} INFO - Setting next_dagrun for example_nested_branch_dag to 2024-07-24 00:00:00+00:00, run_after=2024-07-25 00:00:00+00:00
[2024-07-25T23:53:57.001+0000] {processor.py:183} INFO - Processing /home/airflow/.local/lib/python3.12/site-packages/airflow/example_dags/example_nested_branch_dag.py took 0.082 seconds
[2024-07-25T23:54:27.111+0000] {processor.py:161} INFO - Started process (PID=3200) to work on /home/airflow/.local/lib/python3.12/site-packages/airflow/example_dags/example_nested_branch_dag.py
[2024-07-25T23:54:27.114+0000] {processor.py:830} INFO - Processing file /home/airflow/.local/lib/python3.12/site-packages/airflow/example_dags/example_nested_branch_dag.py for tasks to queue
[2024-07-25T23:54:27.116+0000] {logging_mixin.py:188} INFO - [2024-07-25T23:54:27.116+0000] {dagbag.py:545} INFO - Filling up the DagBag from /home/airflow/.local/lib/python3.12/site-packages/airflow/example_dags/example_nested_branch_dag.py
[2024-07-25T23:54:27.128+0000] {processor.py:840} INFO - DAG(s) 'example_nested_branch_dag' retrieved from /home/airflow/.local/lib/python3.12/site-packages/airflow/example_dags/example_nested_branch_dag.py
[2024-07-25T23:54:27.145+0000] {logging_mixin.py:188} INFO - [2024-07-25T23:54:27.145+0000] {dag.py:3089} INFO - Sync 1 DAGs
[2024-07-25T23:54:27.161+0000] {logging_mixin.py:188} INFO - [2024-07-25T23:54:27.161+0000] {dag.py:3947} INFO - Setting next_dagrun for example_nested_branch_dag to 2024-07-24 00:00:00+00:00, run_after=2024-07-25 00:00:00+00:00
[2024-07-25T23:54:27.173+0000] {processor.py:183} INFO - Processing /home/airflow/.local/lib/python3.12/site-packages/airflow/example_dags/example_nested_branch_dag.py took 0.069 seconds
