[2024-07-25T23:17:22.188+0000] {processor.py:161} INFO - Started process (PID=75) to work on /home/airflow/.local/lib/python3.12/site-packages/airflow/example_dags/example_bash_operator.py
[2024-07-25T23:17:22.190+0000] {processor.py:830} INFO - Processing file /home/airflow/.local/lib/python3.12/site-packages/airflow/example_dags/example_bash_operator.py for tasks to queue
[2024-07-25T23:17:22.195+0000] {logging_mixin.py:188} INFO - [2024-07-25T23:17:22.194+0000] {dagbag.py:545} INFO - Filling up the DagBag from /home/airflow/.local/lib/python3.12/site-packages/airflow/example_dags/example_bash_operator.py
[2024-07-25T23:17:22.216+0000] {processor.py:840} INFO - DAG(s) 'example_bash_operator' retrieved from /home/airflow/.local/lib/python3.12/site-packages/airflow/example_dags/example_bash_operator.py
[2024-07-25T23:17:22.245+0000] {logging_mixin.py:188} INFO - [2024-07-25T23:17:22.244+0000] {dag.py:3089} INFO - Sync 1 DAGs
[2024-07-25T23:17:22.288+0000] {logging_mixin.py:188} INFO - [2024-07-25T23:17:22.288+0000] {dag.py:3947} INFO - Setting next_dagrun for example_bash_operator to 2024-07-24 00:00:00+00:00, run_after=2024-07-25 00:00:00+00:00
[2024-07-25T23:17:22.328+0000] {processor.py:183} INFO - Processing /home/airflow/.local/lib/python3.12/site-packages/airflow/example_dags/example_bash_operator.py took 0.154 seconds
[2024-07-25T23:17:52.400+0000] {processor.py:161} INFO - Started process (PID=135) to work on /home/airflow/.local/lib/python3.12/site-packages/airflow/example_dags/example_bash_operator.py
[2024-07-25T23:17:52.403+0000] {processor.py:830} INFO - Processing file /home/airflow/.local/lib/python3.12/site-packages/airflow/example_dags/example_bash_operator.py for tasks to queue
[2024-07-25T23:17:52.405+0000] {logging_mixin.py:188} INFO - [2024-07-25T23:17:52.405+0000] {dagbag.py:545} INFO - Filling up the DagBag from /home/airflow/.local/lib/python3.12/site-packages/airflow/example_dags/example_bash_operator.py
[2024-07-25T23:17:52.413+0000] {processor.py:840} INFO - DAG(s) 'example_bash_operator' retrieved from /home/airflow/.local/lib/python3.12/site-packages/airflow/example_dags/example_bash_operator.py
[2024-07-25T23:17:52.480+0000] {logging_mixin.py:188} INFO - [2024-07-25T23:17:52.479+0000] {dag.py:3089} INFO - Sync 1 DAGs
[2024-07-25T23:17:52.493+0000] {logging_mixin.py:188} INFO - [2024-07-25T23:17:52.493+0000] {dag.py:3947} INFO - Setting next_dagrun for example_bash_operator to 2024-07-24 00:00:00+00:00, run_after=2024-07-25 00:00:00+00:00
[2024-07-25T23:17:52.507+0000] {processor.py:183} INFO - Processing /home/airflow/.local/lib/python3.12/site-packages/airflow/example_dags/example_bash_operator.py took 0.110 seconds
[2024-07-25T23:18:22.718+0000] {processor.py:161} INFO - Started process (PID=195) to work on /home/airflow/.local/lib/python3.12/site-packages/airflow/example_dags/example_bash_operator.py
[2024-07-25T23:18:22.720+0000] {processor.py:830} INFO - Processing file /home/airflow/.local/lib/python3.12/site-packages/airflow/example_dags/example_bash_operator.py for tasks to queue
[2024-07-25T23:18:22.722+0000] {logging_mixin.py:188} INFO - [2024-07-25T23:18:22.722+0000] {dagbag.py:545} INFO - Filling up the DagBag from /home/airflow/.local/lib/python3.12/site-packages/airflow/example_dags/example_bash_operator.py
[2024-07-25T23:18:22.729+0000] {processor.py:840} INFO - DAG(s) 'example_bash_operator' retrieved from /home/airflow/.local/lib/python3.12/site-packages/airflow/example_dags/example_bash_operator.py
[2024-07-25T23:18:22.746+0000] {logging_mixin.py:188} INFO - [2024-07-25T23:18:22.745+0000] {dag.py:3089} INFO - Sync 1 DAGs
[2024-07-25T23:18:22.759+0000] {logging_mixin.py:188} INFO - [2024-07-25T23:18:22.759+0000] {dag.py:3947} INFO - Setting next_dagrun for example_bash_operator to 2024-07-24 00:00:00+00:00, run_after=2024-07-25 00:00:00+00:00
[2024-07-25T23:18:22.769+0000] {processor.py:183} INFO - Processing /home/airflow/.local/lib/python3.12/site-packages/airflow/example_dags/example_bash_operator.py took 0.055 seconds
[2024-07-25T23:18:53.207+0000] {processor.py:161} INFO - Started process (PID=255) to work on /home/airflow/.local/lib/python3.12/site-packages/airflow/example_dags/example_bash_operator.py
[2024-07-25T23:18:53.211+0000] {processor.py:830} INFO - Processing file /home/airflow/.local/lib/python3.12/site-packages/airflow/example_dags/example_bash_operator.py for tasks to queue
[2024-07-25T23:18:53.214+0000] {logging_mixin.py:188} INFO - [2024-07-25T23:18:53.214+0000] {dagbag.py:545} INFO - Filling up the DagBag from /home/airflow/.local/lib/python3.12/site-packages/airflow/example_dags/example_bash_operator.py
[2024-07-25T23:18:53.226+0000] {processor.py:840} INFO - DAG(s) 'example_bash_operator' retrieved from /home/airflow/.local/lib/python3.12/site-packages/airflow/example_dags/example_bash_operator.py
[2024-07-25T23:18:53.250+0000] {logging_mixin.py:188} INFO - [2024-07-25T23:18:53.250+0000] {dag.py:3089} INFO - Sync 1 DAGs
[2024-07-25T23:18:53.267+0000] {logging_mixin.py:188} INFO - [2024-07-25T23:18:53.267+0000] {dag.py:3947} INFO - Setting next_dagrun for example_bash_operator to 2024-07-24 00:00:00+00:00, run_after=2024-07-25 00:00:00+00:00
[2024-07-25T23:18:53.279+0000] {processor.py:183} INFO - Processing /home/airflow/.local/lib/python3.12/site-packages/airflow/example_dags/example_bash_operator.py took 0.077 seconds
[2024-07-25T23:19:23.521+0000] {processor.py:161} INFO - Started process (PID=315) to work on /home/airflow/.local/lib/python3.12/site-packages/airflow/example_dags/example_bash_operator.py
[2024-07-25T23:19:23.522+0000] {processor.py:830} INFO - Processing file /home/airflow/.local/lib/python3.12/site-packages/airflow/example_dags/example_bash_operator.py for tasks to queue
[2024-07-25T23:19:23.523+0000] {logging_mixin.py:188} INFO - [2024-07-25T23:19:23.523+0000] {dagbag.py:545} INFO - Filling up the DagBag from /home/airflow/.local/lib/python3.12/site-packages/airflow/example_dags/example_bash_operator.py
[2024-07-25T23:19:23.531+0000] {processor.py:840} INFO - DAG(s) 'example_bash_operator' retrieved from /home/airflow/.local/lib/python3.12/site-packages/airflow/example_dags/example_bash_operator.py
[2024-07-25T23:19:23.551+0000] {logging_mixin.py:188} INFO - [2024-07-25T23:19:23.551+0000] {dag.py:3089} INFO - Sync 1 DAGs
[2024-07-25T23:19:23.565+0000] {logging_mixin.py:188} INFO - [2024-07-25T23:19:23.564+0000] {dag.py:3947} INFO - Setting next_dagrun for example_bash_operator to 2024-07-24 00:00:00+00:00, run_after=2024-07-25 00:00:00+00:00
[2024-07-25T23:19:23.575+0000] {processor.py:183} INFO - Processing /home/airflow/.local/lib/python3.12/site-packages/airflow/example_dags/example_bash_operator.py took 0.057 seconds
[2024-07-25T23:19:54.322+0000] {processor.py:161} INFO - Started process (PID=375) to work on /home/airflow/.local/lib/python3.12/site-packages/airflow/example_dags/example_bash_operator.py
[2024-07-25T23:19:54.326+0000] {processor.py:830} INFO - Processing file /home/airflow/.local/lib/python3.12/site-packages/airflow/example_dags/example_bash_operator.py for tasks to queue
[2024-07-25T23:19:54.338+0000] {logging_mixin.py:188} INFO - [2024-07-25T23:19:54.337+0000] {dagbag.py:545} INFO - Filling up the DagBag from /home/airflow/.local/lib/python3.12/site-packages/airflow/example_dags/example_bash_operator.py
[2024-07-25T23:19:54.405+0000] {processor.py:840} INFO - DAG(s) 'example_bash_operator' retrieved from /home/airflow/.local/lib/python3.12/site-packages/airflow/example_dags/example_bash_operator.py
[2024-07-25T23:19:54.556+0000] {logging_mixin.py:188} INFO - [2024-07-25T23:19:54.555+0000] {dag.py:3089} INFO - Sync 1 DAGs
[2024-07-25T23:19:54.679+0000] {logging_mixin.py:188} INFO - [2024-07-25T23:19:54.678+0000] {dag.py:3947} INFO - Setting next_dagrun for example_bash_operator to 2024-07-24 00:00:00+00:00, run_after=2024-07-25 00:00:00+00:00
[2024-07-25T23:19:54.738+0000] {processor.py:183} INFO - Processing /home/airflow/.local/lib/python3.12/site-packages/airflow/example_dags/example_bash_operator.py took 0.450 seconds
[2024-07-25T23:20:25.729+0000] {processor.py:161} INFO - Started process (PID=435) to work on /home/airflow/.local/lib/python3.12/site-packages/airflow/example_dags/example_bash_operator.py
[2024-07-25T23:20:25.730+0000] {processor.py:830} INFO - Processing file /home/airflow/.local/lib/python3.12/site-packages/airflow/example_dags/example_bash_operator.py for tasks to queue
[2024-07-25T23:20:25.732+0000] {logging_mixin.py:188} INFO - [2024-07-25T23:20:25.732+0000] {dagbag.py:545} INFO - Filling up the DagBag from /home/airflow/.local/lib/python3.12/site-packages/airflow/example_dags/example_bash_operator.py
[2024-07-25T23:20:25.747+0000] {processor.py:840} INFO - DAG(s) 'example_bash_operator' retrieved from /home/airflow/.local/lib/python3.12/site-packages/airflow/example_dags/example_bash_operator.py
[2024-07-25T23:20:25.789+0000] {logging_mixin.py:188} INFO - [2024-07-25T23:20:25.788+0000] {dag.py:3089} INFO - Sync 1 DAGs
[2024-07-25T23:20:25.825+0000] {logging_mixin.py:188} INFO - [2024-07-25T23:20:25.825+0000] {dag.py:3947} INFO - Setting next_dagrun for example_bash_operator to 2024-07-24 00:00:00+00:00, run_after=2024-07-25 00:00:00+00:00
[2024-07-25T23:20:25.913+0000] {processor.py:183} INFO - Processing /home/airflow/.local/lib/python3.12/site-packages/airflow/example_dags/example_bash_operator.py took 0.191 seconds
[2024-07-25T23:20:56.892+0000] {processor.py:161} INFO - Started process (PID=495) to work on /home/airflow/.local/lib/python3.12/site-packages/airflow/example_dags/example_bash_operator.py
[2024-07-25T23:20:56.894+0000] {processor.py:830} INFO - Processing file /home/airflow/.local/lib/python3.12/site-packages/airflow/example_dags/example_bash_operator.py for tasks to queue
[2024-07-25T23:20:56.898+0000] {logging_mixin.py:188} INFO - [2024-07-25T23:20:56.897+0000] {dagbag.py:545} INFO - Filling up the DagBag from /home/airflow/.local/lib/python3.12/site-packages/airflow/example_dags/example_bash_operator.py
[2024-07-25T23:20:56.910+0000] {processor.py:840} INFO - DAG(s) 'example_bash_operator' retrieved from /home/airflow/.local/lib/python3.12/site-packages/airflow/example_dags/example_bash_operator.py
[2024-07-25T23:20:56.931+0000] {logging_mixin.py:188} INFO - [2024-07-25T23:20:56.931+0000] {dag.py:3089} INFO - Sync 1 DAGs
[2024-07-25T23:20:56.947+0000] {logging_mixin.py:188} INFO - [2024-07-25T23:20:56.947+0000] {dag.py:3947} INFO - Setting next_dagrun for example_bash_operator to 2024-07-24 00:00:00+00:00, run_after=2024-07-25 00:00:00+00:00
[2024-07-25T23:20:56.963+0000] {processor.py:183} INFO - Processing /home/airflow/.local/lib/python3.12/site-packages/airflow/example_dags/example_bash_operator.py took 0.078 seconds
[2024-07-25T23:21:27.592+0000] {processor.py:161} INFO - Started process (PID=555) to work on /home/airflow/.local/lib/python3.12/site-packages/airflow/example_dags/example_bash_operator.py
[2024-07-25T23:21:27.594+0000] {processor.py:830} INFO - Processing file /home/airflow/.local/lib/python3.12/site-packages/airflow/example_dags/example_bash_operator.py for tasks to queue
[2024-07-25T23:21:27.596+0000] {logging_mixin.py:188} INFO - [2024-07-25T23:21:27.595+0000] {dagbag.py:545} INFO - Filling up the DagBag from /home/airflow/.local/lib/python3.12/site-packages/airflow/example_dags/example_bash_operator.py
[2024-07-25T23:21:27.648+0000] {processor.py:840} INFO - DAG(s) 'example_bash_operator' retrieved from /home/airflow/.local/lib/python3.12/site-packages/airflow/example_dags/example_bash_operator.py
[2024-07-25T23:21:27.697+0000] {logging_mixin.py:188} INFO - [2024-07-25T23:21:27.697+0000] {dag.py:3089} INFO - Sync 1 DAGs
[2024-07-25T23:21:27.725+0000] {logging_mixin.py:188} INFO - [2024-07-25T23:21:27.724+0000] {dag.py:3947} INFO - Setting next_dagrun for example_bash_operator to 2024-07-24 00:00:00+00:00, run_after=2024-07-25 00:00:00+00:00
[2024-07-25T23:21:27.745+0000] {processor.py:183} INFO - Processing /home/airflow/.local/lib/python3.12/site-packages/airflow/example_dags/example_bash_operator.py took 0.162 seconds
[2024-07-25T23:21:58.293+0000] {processor.py:161} INFO - Started process (PID=614) to work on /home/airflow/.local/lib/python3.12/site-packages/airflow/example_dags/example_bash_operator.py
[2024-07-25T23:21:58.294+0000] {processor.py:830} INFO - Processing file /home/airflow/.local/lib/python3.12/site-packages/airflow/example_dags/example_bash_operator.py for tasks to queue
[2024-07-25T23:21:58.296+0000] {logging_mixin.py:188} INFO - [2024-07-25T23:21:58.296+0000] {dagbag.py:545} INFO - Filling up the DagBag from /home/airflow/.local/lib/python3.12/site-packages/airflow/example_dags/example_bash_operator.py
[2024-07-25T23:21:58.310+0000] {processor.py:840} INFO - DAG(s) 'example_bash_operator' retrieved from /home/airflow/.local/lib/python3.12/site-packages/airflow/example_dags/example_bash_operator.py
[2024-07-25T23:21:58.341+0000] {logging_mixin.py:188} INFO - [2024-07-25T23:21:58.341+0000] {dag.py:3089} INFO - Sync 1 DAGs
[2024-07-25T23:21:58.361+0000] {logging_mixin.py:188} INFO - [2024-07-25T23:21:58.361+0000] {dag.py:3947} INFO - Setting next_dagrun for example_bash_operator to 2024-07-24 00:00:00+00:00, run_after=2024-07-25 00:00:00+00:00
[2024-07-25T23:21:58.375+0000] {processor.py:183} INFO - Processing /home/airflow/.local/lib/python3.12/site-packages/airflow/example_dags/example_bash_operator.py took 0.093 seconds
[2024-07-25T23:22:28.918+0000] {processor.py:161} INFO - Started process (PID=673) to work on /home/airflow/.local/lib/python3.12/site-packages/airflow/example_dags/example_bash_operator.py
[2024-07-25T23:22:28.920+0000] {processor.py:830} INFO - Processing file /home/airflow/.local/lib/python3.12/site-packages/airflow/example_dags/example_bash_operator.py for tasks to queue
[2024-07-25T23:22:28.926+0000] {logging_mixin.py:188} INFO - [2024-07-25T23:22:28.925+0000] {dagbag.py:545} INFO - Filling up the DagBag from /home/airflow/.local/lib/python3.12/site-packages/airflow/example_dags/example_bash_operator.py
[2024-07-25T23:22:28.946+0000] {processor.py:840} INFO - DAG(s) 'example_bash_operator' retrieved from /home/airflow/.local/lib/python3.12/site-packages/airflow/example_dags/example_bash_operator.py
[2024-07-25T23:22:28.975+0000] {logging_mixin.py:188} INFO - [2024-07-25T23:22:28.975+0000] {dag.py:3089} INFO - Sync 1 DAGs
[2024-07-25T23:22:29.008+0000] {logging_mixin.py:188} INFO - [2024-07-25T23:22:29.007+0000] {dag.py:3947} INFO - Setting next_dagrun for example_bash_operator to 2024-07-24 00:00:00+00:00, run_after=2024-07-25 00:00:00+00:00
[2024-07-25T23:22:29.030+0000] {processor.py:183} INFO - Processing /home/airflow/.local/lib/python3.12/site-packages/airflow/example_dags/example_bash_operator.py took 0.140 seconds
[2024-07-25T23:23:00.130+0000] {processor.py:161} INFO - Started process (PID=733) to work on /home/airflow/.local/lib/python3.12/site-packages/airflow/example_dags/example_bash_operator.py
[2024-07-25T23:23:00.142+0000] {processor.py:830} INFO - Processing file /home/airflow/.local/lib/python3.12/site-packages/airflow/example_dags/example_bash_operator.py for tasks to queue
[2024-07-25T23:23:00.153+0000] {logging_mixin.py:188} INFO - [2024-07-25T23:23:00.152+0000] {dagbag.py:545} INFO - Filling up the DagBag from /home/airflow/.local/lib/python3.12/site-packages/airflow/example_dags/example_bash_operator.py
[2024-07-25T23:23:00.189+0000] {processor.py:840} INFO - DAG(s) 'example_bash_operator' retrieved from /home/airflow/.local/lib/python3.12/site-packages/airflow/example_dags/example_bash_operator.py
[2024-07-25T23:23:00.219+0000] {logging_mixin.py:188} INFO - [2024-07-25T23:23:00.218+0000] {dag.py:3089} INFO - Sync 1 DAGs
[2024-07-25T23:23:00.268+0000] {logging_mixin.py:188} INFO - [2024-07-25T23:23:00.267+0000] {dag.py:3947} INFO - Setting next_dagrun for example_bash_operator to 2024-07-24 00:00:00+00:00, run_after=2024-07-25 00:00:00+00:00
[2024-07-25T23:23:00.305+0000] {processor.py:183} INFO - Processing /home/airflow/.local/lib/python3.12/site-packages/airflow/example_dags/example_bash_operator.py took 0.216 seconds
[2024-07-25T23:23:30.440+0000] {processor.py:161} INFO - Started process (PID=793) to work on /home/airflow/.local/lib/python3.12/site-packages/airflow/example_dags/example_bash_operator.py
[2024-07-25T23:23:30.441+0000] {processor.py:830} INFO - Processing file /home/airflow/.local/lib/python3.12/site-packages/airflow/example_dags/example_bash_operator.py for tasks to queue
[2024-07-25T23:23:30.445+0000] {logging_mixin.py:188} INFO - [2024-07-25T23:23:30.445+0000] {dagbag.py:545} INFO - Filling up the DagBag from /home/airflow/.local/lib/python3.12/site-packages/airflow/example_dags/example_bash_operator.py
[2024-07-25T23:23:30.467+0000] {processor.py:840} INFO - DAG(s) 'example_bash_operator' retrieved from /home/airflow/.local/lib/python3.12/site-packages/airflow/example_dags/example_bash_operator.py
[2024-07-25T23:23:30.496+0000] {logging_mixin.py:188} INFO - [2024-07-25T23:23:30.495+0000] {dag.py:3089} INFO - Sync 1 DAGs
[2024-07-25T23:23:30.517+0000] {logging_mixin.py:188} INFO - [2024-07-25T23:23:30.517+0000] {dag.py:3947} INFO - Setting next_dagrun for example_bash_operator to 2024-07-24 00:00:00+00:00, run_after=2024-07-25 00:00:00+00:00
[2024-07-25T23:23:30.532+0000] {processor.py:183} INFO - Processing /home/airflow/.local/lib/python3.12/site-packages/airflow/example_dags/example_bash_operator.py took 0.102 seconds
[2024-07-25T23:24:05.263+0000] {processor.py:161} INFO - Started process (PID=853) to work on /home/airflow/.local/lib/python3.12/site-packages/airflow/example_dags/example_bash_operator.py
[2024-07-25T23:24:05.265+0000] {processor.py:830} INFO - Processing file /home/airflow/.local/lib/python3.12/site-packages/airflow/example_dags/example_bash_operator.py for tasks to queue
[2024-07-25T23:24:05.271+0000] {logging_mixin.py:188} INFO - [2024-07-25T23:24:05.270+0000] {dagbag.py:545} INFO - Filling up the DagBag from /home/airflow/.local/lib/python3.12/site-packages/airflow/example_dags/example_bash_operator.py
[2024-07-25T23:24:05.283+0000] {processor.py:840} INFO - DAG(s) 'example_bash_operator' retrieved from /home/airflow/.local/lib/python3.12/site-packages/airflow/example_dags/example_bash_operator.py
[2024-07-25T23:24:05.317+0000] {logging_mixin.py:188} INFO - [2024-07-25T23:24:05.317+0000] {dag.py:3089} INFO - Sync 1 DAGs
[2024-07-25T23:24:05.364+0000] {logging_mixin.py:188} INFO - [2024-07-25T23:24:05.362+0000] {dag.py:3947} INFO - Setting next_dagrun for example_bash_operator to 2024-07-24 00:00:00+00:00, run_after=2024-07-25 00:00:00+00:00
[2024-07-25T23:24:05.456+0000] {processor.py:183} INFO - Processing /home/airflow/.local/lib/python3.12/site-packages/airflow/example_dags/example_bash_operator.py took 0.199 seconds
[2024-07-25T23:24:36.439+0000] {processor.py:161} INFO - Started process (PID=913) to work on /home/airflow/.local/lib/python3.12/site-packages/airflow/example_dags/example_bash_operator.py
[2024-07-25T23:24:36.443+0000] {processor.py:830} INFO - Processing file /home/airflow/.local/lib/python3.12/site-packages/airflow/example_dags/example_bash_operator.py for tasks to queue
[2024-07-25T23:24:36.461+0000] {logging_mixin.py:188} INFO - [2024-07-25T23:24:36.461+0000] {dagbag.py:545} INFO - Filling up the DagBag from /home/airflow/.local/lib/python3.12/site-packages/airflow/example_dags/example_bash_operator.py
[2024-07-25T23:24:36.505+0000] {processor.py:840} INFO - DAG(s) 'example_bash_operator' retrieved from /home/airflow/.local/lib/python3.12/site-packages/airflow/example_dags/example_bash_operator.py
[2024-07-25T23:24:36.661+0000] {logging_mixin.py:188} INFO - [2024-07-25T23:24:36.661+0000] {dag.py:3089} INFO - Sync 1 DAGs
[2024-07-25T23:24:36.809+0000] {logging_mixin.py:188} INFO - [2024-07-25T23:24:36.809+0000] {dag.py:3947} INFO - Setting next_dagrun for example_bash_operator to 2024-07-24 00:00:00+00:00, run_after=2024-07-25 00:00:00+00:00
[2024-07-25T23:24:36.900+0000] {processor.py:183} INFO - Processing /home/airflow/.local/lib/python3.12/site-packages/airflow/example_dags/example_bash_operator.py took 0.472 seconds
[2024-07-25T23:25:07.704+0000] {processor.py:161} INFO - Started process (PID=973) to work on /home/airflow/.local/lib/python3.12/site-packages/airflow/example_dags/example_bash_operator.py
[2024-07-25T23:25:07.706+0000] {processor.py:830} INFO - Processing file /home/airflow/.local/lib/python3.12/site-packages/airflow/example_dags/example_bash_operator.py for tasks to queue
[2024-07-25T23:25:07.710+0000] {logging_mixin.py:188} INFO - [2024-07-25T23:25:07.710+0000] {dagbag.py:545} INFO - Filling up the DagBag from /home/airflow/.local/lib/python3.12/site-packages/airflow/example_dags/example_bash_operator.py
[2024-07-25T23:25:07.728+0000] {processor.py:840} INFO - DAG(s) 'example_bash_operator' retrieved from /home/airflow/.local/lib/python3.12/site-packages/airflow/example_dags/example_bash_operator.py
[2024-07-25T23:25:07.757+0000] {logging_mixin.py:188} INFO - [2024-07-25T23:25:07.757+0000] {dag.py:3089} INFO - Sync 1 DAGs
[2024-07-25T23:25:07.784+0000] {logging_mixin.py:188} INFO - [2024-07-25T23:25:07.784+0000] {dag.py:3947} INFO - Setting next_dagrun for example_bash_operator to 2024-07-24 00:00:00+00:00, run_after=2024-07-25 00:00:00+00:00
[2024-07-25T23:25:07.802+0000] {processor.py:183} INFO - Processing /home/airflow/.local/lib/python3.12/site-packages/airflow/example_dags/example_bash_operator.py took 0.104 seconds
[2024-07-25T23:27:38.262+0000] {processor.py:161} INFO - Started process (PID=79) to work on /home/airflow/.local/lib/python3.12/site-packages/airflow/example_dags/example_bash_operator.py
[2024-07-25T23:27:38.266+0000] {processor.py:830} INFO - Processing file /home/airflow/.local/lib/python3.12/site-packages/airflow/example_dags/example_bash_operator.py for tasks to queue
[2024-07-25T23:27:38.274+0000] {logging_mixin.py:188} INFO - [2024-07-25T23:27:38.273+0000] {dagbag.py:545} INFO - Filling up the DagBag from /home/airflow/.local/lib/python3.12/site-packages/airflow/example_dags/example_bash_operator.py
[2024-07-25T23:27:38.344+0000] {processor.py:840} INFO - DAG(s) 'example_bash_operator' retrieved from /home/airflow/.local/lib/python3.12/site-packages/airflow/example_dags/example_bash_operator.py
[2024-07-25T23:27:38.881+0000] {logging_mixin.py:188} INFO - [2024-07-25T23:27:38.881+0000] {dag.py:3089} INFO - Sync 1 DAGs
[2024-07-25T23:27:39.253+0000] {logging_mixin.py:188} INFO - [2024-07-25T23:27:39.245+0000] {dag.py:3947} INFO - Setting next_dagrun for example_bash_operator to 2024-07-24 00:00:00+00:00, run_after=2024-07-25 00:00:00+00:00
[2024-07-25T23:27:39.405+0000] {processor.py:183} INFO - Processing /home/airflow/.local/lib/python3.12/site-packages/airflow/example_dags/example_bash_operator.py took 1.152 seconds
[2024-07-25T23:28:19.320+0000] {processor.py:161} INFO - Started process (PID=139) to work on /home/airflow/.local/lib/python3.12/site-packages/airflow/example_dags/example_bash_operator.py
[2024-07-25T23:28:19.322+0000] {processor.py:830} INFO - Processing file /home/airflow/.local/lib/python3.12/site-packages/airflow/example_dags/example_bash_operator.py for tasks to queue
[2024-07-25T23:28:19.324+0000] {logging_mixin.py:188} INFO - [2024-07-25T23:28:19.324+0000] {dagbag.py:545} INFO - Filling up the DagBag from /home/airflow/.local/lib/python3.12/site-packages/airflow/example_dags/example_bash_operator.py
[2024-07-25T23:28:19.372+0000] {processor.py:840} INFO - DAG(s) 'example_bash_operator' retrieved from /home/airflow/.local/lib/python3.12/site-packages/airflow/example_dags/example_bash_operator.py
[2024-07-25T23:28:19.554+0000] {logging_mixin.py:188} INFO - [2024-07-25T23:28:19.552+0000] {dag.py:3089} INFO - Sync 1 DAGs
[2024-07-25T23:28:19.648+0000] {logging_mixin.py:188} INFO - [2024-07-25T23:28:19.648+0000] {dag.py:3947} INFO - Setting next_dagrun for example_bash_operator to 2024-07-24 00:00:00+00:00, run_after=2024-07-25 00:00:00+00:00
[2024-07-25T23:28:19.733+0000] {processor.py:183} INFO - Processing /home/airflow/.local/lib/python3.12/site-packages/airflow/example_dags/example_bash_operator.py took 0.426 seconds
[2024-07-25T23:28:50.352+0000] {processor.py:161} INFO - Started process (PID=199) to work on /home/airflow/.local/lib/python3.12/site-packages/airflow/example_dags/example_bash_operator.py
[2024-07-25T23:28:50.354+0000] {processor.py:830} INFO - Processing file /home/airflow/.local/lib/python3.12/site-packages/airflow/example_dags/example_bash_operator.py for tasks to queue
[2024-07-25T23:28:50.357+0000] {logging_mixin.py:188} INFO - [2024-07-25T23:28:50.357+0000] {dagbag.py:545} INFO - Filling up the DagBag from /home/airflow/.local/lib/python3.12/site-packages/airflow/example_dags/example_bash_operator.py
[2024-07-25T23:28:50.377+0000] {processor.py:840} INFO - DAG(s) 'example_bash_operator' retrieved from /home/airflow/.local/lib/python3.12/site-packages/airflow/example_dags/example_bash_operator.py
[2024-07-25T23:28:50.448+0000] {logging_mixin.py:188} INFO - [2024-07-25T23:28:50.448+0000] {dag.py:3089} INFO - Sync 1 DAGs
[2024-07-25T23:28:50.485+0000] {logging_mixin.py:188} INFO - [2024-07-25T23:28:50.484+0000] {dag.py:3947} INFO - Setting next_dagrun for example_bash_operator to 2024-07-24 00:00:00+00:00, run_after=2024-07-25 00:00:00+00:00
[2024-07-25T23:28:50.515+0000] {processor.py:183} INFO - Processing /home/airflow/.local/lib/python3.12/site-packages/airflow/example_dags/example_bash_operator.py took 0.173 seconds
[2024-07-25T23:29:20.761+0000] {processor.py:161} INFO - Started process (PID=258) to work on /home/airflow/.local/lib/python3.12/site-packages/airflow/example_dags/example_bash_operator.py
[2024-07-25T23:29:20.762+0000] {processor.py:830} INFO - Processing file /home/airflow/.local/lib/python3.12/site-packages/airflow/example_dags/example_bash_operator.py for tasks to queue
[2024-07-25T23:29:20.764+0000] {logging_mixin.py:188} INFO - [2024-07-25T23:29:20.764+0000] {dagbag.py:545} INFO - Filling up the DagBag from /home/airflow/.local/lib/python3.12/site-packages/airflow/example_dags/example_bash_operator.py
[2024-07-25T23:29:20.779+0000] {processor.py:840} INFO - DAG(s) 'example_bash_operator' retrieved from /home/airflow/.local/lib/python3.12/site-packages/airflow/example_dags/example_bash_operator.py
[2024-07-25T23:29:20.816+0000] {logging_mixin.py:188} INFO - [2024-07-25T23:29:20.816+0000] {dag.py:3089} INFO - Sync 1 DAGs
[2024-07-25T23:29:20.838+0000] {logging_mixin.py:188} INFO - [2024-07-25T23:29:20.838+0000] {dag.py:3947} INFO - Setting next_dagrun for example_bash_operator to 2024-07-24 00:00:00+00:00, run_after=2024-07-25 00:00:00+00:00
[2024-07-25T23:29:20.854+0000] {processor.py:183} INFO - Processing /home/airflow/.local/lib/python3.12/site-packages/airflow/example_dags/example_bash_operator.py took 0.100 seconds
[2024-07-25T23:29:51.284+0000] {processor.py:161} INFO - Started process (PID=323) to work on /home/airflow/.local/lib/python3.12/site-packages/airflow/example_dags/example_bash_operator.py
[2024-07-25T23:29:51.286+0000] {processor.py:830} INFO - Processing file /home/airflow/.local/lib/python3.12/site-packages/airflow/example_dags/example_bash_operator.py for tasks to queue
[2024-07-25T23:29:51.291+0000] {logging_mixin.py:188} INFO - [2024-07-25T23:29:51.291+0000] {dagbag.py:545} INFO - Filling up the DagBag from /home/airflow/.local/lib/python3.12/site-packages/airflow/example_dags/example_bash_operator.py
[2024-07-25T23:29:51.313+0000] {processor.py:840} INFO - DAG(s) 'example_bash_operator' retrieved from /home/airflow/.local/lib/python3.12/site-packages/airflow/example_dags/example_bash_operator.py
[2024-07-25T23:29:51.350+0000] {logging_mixin.py:188} INFO - [2024-07-25T23:29:51.349+0000] {dag.py:3089} INFO - Sync 1 DAGs
[2024-07-25T23:29:51.385+0000] {logging_mixin.py:188} INFO - [2024-07-25T23:29:51.385+0000] {dag.py:3947} INFO - Setting next_dagrun for example_bash_operator to 2024-07-24 00:00:00+00:00, run_after=2024-07-25 00:00:00+00:00
[2024-07-25T23:29:51.426+0000] {processor.py:183} INFO - Processing /home/airflow/.local/lib/python3.12/site-packages/airflow/example_dags/example_bash_operator.py took 0.155 seconds
[2024-07-25T23:30:23.338+0000] {processor.py:161} INFO - Started process (PID=381) to work on /home/airflow/.local/lib/python3.12/site-packages/airflow/example_dags/example_bash_operator.py
[2024-07-25T23:30:23.339+0000] {processor.py:830} INFO - Processing file /home/airflow/.local/lib/python3.12/site-packages/airflow/example_dags/example_bash_operator.py for tasks to queue
[2024-07-25T23:30:23.343+0000] {logging_mixin.py:188} INFO - [2024-07-25T23:30:23.343+0000] {dagbag.py:545} INFO - Filling up the DagBag from /home/airflow/.local/lib/python3.12/site-packages/airflow/example_dags/example_bash_operator.py
[2024-07-25T23:30:23.355+0000] {processor.py:840} INFO - DAG(s) 'example_bash_operator' retrieved from /home/airflow/.local/lib/python3.12/site-packages/airflow/example_dags/example_bash_operator.py
[2024-07-25T23:30:23.380+0000] {logging_mixin.py:188} INFO - [2024-07-25T23:30:23.380+0000] {dag.py:3089} INFO - Sync 1 DAGs
[2024-07-25T23:30:23.397+0000] {logging_mixin.py:188} INFO - [2024-07-25T23:30:23.397+0000] {dag.py:3947} INFO - Setting next_dagrun for example_bash_operator to 2024-07-24 00:00:00+00:00, run_after=2024-07-25 00:00:00+00:00
[2024-07-25T23:30:23.414+0000] {processor.py:183} INFO - Processing /home/airflow/.local/lib/python3.12/site-packages/airflow/example_dags/example_bash_operator.py took 0.082 seconds
[2024-07-25T23:30:54.120+0000] {processor.py:161} INFO - Started process (PID=441) to work on /home/airflow/.local/lib/python3.12/site-packages/airflow/example_dags/example_bash_operator.py
[2024-07-25T23:30:54.122+0000] {processor.py:830} INFO - Processing file /home/airflow/.local/lib/python3.12/site-packages/airflow/example_dags/example_bash_operator.py for tasks to queue
[2024-07-25T23:30:54.124+0000] {logging_mixin.py:188} INFO - [2024-07-25T23:30:54.123+0000] {dagbag.py:545} INFO - Filling up the DagBag from /home/airflow/.local/lib/python3.12/site-packages/airflow/example_dags/example_bash_operator.py
[2024-07-25T23:30:54.131+0000] {processor.py:840} INFO - DAG(s) 'example_bash_operator' retrieved from /home/airflow/.local/lib/python3.12/site-packages/airflow/example_dags/example_bash_operator.py
[2024-07-25T23:30:54.151+0000] {logging_mixin.py:188} INFO - [2024-07-25T23:30:54.150+0000] {dag.py:3089} INFO - Sync 1 DAGs
[2024-07-25T23:30:54.171+0000] {logging_mixin.py:188} INFO - [2024-07-25T23:30:54.171+0000] {dag.py:3947} INFO - Setting next_dagrun for example_bash_operator to 2024-07-24 00:00:00+00:00, run_after=2024-07-25 00:00:00+00:00
[2024-07-25T23:30:54.191+0000] {processor.py:183} INFO - Processing /home/airflow/.local/lib/python3.12/site-packages/airflow/example_dags/example_bash_operator.py took 0.075 seconds
[2024-07-25T23:31:24.345+0000] {processor.py:161} INFO - Started process (PID=501) to work on /home/airflow/.local/lib/python3.12/site-packages/airflow/example_dags/example_bash_operator.py
[2024-07-25T23:31:24.347+0000] {processor.py:830} INFO - Processing file /home/airflow/.local/lib/python3.12/site-packages/airflow/example_dags/example_bash_operator.py for tasks to queue
[2024-07-25T23:31:24.348+0000] {logging_mixin.py:188} INFO - [2024-07-25T23:31:24.348+0000] {dagbag.py:545} INFO - Filling up the DagBag from /home/airflow/.local/lib/python3.12/site-packages/airflow/example_dags/example_bash_operator.py
[2024-07-25T23:31:24.356+0000] {processor.py:840} INFO - DAG(s) 'example_bash_operator' retrieved from /home/airflow/.local/lib/python3.12/site-packages/airflow/example_dags/example_bash_operator.py
[2024-07-25T23:31:24.383+0000] {logging_mixin.py:188} INFO - [2024-07-25T23:31:24.382+0000] {dag.py:3089} INFO - Sync 1 DAGs
[2024-07-25T23:31:24.404+0000] {logging_mixin.py:188} INFO - [2024-07-25T23:31:24.403+0000] {dag.py:3947} INFO - Setting next_dagrun for example_bash_operator to 2024-07-24 00:00:00+00:00, run_after=2024-07-25 00:00:00+00:00
[2024-07-25T23:31:24.420+0000] {processor.py:183} INFO - Processing /home/airflow/.local/lib/python3.12/site-packages/airflow/example_dags/example_bash_operator.py took 0.079 seconds
[2024-07-25T23:31:54.799+0000] {processor.py:161} INFO - Started process (PID=561) to work on /home/airflow/.local/lib/python3.12/site-packages/airflow/example_dags/example_bash_operator.py
[2024-07-25T23:31:54.801+0000] {processor.py:830} INFO - Processing file /home/airflow/.local/lib/python3.12/site-packages/airflow/example_dags/example_bash_operator.py for tasks to queue
[2024-07-25T23:31:54.803+0000] {logging_mixin.py:188} INFO - [2024-07-25T23:31:54.802+0000] {dagbag.py:545} INFO - Filling up the DagBag from /home/airflow/.local/lib/python3.12/site-packages/airflow/example_dags/example_bash_operator.py
[2024-07-25T23:31:54.813+0000] {processor.py:840} INFO - DAG(s) 'example_bash_operator' retrieved from /home/airflow/.local/lib/python3.12/site-packages/airflow/example_dags/example_bash_operator.py
[2024-07-25T23:31:54.841+0000] {logging_mixin.py:188} INFO - [2024-07-25T23:31:54.841+0000] {dag.py:3089} INFO - Sync 1 DAGs
[2024-07-25T23:31:54.865+0000] {logging_mixin.py:188} INFO - [2024-07-25T23:31:54.864+0000] {dag.py:3947} INFO - Setting next_dagrun for example_bash_operator to 2024-07-24 00:00:00+00:00, run_after=2024-07-25 00:00:00+00:00
[2024-07-25T23:31:54.884+0000] {processor.py:183} INFO - Processing /home/airflow/.local/lib/python3.12/site-packages/airflow/example_dags/example_bash_operator.py took 0.090 seconds
[2024-07-25T23:32:25.564+0000] {processor.py:161} INFO - Started process (PID=621) to work on /home/airflow/.local/lib/python3.12/site-packages/airflow/example_dags/example_bash_operator.py
[2024-07-25T23:32:25.565+0000] {processor.py:830} INFO - Processing file /home/airflow/.local/lib/python3.12/site-packages/airflow/example_dags/example_bash_operator.py for tasks to queue
[2024-07-25T23:32:25.567+0000] {logging_mixin.py:188} INFO - [2024-07-25T23:32:25.567+0000] {dagbag.py:545} INFO - Filling up the DagBag from /home/airflow/.local/lib/python3.12/site-packages/airflow/example_dags/example_bash_operator.py
[2024-07-25T23:32:25.575+0000] {processor.py:840} INFO - DAG(s) 'example_bash_operator' retrieved from /home/airflow/.local/lib/python3.12/site-packages/airflow/example_dags/example_bash_operator.py
[2024-07-25T23:32:25.600+0000] {logging_mixin.py:188} INFO - [2024-07-25T23:32:25.600+0000] {dag.py:3089} INFO - Sync 1 DAGs
[2024-07-25T23:32:25.618+0000] {logging_mixin.py:188} INFO - [2024-07-25T23:32:25.618+0000] {dag.py:3947} INFO - Setting next_dagrun for example_bash_operator to 2024-07-24 00:00:00+00:00, run_after=2024-07-25 00:00:00+00:00
[2024-07-25T23:32:25.637+0000] {processor.py:183} INFO - Processing /home/airflow/.local/lib/python3.12/site-packages/airflow/example_dags/example_bash_operator.py took 0.076 seconds
[2024-07-25T23:32:56.405+0000] {processor.py:161} INFO - Started process (PID=681) to work on /home/airflow/.local/lib/python3.12/site-packages/airflow/example_dags/example_bash_operator.py
[2024-07-25T23:32:56.409+0000] {processor.py:830} INFO - Processing file /home/airflow/.local/lib/python3.12/site-packages/airflow/example_dags/example_bash_operator.py for tasks to queue
[2024-07-25T23:32:56.419+0000] {logging_mixin.py:188} INFO - [2024-07-25T23:32:56.418+0000] {dagbag.py:545} INFO - Filling up the DagBag from /home/airflow/.local/lib/python3.12/site-packages/airflow/example_dags/example_bash_operator.py
[2024-07-25T23:32:56.444+0000] {processor.py:840} INFO - DAG(s) 'example_bash_operator' retrieved from /home/airflow/.local/lib/python3.12/site-packages/airflow/example_dags/example_bash_operator.py
[2024-07-25T23:32:56.494+0000] {logging_mixin.py:188} INFO - [2024-07-25T23:32:56.494+0000] {dag.py:3089} INFO - Sync 1 DAGs
[2024-07-25T23:32:56.562+0000] {logging_mixin.py:188} INFO - [2024-07-25T23:32:56.561+0000] {dag.py:3947} INFO - Setting next_dagrun for example_bash_operator to 2024-07-24 00:00:00+00:00, run_after=2024-07-25 00:00:00+00:00
[2024-07-25T23:32:56.607+0000] {processor.py:183} INFO - Processing /home/airflow/.local/lib/python3.12/site-packages/airflow/example_dags/example_bash_operator.py took 0.210 seconds
[2024-07-25T23:33:26.843+0000] {processor.py:161} INFO - Started process (PID=741) to work on /home/airflow/.local/lib/python3.12/site-packages/airflow/example_dags/example_bash_operator.py
[2024-07-25T23:33:26.844+0000] {processor.py:830} INFO - Processing file /home/airflow/.local/lib/python3.12/site-packages/airflow/example_dags/example_bash_operator.py for tasks to queue
[2024-07-25T23:33:26.845+0000] {logging_mixin.py:188} INFO - [2024-07-25T23:33:26.845+0000] {dagbag.py:545} INFO - Filling up the DagBag from /home/airflow/.local/lib/python3.12/site-packages/airflow/example_dags/example_bash_operator.py
[2024-07-25T23:33:26.854+0000] {processor.py:840} INFO - DAG(s) 'example_bash_operator' retrieved from /home/airflow/.local/lib/python3.12/site-packages/airflow/example_dags/example_bash_operator.py
[2024-07-25T23:33:26.874+0000] {logging_mixin.py:188} INFO - [2024-07-25T23:33:26.874+0000] {dag.py:3089} INFO - Sync 1 DAGs
[2024-07-25T23:33:26.893+0000] {logging_mixin.py:188} INFO - [2024-07-25T23:33:26.893+0000] {dag.py:3947} INFO - Setting next_dagrun for example_bash_operator to 2024-07-24 00:00:00+00:00, run_after=2024-07-25 00:00:00+00:00
[2024-07-25T23:33:26.912+0000] {processor.py:183} INFO - Processing /home/airflow/.local/lib/python3.12/site-packages/airflow/example_dags/example_bash_operator.py took 0.073 seconds
[2024-07-25T23:33:57.025+0000] {processor.py:161} INFO - Started process (PID=797) to work on /home/airflow/.local/lib/python3.12/site-packages/airflow/example_dags/example_bash_operator.py
[2024-07-25T23:33:57.026+0000] {processor.py:830} INFO - Processing file /home/airflow/.local/lib/python3.12/site-packages/airflow/example_dags/example_bash_operator.py for tasks to queue
[2024-07-25T23:33:57.027+0000] {logging_mixin.py:188} INFO - [2024-07-25T23:33:57.027+0000] {dagbag.py:545} INFO - Filling up the DagBag from /home/airflow/.local/lib/python3.12/site-packages/airflow/example_dags/example_bash_operator.py
[2024-07-25T23:33:57.036+0000] {processor.py:840} INFO - DAG(s) 'example_bash_operator' retrieved from /home/airflow/.local/lib/python3.12/site-packages/airflow/example_dags/example_bash_operator.py
[2024-07-25T23:33:57.059+0000] {logging_mixin.py:188} INFO - [2024-07-25T23:33:57.058+0000] {dag.py:3089} INFO - Sync 1 DAGs
[2024-07-25T23:33:57.077+0000] {logging_mixin.py:188} INFO - [2024-07-25T23:33:57.077+0000] {dag.py:3947} INFO - Setting next_dagrun for example_bash_operator to 2024-07-24 00:00:00+00:00, run_after=2024-07-25 00:00:00+00:00
[2024-07-25T23:33:57.089+0000] {processor.py:183} INFO - Processing /home/airflow/.local/lib/python3.12/site-packages/airflow/example_dags/example_bash_operator.py took 0.068 seconds
[2024-07-25T23:34:27.524+0000] {processor.py:161} INFO - Started process (PID=857) to work on /home/airflow/.local/lib/python3.12/site-packages/airflow/example_dags/example_bash_operator.py
[2024-07-25T23:34:27.527+0000] {processor.py:830} INFO - Processing file /home/airflow/.local/lib/python3.12/site-packages/airflow/example_dags/example_bash_operator.py for tasks to queue
[2024-07-25T23:34:27.528+0000] {logging_mixin.py:188} INFO - [2024-07-25T23:34:27.528+0000] {dagbag.py:545} INFO - Filling up the DagBag from /home/airflow/.local/lib/python3.12/site-packages/airflow/example_dags/example_bash_operator.py
[2024-07-25T23:34:27.536+0000] {processor.py:840} INFO - DAG(s) 'example_bash_operator' retrieved from /home/airflow/.local/lib/python3.12/site-packages/airflow/example_dags/example_bash_operator.py
[2024-07-25T23:34:27.557+0000] {logging_mixin.py:188} INFO - [2024-07-25T23:34:27.557+0000] {dag.py:3089} INFO - Sync 1 DAGs
[2024-07-25T23:34:27.575+0000] {logging_mixin.py:188} INFO - [2024-07-25T23:34:27.575+0000] {dag.py:3947} INFO - Setting next_dagrun for example_bash_operator to 2024-07-24 00:00:00+00:00, run_after=2024-07-25 00:00:00+00:00
[2024-07-25T23:34:27.591+0000] {processor.py:183} INFO - Processing /home/airflow/.local/lib/python3.12/site-packages/airflow/example_dags/example_bash_operator.py took 0.074 seconds
[2024-07-25T23:34:57.912+0000] {processor.py:161} INFO - Started process (PID=916) to work on /home/airflow/.local/lib/python3.12/site-packages/airflow/example_dags/example_bash_operator.py
[2024-07-25T23:34:57.913+0000] {processor.py:830} INFO - Processing file /home/airflow/.local/lib/python3.12/site-packages/airflow/example_dags/example_bash_operator.py for tasks to queue
[2024-07-25T23:34:57.915+0000] {logging_mixin.py:188} INFO - [2024-07-25T23:34:57.915+0000] {dagbag.py:545} INFO - Filling up the DagBag from /home/airflow/.local/lib/python3.12/site-packages/airflow/example_dags/example_bash_operator.py
[2024-07-25T23:34:57.924+0000] {processor.py:840} INFO - DAG(s) 'example_bash_operator' retrieved from /home/airflow/.local/lib/python3.12/site-packages/airflow/example_dags/example_bash_operator.py
[2024-07-25T23:34:57.950+0000] {logging_mixin.py:188} INFO - [2024-07-25T23:34:57.950+0000] {dag.py:3089} INFO - Sync 1 DAGs
[2024-07-25T23:34:57.970+0000] {logging_mixin.py:188} INFO - [2024-07-25T23:34:57.969+0000] {dag.py:3947} INFO - Setting next_dagrun for example_bash_operator to 2024-07-24 00:00:00+00:00, run_after=2024-07-25 00:00:00+00:00
[2024-07-25T23:34:57.991+0000] {processor.py:183} INFO - Processing /home/airflow/.local/lib/python3.12/site-packages/airflow/example_dags/example_bash_operator.py took 0.083 seconds
[2024-07-25T23:35:28.738+0000] {processor.py:161} INFO - Started process (PID=976) to work on /home/airflow/.local/lib/python3.12/site-packages/airflow/example_dags/example_bash_operator.py
[2024-07-25T23:35:28.740+0000] {processor.py:830} INFO - Processing file /home/airflow/.local/lib/python3.12/site-packages/airflow/example_dags/example_bash_operator.py for tasks to queue
[2024-07-25T23:35:28.742+0000] {logging_mixin.py:188} INFO - [2024-07-25T23:35:28.742+0000] {dagbag.py:545} INFO - Filling up the DagBag from /home/airflow/.local/lib/python3.12/site-packages/airflow/example_dags/example_bash_operator.py
[2024-07-25T23:35:28.753+0000] {processor.py:840} INFO - DAG(s) 'example_bash_operator' retrieved from /home/airflow/.local/lib/python3.12/site-packages/airflow/example_dags/example_bash_operator.py
[2024-07-25T23:35:28.777+0000] {logging_mixin.py:188} INFO - [2024-07-25T23:35:28.777+0000] {dag.py:3089} INFO - Sync 1 DAGs
[2024-07-25T23:35:28.794+0000] {logging_mixin.py:188} INFO - [2024-07-25T23:35:28.794+0000] {dag.py:3947} INFO - Setting next_dagrun for example_bash_operator to 2024-07-24 00:00:00+00:00, run_after=2024-07-25 00:00:00+00:00
[2024-07-25T23:35:28.811+0000] {processor.py:183} INFO - Processing /home/airflow/.local/lib/python3.12/site-packages/airflow/example_dags/example_bash_operator.py took 0.078 seconds
[2024-07-25T23:35:59.165+0000] {processor.py:161} INFO - Started process (PID=1036) to work on /home/airflow/.local/lib/python3.12/site-packages/airflow/example_dags/example_bash_operator.py
[2024-07-25T23:35:59.168+0000] {processor.py:830} INFO - Processing file /home/airflow/.local/lib/python3.12/site-packages/airflow/example_dags/example_bash_operator.py for tasks to queue
[2024-07-25T23:35:59.169+0000] {logging_mixin.py:188} INFO - [2024-07-25T23:35:59.169+0000] {dagbag.py:545} INFO - Filling up the DagBag from /home/airflow/.local/lib/python3.12/site-packages/airflow/example_dags/example_bash_operator.py
[2024-07-25T23:35:59.184+0000] {processor.py:840} INFO - DAG(s) 'example_bash_operator' retrieved from /home/airflow/.local/lib/python3.12/site-packages/airflow/example_dags/example_bash_operator.py
[2024-07-25T23:35:59.206+0000] {logging_mixin.py:188} INFO - [2024-07-25T23:35:59.206+0000] {dag.py:3089} INFO - Sync 1 DAGs
[2024-07-25T23:35:59.227+0000] {logging_mixin.py:188} INFO - [2024-07-25T23:35:59.227+0000] {dag.py:3947} INFO - Setting next_dagrun for example_bash_operator to 2024-07-24 00:00:00+00:00, run_after=2024-07-25 00:00:00+00:00
[2024-07-25T23:35:59.247+0000] {processor.py:183} INFO - Processing /home/airflow/.local/lib/python3.12/site-packages/airflow/example_dags/example_bash_operator.py took 0.087 seconds
[2024-07-25T23:36:30.930+0000] {processor.py:161} INFO - Started process (PID=1096) to work on /home/airflow/.local/lib/python3.12/site-packages/airflow/example_dags/example_bash_operator.py
[2024-07-25T23:36:30.931+0000] {processor.py:830} INFO - Processing file /home/airflow/.local/lib/python3.12/site-packages/airflow/example_dags/example_bash_operator.py for tasks to queue
[2024-07-25T23:36:30.932+0000] {logging_mixin.py:188} INFO - [2024-07-25T23:36:30.932+0000] {dagbag.py:545} INFO - Filling up the DagBag from /home/airflow/.local/lib/python3.12/site-packages/airflow/example_dags/example_bash_operator.py
[2024-07-25T23:36:30.942+0000] {processor.py:840} INFO - DAG(s) 'example_bash_operator' retrieved from /home/airflow/.local/lib/python3.12/site-packages/airflow/example_dags/example_bash_operator.py
[2024-07-25T23:36:31.027+0000] {logging_mixin.py:188} INFO - [2024-07-25T23:36:31.026+0000] {dag.py:3089} INFO - Sync 1 DAGs
[2024-07-25T23:36:31.062+0000] {logging_mixin.py:188} INFO - [2024-07-25T23:36:31.062+0000] {dag.py:3947} INFO - Setting next_dagrun for example_bash_operator to 2024-07-24 00:00:00+00:00, run_after=2024-07-25 00:00:00+00:00
[2024-07-25T23:36:31.081+0000] {processor.py:183} INFO - Processing /home/airflow/.local/lib/python3.12/site-packages/airflow/example_dags/example_bash_operator.py took 0.159 seconds
[2024-07-25T23:37:02.219+0000] {processor.py:161} INFO - Started process (PID=1155) to work on /home/airflow/.local/lib/python3.12/site-packages/airflow/example_dags/example_bash_operator.py
[2024-07-25T23:37:02.221+0000] {processor.py:830} INFO - Processing file /home/airflow/.local/lib/python3.12/site-packages/airflow/example_dags/example_bash_operator.py for tasks to queue
[2024-07-25T23:37:02.222+0000] {logging_mixin.py:188} INFO - [2024-07-25T23:37:02.222+0000] {dagbag.py:545} INFO - Filling up the DagBag from /home/airflow/.local/lib/python3.12/site-packages/airflow/example_dags/example_bash_operator.py
[2024-07-25T23:37:02.231+0000] {processor.py:840} INFO - DAG(s) 'example_bash_operator' retrieved from /home/airflow/.local/lib/python3.12/site-packages/airflow/example_dags/example_bash_operator.py
[2024-07-25T23:37:02.252+0000] {logging_mixin.py:188} INFO - [2024-07-25T23:37:02.252+0000] {dag.py:3089} INFO - Sync 1 DAGs
[2024-07-25T23:37:02.273+0000] {logging_mixin.py:188} INFO - [2024-07-25T23:37:02.273+0000] {dag.py:3947} INFO - Setting next_dagrun for example_bash_operator to 2024-07-24 00:00:00+00:00, run_after=2024-07-25 00:00:00+00:00
[2024-07-25T23:37:02.291+0000] {processor.py:183} INFO - Processing /home/airflow/.local/lib/python3.12/site-packages/airflow/example_dags/example_bash_operator.py took 0.077 seconds
[2024-07-25T23:37:33.210+0000] {processor.py:161} INFO - Started process (PID=1215) to work on /home/airflow/.local/lib/python3.12/site-packages/airflow/example_dags/example_bash_operator.py
[2024-07-25T23:37:33.212+0000] {processor.py:830} INFO - Processing file /home/airflow/.local/lib/python3.12/site-packages/airflow/example_dags/example_bash_operator.py for tasks to queue
[2024-07-25T23:37:33.214+0000] {logging_mixin.py:188} INFO - [2024-07-25T23:37:33.214+0000] {dagbag.py:545} INFO - Filling up the DagBag from /home/airflow/.local/lib/python3.12/site-packages/airflow/example_dags/example_bash_operator.py
[2024-07-25T23:37:33.225+0000] {processor.py:840} INFO - DAG(s) 'example_bash_operator' retrieved from /home/airflow/.local/lib/python3.12/site-packages/airflow/example_dags/example_bash_operator.py
[2024-07-25T23:37:33.264+0000] {logging_mixin.py:188} INFO - [2024-07-25T23:37:33.264+0000] {dag.py:3089} INFO - Sync 1 DAGs
[2024-07-25T23:37:33.292+0000] {logging_mixin.py:188} INFO - [2024-07-25T23:37:33.292+0000] {dag.py:3947} INFO - Setting next_dagrun for example_bash_operator to 2024-07-24 00:00:00+00:00, run_after=2024-07-25 00:00:00+00:00
[2024-07-25T23:37:33.330+0000] {processor.py:183} INFO - Processing /home/airflow/.local/lib/python3.12/site-packages/airflow/example_dags/example_bash_operator.py took 0.128 seconds
[2024-07-25T23:38:04.097+0000] {processor.py:161} INFO - Started process (PID=1275) to work on /home/airflow/.local/lib/python3.12/site-packages/airflow/example_dags/example_bash_operator.py
[2024-07-25T23:38:04.102+0000] {processor.py:830} INFO - Processing file /home/airflow/.local/lib/python3.12/site-packages/airflow/example_dags/example_bash_operator.py for tasks to queue
[2024-07-25T23:38:04.105+0000] {logging_mixin.py:188} INFO - [2024-07-25T23:38:04.105+0000] {dagbag.py:545} INFO - Filling up the DagBag from /home/airflow/.local/lib/python3.12/site-packages/airflow/example_dags/example_bash_operator.py
[2024-07-25T23:38:04.115+0000] {processor.py:840} INFO - DAG(s) 'example_bash_operator' retrieved from /home/airflow/.local/lib/python3.12/site-packages/airflow/example_dags/example_bash_operator.py
[2024-07-25T23:38:04.138+0000] {logging_mixin.py:188} INFO - [2024-07-25T23:38:04.138+0000] {dag.py:3089} INFO - Sync 1 DAGs
[2024-07-25T23:38:04.157+0000] {logging_mixin.py:188} INFO - [2024-07-25T23:38:04.156+0000] {dag.py:3947} INFO - Setting next_dagrun for example_bash_operator to 2024-07-24 00:00:00+00:00, run_after=2024-07-25 00:00:00+00:00
[2024-07-25T23:38:04.168+0000] {processor.py:183} INFO - Processing /home/airflow/.local/lib/python3.12/site-packages/airflow/example_dags/example_bash_operator.py took 0.075 seconds
[2024-07-25T23:38:35.323+0000] {processor.py:161} INFO - Started process (PID=1341) to work on /home/airflow/.local/lib/python3.12/site-packages/airflow/example_dags/example_bash_operator.py
[2024-07-25T23:38:35.324+0000] {processor.py:830} INFO - Processing file /home/airflow/.local/lib/python3.12/site-packages/airflow/example_dags/example_bash_operator.py for tasks to queue
[2024-07-25T23:38:35.325+0000] {logging_mixin.py:188} INFO - [2024-07-25T23:38:35.325+0000] {dagbag.py:545} INFO - Filling up the DagBag from /home/airflow/.local/lib/python3.12/site-packages/airflow/example_dags/example_bash_operator.py
[2024-07-25T23:38:35.336+0000] {processor.py:840} INFO - DAG(s) 'example_bash_operator' retrieved from /home/airflow/.local/lib/python3.12/site-packages/airflow/example_dags/example_bash_operator.py
[2024-07-25T23:38:35.367+0000] {logging_mixin.py:188} INFO - [2024-07-25T23:38:35.367+0000] {dag.py:3089} INFO - Sync 1 DAGs
[2024-07-25T23:38:35.388+0000] {logging_mixin.py:188} INFO - [2024-07-25T23:38:35.388+0000] {dag.py:3947} INFO - Setting next_dagrun for example_bash_operator to 2024-07-24 00:00:00+00:00, run_after=2024-07-25 00:00:00+00:00
[2024-07-25T23:38:35.436+0000] {processor.py:183} INFO - Processing /home/airflow/.local/lib/python3.12/site-packages/airflow/example_dags/example_bash_operator.py took 0.118 seconds
[2024-07-25T23:39:05.982+0000] {processor.py:161} INFO - Started process (PID=1401) to work on /home/airflow/.local/lib/python3.12/site-packages/airflow/example_dags/example_bash_operator.py
[2024-07-25T23:39:05.984+0000] {processor.py:830} INFO - Processing file /home/airflow/.local/lib/python3.12/site-packages/airflow/example_dags/example_bash_operator.py for tasks to queue
[2024-07-25T23:39:05.988+0000] {logging_mixin.py:188} INFO - [2024-07-25T23:39:05.987+0000] {dagbag.py:545} INFO - Filling up the DagBag from /home/airflow/.local/lib/python3.12/site-packages/airflow/example_dags/example_bash_operator.py
[2024-07-25T23:39:06.001+0000] {processor.py:840} INFO - DAG(s) 'example_bash_operator' retrieved from /home/airflow/.local/lib/python3.12/site-packages/airflow/example_dags/example_bash_operator.py
[2024-07-25T23:39:06.027+0000] {logging_mixin.py:188} INFO - [2024-07-25T23:39:06.027+0000] {dag.py:3089} INFO - Sync 1 DAGs
[2024-07-25T23:39:06.044+0000] {logging_mixin.py:188} INFO - [2024-07-25T23:39:06.044+0000] {dag.py:3947} INFO - Setting next_dagrun for example_bash_operator to 2024-07-24 00:00:00+00:00, run_after=2024-07-25 00:00:00+00:00
[2024-07-25T23:39:06.060+0000] {processor.py:183} INFO - Processing /home/airflow/.local/lib/python3.12/site-packages/airflow/example_dags/example_bash_operator.py took 0.088 seconds
[2024-07-25T23:39:36.602+0000] {processor.py:161} INFO - Started process (PID=1461) to work on /home/airflow/.local/lib/python3.12/site-packages/airflow/example_dags/example_bash_operator.py
[2024-07-25T23:39:36.603+0000] {processor.py:830} INFO - Processing file /home/airflow/.local/lib/python3.12/site-packages/airflow/example_dags/example_bash_operator.py for tasks to queue
[2024-07-25T23:39:36.605+0000] {logging_mixin.py:188} INFO - [2024-07-25T23:39:36.604+0000] {dagbag.py:545} INFO - Filling up the DagBag from /home/airflow/.local/lib/python3.12/site-packages/airflow/example_dags/example_bash_operator.py
[2024-07-25T23:39:36.614+0000] {processor.py:840} INFO - DAG(s) 'example_bash_operator' retrieved from /home/airflow/.local/lib/python3.12/site-packages/airflow/example_dags/example_bash_operator.py
[2024-07-25T23:39:36.635+0000] {logging_mixin.py:188} INFO - [2024-07-25T23:39:36.635+0000] {dag.py:3089} INFO - Sync 1 DAGs
[2024-07-25T23:39:36.656+0000] {logging_mixin.py:188} INFO - [2024-07-25T23:39:36.656+0000] {dag.py:3947} INFO - Setting next_dagrun for example_bash_operator to 2024-07-24 00:00:00+00:00, run_after=2024-07-25 00:00:00+00:00
[2024-07-25T23:39:36.674+0000] {processor.py:183} INFO - Processing /home/airflow/.local/lib/python3.12/site-packages/airflow/example_dags/example_bash_operator.py took 0.077 seconds
[2024-07-25T23:40:07.215+0000] {processor.py:161} INFO - Started process (PID=1521) to work on /home/airflow/.local/lib/python3.12/site-packages/airflow/example_dags/example_bash_operator.py
[2024-07-25T23:40:07.217+0000] {processor.py:830} INFO - Processing file /home/airflow/.local/lib/python3.12/site-packages/airflow/example_dags/example_bash_operator.py for tasks to queue
[2024-07-25T23:40:07.219+0000] {logging_mixin.py:188} INFO - [2024-07-25T23:40:07.218+0000] {dagbag.py:545} INFO - Filling up the DagBag from /home/airflow/.local/lib/python3.12/site-packages/airflow/example_dags/example_bash_operator.py
[2024-07-25T23:40:07.231+0000] {processor.py:840} INFO - DAG(s) 'example_bash_operator' retrieved from /home/airflow/.local/lib/python3.12/site-packages/airflow/example_dags/example_bash_operator.py
[2024-07-25T23:40:07.265+0000] {logging_mixin.py:188} INFO - [2024-07-25T23:40:07.264+0000] {dag.py:3089} INFO - Sync 1 DAGs
[2024-07-25T23:40:07.292+0000] {logging_mixin.py:188} INFO - [2024-07-25T23:40:07.291+0000] {dag.py:3947} INFO - Setting next_dagrun for example_bash_operator to 2024-07-24 00:00:00+00:00, run_after=2024-07-25 00:00:00+00:00
[2024-07-25T23:40:07.328+0000] {processor.py:183} INFO - Processing /home/airflow/.local/lib/python3.12/site-packages/airflow/example_dags/example_bash_operator.py took 0.128 seconds
[2024-07-25T23:40:38.417+0000] {processor.py:161} INFO - Started process (PID=1580) to work on /home/airflow/.local/lib/python3.12/site-packages/airflow/example_dags/example_bash_operator.py
[2024-07-25T23:40:38.425+0000] {processor.py:830} INFO - Processing file /home/airflow/.local/lib/python3.12/site-packages/airflow/example_dags/example_bash_operator.py for tasks to queue
[2024-07-25T23:40:38.439+0000] {logging_mixin.py:188} INFO - [2024-07-25T23:40:38.438+0000] {dagbag.py:545} INFO - Filling up the DagBag from /home/airflow/.local/lib/python3.12/site-packages/airflow/example_dags/example_bash_operator.py
[2024-07-25T23:40:38.555+0000] {processor.py:840} INFO - DAG(s) 'example_bash_operator' retrieved from /home/airflow/.local/lib/python3.12/site-packages/airflow/example_dags/example_bash_operator.py
[2024-07-25T23:40:38.735+0000] {logging_mixin.py:188} INFO - [2024-07-25T23:40:38.733+0000] {dag.py:3089} INFO - Sync 1 DAGs
[2024-07-25T23:40:38.942+0000] {logging_mixin.py:188} INFO - [2024-07-25T23:40:38.940+0000] {dag.py:3947} INFO - Setting next_dagrun for example_bash_operator to 2024-07-24 00:00:00+00:00, run_after=2024-07-25 00:00:00+00:00
[2024-07-25T23:40:39.064+0000] {processor.py:183} INFO - Processing /home/airflow/.local/lib/python3.12/site-packages/airflow/example_dags/example_bash_operator.py took 0.676 seconds
[2024-07-25T23:41:09.324+0000] {processor.py:161} INFO - Started process (PID=1639) to work on /home/airflow/.local/lib/python3.12/site-packages/airflow/example_dags/example_bash_operator.py
[2024-07-25T23:41:09.325+0000] {processor.py:830} INFO - Processing file /home/airflow/.local/lib/python3.12/site-packages/airflow/example_dags/example_bash_operator.py for tasks to queue
[2024-07-25T23:41:09.327+0000] {logging_mixin.py:188} INFO - [2024-07-25T23:41:09.327+0000] {dagbag.py:545} INFO - Filling up the DagBag from /home/airflow/.local/lib/python3.12/site-packages/airflow/example_dags/example_bash_operator.py
[2024-07-25T23:41:09.338+0000] {processor.py:840} INFO - DAG(s) 'example_bash_operator' retrieved from /home/airflow/.local/lib/python3.12/site-packages/airflow/example_dags/example_bash_operator.py
[2024-07-25T23:41:09.358+0000] {logging_mixin.py:188} INFO - [2024-07-25T23:41:09.358+0000] {dag.py:3089} INFO - Sync 1 DAGs
[2024-07-25T23:41:09.373+0000] {logging_mixin.py:188} INFO - [2024-07-25T23:41:09.373+0000] {dag.py:3947} INFO - Setting next_dagrun for example_bash_operator to 2024-07-24 00:00:00+00:00, run_after=2024-07-25 00:00:00+00:00
[2024-07-25T23:41:09.384+0000] {processor.py:183} INFO - Processing /home/airflow/.local/lib/python3.12/site-packages/airflow/example_dags/example_bash_operator.py took 0.066 seconds
[2024-07-25T23:41:40.247+0000] {processor.py:161} INFO - Started process (PID=1699) to work on /home/airflow/.local/lib/python3.12/site-packages/airflow/example_dags/example_bash_operator.py
[2024-07-25T23:41:40.249+0000] {processor.py:830} INFO - Processing file /home/airflow/.local/lib/python3.12/site-packages/airflow/example_dags/example_bash_operator.py for tasks to queue
[2024-07-25T23:41:40.251+0000] {logging_mixin.py:188} INFO - [2024-07-25T23:41:40.251+0000] {dagbag.py:545} INFO - Filling up the DagBag from /home/airflow/.local/lib/python3.12/site-packages/airflow/example_dags/example_bash_operator.py
[2024-07-25T23:41:40.263+0000] {processor.py:840} INFO - DAG(s) 'example_bash_operator' retrieved from /home/airflow/.local/lib/python3.12/site-packages/airflow/example_dags/example_bash_operator.py
[2024-07-25T23:41:40.286+0000] {logging_mixin.py:188} INFO - [2024-07-25T23:41:40.285+0000] {dag.py:3089} INFO - Sync 1 DAGs
[2024-07-25T23:41:40.303+0000] {logging_mixin.py:188} INFO - [2024-07-25T23:41:40.303+0000] {dag.py:3947} INFO - Setting next_dagrun for example_bash_operator to 2024-07-24 00:00:00+00:00, run_after=2024-07-25 00:00:00+00:00
[2024-07-25T23:41:40.317+0000] {processor.py:183} INFO - Processing /home/airflow/.local/lib/python3.12/site-packages/airflow/example_dags/example_bash_operator.py took 0.076 seconds
[2024-07-25T23:42:11.096+0000] {processor.py:161} INFO - Started process (PID=1759) to work on /home/airflow/.local/lib/python3.12/site-packages/airflow/example_dags/example_bash_operator.py
[2024-07-25T23:42:11.097+0000] {processor.py:830} INFO - Processing file /home/airflow/.local/lib/python3.12/site-packages/airflow/example_dags/example_bash_operator.py for tasks to queue
[2024-07-25T23:42:11.100+0000] {logging_mixin.py:188} INFO - [2024-07-25T23:42:11.099+0000] {dagbag.py:545} INFO - Filling up the DagBag from /home/airflow/.local/lib/python3.12/site-packages/airflow/example_dags/example_bash_operator.py
[2024-07-25T23:42:11.114+0000] {processor.py:840} INFO - DAG(s) 'example_bash_operator' retrieved from /home/airflow/.local/lib/python3.12/site-packages/airflow/example_dags/example_bash_operator.py
[2024-07-25T23:42:11.137+0000] {logging_mixin.py:188} INFO - [2024-07-25T23:42:11.137+0000] {dag.py:3089} INFO - Sync 1 DAGs
[2024-07-25T23:42:11.157+0000] {logging_mixin.py:188} INFO - [2024-07-25T23:42:11.156+0000] {dag.py:3947} INFO - Setting next_dagrun for example_bash_operator to 2024-07-24 00:00:00+00:00, run_after=2024-07-25 00:00:00+00:00
[2024-07-25T23:42:11.170+0000] {processor.py:183} INFO - Processing /home/airflow/.local/lib/python3.12/site-packages/airflow/example_dags/example_bash_operator.py took 0.084 seconds
[2024-07-25T23:42:42.067+0000] {processor.py:161} INFO - Started process (PID=1819) to work on /home/airflow/.local/lib/python3.12/site-packages/airflow/example_dags/example_bash_operator.py
[2024-07-25T23:42:42.068+0000] {processor.py:830} INFO - Processing file /home/airflow/.local/lib/python3.12/site-packages/airflow/example_dags/example_bash_operator.py for tasks to queue
[2024-07-25T23:42:42.070+0000] {logging_mixin.py:188} INFO - [2024-07-25T23:42:42.069+0000] {dagbag.py:545} INFO - Filling up the DagBag from /home/airflow/.local/lib/python3.12/site-packages/airflow/example_dags/example_bash_operator.py
[2024-07-25T23:42:42.079+0000] {processor.py:840} INFO - DAG(s) 'example_bash_operator' retrieved from /home/airflow/.local/lib/python3.12/site-packages/airflow/example_dags/example_bash_operator.py
[2024-07-25T23:42:42.099+0000] {logging_mixin.py:188} INFO - [2024-07-25T23:42:42.099+0000] {dag.py:3089} INFO - Sync 1 DAGs
[2024-07-25T23:42:42.113+0000] {logging_mixin.py:188} INFO - [2024-07-25T23:42:42.113+0000] {dag.py:3947} INFO - Setting next_dagrun for example_bash_operator to 2024-07-24 00:00:00+00:00, run_after=2024-07-25 00:00:00+00:00
[2024-07-25T23:42:42.126+0000] {processor.py:183} INFO - Processing /home/airflow/.local/lib/python3.12/site-packages/airflow/example_dags/example_bash_operator.py took 0.065 seconds
[2024-07-25T23:43:12.623+0000] {processor.py:161} INFO - Started process (PID=1879) to work on /home/airflow/.local/lib/python3.12/site-packages/airflow/example_dags/example_bash_operator.py
[2024-07-25T23:43:12.625+0000] {processor.py:830} INFO - Processing file /home/airflow/.local/lib/python3.12/site-packages/airflow/example_dags/example_bash_operator.py for tasks to queue
[2024-07-25T23:43:12.628+0000] {logging_mixin.py:188} INFO - [2024-07-25T23:43:12.628+0000] {dagbag.py:545} INFO - Filling up the DagBag from /home/airflow/.local/lib/python3.12/site-packages/airflow/example_dags/example_bash_operator.py
[2024-07-25T23:43:12.643+0000] {processor.py:840} INFO - DAG(s) 'example_bash_operator' retrieved from /home/airflow/.local/lib/python3.12/site-packages/airflow/example_dags/example_bash_operator.py
[2024-07-25T23:43:12.669+0000] {logging_mixin.py:188} INFO - [2024-07-25T23:43:12.669+0000] {dag.py:3089} INFO - Sync 1 DAGs
[2024-07-25T23:43:12.687+0000] {logging_mixin.py:188} INFO - [2024-07-25T23:43:12.687+0000] {dag.py:3947} INFO - Setting next_dagrun for example_bash_operator to 2024-07-24 00:00:00+00:00, run_after=2024-07-25 00:00:00+00:00
[2024-07-25T23:43:12.701+0000] {processor.py:183} INFO - Processing /home/airflow/.local/lib/python3.12/site-packages/airflow/example_dags/example_bash_operator.py took 0.087 seconds
[2024-07-25T23:43:43.337+0000] {processor.py:161} INFO - Started process (PID=1939) to work on /home/airflow/.local/lib/python3.12/site-packages/airflow/example_dags/example_bash_operator.py
[2024-07-25T23:43:43.341+0000] {processor.py:830} INFO - Processing file /home/airflow/.local/lib/python3.12/site-packages/airflow/example_dags/example_bash_operator.py for tasks to queue
[2024-07-25T23:43:43.346+0000] {logging_mixin.py:188} INFO - [2024-07-25T23:43:43.345+0000] {dagbag.py:545} INFO - Filling up the DagBag from /home/airflow/.local/lib/python3.12/site-packages/airflow/example_dags/example_bash_operator.py
[2024-07-25T23:43:43.372+0000] {processor.py:840} INFO - DAG(s) 'example_bash_operator' retrieved from /home/airflow/.local/lib/python3.12/site-packages/airflow/example_dags/example_bash_operator.py
[2024-07-25T23:43:43.411+0000] {logging_mixin.py:188} INFO - [2024-07-25T23:43:43.411+0000] {dag.py:3089} INFO - Sync 1 DAGs
[2024-07-25T23:43:43.632+0000] {logging_mixin.py:188} INFO - [2024-07-25T23:43:43.632+0000] {dag.py:3947} INFO - Setting next_dagrun for example_bash_operator to 2024-07-24 00:00:00+00:00, run_after=2024-07-25 00:00:00+00:00
[2024-07-25T23:43:43.644+0000] {processor.py:183} INFO - Processing /home/airflow/.local/lib/python3.12/site-packages/airflow/example_dags/example_bash_operator.py took 0.323 seconds
[2024-07-25T23:44:13.710+0000] {processor.py:161} INFO - Started process (PID=1998) to work on /home/airflow/.local/lib/python3.12/site-packages/airflow/example_dags/example_bash_operator.py
[2024-07-25T23:44:13.711+0000] {processor.py:830} INFO - Processing file /home/airflow/.local/lib/python3.12/site-packages/airflow/example_dags/example_bash_operator.py for tasks to queue
[2024-07-25T23:44:13.713+0000] {logging_mixin.py:188} INFO - [2024-07-25T23:44:13.713+0000] {dagbag.py:545} INFO - Filling up the DagBag from /home/airflow/.local/lib/python3.12/site-packages/airflow/example_dags/example_bash_operator.py
[2024-07-25T23:44:13.723+0000] {processor.py:840} INFO - DAG(s) 'example_bash_operator' retrieved from /home/airflow/.local/lib/python3.12/site-packages/airflow/example_dags/example_bash_operator.py
[2024-07-25T23:44:13.744+0000] {logging_mixin.py:188} INFO - [2024-07-25T23:44:13.744+0000] {dag.py:3089} INFO - Sync 1 DAGs
[2024-07-25T23:44:13.762+0000] {logging_mixin.py:188} INFO - [2024-07-25T23:44:13.762+0000] {dag.py:3947} INFO - Setting next_dagrun for example_bash_operator to 2024-07-24 00:00:00+00:00, run_after=2024-07-25 00:00:00+00:00
[2024-07-25T23:44:13.774+0000] {processor.py:183} INFO - Processing /home/airflow/.local/lib/python3.12/site-packages/airflow/example_dags/example_bash_operator.py took 0.070 seconds
[2024-07-25T23:44:44.093+0000] {processor.py:161} INFO - Started process (PID=2058) to work on /home/airflow/.local/lib/python3.12/site-packages/airflow/example_dags/example_bash_operator.py
[2024-07-25T23:44:44.094+0000] {processor.py:830} INFO - Processing file /home/airflow/.local/lib/python3.12/site-packages/airflow/example_dags/example_bash_operator.py for tasks to queue
[2024-07-25T23:44:44.097+0000] {logging_mixin.py:188} INFO - [2024-07-25T23:44:44.096+0000] {dagbag.py:545} INFO - Filling up the DagBag from /home/airflow/.local/lib/python3.12/site-packages/airflow/example_dags/example_bash_operator.py
[2024-07-25T23:44:44.108+0000] {processor.py:840} INFO - DAG(s) 'example_bash_operator' retrieved from /home/airflow/.local/lib/python3.12/site-packages/airflow/example_dags/example_bash_operator.py
[2024-07-25T23:44:44.128+0000] {logging_mixin.py:188} INFO - [2024-07-25T23:44:44.128+0000] {dag.py:3089} INFO - Sync 1 DAGs
[2024-07-25T23:44:44.142+0000] {logging_mixin.py:188} INFO - [2024-07-25T23:44:44.142+0000] {dag.py:3947} INFO - Setting next_dagrun for example_bash_operator to 2024-07-24 00:00:00+00:00, run_after=2024-07-25 00:00:00+00:00
[2024-07-25T23:44:44.153+0000] {processor.py:183} INFO - Processing /home/airflow/.local/lib/python3.12/site-packages/airflow/example_dags/example_bash_operator.py took 0.067 seconds
[2024-07-25T23:45:14.599+0000] {processor.py:161} INFO - Started process (PID=2118) to work on /home/airflow/.local/lib/python3.12/site-packages/airflow/example_dags/example_bash_operator.py
[2024-07-25T23:45:14.601+0000] {processor.py:830} INFO - Processing file /home/airflow/.local/lib/python3.12/site-packages/airflow/example_dags/example_bash_operator.py for tasks to queue
[2024-07-25T23:45:14.603+0000] {logging_mixin.py:188} INFO - [2024-07-25T23:45:14.603+0000] {dagbag.py:545} INFO - Filling up the DagBag from /home/airflow/.local/lib/python3.12/site-packages/airflow/example_dags/example_bash_operator.py
[2024-07-25T23:45:14.615+0000] {processor.py:840} INFO - DAG(s) 'example_bash_operator' retrieved from /home/airflow/.local/lib/python3.12/site-packages/airflow/example_dags/example_bash_operator.py
[2024-07-25T23:45:14.634+0000] {logging_mixin.py:188} INFO - [2024-07-25T23:45:14.634+0000] {dag.py:3089} INFO - Sync 1 DAGs
[2024-07-25T23:45:14.648+0000] {logging_mixin.py:188} INFO - [2024-07-25T23:45:14.648+0000] {dag.py:3947} INFO - Setting next_dagrun for example_bash_operator to 2024-07-24 00:00:00+00:00, run_after=2024-07-25 00:00:00+00:00
[2024-07-25T23:45:14.659+0000] {processor.py:183} INFO - Processing /home/airflow/.local/lib/python3.12/site-packages/airflow/example_dags/example_bash_operator.py took 0.067 seconds
[2024-07-25T23:45:44.866+0000] {processor.py:161} INFO - Started process (PID=2178) to work on /home/airflow/.local/lib/python3.12/site-packages/airflow/example_dags/example_bash_operator.py
[2024-07-25T23:45:44.868+0000] {processor.py:830} INFO - Processing file /home/airflow/.local/lib/python3.12/site-packages/airflow/example_dags/example_bash_operator.py for tasks to queue
[2024-07-25T23:45:44.870+0000] {logging_mixin.py:188} INFO - [2024-07-25T23:45:44.870+0000] {dagbag.py:545} INFO - Filling up the DagBag from /home/airflow/.local/lib/python3.12/site-packages/airflow/example_dags/example_bash_operator.py
[2024-07-25T23:45:44.881+0000] {processor.py:840} INFO - DAG(s) 'example_bash_operator' retrieved from /home/airflow/.local/lib/python3.12/site-packages/airflow/example_dags/example_bash_operator.py
[2024-07-25T23:45:44.901+0000] {logging_mixin.py:188} INFO - [2024-07-25T23:45:44.901+0000] {dag.py:3089} INFO - Sync 1 DAGs
[2024-07-25T23:45:44.917+0000] {logging_mixin.py:188} INFO - [2024-07-25T23:45:44.917+0000] {dag.py:3947} INFO - Setting next_dagrun for example_bash_operator to 2024-07-24 00:00:00+00:00, run_after=2024-07-25 00:00:00+00:00
[2024-07-25T23:45:44.929+0000] {processor.py:183} INFO - Processing /home/airflow/.local/lib/python3.12/site-packages/airflow/example_dags/example_bash_operator.py took 0.071 seconds
[2024-07-25T23:46:15.657+0000] {processor.py:161} INFO - Started process (PID=2238) to work on /home/airflow/.local/lib/python3.12/site-packages/airflow/example_dags/example_bash_operator.py
[2024-07-25T23:46:15.659+0000] {processor.py:830} INFO - Processing file /home/airflow/.local/lib/python3.12/site-packages/airflow/example_dags/example_bash_operator.py for tasks to queue
[2024-07-25T23:46:15.661+0000] {logging_mixin.py:188} INFO - [2024-07-25T23:46:15.660+0000] {dagbag.py:545} INFO - Filling up the DagBag from /home/airflow/.local/lib/python3.12/site-packages/airflow/example_dags/example_bash_operator.py
[2024-07-25T23:46:15.669+0000] {processor.py:840} INFO - DAG(s) 'example_bash_operator' retrieved from /home/airflow/.local/lib/python3.12/site-packages/airflow/example_dags/example_bash_operator.py
[2024-07-25T23:46:15.689+0000] {logging_mixin.py:188} INFO - [2024-07-25T23:46:15.689+0000] {dag.py:3089} INFO - Sync 1 DAGs
[2024-07-25T23:46:15.705+0000] {logging_mixin.py:188} INFO - [2024-07-25T23:46:15.705+0000] {dag.py:3947} INFO - Setting next_dagrun for example_bash_operator to 2024-07-24 00:00:00+00:00, run_after=2024-07-25 00:00:00+00:00
[2024-07-25T23:46:15.718+0000] {processor.py:183} INFO - Processing /home/airflow/.local/lib/python3.12/site-packages/airflow/example_dags/example_bash_operator.py took 0.066 seconds
[2024-07-25T23:46:46.388+0000] {processor.py:161} INFO - Started process (PID=2298) to work on /home/airflow/.local/lib/python3.12/site-packages/airflow/example_dags/example_bash_operator.py
[2024-07-25T23:46:46.390+0000] {processor.py:830} INFO - Processing file /home/airflow/.local/lib/python3.12/site-packages/airflow/example_dags/example_bash_operator.py for tasks to queue
[2024-07-25T23:46:46.392+0000] {logging_mixin.py:188} INFO - [2024-07-25T23:46:46.392+0000] {dagbag.py:545} INFO - Filling up the DagBag from /home/airflow/.local/lib/python3.12/site-packages/airflow/example_dags/example_bash_operator.py
[2024-07-25T23:46:46.402+0000] {processor.py:840} INFO - DAG(s) 'example_bash_operator' retrieved from /home/airflow/.local/lib/python3.12/site-packages/airflow/example_dags/example_bash_operator.py
[2024-07-25T23:46:46.447+0000] {logging_mixin.py:188} INFO - [2024-07-25T23:46:46.447+0000] {dag.py:3089} INFO - Sync 1 DAGs
[2024-07-25T23:46:46.473+0000] {logging_mixin.py:188} INFO - [2024-07-25T23:46:46.473+0000] {dag.py:3947} INFO - Setting next_dagrun for example_bash_operator to 2024-07-24 00:00:00+00:00, run_after=2024-07-25 00:00:00+00:00
[2024-07-25T23:46:46.491+0000] {processor.py:183} INFO - Processing /home/airflow/.local/lib/python3.12/site-packages/airflow/example_dags/example_bash_operator.py took 0.111 seconds
[2024-07-25T23:47:16.750+0000] {processor.py:161} INFO - Started process (PID=2358) to work on /home/airflow/.local/lib/python3.12/site-packages/airflow/example_dags/example_bash_operator.py
[2024-07-25T23:47:16.752+0000] {processor.py:830} INFO - Processing file /home/airflow/.local/lib/python3.12/site-packages/airflow/example_dags/example_bash_operator.py for tasks to queue
[2024-07-25T23:47:16.755+0000] {logging_mixin.py:188} INFO - [2024-07-25T23:47:16.754+0000] {dagbag.py:545} INFO - Filling up the DagBag from /home/airflow/.local/lib/python3.12/site-packages/airflow/example_dags/example_bash_operator.py
[2024-07-25T23:47:16.768+0000] {processor.py:840} INFO - DAG(s) 'example_bash_operator' retrieved from /home/airflow/.local/lib/python3.12/site-packages/airflow/example_dags/example_bash_operator.py
[2024-07-25T23:47:16.790+0000] {logging_mixin.py:188} INFO - [2024-07-25T23:47:16.790+0000] {dag.py:3089} INFO - Sync 1 DAGs
[2024-07-25T23:47:16.809+0000] {logging_mixin.py:188} INFO - [2024-07-25T23:47:16.808+0000] {dag.py:3947} INFO - Setting next_dagrun for example_bash_operator to 2024-07-24 00:00:00+00:00, run_after=2024-07-25 00:00:00+00:00
[2024-07-25T23:47:16.822+0000] {processor.py:183} INFO - Processing /home/airflow/.local/lib/python3.12/site-packages/airflow/example_dags/example_bash_operator.py took 0.080 seconds
[2024-07-25T23:47:46.876+0000] {processor.py:161} INFO - Started process (PID=2417) to work on /home/airflow/.local/lib/python3.12/site-packages/airflow/example_dags/example_bash_operator.py
[2024-07-25T23:47:46.878+0000] {processor.py:830} INFO - Processing file /home/airflow/.local/lib/python3.12/site-packages/airflow/example_dags/example_bash_operator.py for tasks to queue
[2024-07-25T23:47:46.880+0000] {logging_mixin.py:188} INFO - [2024-07-25T23:47:46.880+0000] {dagbag.py:545} INFO - Filling up the DagBag from /home/airflow/.local/lib/python3.12/site-packages/airflow/example_dags/example_bash_operator.py
[2024-07-25T23:47:46.891+0000] {processor.py:840} INFO - DAG(s) 'example_bash_operator' retrieved from /home/airflow/.local/lib/python3.12/site-packages/airflow/example_dags/example_bash_operator.py
[2024-07-25T23:47:46.914+0000] {logging_mixin.py:188} INFO - [2024-07-25T23:47:46.914+0000] {dag.py:3089} INFO - Sync 1 DAGs
[2024-07-25T23:47:46.930+0000] {logging_mixin.py:188} INFO - [2024-07-25T23:47:46.930+0000] {dag.py:3947} INFO - Setting next_dagrun for example_bash_operator to 2024-07-24 00:00:00+00:00, run_after=2024-07-25 00:00:00+00:00
[2024-07-25T23:47:46.953+0000] {processor.py:183} INFO - Processing /home/airflow/.local/lib/python3.12/site-packages/airflow/example_dags/example_bash_operator.py took 0.084 seconds
[2024-07-25T23:48:17.223+0000] {processor.py:161} INFO - Started process (PID=2477) to work on /home/airflow/.local/lib/python3.12/site-packages/airflow/example_dags/example_bash_operator.py
[2024-07-25T23:48:17.225+0000] {processor.py:830} INFO - Processing file /home/airflow/.local/lib/python3.12/site-packages/airflow/example_dags/example_bash_operator.py for tasks to queue
[2024-07-25T23:48:17.227+0000] {logging_mixin.py:188} INFO - [2024-07-25T23:48:17.226+0000] {dagbag.py:545} INFO - Filling up the DagBag from /home/airflow/.local/lib/python3.12/site-packages/airflow/example_dags/example_bash_operator.py
[2024-07-25T23:48:17.239+0000] {processor.py:840} INFO - DAG(s) 'example_bash_operator' retrieved from /home/airflow/.local/lib/python3.12/site-packages/airflow/example_dags/example_bash_operator.py
[2024-07-25T23:48:17.260+0000] {logging_mixin.py:188} INFO - [2024-07-25T23:48:17.260+0000] {dag.py:3089} INFO - Sync 1 DAGs
[2024-07-25T23:48:17.276+0000] {logging_mixin.py:188} INFO - [2024-07-25T23:48:17.275+0000] {dag.py:3947} INFO - Setting next_dagrun for example_bash_operator to 2024-07-24 00:00:00+00:00, run_after=2024-07-25 00:00:00+00:00
[2024-07-25T23:48:17.288+0000] {processor.py:183} INFO - Processing /home/airflow/.local/lib/python3.12/site-packages/airflow/example_dags/example_bash_operator.py took 0.073 seconds
[2024-07-25T23:48:47.517+0000] {processor.py:161} INFO - Started process (PID=2537) to work on /home/airflow/.local/lib/python3.12/site-packages/airflow/example_dags/example_bash_operator.py
[2024-07-25T23:48:47.518+0000] {processor.py:830} INFO - Processing file /home/airflow/.local/lib/python3.12/site-packages/airflow/example_dags/example_bash_operator.py for tasks to queue
[2024-07-25T23:48:47.520+0000] {logging_mixin.py:188} INFO - [2024-07-25T23:48:47.520+0000] {dagbag.py:545} INFO - Filling up the DagBag from /home/airflow/.local/lib/python3.12/site-packages/airflow/example_dags/example_bash_operator.py
[2024-07-25T23:48:47.532+0000] {processor.py:840} INFO - DAG(s) 'example_bash_operator' retrieved from /home/airflow/.local/lib/python3.12/site-packages/airflow/example_dags/example_bash_operator.py
[2024-07-25T23:48:47.553+0000] {logging_mixin.py:188} INFO - [2024-07-25T23:48:47.553+0000] {dag.py:3089} INFO - Sync 1 DAGs
[2024-07-25T23:48:47.567+0000] {logging_mixin.py:188} INFO - [2024-07-25T23:48:47.567+0000] {dag.py:3947} INFO - Setting next_dagrun for example_bash_operator to 2024-07-24 00:00:00+00:00, run_after=2024-07-25 00:00:00+00:00
[2024-07-25T23:48:47.579+0000] {processor.py:183} INFO - Processing /home/airflow/.local/lib/python3.12/site-packages/airflow/example_dags/example_bash_operator.py took 0.069 seconds
[2024-07-25T23:49:18.174+0000] {processor.py:161} INFO - Started process (PID=2597) to work on /home/airflow/.local/lib/python3.12/site-packages/airflow/example_dags/example_bash_operator.py
[2024-07-25T23:49:18.175+0000] {processor.py:830} INFO - Processing file /home/airflow/.local/lib/python3.12/site-packages/airflow/example_dags/example_bash_operator.py for tasks to queue
[2024-07-25T23:49:18.178+0000] {logging_mixin.py:188} INFO - [2024-07-25T23:49:18.178+0000] {dagbag.py:545} INFO - Filling up the DagBag from /home/airflow/.local/lib/python3.12/site-packages/airflow/example_dags/example_bash_operator.py
[2024-07-25T23:49:18.190+0000] {processor.py:840} INFO - DAG(s) 'example_bash_operator' retrieved from /home/airflow/.local/lib/python3.12/site-packages/airflow/example_dags/example_bash_operator.py
[2024-07-25T23:49:18.210+0000] {logging_mixin.py:188} INFO - [2024-07-25T23:49:18.210+0000] {dag.py:3089} INFO - Sync 1 DAGs
[2024-07-25T23:49:18.224+0000] {logging_mixin.py:188} INFO - [2024-07-25T23:49:18.224+0000] {dag.py:3947} INFO - Setting next_dagrun for example_bash_operator to 2024-07-24 00:00:00+00:00, run_after=2024-07-25 00:00:00+00:00
[2024-07-25T23:49:18.236+0000] {processor.py:183} INFO - Processing /home/airflow/.local/lib/python3.12/site-packages/airflow/example_dags/example_bash_operator.py took 0.070 seconds
[2024-07-25T23:49:48.321+0000] {processor.py:161} INFO - Started process (PID=2656) to work on /home/airflow/.local/lib/python3.12/site-packages/airflow/example_dags/example_bash_operator.py
[2024-07-25T23:49:48.323+0000] {processor.py:830} INFO - Processing file /home/airflow/.local/lib/python3.12/site-packages/airflow/example_dags/example_bash_operator.py for tasks to queue
[2024-07-25T23:49:48.326+0000] {logging_mixin.py:188} INFO - [2024-07-25T23:49:48.325+0000] {dagbag.py:545} INFO - Filling up the DagBag from /home/airflow/.local/lib/python3.12/site-packages/airflow/example_dags/example_bash_operator.py
[2024-07-25T23:49:48.344+0000] {processor.py:840} INFO - DAG(s) 'example_bash_operator' retrieved from /home/airflow/.local/lib/python3.12/site-packages/airflow/example_dags/example_bash_operator.py
[2024-07-25T23:49:48.375+0000] {logging_mixin.py:188} INFO - [2024-07-25T23:49:48.375+0000] {dag.py:3089} INFO - Sync 1 DAGs
[2024-07-25T23:49:48.397+0000] {logging_mixin.py:188} INFO - [2024-07-25T23:49:48.397+0000] {dag.py:3947} INFO - Setting next_dagrun for example_bash_operator to 2024-07-24 00:00:00+00:00, run_after=2024-07-25 00:00:00+00:00
[2024-07-25T23:49:48.412+0000] {processor.py:183} INFO - Processing /home/airflow/.local/lib/python3.12/site-packages/airflow/example_dags/example_bash_operator.py took 0.099 seconds
[2024-07-25T23:50:18.570+0000] {processor.py:161} INFO - Started process (PID=2716) to work on /home/airflow/.local/lib/python3.12/site-packages/airflow/example_dags/example_bash_operator.py
[2024-07-25T23:50:18.572+0000] {processor.py:830} INFO - Processing file /home/airflow/.local/lib/python3.12/site-packages/airflow/example_dags/example_bash_operator.py for tasks to queue
[2024-07-25T23:50:18.574+0000] {logging_mixin.py:188} INFO - [2024-07-25T23:50:18.574+0000] {dagbag.py:545} INFO - Filling up the DagBag from /home/airflow/.local/lib/python3.12/site-packages/airflow/example_dags/example_bash_operator.py
[2024-07-25T23:50:18.587+0000] {processor.py:840} INFO - DAG(s) 'example_bash_operator' retrieved from /home/airflow/.local/lib/python3.12/site-packages/airflow/example_dags/example_bash_operator.py
[2024-07-25T23:50:18.608+0000] {logging_mixin.py:188} INFO - [2024-07-25T23:50:18.608+0000] {dag.py:3089} INFO - Sync 1 DAGs
[2024-07-25T23:50:18.625+0000] {logging_mixin.py:188} INFO - [2024-07-25T23:50:18.625+0000] {dag.py:3947} INFO - Setting next_dagrun for example_bash_operator to 2024-07-24 00:00:00+00:00, run_after=2024-07-25 00:00:00+00:00
[2024-07-25T23:50:18.639+0000] {processor.py:183} INFO - Processing /home/airflow/.local/lib/python3.12/site-packages/airflow/example_dags/example_bash_operator.py took 0.077 seconds
[2024-07-25T23:50:48.727+0000] {processor.py:161} INFO - Started process (PID=2776) to work on /home/airflow/.local/lib/python3.12/site-packages/airflow/example_dags/example_bash_operator.py
[2024-07-25T23:50:48.729+0000] {processor.py:830} INFO - Processing file /home/airflow/.local/lib/python3.12/site-packages/airflow/example_dags/example_bash_operator.py for tasks to queue
[2024-07-25T23:50:48.731+0000] {logging_mixin.py:188} INFO - [2024-07-25T23:50:48.731+0000] {dagbag.py:545} INFO - Filling up the DagBag from /home/airflow/.local/lib/python3.12/site-packages/airflow/example_dags/example_bash_operator.py
[2024-07-25T23:50:48.743+0000] {processor.py:840} INFO - DAG(s) 'example_bash_operator' retrieved from /home/airflow/.local/lib/python3.12/site-packages/airflow/example_dags/example_bash_operator.py
[2024-07-25T23:50:48.762+0000] {logging_mixin.py:188} INFO - [2024-07-25T23:50:48.762+0000] {dag.py:3089} INFO - Sync 1 DAGs
[2024-07-25T23:50:48.776+0000] {logging_mixin.py:188} INFO - [2024-07-25T23:50:48.776+0000] {dag.py:3947} INFO - Setting next_dagrun for example_bash_operator to 2024-07-24 00:00:00+00:00, run_after=2024-07-25 00:00:00+00:00
[2024-07-25T23:50:48.787+0000] {processor.py:183} INFO - Processing /home/airflow/.local/lib/python3.12/site-packages/airflow/example_dags/example_bash_operator.py took 0.067 seconds
[2024-07-25T23:51:18.946+0000] {processor.py:161} INFO - Started process (PID=2836) to work on /home/airflow/.local/lib/python3.12/site-packages/airflow/example_dags/example_bash_operator.py
[2024-07-25T23:51:18.948+0000] {processor.py:830} INFO - Processing file /home/airflow/.local/lib/python3.12/site-packages/airflow/example_dags/example_bash_operator.py for tasks to queue
[2024-07-25T23:51:18.950+0000] {logging_mixin.py:188} INFO - [2024-07-25T23:51:18.950+0000] {dagbag.py:545} INFO - Filling up the DagBag from /home/airflow/.local/lib/python3.12/site-packages/airflow/example_dags/example_bash_operator.py
[2024-07-25T23:51:18.962+0000] {processor.py:840} INFO - DAG(s) 'example_bash_operator' retrieved from /home/airflow/.local/lib/python3.12/site-packages/airflow/example_dags/example_bash_operator.py
[2024-07-25T23:51:18.983+0000] {logging_mixin.py:188} INFO - [2024-07-25T23:51:18.983+0000] {dag.py:3089} INFO - Sync 1 DAGs
[2024-07-25T23:51:18.999+0000] {logging_mixin.py:188} INFO - [2024-07-25T23:51:18.998+0000] {dag.py:3947} INFO - Setting next_dagrun for example_bash_operator to 2024-07-24 00:00:00+00:00, run_after=2024-07-25 00:00:00+00:00
[2024-07-25T23:51:19.010+0000] {processor.py:183} INFO - Processing /home/airflow/.local/lib/python3.12/site-packages/airflow/example_dags/example_bash_operator.py took 0.072 seconds
[2024-07-25T23:51:50.303+0000] {processor.py:161} INFO - Started process (PID=2896) to work on /home/airflow/.local/lib/python3.12/site-packages/airflow/example_dags/example_bash_operator.py
[2024-07-25T23:51:50.303+0000] {processor.py:830} INFO - Processing file /home/airflow/.local/lib/python3.12/site-packages/airflow/example_dags/example_bash_operator.py for tasks to queue
[2024-07-25T23:51:50.305+0000] {logging_mixin.py:188} INFO - [2024-07-25T23:51:50.305+0000] {dagbag.py:545} INFO - Filling up the DagBag from /home/airflow/.local/lib/python3.12/site-packages/airflow/example_dags/example_bash_operator.py
[2024-07-25T23:51:50.314+0000] {processor.py:840} INFO - DAG(s) 'example_bash_operator' retrieved from /home/airflow/.local/lib/python3.12/site-packages/airflow/example_dags/example_bash_operator.py
[2024-07-25T23:51:50.338+0000] {logging_mixin.py:188} INFO - [2024-07-25T23:51:50.338+0000] {dag.py:3089} INFO - Sync 1 DAGs
[2024-07-25T23:51:51.466+0000] {logging_mixin.py:188} INFO - [2024-07-25T23:51:51.455+0000] {dag.py:3947} INFO - Setting next_dagrun for example_bash_operator to 2024-07-24 00:00:00+00:00, run_after=2024-07-25 00:00:00+00:00
[2024-07-25T23:51:51.686+0000] {processor.py:183} INFO - Processing /home/airflow/.local/lib/python3.12/site-packages/airflow/example_dags/example_bash_operator.py took 1.386 seconds
[2024-07-25T23:52:22.674+0000] {processor.py:161} INFO - Started process (PID=2956) to work on /home/airflow/.local/lib/python3.12/site-packages/airflow/example_dags/example_bash_operator.py
[2024-07-25T23:52:22.678+0000] {processor.py:830} INFO - Processing file /home/airflow/.local/lib/python3.12/site-packages/airflow/example_dags/example_bash_operator.py for tasks to queue
[2024-07-25T23:52:22.683+0000] {logging_mixin.py:188} INFO - [2024-07-25T23:52:22.682+0000] {dagbag.py:545} INFO - Filling up the DagBag from /home/airflow/.local/lib/python3.12/site-packages/airflow/example_dags/example_bash_operator.py
[2024-07-25T23:52:22.707+0000] {processor.py:840} INFO - DAG(s) 'example_bash_operator' retrieved from /home/airflow/.local/lib/python3.12/site-packages/airflow/example_dags/example_bash_operator.py
[2024-07-25T23:52:22.741+0000] {logging_mixin.py:188} INFO - [2024-07-25T23:52:22.741+0000] {dag.py:3089} INFO - Sync 1 DAGs
[2024-07-25T23:52:22.763+0000] {logging_mixin.py:188} INFO - [2024-07-25T23:52:22.763+0000] {dag.py:3947} INFO - Setting next_dagrun for example_bash_operator to 2024-07-24 00:00:00+00:00, run_after=2024-07-25 00:00:00+00:00
[2024-07-25T23:52:22.778+0000] {processor.py:183} INFO - Processing /home/airflow/.local/lib/python3.12/site-packages/airflow/example_dags/example_bash_operator.py took 0.128 seconds
[2024-07-25T23:52:52.956+0000] {processor.py:161} INFO - Started process (PID=3016) to work on /home/airflow/.local/lib/python3.12/site-packages/airflow/example_dags/example_bash_operator.py
[2024-07-25T23:52:52.958+0000] {processor.py:830} INFO - Processing file /home/airflow/.local/lib/python3.12/site-packages/airflow/example_dags/example_bash_operator.py for tasks to queue
[2024-07-25T23:52:52.960+0000] {logging_mixin.py:188} INFO - [2024-07-25T23:52:52.960+0000] {dagbag.py:545} INFO - Filling up the DagBag from /home/airflow/.local/lib/python3.12/site-packages/airflow/example_dags/example_bash_operator.py
[2024-07-25T23:52:52.970+0000] {processor.py:840} INFO - DAG(s) 'example_bash_operator' retrieved from /home/airflow/.local/lib/python3.12/site-packages/airflow/example_dags/example_bash_operator.py
[2024-07-25T23:52:52.991+0000] {logging_mixin.py:188} INFO - [2024-07-25T23:52:52.991+0000] {dag.py:3089} INFO - Sync 1 DAGs
[2024-07-25T23:52:53.007+0000] {logging_mixin.py:188} INFO - [2024-07-25T23:52:53.007+0000] {dag.py:3947} INFO - Setting next_dagrun for example_bash_operator to 2024-07-24 00:00:00+00:00, run_after=2024-07-25 00:00:00+00:00
[2024-07-25T23:52:53.018+0000] {processor.py:183} INFO - Processing /home/airflow/.local/lib/python3.12/site-packages/airflow/example_dags/example_bash_operator.py took 0.069 seconds
[2024-07-25T23:53:23.473+0000] {processor.py:161} INFO - Started process (PID=3076) to work on /home/airflow/.local/lib/python3.12/site-packages/airflow/example_dags/example_bash_operator.py
[2024-07-25T23:53:23.475+0000] {processor.py:830} INFO - Processing file /home/airflow/.local/lib/python3.12/site-packages/airflow/example_dags/example_bash_operator.py for tasks to queue
[2024-07-25T23:53:23.477+0000] {logging_mixin.py:188} INFO - [2024-07-25T23:53:23.477+0000] {dagbag.py:545} INFO - Filling up the DagBag from /home/airflow/.local/lib/python3.12/site-packages/airflow/example_dags/example_bash_operator.py
[2024-07-25T23:53:23.490+0000] {processor.py:840} INFO - DAG(s) 'example_bash_operator' retrieved from /home/airflow/.local/lib/python3.12/site-packages/airflow/example_dags/example_bash_operator.py
[2024-07-25T23:53:23.517+0000] {logging_mixin.py:188} INFO - [2024-07-25T23:53:23.517+0000] {dag.py:3089} INFO - Sync 1 DAGs
[2024-07-25T23:53:23.538+0000] {logging_mixin.py:188} INFO - [2024-07-25T23:53:23.538+0000] {dag.py:3947} INFO - Setting next_dagrun for example_bash_operator to 2024-07-24 00:00:00+00:00, run_after=2024-07-25 00:00:00+00:00
[2024-07-25T23:53:23.556+0000] {processor.py:183} INFO - Processing /home/airflow/.local/lib/python3.12/site-packages/airflow/example_dags/example_bash_operator.py took 0.090 seconds
[2024-07-25T23:53:53.656+0000] {processor.py:161} INFO - Started process (PID=3136) to work on /home/airflow/.local/lib/python3.12/site-packages/airflow/example_dags/example_bash_operator.py
[2024-07-25T23:53:53.657+0000] {processor.py:830} INFO - Processing file /home/airflow/.local/lib/python3.12/site-packages/airflow/example_dags/example_bash_operator.py for tasks to queue
[2024-07-25T23:53:53.658+0000] {logging_mixin.py:188} INFO - [2024-07-25T23:53:53.658+0000] {dagbag.py:545} INFO - Filling up the DagBag from /home/airflow/.local/lib/python3.12/site-packages/airflow/example_dags/example_bash_operator.py
[2024-07-25T23:53:53.669+0000] {processor.py:840} INFO - DAG(s) 'example_bash_operator' retrieved from /home/airflow/.local/lib/python3.12/site-packages/airflow/example_dags/example_bash_operator.py
[2024-07-25T23:53:53.696+0000] {logging_mixin.py:188} INFO - [2024-07-25T23:53:53.696+0000] {dag.py:3089} INFO - Sync 1 DAGs
[2024-07-25T23:53:53.720+0000] {logging_mixin.py:188} INFO - [2024-07-25T23:53:53.720+0000] {dag.py:3947} INFO - Setting next_dagrun for example_bash_operator to 2024-07-24 00:00:00+00:00, run_after=2024-07-25 00:00:00+00:00
[2024-07-25T23:53:53.747+0000] {processor.py:183} INFO - Processing /home/airflow/.local/lib/python3.12/site-packages/airflow/example_dags/example_bash_operator.py took 0.095 seconds
[2024-07-25T23:54:23.816+0000] {processor.py:161} INFO - Started process (PID=3195) to work on /home/airflow/.local/lib/python3.12/site-packages/airflow/example_dags/example_bash_operator.py
[2024-07-25T23:54:23.817+0000] {processor.py:830} INFO - Processing file /home/airflow/.local/lib/python3.12/site-packages/airflow/example_dags/example_bash_operator.py for tasks to queue
[2024-07-25T23:54:23.820+0000] {logging_mixin.py:188} INFO - [2024-07-25T23:54:23.819+0000] {dagbag.py:545} INFO - Filling up the DagBag from /home/airflow/.local/lib/python3.12/site-packages/airflow/example_dags/example_bash_operator.py
[2024-07-25T23:54:23.836+0000] {processor.py:840} INFO - DAG(s) 'example_bash_operator' retrieved from /home/airflow/.local/lib/python3.12/site-packages/airflow/example_dags/example_bash_operator.py
[2024-07-25T23:54:23.871+0000] {logging_mixin.py:188} INFO - [2024-07-25T23:54:23.871+0000] {dag.py:3089} INFO - Sync 1 DAGs
[2024-07-25T23:54:23.899+0000] {logging_mixin.py:188} INFO - [2024-07-25T23:54:23.898+0000] {dag.py:3947} INFO - Setting next_dagrun for example_bash_operator to 2024-07-24 00:00:00+00:00, run_after=2024-07-25 00:00:00+00:00
[2024-07-25T23:54:23.916+0000] {processor.py:183} INFO - Processing /home/airflow/.local/lib/python3.12/site-packages/airflow/example_dags/example_bash_operator.py took 0.114 seconds
