[2024-07-25T23:17:22.883+0000] {processor.py:161} INFO - Started process (PID=81) to work on /home/airflow/.local/lib/python3.12/site-packages/airflow/example_dags/example_sensors.py
[2024-07-25T23:17:22.884+0000] {processor.py:830} INFO - Processing file /home/airflow/.local/lib/python3.12/site-packages/airflow/example_dags/example_sensors.py for tasks to queue
[2024-07-25T23:17:22.886+0000] {logging_mixin.py:188} INFO - [2024-07-25T23:17:22.886+0000] {dagbag.py:545} INFO - Filling up the DagBag from /home/airflow/.local/lib/python3.12/site-packages/airflow/example_dags/example_sensors.py
[2024-07-25T23:17:22.901+0000] {processor.py:840} INFO - DAG(s) 'example_sensors' retrieved from /home/airflow/.local/lib/python3.12/site-packages/airflow/example_dags/example_sensors.py
[2024-07-25T23:17:22.916+0000] {logging_mixin.py:188} INFO - [2024-07-25T23:17:22.915+0000] {dag.py:3089} INFO - Sync 1 DAGs
[2024-07-25T23:17:22.930+0000] {logging_mixin.py:188} INFO - [2024-07-25T23:17:22.930+0000] {dag.py:3947} INFO - Setting next_dagrun for example_sensors to None, run_after=None
[2024-07-25T23:17:22.947+0000] {processor.py:183} INFO - Processing /home/airflow/.local/lib/python3.12/site-packages/airflow/example_dags/example_sensors.py took 0.069 seconds
[2024-07-25T23:17:53.823+0000] {processor.py:161} INFO - Started process (PID=141) to work on /home/airflow/.local/lib/python3.12/site-packages/airflow/example_dags/example_sensors.py
[2024-07-25T23:17:53.826+0000] {processor.py:830} INFO - Processing file /home/airflow/.local/lib/python3.12/site-packages/airflow/example_dags/example_sensors.py for tasks to queue
[2024-07-25T23:17:53.829+0000] {logging_mixin.py:188} INFO - [2024-07-25T23:17:53.828+0000] {dagbag.py:545} INFO - Filling up the DagBag from /home/airflow/.local/lib/python3.12/site-packages/airflow/example_dags/example_sensors.py
[2024-07-25T23:17:53.844+0000] {processor.py:840} INFO - DAG(s) 'example_sensors' retrieved from /home/airflow/.local/lib/python3.12/site-packages/airflow/example_dags/example_sensors.py
[2024-07-25T23:17:53.932+0000] {logging_mixin.py:188} INFO - [2024-07-25T23:17:53.932+0000] {dag.py:3089} INFO - Sync 1 DAGs
[2024-07-25T23:17:53.943+0000] {logging_mixin.py:188} INFO - [2024-07-25T23:17:53.943+0000] {dag.py:3947} INFO - Setting next_dagrun for example_sensors to None, run_after=None
[2024-07-25T23:17:53.959+0000] {processor.py:183} INFO - Processing /home/airflow/.local/lib/python3.12/site-packages/airflow/example_dags/example_sensors.py took 0.141 seconds
[2024-07-25T23:18:23.999+0000] {processor.py:161} INFO - Started process (PID=201) to work on /home/airflow/.local/lib/python3.12/site-packages/airflow/example_dags/example_sensors.py
[2024-07-25T23:18:24.001+0000] {processor.py:830} INFO - Processing file /home/airflow/.local/lib/python3.12/site-packages/airflow/example_dags/example_sensors.py for tasks to queue
[2024-07-25T23:18:24.002+0000] {logging_mixin.py:188} INFO - [2024-07-25T23:18:24.002+0000] {dagbag.py:545} INFO - Filling up the DagBag from /home/airflow/.local/lib/python3.12/site-packages/airflow/example_dags/example_sensors.py
[2024-07-25T23:18:24.009+0000] {processor.py:840} INFO - DAG(s) 'example_sensors' retrieved from /home/airflow/.local/lib/python3.12/site-packages/airflow/example_dags/example_sensors.py
[2024-07-25T23:18:24.033+0000] {logging_mixin.py:188} INFO - [2024-07-25T23:18:24.033+0000] {dag.py:3089} INFO - Sync 1 DAGs
[2024-07-25T23:18:24.045+0000] {logging_mixin.py:188} INFO - [2024-07-25T23:18:24.045+0000] {dag.py:3947} INFO - Setting next_dagrun for example_sensors to None, run_after=None
[2024-07-25T23:18:24.061+0000] {processor.py:183} INFO - Processing /home/airflow/.local/lib/python3.12/site-packages/airflow/example_dags/example_sensors.py took 0.066 seconds
[2024-07-25T23:18:54.707+0000] {processor.py:161} INFO - Started process (PID=261) to work on /home/airflow/.local/lib/python3.12/site-packages/airflow/example_dags/example_sensors.py
[2024-07-25T23:18:54.708+0000] {processor.py:830} INFO - Processing file /home/airflow/.local/lib/python3.12/site-packages/airflow/example_dags/example_sensors.py for tasks to queue
[2024-07-25T23:18:54.710+0000] {logging_mixin.py:188} INFO - [2024-07-25T23:18:54.710+0000] {dagbag.py:545} INFO - Filling up the DagBag from /home/airflow/.local/lib/python3.12/site-packages/airflow/example_dags/example_sensors.py
[2024-07-25T23:18:54.718+0000] {processor.py:840} INFO - DAG(s) 'example_sensors' retrieved from /home/airflow/.local/lib/python3.12/site-packages/airflow/example_dags/example_sensors.py
[2024-07-25T23:18:54.737+0000] {logging_mixin.py:188} INFO - [2024-07-25T23:18:54.737+0000] {dag.py:3089} INFO - Sync 1 DAGs
[2024-07-25T23:18:54.747+0000] {logging_mixin.py:188} INFO - [2024-07-25T23:18:54.746+0000] {dag.py:3947} INFO - Setting next_dagrun for example_sensors to None, run_after=None
[2024-07-25T23:18:54.757+0000] {processor.py:183} INFO - Processing /home/airflow/.local/lib/python3.12/site-packages/airflow/example_dags/example_sensors.py took 0.056 seconds
[2024-07-25T23:19:25.737+0000] {processor.py:161} INFO - Started process (PID=321) to work on /home/airflow/.local/lib/python3.12/site-packages/airflow/example_dags/example_sensors.py
[2024-07-25T23:19:25.738+0000] {processor.py:830} INFO - Processing file /home/airflow/.local/lib/python3.12/site-packages/airflow/example_dags/example_sensors.py for tasks to queue
[2024-07-25T23:19:25.739+0000] {logging_mixin.py:188} INFO - [2024-07-25T23:19:25.739+0000] {dagbag.py:545} INFO - Filling up the DagBag from /home/airflow/.local/lib/python3.12/site-packages/airflow/example_dags/example_sensors.py
[2024-07-25T23:19:25.746+0000] {processor.py:840} INFO - DAG(s) 'example_sensors' retrieved from /home/airflow/.local/lib/python3.12/site-packages/airflow/example_dags/example_sensors.py
[2024-07-25T23:19:25.762+0000] {logging_mixin.py:188} INFO - [2024-07-25T23:19:25.762+0000] {dag.py:3089} INFO - Sync 1 DAGs
[2024-07-25T23:19:25.771+0000] {logging_mixin.py:188} INFO - [2024-07-25T23:19:25.771+0000] {dag.py:3947} INFO - Setting next_dagrun for example_sensors to None, run_after=None
[2024-07-25T23:19:25.783+0000] {processor.py:183} INFO - Processing /home/airflow/.local/lib/python3.12/site-packages/airflow/example_dags/example_sensors.py took 0.050 seconds
[2024-07-25T23:19:56.424+0000] {processor.py:161} INFO - Started process (PID=381) to work on /home/airflow/.local/lib/python3.12/site-packages/airflow/example_dags/example_sensors.py
[2024-07-25T23:19:56.429+0000] {processor.py:830} INFO - Processing file /home/airflow/.local/lib/python3.12/site-packages/airflow/example_dags/example_sensors.py for tasks to queue
[2024-07-25T23:19:56.462+0000] {logging_mixin.py:188} INFO - [2024-07-25T23:19:56.459+0000] {dagbag.py:545} INFO - Filling up the DagBag from /home/airflow/.local/lib/python3.12/site-packages/airflow/example_dags/example_sensors.py
[2024-07-25T23:19:56.579+0000] {processor.py:840} INFO - DAG(s) 'example_sensors' retrieved from /home/airflow/.local/lib/python3.12/site-packages/airflow/example_dags/example_sensors.py
[2024-07-25T23:19:56.772+0000] {logging_mixin.py:188} INFO - [2024-07-25T23:19:56.769+0000] {dag.py:3089} INFO - Sync 1 DAGs
[2024-07-25T23:19:56.858+0000] {logging_mixin.py:188} INFO - [2024-07-25T23:19:56.857+0000] {dag.py:3947} INFO - Setting next_dagrun for example_sensors to None, run_after=None
[2024-07-25T23:19:56.962+0000] {processor.py:183} INFO - Processing /home/airflow/.local/lib/python3.12/site-packages/airflow/example_dags/example_sensors.py took 0.561 seconds
[2024-07-25T23:20:27.590+0000] {processor.py:161} INFO - Started process (PID=441) to work on /home/airflow/.local/lib/python3.12/site-packages/airflow/example_dags/example_sensors.py
[2024-07-25T23:20:27.591+0000] {processor.py:830} INFO - Processing file /home/airflow/.local/lib/python3.12/site-packages/airflow/example_dags/example_sensors.py for tasks to queue
[2024-07-25T23:20:27.595+0000] {logging_mixin.py:188} INFO - [2024-07-25T23:20:27.595+0000] {dagbag.py:545} INFO - Filling up the DagBag from /home/airflow/.local/lib/python3.12/site-packages/airflow/example_dags/example_sensors.py
[2024-07-25T23:20:27.606+0000] {processor.py:840} INFO - DAG(s) 'example_sensors' retrieved from /home/airflow/.local/lib/python3.12/site-packages/airflow/example_dags/example_sensors.py
[2024-07-25T23:20:27.632+0000] {logging_mixin.py:188} INFO - [2024-07-25T23:20:27.632+0000] {dag.py:3089} INFO - Sync 1 DAGs
[2024-07-25T23:20:27.646+0000] {logging_mixin.py:188} INFO - [2024-07-25T23:20:27.645+0000] {dag.py:3947} INFO - Setting next_dagrun for example_sensors to None, run_after=None
[2024-07-25T23:20:27.665+0000] {processor.py:183} INFO - Processing /home/airflow/.local/lib/python3.12/site-packages/airflow/example_dags/example_sensors.py took 0.091 seconds
[2024-07-25T23:20:58.142+0000] {processor.py:161} INFO - Started process (PID=501) to work on /home/airflow/.local/lib/python3.12/site-packages/airflow/example_dags/example_sensors.py
[2024-07-25T23:20:58.142+0000] {processor.py:830} INFO - Processing file /home/airflow/.local/lib/python3.12/site-packages/airflow/example_dags/example_sensors.py for tasks to queue
[2024-07-25T23:20:58.144+0000] {logging_mixin.py:188} INFO - [2024-07-25T23:20:58.144+0000] {dagbag.py:545} INFO - Filling up the DagBag from /home/airflow/.local/lib/python3.12/site-packages/airflow/example_dags/example_sensors.py
[2024-07-25T23:20:58.150+0000] {processor.py:840} INFO - DAG(s) 'example_sensors' retrieved from /home/airflow/.local/lib/python3.12/site-packages/airflow/example_dags/example_sensors.py
[2024-07-25T23:20:58.166+0000] {logging_mixin.py:188} INFO - [2024-07-25T23:20:58.166+0000] {dag.py:3089} INFO - Sync 1 DAGs
[2024-07-25T23:20:58.174+0000] {logging_mixin.py:188} INFO - [2024-07-25T23:20:58.174+0000] {dag.py:3947} INFO - Setting next_dagrun for example_sensors to None, run_after=None
[2024-07-25T23:20:58.185+0000] {processor.py:183} INFO - Processing /home/airflow/.local/lib/python3.12/site-packages/airflow/example_dags/example_sensors.py took 0.048 seconds
[2024-07-25T23:21:29.050+0000] {processor.py:161} INFO - Started process (PID=561) to work on /home/airflow/.local/lib/python3.12/site-packages/airflow/example_dags/example_sensors.py
[2024-07-25T23:21:29.052+0000] {processor.py:830} INFO - Processing file /home/airflow/.local/lib/python3.12/site-packages/airflow/example_dags/example_sensors.py for tasks to queue
[2024-07-25T23:21:29.053+0000] {logging_mixin.py:188} INFO - [2024-07-25T23:21:29.053+0000] {dagbag.py:545} INFO - Filling up the DagBag from /home/airflow/.local/lib/python3.12/site-packages/airflow/example_dags/example_sensors.py
[2024-07-25T23:21:29.059+0000] {processor.py:840} INFO - DAG(s) 'example_sensors' retrieved from /home/airflow/.local/lib/python3.12/site-packages/airflow/example_dags/example_sensors.py
[2024-07-25T23:21:29.076+0000] {logging_mixin.py:188} INFO - [2024-07-25T23:21:29.076+0000] {dag.py:3089} INFO - Sync 1 DAGs
[2024-07-25T23:21:29.084+0000] {logging_mixin.py:188} INFO - [2024-07-25T23:21:29.084+0000] {dag.py:3947} INFO - Setting next_dagrun for example_sensors to None, run_after=None
[2024-07-25T23:21:29.096+0000] {processor.py:183} INFO - Processing /home/airflow/.local/lib/python3.12/site-packages/airflow/example_dags/example_sensors.py took 0.050 seconds
[2024-07-25T23:21:59.606+0000] {processor.py:161} INFO - Started process (PID=620) to work on /home/airflow/.local/lib/python3.12/site-packages/airflow/example_dags/example_sensors.py
[2024-07-25T23:21:59.607+0000] {processor.py:830} INFO - Processing file /home/airflow/.local/lib/python3.12/site-packages/airflow/example_dags/example_sensors.py for tasks to queue
[2024-07-25T23:21:59.608+0000] {logging_mixin.py:188} INFO - [2024-07-25T23:21:59.608+0000] {dagbag.py:545} INFO - Filling up the DagBag from /home/airflow/.local/lib/python3.12/site-packages/airflow/example_dags/example_sensors.py
[2024-07-25T23:21:59.614+0000] {processor.py:840} INFO - DAG(s) 'example_sensors' retrieved from /home/airflow/.local/lib/python3.12/site-packages/airflow/example_dags/example_sensors.py
[2024-07-25T23:21:59.631+0000] {logging_mixin.py:188} INFO - [2024-07-25T23:21:59.631+0000] {dag.py:3089} INFO - Sync 1 DAGs
[2024-07-25T23:21:59.639+0000] {logging_mixin.py:188} INFO - [2024-07-25T23:21:59.638+0000] {dag.py:3947} INFO - Setting next_dagrun for example_sensors to None, run_after=None
[2024-07-25T23:21:59.650+0000] {processor.py:183} INFO - Processing /home/airflow/.local/lib/python3.12/site-packages/airflow/example_dags/example_sensors.py took 0.048 seconds
[2024-07-25T23:22:30.260+0000] {processor.py:161} INFO - Started process (PID=679) to work on /home/airflow/.local/lib/python3.12/site-packages/airflow/example_dags/example_sensors.py
[2024-07-25T23:22:30.261+0000] {processor.py:830} INFO - Processing file /home/airflow/.local/lib/python3.12/site-packages/airflow/example_dags/example_sensors.py for tasks to queue
[2024-07-25T23:22:30.263+0000] {logging_mixin.py:188} INFO - [2024-07-25T23:22:30.262+0000] {dagbag.py:545} INFO - Filling up the DagBag from /home/airflow/.local/lib/python3.12/site-packages/airflow/example_dags/example_sensors.py
[2024-07-25T23:22:30.269+0000] {processor.py:840} INFO - DAG(s) 'example_sensors' retrieved from /home/airflow/.local/lib/python3.12/site-packages/airflow/example_dags/example_sensors.py
[2024-07-25T23:22:30.286+0000] {logging_mixin.py:188} INFO - [2024-07-25T23:22:30.286+0000] {dag.py:3089} INFO - Sync 1 DAGs
[2024-07-25T23:22:30.294+0000] {logging_mixin.py:188} INFO - [2024-07-25T23:22:30.294+0000] {dag.py:3947} INFO - Setting next_dagrun for example_sensors to None, run_after=None
[2024-07-25T23:22:30.306+0000] {processor.py:183} INFO - Processing /home/airflow/.local/lib/python3.12/site-packages/airflow/example_dags/example_sensors.py took 0.049 seconds
[2024-07-25T23:23:00.570+0000] {processor.py:161} INFO - Started process (PID=739) to work on /home/airflow/.local/lib/python3.12/site-packages/airflow/example_dags/example_sensors.py
[2024-07-25T23:23:00.571+0000] {processor.py:830} INFO - Processing file /home/airflow/.local/lib/python3.12/site-packages/airflow/example_dags/example_sensors.py for tasks to queue
[2024-07-25T23:23:00.573+0000] {logging_mixin.py:188} INFO - [2024-07-25T23:23:00.573+0000] {dagbag.py:545} INFO - Filling up the DagBag from /home/airflow/.local/lib/python3.12/site-packages/airflow/example_dags/example_sensors.py
[2024-07-25T23:23:00.580+0000] {processor.py:840} INFO - DAG(s) 'example_sensors' retrieved from /home/airflow/.local/lib/python3.12/site-packages/airflow/example_dags/example_sensors.py
[2024-07-25T23:23:00.598+0000] {logging_mixin.py:188} INFO - [2024-07-25T23:23:00.598+0000] {dag.py:3089} INFO - Sync 1 DAGs
[2024-07-25T23:23:00.607+0000] {logging_mixin.py:188} INFO - [2024-07-25T23:23:00.607+0000] {dag.py:3947} INFO - Setting next_dagrun for example_sensors to None, run_after=None
[2024-07-25T23:23:00.620+0000] {processor.py:183} INFO - Processing /home/airflow/.local/lib/python3.12/site-packages/airflow/example_dags/example_sensors.py took 0.055 seconds
[2024-07-25T23:23:30.710+0000] {processor.py:161} INFO - Started process (PID=799) to work on /home/airflow/.local/lib/python3.12/site-packages/airflow/example_dags/example_sensors.py
[2024-07-25T23:23:30.710+0000] {processor.py:830} INFO - Processing file /home/airflow/.local/lib/python3.12/site-packages/airflow/example_dags/example_sensors.py for tasks to queue
[2024-07-25T23:23:30.712+0000] {logging_mixin.py:188} INFO - [2024-07-25T23:23:30.711+0000] {dagbag.py:545} INFO - Filling up the DagBag from /home/airflow/.local/lib/python3.12/site-packages/airflow/example_dags/example_sensors.py
[2024-07-25T23:23:30.718+0000] {processor.py:840} INFO - DAG(s) 'example_sensors' retrieved from /home/airflow/.local/lib/python3.12/site-packages/airflow/example_dags/example_sensors.py
[2024-07-25T23:23:30.735+0000] {logging_mixin.py:188} INFO - [2024-07-25T23:23:30.734+0000] {dag.py:3089} INFO - Sync 1 DAGs
[2024-07-25T23:23:30.743+0000] {logging_mixin.py:188} INFO - [2024-07-25T23:23:30.743+0000] {dag.py:3947} INFO - Setting next_dagrun for example_sensors to None, run_after=None
[2024-07-25T23:23:30.754+0000] {processor.py:183} INFO - Processing /home/airflow/.local/lib/python3.12/site-packages/airflow/example_dags/example_sensors.py took 0.048 seconds
[2024-07-25T23:24:06.348+0000] {processor.py:161} INFO - Started process (PID=859) to work on /home/airflow/.local/lib/python3.12/site-packages/airflow/example_dags/example_sensors.py
[2024-07-25T23:24:06.351+0000] {processor.py:830} INFO - Processing file /home/airflow/.local/lib/python3.12/site-packages/airflow/example_dags/example_sensors.py for tasks to queue
[2024-07-25T23:24:06.356+0000] {logging_mixin.py:188} INFO - [2024-07-25T23:24:06.355+0000] {dagbag.py:545} INFO - Filling up the DagBag from /home/airflow/.local/lib/python3.12/site-packages/airflow/example_dags/example_sensors.py
[2024-07-25T23:24:06.374+0000] {processor.py:840} INFO - DAG(s) 'example_sensors' retrieved from /home/airflow/.local/lib/python3.12/site-packages/airflow/example_dags/example_sensors.py
[2024-07-25T23:24:06.443+0000] {logging_mixin.py:188} INFO - [2024-07-25T23:24:06.442+0000] {dag.py:3089} INFO - Sync 1 DAGs
[2024-07-25T23:24:06.490+0000] {logging_mixin.py:188} INFO - [2024-07-25T23:24:06.489+0000] {dag.py:3947} INFO - Setting next_dagrun for example_sensors to None, run_after=None
[2024-07-25T23:24:06.531+0000] {processor.py:183} INFO - Processing /home/airflow/.local/lib/python3.12/site-packages/airflow/example_dags/example_sensors.py took 0.214 seconds
[2024-07-25T23:24:38.104+0000] {processor.py:161} INFO - Started process (PID=919) to work on /home/airflow/.local/lib/python3.12/site-packages/airflow/example_dags/example_sensors.py
[2024-07-25T23:24:38.109+0000] {processor.py:830} INFO - Processing file /home/airflow/.local/lib/python3.12/site-packages/airflow/example_dags/example_sensors.py for tasks to queue
[2024-07-25T23:24:38.138+0000] {logging_mixin.py:188} INFO - [2024-07-25T23:24:38.131+0000] {dagbag.py:545} INFO - Filling up the DagBag from /home/airflow/.local/lib/python3.12/site-packages/airflow/example_dags/example_sensors.py
[2024-07-25T23:24:38.228+0000] {processor.py:840} INFO - DAG(s) 'example_sensors' retrieved from /home/airflow/.local/lib/python3.12/site-packages/airflow/example_dags/example_sensors.py
[2024-07-25T23:24:38.391+0000] {logging_mixin.py:188} INFO - [2024-07-25T23:24:38.391+0000] {dag.py:3089} INFO - Sync 1 DAGs
[2024-07-25T23:24:38.445+0000] {logging_mixin.py:188} INFO - [2024-07-25T23:24:38.445+0000] {dag.py:3947} INFO - Setting next_dagrun for example_sensors to None, run_after=None
[2024-07-25T23:24:38.474+0000] {processor.py:183} INFO - Processing /home/airflow/.local/lib/python3.12/site-packages/airflow/example_dags/example_sensors.py took 0.384 seconds
[2024-07-25T23:25:09.086+0000] {processor.py:161} INFO - Started process (PID=979) to work on /home/airflow/.local/lib/python3.12/site-packages/airflow/example_dags/example_sensors.py
[2024-07-25T23:25:09.088+0000] {processor.py:830} INFO - Processing file /home/airflow/.local/lib/python3.12/site-packages/airflow/example_dags/example_sensors.py for tasks to queue
[2024-07-25T23:25:09.102+0000] {logging_mixin.py:188} INFO - [2024-07-25T23:25:09.096+0000] {dagbag.py:545} INFO - Filling up the DagBag from /home/airflow/.local/lib/python3.12/site-packages/airflow/example_dags/example_sensors.py
[2024-07-25T23:25:09.123+0000] {processor.py:840} INFO - DAG(s) 'example_sensors' retrieved from /home/airflow/.local/lib/python3.12/site-packages/airflow/example_dags/example_sensors.py
[2024-07-25T23:25:09.177+0000] {logging_mixin.py:188} INFO - [2024-07-25T23:25:09.177+0000] {dag.py:3089} INFO - Sync 1 DAGs
[2024-07-25T23:25:09.203+0000] {logging_mixin.py:188} INFO - [2024-07-25T23:25:09.203+0000] {dag.py:3947} INFO - Setting next_dagrun for example_sensors to None, run_after=None
[2024-07-25T23:25:09.246+0000] {processor.py:183} INFO - Processing /home/airflow/.local/lib/python3.12/site-packages/airflow/example_dags/example_sensors.py took 0.172 seconds
[2024-07-25T23:27:54.361+0000] {processor.py:161} INFO - Started process (PID=85) to work on /home/airflow/.local/lib/python3.12/site-packages/airflow/example_dags/example_sensors.py
[2024-07-25T23:27:54.363+0000] {processor.py:830} INFO - Processing file /home/airflow/.local/lib/python3.12/site-packages/airflow/example_dags/example_sensors.py for tasks to queue
[2024-07-25T23:27:54.369+0000] {logging_mixin.py:188} INFO - [2024-07-25T23:27:54.369+0000] {dagbag.py:545} INFO - Filling up the DagBag from /home/airflow/.local/lib/python3.12/site-packages/airflow/example_dags/example_sensors.py
[2024-07-25T23:27:54.391+0000] {processor.py:840} INFO - DAG(s) 'example_sensors' retrieved from /home/airflow/.local/lib/python3.12/site-packages/airflow/example_dags/example_sensors.py
[2024-07-25T23:27:55.262+0000] {logging_mixin.py:188} INFO - [2024-07-25T23:27:55.258+0000] {dag.py:3089} INFO - Sync 1 DAGs
[2024-07-25T23:27:55.303+0000] {logging_mixin.py:188} INFO - [2024-07-25T23:27:55.303+0000] {dag.py:3947} INFO - Setting next_dagrun for example_sensors to None, run_after=None
[2024-07-25T23:27:55.364+0000] {processor.py:183} INFO - Processing /home/airflow/.local/lib/python3.12/site-packages/airflow/example_dags/example_sensors.py took 1.015 seconds
[2024-07-25T23:28:26.146+0000] {processor.py:161} INFO - Started process (PID=145) to work on /home/airflow/.local/lib/python3.12/site-packages/airflow/example_dags/example_sensors.py
[2024-07-25T23:28:26.147+0000] {processor.py:830} INFO - Processing file /home/airflow/.local/lib/python3.12/site-packages/airflow/example_dags/example_sensors.py for tasks to queue
[2024-07-25T23:28:26.149+0000] {logging_mixin.py:188} INFO - [2024-07-25T23:28:26.148+0000] {dagbag.py:545} INFO - Filling up the DagBag from /home/airflow/.local/lib/python3.12/site-packages/airflow/example_dags/example_sensors.py
[2024-07-25T23:28:26.163+0000] {processor.py:840} INFO - DAG(s) 'example_sensors' retrieved from /home/airflow/.local/lib/python3.12/site-packages/airflow/example_dags/example_sensors.py
[2024-07-25T23:28:26.209+0000] {logging_mixin.py:188} INFO - [2024-07-25T23:28:26.209+0000] {dag.py:3089} INFO - Sync 1 DAGs
[2024-07-25T23:28:26.224+0000] {logging_mixin.py:188} INFO - [2024-07-25T23:28:26.224+0000] {dag.py:3947} INFO - Setting next_dagrun for example_sensors to None, run_after=None
[2024-07-25T23:28:26.247+0000] {processor.py:183} INFO - Processing /home/airflow/.local/lib/python3.12/site-packages/airflow/example_dags/example_sensors.py took 0.107 seconds
[2024-07-25T23:28:56.795+0000] {processor.py:161} INFO - Started process (PID=205) to work on /home/airflow/.local/lib/python3.12/site-packages/airflow/example_dags/example_sensors.py
[2024-07-25T23:28:56.797+0000] {processor.py:830} INFO - Processing file /home/airflow/.local/lib/python3.12/site-packages/airflow/example_dags/example_sensors.py for tasks to queue
[2024-07-25T23:28:56.800+0000] {logging_mixin.py:188} INFO - [2024-07-25T23:28:56.799+0000] {dagbag.py:545} INFO - Filling up the DagBag from /home/airflow/.local/lib/python3.12/site-packages/airflow/example_dags/example_sensors.py
[2024-07-25T23:28:56.821+0000] {processor.py:840} INFO - DAG(s) 'example_sensors' retrieved from /home/airflow/.local/lib/python3.12/site-packages/airflow/example_dags/example_sensors.py
[2024-07-25T23:28:56.893+0000] {logging_mixin.py:188} INFO - [2024-07-25T23:28:56.892+0000] {dag.py:3089} INFO - Sync 1 DAGs
[2024-07-25T23:28:56.959+0000] {logging_mixin.py:188} INFO - [2024-07-25T23:28:56.958+0000] {dag.py:3947} INFO - Setting next_dagrun for example_sensors to None, run_after=None
[2024-07-25T23:28:57.023+0000] {processor.py:183} INFO - Processing /home/airflow/.local/lib/python3.12/site-packages/airflow/example_dags/example_sensors.py took 0.234 seconds
[2024-07-25T23:29:27.308+0000] {processor.py:161} INFO - Started process (PID=269) to work on /home/airflow/.local/lib/python3.12/site-packages/airflow/example_dags/example_sensors.py
[2024-07-25T23:29:27.314+0000] {processor.py:830} INFO - Processing file /home/airflow/.local/lib/python3.12/site-packages/airflow/example_dags/example_sensors.py for tasks to queue
[2024-07-25T23:29:27.327+0000] {logging_mixin.py:188} INFO - [2024-07-25T23:29:27.326+0000] {dagbag.py:545} INFO - Filling up the DagBag from /home/airflow/.local/lib/python3.12/site-packages/airflow/example_dags/example_sensors.py
[2024-07-25T23:29:27.352+0000] {processor.py:840} INFO - DAG(s) 'example_sensors' retrieved from /home/airflow/.local/lib/python3.12/site-packages/airflow/example_dags/example_sensors.py
[2024-07-25T23:29:27.417+0000] {logging_mixin.py:188} INFO - [2024-07-25T23:29:27.416+0000] {dag.py:3089} INFO - Sync 1 DAGs
[2024-07-25T23:29:27.445+0000] {logging_mixin.py:188} INFO - [2024-07-25T23:29:27.444+0000] {dag.py:3947} INFO - Setting next_dagrun for example_sensors to None, run_after=None
[2024-07-25T23:29:27.495+0000] {processor.py:183} INFO - Processing /home/airflow/.local/lib/python3.12/site-packages/airflow/example_dags/example_sensors.py took 0.210 seconds
[2024-07-25T23:29:58.142+0000] {processor.py:161} INFO - Started process (PID=329) to work on /home/airflow/.local/lib/python3.12/site-packages/airflow/example_dags/example_sensors.py
[2024-07-25T23:29:58.143+0000] {processor.py:830} INFO - Processing file /home/airflow/.local/lib/python3.12/site-packages/airflow/example_dags/example_sensors.py for tasks to queue
[2024-07-25T23:29:58.145+0000] {logging_mixin.py:188} INFO - [2024-07-25T23:29:58.145+0000] {dagbag.py:545} INFO - Filling up the DagBag from /home/airflow/.local/lib/python3.12/site-packages/airflow/example_dags/example_sensors.py
[2024-07-25T23:29:58.152+0000] {processor.py:840} INFO - DAG(s) 'example_sensors' retrieved from /home/airflow/.local/lib/python3.12/site-packages/airflow/example_dags/example_sensors.py
[2024-07-25T23:29:58.170+0000] {logging_mixin.py:188} INFO - [2024-07-25T23:29:58.170+0000] {dag.py:3089} INFO - Sync 1 DAGs
[2024-07-25T23:29:58.179+0000] {logging_mixin.py:188} INFO - [2024-07-25T23:29:58.178+0000] {dag.py:3947} INFO - Setting next_dagrun for example_sensors to None, run_after=None
[2024-07-25T23:29:58.192+0000] {processor.py:183} INFO - Processing /home/airflow/.local/lib/python3.12/site-packages/airflow/example_dags/example_sensors.py took 0.056 seconds
[2024-07-25T23:30:28.774+0000] {processor.py:161} INFO - Started process (PID=389) to work on /home/airflow/.local/lib/python3.12/site-packages/airflow/example_dags/example_sensors.py
[2024-07-25T23:30:28.776+0000] {processor.py:830} INFO - Processing file /home/airflow/.local/lib/python3.12/site-packages/airflow/example_dags/example_sensors.py for tasks to queue
[2024-07-25T23:30:28.778+0000] {logging_mixin.py:188} INFO - [2024-07-25T23:30:28.778+0000] {dagbag.py:545} INFO - Filling up the DagBag from /home/airflow/.local/lib/python3.12/site-packages/airflow/example_dags/example_sensors.py
[2024-07-25T23:30:28.786+0000] {processor.py:840} INFO - DAG(s) 'example_sensors' retrieved from /home/airflow/.local/lib/python3.12/site-packages/airflow/example_dags/example_sensors.py
[2024-07-25T23:30:28.807+0000] {logging_mixin.py:188} INFO - [2024-07-25T23:30:28.806+0000] {dag.py:3089} INFO - Sync 1 DAGs
[2024-07-25T23:30:28.816+0000] {logging_mixin.py:188} INFO - [2024-07-25T23:30:28.816+0000] {dag.py:3947} INFO - Setting next_dagrun for example_sensors to None, run_after=None
[2024-07-25T23:30:28.828+0000] {processor.py:183} INFO - Processing /home/airflow/.local/lib/python3.12/site-packages/airflow/example_dags/example_sensors.py took 0.058 seconds
[2024-07-25T23:30:59.875+0000] {processor.py:161} INFO - Started process (PID=449) to work on /home/airflow/.local/lib/python3.12/site-packages/airflow/example_dags/example_sensors.py
[2024-07-25T23:30:59.876+0000] {processor.py:830} INFO - Processing file /home/airflow/.local/lib/python3.12/site-packages/airflow/example_dags/example_sensors.py for tasks to queue
[2024-07-25T23:30:59.878+0000] {logging_mixin.py:188} INFO - [2024-07-25T23:30:59.877+0000] {dagbag.py:545} INFO - Filling up the DagBag from /home/airflow/.local/lib/python3.12/site-packages/airflow/example_dags/example_sensors.py
[2024-07-25T23:30:59.884+0000] {processor.py:840} INFO - DAG(s) 'example_sensors' retrieved from /home/airflow/.local/lib/python3.12/site-packages/airflow/example_dags/example_sensors.py
[2024-07-25T23:30:59.902+0000] {logging_mixin.py:188} INFO - [2024-07-25T23:30:59.901+0000] {dag.py:3089} INFO - Sync 1 DAGs
[2024-07-25T23:30:59.910+0000] {logging_mixin.py:188} INFO - [2024-07-25T23:30:59.910+0000] {dag.py:3947} INFO - Setting next_dagrun for example_sensors to None, run_after=None
[2024-07-25T23:30:59.921+0000] {processor.py:183} INFO - Processing /home/airflow/.local/lib/python3.12/site-packages/airflow/example_dags/example_sensors.py took 0.052 seconds
[2024-07-25T23:31:30.571+0000] {processor.py:161} INFO - Started process (PID=509) to work on /home/airflow/.local/lib/python3.12/site-packages/airflow/example_dags/example_sensors.py
[2024-07-25T23:31:30.572+0000] {processor.py:830} INFO - Processing file /home/airflow/.local/lib/python3.12/site-packages/airflow/example_dags/example_sensors.py for tasks to queue
[2024-07-25T23:31:30.573+0000] {logging_mixin.py:188} INFO - [2024-07-25T23:31:30.573+0000] {dagbag.py:545} INFO - Filling up the DagBag from /home/airflow/.local/lib/python3.12/site-packages/airflow/example_dags/example_sensors.py
[2024-07-25T23:31:30.581+0000] {processor.py:840} INFO - DAG(s) 'example_sensors' retrieved from /home/airflow/.local/lib/python3.12/site-packages/airflow/example_dags/example_sensors.py
[2024-07-25T23:31:30.600+0000] {logging_mixin.py:188} INFO - [2024-07-25T23:31:30.599+0000] {dag.py:3089} INFO - Sync 1 DAGs
[2024-07-25T23:31:30.609+0000] {logging_mixin.py:188} INFO - [2024-07-25T23:31:30.608+0000] {dag.py:3947} INFO - Setting next_dagrun for example_sensors to None, run_after=None
[2024-07-25T23:31:30.620+0000] {processor.py:183} INFO - Processing /home/airflow/.local/lib/python3.12/site-packages/airflow/example_dags/example_sensors.py took 0.054 seconds
[2024-07-25T23:32:01.073+0000] {processor.py:161} INFO - Started process (PID=569) to work on /home/airflow/.local/lib/python3.12/site-packages/airflow/example_dags/example_sensors.py
[2024-07-25T23:32:01.075+0000] {processor.py:830} INFO - Processing file /home/airflow/.local/lib/python3.12/site-packages/airflow/example_dags/example_sensors.py for tasks to queue
[2024-07-25T23:32:01.076+0000] {logging_mixin.py:188} INFO - [2024-07-25T23:32:01.076+0000] {dagbag.py:545} INFO - Filling up the DagBag from /home/airflow/.local/lib/python3.12/site-packages/airflow/example_dags/example_sensors.py
[2024-07-25T23:32:01.087+0000] {processor.py:840} INFO - DAG(s) 'example_sensors' retrieved from /home/airflow/.local/lib/python3.12/site-packages/airflow/example_dags/example_sensors.py
[2024-07-25T23:32:01.109+0000] {logging_mixin.py:188} INFO - [2024-07-25T23:32:01.109+0000] {dag.py:3089} INFO - Sync 1 DAGs
[2024-07-25T23:32:01.121+0000] {logging_mixin.py:188} INFO - [2024-07-25T23:32:01.121+0000] {dag.py:3947} INFO - Setting next_dagrun for example_sensors to None, run_after=None
[2024-07-25T23:32:01.138+0000] {processor.py:183} INFO - Processing /home/airflow/.local/lib/python3.12/site-packages/airflow/example_dags/example_sensors.py took 0.071 seconds
[2024-07-25T23:32:31.303+0000] {processor.py:161} INFO - Started process (PID=629) to work on /home/airflow/.local/lib/python3.12/site-packages/airflow/example_dags/example_sensors.py
[2024-07-25T23:32:31.304+0000] {processor.py:830} INFO - Processing file /home/airflow/.local/lib/python3.12/site-packages/airflow/example_dags/example_sensors.py for tasks to queue
[2024-07-25T23:32:31.305+0000] {logging_mixin.py:188} INFO - [2024-07-25T23:32:31.305+0000] {dagbag.py:545} INFO - Filling up the DagBag from /home/airflow/.local/lib/python3.12/site-packages/airflow/example_dags/example_sensors.py
[2024-07-25T23:32:31.312+0000] {processor.py:840} INFO - DAG(s) 'example_sensors' retrieved from /home/airflow/.local/lib/python3.12/site-packages/airflow/example_dags/example_sensors.py
[2024-07-25T23:32:31.339+0000] {logging_mixin.py:188} INFO - [2024-07-25T23:32:31.339+0000] {dag.py:3089} INFO - Sync 1 DAGs
[2024-07-25T23:32:31.352+0000] {logging_mixin.py:188} INFO - [2024-07-25T23:32:31.352+0000] {dag.py:3947} INFO - Setting next_dagrun for example_sensors to None, run_after=None
[2024-07-25T23:32:31.371+0000] {processor.py:183} INFO - Processing /home/airflow/.local/lib/python3.12/site-packages/airflow/example_dags/example_sensors.py took 0.072 seconds
[2024-07-25T23:33:01.836+0000] {processor.py:161} INFO - Started process (PID=689) to work on /home/airflow/.local/lib/python3.12/site-packages/airflow/example_dags/example_sensors.py
[2024-07-25T23:33:01.837+0000] {processor.py:830} INFO - Processing file /home/airflow/.local/lib/python3.12/site-packages/airflow/example_dags/example_sensors.py for tasks to queue
[2024-07-25T23:33:01.838+0000] {logging_mixin.py:188} INFO - [2024-07-25T23:33:01.838+0000] {dagbag.py:545} INFO - Filling up the DagBag from /home/airflow/.local/lib/python3.12/site-packages/airflow/example_dags/example_sensors.py
[2024-07-25T23:33:01.844+0000] {processor.py:840} INFO - DAG(s) 'example_sensors' retrieved from /home/airflow/.local/lib/python3.12/site-packages/airflow/example_dags/example_sensors.py
[2024-07-25T23:33:01.861+0000] {logging_mixin.py:188} INFO - [2024-07-25T23:33:01.861+0000] {dag.py:3089} INFO - Sync 1 DAGs
[2024-07-25T23:33:01.869+0000] {logging_mixin.py:188} INFO - [2024-07-25T23:33:01.869+0000] {dag.py:3947} INFO - Setting next_dagrun for example_sensors to None, run_after=None
[2024-07-25T23:33:01.880+0000] {processor.py:183} INFO - Processing /home/airflow/.local/lib/python3.12/site-packages/airflow/example_dags/example_sensors.py took 0.049 seconds
[2024-07-25T23:33:32.302+0000] {processor.py:161} INFO - Started process (PID=747) to work on /home/airflow/.local/lib/python3.12/site-packages/airflow/example_dags/example_sensors.py
[2024-07-25T23:33:32.303+0000] {processor.py:830} INFO - Processing file /home/airflow/.local/lib/python3.12/site-packages/airflow/example_dags/example_sensors.py for tasks to queue
[2024-07-25T23:33:32.305+0000] {logging_mixin.py:188} INFO - [2024-07-25T23:33:32.304+0000] {dagbag.py:545} INFO - Filling up the DagBag from /home/airflow/.local/lib/python3.12/site-packages/airflow/example_dags/example_sensors.py
[2024-07-25T23:33:32.314+0000] {processor.py:840} INFO - DAG(s) 'example_sensors' retrieved from /home/airflow/.local/lib/python3.12/site-packages/airflow/example_dags/example_sensors.py
[2024-07-25T23:33:32.335+0000] {logging_mixin.py:188} INFO - [2024-07-25T23:33:32.335+0000] {dag.py:3089} INFO - Sync 1 DAGs
[2024-07-25T23:33:32.343+0000] {logging_mixin.py:188} INFO - [2024-07-25T23:33:32.343+0000] {dag.py:3947} INFO - Setting next_dagrun for example_sensors to None, run_after=None
[2024-07-25T23:33:32.355+0000] {processor.py:183} INFO - Processing /home/airflow/.local/lib/python3.12/site-packages/airflow/example_dags/example_sensors.py took 0.058 seconds
[2024-07-25T23:34:02.608+0000] {processor.py:161} INFO - Started process (PID=807) to work on /home/airflow/.local/lib/python3.12/site-packages/airflow/example_dags/example_sensors.py
[2024-07-25T23:34:02.612+0000] {processor.py:830} INFO - Processing file /home/airflow/.local/lib/python3.12/site-packages/airflow/example_dags/example_sensors.py for tasks to queue
[2024-07-25T23:34:02.616+0000] {logging_mixin.py:188} INFO - [2024-07-25T23:34:02.616+0000] {dagbag.py:545} INFO - Filling up the DagBag from /home/airflow/.local/lib/python3.12/site-packages/airflow/example_dags/example_sensors.py
[2024-07-25T23:34:02.640+0000] {processor.py:840} INFO - DAG(s) 'example_sensors' retrieved from /home/airflow/.local/lib/python3.12/site-packages/airflow/example_dags/example_sensors.py
[2024-07-25T23:34:02.682+0000] {logging_mixin.py:188} INFO - [2024-07-25T23:34:02.682+0000] {dag.py:3089} INFO - Sync 1 DAGs
[2024-07-25T23:34:02.698+0000] {logging_mixin.py:188} INFO - [2024-07-25T23:34:02.697+0000] {dag.py:3947} INFO - Setting next_dagrun for example_sensors to None, run_after=None
[2024-07-25T23:34:02.722+0000] {processor.py:183} INFO - Processing /home/airflow/.local/lib/python3.12/site-packages/airflow/example_dags/example_sensors.py took 0.120 seconds
[2024-07-25T23:34:32.955+0000] {processor.py:161} INFO - Started process (PID=867) to work on /home/airflow/.local/lib/python3.12/site-packages/airflow/example_dags/example_sensors.py
[2024-07-25T23:34:32.956+0000] {processor.py:830} INFO - Processing file /home/airflow/.local/lib/python3.12/site-packages/airflow/example_dags/example_sensors.py for tasks to queue
[2024-07-25T23:34:32.958+0000] {logging_mixin.py:188} INFO - [2024-07-25T23:34:32.958+0000] {dagbag.py:545} INFO - Filling up the DagBag from /home/airflow/.local/lib/python3.12/site-packages/airflow/example_dags/example_sensors.py
[2024-07-25T23:34:32.966+0000] {processor.py:840} INFO - DAG(s) 'example_sensors' retrieved from /home/airflow/.local/lib/python3.12/site-packages/airflow/example_dags/example_sensors.py
[2024-07-25T23:34:32.987+0000] {logging_mixin.py:188} INFO - [2024-07-25T23:34:32.987+0000] {dag.py:3089} INFO - Sync 1 DAGs
[2024-07-25T23:34:32.998+0000] {logging_mixin.py:188} INFO - [2024-07-25T23:34:32.998+0000] {dag.py:3947} INFO - Setting next_dagrun for example_sensors to None, run_after=None
[2024-07-25T23:34:33.014+0000] {processor.py:183} INFO - Processing /home/airflow/.local/lib/python3.12/site-packages/airflow/example_dags/example_sensors.py took 0.067 seconds
[2024-07-25T23:35:03.565+0000] {processor.py:161} INFO - Started process (PID=926) to work on /home/airflow/.local/lib/python3.12/site-packages/airflow/example_dags/example_sensors.py
[2024-07-25T23:35:03.566+0000] {processor.py:830} INFO - Processing file /home/airflow/.local/lib/python3.12/site-packages/airflow/example_dags/example_sensors.py for tasks to queue
[2024-07-25T23:35:03.567+0000] {logging_mixin.py:188} INFO - [2024-07-25T23:35:03.567+0000] {dagbag.py:545} INFO - Filling up the DagBag from /home/airflow/.local/lib/python3.12/site-packages/airflow/example_dags/example_sensors.py
[2024-07-25T23:35:03.574+0000] {processor.py:840} INFO - DAG(s) 'example_sensors' retrieved from /home/airflow/.local/lib/python3.12/site-packages/airflow/example_dags/example_sensors.py
[2024-07-25T23:35:03.591+0000] {logging_mixin.py:188} INFO - [2024-07-25T23:35:03.591+0000] {dag.py:3089} INFO - Sync 1 DAGs
[2024-07-25T23:35:03.602+0000] {logging_mixin.py:188} INFO - [2024-07-25T23:35:03.601+0000] {dag.py:3947} INFO - Setting next_dagrun for example_sensors to None, run_after=None
[2024-07-25T23:35:03.613+0000] {processor.py:183} INFO - Processing /home/airflow/.local/lib/python3.12/site-packages/airflow/example_dags/example_sensors.py took 0.055 seconds
[2024-07-25T23:35:34.423+0000] {processor.py:161} INFO - Started process (PID=992) to work on /home/airflow/.local/lib/python3.12/site-packages/airflow/example_dags/example_sensors.py
[2024-07-25T23:35:34.427+0000] {processor.py:830} INFO - Processing file /home/airflow/.local/lib/python3.12/site-packages/airflow/example_dags/example_sensors.py for tasks to queue
[2024-07-25T23:35:34.430+0000] {logging_mixin.py:188} INFO - [2024-07-25T23:35:34.429+0000] {dagbag.py:545} INFO - Filling up the DagBag from /home/airflow/.local/lib/python3.12/site-packages/airflow/example_dags/example_sensors.py
[2024-07-25T23:35:34.439+0000] {processor.py:840} INFO - DAG(s) 'example_sensors' retrieved from /home/airflow/.local/lib/python3.12/site-packages/airflow/example_dags/example_sensors.py
[2024-07-25T23:35:34.460+0000] {logging_mixin.py:188} INFO - [2024-07-25T23:35:34.459+0000] {dag.py:3089} INFO - Sync 1 DAGs
[2024-07-25T23:35:34.469+0000] {logging_mixin.py:188} INFO - [2024-07-25T23:35:34.469+0000] {dag.py:3947} INFO - Setting next_dagrun for example_sensors to None, run_after=None
[2024-07-25T23:35:34.484+0000] {processor.py:183} INFO - Processing /home/airflow/.local/lib/python3.12/site-packages/airflow/example_dags/example_sensors.py took 0.069 seconds
[2024-07-25T23:36:04.761+0000] {processor.py:161} INFO - Started process (PID=1052) to work on /home/airflow/.local/lib/python3.12/site-packages/airflow/example_dags/example_sensors.py
[2024-07-25T23:36:04.766+0000] {processor.py:830} INFO - Processing file /home/airflow/.local/lib/python3.12/site-packages/airflow/example_dags/example_sensors.py for tasks to queue
[2024-07-25T23:36:04.769+0000] {logging_mixin.py:188} INFO - [2024-07-25T23:36:04.769+0000] {dagbag.py:545} INFO - Filling up the DagBag from /home/airflow/.local/lib/python3.12/site-packages/airflow/example_dags/example_sensors.py
[2024-07-25T23:36:04.780+0000] {processor.py:840} INFO - DAG(s) 'example_sensors' retrieved from /home/airflow/.local/lib/python3.12/site-packages/airflow/example_dags/example_sensors.py
[2024-07-25T23:36:04.799+0000] {logging_mixin.py:188} INFO - [2024-07-25T23:36:04.799+0000] {dag.py:3089} INFO - Sync 1 DAGs
[2024-07-25T23:36:04.809+0000] {logging_mixin.py:188} INFO - [2024-07-25T23:36:04.809+0000] {dag.py:3947} INFO - Setting next_dagrun for example_sensors to None, run_after=None
[2024-07-25T23:36:04.822+0000] {processor.py:183} INFO - Processing /home/airflow/.local/lib/python3.12/site-packages/airflow/example_dags/example_sensors.py took 0.067 seconds
[2024-07-25T23:36:35.667+0000] {processor.py:161} INFO - Started process (PID=1111) to work on /home/airflow/.local/lib/python3.12/site-packages/airflow/example_dags/example_sensors.py
[2024-07-25T23:36:35.668+0000] {processor.py:830} INFO - Processing file /home/airflow/.local/lib/python3.12/site-packages/airflow/example_dags/example_sensors.py for tasks to queue
[2024-07-25T23:36:35.670+0000] {logging_mixin.py:188} INFO - [2024-07-25T23:36:35.670+0000] {dagbag.py:545} INFO - Filling up the DagBag from /home/airflow/.local/lib/python3.12/site-packages/airflow/example_dags/example_sensors.py
[2024-07-25T23:36:35.677+0000] {processor.py:840} INFO - DAG(s) 'example_sensors' retrieved from /home/airflow/.local/lib/python3.12/site-packages/airflow/example_dags/example_sensors.py
[2024-07-25T23:36:35.697+0000] {logging_mixin.py:188} INFO - [2024-07-25T23:36:35.696+0000] {dag.py:3089} INFO - Sync 1 DAGs
[2024-07-25T23:36:35.705+0000] {logging_mixin.py:188} INFO - [2024-07-25T23:36:35.705+0000] {dag.py:3947} INFO - Setting next_dagrun for example_sensors to None, run_after=None
[2024-07-25T23:36:35.721+0000] {processor.py:183} INFO - Processing /home/airflow/.local/lib/python3.12/site-packages/airflow/example_dags/example_sensors.py took 0.060 seconds
[2024-07-25T23:37:06.967+0000] {processor.py:161} INFO - Started process (PID=1171) to work on /home/airflow/.local/lib/python3.12/site-packages/airflow/example_dags/example_sensors.py
[2024-07-25T23:37:06.969+0000] {processor.py:830} INFO - Processing file /home/airflow/.local/lib/python3.12/site-packages/airflow/example_dags/example_sensors.py for tasks to queue
[2024-07-25T23:37:06.970+0000] {logging_mixin.py:188} INFO - [2024-07-25T23:37:06.970+0000] {dagbag.py:545} INFO - Filling up the DagBag from /home/airflow/.local/lib/python3.12/site-packages/airflow/example_dags/example_sensors.py
[2024-07-25T23:37:06.978+0000] {processor.py:840} INFO - DAG(s) 'example_sensors' retrieved from /home/airflow/.local/lib/python3.12/site-packages/airflow/example_dags/example_sensors.py
[2024-07-25T23:37:07.000+0000] {logging_mixin.py:188} INFO - [2024-07-25T23:37:06.999+0000] {dag.py:3089} INFO - Sync 1 DAGs
[2024-07-25T23:37:07.008+0000] {logging_mixin.py:188} INFO - [2024-07-25T23:37:07.008+0000] {dag.py:3947} INFO - Setting next_dagrun for example_sensors to None, run_after=None
[2024-07-25T23:37:07.020+0000] {processor.py:183} INFO - Processing /home/airflow/.local/lib/python3.12/site-packages/airflow/example_dags/example_sensors.py took 0.060 seconds
[2024-07-25T23:37:37.934+0000] {processor.py:161} INFO - Started process (PID=1231) to work on /home/airflow/.local/lib/python3.12/site-packages/airflow/example_dags/example_sensors.py
[2024-07-25T23:37:37.935+0000] {processor.py:830} INFO - Processing file /home/airflow/.local/lib/python3.12/site-packages/airflow/example_dags/example_sensors.py for tasks to queue
[2024-07-25T23:37:37.936+0000] {logging_mixin.py:188} INFO - [2024-07-25T23:37:37.936+0000] {dagbag.py:545} INFO - Filling up the DagBag from /home/airflow/.local/lib/python3.12/site-packages/airflow/example_dags/example_sensors.py
[2024-07-25T23:37:37.942+0000] {processor.py:840} INFO - DAG(s) 'example_sensors' retrieved from /home/airflow/.local/lib/python3.12/site-packages/airflow/example_dags/example_sensors.py
[2024-07-25T23:37:37.959+0000] {logging_mixin.py:188} INFO - [2024-07-25T23:37:37.959+0000] {dag.py:3089} INFO - Sync 1 DAGs
[2024-07-25T23:37:37.967+0000] {logging_mixin.py:188} INFO - [2024-07-25T23:37:37.967+0000] {dag.py:3947} INFO - Setting next_dagrun for example_sensors to None, run_after=None
[2024-07-25T23:37:37.979+0000] {processor.py:183} INFO - Processing /home/airflow/.local/lib/python3.12/site-packages/airflow/example_dags/example_sensors.py took 0.050 seconds
[2024-07-25T23:38:08.674+0000] {processor.py:161} INFO - Started process (PID=1291) to work on /home/airflow/.local/lib/python3.12/site-packages/airflow/example_dags/example_sensors.py
[2024-07-25T23:38:08.675+0000] {processor.py:830} INFO - Processing file /home/airflow/.local/lib/python3.12/site-packages/airflow/example_dags/example_sensors.py for tasks to queue
[2024-07-25T23:38:08.678+0000] {logging_mixin.py:188} INFO - [2024-07-25T23:38:08.677+0000] {dagbag.py:545} INFO - Filling up the DagBag from /home/airflow/.local/lib/python3.12/site-packages/airflow/example_dags/example_sensors.py
[2024-07-25T23:38:08.699+0000] {processor.py:840} INFO - DAG(s) 'example_sensors' retrieved from /home/airflow/.local/lib/python3.12/site-packages/airflow/example_dags/example_sensors.py
[2024-07-25T23:38:08.725+0000] {logging_mixin.py:188} INFO - [2024-07-25T23:38:08.725+0000] {dag.py:3089} INFO - Sync 1 DAGs
[2024-07-25T23:38:08.736+0000] {logging_mixin.py:188} INFO - [2024-07-25T23:38:08.735+0000] {dag.py:3947} INFO - Setting next_dagrun for example_sensors to None, run_after=None
[2024-07-25T23:38:08.748+0000] {processor.py:183} INFO - Processing /home/airflow/.local/lib/python3.12/site-packages/airflow/example_dags/example_sensors.py took 0.080 seconds
[2024-07-25T23:38:38.983+0000] {processor.py:161} INFO - Started process (PID=1351) to work on /home/airflow/.local/lib/python3.12/site-packages/airflow/example_dags/example_sensors.py
[2024-07-25T23:38:38.984+0000] {processor.py:830} INFO - Processing file /home/airflow/.local/lib/python3.12/site-packages/airflow/example_dags/example_sensors.py for tasks to queue
[2024-07-25T23:38:38.986+0000] {logging_mixin.py:188} INFO - [2024-07-25T23:38:38.986+0000] {dagbag.py:545} INFO - Filling up the DagBag from /home/airflow/.local/lib/python3.12/site-packages/airflow/example_dags/example_sensors.py
[2024-07-25T23:38:38.992+0000] {processor.py:840} INFO - DAG(s) 'example_sensors' retrieved from /home/airflow/.local/lib/python3.12/site-packages/airflow/example_dags/example_sensors.py
[2024-07-25T23:38:39.011+0000] {logging_mixin.py:188} INFO - [2024-07-25T23:38:39.010+0000] {dag.py:3089} INFO - Sync 1 DAGs
[2024-07-25T23:38:39.020+0000] {logging_mixin.py:188} INFO - [2024-07-25T23:38:39.019+0000] {dag.py:3947} INFO - Setting next_dagrun for example_sensors to None, run_after=None
[2024-07-25T23:38:39.033+0000] {processor.py:183} INFO - Processing /home/airflow/.local/lib/python3.12/site-packages/airflow/example_dags/example_sensors.py took 0.054 seconds
[2024-07-25T23:39:09.530+0000] {processor.py:161} INFO - Started process (PID=1411) to work on /home/airflow/.local/lib/python3.12/site-packages/airflow/example_dags/example_sensors.py
[2024-07-25T23:39:09.532+0000] {processor.py:830} INFO - Processing file /home/airflow/.local/lib/python3.12/site-packages/airflow/example_dags/example_sensors.py for tasks to queue
[2024-07-25T23:39:09.533+0000] {logging_mixin.py:188} INFO - [2024-07-25T23:39:09.533+0000] {dagbag.py:545} INFO - Filling up the DagBag from /home/airflow/.local/lib/python3.12/site-packages/airflow/example_dags/example_sensors.py
[2024-07-25T23:39:09.539+0000] {processor.py:840} INFO - DAG(s) 'example_sensors' retrieved from /home/airflow/.local/lib/python3.12/site-packages/airflow/example_dags/example_sensors.py
[2024-07-25T23:39:09.556+0000] {logging_mixin.py:188} INFO - [2024-07-25T23:39:09.556+0000] {dag.py:3089} INFO - Sync 1 DAGs
[2024-07-25T23:39:09.565+0000] {logging_mixin.py:188} INFO - [2024-07-25T23:39:09.565+0000] {dag.py:3947} INFO - Setting next_dagrun for example_sensors to None, run_after=None
[2024-07-25T23:39:09.576+0000] {processor.py:183} INFO - Processing /home/airflow/.local/lib/python3.12/site-packages/airflow/example_dags/example_sensors.py took 0.051 seconds
[2024-07-25T23:39:40.320+0000] {processor.py:161} INFO - Started process (PID=1471) to work on /home/airflow/.local/lib/python3.12/site-packages/airflow/example_dags/example_sensors.py
[2024-07-25T23:39:40.321+0000] {processor.py:830} INFO - Processing file /home/airflow/.local/lib/python3.12/site-packages/airflow/example_dags/example_sensors.py for tasks to queue
[2024-07-25T23:39:40.322+0000] {logging_mixin.py:188} INFO - [2024-07-25T23:39:40.322+0000] {dagbag.py:545} INFO - Filling up the DagBag from /home/airflow/.local/lib/python3.12/site-packages/airflow/example_dags/example_sensors.py
[2024-07-25T23:39:40.329+0000] {processor.py:840} INFO - DAG(s) 'example_sensors' retrieved from /home/airflow/.local/lib/python3.12/site-packages/airflow/example_dags/example_sensors.py
[2024-07-25T23:39:40.348+0000] {logging_mixin.py:188} INFO - [2024-07-25T23:39:40.348+0000] {dag.py:3089} INFO - Sync 1 DAGs
[2024-07-25T23:39:40.356+0000] {logging_mixin.py:188} INFO - [2024-07-25T23:39:40.356+0000] {dag.py:3947} INFO - Setting next_dagrun for example_sensors to None, run_after=None
[2024-07-25T23:39:40.368+0000] {processor.py:183} INFO - Processing /home/airflow/.local/lib/python3.12/site-packages/airflow/example_dags/example_sensors.py took 0.056 seconds
[2024-07-25T23:40:11.197+0000] {processor.py:161} INFO - Started process (PID=1531) to work on /home/airflow/.local/lib/python3.12/site-packages/airflow/example_dags/example_sensors.py
[2024-07-25T23:40:11.198+0000] {processor.py:830} INFO - Processing file /home/airflow/.local/lib/python3.12/site-packages/airflow/example_dags/example_sensors.py for tasks to queue
[2024-07-25T23:40:11.199+0000] {logging_mixin.py:188} INFO - [2024-07-25T23:40:11.199+0000] {dagbag.py:545} INFO - Filling up the DagBag from /home/airflow/.local/lib/python3.12/site-packages/airflow/example_dags/example_sensors.py
[2024-07-25T23:40:11.206+0000] {processor.py:840} INFO - DAG(s) 'example_sensors' retrieved from /home/airflow/.local/lib/python3.12/site-packages/airflow/example_dags/example_sensors.py
[2024-07-25T23:40:11.224+0000] {logging_mixin.py:188} INFO - [2024-07-25T23:40:11.224+0000] {dag.py:3089} INFO - Sync 1 DAGs
[2024-07-25T23:40:11.232+0000] {logging_mixin.py:188} INFO - [2024-07-25T23:40:11.232+0000] {dag.py:3947} INFO - Setting next_dagrun for example_sensors to None, run_after=None
[2024-07-25T23:40:11.244+0000] {processor.py:183} INFO - Processing /home/airflow/.local/lib/python3.12/site-packages/airflow/example_dags/example_sensors.py took 0.051 seconds
[2024-07-25T23:40:44.313+0000] {processor.py:161} INFO - Started process (PID=1591) to work on /home/airflow/.local/lib/python3.12/site-packages/airflow/example_dags/example_sensors.py
[2024-07-25T23:40:44.315+0000] {processor.py:830} INFO - Processing file /home/airflow/.local/lib/python3.12/site-packages/airflow/example_dags/example_sensors.py for tasks to queue
[2024-07-25T23:40:44.317+0000] {logging_mixin.py:188} INFO - [2024-07-25T23:40:44.317+0000] {dagbag.py:545} INFO - Filling up the DagBag from /home/airflow/.local/lib/python3.12/site-packages/airflow/example_dags/example_sensors.py
[2024-07-25T23:40:44.327+0000] {processor.py:840} INFO - DAG(s) 'example_sensors' retrieved from /home/airflow/.local/lib/python3.12/site-packages/airflow/example_dags/example_sensors.py
[2024-07-25T23:40:44.355+0000] {logging_mixin.py:188} INFO - [2024-07-25T23:40:44.355+0000] {dag.py:3089} INFO - Sync 1 DAGs
[2024-07-25T23:40:44.367+0000] {logging_mixin.py:188} INFO - [2024-07-25T23:40:44.367+0000] {dag.py:3947} INFO - Setting next_dagrun for example_sensors to None, run_after=None
[2024-07-25T23:40:44.384+0000] {processor.py:183} INFO - Processing /home/airflow/.local/lib/python3.12/site-packages/airflow/example_dags/example_sensors.py took 0.080 seconds
[2024-07-25T23:41:14.845+0000] {processor.py:161} INFO - Started process (PID=1648) to work on /home/airflow/.local/lib/python3.12/site-packages/airflow/example_dags/example_sensors.py
[2024-07-25T23:41:14.846+0000] {processor.py:830} INFO - Processing file /home/airflow/.local/lib/python3.12/site-packages/airflow/example_dags/example_sensors.py for tasks to queue
[2024-07-25T23:41:14.848+0000] {logging_mixin.py:188} INFO - [2024-07-25T23:41:14.848+0000] {dagbag.py:545} INFO - Filling up the DagBag from /home/airflow/.local/lib/python3.12/site-packages/airflow/example_dags/example_sensors.py
[2024-07-25T23:41:14.858+0000] {processor.py:840} INFO - DAG(s) 'example_sensors' retrieved from /home/airflow/.local/lib/python3.12/site-packages/airflow/example_dags/example_sensors.py
[2024-07-25T23:41:14.884+0000] {logging_mixin.py:188} INFO - [2024-07-25T23:41:14.884+0000] {dag.py:3089} INFO - Sync 1 DAGs
[2024-07-25T23:41:14.901+0000] {logging_mixin.py:188} INFO - [2024-07-25T23:41:14.900+0000] {dag.py:3947} INFO - Setting next_dagrun for example_sensors to None, run_after=None
[2024-07-25T23:41:14.917+0000] {processor.py:183} INFO - Processing /home/airflow/.local/lib/python3.12/site-packages/airflow/example_dags/example_sensors.py took 0.077 seconds
[2024-07-25T23:41:46.039+0000] {processor.py:161} INFO - Started process (PID=1708) to work on /home/airflow/.local/lib/python3.12/site-packages/airflow/example_dags/example_sensors.py
[2024-07-25T23:41:46.042+0000] {processor.py:830} INFO - Processing file /home/airflow/.local/lib/python3.12/site-packages/airflow/example_dags/example_sensors.py for tasks to queue
[2024-07-25T23:41:46.043+0000] {logging_mixin.py:188} INFO - [2024-07-25T23:41:46.043+0000] {dagbag.py:545} INFO - Filling up the DagBag from /home/airflow/.local/lib/python3.12/site-packages/airflow/example_dags/example_sensors.py
[2024-07-25T23:41:46.049+0000] {processor.py:840} INFO - DAG(s) 'example_sensors' retrieved from /home/airflow/.local/lib/python3.12/site-packages/airflow/example_dags/example_sensors.py
[2024-07-25T23:41:46.070+0000] {logging_mixin.py:188} INFO - [2024-07-25T23:41:46.070+0000] {dag.py:3089} INFO - Sync 1 DAGs
[2024-07-25T23:41:46.079+0000] {logging_mixin.py:188} INFO - [2024-07-25T23:41:46.079+0000] {dag.py:3947} INFO - Setting next_dagrun for example_sensors to None, run_after=None
[2024-07-25T23:41:46.207+0000] {processor.py:183} INFO - Processing /home/airflow/.local/lib/python3.12/site-packages/airflow/example_dags/example_sensors.py took 0.173 seconds
[2024-07-25T23:42:16.560+0000] {processor.py:161} INFO - Started process (PID=1768) to work on /home/airflow/.local/lib/python3.12/site-packages/airflow/example_dags/example_sensors.py
[2024-07-25T23:42:16.561+0000] {processor.py:830} INFO - Processing file /home/airflow/.local/lib/python3.12/site-packages/airflow/example_dags/example_sensors.py for tasks to queue
[2024-07-25T23:42:16.565+0000] {logging_mixin.py:188} INFO - [2024-07-25T23:42:16.564+0000] {dagbag.py:545} INFO - Filling up the DagBag from /home/airflow/.local/lib/python3.12/site-packages/airflow/example_dags/example_sensors.py
[2024-07-25T23:42:16.578+0000] {processor.py:840} INFO - DAG(s) 'example_sensors' retrieved from /home/airflow/.local/lib/python3.12/site-packages/airflow/example_dags/example_sensors.py
[2024-07-25T23:42:16.609+0000] {logging_mixin.py:188} INFO - [2024-07-25T23:42:16.609+0000] {dag.py:3089} INFO - Sync 1 DAGs
[2024-07-25T23:42:16.625+0000] {logging_mixin.py:188} INFO - [2024-07-25T23:42:16.625+0000] {dag.py:3947} INFO - Setting next_dagrun for example_sensors to None, run_after=None
[2024-07-25T23:42:16.656+0000] {processor.py:183} INFO - Processing /home/airflow/.local/lib/python3.12/site-packages/airflow/example_dags/example_sensors.py took 0.103 seconds
[2024-07-25T23:42:47.527+0000] {processor.py:161} INFO - Started process (PID=1828) to work on /home/airflow/.local/lib/python3.12/site-packages/airflow/example_dags/example_sensors.py
[2024-07-25T23:42:47.528+0000] {processor.py:830} INFO - Processing file /home/airflow/.local/lib/python3.12/site-packages/airflow/example_dags/example_sensors.py for tasks to queue
[2024-07-25T23:42:47.531+0000] {logging_mixin.py:188} INFO - [2024-07-25T23:42:47.530+0000] {dagbag.py:545} INFO - Filling up the DagBag from /home/airflow/.local/lib/python3.12/site-packages/airflow/example_dags/example_sensors.py
[2024-07-25T23:42:47.543+0000] {processor.py:840} INFO - DAG(s) 'example_sensors' retrieved from /home/airflow/.local/lib/python3.12/site-packages/airflow/example_dags/example_sensors.py
[2024-07-25T23:42:47.574+0000] {logging_mixin.py:188} INFO - [2024-07-25T23:42:47.574+0000] {dag.py:3089} INFO - Sync 1 DAGs
[2024-07-25T23:42:47.597+0000] {logging_mixin.py:188} INFO - [2024-07-25T23:42:47.597+0000] {dag.py:3947} INFO - Setting next_dagrun for example_sensors to None, run_after=None
[2024-07-25T23:42:47.616+0000] {processor.py:183} INFO - Processing /home/airflow/.local/lib/python3.12/site-packages/airflow/example_dags/example_sensors.py took 0.095 seconds
[2024-07-25T23:43:17.961+0000] {processor.py:161} INFO - Started process (PID=1886) to work on /home/airflow/.local/lib/python3.12/site-packages/airflow/example_dags/example_sensors.py
[2024-07-25T23:43:17.962+0000] {processor.py:830} INFO - Processing file /home/airflow/.local/lib/python3.12/site-packages/airflow/example_dags/example_sensors.py for tasks to queue
[2024-07-25T23:43:17.964+0000] {logging_mixin.py:188} INFO - [2024-07-25T23:43:17.964+0000] {dagbag.py:545} INFO - Filling up the DagBag from /home/airflow/.local/lib/python3.12/site-packages/airflow/example_dags/example_sensors.py
[2024-07-25T23:43:17.974+0000] {processor.py:840} INFO - DAG(s) 'example_sensors' retrieved from /home/airflow/.local/lib/python3.12/site-packages/airflow/example_dags/example_sensors.py
[2024-07-25T23:43:17.991+0000] {logging_mixin.py:188} INFO - [2024-07-25T23:43:17.991+0000] {dag.py:3089} INFO - Sync 1 DAGs
[2024-07-25T23:43:18.000+0000] {logging_mixin.py:188} INFO - [2024-07-25T23:43:18.000+0000] {dag.py:3947} INFO - Setting next_dagrun for example_sensors to None, run_after=None
[2024-07-25T23:43:18.012+0000] {processor.py:183} INFO - Processing /home/airflow/.local/lib/python3.12/site-packages/airflow/example_dags/example_sensors.py took 0.055 seconds
[2024-07-25T23:43:49.012+0000] {processor.py:161} INFO - Started process (PID=1946) to work on /home/airflow/.local/lib/python3.12/site-packages/airflow/example_dags/example_sensors.py
[2024-07-25T23:43:49.013+0000] {processor.py:830} INFO - Processing file /home/airflow/.local/lib/python3.12/site-packages/airflow/example_dags/example_sensors.py for tasks to queue
[2024-07-25T23:43:49.015+0000] {logging_mixin.py:188} INFO - [2024-07-25T23:43:49.015+0000] {dagbag.py:545} INFO - Filling up the DagBag from /home/airflow/.local/lib/python3.12/site-packages/airflow/example_dags/example_sensors.py
[2024-07-25T23:43:49.021+0000] {processor.py:840} INFO - DAG(s) 'example_sensors' retrieved from /home/airflow/.local/lib/python3.12/site-packages/airflow/example_dags/example_sensors.py
[2024-07-25T23:43:49.040+0000] {logging_mixin.py:188} INFO - [2024-07-25T23:43:49.040+0000] {dag.py:3089} INFO - Sync 1 DAGs
[2024-07-25T23:43:49.146+0000] {logging_mixin.py:188} INFO - [2024-07-25T23:43:49.146+0000] {dag.py:3947} INFO - Setting next_dagrun for example_sensors to None, run_after=None
[2024-07-25T23:43:49.157+0000] {processor.py:183} INFO - Processing /home/airflow/.local/lib/python3.12/site-packages/airflow/example_dags/example_sensors.py took 0.150 seconds
[2024-07-25T23:44:19.510+0000] {processor.py:161} INFO - Started process (PID=2005) to work on /home/airflow/.local/lib/python3.12/site-packages/airflow/example_dags/example_sensors.py
[2024-07-25T23:44:19.512+0000] {processor.py:830} INFO - Processing file /home/airflow/.local/lib/python3.12/site-packages/airflow/example_dags/example_sensors.py for tasks to queue
[2024-07-25T23:44:19.514+0000] {logging_mixin.py:188} INFO - [2024-07-25T23:44:19.514+0000] {dagbag.py:545} INFO - Filling up the DagBag from /home/airflow/.local/lib/python3.12/site-packages/airflow/example_dags/example_sensors.py
[2024-07-25T23:44:19.520+0000] {processor.py:840} INFO - DAG(s) 'example_sensors' retrieved from /home/airflow/.local/lib/python3.12/site-packages/airflow/example_dags/example_sensors.py
[2024-07-25T23:44:19.547+0000] {logging_mixin.py:188} INFO - [2024-07-25T23:44:19.547+0000] {dag.py:3089} INFO - Sync 1 DAGs
[2024-07-25T23:44:19.557+0000] {logging_mixin.py:188} INFO - [2024-07-25T23:44:19.557+0000] {dag.py:3947} INFO - Setting next_dagrun for example_sensors to None, run_after=None
[2024-07-25T23:44:19.576+0000] {processor.py:183} INFO - Processing /home/airflow/.local/lib/python3.12/site-packages/airflow/example_dags/example_sensors.py took 0.071 seconds
[2024-07-25T23:44:50.372+0000] {processor.py:161} INFO - Started process (PID=2065) to work on /home/airflow/.local/lib/python3.12/site-packages/airflow/example_dags/example_sensors.py
[2024-07-25T23:44:50.373+0000] {processor.py:830} INFO - Processing file /home/airflow/.local/lib/python3.12/site-packages/airflow/example_dags/example_sensors.py for tasks to queue
[2024-07-25T23:44:50.375+0000] {logging_mixin.py:188} INFO - [2024-07-25T23:44:50.375+0000] {dagbag.py:545} INFO - Filling up the DagBag from /home/airflow/.local/lib/python3.12/site-packages/airflow/example_dags/example_sensors.py
[2024-07-25T23:44:50.381+0000] {processor.py:840} INFO - DAG(s) 'example_sensors' retrieved from /home/airflow/.local/lib/python3.12/site-packages/airflow/example_dags/example_sensors.py
[2024-07-25T23:44:50.398+0000] {logging_mixin.py:188} INFO - [2024-07-25T23:44:50.397+0000] {dag.py:3089} INFO - Sync 1 DAGs
[2024-07-25T23:44:50.405+0000] {logging_mixin.py:188} INFO - [2024-07-25T23:44:50.405+0000] {dag.py:3947} INFO - Setting next_dagrun for example_sensors to None, run_after=None
[2024-07-25T23:44:50.417+0000] {processor.py:183} INFO - Processing /home/airflow/.local/lib/python3.12/site-packages/airflow/example_dags/example_sensors.py took 0.048 seconds
[2024-07-25T23:45:20.973+0000] {processor.py:161} INFO - Started process (PID=2125) to work on /home/airflow/.local/lib/python3.12/site-packages/airflow/example_dags/example_sensors.py
[2024-07-25T23:45:20.974+0000] {processor.py:830} INFO - Processing file /home/airflow/.local/lib/python3.12/site-packages/airflow/example_dags/example_sensors.py for tasks to queue
[2024-07-25T23:45:20.976+0000] {logging_mixin.py:188} INFO - [2024-07-25T23:45:20.975+0000] {dagbag.py:545} INFO - Filling up the DagBag from /home/airflow/.local/lib/python3.12/site-packages/airflow/example_dags/example_sensors.py
[2024-07-25T23:45:20.982+0000] {processor.py:840} INFO - DAG(s) 'example_sensors' retrieved from /home/airflow/.local/lib/python3.12/site-packages/airflow/example_dags/example_sensors.py
[2024-07-25T23:45:20.998+0000] {logging_mixin.py:188} INFO - [2024-07-25T23:45:20.998+0000] {dag.py:3089} INFO - Sync 1 DAGs
[2024-07-25T23:45:21.006+0000] {logging_mixin.py:188} INFO - [2024-07-25T23:45:21.006+0000] {dag.py:3947} INFO - Setting next_dagrun for example_sensors to None, run_after=None
[2024-07-25T23:45:21.017+0000] {processor.py:183} INFO - Processing /home/airflow/.local/lib/python3.12/site-packages/airflow/example_dags/example_sensors.py took 0.049 seconds
[2024-07-25T23:45:51.258+0000] {processor.py:161} INFO - Started process (PID=2185) to work on /home/airflow/.local/lib/python3.12/site-packages/airflow/example_dags/example_sensors.py
[2024-07-25T23:45:51.261+0000] {processor.py:830} INFO - Processing file /home/airflow/.local/lib/python3.12/site-packages/airflow/example_dags/example_sensors.py for tasks to queue
[2024-07-25T23:45:51.263+0000] {logging_mixin.py:188} INFO - [2024-07-25T23:45:51.263+0000] {dagbag.py:545} INFO - Filling up the DagBag from /home/airflow/.local/lib/python3.12/site-packages/airflow/example_dags/example_sensors.py
[2024-07-25T23:45:51.273+0000] {processor.py:840} INFO - DAG(s) 'example_sensors' retrieved from /home/airflow/.local/lib/python3.12/site-packages/airflow/example_dags/example_sensors.py
[2024-07-25T23:45:51.290+0000] {logging_mixin.py:188} INFO - [2024-07-25T23:45:51.290+0000] {dag.py:3089} INFO - Sync 1 DAGs
[2024-07-25T23:45:51.299+0000] {logging_mixin.py:188} INFO - [2024-07-25T23:45:51.298+0000] {dag.py:3947} INFO - Setting next_dagrun for example_sensors to None, run_after=None
[2024-07-25T23:45:51.310+0000] {processor.py:183} INFO - Processing /home/airflow/.local/lib/python3.12/site-packages/airflow/example_dags/example_sensors.py took 0.056 seconds
[2024-07-25T23:46:21.977+0000] {processor.py:161} INFO - Started process (PID=2245) to work on /home/airflow/.local/lib/python3.12/site-packages/airflow/example_dags/example_sensors.py
[2024-07-25T23:46:21.979+0000] {processor.py:830} INFO - Processing file /home/airflow/.local/lib/python3.12/site-packages/airflow/example_dags/example_sensors.py for tasks to queue
[2024-07-25T23:46:21.981+0000] {logging_mixin.py:188} INFO - [2024-07-25T23:46:21.980+0000] {dagbag.py:545} INFO - Filling up the DagBag from /home/airflow/.local/lib/python3.12/site-packages/airflow/example_dags/example_sensors.py
[2024-07-25T23:46:21.987+0000] {processor.py:840} INFO - DAG(s) 'example_sensors' retrieved from /home/airflow/.local/lib/python3.12/site-packages/airflow/example_dags/example_sensors.py
[2024-07-25T23:46:22.003+0000] {logging_mixin.py:188} INFO - [2024-07-25T23:46:22.003+0000] {dag.py:3089} INFO - Sync 1 DAGs
[2024-07-25T23:46:22.012+0000] {logging_mixin.py:188} INFO - [2024-07-25T23:46:22.012+0000] {dag.py:3947} INFO - Setting next_dagrun for example_sensors to None, run_after=None
[2024-07-25T23:46:22.024+0000] {processor.py:183} INFO - Processing /home/airflow/.local/lib/python3.12/site-packages/airflow/example_dags/example_sensors.py took 0.051 seconds
[2024-07-25T23:46:52.771+0000] {processor.py:161} INFO - Started process (PID=2305) to work on /home/airflow/.local/lib/python3.12/site-packages/airflow/example_dags/example_sensors.py
[2024-07-25T23:46:52.772+0000] {processor.py:830} INFO - Processing file /home/airflow/.local/lib/python3.12/site-packages/airflow/example_dags/example_sensors.py for tasks to queue
[2024-07-25T23:46:52.774+0000] {logging_mixin.py:188} INFO - [2024-07-25T23:46:52.773+0000] {dagbag.py:545} INFO - Filling up the DagBag from /home/airflow/.local/lib/python3.12/site-packages/airflow/example_dags/example_sensors.py
[2024-07-25T23:46:52.780+0000] {processor.py:840} INFO - DAG(s) 'example_sensors' retrieved from /home/airflow/.local/lib/python3.12/site-packages/airflow/example_dags/example_sensors.py
[2024-07-25T23:46:52.804+0000] {logging_mixin.py:188} INFO - [2024-07-25T23:46:52.804+0000] {dag.py:3089} INFO - Sync 1 DAGs
[2024-07-25T23:46:52.814+0000] {logging_mixin.py:188} INFO - [2024-07-25T23:46:52.814+0000] {dag.py:3947} INFO - Setting next_dagrun for example_sensors to None, run_after=None
[2024-07-25T23:46:52.830+0000] {processor.py:183} INFO - Processing /home/airflow/.local/lib/python3.12/site-packages/airflow/example_dags/example_sensors.py took 0.063 seconds
[2024-07-25T23:47:23.250+0000] {processor.py:161} INFO - Started process (PID=2365) to work on /home/airflow/.local/lib/python3.12/site-packages/airflow/example_dags/example_sensors.py
[2024-07-25T23:47:23.251+0000] {processor.py:830} INFO - Processing file /home/airflow/.local/lib/python3.12/site-packages/airflow/example_dags/example_sensors.py for tasks to queue
[2024-07-25T23:47:23.253+0000] {logging_mixin.py:188} INFO - [2024-07-25T23:47:23.252+0000] {dagbag.py:545} INFO - Filling up the DagBag from /home/airflow/.local/lib/python3.12/site-packages/airflow/example_dags/example_sensors.py
[2024-07-25T23:47:23.260+0000] {processor.py:840} INFO - DAG(s) 'example_sensors' retrieved from /home/airflow/.local/lib/python3.12/site-packages/airflow/example_dags/example_sensors.py
[2024-07-25T23:47:23.280+0000] {logging_mixin.py:188} INFO - [2024-07-25T23:47:23.280+0000] {dag.py:3089} INFO - Sync 1 DAGs
[2024-07-25T23:47:23.293+0000] {logging_mixin.py:188} INFO - [2024-07-25T23:47:23.293+0000] {dag.py:3947} INFO - Setting next_dagrun for example_sensors to None, run_after=None
[2024-07-25T23:47:23.309+0000] {processor.py:183} INFO - Processing /home/airflow/.local/lib/python3.12/site-packages/airflow/example_dags/example_sensors.py took 0.065 seconds
[2024-07-25T23:47:54.354+0000] {processor.py:161} INFO - Started process (PID=2424) to work on /home/airflow/.local/lib/python3.12/site-packages/airflow/example_dags/example_sensors.py
[2024-07-25T23:47:54.355+0000] {processor.py:830} INFO - Processing file /home/airflow/.local/lib/python3.12/site-packages/airflow/example_dags/example_sensors.py for tasks to queue
[2024-07-25T23:47:54.357+0000] {logging_mixin.py:188} INFO - [2024-07-25T23:47:54.357+0000] {dagbag.py:545} INFO - Filling up the DagBag from /home/airflow/.local/lib/python3.12/site-packages/airflow/example_dags/example_sensors.py
[2024-07-25T23:47:54.366+0000] {processor.py:840} INFO - DAG(s) 'example_sensors' retrieved from /home/airflow/.local/lib/python3.12/site-packages/airflow/example_dags/example_sensors.py
[2024-07-25T23:47:54.391+0000] {logging_mixin.py:188} INFO - [2024-07-25T23:47:54.390+0000] {dag.py:3089} INFO - Sync 1 DAGs
[2024-07-25T23:47:54.402+0000] {logging_mixin.py:188} INFO - [2024-07-25T23:47:54.401+0000] {dag.py:3947} INFO - Setting next_dagrun for example_sensors to None, run_after=None
[2024-07-25T23:47:54.417+0000] {processor.py:183} INFO - Processing /home/airflow/.local/lib/python3.12/site-packages/airflow/example_dags/example_sensors.py took 0.071 seconds
[2024-07-25T23:48:24.667+0000] {processor.py:161} INFO - Started process (PID=2484) to work on /home/airflow/.local/lib/python3.12/site-packages/airflow/example_dags/example_sensors.py
[2024-07-25T23:48:24.669+0000] {processor.py:830} INFO - Processing file /home/airflow/.local/lib/python3.12/site-packages/airflow/example_dags/example_sensors.py for tasks to queue
[2024-07-25T23:48:24.672+0000] {logging_mixin.py:188} INFO - [2024-07-25T23:48:24.671+0000] {dagbag.py:545} INFO - Filling up the DagBag from /home/airflow/.local/lib/python3.12/site-packages/airflow/example_dags/example_sensors.py
[2024-07-25T23:48:24.682+0000] {processor.py:840} INFO - DAG(s) 'example_sensors' retrieved from /home/airflow/.local/lib/python3.12/site-packages/airflow/example_dags/example_sensors.py
[2024-07-25T23:48:24.704+0000] {logging_mixin.py:188} INFO - [2024-07-25T23:48:24.703+0000] {dag.py:3089} INFO - Sync 1 DAGs
[2024-07-25T23:48:24.714+0000] {logging_mixin.py:188} INFO - [2024-07-25T23:48:24.714+0000] {dag.py:3947} INFO - Setting next_dagrun for example_sensors to None, run_after=None
[2024-07-25T23:48:24.727+0000] {processor.py:183} INFO - Processing /home/airflow/.local/lib/python3.12/site-packages/airflow/example_dags/example_sensors.py took 0.066 seconds
[2024-07-25T23:48:54.903+0000] {processor.py:161} INFO - Started process (PID=2544) to work on /home/airflow/.local/lib/python3.12/site-packages/airflow/example_dags/example_sensors.py
[2024-07-25T23:48:54.904+0000] {processor.py:830} INFO - Processing file /home/airflow/.local/lib/python3.12/site-packages/airflow/example_dags/example_sensors.py for tasks to queue
[2024-07-25T23:48:54.905+0000] {logging_mixin.py:188} INFO - [2024-07-25T23:48:54.905+0000] {dagbag.py:545} INFO - Filling up the DagBag from /home/airflow/.local/lib/python3.12/site-packages/airflow/example_dags/example_sensors.py
[2024-07-25T23:48:54.913+0000] {processor.py:840} INFO - DAG(s) 'example_sensors' retrieved from /home/airflow/.local/lib/python3.12/site-packages/airflow/example_dags/example_sensors.py
[2024-07-25T23:48:54.934+0000] {logging_mixin.py:188} INFO - [2024-07-25T23:48:54.934+0000] {dag.py:3089} INFO - Sync 1 DAGs
[2024-07-25T23:48:54.944+0000] {logging_mixin.py:188} INFO - [2024-07-25T23:48:54.944+0000] {dag.py:3947} INFO - Setting next_dagrun for example_sensors to None, run_after=None
[2024-07-25T23:48:54.956+0000] {processor.py:183} INFO - Processing /home/airflow/.local/lib/python3.12/site-packages/airflow/example_dags/example_sensors.py took 0.057 seconds
[2024-07-25T23:49:25.557+0000] {processor.py:161} INFO - Started process (PID=2604) to work on /home/airflow/.local/lib/python3.12/site-packages/airflow/example_dags/example_sensors.py
[2024-07-25T23:49:25.558+0000] {processor.py:830} INFO - Processing file /home/airflow/.local/lib/python3.12/site-packages/airflow/example_dags/example_sensors.py for tasks to queue
[2024-07-25T23:49:25.559+0000] {logging_mixin.py:188} INFO - [2024-07-25T23:49:25.559+0000] {dagbag.py:545} INFO - Filling up the DagBag from /home/airflow/.local/lib/python3.12/site-packages/airflow/example_dags/example_sensors.py
[2024-07-25T23:49:25.566+0000] {processor.py:840} INFO - DAG(s) 'example_sensors' retrieved from /home/airflow/.local/lib/python3.12/site-packages/airflow/example_dags/example_sensors.py
[2024-07-25T23:49:25.583+0000] {logging_mixin.py:188} INFO - [2024-07-25T23:49:25.583+0000] {dag.py:3089} INFO - Sync 1 DAGs
[2024-07-25T23:49:25.592+0000] {logging_mixin.py:188} INFO - [2024-07-25T23:49:25.592+0000] {dag.py:3947} INFO - Setting next_dagrun for example_sensors to None, run_after=None
[2024-07-25T23:49:25.604+0000] {processor.py:183} INFO - Processing /home/airflow/.local/lib/python3.12/site-packages/airflow/example_dags/example_sensors.py took 0.051 seconds
[2024-07-25T23:49:55.728+0000] {processor.py:161} INFO - Started process (PID=2663) to work on /home/airflow/.local/lib/python3.12/site-packages/airflow/example_dags/example_sensors.py
[2024-07-25T23:49:55.729+0000] {processor.py:830} INFO - Processing file /home/airflow/.local/lib/python3.12/site-packages/airflow/example_dags/example_sensors.py for tasks to queue
[2024-07-25T23:49:55.731+0000] {logging_mixin.py:188} INFO - [2024-07-25T23:49:55.731+0000] {dagbag.py:545} INFO - Filling up the DagBag from /home/airflow/.local/lib/python3.12/site-packages/airflow/example_dags/example_sensors.py
[2024-07-25T23:49:55.737+0000] {processor.py:840} INFO - DAG(s) 'example_sensors' retrieved from /home/airflow/.local/lib/python3.12/site-packages/airflow/example_dags/example_sensors.py
[2024-07-25T23:49:55.754+0000] {logging_mixin.py:188} INFO - [2024-07-25T23:49:55.754+0000] {dag.py:3089} INFO - Sync 1 DAGs
[2024-07-25T23:49:55.763+0000] {logging_mixin.py:188} INFO - [2024-07-25T23:49:55.762+0000] {dag.py:3947} INFO - Setting next_dagrun for example_sensors to None, run_after=None
[2024-07-25T23:49:55.774+0000] {processor.py:183} INFO - Processing /home/airflow/.local/lib/python3.12/site-packages/airflow/example_dags/example_sensors.py took 0.049 seconds
[2024-07-25T23:50:26.000+0000] {processor.py:161} INFO - Started process (PID=2723) to work on /home/airflow/.local/lib/python3.12/site-packages/airflow/example_dags/example_sensors.py
[2024-07-25T23:50:26.001+0000] {processor.py:830} INFO - Processing file /home/airflow/.local/lib/python3.12/site-packages/airflow/example_dags/example_sensors.py for tasks to queue
[2024-07-25T23:50:26.002+0000] {logging_mixin.py:188} INFO - [2024-07-25T23:50:26.002+0000] {dagbag.py:545} INFO - Filling up the DagBag from /home/airflow/.local/lib/python3.12/site-packages/airflow/example_dags/example_sensors.py
[2024-07-25T23:50:26.008+0000] {processor.py:840} INFO - DAG(s) 'example_sensors' retrieved from /home/airflow/.local/lib/python3.12/site-packages/airflow/example_dags/example_sensors.py
[2024-07-25T23:50:26.025+0000] {logging_mixin.py:188} INFO - [2024-07-25T23:50:26.025+0000] {dag.py:3089} INFO - Sync 1 DAGs
[2024-07-25T23:50:26.034+0000] {logging_mixin.py:188} INFO - [2024-07-25T23:50:26.033+0000] {dag.py:3947} INFO - Setting next_dagrun for example_sensors to None, run_after=None
[2024-07-25T23:50:26.045+0000] {processor.py:183} INFO - Processing /home/airflow/.local/lib/python3.12/site-packages/airflow/example_dags/example_sensors.py took 0.049 seconds
[2024-07-25T23:50:56.155+0000] {processor.py:161} INFO - Started process (PID=2783) to work on /home/airflow/.local/lib/python3.12/site-packages/airflow/example_dags/example_sensors.py
[2024-07-25T23:50:56.156+0000] {processor.py:830} INFO - Processing file /home/airflow/.local/lib/python3.12/site-packages/airflow/example_dags/example_sensors.py for tasks to queue
[2024-07-25T23:50:56.157+0000] {logging_mixin.py:188} INFO - [2024-07-25T23:50:56.157+0000] {dagbag.py:545} INFO - Filling up the DagBag from /home/airflow/.local/lib/python3.12/site-packages/airflow/example_dags/example_sensors.py
[2024-07-25T23:50:56.166+0000] {processor.py:840} INFO - DAG(s) 'example_sensors' retrieved from /home/airflow/.local/lib/python3.12/site-packages/airflow/example_dags/example_sensors.py
[2024-07-25T23:50:56.187+0000] {logging_mixin.py:188} INFO - [2024-07-25T23:50:56.186+0000] {dag.py:3089} INFO - Sync 1 DAGs
[2024-07-25T23:50:56.195+0000] {logging_mixin.py:188} INFO - [2024-07-25T23:50:56.195+0000] {dag.py:3947} INFO - Setting next_dagrun for example_sensors to None, run_after=None
[2024-07-25T23:50:56.208+0000] {processor.py:183} INFO - Processing /home/airflow/.local/lib/python3.12/site-packages/airflow/example_dags/example_sensors.py took 0.057 seconds
[2024-07-25T23:51:26.277+0000] {processor.py:161} INFO - Started process (PID=2843) to work on /home/airflow/.local/lib/python3.12/site-packages/airflow/example_dags/example_sensors.py
[2024-07-25T23:51:26.278+0000] {processor.py:830} INFO - Processing file /home/airflow/.local/lib/python3.12/site-packages/airflow/example_dags/example_sensors.py for tasks to queue
[2024-07-25T23:51:26.279+0000] {logging_mixin.py:188} INFO - [2024-07-25T23:51:26.279+0000] {dagbag.py:545} INFO - Filling up the DagBag from /home/airflow/.local/lib/python3.12/site-packages/airflow/example_dags/example_sensors.py
[2024-07-25T23:51:26.285+0000] {processor.py:840} INFO - DAG(s) 'example_sensors' retrieved from /home/airflow/.local/lib/python3.12/site-packages/airflow/example_dags/example_sensors.py
[2024-07-25T23:51:26.303+0000] {logging_mixin.py:188} INFO - [2024-07-25T23:51:26.302+0000] {dag.py:3089} INFO - Sync 1 DAGs
[2024-07-25T23:51:26.311+0000] {logging_mixin.py:188} INFO - [2024-07-25T23:51:26.311+0000] {dag.py:3947} INFO - Setting next_dagrun for example_sensors to None, run_after=None
[2024-07-25T23:51:26.322+0000] {processor.py:183} INFO - Processing /home/airflow/.local/lib/python3.12/site-packages/airflow/example_dags/example_sensors.py took 0.049 seconds
[2024-07-25T23:51:56.582+0000] {processor.py:161} INFO - Started process (PID=2903) to work on /home/airflow/.local/lib/python3.12/site-packages/airflow/example_dags/example_sensors.py
[2024-07-25T23:51:56.583+0000] {processor.py:830} INFO - Processing file /home/airflow/.local/lib/python3.12/site-packages/airflow/example_dags/example_sensors.py for tasks to queue
[2024-07-25T23:51:56.585+0000] {logging_mixin.py:188} INFO - [2024-07-25T23:51:56.585+0000] {dagbag.py:545} INFO - Filling up the DagBag from /home/airflow/.local/lib/python3.12/site-packages/airflow/example_dags/example_sensors.py
[2024-07-25T23:51:56.592+0000] {processor.py:840} INFO - DAG(s) 'example_sensors' retrieved from /home/airflow/.local/lib/python3.12/site-packages/airflow/example_dags/example_sensors.py
[2024-07-25T23:51:56.617+0000] {logging_mixin.py:188} INFO - [2024-07-25T23:51:56.616+0000] {dag.py:3089} INFO - Sync 1 DAGs
[2024-07-25T23:51:56.629+0000] {logging_mixin.py:188} INFO - [2024-07-25T23:51:56.629+0000] {dag.py:3947} INFO - Setting next_dagrun for example_sensors to None, run_after=None
[2024-07-25T23:51:56.647+0000] {processor.py:183} INFO - Processing /home/airflow/.local/lib/python3.12/site-packages/airflow/example_dags/example_sensors.py took 0.072 seconds
[2024-07-25T23:52:27.032+0000] {processor.py:161} INFO - Started process (PID=2963) to work on /home/airflow/.local/lib/python3.12/site-packages/airflow/example_dags/example_sensors.py
[2024-07-25T23:52:27.033+0000] {processor.py:830} INFO - Processing file /home/airflow/.local/lib/python3.12/site-packages/airflow/example_dags/example_sensors.py for tasks to queue
[2024-07-25T23:52:27.035+0000] {logging_mixin.py:188} INFO - [2024-07-25T23:52:27.034+0000] {dagbag.py:545} INFO - Filling up the DagBag from /home/airflow/.local/lib/python3.12/site-packages/airflow/example_dags/example_sensors.py
[2024-07-25T23:52:27.041+0000] {processor.py:840} INFO - DAG(s) 'example_sensors' retrieved from /home/airflow/.local/lib/python3.12/site-packages/airflow/example_dags/example_sensors.py
[2024-07-25T23:52:27.058+0000] {logging_mixin.py:188} INFO - [2024-07-25T23:52:27.058+0000] {dag.py:3089} INFO - Sync 1 DAGs
[2024-07-25T23:52:27.067+0000] {logging_mixin.py:188} INFO - [2024-07-25T23:52:27.067+0000] {dag.py:3947} INFO - Setting next_dagrun for example_sensors to None, run_after=None
[2024-07-25T23:52:27.079+0000] {processor.py:183} INFO - Processing /home/airflow/.local/lib/python3.12/site-packages/airflow/example_dags/example_sensors.py took 0.051 seconds
[2024-07-25T23:52:57.341+0000] {processor.py:161} INFO - Started process (PID=3023) to work on /home/airflow/.local/lib/python3.12/site-packages/airflow/example_dags/example_sensors.py
[2024-07-25T23:52:57.342+0000] {processor.py:830} INFO - Processing file /home/airflow/.local/lib/python3.12/site-packages/airflow/example_dags/example_sensors.py for tasks to queue
[2024-07-25T23:52:57.344+0000] {logging_mixin.py:188} INFO - [2024-07-25T23:52:57.344+0000] {dagbag.py:545} INFO - Filling up the DagBag from /home/airflow/.local/lib/python3.12/site-packages/airflow/example_dags/example_sensors.py
[2024-07-25T23:52:57.350+0000] {processor.py:840} INFO - DAG(s) 'example_sensors' retrieved from /home/airflow/.local/lib/python3.12/site-packages/airflow/example_dags/example_sensors.py
[2024-07-25T23:52:57.367+0000] {logging_mixin.py:188} INFO - [2024-07-25T23:52:57.367+0000] {dag.py:3089} INFO - Sync 1 DAGs
[2024-07-25T23:52:57.375+0000] {logging_mixin.py:188} INFO - [2024-07-25T23:52:57.375+0000] {dag.py:3947} INFO - Setting next_dagrun for example_sensors to None, run_after=None
[2024-07-25T23:52:57.386+0000] {processor.py:183} INFO - Processing /home/airflow/.local/lib/python3.12/site-packages/airflow/example_dags/example_sensors.py took 0.049 seconds
[2024-07-25T23:53:27.929+0000] {processor.py:161} INFO - Started process (PID=3083) to work on /home/airflow/.local/lib/python3.12/site-packages/airflow/example_dags/example_sensors.py
[2024-07-25T23:53:27.930+0000] {processor.py:830} INFO - Processing file /home/airflow/.local/lib/python3.12/site-packages/airflow/example_dags/example_sensors.py for tasks to queue
[2024-07-25T23:53:27.931+0000] {logging_mixin.py:188} INFO - [2024-07-25T23:53:27.931+0000] {dagbag.py:545} INFO - Filling up the DagBag from /home/airflow/.local/lib/python3.12/site-packages/airflow/example_dags/example_sensors.py
[2024-07-25T23:53:27.938+0000] {processor.py:840} INFO - DAG(s) 'example_sensors' retrieved from /home/airflow/.local/lib/python3.12/site-packages/airflow/example_dags/example_sensors.py
[2024-07-25T23:53:27.954+0000] {logging_mixin.py:188} INFO - [2024-07-25T23:53:27.954+0000] {dag.py:3089} INFO - Sync 1 DAGs
[2024-07-25T23:53:27.963+0000] {logging_mixin.py:188} INFO - [2024-07-25T23:53:27.963+0000] {dag.py:3947} INFO - Setting next_dagrun for example_sensors to None, run_after=None
[2024-07-25T23:53:27.973+0000] {processor.py:183} INFO - Processing /home/airflow/.local/lib/python3.12/site-packages/airflow/example_dags/example_sensors.py took 0.049 seconds
[2024-07-25T23:53:58.088+0000] {processor.py:161} INFO - Started process (PID=3143) to work on /home/airflow/.local/lib/python3.12/site-packages/airflow/example_dags/example_sensors.py
[2024-07-25T23:53:58.089+0000] {processor.py:830} INFO - Processing file /home/airflow/.local/lib/python3.12/site-packages/airflow/example_dags/example_sensors.py for tasks to queue
[2024-07-25T23:53:58.090+0000] {logging_mixin.py:188} INFO - [2024-07-25T23:53:58.090+0000] {dagbag.py:545} INFO - Filling up the DagBag from /home/airflow/.local/lib/python3.12/site-packages/airflow/example_dags/example_sensors.py
[2024-07-25T23:53:58.096+0000] {processor.py:840} INFO - DAG(s) 'example_sensors' retrieved from /home/airflow/.local/lib/python3.12/site-packages/airflow/example_dags/example_sensors.py
[2024-07-25T23:53:58.113+0000] {logging_mixin.py:188} INFO - [2024-07-25T23:53:58.113+0000] {dag.py:3089} INFO - Sync 1 DAGs
[2024-07-25T23:53:58.121+0000] {logging_mixin.py:188} INFO - [2024-07-25T23:53:58.121+0000] {dag.py:3947} INFO - Setting next_dagrun for example_sensors to None, run_after=None
[2024-07-25T23:53:58.132+0000] {processor.py:183} INFO - Processing /home/airflow/.local/lib/python3.12/site-packages/airflow/example_dags/example_sensors.py took 0.049 seconds
[2024-07-25T23:54:28.331+0000] {processor.py:161} INFO - Started process (PID=3203) to work on /home/airflow/.local/lib/python3.12/site-packages/airflow/example_dags/example_sensors.py
[2024-07-25T23:54:28.332+0000] {processor.py:830} INFO - Processing file /home/airflow/.local/lib/python3.12/site-packages/airflow/example_dags/example_sensors.py for tasks to queue
[2024-07-25T23:54:28.333+0000] {logging_mixin.py:188} INFO - [2024-07-25T23:54:28.333+0000] {dagbag.py:545} INFO - Filling up the DagBag from /home/airflow/.local/lib/python3.12/site-packages/airflow/example_dags/example_sensors.py
[2024-07-25T23:54:28.340+0000] {processor.py:840} INFO - DAG(s) 'example_sensors' retrieved from /home/airflow/.local/lib/python3.12/site-packages/airflow/example_dags/example_sensors.py
[2024-07-25T23:54:28.356+0000] {logging_mixin.py:188} INFO - [2024-07-25T23:54:28.356+0000] {dag.py:3089} INFO - Sync 1 DAGs
[2024-07-25T23:54:28.364+0000] {logging_mixin.py:188} INFO - [2024-07-25T23:54:28.364+0000] {dag.py:3947} INFO - Setting next_dagrun for example_sensors to None, run_after=None
[2024-07-25T23:54:28.376+0000] {processor.py:183} INFO - Processing /home/airflow/.local/lib/python3.12/site-packages/airflow/example_dags/example_sensors.py took 0.049 seconds
