[2024-07-25T23:17:24.479+0000] {processor.py:161} INFO - Started process (PID=94) to work on /home/airflow/.local/lib/python3.12/site-packages/airflow/example_dags/tutorial.py
[2024-07-25T23:17:24.480+0000] {processor.py:830} INFO - Processing file /home/airflow/.local/lib/python3.12/site-packages/airflow/example_dags/tutorial.py for tasks to queue
[2024-07-25T23:17:24.482+0000] {logging_mixin.py:188} INFO - [2024-07-25T23:17:24.481+0000] {dagbag.py:545} INFO - Filling up the DagBag from /home/airflow/.local/lib/python3.12/site-packages/airflow/example_dags/tutorial.py
[2024-07-25T23:17:24.486+0000] {processor.py:840} INFO - DAG(s) 'tutorial' retrieved from /home/airflow/.local/lib/python3.12/site-packages/airflow/example_dags/tutorial.py
[2024-07-25T23:17:24.498+0000] {logging_mixin.py:188} INFO - [2024-07-25T23:17:24.498+0000] {dag.py:3089} INFO - Sync 1 DAGs
[2024-07-25T23:17:24.518+0000] {logging_mixin.py:188} INFO - [2024-07-25T23:17:24.518+0000] {dag.py:3947} INFO - Setting next_dagrun for tutorial to 2024-07-24 00:00:00+00:00, run_after=2024-07-25 00:00:00+00:00
[2024-07-25T23:17:24.545+0000] {processor.py:183} INFO - Processing /home/airflow/.local/lib/python3.12/site-packages/airflow/example_dags/tutorial.py took 0.071 seconds
[2024-07-25T23:17:54.906+0000] {processor.py:161} INFO - Started process (PID=154) to work on /home/airflow/.local/lib/python3.12/site-packages/airflow/example_dags/tutorial.py
[2024-07-25T23:17:54.907+0000] {processor.py:830} INFO - Processing file /home/airflow/.local/lib/python3.12/site-packages/airflow/example_dags/tutorial.py for tasks to queue
[2024-07-25T23:17:54.910+0000] {logging_mixin.py:188} INFO - [2024-07-25T23:17:54.910+0000] {dagbag.py:545} INFO - Filling up the DagBag from /home/airflow/.local/lib/python3.12/site-packages/airflow/example_dags/tutorial.py
[2024-07-25T23:17:54.918+0000] {processor.py:840} INFO - DAG(s) 'tutorial' retrieved from /home/airflow/.local/lib/python3.12/site-packages/airflow/example_dags/tutorial.py
[2024-07-25T23:17:55.002+0000] {logging_mixin.py:188} INFO - [2024-07-25T23:17:55.002+0000] {dag.py:3089} INFO - Sync 1 DAGs
[2024-07-25T23:17:55.019+0000] {logging_mixin.py:188} INFO - [2024-07-25T23:17:55.019+0000] {dag.py:3947} INFO - Setting next_dagrun for tutorial to 2024-07-24 00:00:00+00:00, run_after=2024-07-25 00:00:00+00:00
[2024-07-25T23:17:55.032+0000] {processor.py:183} INFO - Processing /home/airflow/.local/lib/python3.12/site-packages/airflow/example_dags/tutorial.py took 0.131 seconds
[2024-07-25T23:18:25.654+0000] {processor.py:161} INFO - Started process (PID=214) to work on /home/airflow/.local/lib/python3.12/site-packages/airflow/example_dags/tutorial.py
[2024-07-25T23:18:25.655+0000] {processor.py:830} INFO - Processing file /home/airflow/.local/lib/python3.12/site-packages/airflow/example_dags/tutorial.py for tasks to queue
[2024-07-25T23:18:25.656+0000] {logging_mixin.py:188} INFO - [2024-07-25T23:18:25.656+0000] {dagbag.py:545} INFO - Filling up the DagBag from /home/airflow/.local/lib/python3.12/site-packages/airflow/example_dags/tutorial.py
[2024-07-25T23:18:25.660+0000] {processor.py:840} INFO - DAG(s) 'tutorial' retrieved from /home/airflow/.local/lib/python3.12/site-packages/airflow/example_dags/tutorial.py
[2024-07-25T23:18:25.673+0000] {logging_mixin.py:188} INFO - [2024-07-25T23:18:25.673+0000] {dag.py:3089} INFO - Sync 1 DAGs
[2024-07-25T23:18:25.686+0000] {logging_mixin.py:188} INFO - [2024-07-25T23:18:25.686+0000] {dag.py:3947} INFO - Setting next_dagrun for tutorial to 2024-07-24 00:00:00+00:00, run_after=2024-07-25 00:00:00+00:00
[2024-07-25T23:18:25.697+0000] {processor.py:183} INFO - Processing /home/airflow/.local/lib/python3.12/site-packages/airflow/example_dags/tutorial.py took 0.047 seconds
[2024-07-25T23:18:56.387+0000] {processor.py:161} INFO - Started process (PID=274) to work on /home/airflow/.local/lib/python3.12/site-packages/airflow/example_dags/tutorial.py
[2024-07-25T23:18:56.389+0000] {processor.py:830} INFO - Processing file /home/airflow/.local/lib/python3.12/site-packages/airflow/example_dags/tutorial.py for tasks to queue
[2024-07-25T23:18:56.392+0000] {logging_mixin.py:188} INFO - [2024-07-25T23:18:56.392+0000] {dagbag.py:545} INFO - Filling up the DagBag from /home/airflow/.local/lib/python3.12/site-packages/airflow/example_dags/tutorial.py
[2024-07-25T23:18:56.397+0000] {processor.py:840} INFO - DAG(s) 'tutorial' retrieved from /home/airflow/.local/lib/python3.12/site-packages/airflow/example_dags/tutorial.py
[2024-07-25T23:18:56.416+0000] {logging_mixin.py:188} INFO - [2024-07-25T23:18:56.416+0000] {dag.py:3089} INFO - Sync 1 DAGs
[2024-07-25T23:18:56.433+0000] {logging_mixin.py:188} INFO - [2024-07-25T23:18:56.433+0000] {dag.py:3947} INFO - Setting next_dagrun for tutorial to 2024-07-24 00:00:00+00:00, run_after=2024-07-25 00:00:00+00:00
[2024-07-25T23:18:56.449+0000] {processor.py:183} INFO - Processing /home/airflow/.local/lib/python3.12/site-packages/airflow/example_dags/tutorial.py took 0.067 seconds
[2024-07-25T23:19:27.457+0000] {processor.py:161} INFO - Started process (PID=334) to work on /home/airflow/.local/lib/python3.12/site-packages/airflow/example_dags/tutorial.py
[2024-07-25T23:19:27.458+0000] {processor.py:830} INFO - Processing file /home/airflow/.local/lib/python3.12/site-packages/airflow/example_dags/tutorial.py for tasks to queue
[2024-07-25T23:19:27.459+0000] {logging_mixin.py:188} INFO - [2024-07-25T23:19:27.459+0000] {dagbag.py:545} INFO - Filling up the DagBag from /home/airflow/.local/lib/python3.12/site-packages/airflow/example_dags/tutorial.py
[2024-07-25T23:19:27.463+0000] {processor.py:840} INFO - DAG(s) 'tutorial' retrieved from /home/airflow/.local/lib/python3.12/site-packages/airflow/example_dags/tutorial.py
[2024-07-25T23:19:27.476+0000] {logging_mixin.py:188} INFO - [2024-07-25T23:19:27.476+0000] {dag.py:3089} INFO - Sync 1 DAGs
[2024-07-25T23:19:27.490+0000] {logging_mixin.py:188} INFO - [2024-07-25T23:19:27.490+0000] {dag.py:3947} INFO - Setting next_dagrun for tutorial to 2024-07-24 00:00:00+00:00, run_after=2024-07-25 00:00:00+00:00
[2024-07-25T23:19:27.501+0000] {processor.py:183} INFO - Processing /home/airflow/.local/lib/python3.12/site-packages/airflow/example_dags/tutorial.py took 0.047 seconds
[2024-07-25T23:19:58.673+0000] {processor.py:161} INFO - Started process (PID=394) to work on /home/airflow/.local/lib/python3.12/site-packages/airflow/example_dags/tutorial.py
[2024-07-25T23:19:58.678+0000] {processor.py:830} INFO - Processing file /home/airflow/.local/lib/python3.12/site-packages/airflow/example_dags/tutorial.py for tasks to queue
[2024-07-25T23:19:58.680+0000] {logging_mixin.py:188} INFO - [2024-07-25T23:19:58.680+0000] {dagbag.py:545} INFO - Filling up the DagBag from /home/airflow/.local/lib/python3.12/site-packages/airflow/example_dags/tutorial.py
[2024-07-25T23:19:58.685+0000] {processor.py:840} INFO - DAG(s) 'tutorial' retrieved from /home/airflow/.local/lib/python3.12/site-packages/airflow/example_dags/tutorial.py
[2024-07-25T23:19:58.716+0000] {logging_mixin.py:188} INFO - [2024-07-25T23:19:58.716+0000] {dag.py:3089} INFO - Sync 1 DAGs
[2024-07-25T23:19:58.741+0000] {logging_mixin.py:188} INFO - [2024-07-25T23:19:58.741+0000] {dag.py:3947} INFO - Setting next_dagrun for tutorial to 2024-07-24 00:00:00+00:00, run_after=2024-07-25 00:00:00+00:00
[2024-07-25T23:19:58.765+0000] {processor.py:183} INFO - Processing /home/airflow/.local/lib/python3.12/site-packages/airflow/example_dags/tutorial.py took 0.098 seconds
[2024-07-25T23:20:29.421+0000] {processor.py:161} INFO - Started process (PID=454) to work on /home/airflow/.local/lib/python3.12/site-packages/airflow/example_dags/tutorial.py
[2024-07-25T23:20:29.424+0000] {processor.py:830} INFO - Processing file /home/airflow/.local/lib/python3.12/site-packages/airflow/example_dags/tutorial.py for tasks to queue
[2024-07-25T23:20:29.426+0000] {logging_mixin.py:188} INFO - [2024-07-25T23:20:29.426+0000] {dagbag.py:545} INFO - Filling up the DagBag from /home/airflow/.local/lib/python3.12/site-packages/airflow/example_dags/tutorial.py
[2024-07-25T23:20:29.431+0000] {processor.py:840} INFO - DAG(s) 'tutorial' retrieved from /home/airflow/.local/lib/python3.12/site-packages/airflow/example_dags/tutorial.py
[2024-07-25T23:20:29.446+0000] {logging_mixin.py:188} INFO - [2024-07-25T23:20:29.446+0000] {dag.py:3089} INFO - Sync 1 DAGs
[2024-07-25T23:20:29.462+0000] {logging_mixin.py:188} INFO - [2024-07-25T23:20:29.462+0000] {dag.py:3947} INFO - Setting next_dagrun for tutorial to 2024-07-24 00:00:00+00:00, run_after=2024-07-25 00:00:00+00:00
[2024-07-25T23:20:29.479+0000] {processor.py:183} INFO - Processing /home/airflow/.local/lib/python3.12/site-packages/airflow/example_dags/tutorial.py took 0.062 seconds
[2024-07-25T23:21:00.821+0000] {processor.py:161} INFO - Started process (PID=514) to work on /home/airflow/.local/lib/python3.12/site-packages/airflow/example_dags/tutorial.py
[2024-07-25T23:21:00.822+0000] {processor.py:830} INFO - Processing file /home/airflow/.local/lib/python3.12/site-packages/airflow/example_dags/tutorial.py for tasks to queue
[2024-07-25T23:21:00.825+0000] {logging_mixin.py:188} INFO - [2024-07-25T23:21:00.825+0000] {dagbag.py:545} INFO - Filling up the DagBag from /home/airflow/.local/lib/python3.12/site-packages/airflow/example_dags/tutorial.py
[2024-07-25T23:21:00.833+0000] {processor.py:840} INFO - DAG(s) 'tutorial' retrieved from /home/airflow/.local/lib/python3.12/site-packages/airflow/example_dags/tutorial.py
[2024-07-25T23:21:00.861+0000] {logging_mixin.py:188} INFO - [2024-07-25T23:21:00.861+0000] {dag.py:3089} INFO - Sync 1 DAGs
[2024-07-25T23:21:00.888+0000] {logging_mixin.py:188} INFO - [2024-07-25T23:21:00.888+0000] {dag.py:3947} INFO - Setting next_dagrun for tutorial to 2024-07-24 00:00:00+00:00, run_after=2024-07-25 00:00:00+00:00
[2024-07-25T23:21:00.908+0000] {processor.py:183} INFO - Processing /home/airflow/.local/lib/python3.12/site-packages/airflow/example_dags/tutorial.py took 0.100 seconds
[2024-07-25T23:21:31.733+0000] {processor.py:161} INFO - Started process (PID=574) to work on /home/airflow/.local/lib/python3.12/site-packages/airflow/example_dags/tutorial.py
[2024-07-25T23:21:31.734+0000] {processor.py:830} INFO - Processing file /home/airflow/.local/lib/python3.12/site-packages/airflow/example_dags/tutorial.py for tasks to queue
[2024-07-25T23:21:31.737+0000] {logging_mixin.py:188} INFO - [2024-07-25T23:21:31.737+0000] {dagbag.py:545} INFO - Filling up the DagBag from /home/airflow/.local/lib/python3.12/site-packages/airflow/example_dags/tutorial.py
[2024-07-25T23:21:31.741+0000] {processor.py:840} INFO - DAG(s) 'tutorial' retrieved from /home/airflow/.local/lib/python3.12/site-packages/airflow/example_dags/tutorial.py
[2024-07-25T23:21:31.759+0000] {logging_mixin.py:188} INFO - [2024-07-25T23:21:31.759+0000] {dag.py:3089} INFO - Sync 1 DAGs
[2024-07-25T23:21:31.779+0000] {logging_mixin.py:188} INFO - [2024-07-25T23:21:31.779+0000] {dag.py:3947} INFO - Setting next_dagrun for tutorial to 2024-07-24 00:00:00+00:00, run_after=2024-07-25 00:00:00+00:00
[2024-07-25T23:21:31.803+0000] {processor.py:183} INFO - Processing /home/airflow/.local/lib/python3.12/site-packages/airflow/example_dags/tutorial.py took 0.074 seconds
[2024-07-25T23:22:02.303+0000] {processor.py:161} INFO - Started process (PID=633) to work on /home/airflow/.local/lib/python3.12/site-packages/airflow/example_dags/tutorial.py
[2024-07-25T23:22:02.304+0000] {processor.py:830} INFO - Processing file /home/airflow/.local/lib/python3.12/site-packages/airflow/example_dags/tutorial.py for tasks to queue
[2024-07-25T23:22:02.305+0000] {logging_mixin.py:188} INFO - [2024-07-25T23:22:02.305+0000] {dagbag.py:545} INFO - Filling up the DagBag from /home/airflow/.local/lib/python3.12/site-packages/airflow/example_dags/tutorial.py
[2024-07-25T23:22:02.309+0000] {processor.py:840} INFO - DAG(s) 'tutorial' retrieved from /home/airflow/.local/lib/python3.12/site-packages/airflow/example_dags/tutorial.py
[2024-07-25T23:22:02.322+0000] {logging_mixin.py:188} INFO - [2024-07-25T23:22:02.322+0000] {dag.py:3089} INFO - Sync 1 DAGs
[2024-07-25T23:22:02.338+0000] {logging_mixin.py:188} INFO - [2024-07-25T23:22:02.338+0000] {dag.py:3947} INFO - Setting next_dagrun for tutorial to 2024-07-24 00:00:00+00:00, run_after=2024-07-25 00:00:00+00:00
[2024-07-25T23:22:02.350+0000] {processor.py:183} INFO - Processing /home/airflow/.local/lib/python3.12/site-packages/airflow/example_dags/tutorial.py took 0.051 seconds
[2024-07-25T23:22:33.127+0000] {processor.py:161} INFO - Started process (PID=692) to work on /home/airflow/.local/lib/python3.12/site-packages/airflow/example_dags/tutorial.py
[2024-07-25T23:22:33.133+0000] {processor.py:830} INFO - Processing file /home/airflow/.local/lib/python3.12/site-packages/airflow/example_dags/tutorial.py for tasks to queue
[2024-07-25T23:22:33.135+0000] {logging_mixin.py:188} INFO - [2024-07-25T23:22:33.134+0000] {dagbag.py:545} INFO - Filling up the DagBag from /home/airflow/.local/lib/python3.12/site-packages/airflow/example_dags/tutorial.py
[2024-07-25T23:22:33.142+0000] {processor.py:840} INFO - DAG(s) 'tutorial' retrieved from /home/airflow/.local/lib/python3.12/site-packages/airflow/example_dags/tutorial.py
[2024-07-25T23:22:33.159+0000] {logging_mixin.py:188} INFO - [2024-07-25T23:22:33.159+0000] {dag.py:3089} INFO - Sync 1 DAGs
[2024-07-25T23:22:33.178+0000] {logging_mixin.py:188} INFO - [2024-07-25T23:22:33.177+0000] {dag.py:3947} INFO - Setting next_dagrun for tutorial to 2024-07-24 00:00:00+00:00, run_after=2024-07-25 00:00:00+00:00
[2024-07-25T23:22:33.189+0000] {processor.py:183} INFO - Processing /home/airflow/.local/lib/python3.12/site-packages/airflow/example_dags/tutorial.py took 0.066 seconds
[2024-07-25T23:23:03.649+0000] {processor.py:161} INFO - Started process (PID=752) to work on /home/airflow/.local/lib/python3.12/site-packages/airflow/example_dags/tutorial.py
[2024-07-25T23:23:03.654+0000] {processor.py:830} INFO - Processing file /home/airflow/.local/lib/python3.12/site-packages/airflow/example_dags/tutorial.py for tasks to queue
[2024-07-25T23:23:03.655+0000] {logging_mixin.py:188} INFO - [2024-07-25T23:23:03.655+0000] {dagbag.py:545} INFO - Filling up the DagBag from /home/airflow/.local/lib/python3.12/site-packages/airflow/example_dags/tutorial.py
[2024-07-25T23:23:03.659+0000] {processor.py:840} INFO - DAG(s) 'tutorial' retrieved from /home/airflow/.local/lib/python3.12/site-packages/airflow/example_dags/tutorial.py
[2024-07-25T23:23:03.673+0000] {logging_mixin.py:188} INFO - [2024-07-25T23:23:03.673+0000] {dag.py:3089} INFO - Sync 1 DAGs
[2024-07-25T23:23:03.687+0000] {logging_mixin.py:188} INFO - [2024-07-25T23:23:03.687+0000] {dag.py:3947} INFO - Setting next_dagrun for tutorial to 2024-07-24 00:00:00+00:00, run_after=2024-07-25 00:00:00+00:00
[2024-07-25T23:23:03.700+0000] {processor.py:183} INFO - Processing /home/airflow/.local/lib/python3.12/site-packages/airflow/example_dags/tutorial.py took 0.055 seconds
[2024-07-25T23:23:34.357+0000] {processor.py:161} INFO - Started process (PID=812) to work on /home/airflow/.local/lib/python3.12/site-packages/airflow/example_dags/tutorial.py
[2024-07-25T23:23:34.363+0000] {processor.py:830} INFO - Processing file /home/airflow/.local/lib/python3.12/site-packages/airflow/example_dags/tutorial.py for tasks to queue
[2024-07-25T23:23:34.365+0000] {logging_mixin.py:188} INFO - [2024-07-25T23:23:34.365+0000] {dagbag.py:545} INFO - Filling up the DagBag from /home/airflow/.local/lib/python3.12/site-packages/airflow/example_dags/tutorial.py
[2024-07-25T23:23:34.370+0000] {processor.py:840} INFO - DAG(s) 'tutorial' retrieved from /home/airflow/.local/lib/python3.12/site-packages/airflow/example_dags/tutorial.py
[2024-07-25T23:23:34.389+0000] {logging_mixin.py:188} INFO - [2024-07-25T23:23:34.389+0000] {dag.py:3089} INFO - Sync 1 DAGs
[2024-07-25T23:23:34.406+0000] {logging_mixin.py:188} INFO - [2024-07-25T23:23:34.406+0000] {dag.py:3947} INFO - Setting next_dagrun for tutorial to 2024-07-24 00:00:00+00:00, run_after=2024-07-25 00:00:00+00:00
[2024-07-25T23:23:34.418+0000] {processor.py:183} INFO - Processing /home/airflow/.local/lib/python3.12/site-packages/airflow/example_dags/tutorial.py took 0.066 seconds
[2024-07-25T23:24:08.851+0000] {processor.py:161} INFO - Started process (PID=872) to work on /home/airflow/.local/lib/python3.12/site-packages/airflow/example_dags/tutorial.py
[2024-07-25T23:24:08.863+0000] {processor.py:830} INFO - Processing file /home/airflow/.local/lib/python3.12/site-packages/airflow/example_dags/tutorial.py for tasks to queue
[2024-07-25T23:24:08.881+0000] {logging_mixin.py:188} INFO - [2024-07-25T23:24:08.880+0000] {dagbag.py:545} INFO - Filling up the DagBag from /home/airflow/.local/lib/python3.12/site-packages/airflow/example_dags/tutorial.py
[2024-07-25T23:24:08.962+0000] {processor.py:840} INFO - DAG(s) 'tutorial' retrieved from /home/airflow/.local/lib/python3.12/site-packages/airflow/example_dags/tutorial.py
[2024-07-25T23:24:09.170+0000] {logging_mixin.py:188} INFO - [2024-07-25T23:24:09.169+0000] {dag.py:3089} INFO - Sync 1 DAGs
[2024-07-25T23:24:09.303+0000] {logging_mixin.py:188} INFO - [2024-07-25T23:24:09.303+0000] {dag.py:3947} INFO - Setting next_dagrun for tutorial to 2024-07-24 00:00:00+00:00, run_after=2024-07-25 00:00:00+00:00
[2024-07-25T23:24:09.407+0000] {processor.py:183} INFO - Processing /home/airflow/.local/lib/python3.12/site-packages/airflow/example_dags/tutorial.py took 0.625 seconds
[2024-07-25T23:24:41.985+0000] {processor.py:161} INFO - Started process (PID=938) to work on /home/airflow/.local/lib/python3.12/site-packages/airflow/example_dags/tutorial.py
[2024-07-25T23:24:41.990+0000] {processor.py:830} INFO - Processing file /home/airflow/.local/lib/python3.12/site-packages/airflow/example_dags/tutorial.py for tasks to queue
[2024-07-25T23:24:42.002+0000] {logging_mixin.py:188} INFO - [2024-07-25T23:24:41.998+0000] {dagbag.py:545} INFO - Filling up the DagBag from /home/airflow/.local/lib/python3.12/site-packages/airflow/example_dags/tutorial.py
[2024-07-25T23:24:42.060+0000] {processor.py:840} INFO - DAG(s) 'tutorial' retrieved from /home/airflow/.local/lib/python3.12/site-packages/airflow/example_dags/tutorial.py
[2024-07-25T23:24:42.233+0000] {logging_mixin.py:188} INFO - [2024-07-25T23:24:42.232+0000] {dag.py:3089} INFO - Sync 1 DAGs
[2024-07-25T23:24:42.356+0000] {logging_mixin.py:188} INFO - [2024-07-25T23:24:42.356+0000] {dag.py:3947} INFO - Setting next_dagrun for tutorial to 2024-07-24 00:00:00+00:00, run_after=2024-07-25 00:00:00+00:00
[2024-07-25T23:24:42.423+0000] {processor.py:183} INFO - Processing /home/airflow/.local/lib/python3.12/site-packages/airflow/example_dags/tutorial.py took 0.476 seconds
[2024-07-25T23:25:13.100+0000] {processor.py:161} INFO - Started process (PID=998) to work on /home/airflow/.local/lib/python3.12/site-packages/airflow/example_dags/tutorial.py
[2024-07-25T23:25:13.101+0000] {processor.py:830} INFO - Processing file /home/airflow/.local/lib/python3.12/site-packages/airflow/example_dags/tutorial.py for tasks to queue
[2024-07-25T23:25:13.104+0000] {logging_mixin.py:188} INFO - [2024-07-25T23:25:13.104+0000] {dagbag.py:545} INFO - Filling up the DagBag from /home/airflow/.local/lib/python3.12/site-packages/airflow/example_dags/tutorial.py
[2024-07-25T23:25:13.112+0000] {processor.py:840} INFO - DAG(s) 'tutorial' retrieved from /home/airflow/.local/lib/python3.12/site-packages/airflow/example_dags/tutorial.py
[2024-07-25T23:25:13.142+0000] {logging_mixin.py:188} INFO - [2024-07-25T23:25:13.142+0000] {dag.py:3089} INFO - Sync 1 DAGs
[2024-07-25T23:25:13.180+0000] {logging_mixin.py:188} INFO - [2024-07-25T23:25:13.180+0000] {dag.py:3947} INFO - Setting next_dagrun for tutorial to 2024-07-24 00:00:00+00:00, run_after=2024-07-25 00:00:00+00:00
[2024-07-25T23:25:13.207+0000] {processor.py:183} INFO - Processing /home/airflow/.local/lib/python3.12/site-packages/airflow/example_dags/tutorial.py took 0.113 seconds
[2024-07-25T23:28:02.498+0000] {processor.py:161} INFO - Started process (PID=104) to work on /home/airflow/.local/lib/python3.12/site-packages/airflow/example_dags/tutorial.py
[2024-07-25T23:28:02.504+0000] {processor.py:830} INFO - Processing file /home/airflow/.local/lib/python3.12/site-packages/airflow/example_dags/tutorial.py for tasks to queue
[2024-07-25T23:28:02.510+0000] {logging_mixin.py:188} INFO - [2024-07-25T23:28:02.509+0000] {dagbag.py:545} INFO - Filling up the DagBag from /home/airflow/.local/lib/python3.12/site-packages/airflow/example_dags/tutorial.py
[2024-07-25T23:28:02.573+0000] {processor.py:840} INFO - DAG(s) 'tutorial' retrieved from /home/airflow/.local/lib/python3.12/site-packages/airflow/example_dags/tutorial.py
[2024-07-25T23:28:02.927+0000] {logging_mixin.py:188} INFO - [2024-07-25T23:28:02.927+0000] {dag.py:3089} INFO - Sync 1 DAGs
[2024-07-25T23:28:03.054+0000] {logging_mixin.py:188} INFO - [2024-07-25T23:28:03.054+0000] {dag.py:3947} INFO - Setting next_dagrun for tutorial to 2024-07-24 00:00:00+00:00, run_after=2024-07-25 00:00:00+00:00
[2024-07-25T23:28:03.145+0000] {processor.py:183} INFO - Processing /home/airflow/.local/lib/python3.12/site-packages/airflow/example_dags/tutorial.py took 0.652 seconds
[2024-07-25T23:28:33.752+0000] {processor.py:161} INFO - Started process (PID=164) to work on /home/airflow/.local/lib/python3.12/site-packages/airflow/example_dags/tutorial.py
[2024-07-25T23:28:33.753+0000] {processor.py:830} INFO - Processing file /home/airflow/.local/lib/python3.12/site-packages/airflow/example_dags/tutorial.py for tasks to queue
[2024-07-25T23:28:33.759+0000] {logging_mixin.py:188} INFO - [2024-07-25T23:28:33.758+0000] {dagbag.py:545} INFO - Filling up the DagBag from /home/airflow/.local/lib/python3.12/site-packages/airflow/example_dags/tutorial.py
[2024-07-25T23:28:33.781+0000] {processor.py:840} INFO - DAG(s) 'tutorial' retrieved from /home/airflow/.local/lib/python3.12/site-packages/airflow/example_dags/tutorial.py
[2024-07-25T23:28:33.824+0000] {logging_mixin.py:188} INFO - [2024-07-25T23:28:33.824+0000] {dag.py:3089} INFO - Sync 1 DAGs
[2024-07-25T23:28:33.878+0000] {logging_mixin.py:188} INFO - [2024-07-25T23:28:33.878+0000] {dag.py:3947} INFO - Setting next_dagrun for tutorial to 2024-07-24 00:00:00+00:00, run_after=2024-07-25 00:00:00+00:00
[2024-07-25T23:28:33.901+0000] {processor.py:183} INFO - Processing /home/airflow/.local/lib/python3.12/site-packages/airflow/example_dags/tutorial.py took 0.158 seconds
[2024-07-25T23:29:04.789+0000] {processor.py:161} INFO - Started process (PID=225) to work on /home/airflow/.local/lib/python3.12/site-packages/airflow/example_dags/tutorial.py
[2024-07-25T23:29:04.795+0000] {processor.py:830} INFO - Processing file /home/airflow/.local/lib/python3.12/site-packages/airflow/example_dags/tutorial.py for tasks to queue
[2024-07-25T23:29:04.797+0000] {logging_mixin.py:188} INFO - [2024-07-25T23:29:04.797+0000] {dagbag.py:545} INFO - Filling up the DagBag from /home/airflow/.local/lib/python3.12/site-packages/airflow/example_dags/tutorial.py
[2024-07-25T23:29:04.803+0000] {processor.py:840} INFO - DAG(s) 'tutorial' retrieved from /home/airflow/.local/lib/python3.12/site-packages/airflow/example_dags/tutorial.py
[2024-07-25T23:29:04.827+0000] {logging_mixin.py:188} INFO - [2024-07-25T23:29:04.827+0000] {dag.py:3089} INFO - Sync 1 DAGs
[2024-07-25T23:29:04.864+0000] {logging_mixin.py:188} INFO - [2024-07-25T23:29:04.864+0000] {dag.py:3947} INFO - Setting next_dagrun for tutorial to 2024-07-24 00:00:00+00:00, run_after=2024-07-25 00:00:00+00:00
[2024-07-25T23:29:04.881+0000] {processor.py:183} INFO - Processing /home/airflow/.local/lib/python3.12/site-packages/airflow/example_dags/tutorial.py took 0.098 seconds
[2024-07-25T23:29:39.947+0000] {processor.py:161} INFO - Started process (PID=290) to work on /home/airflow/.local/lib/python3.12/site-packages/airflow/example_dags/tutorial.py
[2024-07-25T23:29:39.956+0000] {processor.py:830} INFO - Processing file /home/airflow/.local/lib/python3.12/site-packages/airflow/example_dags/tutorial.py for tasks to queue
[2024-07-25T23:29:39.970+0000] {logging_mixin.py:188} INFO - [2024-07-25T23:29:39.968+0000] {dagbag.py:545} INFO - Filling up the DagBag from /home/airflow/.local/lib/python3.12/site-packages/airflow/example_dags/tutorial.py
[2024-07-25T23:29:40.017+0000] {processor.py:840} INFO - DAG(s) 'tutorial' retrieved from /home/airflow/.local/lib/python3.12/site-packages/airflow/example_dags/tutorial.py
[2024-07-25T23:29:40.231+0000] {logging_mixin.py:188} INFO - [2024-07-25T23:29:40.229+0000] {dag.py:3089} INFO - Sync 1 DAGs
[2024-07-25T23:29:40.355+0000] {logging_mixin.py:188} INFO - [2024-07-25T23:29:40.354+0000] {dag.py:3947} INFO - Setting next_dagrun for tutorial to 2024-07-24 00:00:00+00:00, run_after=2024-07-25 00:00:00+00:00
[2024-07-25T23:29:40.503+0000] {processor.py:183} INFO - Processing /home/airflow/.local/lib/python3.12/site-packages/airflow/example_dags/tutorial.py took 0.609 seconds
[2024-07-25T23:30:11.113+0000] {processor.py:161} INFO - Started process (PID=350) to work on /home/airflow/.local/lib/python3.12/site-packages/airflow/example_dags/tutorial.py
[2024-07-25T23:30:11.115+0000] {processor.py:830} INFO - Processing file /home/airflow/.local/lib/python3.12/site-packages/airflow/example_dags/tutorial.py for tasks to queue
[2024-07-25T23:30:11.118+0000] {logging_mixin.py:188} INFO - [2024-07-25T23:30:11.118+0000] {dagbag.py:545} INFO - Filling up the DagBag from /home/airflow/.local/lib/python3.12/site-packages/airflow/example_dags/tutorial.py
[2024-07-25T23:30:11.129+0000] {processor.py:840} INFO - DAG(s) 'tutorial' retrieved from /home/airflow/.local/lib/python3.12/site-packages/airflow/example_dags/tutorial.py
[2024-07-25T23:30:11.159+0000] {logging_mixin.py:188} INFO - [2024-07-25T23:30:11.159+0000] {dag.py:3089} INFO - Sync 1 DAGs
[2024-07-25T23:30:11.179+0000] {logging_mixin.py:188} INFO - [2024-07-25T23:30:11.179+0000] {dag.py:3947} INFO - Setting next_dagrun for tutorial to 2024-07-24 00:00:00+00:00, run_after=2024-07-25 00:00:00+00:00
[2024-07-25T23:30:11.203+0000] {processor.py:183} INFO - Processing /home/airflow/.local/lib/python3.12/site-packages/airflow/example_dags/tutorial.py took 0.096 seconds
[2024-07-25T23:30:41.855+0000] {processor.py:161} INFO - Started process (PID=410) to work on /home/airflow/.local/lib/python3.12/site-packages/airflow/example_dags/tutorial.py
[2024-07-25T23:30:41.858+0000] {processor.py:830} INFO - Processing file /home/airflow/.local/lib/python3.12/site-packages/airflow/example_dags/tutorial.py for tasks to queue
[2024-07-25T23:30:41.862+0000] {logging_mixin.py:188} INFO - [2024-07-25T23:30:41.861+0000] {dagbag.py:545} INFO - Filling up the DagBag from /home/airflow/.local/lib/python3.12/site-packages/airflow/example_dags/tutorial.py
[2024-07-25T23:30:41.877+0000] {processor.py:840} INFO - DAG(s) 'tutorial' retrieved from /home/airflow/.local/lib/python3.12/site-packages/airflow/example_dags/tutorial.py
[2024-07-25T23:30:41.912+0000] {logging_mixin.py:188} INFO - [2024-07-25T23:30:41.912+0000] {dag.py:3089} INFO - Sync 1 DAGs
[2024-07-25T23:30:41.937+0000] {logging_mixin.py:188} INFO - [2024-07-25T23:30:41.937+0000] {dag.py:3947} INFO - Setting next_dagrun for tutorial to 2024-07-24 00:00:00+00:00, run_after=2024-07-25 00:00:00+00:00
[2024-07-25T23:30:41.961+0000] {processor.py:183} INFO - Processing /home/airflow/.local/lib/python3.12/site-packages/airflow/example_dags/tutorial.py took 0.116 seconds
[2024-07-25T23:31:14.110+0000] {processor.py:161} INFO - Started process (PID=470) to work on /home/airflow/.local/lib/python3.12/site-packages/airflow/example_dags/tutorial.py
[2024-07-25T23:31:14.111+0000] {processor.py:830} INFO - Processing file /home/airflow/.local/lib/python3.12/site-packages/airflow/example_dags/tutorial.py for tasks to queue
[2024-07-25T23:31:14.114+0000] {logging_mixin.py:188} INFO - [2024-07-25T23:31:14.113+0000] {dagbag.py:545} INFO - Filling up the DagBag from /home/airflow/.local/lib/python3.12/site-packages/airflow/example_dags/tutorial.py
[2024-07-25T23:31:14.139+0000] {processor.py:840} INFO - DAG(s) 'tutorial' retrieved from /home/airflow/.local/lib/python3.12/site-packages/airflow/example_dags/tutorial.py
[2024-07-25T23:31:14.196+0000] {logging_mixin.py:188} INFO - [2024-07-25T23:31:14.196+0000] {dag.py:3089} INFO - Sync 1 DAGs
[2024-07-25T23:31:14.248+0000] {logging_mixin.py:188} INFO - [2024-07-25T23:31:14.248+0000] {dag.py:3947} INFO - Setting next_dagrun for tutorial to 2024-07-24 00:00:00+00:00, run_after=2024-07-25 00:00:00+00:00
[2024-07-25T23:31:14.277+0000] {processor.py:183} INFO - Processing /home/airflow/.local/lib/python3.12/site-packages/airflow/example_dags/tutorial.py took 0.175 seconds
[2024-07-25T23:31:44.786+0000] {processor.py:161} INFO - Started process (PID=528) to work on /home/airflow/.local/lib/python3.12/site-packages/airflow/example_dags/tutorial.py
[2024-07-25T23:31:44.787+0000] {processor.py:830} INFO - Processing file /home/airflow/.local/lib/python3.12/site-packages/airflow/example_dags/tutorial.py for tasks to queue
[2024-07-25T23:31:44.789+0000] {logging_mixin.py:188} INFO - [2024-07-25T23:31:44.789+0000] {dagbag.py:545} INFO - Filling up the DagBag from /home/airflow/.local/lib/python3.12/site-packages/airflow/example_dags/tutorial.py
[2024-07-25T23:31:44.796+0000] {processor.py:840} INFO - DAG(s) 'tutorial' retrieved from /home/airflow/.local/lib/python3.12/site-packages/airflow/example_dags/tutorial.py
[2024-07-25T23:31:44.813+0000] {logging_mixin.py:188} INFO - [2024-07-25T23:31:44.813+0000] {dag.py:3089} INFO - Sync 1 DAGs
[2024-07-25T23:31:44.830+0000] {logging_mixin.py:188} INFO - [2024-07-25T23:31:44.830+0000] {dag.py:3947} INFO - Setting next_dagrun for tutorial to 2024-07-24 00:00:00+00:00, run_after=2024-07-25 00:00:00+00:00
[2024-07-25T23:31:44.842+0000] {processor.py:183} INFO - Processing /home/airflow/.local/lib/python3.12/site-packages/airflow/example_dags/tutorial.py took 0.060 seconds
[2024-07-25T23:32:15.621+0000] {processor.py:161} INFO - Started process (PID=588) to work on /home/airflow/.local/lib/python3.12/site-packages/airflow/example_dags/tutorial.py
[2024-07-25T23:32:15.622+0000] {processor.py:830} INFO - Processing file /home/airflow/.local/lib/python3.12/site-packages/airflow/example_dags/tutorial.py for tasks to queue
[2024-07-25T23:32:15.624+0000] {logging_mixin.py:188} INFO - [2024-07-25T23:32:15.623+0000] {dagbag.py:545} INFO - Filling up the DagBag from /home/airflow/.local/lib/python3.12/site-packages/airflow/example_dags/tutorial.py
[2024-07-25T23:32:15.630+0000] {processor.py:840} INFO - DAG(s) 'tutorial' retrieved from /home/airflow/.local/lib/python3.12/site-packages/airflow/example_dags/tutorial.py
[2024-07-25T23:32:15.647+0000] {logging_mixin.py:188} INFO - [2024-07-25T23:32:15.646+0000] {dag.py:3089} INFO - Sync 1 DAGs
[2024-07-25T23:32:15.663+0000] {logging_mixin.py:188} INFO - [2024-07-25T23:32:15.663+0000] {dag.py:3947} INFO - Setting next_dagrun for tutorial to 2024-07-24 00:00:00+00:00, run_after=2024-07-25 00:00:00+00:00
[2024-07-25T23:32:15.675+0000] {processor.py:183} INFO - Processing /home/airflow/.local/lib/python3.12/site-packages/airflow/example_dags/tutorial.py took 0.058 seconds
[2024-07-25T23:32:46.311+0000] {processor.py:161} INFO - Started process (PID=648) to work on /home/airflow/.local/lib/python3.12/site-packages/airflow/example_dags/tutorial.py
[2024-07-25T23:32:46.313+0000] {processor.py:830} INFO - Processing file /home/airflow/.local/lib/python3.12/site-packages/airflow/example_dags/tutorial.py for tasks to queue
[2024-07-25T23:32:46.315+0000] {logging_mixin.py:188} INFO - [2024-07-25T23:32:46.314+0000] {dagbag.py:545} INFO - Filling up the DagBag from /home/airflow/.local/lib/python3.12/site-packages/airflow/example_dags/tutorial.py
[2024-07-25T23:32:46.321+0000] {processor.py:840} INFO - DAG(s) 'tutorial' retrieved from /home/airflow/.local/lib/python3.12/site-packages/airflow/example_dags/tutorial.py
[2024-07-25T23:32:46.339+0000] {logging_mixin.py:188} INFO - [2024-07-25T23:32:46.339+0000] {dag.py:3089} INFO - Sync 1 DAGs
[2024-07-25T23:32:46.356+0000] {logging_mixin.py:188} INFO - [2024-07-25T23:32:46.355+0000] {dag.py:3947} INFO - Setting next_dagrun for tutorial to 2024-07-24 00:00:00+00:00, run_after=2024-07-25 00:00:00+00:00
[2024-07-25T23:32:46.367+0000] {processor.py:183} INFO - Processing /home/airflow/.local/lib/python3.12/site-packages/airflow/example_dags/tutorial.py took 0.060 seconds
[2024-07-25T23:33:16.943+0000] {processor.py:161} INFO - Started process (PID=708) to work on /home/airflow/.local/lib/python3.12/site-packages/airflow/example_dags/tutorial.py
[2024-07-25T23:33:16.944+0000] {processor.py:830} INFO - Processing file /home/airflow/.local/lib/python3.12/site-packages/airflow/example_dags/tutorial.py for tasks to queue
[2024-07-25T23:33:16.946+0000] {logging_mixin.py:188} INFO - [2024-07-25T23:33:16.946+0000] {dagbag.py:545} INFO - Filling up the DagBag from /home/airflow/.local/lib/python3.12/site-packages/airflow/example_dags/tutorial.py
[2024-07-25T23:33:16.950+0000] {processor.py:840} INFO - DAG(s) 'tutorial' retrieved from /home/airflow/.local/lib/python3.12/site-packages/airflow/example_dags/tutorial.py
[2024-07-25T23:33:16.962+0000] {logging_mixin.py:188} INFO - [2024-07-25T23:33:16.962+0000] {dag.py:3089} INFO - Sync 1 DAGs
[2024-07-25T23:33:16.976+0000] {logging_mixin.py:188} INFO - [2024-07-25T23:33:16.976+0000] {dag.py:3947} INFO - Setting next_dagrun for tutorial to 2024-07-24 00:00:00+00:00, run_after=2024-07-25 00:00:00+00:00
[2024-07-25T23:33:16.987+0000] {processor.py:183} INFO - Processing /home/airflow/.local/lib/python3.12/site-packages/airflow/example_dags/tutorial.py took 0.049 seconds
[2024-07-25T23:33:47.464+0000] {processor.py:161} INFO - Started process (PID=768) to work on /home/airflow/.local/lib/python3.12/site-packages/airflow/example_dags/tutorial.py
[2024-07-25T23:33:47.465+0000] {processor.py:830} INFO - Processing file /home/airflow/.local/lib/python3.12/site-packages/airflow/example_dags/tutorial.py for tasks to queue
[2024-07-25T23:33:47.467+0000] {logging_mixin.py:188} INFO - [2024-07-25T23:33:47.467+0000] {dagbag.py:545} INFO - Filling up the DagBag from /home/airflow/.local/lib/python3.12/site-packages/airflow/example_dags/tutorial.py
[2024-07-25T23:33:47.475+0000] {processor.py:840} INFO - DAG(s) 'tutorial' retrieved from /home/airflow/.local/lib/python3.12/site-packages/airflow/example_dags/tutorial.py
[2024-07-25T23:33:47.499+0000] {logging_mixin.py:188} INFO - [2024-07-25T23:33:47.498+0000] {dag.py:3089} INFO - Sync 1 DAGs
[2024-07-25T23:33:47.517+0000] {logging_mixin.py:188} INFO - [2024-07-25T23:33:47.517+0000] {dag.py:3947} INFO - Setting next_dagrun for tutorial to 2024-07-24 00:00:00+00:00, run_after=2024-07-25 00:00:00+00:00
[2024-07-25T23:33:47.531+0000] {processor.py:183} INFO - Processing /home/airflow/.local/lib/python3.12/site-packages/airflow/example_dags/tutorial.py took 0.071 seconds
[2024-07-25T23:34:17.830+0000] {processor.py:161} INFO - Started process (PID=828) to work on /home/airflow/.local/lib/python3.12/site-packages/airflow/example_dags/tutorial.py
[2024-07-25T23:34:17.831+0000] {processor.py:830} INFO - Processing file /home/airflow/.local/lib/python3.12/site-packages/airflow/example_dags/tutorial.py for tasks to queue
[2024-07-25T23:34:17.832+0000] {logging_mixin.py:188} INFO - [2024-07-25T23:34:17.832+0000] {dagbag.py:545} INFO - Filling up the DagBag from /home/airflow/.local/lib/python3.12/site-packages/airflow/example_dags/tutorial.py
[2024-07-25T23:34:17.837+0000] {processor.py:840} INFO - DAG(s) 'tutorial' retrieved from /home/airflow/.local/lib/python3.12/site-packages/airflow/example_dags/tutorial.py
[2024-07-25T23:34:17.850+0000] {logging_mixin.py:188} INFO - [2024-07-25T23:34:17.850+0000] {dag.py:3089} INFO - Sync 1 DAGs
[2024-07-25T23:34:17.864+0000] {logging_mixin.py:188} INFO - [2024-07-25T23:34:17.864+0000] {dag.py:3947} INFO - Setting next_dagrun for tutorial to 2024-07-24 00:00:00+00:00, run_after=2024-07-25 00:00:00+00:00
[2024-07-25T23:34:17.875+0000] {processor.py:183} INFO - Processing /home/airflow/.local/lib/python3.12/site-packages/airflow/example_dags/tutorial.py took 0.050 seconds
[2024-07-25T23:34:48.042+0000] {processor.py:161} INFO - Started process (PID=887) to work on /home/airflow/.local/lib/python3.12/site-packages/airflow/example_dags/tutorial.py
[2024-07-25T23:34:48.043+0000] {processor.py:830} INFO - Processing file /home/airflow/.local/lib/python3.12/site-packages/airflow/example_dags/tutorial.py for tasks to queue
[2024-07-25T23:34:48.044+0000] {logging_mixin.py:188} INFO - [2024-07-25T23:34:48.044+0000] {dagbag.py:545} INFO - Filling up the DagBag from /home/airflow/.local/lib/python3.12/site-packages/airflow/example_dags/tutorial.py
[2024-07-25T23:34:48.049+0000] {processor.py:840} INFO - DAG(s) 'tutorial' retrieved from /home/airflow/.local/lib/python3.12/site-packages/airflow/example_dags/tutorial.py
[2024-07-25T23:34:48.062+0000] {logging_mixin.py:188} INFO - [2024-07-25T23:34:48.062+0000] {dag.py:3089} INFO - Sync 1 DAGs
[2024-07-25T23:34:48.076+0000] {logging_mixin.py:188} INFO - [2024-07-25T23:34:48.075+0000] {dag.py:3947} INFO - Setting next_dagrun for tutorial to 2024-07-24 00:00:00+00:00, run_after=2024-07-25 00:00:00+00:00
[2024-07-25T23:34:48.087+0000] {processor.py:183} INFO - Processing /home/airflow/.local/lib/python3.12/site-packages/airflow/example_dags/tutorial.py took 0.049 seconds
[2024-07-25T23:35:18.386+0000] {processor.py:161} INFO - Started process (PID=947) to work on /home/airflow/.local/lib/python3.12/site-packages/airflow/example_dags/tutorial.py
[2024-07-25T23:35:18.387+0000] {processor.py:830} INFO - Processing file /home/airflow/.local/lib/python3.12/site-packages/airflow/example_dags/tutorial.py for tasks to queue
[2024-07-25T23:35:18.389+0000] {logging_mixin.py:188} INFO - [2024-07-25T23:35:18.389+0000] {dagbag.py:545} INFO - Filling up the DagBag from /home/airflow/.local/lib/python3.12/site-packages/airflow/example_dags/tutorial.py
[2024-07-25T23:35:18.397+0000] {processor.py:840} INFO - DAG(s) 'tutorial' retrieved from /home/airflow/.local/lib/python3.12/site-packages/airflow/example_dags/tutorial.py
[2024-07-25T23:35:18.413+0000] {logging_mixin.py:188} INFO - [2024-07-25T23:35:18.412+0000] {dag.py:3089} INFO - Sync 1 DAGs
[2024-07-25T23:35:18.427+0000] {logging_mixin.py:188} INFO - [2024-07-25T23:35:18.427+0000] {dag.py:3947} INFO - Setting next_dagrun for tutorial to 2024-07-24 00:00:00+00:00, run_after=2024-07-25 00:00:00+00:00
[2024-07-25T23:35:18.438+0000] {processor.py:183} INFO - Processing /home/airflow/.local/lib/python3.12/site-packages/airflow/example_dags/tutorial.py took 0.058 seconds
[2024-07-25T23:35:49.003+0000] {processor.py:161} INFO - Started process (PID=1007) to work on /home/airflow/.local/lib/python3.12/site-packages/airflow/example_dags/tutorial.py
[2024-07-25T23:35:49.005+0000] {processor.py:830} INFO - Processing file /home/airflow/.local/lib/python3.12/site-packages/airflow/example_dags/tutorial.py for tasks to queue
[2024-07-25T23:35:49.007+0000] {logging_mixin.py:188} INFO - [2024-07-25T23:35:49.006+0000] {dagbag.py:545} INFO - Filling up the DagBag from /home/airflow/.local/lib/python3.12/site-packages/airflow/example_dags/tutorial.py
[2024-07-25T23:35:49.015+0000] {processor.py:840} INFO - DAG(s) 'tutorial' retrieved from /home/airflow/.local/lib/python3.12/site-packages/airflow/example_dags/tutorial.py
[2024-07-25T23:35:49.044+0000] {logging_mixin.py:188} INFO - [2024-07-25T23:35:49.043+0000] {dag.py:3089} INFO - Sync 1 DAGs
[2024-07-25T23:35:49.071+0000] {logging_mixin.py:188} INFO - [2024-07-25T23:35:49.070+0000] {dag.py:3947} INFO - Setting next_dagrun for tutorial to 2024-07-24 00:00:00+00:00, run_after=2024-07-25 00:00:00+00:00
[2024-07-25T23:35:49.091+0000] {processor.py:183} INFO - Processing /home/airflow/.local/lib/python3.12/site-packages/airflow/example_dags/tutorial.py took 0.095 seconds
[2024-07-25T23:36:19.375+0000] {processor.py:161} INFO - Started process (PID=1067) to work on /home/airflow/.local/lib/python3.12/site-packages/airflow/example_dags/tutorial.py
[2024-07-25T23:36:19.376+0000] {processor.py:830} INFO - Processing file /home/airflow/.local/lib/python3.12/site-packages/airflow/example_dags/tutorial.py for tasks to queue
[2024-07-25T23:36:19.377+0000] {logging_mixin.py:188} INFO - [2024-07-25T23:36:19.377+0000] {dagbag.py:545} INFO - Filling up the DagBag from /home/airflow/.local/lib/python3.12/site-packages/airflow/example_dags/tutorial.py
[2024-07-25T23:36:19.381+0000] {processor.py:840} INFO - DAG(s) 'tutorial' retrieved from /home/airflow/.local/lib/python3.12/site-packages/airflow/example_dags/tutorial.py
[2024-07-25T23:36:19.395+0000] {logging_mixin.py:188} INFO - [2024-07-25T23:36:19.395+0000] {dag.py:3089} INFO - Sync 1 DAGs
[2024-07-25T23:36:19.411+0000] {logging_mixin.py:188} INFO - [2024-07-25T23:36:19.411+0000] {dag.py:3947} INFO - Setting next_dagrun for tutorial to 2024-07-24 00:00:00+00:00, run_after=2024-07-25 00:00:00+00:00
[2024-07-25T23:36:19.423+0000] {processor.py:183} INFO - Processing /home/airflow/.local/lib/python3.12/site-packages/airflow/example_dags/tutorial.py took 0.052 seconds
[2024-07-25T23:36:50.463+0000] {processor.py:161} INFO - Started process (PID=1126) to work on /home/airflow/.local/lib/python3.12/site-packages/airflow/example_dags/tutorial.py
[2024-07-25T23:36:50.467+0000] {processor.py:830} INFO - Processing file /home/airflow/.local/lib/python3.12/site-packages/airflow/example_dags/tutorial.py for tasks to queue
[2024-07-25T23:36:50.471+0000] {logging_mixin.py:188} INFO - [2024-07-25T23:36:50.470+0000] {dagbag.py:545} INFO - Filling up the DagBag from /home/airflow/.local/lib/python3.12/site-packages/airflow/example_dags/tutorial.py
[2024-07-25T23:36:50.484+0000] {processor.py:840} INFO - DAG(s) 'tutorial' retrieved from /home/airflow/.local/lib/python3.12/site-packages/airflow/example_dags/tutorial.py
[2024-07-25T23:36:50.557+0000] {logging_mixin.py:188} INFO - [2024-07-25T23:36:50.556+0000] {dag.py:3089} INFO - Sync 1 DAGs
[2024-07-25T23:36:50.607+0000] {logging_mixin.py:188} INFO - [2024-07-25T23:36:50.606+0000] {dag.py:3947} INFO - Setting next_dagrun for tutorial to 2024-07-24 00:00:00+00:00, run_after=2024-07-25 00:00:00+00:00
[2024-07-25T23:36:50.649+0000] {processor.py:183} INFO - Processing /home/airflow/.local/lib/python3.12/site-packages/airflow/example_dags/tutorial.py took 0.198 seconds
[2024-07-25T23:37:20.993+0000] {processor.py:161} INFO - Started process (PID=1186) to work on /home/airflow/.local/lib/python3.12/site-packages/airflow/example_dags/tutorial.py
[2024-07-25T23:37:20.995+0000] {processor.py:830} INFO - Processing file /home/airflow/.local/lib/python3.12/site-packages/airflow/example_dags/tutorial.py for tasks to queue
[2024-07-25T23:37:20.996+0000] {logging_mixin.py:188} INFO - [2024-07-25T23:37:20.996+0000] {dagbag.py:545} INFO - Filling up the DagBag from /home/airflow/.local/lib/python3.12/site-packages/airflow/example_dags/tutorial.py
[2024-07-25T23:37:21.001+0000] {processor.py:840} INFO - DAG(s) 'tutorial' retrieved from /home/airflow/.local/lib/python3.12/site-packages/airflow/example_dags/tutorial.py
[2024-07-25T23:37:21.014+0000] {logging_mixin.py:188} INFO - [2024-07-25T23:37:21.014+0000] {dag.py:3089} INFO - Sync 1 DAGs
[2024-07-25T23:37:21.029+0000] {logging_mixin.py:188} INFO - [2024-07-25T23:37:21.029+0000] {dag.py:3947} INFO - Setting next_dagrun for tutorial to 2024-07-24 00:00:00+00:00, run_after=2024-07-25 00:00:00+00:00
[2024-07-25T23:37:21.041+0000] {processor.py:183} INFO - Processing /home/airflow/.local/lib/python3.12/site-packages/airflow/example_dags/tutorial.py took 0.052 seconds
[2024-07-25T23:37:51.210+0000] {processor.py:161} INFO - Started process (PID=1246) to work on /home/airflow/.local/lib/python3.12/site-packages/airflow/example_dags/tutorial.py
[2024-07-25T23:37:51.211+0000] {processor.py:830} INFO - Processing file /home/airflow/.local/lib/python3.12/site-packages/airflow/example_dags/tutorial.py for tasks to queue
[2024-07-25T23:37:51.212+0000] {logging_mixin.py:188} INFO - [2024-07-25T23:37:51.212+0000] {dagbag.py:545} INFO - Filling up the DagBag from /home/airflow/.local/lib/python3.12/site-packages/airflow/example_dags/tutorial.py
[2024-07-25T23:37:51.217+0000] {processor.py:840} INFO - DAG(s) 'tutorial' retrieved from /home/airflow/.local/lib/python3.12/site-packages/airflow/example_dags/tutorial.py
[2024-07-25T23:37:51.230+0000] {logging_mixin.py:188} INFO - [2024-07-25T23:37:51.229+0000] {dag.py:3089} INFO - Sync 1 DAGs
[2024-07-25T23:37:51.243+0000] {logging_mixin.py:188} INFO - [2024-07-25T23:37:51.243+0000] {dag.py:3947} INFO - Setting next_dagrun for tutorial to 2024-07-24 00:00:00+00:00, run_after=2024-07-25 00:00:00+00:00
[2024-07-25T23:37:51.254+0000] {processor.py:183} INFO - Processing /home/airflow/.local/lib/python3.12/site-packages/airflow/example_dags/tutorial.py took 0.048 seconds
[2024-07-25T23:38:22.039+0000] {processor.py:161} INFO - Started process (PID=1306) to work on /home/airflow/.local/lib/python3.12/site-packages/airflow/example_dags/tutorial.py
[2024-07-25T23:38:22.040+0000] {processor.py:830} INFO - Processing file /home/airflow/.local/lib/python3.12/site-packages/airflow/example_dags/tutorial.py for tasks to queue
[2024-07-25T23:38:22.042+0000] {logging_mixin.py:188} INFO - [2024-07-25T23:38:22.042+0000] {dagbag.py:545} INFO - Filling up the DagBag from /home/airflow/.local/lib/python3.12/site-packages/airflow/example_dags/tutorial.py
[2024-07-25T23:38:22.047+0000] {processor.py:840} INFO - DAG(s) 'tutorial' retrieved from /home/airflow/.local/lib/python3.12/site-packages/airflow/example_dags/tutorial.py
[2024-07-25T23:38:22.065+0000] {logging_mixin.py:188} INFO - [2024-07-25T23:38:22.065+0000] {dag.py:3089} INFO - Sync 1 DAGs
[2024-07-25T23:38:22.081+0000] {logging_mixin.py:188} INFO - [2024-07-25T23:38:22.080+0000] {dag.py:3947} INFO - Setting next_dagrun for tutorial to 2024-07-24 00:00:00+00:00, run_after=2024-07-25 00:00:00+00:00
[2024-07-25T23:38:22.093+0000] {processor.py:183} INFO - Processing /home/airflow/.local/lib/python3.12/site-packages/airflow/example_dags/tutorial.py took 0.060 seconds
[2024-07-25T23:38:52.157+0000] {processor.py:161} INFO - Started process (PID=1366) to work on /home/airflow/.local/lib/python3.12/site-packages/airflow/example_dags/tutorial.py
[2024-07-25T23:38:52.158+0000] {processor.py:830} INFO - Processing file /home/airflow/.local/lib/python3.12/site-packages/airflow/example_dags/tutorial.py for tasks to queue
[2024-07-25T23:38:52.160+0000] {logging_mixin.py:188} INFO - [2024-07-25T23:38:52.160+0000] {dagbag.py:545} INFO - Filling up the DagBag from /home/airflow/.local/lib/python3.12/site-packages/airflow/example_dags/tutorial.py
[2024-07-25T23:38:52.164+0000] {processor.py:840} INFO - DAG(s) 'tutorial' retrieved from /home/airflow/.local/lib/python3.12/site-packages/airflow/example_dags/tutorial.py
[2024-07-25T23:38:52.177+0000] {logging_mixin.py:188} INFO - [2024-07-25T23:38:52.177+0000] {dag.py:3089} INFO - Sync 1 DAGs
[2024-07-25T23:38:52.190+0000] {logging_mixin.py:188} INFO - [2024-07-25T23:38:52.190+0000] {dag.py:3947} INFO - Setting next_dagrun for tutorial to 2024-07-24 00:00:00+00:00, run_after=2024-07-25 00:00:00+00:00
[2024-07-25T23:38:52.201+0000] {processor.py:183} INFO - Processing /home/airflow/.local/lib/python3.12/site-packages/airflow/example_dags/tutorial.py took 0.047 seconds
[2024-07-25T23:39:22.775+0000] {processor.py:161} INFO - Started process (PID=1426) to work on /home/airflow/.local/lib/python3.12/site-packages/airflow/example_dags/tutorial.py
[2024-07-25T23:39:22.777+0000] {processor.py:830} INFO - Processing file /home/airflow/.local/lib/python3.12/site-packages/airflow/example_dags/tutorial.py for tasks to queue
[2024-07-25T23:39:22.779+0000] {logging_mixin.py:188} INFO - [2024-07-25T23:39:22.778+0000] {dagbag.py:545} INFO - Filling up the DagBag from /home/airflow/.local/lib/python3.12/site-packages/airflow/example_dags/tutorial.py
[2024-07-25T23:39:22.785+0000] {processor.py:840} INFO - DAG(s) 'tutorial' retrieved from /home/airflow/.local/lib/python3.12/site-packages/airflow/example_dags/tutorial.py
[2024-07-25T23:39:22.805+0000] {logging_mixin.py:188} INFO - [2024-07-25T23:39:22.805+0000] {dag.py:3089} INFO - Sync 1 DAGs
[2024-07-25T23:39:22.822+0000] {logging_mixin.py:188} INFO - [2024-07-25T23:39:22.822+0000] {dag.py:3947} INFO - Setting next_dagrun for tutorial to 2024-07-24 00:00:00+00:00, run_after=2024-07-25 00:00:00+00:00
[2024-07-25T23:39:22.834+0000] {processor.py:183} INFO - Processing /home/airflow/.local/lib/python3.12/site-packages/airflow/example_dags/tutorial.py took 0.064 seconds
[2024-07-25T23:39:53.672+0000] {processor.py:161} INFO - Started process (PID=1486) to work on /home/airflow/.local/lib/python3.12/site-packages/airflow/example_dags/tutorial.py
[2024-07-25T23:39:53.674+0000] {processor.py:830} INFO - Processing file /home/airflow/.local/lib/python3.12/site-packages/airflow/example_dags/tutorial.py for tasks to queue
[2024-07-25T23:39:53.676+0000] {logging_mixin.py:188} INFO - [2024-07-25T23:39:53.675+0000] {dagbag.py:545} INFO - Filling up the DagBag from /home/airflow/.local/lib/python3.12/site-packages/airflow/example_dags/tutorial.py
[2024-07-25T23:39:53.680+0000] {processor.py:840} INFO - DAG(s) 'tutorial' retrieved from /home/airflow/.local/lib/python3.12/site-packages/airflow/example_dags/tutorial.py
[2024-07-25T23:39:53.699+0000] {logging_mixin.py:188} INFO - [2024-07-25T23:39:53.699+0000] {dag.py:3089} INFO - Sync 1 DAGs
[2024-07-25T23:39:53.721+0000] {logging_mixin.py:188} INFO - [2024-07-25T23:39:53.721+0000] {dag.py:3947} INFO - Setting next_dagrun for tutorial to 2024-07-24 00:00:00+00:00, run_after=2024-07-25 00:00:00+00:00
[2024-07-25T23:39:53.739+0000] {processor.py:183} INFO - Processing /home/airflow/.local/lib/python3.12/site-packages/airflow/example_dags/tutorial.py took 0.070 seconds
[2024-07-25T23:40:24.729+0000] {processor.py:161} INFO - Started process (PID=1546) to work on /home/airflow/.local/lib/python3.12/site-packages/airflow/example_dags/tutorial.py
[2024-07-25T23:40:24.730+0000] {processor.py:830} INFO - Processing file /home/airflow/.local/lib/python3.12/site-packages/airflow/example_dags/tutorial.py for tasks to queue
[2024-07-25T23:40:24.731+0000] {logging_mixin.py:188} INFO - [2024-07-25T23:40:24.731+0000] {dagbag.py:545} INFO - Filling up the DagBag from /home/airflow/.local/lib/python3.12/site-packages/airflow/example_dags/tutorial.py
[2024-07-25T23:40:24.736+0000] {processor.py:840} INFO - DAG(s) 'tutorial' retrieved from /home/airflow/.local/lib/python3.12/site-packages/airflow/example_dags/tutorial.py
[2024-07-25T23:40:24.752+0000] {logging_mixin.py:188} INFO - [2024-07-25T23:40:24.752+0000] {dag.py:3089} INFO - Sync 1 DAGs
[2024-07-25T23:40:24.769+0000] {logging_mixin.py:188} INFO - [2024-07-25T23:40:24.769+0000] {dag.py:3947} INFO - Setting next_dagrun for tutorial to 2024-07-24 00:00:00+00:00, run_after=2024-07-25 00:00:00+00:00
[2024-07-25T23:40:24.781+0000] {processor.py:183} INFO - Processing /home/airflow/.local/lib/python3.12/site-packages/airflow/example_dags/tutorial.py took 0.058 seconds
[2024-07-25T23:40:55.046+0000] {processor.py:161} INFO - Started process (PID=1606) to work on /home/airflow/.local/lib/python3.12/site-packages/airflow/example_dags/tutorial.py
[2024-07-25T23:40:55.047+0000] {processor.py:830} INFO - Processing file /home/airflow/.local/lib/python3.12/site-packages/airflow/example_dags/tutorial.py for tasks to queue
[2024-07-25T23:40:55.050+0000] {logging_mixin.py:188} INFO - [2024-07-25T23:40:55.050+0000] {dagbag.py:545} INFO - Filling up the DagBag from /home/airflow/.local/lib/python3.12/site-packages/airflow/example_dags/tutorial.py
[2024-07-25T23:40:55.058+0000] {processor.py:840} INFO - DAG(s) 'tutorial' retrieved from /home/airflow/.local/lib/python3.12/site-packages/airflow/example_dags/tutorial.py
[2024-07-25T23:40:55.083+0000] {logging_mixin.py:188} INFO - [2024-07-25T23:40:55.083+0000] {dag.py:3089} INFO - Sync 1 DAGs
[2024-07-25T23:40:55.105+0000] {logging_mixin.py:188} INFO - [2024-07-25T23:40:55.104+0000] {dag.py:3947} INFO - Setting next_dagrun for tutorial to 2024-07-24 00:00:00+00:00, run_after=2024-07-25 00:00:00+00:00
[2024-07-25T23:40:55.121+0000] {processor.py:183} INFO - Processing /home/airflow/.local/lib/python3.12/site-packages/airflow/example_dags/tutorial.py took 0.092 seconds
[2024-07-25T23:41:25.734+0000] {processor.py:161} INFO - Started process (PID=1666) to work on /home/airflow/.local/lib/python3.12/site-packages/airflow/example_dags/tutorial.py
[2024-07-25T23:41:25.735+0000] {processor.py:830} INFO - Processing file /home/airflow/.local/lib/python3.12/site-packages/airflow/example_dags/tutorial.py for tasks to queue
[2024-07-25T23:41:25.736+0000] {logging_mixin.py:188} INFO - [2024-07-25T23:41:25.736+0000] {dagbag.py:545} INFO - Filling up the DagBag from /home/airflow/.local/lib/python3.12/site-packages/airflow/example_dags/tutorial.py
[2024-07-25T23:41:25.741+0000] {processor.py:840} INFO - DAG(s) 'tutorial' retrieved from /home/airflow/.local/lib/python3.12/site-packages/airflow/example_dags/tutorial.py
[2024-07-25T23:41:25.754+0000] {logging_mixin.py:188} INFO - [2024-07-25T23:41:25.754+0000] {dag.py:3089} INFO - Sync 1 DAGs
[2024-07-25T23:41:25.768+0000] {logging_mixin.py:188} INFO - [2024-07-25T23:41:25.768+0000] {dag.py:3947} INFO - Setting next_dagrun for tutorial to 2024-07-24 00:00:00+00:00, run_after=2024-07-25 00:00:00+00:00
[2024-07-25T23:41:25.779+0000] {processor.py:183} INFO - Processing /home/airflow/.local/lib/python3.12/site-packages/airflow/example_dags/tutorial.py took 0.049 seconds
[2024-07-25T23:41:56.548+0000] {processor.py:161} INFO - Started process (PID=1726) to work on /home/airflow/.local/lib/python3.12/site-packages/airflow/example_dags/tutorial.py
[2024-07-25T23:41:56.548+0000] {processor.py:830} INFO - Processing file /home/airflow/.local/lib/python3.12/site-packages/airflow/example_dags/tutorial.py for tasks to queue
[2024-07-25T23:41:56.550+0000] {logging_mixin.py:188} INFO - [2024-07-25T23:41:56.550+0000] {dagbag.py:545} INFO - Filling up the DagBag from /home/airflow/.local/lib/python3.12/site-packages/airflow/example_dags/tutorial.py
[2024-07-25T23:41:56.555+0000] {processor.py:840} INFO - DAG(s) 'tutorial' retrieved from /home/airflow/.local/lib/python3.12/site-packages/airflow/example_dags/tutorial.py
[2024-07-25T23:41:56.574+0000] {logging_mixin.py:188} INFO - [2024-07-25T23:41:56.574+0000] {dag.py:3089} INFO - Sync 1 DAGs
[2024-07-25T23:41:56.607+0000] {logging_mixin.py:188} INFO - [2024-07-25T23:41:56.606+0000] {dag.py:3947} INFO - Setting next_dagrun for tutorial to 2024-07-24 00:00:00+00:00, run_after=2024-07-25 00:00:00+00:00
[2024-07-25T23:41:56.622+0000] {processor.py:183} INFO - Processing /home/airflow/.local/lib/python3.12/site-packages/airflow/example_dags/tutorial.py took 0.080 seconds
[2024-07-25T23:42:26.693+0000] {processor.py:161} INFO - Started process (PID=1786) to work on /home/airflow/.local/lib/python3.12/site-packages/airflow/example_dags/tutorial.py
[2024-07-25T23:42:26.695+0000] {processor.py:830} INFO - Processing file /home/airflow/.local/lib/python3.12/site-packages/airflow/example_dags/tutorial.py for tasks to queue
[2024-07-25T23:42:26.696+0000] {logging_mixin.py:188} INFO - [2024-07-25T23:42:26.696+0000] {dagbag.py:545} INFO - Filling up the DagBag from /home/airflow/.local/lib/python3.12/site-packages/airflow/example_dags/tutorial.py
[2024-07-25T23:42:26.700+0000] {processor.py:840} INFO - DAG(s) 'tutorial' retrieved from /home/airflow/.local/lib/python3.12/site-packages/airflow/example_dags/tutorial.py
[2024-07-25T23:42:26.715+0000] {logging_mixin.py:188} INFO - [2024-07-25T23:42:26.714+0000] {dag.py:3089} INFO - Sync 1 DAGs
[2024-07-25T23:42:26.729+0000] {logging_mixin.py:188} INFO - [2024-07-25T23:42:26.729+0000] {dag.py:3947} INFO - Setting next_dagrun for tutorial to 2024-07-24 00:00:00+00:00, run_after=2024-07-25 00:00:00+00:00
[2024-07-25T23:42:26.741+0000] {processor.py:183} INFO - Processing /home/airflow/.local/lib/python3.12/site-packages/airflow/example_dags/tutorial.py took 0.053 seconds
[2024-07-25T23:42:57.618+0000] {processor.py:161} INFO - Started process (PID=1844) to work on /home/airflow/.local/lib/python3.12/site-packages/airflow/example_dags/tutorial.py
[2024-07-25T23:42:57.620+0000] {processor.py:830} INFO - Processing file /home/airflow/.local/lib/python3.12/site-packages/airflow/example_dags/tutorial.py for tasks to queue
[2024-07-25T23:42:57.623+0000] {logging_mixin.py:188} INFO - [2024-07-25T23:42:57.622+0000] {dagbag.py:545} INFO - Filling up the DagBag from /home/airflow/.local/lib/python3.12/site-packages/airflow/example_dags/tutorial.py
[2024-07-25T23:42:57.633+0000] {processor.py:840} INFO - DAG(s) 'tutorial' retrieved from /home/airflow/.local/lib/python3.12/site-packages/airflow/example_dags/tutorial.py
[2024-07-25T23:42:57.663+0000] {logging_mixin.py:188} INFO - [2024-07-25T23:42:57.662+0000] {dag.py:3089} INFO - Sync 1 DAGs
[2024-07-25T23:42:57.738+0000] {logging_mixin.py:188} INFO - [2024-07-25T23:42:57.738+0000] {dag.py:3947} INFO - Setting next_dagrun for tutorial to 2024-07-24 00:00:00+00:00, run_after=2024-07-25 00:00:00+00:00
[2024-07-25T23:42:58.096+0000] {processor.py:183} INFO - Processing /home/airflow/.local/lib/python3.12/site-packages/airflow/example_dags/tutorial.py took 0.492 seconds
[2024-07-25T23:43:28.185+0000] {processor.py:161} INFO - Started process (PID=1904) to work on /home/airflow/.local/lib/python3.12/site-packages/airflow/example_dags/tutorial.py
[2024-07-25T23:43:28.186+0000] {processor.py:830} INFO - Processing file /home/airflow/.local/lib/python3.12/site-packages/airflow/example_dags/tutorial.py for tasks to queue
[2024-07-25T23:43:28.188+0000] {logging_mixin.py:188} INFO - [2024-07-25T23:43:28.188+0000] {dagbag.py:545} INFO - Filling up the DagBag from /home/airflow/.local/lib/python3.12/site-packages/airflow/example_dags/tutorial.py
[2024-07-25T23:43:28.196+0000] {processor.py:840} INFO - DAG(s) 'tutorial' retrieved from /home/airflow/.local/lib/python3.12/site-packages/airflow/example_dags/tutorial.py
[2024-07-25T23:43:28.220+0000] {logging_mixin.py:188} INFO - [2024-07-25T23:43:28.220+0000] {dag.py:3089} INFO - Sync 1 DAGs
[2024-07-25T23:43:28.242+0000] {logging_mixin.py:188} INFO - [2024-07-25T23:43:28.242+0000] {dag.py:3947} INFO - Setting next_dagrun for tutorial to 2024-07-24 00:00:00+00:00, run_after=2024-07-25 00:00:00+00:00
[2024-07-25T23:43:28.258+0000] {processor.py:183} INFO - Processing /home/airflow/.local/lib/python3.12/site-packages/airflow/example_dags/tutorial.py took 0.079 seconds
[2024-07-25T23:43:59.247+0000] {processor.py:161} INFO - Started process (PID=1964) to work on /home/airflow/.local/lib/python3.12/site-packages/airflow/example_dags/tutorial.py
[2024-07-25T23:43:59.250+0000] {processor.py:830} INFO - Processing file /home/airflow/.local/lib/python3.12/site-packages/airflow/example_dags/tutorial.py for tasks to queue
[2024-07-25T23:43:59.251+0000] {logging_mixin.py:188} INFO - [2024-07-25T23:43:59.251+0000] {dagbag.py:545} INFO - Filling up the DagBag from /home/airflow/.local/lib/python3.12/site-packages/airflow/example_dags/tutorial.py
[2024-07-25T23:43:59.363+0000] {processor.py:840} INFO - DAG(s) 'tutorial' retrieved from /home/airflow/.local/lib/python3.12/site-packages/airflow/example_dags/tutorial.py
[2024-07-25T23:43:59.374+0000] {logging_mixin.py:188} INFO - [2024-07-25T23:43:59.374+0000] {dag.py:3089} INFO - Sync 1 DAGs
[2024-07-25T23:43:59.386+0000] {logging_mixin.py:188} INFO - [2024-07-25T23:43:59.386+0000] {dag.py:3947} INFO - Setting next_dagrun for tutorial to 2024-07-24 00:00:00+00:00, run_after=2024-07-25 00:00:00+00:00
[2024-07-25T23:43:59.396+0000] {processor.py:183} INFO - Processing /home/airflow/.local/lib/python3.12/site-packages/airflow/example_dags/tutorial.py took 0.154 seconds
[2024-07-25T23:44:29.445+0000] {processor.py:161} INFO - Started process (PID=2023) to work on /home/airflow/.local/lib/python3.12/site-packages/airflow/example_dags/tutorial.py
[2024-07-25T23:44:29.447+0000] {processor.py:830} INFO - Processing file /home/airflow/.local/lib/python3.12/site-packages/airflow/example_dags/tutorial.py for tasks to queue
[2024-07-25T23:44:29.449+0000] {logging_mixin.py:188} INFO - [2024-07-25T23:44:29.449+0000] {dagbag.py:545} INFO - Filling up the DagBag from /home/airflow/.local/lib/python3.12/site-packages/airflow/example_dags/tutorial.py
[2024-07-25T23:44:29.453+0000] {processor.py:840} INFO - DAG(s) 'tutorial' retrieved from /home/airflow/.local/lib/python3.12/site-packages/airflow/example_dags/tutorial.py
[2024-07-25T23:44:29.472+0000] {logging_mixin.py:188} INFO - [2024-07-25T23:44:29.472+0000] {dag.py:3089} INFO - Sync 1 DAGs
[2024-07-25T23:44:29.491+0000] {logging_mixin.py:188} INFO - [2024-07-25T23:44:29.491+0000] {dag.py:3947} INFO - Setting next_dagrun for tutorial to 2024-07-24 00:00:00+00:00, run_after=2024-07-25 00:00:00+00:00
[2024-07-25T23:44:29.505+0000] {processor.py:183} INFO - Processing /home/airflow/.local/lib/python3.12/site-packages/airflow/example_dags/tutorial.py took 0.064 seconds
[2024-07-25T23:45:00.274+0000] {processor.py:161} INFO - Started process (PID=2083) to work on /home/airflow/.local/lib/python3.12/site-packages/airflow/example_dags/tutorial.py
[2024-07-25T23:45:00.275+0000] {processor.py:830} INFO - Processing file /home/airflow/.local/lib/python3.12/site-packages/airflow/example_dags/tutorial.py for tasks to queue
[2024-07-25T23:45:00.277+0000] {logging_mixin.py:188} INFO - [2024-07-25T23:45:00.277+0000] {dagbag.py:545} INFO - Filling up the DagBag from /home/airflow/.local/lib/python3.12/site-packages/airflow/example_dags/tutorial.py
[2024-07-25T23:45:00.281+0000] {processor.py:840} INFO - DAG(s) 'tutorial' retrieved from /home/airflow/.local/lib/python3.12/site-packages/airflow/example_dags/tutorial.py
[2024-07-25T23:45:00.294+0000] {logging_mixin.py:188} INFO - [2024-07-25T23:45:00.294+0000] {dag.py:3089} INFO - Sync 1 DAGs
[2024-07-25T23:45:00.311+0000] {logging_mixin.py:188} INFO - [2024-07-25T23:45:00.311+0000] {dag.py:3947} INFO - Setting next_dagrun for tutorial to 2024-07-24 00:00:00+00:00, run_after=2024-07-25 00:00:00+00:00
[2024-07-25T23:45:00.325+0000] {processor.py:183} INFO - Processing /home/airflow/.local/lib/python3.12/site-packages/airflow/example_dags/tutorial.py took 0.055 seconds
[2024-07-25T23:45:31.277+0000] {processor.py:161} INFO - Started process (PID=2143) to work on /home/airflow/.local/lib/python3.12/site-packages/airflow/example_dags/tutorial.py
[2024-07-25T23:45:31.278+0000] {processor.py:830} INFO - Processing file /home/airflow/.local/lib/python3.12/site-packages/airflow/example_dags/tutorial.py for tasks to queue
[2024-07-25T23:45:31.279+0000] {logging_mixin.py:188} INFO - [2024-07-25T23:45:31.279+0000] {dagbag.py:545} INFO - Filling up the DagBag from /home/airflow/.local/lib/python3.12/site-packages/airflow/example_dags/tutorial.py
[2024-07-25T23:45:31.285+0000] {processor.py:840} INFO - DAG(s) 'tutorial' retrieved from /home/airflow/.local/lib/python3.12/site-packages/airflow/example_dags/tutorial.py
[2024-07-25T23:45:31.300+0000] {logging_mixin.py:188} INFO - [2024-07-25T23:45:31.300+0000] {dag.py:3089} INFO - Sync 1 DAGs
[2024-07-25T23:45:31.318+0000] {logging_mixin.py:188} INFO - [2024-07-25T23:45:31.318+0000] {dag.py:3947} INFO - Setting next_dagrun for tutorial to 2024-07-24 00:00:00+00:00, run_after=2024-07-25 00:00:00+00:00
[2024-07-25T23:45:31.338+0000] {processor.py:183} INFO - Processing /home/airflow/.local/lib/python3.12/site-packages/airflow/example_dags/tutorial.py took 0.065 seconds
[2024-07-25T23:46:02.182+0000] {processor.py:161} INFO - Started process (PID=2203) to work on /home/airflow/.local/lib/python3.12/site-packages/airflow/example_dags/tutorial.py
[2024-07-25T23:46:02.184+0000] {processor.py:830} INFO - Processing file /home/airflow/.local/lib/python3.12/site-packages/airflow/example_dags/tutorial.py for tasks to queue
[2024-07-25T23:46:02.185+0000] {logging_mixin.py:188} INFO - [2024-07-25T23:46:02.185+0000] {dagbag.py:545} INFO - Filling up the DagBag from /home/airflow/.local/lib/python3.12/site-packages/airflow/example_dags/tutorial.py
[2024-07-25T23:46:02.189+0000] {processor.py:840} INFO - DAG(s) 'tutorial' retrieved from /home/airflow/.local/lib/python3.12/site-packages/airflow/example_dags/tutorial.py
[2024-07-25T23:46:02.202+0000] {logging_mixin.py:188} INFO - [2024-07-25T23:46:02.202+0000] {dag.py:3089} INFO - Sync 1 DAGs
[2024-07-25T23:46:02.216+0000] {logging_mixin.py:188} INFO - [2024-07-25T23:46:02.215+0000] {dag.py:3947} INFO - Setting next_dagrun for tutorial to 2024-07-24 00:00:00+00:00, run_after=2024-07-25 00:00:00+00:00
[2024-07-25T23:46:02.227+0000] {processor.py:183} INFO - Processing /home/airflow/.local/lib/python3.12/site-packages/airflow/example_dags/tutorial.py took 0.049 seconds
[2024-07-25T23:46:32.508+0000] {processor.py:161} INFO - Started process (PID=2263) to work on /home/airflow/.local/lib/python3.12/site-packages/airflow/example_dags/tutorial.py
[2024-07-25T23:46:32.509+0000] {processor.py:830} INFO - Processing file /home/airflow/.local/lib/python3.12/site-packages/airflow/example_dags/tutorial.py for tasks to queue
[2024-07-25T23:46:32.511+0000] {logging_mixin.py:188} INFO - [2024-07-25T23:46:32.511+0000] {dagbag.py:545} INFO - Filling up the DagBag from /home/airflow/.local/lib/python3.12/site-packages/airflow/example_dags/tutorial.py
[2024-07-25T23:46:32.516+0000] {processor.py:840} INFO - DAG(s) 'tutorial' retrieved from /home/airflow/.local/lib/python3.12/site-packages/airflow/example_dags/tutorial.py
[2024-07-25T23:46:32.535+0000] {logging_mixin.py:188} INFO - [2024-07-25T23:46:32.535+0000] {dag.py:3089} INFO - Sync 1 DAGs
[2024-07-25T23:46:32.556+0000] {logging_mixin.py:188} INFO - [2024-07-25T23:46:32.556+0000] {dag.py:3947} INFO - Setting next_dagrun for tutorial to 2024-07-24 00:00:00+00:00, run_after=2024-07-25 00:00:00+00:00
[2024-07-25T23:46:32.578+0000] {processor.py:183} INFO - Processing /home/airflow/.local/lib/python3.12/site-packages/airflow/example_dags/tutorial.py took 0.075 seconds
[2024-07-25T23:47:02.721+0000] {processor.py:161} INFO - Started process (PID=2322) to work on /home/airflow/.local/lib/python3.12/site-packages/airflow/example_dags/tutorial.py
[2024-07-25T23:47:02.724+0000] {processor.py:830} INFO - Processing file /home/airflow/.local/lib/python3.12/site-packages/airflow/example_dags/tutorial.py for tasks to queue
[2024-07-25T23:47:02.725+0000] {logging_mixin.py:188} INFO - [2024-07-25T23:47:02.725+0000] {dagbag.py:545} INFO - Filling up the DagBag from /home/airflow/.local/lib/python3.12/site-packages/airflow/example_dags/tutorial.py
[2024-07-25T23:47:02.730+0000] {processor.py:840} INFO - DAG(s) 'tutorial' retrieved from /home/airflow/.local/lib/python3.12/site-packages/airflow/example_dags/tutorial.py
[2024-07-25T23:47:02.748+0000] {logging_mixin.py:188} INFO - [2024-07-25T23:47:02.748+0000] {dag.py:3089} INFO - Sync 1 DAGs
[2024-07-25T23:47:02.763+0000] {logging_mixin.py:188} INFO - [2024-07-25T23:47:02.763+0000] {dag.py:3947} INFO - Setting next_dagrun for tutorial to 2024-07-24 00:00:00+00:00, run_after=2024-07-25 00:00:00+00:00
[2024-07-25T23:47:02.774+0000] {processor.py:183} INFO - Processing /home/airflow/.local/lib/python3.12/site-packages/airflow/example_dags/tutorial.py took 0.058 seconds
[2024-07-25T23:47:33.311+0000] {processor.py:161} INFO - Started process (PID=2383) to work on /home/airflow/.local/lib/python3.12/site-packages/airflow/example_dags/tutorial.py
[2024-07-25T23:47:33.312+0000] {processor.py:830} INFO - Processing file /home/airflow/.local/lib/python3.12/site-packages/airflow/example_dags/tutorial.py for tasks to queue
[2024-07-25T23:47:33.314+0000] {logging_mixin.py:188} INFO - [2024-07-25T23:47:33.313+0000] {dagbag.py:545} INFO - Filling up the DagBag from /home/airflow/.local/lib/python3.12/site-packages/airflow/example_dags/tutorial.py
[2024-07-25T23:47:33.321+0000] {processor.py:840} INFO - DAG(s) 'tutorial' retrieved from /home/airflow/.local/lib/python3.12/site-packages/airflow/example_dags/tutorial.py
[2024-07-25T23:47:33.346+0000] {logging_mixin.py:188} INFO - [2024-07-25T23:47:33.346+0000] {dag.py:3089} INFO - Sync 1 DAGs
[2024-07-25T23:47:33.374+0000] {logging_mixin.py:188} INFO - [2024-07-25T23:47:33.374+0000] {dag.py:3947} INFO - Setting next_dagrun for tutorial to 2024-07-24 00:00:00+00:00, run_after=2024-07-25 00:00:00+00:00
[2024-07-25T23:47:33.399+0000] {processor.py:183} INFO - Processing /home/airflow/.local/lib/python3.12/site-packages/airflow/example_dags/tutorial.py took 0.095 seconds
[2024-07-25T23:48:03.476+0000] {processor.py:161} INFO - Started process (PID=2442) to work on /home/airflow/.local/lib/python3.12/site-packages/airflow/example_dags/tutorial.py
[2024-07-25T23:48:03.479+0000] {processor.py:830} INFO - Processing file /home/airflow/.local/lib/python3.12/site-packages/airflow/example_dags/tutorial.py for tasks to queue
[2024-07-25T23:48:03.481+0000] {logging_mixin.py:188} INFO - [2024-07-25T23:48:03.480+0000] {dagbag.py:545} INFO - Filling up the DagBag from /home/airflow/.local/lib/python3.12/site-packages/airflow/example_dags/tutorial.py
[2024-07-25T23:48:03.490+0000] {processor.py:840} INFO - DAG(s) 'tutorial' retrieved from /home/airflow/.local/lib/python3.12/site-packages/airflow/example_dags/tutorial.py
[2024-07-25T23:48:03.515+0000] {logging_mixin.py:188} INFO - [2024-07-25T23:48:03.514+0000] {dag.py:3089} INFO - Sync 1 DAGs
[2024-07-25T23:48:03.545+0000] {logging_mixin.py:188} INFO - [2024-07-25T23:48:03.545+0000] {dag.py:3947} INFO - Setting next_dagrun for tutorial to 2024-07-24 00:00:00+00:00, run_after=2024-07-25 00:00:00+00:00
[2024-07-25T23:48:03.566+0000] {processor.py:183} INFO - Processing /home/airflow/.local/lib/python3.12/site-packages/airflow/example_dags/tutorial.py took 0.095 seconds
[2024-07-25T23:48:33.693+0000] {processor.py:161} INFO - Started process (PID=2501) to work on /home/airflow/.local/lib/python3.12/site-packages/airflow/example_dags/tutorial.py
[2024-07-25T23:48:33.694+0000] {processor.py:830} INFO - Processing file /home/airflow/.local/lib/python3.12/site-packages/airflow/example_dags/tutorial.py for tasks to queue
[2024-07-25T23:48:33.696+0000] {logging_mixin.py:188} INFO - [2024-07-25T23:48:33.696+0000] {dagbag.py:545} INFO - Filling up the DagBag from /home/airflow/.local/lib/python3.12/site-packages/airflow/example_dags/tutorial.py
[2024-07-25T23:48:33.700+0000] {processor.py:840} INFO - DAG(s) 'tutorial' retrieved from /home/airflow/.local/lib/python3.12/site-packages/airflow/example_dags/tutorial.py
[2024-07-25T23:48:33.718+0000] {logging_mixin.py:188} INFO - [2024-07-25T23:48:33.718+0000] {dag.py:3089} INFO - Sync 1 DAGs
[2024-07-25T23:48:33.737+0000] {logging_mixin.py:188} INFO - [2024-07-25T23:48:33.736+0000] {dag.py:3947} INFO - Setting next_dagrun for tutorial to 2024-07-24 00:00:00+00:00, run_after=2024-07-25 00:00:00+00:00
[2024-07-25T23:48:33.758+0000] {processor.py:183} INFO - Processing /home/airflow/.local/lib/python3.12/site-packages/airflow/example_dags/tutorial.py took 0.069 seconds
[2024-07-25T23:49:04.082+0000] {processor.py:161} INFO - Started process (PID=2561) to work on /home/airflow/.local/lib/python3.12/site-packages/airflow/example_dags/tutorial.py
[2024-07-25T23:49:04.086+0000] {processor.py:830} INFO - Processing file /home/airflow/.local/lib/python3.12/site-packages/airflow/example_dags/tutorial.py for tasks to queue
[2024-07-25T23:49:04.093+0000] {logging_mixin.py:188} INFO - [2024-07-25T23:49:04.093+0000] {dagbag.py:545} INFO - Filling up the DagBag from /home/airflow/.local/lib/python3.12/site-packages/airflow/example_dags/tutorial.py
[2024-07-25T23:49:04.099+0000] {processor.py:840} INFO - DAG(s) 'tutorial' retrieved from /home/airflow/.local/lib/python3.12/site-packages/airflow/example_dags/tutorial.py
[2024-07-25T23:49:04.124+0000] {logging_mixin.py:188} INFO - [2024-07-25T23:49:04.124+0000] {dag.py:3089} INFO - Sync 1 DAGs
[2024-07-25T23:49:04.140+0000] {logging_mixin.py:188} INFO - [2024-07-25T23:49:04.140+0000] {dag.py:3947} INFO - Setting next_dagrun for tutorial to 2024-07-24 00:00:00+00:00, run_after=2024-07-25 00:00:00+00:00
[2024-07-25T23:49:04.154+0000] {processor.py:183} INFO - Processing /home/airflow/.local/lib/python3.12/site-packages/airflow/example_dags/tutorial.py took 0.077 seconds
[2024-07-25T23:49:34.311+0000] {processor.py:161} INFO - Started process (PID=2621) to work on /home/airflow/.local/lib/python3.12/site-packages/airflow/example_dags/tutorial.py
[2024-07-25T23:49:34.312+0000] {processor.py:830} INFO - Processing file /home/airflow/.local/lib/python3.12/site-packages/airflow/example_dags/tutorial.py for tasks to queue
[2024-07-25T23:49:34.313+0000] {logging_mixin.py:188} INFO - [2024-07-25T23:49:34.313+0000] {dagbag.py:545} INFO - Filling up the DagBag from /home/airflow/.local/lib/python3.12/site-packages/airflow/example_dags/tutorial.py
[2024-07-25T23:49:34.318+0000] {processor.py:840} INFO - DAG(s) 'tutorial' retrieved from /home/airflow/.local/lib/python3.12/site-packages/airflow/example_dags/tutorial.py
[2024-07-25T23:49:34.337+0000] {logging_mixin.py:188} INFO - [2024-07-25T23:49:34.337+0000] {dag.py:3089} INFO - Sync 1 DAGs
[2024-07-25T23:49:34.355+0000] {logging_mixin.py:188} INFO - [2024-07-25T23:49:34.355+0000] {dag.py:3947} INFO - Setting next_dagrun for tutorial to 2024-07-24 00:00:00+00:00, run_after=2024-07-25 00:00:00+00:00
[2024-07-25T23:49:34.367+0000] {processor.py:183} INFO - Processing /home/airflow/.local/lib/python3.12/site-packages/airflow/example_dags/tutorial.py took 0.060 seconds
[2024-07-25T23:50:04.535+0000] {processor.py:161} INFO - Started process (PID=2680) to work on /home/airflow/.local/lib/python3.12/site-packages/airflow/example_dags/tutorial.py
[2024-07-25T23:50:04.537+0000] {processor.py:830} INFO - Processing file /home/airflow/.local/lib/python3.12/site-packages/airflow/example_dags/tutorial.py for tasks to queue
[2024-07-25T23:50:04.539+0000] {logging_mixin.py:188} INFO - [2024-07-25T23:50:04.538+0000] {dagbag.py:545} INFO - Filling up the DagBag from /home/airflow/.local/lib/python3.12/site-packages/airflow/example_dags/tutorial.py
[2024-07-25T23:50:04.545+0000] {processor.py:840} INFO - DAG(s) 'tutorial' retrieved from /home/airflow/.local/lib/python3.12/site-packages/airflow/example_dags/tutorial.py
[2024-07-25T23:50:04.564+0000] {logging_mixin.py:188} INFO - [2024-07-25T23:50:04.564+0000] {dag.py:3089} INFO - Sync 1 DAGs
[2024-07-25T23:50:04.584+0000] {logging_mixin.py:188} INFO - [2024-07-25T23:50:04.584+0000] {dag.py:3947} INFO - Setting next_dagrun for tutorial to 2024-07-24 00:00:00+00:00, run_after=2024-07-25 00:00:00+00:00
[2024-07-25T23:50:04.597+0000] {processor.py:183} INFO - Processing /home/airflow/.local/lib/python3.12/site-packages/airflow/example_dags/tutorial.py took 0.068 seconds
[2024-07-25T23:50:34.751+0000] {processor.py:161} INFO - Started process (PID=2740) to work on /home/airflow/.local/lib/python3.12/site-packages/airflow/example_dags/tutorial.py
[2024-07-25T23:50:34.753+0000] {processor.py:830} INFO - Processing file /home/airflow/.local/lib/python3.12/site-packages/airflow/example_dags/tutorial.py for tasks to queue
[2024-07-25T23:50:34.755+0000] {logging_mixin.py:188} INFO - [2024-07-25T23:50:34.755+0000] {dagbag.py:545} INFO - Filling up the DagBag from /home/airflow/.local/lib/python3.12/site-packages/airflow/example_dags/tutorial.py
[2024-07-25T23:50:34.761+0000] {processor.py:840} INFO - DAG(s) 'tutorial' retrieved from /home/airflow/.local/lib/python3.12/site-packages/airflow/example_dags/tutorial.py
[2024-07-25T23:50:34.778+0000] {logging_mixin.py:188} INFO - [2024-07-25T23:50:34.778+0000] {dag.py:3089} INFO - Sync 1 DAGs
[2024-07-25T23:50:34.795+0000] {logging_mixin.py:188} INFO - [2024-07-25T23:50:34.795+0000] {dag.py:3947} INFO - Setting next_dagrun for tutorial to 2024-07-24 00:00:00+00:00, run_after=2024-07-25 00:00:00+00:00
[2024-07-25T23:50:34.807+0000] {processor.py:183} INFO - Processing /home/airflow/.local/lib/python3.12/site-packages/airflow/example_dags/tutorial.py took 0.061 seconds
[2024-07-25T23:51:05.151+0000] {processor.py:161} INFO - Started process (PID=2800) to work on /home/airflow/.local/lib/python3.12/site-packages/airflow/example_dags/tutorial.py
[2024-07-25T23:51:05.152+0000] {processor.py:830} INFO - Processing file /home/airflow/.local/lib/python3.12/site-packages/airflow/example_dags/tutorial.py for tasks to queue
[2024-07-25T23:51:05.154+0000] {logging_mixin.py:188} INFO - [2024-07-25T23:51:05.154+0000] {dagbag.py:545} INFO - Filling up the DagBag from /home/airflow/.local/lib/python3.12/site-packages/airflow/example_dags/tutorial.py
[2024-07-25T23:51:05.158+0000] {processor.py:840} INFO - DAG(s) 'tutorial' retrieved from /home/airflow/.local/lib/python3.12/site-packages/airflow/example_dags/tutorial.py
[2024-07-25T23:51:05.172+0000] {logging_mixin.py:188} INFO - [2024-07-25T23:51:05.172+0000] {dag.py:3089} INFO - Sync 1 DAGs
[2024-07-25T23:51:05.191+0000] {logging_mixin.py:188} INFO - [2024-07-25T23:51:05.191+0000] {dag.py:3947} INFO - Setting next_dagrun for tutorial to 2024-07-24 00:00:00+00:00, run_after=2024-07-25 00:00:00+00:00
[2024-07-25T23:51:05.205+0000] {processor.py:183} INFO - Processing /home/airflow/.local/lib/python3.12/site-packages/airflow/example_dags/tutorial.py took 0.058 seconds
[2024-07-25T23:51:35.222+0000] {processor.py:161} INFO - Started process (PID=2858) to work on /home/airflow/.local/lib/python3.12/site-packages/airflow/example_dags/tutorial.py
[2024-07-25T23:51:35.223+0000] {processor.py:830} INFO - Processing file /home/airflow/.local/lib/python3.12/site-packages/airflow/example_dags/tutorial.py for tasks to queue
[2024-07-25T23:51:35.225+0000] {logging_mixin.py:188} INFO - [2024-07-25T23:51:35.224+0000] {dagbag.py:545} INFO - Filling up the DagBag from /home/airflow/.local/lib/python3.12/site-packages/airflow/example_dags/tutorial.py
[2024-07-25T23:51:35.229+0000] {processor.py:840} INFO - DAG(s) 'tutorial' retrieved from /home/airflow/.local/lib/python3.12/site-packages/airflow/example_dags/tutorial.py
[2024-07-25T23:51:35.242+0000] {logging_mixin.py:188} INFO - [2024-07-25T23:51:35.242+0000] {dag.py:3089} INFO - Sync 1 DAGs
[2024-07-25T23:51:35.256+0000] {logging_mixin.py:188} INFO - [2024-07-25T23:51:35.256+0000] {dag.py:3947} INFO - Setting next_dagrun for tutorial to 2024-07-24 00:00:00+00:00, run_after=2024-07-25 00:00:00+00:00
[2024-07-25T23:51:35.267+0000] {processor.py:183} INFO - Processing /home/airflow/.local/lib/python3.12/site-packages/airflow/example_dags/tutorial.py took 0.049 seconds
[2024-07-25T23:52:05.458+0000] {processor.py:161} INFO - Started process (PID=2918) to work on /home/airflow/.local/lib/python3.12/site-packages/airflow/example_dags/tutorial.py
[2024-07-25T23:52:05.459+0000] {processor.py:830} INFO - Processing file /home/airflow/.local/lib/python3.12/site-packages/airflow/example_dags/tutorial.py for tasks to queue
[2024-07-25T23:52:05.460+0000] {logging_mixin.py:188} INFO - [2024-07-25T23:52:05.460+0000] {dagbag.py:545} INFO - Filling up the DagBag from /home/airflow/.local/lib/python3.12/site-packages/airflow/example_dags/tutorial.py
[2024-07-25T23:52:05.465+0000] {processor.py:840} INFO - DAG(s) 'tutorial' retrieved from /home/airflow/.local/lib/python3.12/site-packages/airflow/example_dags/tutorial.py
[2024-07-25T23:52:05.479+0000] {logging_mixin.py:188} INFO - [2024-07-25T23:52:05.478+0000] {dag.py:3089} INFO - Sync 1 DAGs
[2024-07-25T23:52:05.493+0000] {logging_mixin.py:188} INFO - [2024-07-25T23:52:05.493+0000] {dag.py:3947} INFO - Setting next_dagrun for tutorial to 2024-07-24 00:00:00+00:00, run_after=2024-07-25 00:00:00+00:00
[2024-07-25T23:52:05.505+0000] {processor.py:183} INFO - Processing /home/airflow/.local/lib/python3.12/site-packages/airflow/example_dags/tutorial.py took 0.051 seconds
[2024-07-25T23:52:36.109+0000] {processor.py:161} INFO - Started process (PID=2978) to work on /home/airflow/.local/lib/python3.12/site-packages/airflow/example_dags/tutorial.py
[2024-07-25T23:52:36.110+0000] {processor.py:830} INFO - Processing file /home/airflow/.local/lib/python3.12/site-packages/airflow/example_dags/tutorial.py for tasks to queue
[2024-07-25T23:52:36.112+0000] {logging_mixin.py:188} INFO - [2024-07-25T23:52:36.111+0000] {dagbag.py:545} INFO - Filling up the DagBag from /home/airflow/.local/lib/python3.12/site-packages/airflow/example_dags/tutorial.py
[2024-07-25T23:52:36.117+0000] {processor.py:840} INFO - DAG(s) 'tutorial' retrieved from /home/airflow/.local/lib/python3.12/site-packages/airflow/example_dags/tutorial.py
[2024-07-25T23:52:36.131+0000] {logging_mixin.py:188} INFO - [2024-07-25T23:52:36.131+0000] {dag.py:3089} INFO - Sync 1 DAGs
[2024-07-25T23:52:36.146+0000] {logging_mixin.py:188} INFO - [2024-07-25T23:52:36.146+0000] {dag.py:3947} INFO - Setting next_dagrun for tutorial to 2024-07-24 00:00:00+00:00, run_after=2024-07-25 00:00:00+00:00
[2024-07-25T23:52:36.157+0000] {processor.py:183} INFO - Processing /home/airflow/.local/lib/python3.12/site-packages/airflow/example_dags/tutorial.py took 0.053 seconds
[2024-07-25T23:53:07.080+0000] {processor.py:161} INFO - Started process (PID=3038) to work on /home/airflow/.local/lib/python3.12/site-packages/airflow/example_dags/tutorial.py
[2024-07-25T23:53:07.081+0000] {processor.py:830} INFO - Processing file /home/airflow/.local/lib/python3.12/site-packages/airflow/example_dags/tutorial.py for tasks to queue
[2024-07-25T23:53:07.082+0000] {logging_mixin.py:188} INFO - [2024-07-25T23:53:07.082+0000] {dagbag.py:545} INFO - Filling up the DagBag from /home/airflow/.local/lib/python3.12/site-packages/airflow/example_dags/tutorial.py
[2024-07-25T23:53:07.087+0000] {processor.py:840} INFO - DAG(s) 'tutorial' retrieved from /home/airflow/.local/lib/python3.12/site-packages/airflow/example_dags/tutorial.py
[2024-07-25T23:53:07.101+0000] {logging_mixin.py:188} INFO - [2024-07-25T23:53:07.100+0000] {dag.py:3089} INFO - Sync 1 DAGs
[2024-07-25T23:53:07.114+0000] {logging_mixin.py:188} INFO - [2024-07-25T23:53:07.114+0000] {dag.py:3947} INFO - Setting next_dagrun for tutorial to 2024-07-24 00:00:00+00:00, run_after=2024-07-25 00:00:00+00:00
[2024-07-25T23:53:07.125+0000] {processor.py:183} INFO - Processing /home/airflow/.local/lib/python3.12/site-packages/airflow/example_dags/tutorial.py took 0.050 seconds
[2024-07-25T23:53:37.743+0000] {processor.py:161} INFO - Started process (PID=3098) to work on /home/airflow/.local/lib/python3.12/site-packages/airflow/example_dags/tutorial.py
[2024-07-25T23:53:37.745+0000] {processor.py:830} INFO - Processing file /home/airflow/.local/lib/python3.12/site-packages/airflow/example_dags/tutorial.py for tasks to queue
[2024-07-25T23:53:37.746+0000] {logging_mixin.py:188} INFO - [2024-07-25T23:53:37.746+0000] {dagbag.py:545} INFO - Filling up the DagBag from /home/airflow/.local/lib/python3.12/site-packages/airflow/example_dags/tutorial.py
[2024-07-25T23:53:37.750+0000] {processor.py:840} INFO - DAG(s) 'tutorial' retrieved from /home/airflow/.local/lib/python3.12/site-packages/airflow/example_dags/tutorial.py
[2024-07-25T23:53:37.763+0000] {logging_mixin.py:188} INFO - [2024-07-25T23:53:37.763+0000] {dag.py:3089} INFO - Sync 1 DAGs
[2024-07-25T23:53:37.777+0000] {logging_mixin.py:188} INFO - [2024-07-25T23:53:37.777+0000] {dag.py:3947} INFO - Setting next_dagrun for tutorial to 2024-07-24 00:00:00+00:00, run_after=2024-07-25 00:00:00+00:00
[2024-07-25T23:53:37.791+0000] {processor.py:183} INFO - Processing /home/airflow/.local/lib/python3.12/site-packages/airflow/example_dags/tutorial.py took 0.052 seconds
[2024-07-25T23:54:07.886+0000] {processor.py:161} INFO - Started process (PID=3158) to work on /home/airflow/.local/lib/python3.12/site-packages/airflow/example_dags/tutorial.py
[2024-07-25T23:54:07.888+0000] {processor.py:830} INFO - Processing file /home/airflow/.local/lib/python3.12/site-packages/airflow/example_dags/tutorial.py for tasks to queue
[2024-07-25T23:54:07.889+0000] {logging_mixin.py:188} INFO - [2024-07-25T23:54:07.889+0000] {dagbag.py:545} INFO - Filling up the DagBag from /home/airflow/.local/lib/python3.12/site-packages/airflow/example_dags/tutorial.py
[2024-07-25T23:54:07.894+0000] {processor.py:840} INFO - DAG(s) 'tutorial' retrieved from /home/airflow/.local/lib/python3.12/site-packages/airflow/example_dags/tutorial.py
[2024-07-25T23:54:07.911+0000] {logging_mixin.py:188} INFO - [2024-07-25T23:54:07.911+0000] {dag.py:3089} INFO - Sync 1 DAGs
[2024-07-25T23:54:07.928+0000] {logging_mixin.py:188} INFO - [2024-07-25T23:54:07.928+0000] {dag.py:3947} INFO - Setting next_dagrun for tutorial to 2024-07-24 00:00:00+00:00, run_after=2024-07-25 00:00:00+00:00
[2024-07-25T23:54:07.947+0000] {processor.py:183} INFO - Processing /home/airflow/.local/lib/python3.12/site-packages/airflow/example_dags/tutorial.py took 0.065 seconds
[2024-07-25T23:54:38.145+0000] {processor.py:161} INFO - Started process (PID=3223) to work on /home/airflow/.local/lib/python3.12/site-packages/airflow/example_dags/tutorial.py
[2024-07-25T23:54:38.146+0000] {processor.py:830} INFO - Processing file /home/airflow/.local/lib/python3.12/site-packages/airflow/example_dags/tutorial.py for tasks to queue
[2024-07-25T23:54:38.148+0000] {logging_mixin.py:188} INFO - [2024-07-25T23:54:38.148+0000] {dagbag.py:545} INFO - Filling up the DagBag from /home/airflow/.local/lib/python3.12/site-packages/airflow/example_dags/tutorial.py
[2024-07-25T23:54:38.156+0000] {processor.py:840} INFO - DAG(s) 'tutorial' retrieved from /home/airflow/.local/lib/python3.12/site-packages/airflow/example_dags/tutorial.py
[2024-07-25T23:54:38.175+0000] {logging_mixin.py:188} INFO - [2024-07-25T23:54:38.175+0000] {dag.py:3089} INFO - Sync 1 DAGs
[2024-07-25T23:54:38.193+0000] {logging_mixin.py:188} INFO - [2024-07-25T23:54:38.193+0000] {dag.py:3947} INFO - Setting next_dagrun for tutorial to 2024-07-24 00:00:00+00:00, run_after=2024-07-25 00:00:00+00:00
[2024-07-25T23:54:38.206+0000] {processor.py:183} INFO - Processing /home/airflow/.local/lib/python3.12/site-packages/airflow/example_dags/tutorial.py took 0.069 seconds
