[2024-07-25T23:17:14.056+0000] {processor.py:161} INFO - Started process (PID=61) to work on /opt/airflow/dags/insert_data.py
[2024-07-25T23:17:14.068+0000] {processor.py:830} INFO - Processing file /opt/airflow/dags/insert_data.py for tasks to queue
[2024-07-25T23:17:14.075+0000] {logging_mixin.py:188} INFO - [2024-07-25T23:17:14.074+0000] {dagbag.py:545} INFO - Filling up the DagBag from /opt/airflow/dags/insert_data.py
[2024-07-25T23:17:16.576+0000] {processor.py:840} INFO - DAG(s) 'insert_data' retrieved from /opt/airflow/dags/insert_data.py
[2024-07-25T23:17:17.471+0000] {logging_mixin.py:188} INFO - [2024-07-25T23:17:17.470+0000] {dag.py:3089} INFO - Sync 1 DAGs
[2024-07-25T23:17:17.550+0000] {logging_mixin.py:188} INFO - [2024-07-25T23:17:17.548+0000] {dag.py:3947} INFO - Setting next_dagrun for insert_data to 2024-07-24 00:00:00+00:00, run_after=2024-07-25 00:00:00+00:00
[2024-07-25T23:17:17.622+0000] {processor.py:183} INFO - Processing /opt/airflow/dags/insert_data.py took 3.585 seconds
[2024-07-25T23:17:48.341+0000] {processor.py:161} INFO - Started process (PID=121) to work on /opt/airflow/dags/insert_data.py
[2024-07-25T23:17:48.343+0000] {processor.py:830} INFO - Processing file /opt/airflow/dags/insert_data.py for tasks to queue
[2024-07-25T23:17:48.350+0000] {logging_mixin.py:188} INFO - [2024-07-25T23:17:48.349+0000] {dagbag.py:545} INFO - Filling up the DagBag from /opt/airflow/dags/insert_data.py
[2024-07-25T23:17:48.909+0000] {processor.py:840} INFO - DAG(s) 'insert_data' retrieved from /opt/airflow/dags/insert_data.py
[2024-07-25T23:17:48.928+0000] {logging_mixin.py:188} INFO - [2024-07-25T23:17:48.928+0000] {dag.py:3089} INFO - Sync 1 DAGs
[2024-07-25T23:17:48.943+0000] {logging_mixin.py:188} INFO - [2024-07-25T23:17:48.942+0000] {dag.py:3947} INFO - Setting next_dagrun for insert_data to 2024-07-24 00:00:00+00:00, run_after=2024-07-25 00:00:00+00:00
[2024-07-25T23:17:48.955+0000] {processor.py:183} INFO - Processing /opt/airflow/dags/insert_data.py took 0.644 seconds
[2024-07-25T23:17:59.140+0000] {processor.py:161} INFO - Started process (PID=175) to work on /opt/airflow/dags/insert_data.py
[2024-07-25T23:17:59.142+0000] {processor.py:830} INFO - Processing file /opt/airflow/dags/insert_data.py for tasks to queue
[2024-07-25T23:17:59.146+0000] {logging_mixin.py:188} INFO - [2024-07-25T23:17:59.145+0000] {dagbag.py:545} INFO - Filling up the DagBag from /opt/airflow/dags/insert_data.py
[2024-07-25T23:17:59.663+0000] {processor.py:840} INFO - DAG(s) 'insert_data' retrieved from /opt/airflow/dags/insert_data.py
[2024-07-25T23:17:59.751+0000] {logging_mixin.py:188} INFO - [2024-07-25T23:17:59.750+0000] {dag.py:3089} INFO - Sync 1 DAGs
[2024-07-25T23:17:59.766+0000] {logging_mixin.py:188} INFO - [2024-07-25T23:17:59.765+0000] {dag.py:3947} INFO - Setting next_dagrun for insert_data to 2024-07-26 00:00:00+00:00, run_after=2024-07-27 00:00:00+00:00
[2024-07-25T23:17:59.780+0000] {processor.py:183} INFO - Processing /opt/airflow/dags/insert_data.py took 0.656 seconds
[2024-07-25T23:18:29.923+0000] {processor.py:161} INFO - Started process (PID=235) to work on /opt/airflow/dags/insert_data.py
[2024-07-25T23:18:29.925+0000] {processor.py:830} INFO - Processing file /opt/airflow/dags/insert_data.py for tasks to queue
[2024-07-25T23:18:29.927+0000] {logging_mixin.py:188} INFO - [2024-07-25T23:18:29.927+0000] {dagbag.py:545} INFO - Filling up the DagBag from /opt/airflow/dags/insert_data.py
[2024-07-25T23:18:30.247+0000] {processor.py:840} INFO - DAG(s) 'insert_data' retrieved from /opt/airflow/dags/insert_data.py
[2024-07-25T23:18:30.260+0000] {logging_mixin.py:188} INFO - [2024-07-25T23:18:30.259+0000] {dag.py:3089} INFO - Sync 1 DAGs
[2024-07-25T23:18:30.273+0000] {logging_mixin.py:188} INFO - [2024-07-25T23:18:30.273+0000] {dag.py:3947} INFO - Setting next_dagrun for insert_data to 2024-07-26 00:00:00+00:00, run_after=2024-07-27 00:00:00+00:00
[2024-07-25T23:18:30.284+0000] {processor.py:183} INFO - Processing /opt/airflow/dags/insert_data.py took 0.368 seconds
[2024-07-25T23:19:01.038+0000] {processor.py:161} INFO - Started process (PID=295) to work on /opt/airflow/dags/insert_data.py
[2024-07-25T23:19:01.039+0000] {processor.py:830} INFO - Processing file /opt/airflow/dags/insert_data.py for tasks to queue
[2024-07-25T23:19:01.043+0000] {logging_mixin.py:188} INFO - [2024-07-25T23:19:01.042+0000] {dagbag.py:545} INFO - Filling up the DagBag from /opt/airflow/dags/insert_data.py
[2024-07-25T23:19:01.559+0000] {processor.py:840} INFO - DAG(s) 'insert_data' retrieved from /opt/airflow/dags/insert_data.py
[2024-07-25T23:19:01.582+0000] {logging_mixin.py:188} INFO - [2024-07-25T23:19:01.582+0000] {dag.py:3089} INFO - Sync 1 DAGs
[2024-07-25T23:19:01.598+0000] {logging_mixin.py:188} INFO - [2024-07-25T23:19:01.597+0000] {dag.py:3947} INFO - Setting next_dagrun for insert_data to 2024-07-26 00:00:00+00:00, run_after=2024-07-27 00:00:00+00:00
[2024-07-25T23:19:01.610+0000] {processor.py:183} INFO - Processing /opt/airflow/dags/insert_data.py took 0.584 seconds
[2024-07-25T23:19:32.172+0000] {processor.py:161} INFO - Started process (PID=355) to work on /opt/airflow/dags/insert_data.py
[2024-07-25T23:19:32.174+0000] {processor.py:830} INFO - Processing file /opt/airflow/dags/insert_data.py for tasks to queue
[2024-07-25T23:19:32.179+0000] {logging_mixin.py:188} INFO - [2024-07-25T23:19:32.178+0000] {dagbag.py:545} INFO - Filling up the DagBag from /opt/airflow/dags/insert_data.py
[2024-07-25T23:19:39.531+0000] {processor.py:840} INFO - DAG(s) 'insert_data' retrieved from /opt/airflow/dags/insert_data.py
[2024-07-25T23:19:39.645+0000] {logging_mixin.py:188} INFO - [2024-07-25T23:19:39.642+0000] {dag.py:3089} INFO - Sync 1 DAGs
[2024-07-25T23:19:39.684+0000] {logging_mixin.py:188} INFO - [2024-07-25T23:19:39.683+0000] {dag.py:3947} INFO - Setting next_dagrun for insert_data to 2024-07-26 00:00:00+00:00, run_after=2024-07-27 00:00:00+00:00
[2024-07-25T23:19:39.714+0000] {processor.py:183} INFO - Processing /opt/airflow/dags/insert_data.py took 7.567 seconds
[2024-07-25T23:20:10.466+0000] {processor.py:161} INFO - Started process (PID=421) to work on /opt/airflow/dags/insert_data.py
[2024-07-25T23:20:10.467+0000] {processor.py:830} INFO - Processing file /opt/airflow/dags/insert_data.py for tasks to queue
[2024-07-25T23:20:10.472+0000] {logging_mixin.py:188} INFO - [2024-07-25T23:20:10.471+0000] {dagbag.py:545} INFO - Filling up the DagBag from /opt/airflow/dags/insert_data.py
[2024-07-25T23:20:11.178+0000] {processor.py:840} INFO - DAG(s) 'insert_data' retrieved from /opt/airflow/dags/insert_data.py
[2024-07-25T23:20:11.317+0000] {logging_mixin.py:188} INFO - [2024-07-25T23:20:11.316+0000] {dag.py:3089} INFO - Sync 1 DAGs
[2024-07-25T23:20:11.338+0000] {logging_mixin.py:188} INFO - [2024-07-25T23:20:11.331+0000] {dag.py:3111} INFO - Creating ORM DAG for insert_data
[2024-07-25T23:20:11.358+0000] {logging_mixin.py:188} INFO - [2024-07-25T23:20:11.358+0000] {dag.py:3947} INFO - Setting next_dagrun for insert_data to 2024-07-26 00:00:00+00:00, run_after=2024-07-27 00:00:00+00:00
[2024-07-25T23:20:11.400+0000] {processor.py:183} INFO - Processing /opt/airflow/dags/insert_data.py took 0.946 seconds
[2024-07-25T23:20:41.519+0000] {processor.py:161} INFO - Started process (PID=481) to work on /opt/airflow/dags/insert_data.py
[2024-07-25T23:20:41.523+0000] {processor.py:830} INFO - Processing file /opt/airflow/dags/insert_data.py for tasks to queue
[2024-07-25T23:20:41.531+0000] {logging_mixin.py:188} INFO - [2024-07-25T23:20:41.530+0000] {dagbag.py:545} INFO - Filling up the DagBag from /opt/airflow/dags/insert_data.py
[2024-07-25T23:20:42.043+0000] {processor.py:840} INFO - DAG(s) 'insert_data' retrieved from /opt/airflow/dags/insert_data.py
[2024-07-25T23:20:42.069+0000] {logging_mixin.py:188} INFO - [2024-07-25T23:20:42.069+0000] {dag.py:3089} INFO - Sync 1 DAGs
[2024-07-25T23:20:42.086+0000] {logging_mixin.py:188} INFO - [2024-07-25T23:20:42.086+0000] {dag.py:3947} INFO - Setting next_dagrun for insert_data to 2024-07-26 00:00:00+00:00, run_after=2024-07-27 00:00:00+00:00
[2024-07-25T23:20:42.099+0000] {processor.py:183} INFO - Processing /opt/airflow/dags/insert_data.py took 0.596 seconds
[2024-07-25T23:21:12.265+0000] {processor.py:161} INFO - Started process (PID=541) to work on /opt/airflow/dags/insert_data.py
[2024-07-25T23:21:12.268+0000] {processor.py:830} INFO - Processing file /opt/airflow/dags/insert_data.py for tasks to queue
[2024-07-25T23:21:12.273+0000] {logging_mixin.py:188} INFO - [2024-07-25T23:21:12.272+0000] {dagbag.py:545} INFO - Filling up the DagBag from /opt/airflow/dags/insert_data.py
[2024-07-25T23:21:12.949+0000] {processor.py:840} INFO - DAG(s) 'insert_data' retrieved from /opt/airflow/dags/insert_data.py
[2024-07-25T23:21:12.970+0000] {logging_mixin.py:188} INFO - [2024-07-25T23:21:12.970+0000] {dag.py:3089} INFO - Sync 1 DAGs
[2024-07-25T23:21:12.986+0000] {logging_mixin.py:188} INFO - [2024-07-25T23:21:12.986+0000] {dag.py:3947} INFO - Setting next_dagrun for insert_data to 2024-07-26 00:00:00+00:00, run_after=2024-07-27 00:00:00+00:00
[2024-07-25T23:21:13.001+0000] {processor.py:183} INFO - Processing /opt/airflow/dags/insert_data.py took 0.761 seconds
[2024-07-25T23:21:43.664+0000] {processor.py:161} INFO - Started process (PID=600) to work on /opt/airflow/dags/insert_data.py
[2024-07-25T23:21:43.665+0000] {processor.py:830} INFO - Processing file /opt/airflow/dags/insert_data.py for tasks to queue
[2024-07-25T23:21:43.670+0000] {logging_mixin.py:188} INFO - [2024-07-25T23:21:43.669+0000] {dagbag.py:545} INFO - Filling up the DagBag from /opt/airflow/dags/insert_data.py
[2024-07-25T23:21:44.344+0000] {processor.py:840} INFO - DAG(s) 'insert_data' retrieved from /opt/airflow/dags/insert_data.py
[2024-07-25T23:21:44.383+0000] {logging_mixin.py:188} INFO - [2024-07-25T23:21:44.383+0000] {dag.py:3089} INFO - Sync 1 DAGs
[2024-07-25T23:21:44.400+0000] {logging_mixin.py:188} INFO - [2024-07-25T23:21:44.399+0000] {dag.py:3947} INFO - Setting next_dagrun for insert_data to 2024-07-26 00:00:00+00:00, run_after=2024-07-27 00:00:00+00:00
[2024-07-25T23:21:44.412+0000] {processor.py:183} INFO - Processing /opt/airflow/dags/insert_data.py took 0.758 seconds
[2024-07-25T23:22:14.594+0000] {processor.py:161} INFO - Started process (PID=659) to work on /opt/airflow/dags/insert_data.py
[2024-07-25T23:22:14.613+0000] {processor.py:830} INFO - Processing file /opt/airflow/dags/insert_data.py for tasks to queue
[2024-07-25T23:22:14.644+0000] {logging_mixin.py:188} INFO - [2024-07-25T23:22:14.642+0000] {dagbag.py:545} INFO - Filling up the DagBag from /opt/airflow/dags/insert_data.py
[2024-07-25T23:22:16.696+0000] {processor.py:840} INFO - DAG(s) 'insert_data' retrieved from /opt/airflow/dags/insert_data.py
[2024-07-25T23:22:16.724+0000] {logging_mixin.py:188} INFO - [2024-07-25T23:22:16.724+0000] {dag.py:3089} INFO - Sync 1 DAGs
[2024-07-25T23:22:16.741+0000] {logging_mixin.py:188} INFO - [2024-07-25T23:22:16.740+0000] {dag.py:3947} INFO - Setting next_dagrun for insert_data to 2024-07-26 00:00:00+00:00, run_after=2024-07-27 00:00:00+00:00
[2024-07-25T23:22:16.758+0000] {processor.py:183} INFO - Processing /opt/airflow/dags/insert_data.py took 2.186 seconds
[2024-07-25T23:22:46.966+0000] {processor.py:161} INFO - Started process (PID=719) to work on /opt/airflow/dags/insert_data.py
[2024-07-25T23:22:46.969+0000] {processor.py:830} INFO - Processing file /opt/airflow/dags/insert_data.py for tasks to queue
[2024-07-25T23:22:46.975+0000] {logging_mixin.py:188} INFO - [2024-07-25T23:22:46.974+0000] {dagbag.py:545} INFO - Filling up the DagBag from /opt/airflow/dags/insert_data.py
[2024-07-25T23:22:47.772+0000] {processor.py:840} INFO - DAG(s) 'insert_data' retrieved from /opt/airflow/dags/insert_data.py
[2024-07-25T23:22:47.810+0000] {logging_mixin.py:188} INFO - [2024-07-25T23:22:47.809+0000] {dag.py:3089} INFO - Sync 1 DAGs
[2024-07-25T23:22:47.827+0000] {logging_mixin.py:188} INFO - [2024-07-25T23:22:47.827+0000] {dag.py:3947} INFO - Setting next_dagrun for insert_data to 2024-07-26 00:00:00+00:00, run_after=2024-07-27 00:00:00+00:00
[2024-07-25T23:22:47.839+0000] {processor.py:183} INFO - Processing /opt/airflow/dags/insert_data.py took 0.887 seconds
[2024-07-25T23:23:18.274+0000] {processor.py:161} INFO - Started process (PID=779) to work on /opt/airflow/dags/insert_data.py
[2024-07-25T23:23:18.275+0000] {processor.py:830} INFO - Processing file /opt/airflow/dags/insert_data.py for tasks to queue
[2024-07-25T23:23:18.280+0000] {logging_mixin.py:188} INFO - [2024-07-25T23:23:18.279+0000] {dagbag.py:545} INFO - Filling up the DagBag from /opt/airflow/dags/insert_data.py
[2024-07-25T23:23:18.815+0000] {processor.py:840} INFO - DAG(s) 'insert_data' retrieved from /opt/airflow/dags/insert_data.py
[2024-07-25T23:23:18.835+0000] {logging_mixin.py:188} INFO - [2024-07-25T23:23:18.835+0000] {dag.py:3089} INFO - Sync 1 DAGs
[2024-07-25T23:23:18.849+0000] {logging_mixin.py:188} INFO - [2024-07-25T23:23:18.849+0000] {dag.py:3947} INFO - Setting next_dagrun for insert_data to 2024-07-26 00:00:00+00:00, run_after=2024-07-27 00:00:00+00:00
[2024-07-25T23:23:18.861+0000] {processor.py:183} INFO - Processing /opt/airflow/dags/insert_data.py took 0.617 seconds
[2024-07-25T23:23:52.235+0000] {processor.py:161} INFO - Started process (PID=839) to work on /opt/airflow/dags/insert_data.py
[2024-07-25T23:23:52.254+0000] {processor.py:830} INFO - Processing file /opt/airflow/dags/insert_data.py for tasks to queue
[2024-07-25T23:23:52.325+0000] {logging_mixin.py:188} INFO - [2024-07-25T23:23:52.316+0000] {dagbag.py:545} INFO - Filling up the DagBag from /opt/airflow/dags/insert_data.py
[2024-07-25T23:24:01.775+0000] {processor.py:840} INFO - DAG(s) 'insert_data' retrieved from /opt/airflow/dags/insert_data.py
[2024-07-25T23:24:02.391+0000] {logging_mixin.py:188} INFO - [2024-07-25T23:24:02.384+0000] {dag.py:3089} INFO - Sync 1 DAGs
[2024-07-25T23:24:02.602+0000] {logging_mixin.py:188} INFO - [2024-07-25T23:24:02.594+0000] {dag.py:3947} INFO - Setting next_dagrun for insert_data to 2024-07-26 00:00:00+00:00, run_after=2024-07-27 00:00:00+00:00
[2024-07-25T23:24:03.060+0000] {processor.py:183} INFO - Processing /opt/airflow/dags/insert_data.py took 11.032 seconds
[2024-07-25T23:24:33.651+0000] {processor.py:161} INFO - Started process (PID=901) to work on /opt/airflow/dags/insert_data.py
[2024-07-25T23:24:33.654+0000] {processor.py:830} INFO - Processing file /opt/airflow/dags/insert_data.py for tasks to queue
[2024-07-25T23:24:33.656+0000] {logging_mixin.py:188} INFO - [2024-07-25T23:24:33.656+0000] {dagbag.py:545} INFO - Filling up the DagBag from /opt/airflow/dags/insert_data.py
[2024-07-25T23:24:34.545+0000] {processor.py:840} INFO - DAG(s) 'insert_data' retrieved from /opt/airflow/dags/insert_data.py
[2024-07-25T23:24:34.602+0000] {logging_mixin.py:188} INFO - [2024-07-25T23:24:34.601+0000] {dag.py:3089} INFO - Sync 1 DAGs
[2024-07-25T23:24:34.636+0000] {logging_mixin.py:188} INFO - [2024-07-25T23:24:34.636+0000] {dag.py:3947} INFO - Setting next_dagrun for insert_data to 2024-07-26 00:00:00+00:00, run_after=2024-07-27 00:00:00+00:00
[2024-07-25T23:24:34.663+0000] {processor.py:183} INFO - Processing /opt/airflow/dags/insert_data.py took 1.019 seconds
[2024-07-25T23:25:05.349+0000] {processor.py:161} INFO - Started process (PID=961) to work on /opt/airflow/dags/insert_data.py
[2024-07-25T23:25:05.353+0000] {processor.py:830} INFO - Processing file /opt/airflow/dags/insert_data.py for tasks to queue
[2024-07-25T23:25:05.358+0000] {logging_mixin.py:188} INFO - [2024-07-25T23:25:05.357+0000] {dagbag.py:545} INFO - Filling up the DagBag from /opt/airflow/dags/insert_data.py
[2024-07-25T23:25:06.535+0000] {processor.py:840} INFO - DAG(s) 'insert_data' retrieved from /opt/airflow/dags/insert_data.py
[2024-07-25T23:25:06.631+0000] {logging_mixin.py:188} INFO - [2024-07-25T23:25:06.631+0000] {dag.py:3089} INFO - Sync 1 DAGs
[2024-07-25T23:25:06.642+0000] {logging_mixin.py:188} INFO - [2024-07-25T23:25:06.642+0000] {dag.py:3111} INFO - Creating ORM DAG for insert_data
[2024-07-25T23:25:06.652+0000] {logging_mixin.py:188} INFO - [2024-07-25T23:25:06.652+0000] {dag.py:3947} INFO - Setting next_dagrun for insert_data to 2024-07-26 00:00:00+00:00, run_after=2024-07-27 00:00:00+00:00
[2024-07-25T23:25:06.666+0000] {processor.py:183} INFO - Processing /opt/airflow/dags/insert_data.py took 1.338 seconds
[2024-07-25T23:25:22.480+0000] {processor.py:161} INFO - Started process (PID=1019) to work on /opt/airflow/dags/insert_data.py
[2024-07-25T23:25:22.490+0000] {processor.py:830} INFO - Processing file /opt/airflow/dags/insert_data.py for tasks to queue
[2024-07-25T23:25:22.502+0000] {logging_mixin.py:188} INFO - [2024-07-25T23:25:22.501+0000] {dagbag.py:545} INFO - Filling up the DagBag from /opt/airflow/dags/insert_data.py
[2024-07-25T23:25:23.154+0000] {processor.py:840} INFO - DAG(s) 'insert_data' retrieved from /opt/airflow/dags/insert_data.py
[2024-07-25T23:25:23.171+0000] {logging_mixin.py:188} INFO - [2024-07-25T23:25:23.171+0000] {dag.py:3089} INFO - Sync 1 DAGs
[2024-07-25T23:25:23.186+0000] {logging_mixin.py:188} INFO - [2024-07-25T23:25:23.186+0000] {dag.py:3947} INFO - Setting next_dagrun for insert_data to 2024-07-26 00:00:00+00:00, run_after=2024-07-27 00:00:00+00:00
[2024-07-25T23:25:23.201+0000] {processor.py:183} INFO - Processing /opt/airflow/dags/insert_data.py took 0.739 seconds
[2024-07-25T23:27:22.146+0000] {processor.py:161} INFO - Started process (PID=59) to work on /opt/airflow/dags/insert_data.py
[2024-07-25T23:27:22.209+0000] {processor.py:830} INFO - Processing file /opt/airflow/dags/insert_data.py for tasks to queue
[2024-07-25T23:27:22.335+0000] {logging_mixin.py:188} INFO - [2024-07-25T23:27:22.333+0000] {dagbag.py:545} INFO - Filling up the DagBag from /opt/airflow/dags/insert_data.py
[2024-07-25T23:27:24.425+0000] {processor.py:840} INFO - DAG(s) 'insert_data' retrieved from /opt/airflow/dags/insert_data.py
[2024-07-25T23:27:26.246+0000] {logging_mixin.py:188} INFO - [2024-07-25T23:27:26.245+0000] {dag.py:3089} INFO - Sync 1 DAGs
[2024-07-25T23:27:26.487+0000] {logging_mixin.py:188} INFO - [2024-07-25T23:27:26.486+0000] {dag.py:3947} INFO - Setting next_dagrun for insert_data to 2024-07-26 00:00:00+00:00, run_after=2024-07-27 00:00:00+00:00
[2024-07-25T23:27:26.703+0000] {processor.py:183} INFO - Processing /opt/airflow/dags/insert_data.py took 4.674 seconds
[2024-07-25T23:28:06.098+0000] {processor.py:161} INFO - Started process (PID=124) to work on /opt/airflow/dags/insert_data.py
[2024-07-25T23:28:06.100+0000] {processor.py:830} INFO - Processing file /opt/airflow/dags/insert_data.py for tasks to queue
[2024-07-25T23:28:06.102+0000] {logging_mixin.py:188} INFO - [2024-07-25T23:28:06.102+0000] {dagbag.py:545} INFO - Filling up the DagBag from /opt/airflow/dags/insert_data.py
[2024-07-25T23:28:11.453+0000] {processor.py:840} INFO - DAG(s) 'insert_data' retrieved from /opt/airflow/dags/insert_data.py
[2024-07-25T23:28:11.772+0000] {logging_mixin.py:188} INFO - [2024-07-25T23:28:11.760+0000] {dag.py:3089} INFO - Sync 1 DAGs
[2024-07-25T23:28:11.919+0000] {logging_mixin.py:188} INFO - [2024-07-25T23:28:11.918+0000] {dag.py:3947} INFO - Setting next_dagrun for insert_data to 2024-07-26 00:00:00+00:00, run_after=2024-07-27 00:00:00+00:00
[2024-07-25T23:28:11.964+0000] {processor.py:183} INFO - Processing /opt/airflow/dags/insert_data.py took 5.873 seconds
[2024-07-25T23:28:42.446+0000] {processor.py:161} INFO - Started process (PID=183) to work on /opt/airflow/dags/insert_data.py
[2024-07-25T23:28:42.453+0000] {processor.py:830} INFO - Processing file /opt/airflow/dags/insert_data.py for tasks to queue
[2024-07-25T23:28:42.461+0000] {logging_mixin.py:188} INFO - [2024-07-25T23:28:42.460+0000] {dagbag.py:545} INFO - Filling up the DagBag from /opt/airflow/dags/insert_data.py
[2024-07-25T23:28:44.166+0000] {processor.py:840} INFO - DAG(s) 'insert_data' retrieved from /opt/airflow/dags/insert_data.py
[2024-07-25T23:28:44.214+0000] {logging_mixin.py:188} INFO - [2024-07-25T23:28:44.212+0000] {dag.py:3089} INFO - Sync 1 DAGs
[2024-07-25T23:28:44.247+0000] {logging_mixin.py:188} INFO - [2024-07-25T23:28:44.246+0000] {dag.py:3947} INFO - Setting next_dagrun for insert_data to 2024-07-26 00:00:00+00:00, run_after=2024-07-27 00:00:00+00:00
[2024-07-25T23:28:44.284+0000] {processor.py:183} INFO - Processing /opt/airflow/dags/insert_data.py took 1.859 seconds
[2024-07-25T23:28:59.523+0000] {processor.py:161} INFO - Started process (PID=210) to work on /opt/airflow/dags/insert_data.py
[2024-07-25T23:28:59.524+0000] {processor.py:830} INFO - Processing file /opt/airflow/dags/insert_data.py for tasks to queue
[2024-07-25T23:28:59.526+0000] {logging_mixin.py:188} INFO - [2024-07-25T23:28:59.526+0000] {dagbag.py:545} INFO - Filling up the DagBag from /opt/airflow/dags/insert_data.py
[2024-07-25T23:29:00.289+0000] {processor.py:840} INFO - DAG(s) 'insert_data' retrieved from /opt/airflow/dags/insert_data.py
[2024-07-25T23:29:00.369+0000] {logging_mixin.py:188} INFO - [2024-07-25T23:29:00.368+0000] {dag.py:3089} INFO - Sync 1 DAGs
[2024-07-25T23:29:00.384+0000] {logging_mixin.py:188} INFO - [2024-07-25T23:29:00.384+0000] {dag.py:3947} INFO - Setting next_dagrun for insert_data to 2024-07-25 00:00:00+00:00, run_after=2024-07-26 00:00:00+00:00
[2024-07-25T23:29:00.399+0000] {processor.py:183} INFO - Processing /opt/airflow/dags/insert_data.py took 0.885 seconds
[2024-07-25T23:29:32.155+0000] {processor.py:161} INFO - Started process (PID=275) to work on /opt/airflow/dags/insert_data.py
[2024-07-25T23:29:32.159+0000] {processor.py:830} INFO - Processing file /opt/airflow/dags/insert_data.py for tasks to queue
[2024-07-25T23:29:32.171+0000] {logging_mixin.py:188} INFO - [2024-07-25T23:29:32.169+0000] {dagbag.py:545} INFO - Filling up the DagBag from /opt/airflow/dags/insert_data.py
[2024-07-25T23:29:37.124+0000] {processor.py:840} INFO - DAG(s) 'insert_data' retrieved from /opt/airflow/dags/insert_data.py
[2024-07-25T23:29:37.676+0000] {logging_mixin.py:188} INFO - [2024-07-25T23:29:37.669+0000] {dag.py:3089} INFO - Sync 1 DAGs
[2024-07-25T23:29:38.251+0000] {logging_mixin.py:188} INFO - [2024-07-25T23:29:38.227+0000] {dag.py:3947} INFO - Setting next_dagrun for insert_data to 2024-07-25 00:00:00+00:00, run_after=2024-07-26 00:00:00+00:00
[2024-07-25T23:29:38.458+0000] {processor.py:183} INFO - Processing /opt/airflow/dags/insert_data.py took 6.320 seconds
[2024-07-25T23:30:09.205+0000] {processor.py:161} INFO - Started process (PID=345) to work on /opt/airflow/dags/insert_data.py
[2024-07-25T23:30:09.208+0000] {processor.py:830} INFO - Processing file /opt/airflow/dags/insert_data.py for tasks to queue
[2024-07-25T23:30:09.214+0000] {logging_mixin.py:188} INFO - [2024-07-25T23:30:09.213+0000] {dagbag.py:545} INFO - Filling up the DagBag from /opt/airflow/dags/insert_data.py
[2024-07-25T23:30:09.997+0000] {processor.py:840} INFO - DAG(s) 'insert_data' retrieved from /opt/airflow/dags/insert_data.py
[2024-07-25T23:30:10.015+0000] {logging_mixin.py:188} INFO - [2024-07-25T23:30:10.015+0000] {dag.py:3089} INFO - Sync 1 DAGs
[2024-07-25T23:30:10.034+0000] {logging_mixin.py:188} INFO - [2024-07-25T23:30:10.034+0000] {dag.py:3947} INFO - Setting next_dagrun for insert_data to 2024-07-25 00:00:00+00:00, run_after=2024-07-26 00:00:00+00:00
[2024-07-25T23:30:10.052+0000] {processor.py:183} INFO - Processing /opt/airflow/dags/insert_data.py took 0.866 seconds
[2024-07-25T23:30:40.963+0000] {processor.py:161} INFO - Started process (PID=406) to work on /opt/airflow/dags/insert_data.py
[2024-07-25T23:30:40.966+0000] {processor.py:830} INFO - Processing file /opt/airflow/dags/insert_data.py for tasks to queue
[2024-07-25T23:30:40.970+0000] {logging_mixin.py:188} INFO - [2024-07-25T23:30:40.969+0000] {dagbag.py:545} INFO - Filling up the DagBag from /opt/airflow/dags/insert_data.py
[2024-07-25T23:30:41.703+0000] {processor.py:840} INFO - DAG(s) 'insert_data' retrieved from /opt/airflow/dags/insert_data.py
[2024-07-25T23:30:41.737+0000] {logging_mixin.py:188} INFO - [2024-07-25T23:30:41.736+0000] {dag.py:3089} INFO - Sync 1 DAGs
[2024-07-25T23:30:41.756+0000] {logging_mixin.py:188} INFO - [2024-07-25T23:30:41.756+0000] {dag.py:3947} INFO - Setting next_dagrun for insert_data to 2024-07-25 00:00:00+00:00, run_after=2024-07-26 00:00:00+00:00
[2024-07-25T23:30:41.771+0000] {processor.py:183} INFO - Processing /opt/airflow/dags/insert_data.py took 0.827 seconds
[2024-07-25T23:31:12.876+0000] {processor.py:161} INFO - Started process (PID=466) to work on /opt/airflow/dags/insert_data.py
[2024-07-25T23:31:12.903+0000] {processor.py:830} INFO - Processing file /opt/airflow/dags/insert_data.py for tasks to queue
[2024-07-25T23:31:13.036+0000] {logging_mixin.py:188} INFO - [2024-07-25T23:31:13.007+0000] {dagbag.py:545} INFO - Filling up the DagBag from /opt/airflow/dags/insert_data.py
[2024-07-25T23:31:15.462+0000] {processor.py:840} INFO - DAG(s) 'insert_data' retrieved from /opt/airflow/dags/insert_data.py
[2024-07-25T23:31:15.516+0000] {logging_mixin.py:188} INFO - [2024-07-25T23:31:15.515+0000] {dag.py:3089} INFO - Sync 1 DAGs
[2024-07-25T23:31:15.550+0000] {logging_mixin.py:188} INFO - [2024-07-25T23:31:15.550+0000] {dag.py:3947} INFO - Setting next_dagrun for insert_data to 2024-07-25 00:00:00+00:00, run_after=2024-07-26 00:00:00+00:00
[2024-07-25T23:31:15.576+0000] {processor.py:183} INFO - Processing /opt/airflow/dags/insert_data.py took 2.799 seconds
[2024-07-25T23:31:45.811+0000] {processor.py:161} INFO - Started process (PID=529) to work on /opt/airflow/dags/insert_data.py
[2024-07-25T23:31:45.813+0000] {processor.py:830} INFO - Processing file /opt/airflow/dags/insert_data.py for tasks to queue
[2024-07-25T23:31:45.814+0000] {logging_mixin.py:188} INFO - [2024-07-25T23:31:45.814+0000] {dagbag.py:545} INFO - Filling up the DagBag from /opt/airflow/dags/insert_data.py
[2024-07-25T23:31:46.384+0000] {processor.py:840} INFO - DAG(s) 'insert_data' retrieved from /opt/airflow/dags/insert_data.py
[2024-07-25T23:31:46.407+0000] {logging_mixin.py:188} INFO - [2024-07-25T23:31:46.406+0000] {dag.py:3089} INFO - Sync 1 DAGs
[2024-07-25T23:31:46.428+0000] {logging_mixin.py:188} INFO - [2024-07-25T23:31:46.428+0000] {dag.py:3947} INFO - Setting next_dagrun for insert_data to 2024-07-25 00:00:00+00:00, run_after=2024-07-26 00:00:00+00:00
[2024-07-25T23:31:46.467+0000] {processor.py:183} INFO - Processing /opt/airflow/dags/insert_data.py took 0.661 seconds
[2024-07-25T23:32:16.639+0000] {processor.py:161} INFO - Started process (PID=589) to work on /opt/airflow/dags/insert_data.py
[2024-07-25T23:32:16.640+0000] {processor.py:830} INFO - Processing file /opt/airflow/dags/insert_data.py for tasks to queue
[2024-07-25T23:32:16.642+0000] {logging_mixin.py:188} INFO - [2024-07-25T23:32:16.641+0000] {dagbag.py:545} INFO - Filling up the DagBag from /opt/airflow/dags/insert_data.py
[2024-07-25T23:32:17.190+0000] {processor.py:840} INFO - DAG(s) 'insert_data' retrieved from /opt/airflow/dags/insert_data.py
[2024-07-25T23:32:17.205+0000] {logging_mixin.py:188} INFO - [2024-07-25T23:32:17.205+0000] {dag.py:3089} INFO - Sync 1 DAGs
[2024-07-25T23:32:17.228+0000] {logging_mixin.py:188} INFO - [2024-07-25T23:32:17.228+0000] {dag.py:3947} INFO - Setting next_dagrun for insert_data to 2024-07-25 00:00:00+00:00, run_after=2024-07-26 00:00:00+00:00
[2024-07-25T23:32:17.246+0000] {processor.py:183} INFO - Processing /opt/airflow/dags/insert_data.py took 0.613 seconds
[2024-07-25T23:32:47.366+0000] {processor.py:161} INFO - Started process (PID=649) to work on /opt/airflow/dags/insert_data.py
[2024-07-25T23:32:47.370+0000] {processor.py:830} INFO - Processing file /opt/airflow/dags/insert_data.py for tasks to queue
[2024-07-25T23:32:47.386+0000] {logging_mixin.py:188} INFO - [2024-07-25T23:32:47.385+0000] {dagbag.py:545} INFO - Filling up the DagBag from /opt/airflow/dags/insert_data.py
[2024-07-25T23:32:48.424+0000] {processor.py:840} INFO - DAG(s) 'insert_data' retrieved from /opt/airflow/dags/insert_data.py
[2024-07-25T23:32:48.470+0000] {logging_mixin.py:188} INFO - [2024-07-25T23:32:48.469+0000] {dag.py:3089} INFO - Sync 1 DAGs
[2024-07-25T23:32:48.578+0000] {logging_mixin.py:188} INFO - [2024-07-25T23:32:48.578+0000] {dag.py:3947} INFO - Setting next_dagrun for insert_data to 2024-07-25 00:00:00+00:00, run_after=2024-07-26 00:00:00+00:00
[2024-07-25T23:32:48.708+0000] {processor.py:183} INFO - Processing /opt/airflow/dags/insert_data.py took 1.357 seconds
[2024-07-25T23:33:19.192+0000] {processor.py:161} INFO - Started process (PID=714) to work on /opt/airflow/dags/insert_data.py
[2024-07-25T23:33:19.194+0000] {processor.py:830} INFO - Processing file /opt/airflow/dags/insert_data.py for tasks to queue
[2024-07-25T23:33:19.198+0000] {logging_mixin.py:188} INFO - [2024-07-25T23:33:19.197+0000] {dagbag.py:545} INFO - Filling up the DagBag from /opt/airflow/dags/insert_data.py
[2024-07-25T23:33:19.734+0000] {processor.py:840} INFO - DAG(s) 'insert_data' retrieved from /opt/airflow/dags/insert_data.py
[2024-07-25T23:33:19.747+0000] {logging_mixin.py:188} INFO - [2024-07-25T23:33:19.746+0000] {dag.py:3089} INFO - Sync 1 DAGs
[2024-07-25T23:33:19.760+0000] {logging_mixin.py:188} INFO - [2024-07-25T23:33:19.760+0000] {dag.py:3947} INFO - Setting next_dagrun for insert_data to 2024-07-25 00:00:00+00:00, run_after=2024-07-26 00:00:00+00:00
[2024-07-25T23:33:19.771+0000] {processor.py:183} INFO - Processing /opt/airflow/dags/insert_data.py took 0.585 seconds
[2024-07-25T23:33:50.001+0000] {processor.py:161} INFO - Started process (PID=779) to work on /opt/airflow/dags/insert_data.py
[2024-07-25T23:33:50.002+0000] {processor.py:830} INFO - Processing file /opt/airflow/dags/insert_data.py for tasks to queue
[2024-07-25T23:33:50.003+0000] {logging_mixin.py:188} INFO - [2024-07-25T23:33:50.003+0000] {dagbag.py:545} INFO - Filling up the DagBag from /opt/airflow/dags/insert_data.py
[2024-07-25T23:33:50.518+0000] {processor.py:840} INFO - DAG(s) 'insert_data' retrieved from /opt/airflow/dags/insert_data.py
[2024-07-25T23:33:50.539+0000] {logging_mixin.py:188} INFO - [2024-07-25T23:33:50.539+0000] {dag.py:3089} INFO - Sync 1 DAGs
[2024-07-25T23:33:50.563+0000] {logging_mixin.py:188} INFO - [2024-07-25T23:33:50.562+0000] {dag.py:3947} INFO - Setting next_dagrun for insert_data to 2024-07-25 00:00:00+00:00, run_after=2024-07-26 00:00:00+00:00
[2024-07-25T23:33:50.582+0000] {processor.py:183} INFO - Processing /opt/airflow/dags/insert_data.py took 0.585 seconds
[2024-07-25T23:34:21.324+0000] {processor.py:161} INFO - Started process (PID=839) to work on /opt/airflow/dags/insert_data.py
[2024-07-25T23:34:21.326+0000] {processor.py:830} INFO - Processing file /opt/airflow/dags/insert_data.py for tasks to queue
[2024-07-25T23:34:21.330+0000] {logging_mixin.py:188} INFO - [2024-07-25T23:34:21.329+0000] {dagbag.py:545} INFO - Filling up the DagBag from /opt/airflow/dags/insert_data.py
[2024-07-25T23:34:22.092+0000] {processor.py:840} INFO - DAG(s) 'insert_data' retrieved from /opt/airflow/dags/insert_data.py
[2024-07-25T23:34:22.112+0000] {logging_mixin.py:188} INFO - [2024-07-25T23:34:22.111+0000] {dag.py:3089} INFO - Sync 1 DAGs
[2024-07-25T23:34:22.127+0000] {logging_mixin.py:188} INFO - [2024-07-25T23:34:22.127+0000] {dag.py:3947} INFO - Setting next_dagrun for insert_data to 2024-07-25 00:00:00+00:00, run_after=2024-07-26 00:00:00+00:00
[2024-07-25T23:34:22.139+0000] {processor.py:183} INFO - Processing /opt/airflow/dags/insert_data.py took 0.825 seconds
[2024-07-25T23:34:52.579+0000] {processor.py:161} INFO - Started process (PID=898) to work on /opt/airflow/dags/insert_data.py
[2024-07-25T23:34:52.581+0000] {processor.py:830} INFO - Processing file /opt/airflow/dags/insert_data.py for tasks to queue
[2024-07-25T23:34:52.584+0000] {logging_mixin.py:188} INFO - [2024-07-25T23:34:52.583+0000] {dagbag.py:545} INFO - Filling up the DagBag from /opt/airflow/dags/insert_data.py
[2024-07-25T23:34:53.183+0000] {processor.py:840} INFO - DAG(s) 'insert_data' retrieved from /opt/airflow/dags/insert_data.py
[2024-07-25T23:34:53.200+0000] {logging_mixin.py:188} INFO - [2024-07-25T23:34:53.199+0000] {dag.py:3089} INFO - Sync 1 DAGs
[2024-07-25T23:34:53.220+0000] {logging_mixin.py:188} INFO - [2024-07-25T23:34:53.220+0000] {dag.py:3947} INFO - Setting next_dagrun for insert_data to 2024-07-25 00:00:00+00:00, run_after=2024-07-26 00:00:00+00:00
[2024-07-25T23:34:53.238+0000] {processor.py:183} INFO - Processing /opt/airflow/dags/insert_data.py took 0.667 seconds
[2024-07-25T23:35:23.354+0000] {processor.py:161} INFO - Started process (PID=961) to work on /opt/airflow/dags/insert_data.py
[2024-07-25T23:35:23.356+0000] {processor.py:830} INFO - Processing file /opt/airflow/dags/insert_data.py for tasks to queue
[2024-07-25T23:35:23.357+0000] {logging_mixin.py:188} INFO - [2024-07-25T23:35:23.357+0000] {dagbag.py:545} INFO - Filling up the DagBag from /opt/airflow/dags/insert_data.py
[2024-07-25T23:35:23.917+0000] {processor.py:840} INFO - DAG(s) 'insert_data' retrieved from /opt/airflow/dags/insert_data.py
[2024-07-25T23:35:23.936+0000] {logging_mixin.py:188} INFO - [2024-07-25T23:35:23.936+0000] {dag.py:3089} INFO - Sync 1 DAGs
[2024-07-25T23:35:23.952+0000] {logging_mixin.py:188} INFO - [2024-07-25T23:35:23.952+0000] {dag.py:3947} INFO - Setting next_dagrun for insert_data to 2024-07-25 00:00:00+00:00, run_after=2024-07-26 00:00:00+00:00
[2024-07-25T23:35:23.964+0000] {processor.py:183} INFO - Processing /opt/airflow/dags/insert_data.py took 0.615 seconds
[2024-07-25T23:35:54.835+0000] {processor.py:161} INFO - Started process (PID=1021) to work on /opt/airflow/dags/insert_data.py
[2024-07-25T23:35:54.837+0000] {processor.py:830} INFO - Processing file /opt/airflow/dags/insert_data.py for tasks to queue
[2024-07-25T23:35:54.839+0000] {logging_mixin.py:188} INFO - [2024-07-25T23:35:54.839+0000] {dagbag.py:545} INFO - Filling up the DagBag from /opt/airflow/dags/insert_data.py
[2024-07-25T23:35:55.445+0000] {processor.py:840} INFO - DAG(s) 'insert_data' retrieved from /opt/airflow/dags/insert_data.py
[2024-07-25T23:35:55.463+0000] {logging_mixin.py:188} INFO - [2024-07-25T23:35:55.462+0000] {dag.py:3089} INFO - Sync 1 DAGs
[2024-07-25T23:35:55.476+0000] {logging_mixin.py:188} INFO - [2024-07-25T23:35:55.476+0000] {dag.py:3947} INFO - Setting next_dagrun for insert_data to 2024-07-25 00:00:00+00:00, run_after=2024-07-26 00:00:00+00:00
[2024-07-25T23:35:55.487+0000] {processor.py:183} INFO - Processing /opt/airflow/dags/insert_data.py took 0.660 seconds
[2024-07-25T23:36:25.684+0000] {processor.py:161} INFO - Started process (PID=1081) to work on /opt/airflow/dags/insert_data.py
[2024-07-25T23:36:25.685+0000] {processor.py:830} INFO - Processing file /opt/airflow/dags/insert_data.py for tasks to queue
[2024-07-25T23:36:25.688+0000] {logging_mixin.py:188} INFO - [2024-07-25T23:36:25.688+0000] {dagbag.py:545} INFO - Filling up the DagBag from /opt/airflow/dags/insert_data.py
[2024-07-25T23:36:30.431+0000] {processor.py:840} INFO - DAG(s) 'insert_data' retrieved from /opt/airflow/dags/insert_data.py
[2024-07-25T23:36:30.454+0000] {logging_mixin.py:188} INFO - [2024-07-25T23:36:30.453+0000] {dag.py:3089} INFO - Sync 1 DAGs
[2024-07-25T23:36:30.474+0000] {logging_mixin.py:188} INFO - [2024-07-25T23:36:30.474+0000] {dag.py:3947} INFO - Setting next_dagrun for insert_data to 2024-07-25 00:00:00+00:00, run_after=2024-07-26 00:00:00+00:00
[2024-07-25T23:36:30.492+0000] {processor.py:183} INFO - Processing /opt/airflow/dags/insert_data.py took 4.817 seconds
[2024-07-25T23:37:01.207+0000] {processor.py:161} INFO - Started process (PID=1143) to work on /opt/airflow/dags/insert_data.py
[2024-07-25T23:37:01.208+0000] {processor.py:830} INFO - Processing file /opt/airflow/dags/insert_data.py for tasks to queue
[2024-07-25T23:37:01.210+0000] {logging_mixin.py:188} INFO - [2024-07-25T23:37:01.210+0000] {dagbag.py:545} INFO - Filling up the DagBag from /opt/airflow/dags/insert_data.py
[2024-07-25T23:37:01.953+0000] {processor.py:840} INFO - DAG(s) 'insert_data' retrieved from /opt/airflow/dags/insert_data.py
[2024-07-25T23:37:01.976+0000] {logging_mixin.py:188} INFO - [2024-07-25T23:37:01.976+0000] {dag.py:3089} INFO - Sync 1 DAGs
[2024-07-25T23:37:02.004+0000] {logging_mixin.py:188} INFO - [2024-07-25T23:37:02.004+0000] {dag.py:3947} INFO - Setting next_dagrun for insert_data to 2024-07-25 00:00:00+00:00, run_after=2024-07-26 00:00:00+00:00
[2024-07-25T23:37:02.017+0000] {processor.py:183} INFO - Processing /opt/airflow/dags/insert_data.py took 0.816 seconds
[2024-07-25T23:37:32.134+0000] {processor.py:161} INFO - Started process (PID=1203) to work on /opt/airflow/dags/insert_data.py
[2024-07-25T23:37:32.136+0000] {processor.py:830} INFO - Processing file /opt/airflow/dags/insert_data.py for tasks to queue
[2024-07-25T23:37:32.142+0000] {logging_mixin.py:188} INFO - [2024-07-25T23:37:32.141+0000] {dagbag.py:545} INFO - Filling up the DagBag from /opt/airflow/dags/insert_data.py
[2024-07-25T23:37:32.908+0000] {processor.py:840} INFO - DAG(s) 'insert_data' retrieved from /opt/airflow/dags/insert_data.py
[2024-07-25T23:37:32.942+0000] {logging_mixin.py:188} INFO - [2024-07-25T23:37:32.942+0000] {dag.py:3089} INFO - Sync 1 DAGs
[2024-07-25T23:37:32.965+0000] {logging_mixin.py:188} INFO - [2024-07-25T23:37:32.965+0000] {dag.py:3947} INFO - Setting next_dagrun for insert_data to 2024-07-25 00:00:00+00:00, run_after=2024-07-26 00:00:00+00:00
[2024-07-25T23:37:32.987+0000] {processor.py:183} INFO - Processing /opt/airflow/dags/insert_data.py took 0.867 seconds
[2024-07-25T23:38:03.322+0000] {processor.py:161} INFO - Started process (PID=1263) to work on /opt/airflow/dags/insert_data.py
[2024-07-25T23:38:03.324+0000] {processor.py:830} INFO - Processing file /opt/airflow/dags/insert_data.py for tasks to queue
[2024-07-25T23:38:03.328+0000] {logging_mixin.py:188} INFO - [2024-07-25T23:38:03.327+0000] {dagbag.py:545} INFO - Filling up the DagBag from /opt/airflow/dags/insert_data.py
[2024-07-25T23:38:03.916+0000] {processor.py:840} INFO - DAG(s) 'insert_data' retrieved from /opt/airflow/dags/insert_data.py
[2024-07-25T23:38:03.933+0000] {logging_mixin.py:188} INFO - [2024-07-25T23:38:03.933+0000] {dag.py:3089} INFO - Sync 1 DAGs
[2024-07-25T23:38:03.948+0000] {logging_mixin.py:188} INFO - [2024-07-25T23:38:03.948+0000] {dag.py:3947} INFO - Setting next_dagrun for insert_data to 2024-07-25 00:00:00+00:00, run_after=2024-07-26 00:00:00+00:00
[2024-07-25T23:38:03.966+0000] {processor.py:183} INFO - Processing /opt/airflow/dags/insert_data.py took 0.653 seconds
[2024-07-25T23:38:34.411+0000] {processor.py:161} INFO - Started process (PID=1329) to work on /opt/airflow/dags/insert_data.py
[2024-07-25T23:38:34.412+0000] {processor.py:830} INFO - Processing file /opt/airflow/dags/insert_data.py for tasks to queue
[2024-07-25T23:38:34.413+0000] {logging_mixin.py:188} INFO - [2024-07-25T23:38:34.413+0000] {dagbag.py:545} INFO - Filling up the DagBag from /opt/airflow/dags/insert_data.py
[2024-07-25T23:38:35.032+0000] {processor.py:840} INFO - DAG(s) 'insert_data' retrieved from /opt/airflow/dags/insert_data.py
[2024-07-25T23:38:35.054+0000] {logging_mixin.py:188} INFO - [2024-07-25T23:38:35.053+0000] {dag.py:3089} INFO - Sync 1 DAGs
[2024-07-25T23:38:35.069+0000] {logging_mixin.py:188} INFO - [2024-07-25T23:38:35.069+0000] {dag.py:3947} INFO - Setting next_dagrun for insert_data to 2024-07-25 00:00:00+00:00, run_after=2024-07-26 00:00:00+00:00
[2024-07-25T23:38:35.084+0000] {processor.py:183} INFO - Processing /opt/airflow/dags/insert_data.py took 0.677 seconds
[2024-07-25T23:39:05.297+0000] {processor.py:161} INFO - Started process (PID=1395) to work on /opt/airflow/dags/insert_data.py
[2024-07-25T23:39:05.298+0000] {processor.py:830} INFO - Processing file /opt/airflow/dags/insert_data.py for tasks to queue
[2024-07-25T23:39:05.299+0000] {logging_mixin.py:188} INFO - [2024-07-25T23:39:05.299+0000] {dagbag.py:545} INFO - Filling up the DagBag from /opt/airflow/dags/insert_data.py
[2024-07-25T23:39:05.767+0000] {processor.py:840} INFO - DAG(s) 'insert_data' retrieved from /opt/airflow/dags/insert_data.py
[2024-07-25T23:39:05.780+0000] {logging_mixin.py:188} INFO - [2024-07-25T23:39:05.780+0000] {dag.py:3089} INFO - Sync 1 DAGs
[2024-07-25T23:39:05.793+0000] {logging_mixin.py:188} INFO - [2024-07-25T23:39:05.792+0000] {dag.py:3947} INFO - Setting next_dagrun for insert_data to 2024-07-25 00:00:00+00:00, run_after=2024-07-26 00:00:00+00:00
[2024-07-25T23:39:05.805+0000] {processor.py:183} INFO - Processing /opt/airflow/dags/insert_data.py took 0.512 seconds
[2024-07-25T23:39:36.156+0000] {processor.py:161} INFO - Started process (PID=1455) to work on /opt/airflow/dags/insert_data.py
[2024-07-25T23:39:36.157+0000] {processor.py:830} INFO - Processing file /opt/airflow/dags/insert_data.py for tasks to queue
[2024-07-25T23:39:36.159+0000] {logging_mixin.py:188} INFO - [2024-07-25T23:39:36.159+0000] {dagbag.py:545} INFO - Filling up the DagBag from /opt/airflow/dags/insert_data.py
[2024-07-25T23:39:36.841+0000] {processor.py:840} INFO - DAG(s) 'insert_data' retrieved from /opt/airflow/dags/insert_data.py
[2024-07-25T23:39:36.866+0000] {logging_mixin.py:188} INFO - [2024-07-25T23:39:36.865+0000] {dag.py:3089} INFO - Sync 1 DAGs
[2024-07-25T23:39:36.890+0000] {logging_mixin.py:188} INFO - [2024-07-25T23:39:36.889+0000] {dag.py:3947} INFO - Setting next_dagrun for insert_data to 2024-07-25 00:00:00+00:00, run_after=2024-07-26 00:00:00+00:00
[2024-07-25T23:39:36.908+0000] {processor.py:183} INFO - Processing /opt/airflow/dags/insert_data.py took 0.761 seconds
[2024-07-25T23:40:07.033+0000] {processor.py:161} INFO - Started process (PID=1518) to work on /opt/airflow/dags/insert_data.py
[2024-07-25T23:40:07.034+0000] {processor.py:830} INFO - Processing file /opt/airflow/dags/insert_data.py for tasks to queue
[2024-07-25T23:40:07.037+0000] {logging_mixin.py:188} INFO - [2024-07-25T23:40:07.037+0000] {dagbag.py:545} INFO - Filling up the DagBag from /opt/airflow/dags/insert_data.py
[2024-07-25T23:40:07.793+0000] {processor.py:840} INFO - DAG(s) 'insert_data' retrieved from /opt/airflow/dags/insert_data.py
[2024-07-25T23:40:07.844+0000] {logging_mixin.py:188} INFO - [2024-07-25T23:40:07.843+0000] {dag.py:3089} INFO - Sync 1 DAGs
[2024-07-25T23:40:07.871+0000] {logging_mixin.py:188} INFO - [2024-07-25T23:40:07.870+0000] {dag.py:3947} INFO - Setting next_dagrun for insert_data to 2024-07-25 00:00:00+00:00, run_after=2024-07-26 00:00:00+00:00
[2024-07-25T23:40:07.889+0000] {processor.py:183} INFO - Processing /opt/airflow/dags/insert_data.py took 0.860 seconds
[2024-07-25T23:40:38.417+0000] {processor.py:161} INFO - Started process (PID=1579) to work on /opt/airflow/dags/insert_data.py
[2024-07-25T23:40:38.426+0000] {processor.py:830} INFO - Processing file /opt/airflow/dags/insert_data.py for tasks to queue
[2024-07-25T23:40:38.438+0000] {logging_mixin.py:188} INFO - [2024-07-25T23:40:38.437+0000] {dagbag.py:545} INFO - Filling up the DagBag from /opt/airflow/dags/insert_data.py
[2024-07-25T23:40:43.456+0000] {processor.py:840} INFO - DAG(s) 'insert_data' retrieved from /opt/airflow/dags/insert_data.py
[2024-07-25T23:40:43.774+0000] {logging_mixin.py:188} INFO - [2024-07-25T23:40:43.773+0000] {dag.py:3089} INFO - Sync 1 DAGs
[2024-07-25T23:40:43.849+0000] {logging_mixin.py:188} INFO - [2024-07-25T23:40:43.847+0000] {dag.py:3947} INFO - Setting next_dagrun for insert_data to 2024-07-25 00:00:00+00:00, run_after=2024-07-26 00:00:00+00:00
[2024-07-25T23:40:43.879+0000] {processor.py:183} INFO - Processing /opt/airflow/dags/insert_data.py took 5.527 seconds
[2024-07-25T23:41:14.608+0000] {processor.py:161} INFO - Started process (PID=1644) to work on /opt/airflow/dags/insert_data.py
[2024-07-25T23:41:14.609+0000] {processor.py:830} INFO - Processing file /opt/airflow/dags/insert_data.py for tasks to queue
[2024-07-25T23:41:14.611+0000] {logging_mixin.py:188} INFO - [2024-07-25T23:41:14.611+0000] {dagbag.py:545} INFO - Filling up the DagBag from /opt/airflow/dags/insert_data.py
[2024-07-25T23:41:15.170+0000] {processor.py:840} INFO - DAG(s) 'insert_data' retrieved from /opt/airflow/dags/insert_data.py
[2024-07-25T23:41:15.183+0000] {logging_mixin.py:188} INFO - [2024-07-25T23:41:15.183+0000] {dag.py:3089} INFO - Sync 1 DAGs
[2024-07-25T23:41:15.201+0000] {logging_mixin.py:188} INFO - [2024-07-25T23:41:15.201+0000] {dag.py:3947} INFO - Setting next_dagrun for insert_data to 2024-07-25 00:00:00+00:00, run_after=2024-07-26 00:00:00+00:00
[2024-07-25T23:41:15.212+0000] {processor.py:183} INFO - Processing /opt/airflow/dags/insert_data.py took 0.613 seconds
[2024-07-25T23:41:45.500+0000] {processor.py:161} INFO - Started process (PID=1704) to work on /opt/airflow/dags/insert_data.py
[2024-07-25T23:41:45.501+0000] {processor.py:830} INFO - Processing file /opt/airflow/dags/insert_data.py for tasks to queue
[2024-07-25T23:41:45.503+0000] {logging_mixin.py:188} INFO - [2024-07-25T23:41:45.502+0000] {dagbag.py:545} INFO - Filling up the DagBag from /opt/airflow/dags/insert_data.py
[2024-07-25T23:41:46.022+0000] {processor.py:840} INFO - DAG(s) 'insert_data' retrieved from /opt/airflow/dags/insert_data.py
[2024-07-25T23:41:46.037+0000] {logging_mixin.py:188} INFO - [2024-07-25T23:41:46.037+0000] {dag.py:3089} INFO - Sync 1 DAGs
[2024-07-25T23:41:46.051+0000] {logging_mixin.py:188} INFO - [2024-07-25T23:41:46.051+0000] {dag.py:3947} INFO - Setting next_dagrun for insert_data to 2024-07-25 00:00:00+00:00, run_after=2024-07-26 00:00:00+00:00
[2024-07-25T23:41:46.066+0000] {processor.py:183} INFO - Processing /opt/airflow/dags/insert_data.py took 0.573 seconds
[2024-07-25T23:42:16.352+0000] {processor.py:161} INFO - Started process (PID=1764) to work on /opt/airflow/dags/insert_data.py
[2024-07-25T23:42:16.354+0000] {processor.py:830} INFO - Processing file /opt/airflow/dags/insert_data.py for tasks to queue
[2024-07-25T23:42:16.356+0000] {logging_mixin.py:188} INFO - [2024-07-25T23:42:16.355+0000] {dagbag.py:545} INFO - Filling up the DagBag from /opt/airflow/dags/insert_data.py
[2024-07-25T23:42:16.908+0000] {processor.py:840} INFO - DAG(s) 'insert_data' retrieved from /opt/airflow/dags/insert_data.py
[2024-07-25T23:42:16.928+0000] {logging_mixin.py:188} INFO - [2024-07-25T23:42:16.928+0000] {dag.py:3089} INFO - Sync 1 DAGs
[2024-07-25T23:42:16.950+0000] {logging_mixin.py:188} INFO - [2024-07-25T23:42:16.950+0000] {dag.py:3947} INFO - Setting next_dagrun for insert_data to 2024-07-25 00:00:00+00:00, run_after=2024-07-26 00:00:00+00:00
[2024-07-25T23:42:16.964+0000] {processor.py:183} INFO - Processing /opt/airflow/dags/insert_data.py took 0.619 seconds
[2024-07-25T23:42:47.311+0000] {processor.py:161} INFO - Started process (PID=1824) to work on /opt/airflow/dags/insert_data.py
[2024-07-25T23:42:47.312+0000] {processor.py:830} INFO - Processing file /opt/airflow/dags/insert_data.py for tasks to queue
[2024-07-25T23:42:47.314+0000] {logging_mixin.py:188} INFO - [2024-07-25T23:42:47.314+0000] {dagbag.py:545} INFO - Filling up the DagBag from /opt/airflow/dags/insert_data.py
[2024-07-25T23:42:47.845+0000] {processor.py:840} INFO - DAG(s) 'insert_data' retrieved from /opt/airflow/dags/insert_data.py
[2024-07-25T23:42:47.858+0000] {logging_mixin.py:188} INFO - [2024-07-25T23:42:47.857+0000] {dag.py:3089} INFO - Sync 1 DAGs
[2024-07-25T23:42:47.869+0000] {logging_mixin.py:188} INFO - [2024-07-25T23:42:47.869+0000] {dag.py:3947} INFO - Setting next_dagrun for insert_data to 2024-07-25 00:00:00+00:00, run_after=2024-07-26 00:00:00+00:00
[2024-07-25T23:42:47.879+0000] {processor.py:183} INFO - Processing /opt/airflow/dags/insert_data.py took 0.572 seconds
[2024-07-25T23:43:18.120+0000] {processor.py:161} INFO - Started process (PID=1891) to work on /opt/airflow/dags/insert_data.py
[2024-07-25T23:43:18.121+0000] {processor.py:830} INFO - Processing file /opt/airflow/dags/insert_data.py for tasks to queue
[2024-07-25T23:43:18.122+0000] {logging_mixin.py:188} INFO - [2024-07-25T23:43:18.122+0000] {dagbag.py:545} INFO - Filling up the DagBag from /opt/airflow/dags/insert_data.py
[2024-07-25T23:43:18.622+0000] {processor.py:840} INFO - DAG(s) 'insert_data' retrieved from /opt/airflow/dags/insert_data.py
[2024-07-25T23:43:18.639+0000] {logging_mixin.py:188} INFO - [2024-07-25T23:43:18.638+0000] {dag.py:3089} INFO - Sync 1 DAGs
[2024-07-25T23:43:18.655+0000] {logging_mixin.py:188} INFO - [2024-07-25T23:43:18.654+0000] {dag.py:3947} INFO - Setting next_dagrun for insert_data to 2024-07-25 00:00:00+00:00, run_after=2024-07-26 00:00:00+00:00
[2024-07-25T23:43:18.667+0000] {processor.py:183} INFO - Processing /opt/airflow/dags/insert_data.py took 0.551 seconds
[2024-07-25T23:43:49.280+0000] {processor.py:161} INFO - Started process (PID=1951) to work on /opt/airflow/dags/insert_data.py
[2024-07-25T23:43:49.281+0000] {processor.py:830} INFO - Processing file /opt/airflow/dags/insert_data.py for tasks to queue
[2024-07-25T23:43:49.282+0000] {logging_mixin.py:188} INFO - [2024-07-25T23:43:49.282+0000] {dagbag.py:545} INFO - Filling up the DagBag from /opt/airflow/dags/insert_data.py
[2024-07-25T23:43:49.696+0000] {processor.py:840} INFO - DAG(s) 'insert_data' retrieved from /opt/airflow/dags/insert_data.py
[2024-07-25T23:43:49.717+0000] {logging_mixin.py:188} INFO - [2024-07-25T23:43:49.716+0000] {dag.py:3089} INFO - Sync 1 DAGs
[2024-07-25T23:43:49.734+0000] {logging_mixin.py:188} INFO - [2024-07-25T23:43:49.734+0000] {dag.py:3947} INFO - Setting next_dagrun for insert_data to 2024-07-25 00:00:00+00:00, run_after=2024-07-26 00:00:00+00:00
[2024-07-25T23:43:49.748+0000] {processor.py:183} INFO - Processing /opt/airflow/dags/insert_data.py took 0.473 seconds
[2024-07-25T23:44:20.798+0000] {processor.py:161} INFO - Started process (PID=2011) to work on /opt/airflow/dags/insert_data.py
[2024-07-25T23:44:20.801+0000] {processor.py:830} INFO - Processing file /opt/airflow/dags/insert_data.py for tasks to queue
[2024-07-25T23:44:20.805+0000] {logging_mixin.py:188} INFO - [2024-07-25T23:44:20.805+0000] {dagbag.py:545} INFO - Filling up the DagBag from /opt/airflow/dags/insert_data.py
[2024-07-25T23:44:23.102+0000] {processor.py:840} INFO - DAG(s) 'insert_data' retrieved from /opt/airflow/dags/insert_data.py
[2024-07-25T23:44:23.126+0000] {logging_mixin.py:188} INFO - [2024-07-25T23:44:23.126+0000] {dag.py:3089} INFO - Sync 1 DAGs
[2024-07-25T23:44:23.148+0000] {logging_mixin.py:188} INFO - [2024-07-25T23:44:23.148+0000] {dag.py:3947} INFO - Setting next_dagrun for insert_data to 2024-07-25 00:00:00+00:00, run_after=2024-07-26 00:00:00+00:00
[2024-07-25T23:44:23.166+0000] {processor.py:183} INFO - Processing /opt/airflow/dags/insert_data.py took 2.378 seconds
[2024-07-25T23:44:53.603+0000] {processor.py:161} INFO - Started process (PID=2071) to work on /opt/airflow/dags/insert_data.py
[2024-07-25T23:44:53.605+0000] {processor.py:830} INFO - Processing file /opt/airflow/dags/insert_data.py for tasks to queue
[2024-07-25T23:44:53.609+0000] {logging_mixin.py:188} INFO - [2024-07-25T23:44:53.609+0000] {dagbag.py:545} INFO - Filling up the DagBag from /opt/airflow/dags/insert_data.py
[2024-07-25T23:44:53.917+0000] {processor.py:840} INFO - DAG(s) 'insert_data' retrieved from /opt/airflow/dags/insert_data.py
[2024-07-25T23:44:53.931+0000] {logging_mixin.py:188} INFO - [2024-07-25T23:44:53.931+0000] {dag.py:3089} INFO - Sync 1 DAGs
[2024-07-25T23:44:53.946+0000] {logging_mixin.py:188} INFO - [2024-07-25T23:44:53.945+0000] {dag.py:3947} INFO - Setting next_dagrun for insert_data to 2024-07-25 00:00:00+00:00, run_after=2024-07-26 00:00:00+00:00
[2024-07-25T23:44:53.955+0000] {processor.py:183} INFO - Processing /opt/airflow/dags/insert_data.py took 0.360 seconds
[2024-07-25T23:45:24.232+0000] {processor.py:161} INFO - Started process (PID=2131) to work on /opt/airflow/dags/insert_data.py
[2024-07-25T23:45:24.234+0000] {processor.py:830} INFO - Processing file /opt/airflow/dags/insert_data.py for tasks to queue
[2024-07-25T23:45:24.237+0000] {logging_mixin.py:188} INFO - [2024-07-25T23:45:24.236+0000] {dagbag.py:545} INFO - Filling up the DagBag from /opt/airflow/dags/insert_data.py
[2024-07-25T23:45:24.558+0000] {processor.py:840} INFO - DAG(s) 'insert_data' retrieved from /opt/airflow/dags/insert_data.py
[2024-07-25T23:45:24.571+0000] {logging_mixin.py:188} INFO - [2024-07-25T23:45:24.571+0000] {dag.py:3089} INFO - Sync 1 DAGs
[2024-07-25T23:45:24.586+0000] {logging_mixin.py:188} INFO - [2024-07-25T23:45:24.585+0000] {dag.py:3947} INFO - Setting next_dagrun for insert_data to 2024-07-25 00:00:00+00:00, run_after=2024-07-26 00:00:00+00:00
[2024-07-25T23:45:24.595+0000] {processor.py:183} INFO - Processing /opt/airflow/dags/insert_data.py took 0.373 seconds
[2024-07-25T23:45:54.626+0000] {processor.py:161} INFO - Started process (PID=2193) to work on /opt/airflow/dags/insert_data.py
[2024-07-25T23:45:54.627+0000] {processor.py:830} INFO - Processing file /opt/airflow/dags/insert_data.py for tasks to queue
[2024-07-25T23:45:54.628+0000] {logging_mixin.py:188} INFO - [2024-07-25T23:45:54.628+0000] {dagbag.py:545} INFO - Filling up the DagBag from /opt/airflow/dags/insert_data.py
[2024-07-25T23:45:54.931+0000] {processor.py:840} INFO - DAG(s) 'insert_data' retrieved from /opt/airflow/dags/insert_data.py
[2024-07-25T23:45:54.950+0000] {logging_mixin.py:188} INFO - [2024-07-25T23:45:54.950+0000] {dag.py:3089} INFO - Sync 1 DAGs
[2024-07-25T23:45:54.970+0000] {logging_mixin.py:188} INFO - [2024-07-25T23:45:54.970+0000] {dag.py:3947} INFO - Setting next_dagrun for insert_data to 2024-07-25 00:00:00+00:00, run_after=2024-07-26 00:00:00+00:00
[2024-07-25T23:45:54.985+0000] {processor.py:183} INFO - Processing /opt/airflow/dags/insert_data.py took 0.364 seconds
[2024-07-25T23:46:25.369+0000] {processor.py:161} INFO - Started process (PID=2251) to work on /opt/airflow/dags/insert_data.py
[2024-07-25T23:46:25.372+0000] {processor.py:830} INFO - Processing file /opt/airflow/dags/insert_data.py for tasks to queue
[2024-07-25T23:46:25.376+0000] {logging_mixin.py:188} INFO - [2024-07-25T23:46:25.376+0000] {dagbag.py:545} INFO - Filling up the DagBag from /opt/airflow/dags/insert_data.py
[2024-07-25T23:46:25.741+0000] {processor.py:840} INFO - DAG(s) 'insert_data' retrieved from /opt/airflow/dags/insert_data.py
[2024-07-25T23:46:25.756+0000] {logging_mixin.py:188} INFO - [2024-07-25T23:46:25.755+0000] {dag.py:3089} INFO - Sync 1 DAGs
[2024-07-25T23:46:25.770+0000] {logging_mixin.py:188} INFO - [2024-07-25T23:46:25.769+0000] {dag.py:3947} INFO - Setting next_dagrun for insert_data to 2024-07-25 00:00:00+00:00, run_after=2024-07-26 00:00:00+00:00
[2024-07-25T23:46:25.780+0000] {processor.py:183} INFO - Processing /opt/airflow/dags/insert_data.py took 0.432 seconds
[2024-07-25T23:46:56.074+0000] {processor.py:161} INFO - Started process (PID=2311) to work on /opt/airflow/dags/insert_data.py
[2024-07-25T23:46:56.077+0000] {processor.py:830} INFO - Processing file /opt/airflow/dags/insert_data.py for tasks to queue
[2024-07-25T23:46:56.082+0000] {logging_mixin.py:188} INFO - [2024-07-25T23:46:56.081+0000] {dagbag.py:545} INFO - Filling up the DagBag from /opt/airflow/dags/insert_data.py
[2024-07-25T23:46:56.449+0000] {processor.py:840} INFO - DAG(s) 'insert_data' retrieved from /opt/airflow/dags/insert_data.py
[2024-07-25T23:46:56.472+0000] {logging_mixin.py:188} INFO - [2024-07-25T23:46:56.471+0000] {dag.py:3089} INFO - Sync 1 DAGs
[2024-07-25T23:46:56.488+0000] {logging_mixin.py:188} INFO - [2024-07-25T23:46:56.488+0000] {dag.py:3947} INFO - Setting next_dagrun for insert_data to 2024-07-25 00:00:00+00:00, run_after=2024-07-26 00:00:00+00:00
[2024-07-25T23:46:56.500+0000] {processor.py:183} INFO - Processing /opt/airflow/dags/insert_data.py took 0.440 seconds
[2024-07-25T23:47:26.585+0000] {processor.py:161} INFO - Started process (PID=2373) to work on /opt/airflow/dags/insert_data.py
[2024-07-25T23:47:26.588+0000] {processor.py:830} INFO - Processing file /opt/airflow/dags/insert_data.py for tasks to queue
[2024-07-25T23:47:26.591+0000] {logging_mixin.py:188} INFO - [2024-07-25T23:47:26.590+0000] {dagbag.py:545} INFO - Filling up the DagBag from /opt/airflow/dags/insert_data.py
[2024-07-25T23:47:26.913+0000] {processor.py:840} INFO - DAG(s) 'insert_data' retrieved from /opt/airflow/dags/insert_data.py
[2024-07-25T23:47:26.936+0000] {logging_mixin.py:188} INFO - [2024-07-25T23:47:26.936+0000] {dag.py:3089} INFO - Sync 1 DAGs
[2024-07-25T23:47:26.965+0000] {logging_mixin.py:188} INFO - [2024-07-25T23:47:26.965+0000] {dag.py:3947} INFO - Setting next_dagrun for insert_data to 2024-07-25 00:00:00+00:00, run_after=2024-07-26 00:00:00+00:00
[2024-07-25T23:47:26.978+0000] {processor.py:183} INFO - Processing /opt/airflow/dags/insert_data.py took 0.398 seconds
[2024-07-25T23:47:57.823+0000] {processor.py:161} INFO - Started process (PID=2432) to work on /opt/airflow/dags/insert_data.py
[2024-07-25T23:47:57.826+0000] {processor.py:830} INFO - Processing file /opt/airflow/dags/insert_data.py for tasks to queue
[2024-07-25T23:47:57.828+0000] {logging_mixin.py:188} INFO - [2024-07-25T23:47:57.828+0000] {dagbag.py:545} INFO - Filling up the DagBag from /opt/airflow/dags/insert_data.py
[2024-07-25T23:47:58.298+0000] {processor.py:840} INFO - DAG(s) 'insert_data' retrieved from /opt/airflow/dags/insert_data.py
[2024-07-25T23:47:58.323+0000] {logging_mixin.py:188} INFO - [2024-07-25T23:47:58.323+0000] {dag.py:3089} INFO - Sync 1 DAGs
[2024-07-25T23:47:58.346+0000] {logging_mixin.py:188} INFO - [2024-07-25T23:47:58.346+0000] {dag.py:3947} INFO - Setting next_dagrun for insert_data to 2024-07-25 00:00:00+00:00, run_after=2024-07-26 00:00:00+00:00
[2024-07-25T23:47:58.361+0000] {processor.py:183} INFO - Processing /opt/airflow/dags/insert_data.py took 0.545 seconds
[2024-07-25T23:48:29.091+0000] {processor.py:161} INFO - Started process (PID=2492) to work on /opt/airflow/dags/insert_data.py
[2024-07-25T23:48:29.092+0000] {processor.py:830} INFO - Processing file /opt/airflow/dags/insert_data.py for tasks to queue
[2024-07-25T23:48:29.095+0000] {logging_mixin.py:188} INFO - [2024-07-25T23:48:29.094+0000] {dagbag.py:545} INFO - Filling up the DagBag from /opt/airflow/dags/insert_data.py
[2024-07-25T23:48:29.478+0000] {processor.py:840} INFO - DAG(s) 'insert_data' retrieved from /opt/airflow/dags/insert_data.py
[2024-07-25T23:48:29.495+0000] {logging_mixin.py:188} INFO - [2024-07-25T23:48:29.495+0000] {dag.py:3089} INFO - Sync 1 DAGs
[2024-07-25T23:48:29.515+0000] {logging_mixin.py:188} INFO - [2024-07-25T23:48:29.515+0000] {dag.py:3947} INFO - Setting next_dagrun for insert_data to 2024-07-25 00:00:00+00:00, run_after=2024-07-26 00:00:00+00:00
[2024-07-25T23:48:29.526+0000] {processor.py:183} INFO - Processing /opt/airflow/dags/insert_data.py took 0.448 seconds
[2024-07-25T23:49:00.448+0000] {processor.py:161} INFO - Started process (PID=2555) to work on /opt/airflow/dags/insert_data.py
[2024-07-25T23:49:00.451+0000] {processor.py:830} INFO - Processing file /opt/airflow/dags/insert_data.py for tasks to queue
[2024-07-25T23:49:00.454+0000] {logging_mixin.py:188} INFO - [2024-07-25T23:49:00.453+0000] {dagbag.py:545} INFO - Filling up the DagBag from /opt/airflow/dags/insert_data.py
[2024-07-25T23:49:00.741+0000] {processor.py:840} INFO - DAG(s) 'insert_data' retrieved from /opt/airflow/dags/insert_data.py
[2024-07-25T23:49:00.757+0000] {logging_mixin.py:188} INFO - [2024-07-25T23:49:00.757+0000] {dag.py:3089} INFO - Sync 1 DAGs
[2024-07-25T23:49:00.774+0000] {logging_mixin.py:188} INFO - [2024-07-25T23:49:00.774+0000] {dag.py:3947} INFO - Setting next_dagrun for insert_data to 2024-07-25 00:00:00+00:00, run_after=2024-07-26 00:00:00+00:00
[2024-07-25T23:49:00.786+0000] {processor.py:183} INFO - Processing /opt/airflow/dags/insert_data.py took 0.345 seconds
[2024-07-25T23:49:31.703+0000] {processor.py:161} INFO - Started process (PID=2616) to work on /opt/airflow/dags/insert_data.py
[2024-07-25T23:49:31.705+0000] {processor.py:830} INFO - Processing file /opt/airflow/dags/insert_data.py for tasks to queue
[2024-07-25T23:49:31.708+0000] {logging_mixin.py:188} INFO - [2024-07-25T23:49:31.708+0000] {dagbag.py:545} INFO - Filling up the DagBag from /opt/airflow/dags/insert_data.py
[2024-07-25T23:49:32.127+0000] {processor.py:840} INFO - DAG(s) 'insert_data' retrieved from /opt/airflow/dags/insert_data.py
[2024-07-25T23:49:32.145+0000] {logging_mixin.py:188} INFO - [2024-07-25T23:49:32.145+0000] {dag.py:3089} INFO - Sync 1 DAGs
[2024-07-25T23:49:32.161+0000] {logging_mixin.py:188} INFO - [2024-07-25T23:49:32.161+0000] {dag.py:3947} INFO - Setting next_dagrun for insert_data to 2024-07-25 00:00:00+00:00, run_after=2024-07-26 00:00:00+00:00
[2024-07-25T23:49:32.174+0000] {processor.py:183} INFO - Processing /opt/airflow/dags/insert_data.py took 0.479 seconds
[2024-07-25T23:50:02.308+0000] {processor.py:161} INFO - Started process (PID=2675) to work on /opt/airflow/dags/insert_data.py
[2024-07-25T23:50:02.310+0000] {processor.py:830} INFO - Processing file /opt/airflow/dags/insert_data.py for tasks to queue
[2024-07-25T23:50:02.319+0000] {logging_mixin.py:188} INFO - [2024-07-25T23:50:02.318+0000] {dagbag.py:545} INFO - Filling up the DagBag from /opt/airflow/dags/insert_data.py
[2024-07-25T23:50:02.679+0000] {processor.py:840} INFO - DAG(s) 'insert_data' retrieved from /opt/airflow/dags/insert_data.py
[2024-07-25T23:50:02.697+0000] {logging_mixin.py:188} INFO - [2024-07-25T23:50:02.697+0000] {dag.py:3089} INFO - Sync 1 DAGs
[2024-07-25T23:50:02.715+0000] {logging_mixin.py:188} INFO - [2024-07-25T23:50:02.715+0000] {dag.py:3947} INFO - Setting next_dagrun for insert_data to 2024-07-25 00:00:00+00:00, run_after=2024-07-26 00:00:00+00:00
[2024-07-25T23:50:02.728+0000] {processor.py:183} INFO - Processing /opt/airflow/dags/insert_data.py took 0.439 seconds
[2024-07-25T23:50:33.586+0000] {processor.py:161} INFO - Started process (PID=2736) to work on /opt/airflow/dags/insert_data.py
[2024-07-25T23:50:33.587+0000] {processor.py:830} INFO - Processing file /opt/airflow/dags/insert_data.py for tasks to queue
[2024-07-25T23:50:33.589+0000] {logging_mixin.py:188} INFO - [2024-07-25T23:50:33.589+0000] {dagbag.py:545} INFO - Filling up the DagBag from /opt/airflow/dags/insert_data.py
[2024-07-25T23:50:33.885+0000] {processor.py:840} INFO - DAG(s) 'insert_data' retrieved from /opt/airflow/dags/insert_data.py
[2024-07-25T23:50:33.913+0000] {logging_mixin.py:188} INFO - [2024-07-25T23:50:33.913+0000] {dag.py:3089} INFO - Sync 1 DAGs
[2024-07-25T23:50:33.936+0000] {logging_mixin.py:188} INFO - [2024-07-25T23:50:33.935+0000] {dag.py:3947} INFO - Setting next_dagrun for insert_data to 2024-07-25 00:00:00+00:00, run_after=2024-07-26 00:00:00+00:00
[2024-07-25T23:50:33.951+0000] {processor.py:183} INFO - Processing /opt/airflow/dags/insert_data.py took 0.370 seconds
[2024-07-25T23:51:04.937+0000] {processor.py:161} INFO - Started process (PID=2796) to work on /opt/airflow/dags/insert_data.py
[2024-07-25T23:51:04.940+0000] {processor.py:830} INFO - Processing file /opt/airflow/dags/insert_data.py for tasks to queue
[2024-07-25T23:51:04.960+0000] {logging_mixin.py:188} INFO - [2024-07-25T23:51:04.954+0000] {dagbag.py:545} INFO - Filling up the DagBag from /opt/airflow/dags/insert_data.py
[2024-07-25T23:51:05.299+0000] {processor.py:840} INFO - DAG(s) 'insert_data' retrieved from /opt/airflow/dags/insert_data.py
[2024-07-25T23:51:05.328+0000] {logging_mixin.py:188} INFO - [2024-07-25T23:51:05.327+0000] {dag.py:3089} INFO - Sync 1 DAGs
[2024-07-25T23:51:05.348+0000] {logging_mixin.py:188} INFO - [2024-07-25T23:51:05.348+0000] {dag.py:3947} INFO - Setting next_dagrun for insert_data to 2024-07-25 00:00:00+00:00, run_after=2024-07-26 00:00:00+00:00
[2024-07-25T23:51:05.365+0000] {processor.py:183} INFO - Processing /opt/airflow/dags/insert_data.py took 0.441 seconds
[2024-07-25T23:51:36.957+0000] {processor.py:161} INFO - Started process (PID=2859) to work on /opt/airflow/dags/insert_data.py
[2024-07-25T23:51:36.967+0000] {processor.py:830} INFO - Processing file /opt/airflow/dags/insert_data.py for tasks to queue
[2024-07-25T23:51:36.981+0000] {logging_mixin.py:188} INFO - [2024-07-25T23:51:36.980+0000] {dagbag.py:545} INFO - Filling up the DagBag from /opt/airflow/dags/insert_data.py
[2024-07-25T23:51:38.473+0000] {processor.py:840} INFO - DAG(s) 'insert_data' retrieved from /opt/airflow/dags/insert_data.py
[2024-07-25T23:51:38.510+0000] {logging_mixin.py:188} INFO - [2024-07-25T23:51:38.510+0000] {dag.py:3089} INFO - Sync 1 DAGs
[2024-07-25T23:51:38.530+0000] {logging_mixin.py:188} INFO - [2024-07-25T23:51:38.530+0000] {dag.py:3947} INFO - Setting next_dagrun for insert_data to 2024-07-25 00:00:00+00:00, run_after=2024-07-26 00:00:00+00:00
[2024-07-25T23:51:38.548+0000] {processor.py:183} INFO - Processing /opt/airflow/dags/insert_data.py took 1.637 seconds
[2024-07-25T23:52:08.841+0000] {processor.py:161} INFO - Started process (PID=2926) to work on /opt/airflow/dags/insert_data.py
[2024-07-25T23:52:08.842+0000] {processor.py:830} INFO - Processing file /opt/airflow/dags/insert_data.py for tasks to queue
[2024-07-25T23:52:08.843+0000] {logging_mixin.py:188} INFO - [2024-07-25T23:52:08.843+0000] {dagbag.py:545} INFO - Filling up the DagBag from /opt/airflow/dags/insert_data.py
[2024-07-25T23:52:09.142+0000] {processor.py:840} INFO - DAG(s) 'insert_data' retrieved from /opt/airflow/dags/insert_data.py
[2024-07-25T23:52:09.166+0000] {logging_mixin.py:188} INFO - [2024-07-25T23:52:09.166+0000] {dag.py:3089} INFO - Sync 1 DAGs
[2024-07-25T23:52:09.184+0000] {logging_mixin.py:188} INFO - [2024-07-25T23:52:09.184+0000] {dag.py:3947} INFO - Setting next_dagrun for insert_data to 2024-07-25 00:00:00+00:00, run_after=2024-07-26 00:00:00+00:00
[2024-07-25T23:52:09.206+0000] {processor.py:183} INFO - Processing /opt/airflow/dags/insert_data.py took 0.371 seconds
[2024-07-25T23:52:42.001+0000] {processor.py:161} INFO - Started process (PID=2989) to work on /opt/airflow/dags/insert_data.py
[2024-07-25T23:52:42.005+0000] {processor.py:830} INFO - Processing file /opt/airflow/dags/insert_data.py for tasks to queue
[2024-07-25T23:52:42.008+0000] {logging_mixin.py:188} INFO - [2024-07-25T23:52:42.007+0000] {dagbag.py:545} INFO - Filling up the DagBag from /opt/airflow/dags/insert_data.py
[2024-07-25T23:52:42.420+0000] {processor.py:840} INFO - DAG(s) 'insert_data' retrieved from /opt/airflow/dags/insert_data.py
[2024-07-25T23:52:42.455+0000] {logging_mixin.py:188} INFO - [2024-07-25T23:52:42.454+0000] {dag.py:3089} INFO - Sync 1 DAGs
[2024-07-25T23:52:42.479+0000] {logging_mixin.py:188} INFO - [2024-07-25T23:52:42.479+0000] {dag.py:3947} INFO - Setting next_dagrun for insert_data to 2024-07-25 00:00:00+00:00, run_after=2024-07-26 00:00:00+00:00
[2024-07-25T23:52:42.497+0000] {processor.py:183} INFO - Processing /opt/airflow/dags/insert_data.py took 0.504 seconds
[2024-07-25T23:53:12.576+0000] {processor.py:161} INFO - Started process (PID=3050) to work on /opt/airflow/dags/insert_data.py
[2024-07-25T23:53:12.577+0000] {processor.py:830} INFO - Processing file /opt/airflow/dags/insert_data.py for tasks to queue
[2024-07-25T23:53:12.581+0000] {logging_mixin.py:188} INFO - [2024-07-25T23:53:12.581+0000] {dagbag.py:545} INFO - Filling up the DagBag from /opt/airflow/dags/insert_data.py
[2024-07-25T23:53:12.993+0000] {processor.py:840} INFO - DAG(s) 'insert_data' retrieved from /opt/airflow/dags/insert_data.py
[2024-07-25T23:53:13.020+0000] {logging_mixin.py:188} INFO - [2024-07-25T23:53:13.020+0000] {dag.py:3089} INFO - Sync 1 DAGs
[2024-07-25T23:53:13.043+0000] {logging_mixin.py:188} INFO - [2024-07-25T23:53:13.043+0000] {dag.py:3947} INFO - Setting next_dagrun for insert_data to 2024-07-25 00:00:00+00:00, run_after=2024-07-26 00:00:00+00:00
[2024-07-25T23:53:13.056+0000] {processor.py:183} INFO - Processing /opt/airflow/dags/insert_data.py took 0.488 seconds
[2024-07-25T23:53:43.179+0000] {processor.py:161} INFO - Started process (PID=3111) to work on /opt/airflow/dags/insert_data.py
[2024-07-25T23:53:43.181+0000] {processor.py:830} INFO - Processing file /opt/airflow/dags/insert_data.py for tasks to queue
[2024-07-25T23:53:43.185+0000] {logging_mixin.py:188} INFO - [2024-07-25T23:53:43.184+0000] {dagbag.py:545} INFO - Filling up the DagBag from /opt/airflow/dags/insert_data.py
[2024-07-25T23:53:43.458+0000] {processor.py:840} INFO - DAG(s) 'insert_data' retrieved from /opt/airflow/dags/insert_data.py
[2024-07-25T23:53:43.478+0000] {logging_mixin.py:188} INFO - [2024-07-25T23:53:43.478+0000] {dag.py:3089} INFO - Sync 1 DAGs
[2024-07-25T23:53:43.497+0000] {logging_mixin.py:188} INFO - [2024-07-25T23:53:43.497+0000] {dag.py:3947} INFO - Setting next_dagrun for insert_data to 2024-07-25 00:00:00+00:00, run_after=2024-07-26 00:00:00+00:00
[2024-07-25T23:53:43.520+0000] {processor.py:183} INFO - Processing /opt/airflow/dags/insert_data.py took 0.346 seconds
[2024-07-25T23:54:13.548+0000] {processor.py:161} INFO - Started process (PID=3174) to work on /opt/airflow/dags/insert_data.py
[2024-07-25T23:54:13.549+0000] {processor.py:830} INFO - Processing file /opt/airflow/dags/insert_data.py for tasks to queue
[2024-07-25T23:54:13.551+0000] {logging_mixin.py:188} INFO - [2024-07-25T23:54:13.551+0000] {dagbag.py:545} INFO - Filling up the DagBag from /opt/airflow/dags/insert_data.py
[2024-07-25T23:54:13.837+0000] {processor.py:840} INFO - DAG(s) 'insert_data' retrieved from /opt/airflow/dags/insert_data.py
[2024-07-25T23:54:13.851+0000] {logging_mixin.py:188} INFO - [2024-07-25T23:54:13.851+0000] {dag.py:3089} INFO - Sync 1 DAGs
[2024-07-25T23:54:13.866+0000] {logging_mixin.py:188} INFO - [2024-07-25T23:54:13.866+0000] {dag.py:3947} INFO - Setting next_dagrun for insert_data to 2024-07-25 00:00:00+00:00, run_after=2024-07-26 00:00:00+00:00
[2024-07-25T23:54:13.877+0000] {processor.py:183} INFO - Processing /opt/airflow/dags/insert_data.py took 0.333 seconds
[2024-07-25T23:54:43.918+0000] {processor.py:161} INFO - Started process (PID=3235) to work on /opt/airflow/dags/insert_data.py
[2024-07-25T23:54:43.919+0000] {processor.py:830} INFO - Processing file /opt/airflow/dags/insert_data.py for tasks to queue
[2024-07-25T23:54:43.920+0000] {logging_mixin.py:188} INFO - [2024-07-25T23:54:43.920+0000] {dagbag.py:545} INFO - Filling up the DagBag from /opt/airflow/dags/insert_data.py
[2024-07-25T23:54:44.173+0000] {processor.py:840} INFO - DAG(s) 'insert_data' retrieved from /opt/airflow/dags/insert_data.py
[2024-07-25T23:54:44.188+0000] {logging_mixin.py:188} INFO - [2024-07-25T23:54:44.188+0000] {dag.py:3089} INFO - Sync 1 DAGs
[2024-07-25T23:54:44.203+0000] {logging_mixin.py:188} INFO - [2024-07-25T23:54:44.203+0000] {dag.py:3947} INFO - Setting next_dagrun for insert_data to 2024-07-25 00:00:00+00:00, run_after=2024-07-26 00:00:00+00:00
[2024-07-25T23:54:44.261+0000] {processor.py:183} INFO - Processing /opt/airflow/dags/insert_data.py took 0.347 seconds
